[2024-03-18 19:57:20,474] {processor.py:153} INFO - Started process (PID=1990155) to work on /home/sheyla/Documents/Repositórios/apache-airflow-extracao-de-dados/venv/lib/python3.9/site-packages/airflow/example_dags/example_xcomargs.py
[2024-03-18 19:57:20,474] {processor.py:641} INFO - Processing file /home/sheyla/Documents/Repositórios/apache-airflow-extracao-de-dados/venv/lib/python3.9/site-packages/airflow/example_dags/example_xcomargs.py for tasks to queue
[2024-03-18 19:57:20,475] {logging_mixin.py:115} INFO - [2024-03-18 19:57:20,475] {dagbag.py:507} INFO - Filling up the DagBag from /home/sheyla/Documents/Repositórios/apache-airflow-extracao-de-dados/venv/lib/python3.9/site-packages/airflow/example_dags/example_xcomargs.py
[2024-03-18 19:57:20,492] {processor.py:651} INFO - DAG(s) dict_keys(['example_xcom_args', 'example_xcom_args_with_operators']) retrieved from /home/sheyla/Documents/Repositórios/apache-airflow-extracao-de-dados/venv/lib/python3.9/site-packages/airflow/example_dags/example_xcomargs.py
[2024-03-18 19:57:20,588] {logging_mixin.py:115} INFO - [2024-03-18 19:57:20,588] {manager.py:508} INFO - Created Permission View: can delete on DAG:example_xcom_args
[2024-03-18 19:57:20,630] {logging_mixin.py:115} INFO - [2024-03-18 19:57:20,629] {manager.py:508} INFO - Created Permission View: can edit on DAG:example_xcom_args
[2024-03-18 19:57:20,679] {logging_mixin.py:115} INFO - [2024-03-18 19:57:20,678] {manager.py:508} INFO - Created Permission View: can read on DAG:example_xcom_args
[2024-03-18 19:57:20,772] {logging_mixin.py:115} INFO - [2024-03-18 19:57:20,771] {manager.py:508} INFO - Created Permission View: can delete on DAG:example_xcom_args_with_operators
[2024-03-18 19:57:20,824] {logging_mixin.py:115} INFO - [2024-03-18 19:57:20,823] {manager.py:508} INFO - Created Permission View: can edit on DAG:example_xcom_args_with_operators
[2024-03-18 19:57:20,870] {logging_mixin.py:115} INFO - [2024-03-18 19:57:20,870] {manager.py:508} INFO - Created Permission View: can read on DAG:example_xcom_args_with_operators
[2024-03-18 19:57:20,871] {logging_mixin.py:115} INFO - [2024-03-18 19:57:20,871] {dag.py:2379} INFO - Sync 2 DAGs
[2024-03-18 19:57:20,891] {logging_mixin.py:115} INFO - [2024-03-18 19:57:20,891] {dag.py:2398} INFO - Creating ORM DAG for example_xcom_args_with_operators
[2024-03-18 19:57:20,892] {logging_mixin.py:115} INFO - [2024-03-18 19:57:20,892] {dag.py:2398} INFO - Creating ORM DAG for example_xcom_args
[2024-03-18 19:57:20,906] {logging_mixin.py:115} INFO - [2024-03-18 19:57:20,906] {dag.py:2927} INFO - Setting next_dagrun for example_xcom_args to None, run_after=None
[2024-03-18 19:57:20,906] {logging_mixin.py:115} INFO - [2024-03-18 19:57:20,906] {dag.py:2927} INFO - Setting next_dagrun for example_xcom_args_with_operators to None, run_after=None
[2024-03-18 19:57:20,952] {processor.py:161} INFO - Processing /home/sheyla/Documents/Repositórios/apache-airflow-extracao-de-dados/venv/lib/python3.9/site-packages/airflow/example_dags/example_xcomargs.py took 0.481 seconds
[2024-03-18 19:57:55,768] {processor.py:153} INFO - Started process (PID=1990513) to work on /home/sheyla/Documents/Repositórios/apache-airflow-extracao-de-dados/venv/lib/python3.9/site-packages/airflow/example_dags/example_xcomargs.py
[2024-03-18 19:57:55,773] {processor.py:641} INFO - Processing file /home/sheyla/Documents/Repositórios/apache-airflow-extracao-de-dados/venv/lib/python3.9/site-packages/airflow/example_dags/example_xcomargs.py for tasks to queue
[2024-03-18 19:57:55,773] {logging_mixin.py:115} INFO - [2024-03-18 19:57:55,773] {dagbag.py:507} INFO - Filling up the DagBag from /home/sheyla/Documents/Repositórios/apache-airflow-extracao-de-dados/venv/lib/python3.9/site-packages/airflow/example_dags/example_xcomargs.py
[2024-03-18 19:57:55,790] {processor.py:651} INFO - DAG(s) dict_keys(['example_xcom_args', 'example_xcom_args_with_operators']) retrieved from /home/sheyla/Documents/Repositórios/apache-airflow-extracao-de-dados/venv/lib/python3.9/site-packages/airflow/example_dags/example_xcomargs.py
[2024-03-18 19:57:55,820] {logging_mixin.py:115} INFO - [2024-03-18 19:57:55,819] {dag.py:2379} INFO - Sync 2 DAGs
[2024-03-18 19:57:55,828] {logging_mixin.py:115} INFO - [2024-03-18 19:57:55,828] {dag.py:2927} INFO - Setting next_dagrun for example_xcom_args to None, run_after=None
[2024-03-18 19:57:55,828] {logging_mixin.py:115} INFO - [2024-03-18 19:57:55,828] {dag.py:2927} INFO - Setting next_dagrun for example_xcom_args_with_operators to None, run_after=None
[2024-03-18 19:57:55,841] {processor.py:161} INFO - Processing /home/sheyla/Documents/Repositórios/apache-airflow-extracao-de-dados/venv/lib/python3.9/site-packages/airflow/example_dags/example_xcomargs.py took 0.075 seconds
[2024-03-18 19:58:30,053] {processor.py:153} INFO - Started process (PID=1990852) to work on /home/sheyla/Documents/Repositórios/apache-airflow-extracao-de-dados/venv/lib/python3.9/site-packages/airflow/example_dags/example_xcomargs.py
[2024-03-18 19:58:30,056] {processor.py:641} INFO - Processing file /home/sheyla/Documents/Repositórios/apache-airflow-extracao-de-dados/venv/lib/python3.9/site-packages/airflow/example_dags/example_xcomargs.py for tasks to queue
[2024-03-18 19:58:30,057] {logging_mixin.py:115} INFO - [2024-03-18 19:58:30,057] {dagbag.py:507} INFO - Filling up the DagBag from /home/sheyla/Documents/Repositórios/apache-airflow-extracao-de-dados/venv/lib/python3.9/site-packages/airflow/example_dags/example_xcomargs.py
[2024-03-18 19:58:30,081] {processor.py:651} INFO - DAG(s) dict_keys(['example_xcom_args', 'example_xcom_args_with_operators']) retrieved from /home/sheyla/Documents/Repositórios/apache-airflow-extracao-de-dados/venv/lib/python3.9/site-packages/airflow/example_dags/example_xcomargs.py
[2024-03-18 19:58:30,096] {logging_mixin.py:115} INFO - [2024-03-18 19:58:30,096] {dag.py:2379} INFO - Sync 2 DAGs
[2024-03-18 19:58:30,107] {logging_mixin.py:115} INFO - [2024-03-18 19:58:30,107] {dag.py:2927} INFO - Setting next_dagrun for example_xcom_args to None, run_after=None
[2024-03-18 19:58:30,107] {logging_mixin.py:115} INFO - [2024-03-18 19:58:30,107] {dag.py:2927} INFO - Setting next_dagrun for example_xcom_args_with_operators to None, run_after=None
[2024-03-18 19:58:30,128] {processor.py:161} INFO - Processing /home/sheyla/Documents/Repositórios/apache-airflow-extracao-de-dados/venv/lib/python3.9/site-packages/airflow/example_dags/example_xcomargs.py took 0.077 seconds
[2024-03-18 19:59:04,913] {processor.py:153} INFO - Started process (PID=1991202) to work on /home/sheyla/Documents/Repositórios/apache-airflow-extracao-de-dados/venv/lib/python3.9/site-packages/airflow/example_dags/example_xcomargs.py
[2024-03-18 19:59:04,918] {processor.py:641} INFO - Processing file /home/sheyla/Documents/Repositórios/apache-airflow-extracao-de-dados/venv/lib/python3.9/site-packages/airflow/example_dags/example_xcomargs.py for tasks to queue
[2024-03-18 19:59:04,919] {logging_mixin.py:115} INFO - [2024-03-18 19:59:04,919] {dagbag.py:507} INFO - Filling up the DagBag from /home/sheyla/Documents/Repositórios/apache-airflow-extracao-de-dados/venv/lib/python3.9/site-packages/airflow/example_dags/example_xcomargs.py
[2024-03-18 19:59:04,936] {processor.py:651} INFO - DAG(s) dict_keys(['example_xcom_args', 'example_xcom_args_with_operators']) retrieved from /home/sheyla/Documents/Repositórios/apache-airflow-extracao-de-dados/venv/lib/python3.9/site-packages/airflow/example_dags/example_xcomargs.py
[2024-03-18 19:59:04,946] {logging_mixin.py:115} INFO - [2024-03-18 19:59:04,945] {dag.py:2379} INFO - Sync 2 DAGs
[2024-03-18 19:59:04,956] {logging_mixin.py:115} INFO - [2024-03-18 19:59:04,955] {dag.py:2927} INFO - Setting next_dagrun for example_xcom_args to None, run_after=None
[2024-03-18 19:59:04,956] {logging_mixin.py:115} INFO - [2024-03-18 19:59:04,956] {dag.py:2927} INFO - Setting next_dagrun for example_xcom_args_with_operators to None, run_after=None
[2024-03-18 19:59:04,969] {processor.py:161} INFO - Processing /home/sheyla/Documents/Repositórios/apache-airflow-extracao-de-dados/venv/lib/python3.9/site-packages/airflow/example_dags/example_xcomargs.py took 0.058 seconds
[2024-03-18 19:59:37,817] {processor.py:153} INFO - Started process (PID=1991533) to work on /home/sheyla/Documents/Repositórios/apache-airflow-extracao-de-dados/venv/lib/python3.9/site-packages/airflow/example_dags/example_xcomargs.py
[2024-03-18 19:59:37,823] {processor.py:641} INFO - Processing file /home/sheyla/Documents/Repositórios/apache-airflow-extracao-de-dados/venv/lib/python3.9/site-packages/airflow/example_dags/example_xcomargs.py for tasks to queue
[2024-03-18 19:59:37,824] {logging_mixin.py:115} INFO - [2024-03-18 19:59:37,824] {dagbag.py:507} INFO - Filling up the DagBag from /home/sheyla/Documents/Repositórios/apache-airflow-extracao-de-dados/venv/lib/python3.9/site-packages/airflow/example_dags/example_xcomargs.py
[2024-03-18 19:59:37,859] {processor.py:651} INFO - DAG(s) dict_keys(['example_xcom_args', 'example_xcom_args_with_operators']) retrieved from /home/sheyla/Documents/Repositórios/apache-airflow-extracao-de-dados/venv/lib/python3.9/site-packages/airflow/example_dags/example_xcomargs.py
[2024-03-18 19:59:37,871] {logging_mixin.py:115} INFO - [2024-03-18 19:59:37,871] {dag.py:2379} INFO - Sync 2 DAGs
[2024-03-18 19:59:37,882] {logging_mixin.py:115} INFO - [2024-03-18 19:59:37,882] {dag.py:2927} INFO - Setting next_dagrun for example_xcom_args to None, run_after=None
[2024-03-18 19:59:37,882] {logging_mixin.py:115} INFO - [2024-03-18 19:59:37,882] {dag.py:2927} INFO - Setting next_dagrun for example_xcom_args_with_operators to None, run_after=None
[2024-03-18 19:59:37,893] {processor.py:161} INFO - Processing /home/sheyla/Documents/Repositórios/apache-airflow-extracao-de-dados/venv/lib/python3.9/site-packages/airflow/example_dags/example_xcomargs.py took 0.084 seconds
[2024-03-18 20:00:12,809] {processor.py:153} INFO - Started process (PID=1991904) to work on /home/sheyla/Documents/Repositórios/apache-airflow-extracao-de-dados/venv/lib/python3.9/site-packages/airflow/example_dags/example_xcomargs.py
[2024-03-18 20:00:12,810] {processor.py:641} INFO - Processing file /home/sheyla/Documents/Repositórios/apache-airflow-extracao-de-dados/venv/lib/python3.9/site-packages/airflow/example_dags/example_xcomargs.py for tasks to queue
[2024-03-18 20:00:12,811] {logging_mixin.py:115} INFO - [2024-03-18 20:00:12,811] {dagbag.py:507} INFO - Filling up the DagBag from /home/sheyla/Documents/Repositórios/apache-airflow-extracao-de-dados/venv/lib/python3.9/site-packages/airflow/example_dags/example_xcomargs.py
[2024-03-18 20:00:12,826] {processor.py:651} INFO - DAG(s) dict_keys(['example_xcom_args', 'example_xcom_args_with_operators']) retrieved from /home/sheyla/Documents/Repositórios/apache-airflow-extracao-de-dados/venv/lib/python3.9/site-packages/airflow/example_dags/example_xcomargs.py
[2024-03-18 20:00:12,838] {logging_mixin.py:115} INFO - [2024-03-18 20:00:12,838] {dag.py:2379} INFO - Sync 2 DAGs
[2024-03-18 20:00:12,849] {logging_mixin.py:115} INFO - [2024-03-18 20:00:12,849] {dag.py:2927} INFO - Setting next_dagrun for example_xcom_args to None, run_after=None
[2024-03-18 20:00:12,849] {logging_mixin.py:115} INFO - [2024-03-18 20:00:12,849] {dag.py:2927} INFO - Setting next_dagrun for example_xcom_args_with_operators to None, run_after=None
[2024-03-18 20:00:12,860] {processor.py:161} INFO - Processing /home/sheyla/Documents/Repositórios/apache-airflow-extracao-de-dados/venv/lib/python3.9/site-packages/airflow/example_dags/example_xcomargs.py took 0.052 seconds
[2024-03-18 20:00:46,314] {processor.py:153} INFO - Started process (PID=1992317) to work on /home/sheyla/Documents/Repositórios/apache-airflow-extracao-de-dados/venv/lib/python3.9/site-packages/airflow/example_dags/example_xcomargs.py
[2024-03-18 20:00:46,320] {processor.py:641} INFO - Processing file /home/sheyla/Documents/Repositórios/apache-airflow-extracao-de-dados/venv/lib/python3.9/site-packages/airflow/example_dags/example_xcomargs.py for tasks to queue
[2024-03-18 20:00:46,321] {logging_mixin.py:115} INFO - [2024-03-18 20:00:46,320] {dagbag.py:507} INFO - Filling up the DagBag from /home/sheyla/Documents/Repositórios/apache-airflow-extracao-de-dados/venv/lib/python3.9/site-packages/airflow/example_dags/example_xcomargs.py
[2024-03-18 20:00:46,354] {processor.py:651} INFO - DAG(s) dict_keys(['example_xcom_args', 'example_xcom_args_with_operators']) retrieved from /home/sheyla/Documents/Repositórios/apache-airflow-extracao-de-dados/venv/lib/python3.9/site-packages/airflow/example_dags/example_xcomargs.py
[2024-03-18 20:00:46,366] {logging_mixin.py:115} INFO - [2024-03-18 20:00:46,366] {dag.py:2379} INFO - Sync 2 DAGs
[2024-03-18 20:00:46,376] {logging_mixin.py:115} INFO - [2024-03-18 20:00:46,376] {dag.py:2927} INFO - Setting next_dagrun for example_xcom_args to None, run_after=None
[2024-03-18 20:00:46,376] {logging_mixin.py:115} INFO - [2024-03-18 20:00:46,376] {dag.py:2927} INFO - Setting next_dagrun for example_xcom_args_with_operators to None, run_after=None
[2024-03-18 20:00:46,388] {processor.py:161} INFO - Processing /home/sheyla/Documents/Repositórios/apache-airflow-extracao-de-dados/venv/lib/python3.9/site-packages/airflow/example_dags/example_xcomargs.py took 0.080 seconds
[2024-03-18 20:01:18,987] {processor.py:153} INFO - Started process (PID=1992636) to work on /home/sheyla/Documents/Repositórios/apache-airflow-extracao-de-dados/venv/lib/python3.9/site-packages/airflow/example_dags/example_xcomargs.py
[2024-03-18 20:01:18,989] {processor.py:641} INFO - Processing file /home/sheyla/Documents/Repositórios/apache-airflow-extracao-de-dados/venv/lib/python3.9/site-packages/airflow/example_dags/example_xcomargs.py for tasks to queue
[2024-03-18 20:01:18,990] {logging_mixin.py:115} INFO - [2024-03-18 20:01:18,990] {dagbag.py:507} INFO - Filling up the DagBag from /home/sheyla/Documents/Repositórios/apache-airflow-extracao-de-dados/venv/lib/python3.9/site-packages/airflow/example_dags/example_xcomargs.py
[2024-03-18 20:01:19,008] {processor.py:651} INFO - DAG(s) dict_keys(['example_xcom_args', 'example_xcom_args_with_operators']) retrieved from /home/sheyla/Documents/Repositórios/apache-airflow-extracao-de-dados/venv/lib/python3.9/site-packages/airflow/example_dags/example_xcomargs.py
[2024-03-18 20:01:19,020] {logging_mixin.py:115} INFO - [2024-03-18 20:01:19,020] {dag.py:2379} INFO - Sync 2 DAGs
[2024-03-18 20:01:19,031] {logging_mixin.py:115} INFO - [2024-03-18 20:01:19,031] {dag.py:2927} INFO - Setting next_dagrun for example_xcom_args to None, run_after=None
[2024-03-18 20:01:19,031] {logging_mixin.py:115} INFO - [2024-03-18 20:01:19,031] {dag.py:2927} INFO - Setting next_dagrun for example_xcom_args_with_operators to None, run_after=None
[2024-03-18 20:01:19,042] {processor.py:161} INFO - Processing /home/sheyla/Documents/Repositórios/apache-airflow-extracao-de-dados/venv/lib/python3.9/site-packages/airflow/example_dags/example_xcomargs.py took 0.058 seconds
[2024-03-18 20:01:50,841] {processor.py:153} INFO - Started process (PID=1992975) to work on /home/sheyla/Documents/Repositórios/apache-airflow-extracao-de-dados/venv/lib/python3.9/site-packages/airflow/example_dags/example_xcomargs.py
[2024-03-18 20:01:50,847] {processor.py:641} INFO - Processing file /home/sheyla/Documents/Repositórios/apache-airflow-extracao-de-dados/venv/lib/python3.9/site-packages/airflow/example_dags/example_xcomargs.py for tasks to queue
[2024-03-18 20:01:50,848] {logging_mixin.py:115} INFO - [2024-03-18 20:01:50,848] {dagbag.py:507} INFO - Filling up the DagBag from /home/sheyla/Documents/Repositórios/apache-airflow-extracao-de-dados/venv/lib/python3.9/site-packages/airflow/example_dags/example_xcomargs.py
[2024-03-18 20:01:50,892] {processor.py:651} INFO - DAG(s) dict_keys(['example_xcom_args', 'example_xcom_args_with_operators']) retrieved from /home/sheyla/Documents/Repositórios/apache-airflow-extracao-de-dados/venv/lib/python3.9/site-packages/airflow/example_dags/example_xcomargs.py
[2024-03-18 20:01:50,922] {logging_mixin.py:115} INFO - [2024-03-18 20:01:50,922] {dag.py:2379} INFO - Sync 2 DAGs
[2024-03-18 20:01:50,930] {logging_mixin.py:115} INFO - [2024-03-18 20:01:50,930] {dag.py:2927} INFO - Setting next_dagrun for example_xcom_args to None, run_after=None
[2024-03-18 20:01:50,930] {logging_mixin.py:115} INFO - [2024-03-18 20:01:50,930] {dag.py:2927} INFO - Setting next_dagrun for example_xcom_args_with_operators to None, run_after=None
[2024-03-18 20:01:50,943] {processor.py:161} INFO - Processing /home/sheyla/Documents/Repositórios/apache-airflow-extracao-de-dados/venv/lib/python3.9/site-packages/airflow/example_dags/example_xcomargs.py took 0.104 seconds
[2024-03-18 20:02:27,264] {processor.py:153} INFO - Started process (PID=1993346) to work on /home/sheyla/Documents/Repositórios/apache-airflow-extracao-de-dados/venv/lib/python3.9/site-packages/airflow/example_dags/example_xcomargs.py
[2024-03-18 20:02:27,270] {processor.py:641} INFO - Processing file /home/sheyla/Documents/Repositórios/apache-airflow-extracao-de-dados/venv/lib/python3.9/site-packages/airflow/example_dags/example_xcomargs.py for tasks to queue
[2024-03-18 20:02:27,270] {logging_mixin.py:115} INFO - [2024-03-18 20:02:27,270] {dagbag.py:507} INFO - Filling up the DagBag from /home/sheyla/Documents/Repositórios/apache-airflow-extracao-de-dados/venv/lib/python3.9/site-packages/airflow/example_dags/example_xcomargs.py
[2024-03-18 20:02:27,303] {processor.py:651} INFO - DAG(s) dict_keys(['example_xcom_args', 'example_xcom_args_with_operators']) retrieved from /home/sheyla/Documents/Repositórios/apache-airflow-extracao-de-dados/venv/lib/python3.9/site-packages/airflow/example_dags/example_xcomargs.py
[2024-03-18 20:02:27,317] {logging_mixin.py:115} INFO - [2024-03-18 20:02:27,317] {dag.py:2379} INFO - Sync 2 DAGs
[2024-03-18 20:02:27,328] {logging_mixin.py:115} INFO - [2024-03-18 20:02:27,328] {dag.py:2927} INFO - Setting next_dagrun for example_xcom_args to None, run_after=None
[2024-03-18 20:02:27,328] {logging_mixin.py:115} INFO - [2024-03-18 20:02:27,328] {dag.py:2927} INFO - Setting next_dagrun for example_xcom_args_with_operators to None, run_after=None
[2024-03-18 20:02:27,340] {processor.py:161} INFO - Processing /home/sheyla/Documents/Repositórios/apache-airflow-extracao-de-dados/venv/lib/python3.9/site-packages/airflow/example_dags/example_xcomargs.py took 0.079 seconds
[2024-03-18 20:03:00,984] {processor.py:153} INFO - Started process (PID=1993678) to work on /home/sheyla/Documents/Repositórios/apache-airflow-extracao-de-dados/venv/lib/python3.9/site-packages/airflow/example_dags/example_xcomargs.py
[2024-03-18 20:03:00,990] {processor.py:641} INFO - Processing file /home/sheyla/Documents/Repositórios/apache-airflow-extracao-de-dados/venv/lib/python3.9/site-packages/airflow/example_dags/example_xcomargs.py for tasks to queue
[2024-03-18 20:03:00,991] {logging_mixin.py:115} INFO - [2024-03-18 20:03:00,991] {dagbag.py:507} INFO - Filling up the DagBag from /home/sheyla/Documents/Repositórios/apache-airflow-extracao-de-dados/venv/lib/python3.9/site-packages/airflow/example_dags/example_xcomargs.py
[2024-03-18 20:03:01,030] {processor.py:651} INFO - DAG(s) dict_keys(['example_xcom_args', 'example_xcom_args_with_operators']) retrieved from /home/sheyla/Documents/Repositórios/apache-airflow-extracao-de-dados/venv/lib/python3.9/site-packages/airflow/example_dags/example_xcomargs.py
[2024-03-18 20:03:01,046] {logging_mixin.py:115} INFO - [2024-03-18 20:03:01,046] {dag.py:2379} INFO - Sync 2 DAGs
[2024-03-18 20:03:01,062] {logging_mixin.py:115} INFO - [2024-03-18 20:03:01,062] {dag.py:2927} INFO - Setting next_dagrun for example_xcom_args to None, run_after=None
[2024-03-18 20:03:01,062] {logging_mixin.py:115} INFO - [2024-03-18 20:03:01,062] {dag.py:2927} INFO - Setting next_dagrun for example_xcom_args_with_operators to None, run_after=None
[2024-03-18 20:03:01,076] {processor.py:161} INFO - Processing /home/sheyla/Documents/Repositórios/apache-airflow-extracao-de-dados/venv/lib/python3.9/site-packages/airflow/example_dags/example_xcomargs.py took 0.100 seconds
[2024-03-18 20:03:35,894] {processor.py:153} INFO - Started process (PID=1994025) to work on /home/sheyla/Documents/Repositórios/apache-airflow-extracao-de-dados/venv/lib/python3.9/site-packages/airflow/example_dags/example_xcomargs.py
[2024-03-18 20:03:35,897] {processor.py:641} INFO - Processing file /home/sheyla/Documents/Repositórios/apache-airflow-extracao-de-dados/venv/lib/python3.9/site-packages/airflow/example_dags/example_xcomargs.py for tasks to queue
[2024-03-18 20:03:35,897] {logging_mixin.py:115} INFO - [2024-03-18 20:03:35,897] {dagbag.py:507} INFO - Filling up the DagBag from /home/sheyla/Documents/Repositórios/apache-airflow-extracao-de-dados/venv/lib/python3.9/site-packages/airflow/example_dags/example_xcomargs.py
[2024-03-18 20:03:35,927] {processor.py:651} INFO - DAG(s) dict_keys(['example_xcom_args', 'example_xcom_args_with_operators']) retrieved from /home/sheyla/Documents/Repositórios/apache-airflow-extracao-de-dados/venv/lib/python3.9/site-packages/airflow/example_dags/example_xcomargs.py
[2024-03-18 20:03:35,944] {logging_mixin.py:115} INFO - [2024-03-18 20:03:35,944] {dag.py:2379} INFO - Sync 2 DAGs
[2024-03-18 20:03:35,956] {logging_mixin.py:115} INFO - [2024-03-18 20:03:35,956] {dag.py:2927} INFO - Setting next_dagrun for example_xcom_args to None, run_after=None
[2024-03-18 20:03:35,956] {logging_mixin.py:115} INFO - [2024-03-18 20:03:35,956] {dag.py:2927} INFO - Setting next_dagrun for example_xcom_args_with_operators to None, run_after=None
[2024-03-18 20:03:35,966] {processor.py:161} INFO - Processing /home/sheyla/Documents/Repositórios/apache-airflow-extracao-de-dados/venv/lib/python3.9/site-packages/airflow/example_dags/example_xcomargs.py took 0.075 seconds
[2024-03-18 20:04:06,771] {processor.py:153} INFO - Started process (PID=1994339) to work on /home/sheyla/Documents/Repositórios/apache-airflow-extracao-de-dados/venv/lib/python3.9/site-packages/airflow/example_dags/example_xcomargs.py
[2024-03-18 20:04:06,777] {processor.py:641} INFO - Processing file /home/sheyla/Documents/Repositórios/apache-airflow-extracao-de-dados/venv/lib/python3.9/site-packages/airflow/example_dags/example_xcomargs.py for tasks to queue
[2024-03-18 20:04:06,778] {logging_mixin.py:115} INFO - [2024-03-18 20:04:06,778] {dagbag.py:507} INFO - Filling up the DagBag from /home/sheyla/Documents/Repositórios/apache-airflow-extracao-de-dados/venv/lib/python3.9/site-packages/airflow/example_dags/example_xcomargs.py
[2024-03-18 20:04:06,819] {processor.py:651} INFO - DAG(s) dict_keys(['example_xcom_args', 'example_xcom_args_with_operators']) retrieved from /home/sheyla/Documents/Repositórios/apache-airflow-extracao-de-dados/venv/lib/python3.9/site-packages/airflow/example_dags/example_xcomargs.py
[2024-03-18 20:04:06,832] {logging_mixin.py:115} INFO - [2024-03-18 20:04:06,831] {dag.py:2379} INFO - Sync 2 DAGs
[2024-03-18 20:04:06,842] {logging_mixin.py:115} INFO - [2024-03-18 20:04:06,842] {dag.py:2927} INFO - Setting next_dagrun for example_xcom_args to None, run_after=None
[2024-03-18 20:04:06,842] {logging_mixin.py:115} INFO - [2024-03-18 20:04:06,842] {dag.py:2927} INFO - Setting next_dagrun for example_xcom_args_with_operators to None, run_after=None
[2024-03-18 20:04:06,854] {processor.py:161} INFO - Processing /home/sheyla/Documents/Repositórios/apache-airflow-extracao-de-dados/venv/lib/python3.9/site-packages/airflow/example_dags/example_xcomargs.py took 0.086 seconds
[2024-03-18 20:04:40,604] {processor.py:153} INFO - Started process (PID=1994672) to work on /home/sheyla/Documents/Repositórios/apache-airflow-extracao-de-dados/venv/lib/python3.9/site-packages/airflow/example_dags/example_xcomargs.py
[2024-03-18 20:04:40,610] {processor.py:641} INFO - Processing file /home/sheyla/Documents/Repositórios/apache-airflow-extracao-de-dados/venv/lib/python3.9/site-packages/airflow/example_dags/example_xcomargs.py for tasks to queue
[2024-03-18 20:04:40,611] {logging_mixin.py:115} INFO - [2024-03-18 20:04:40,611] {dagbag.py:507} INFO - Filling up the DagBag from /home/sheyla/Documents/Repositórios/apache-airflow-extracao-de-dados/venv/lib/python3.9/site-packages/airflow/example_dags/example_xcomargs.py
[2024-03-18 20:04:40,645] {processor.py:651} INFO - DAG(s) dict_keys(['example_xcom_args', 'example_xcom_args_with_operators']) retrieved from /home/sheyla/Documents/Repositórios/apache-airflow-extracao-de-dados/venv/lib/python3.9/site-packages/airflow/example_dags/example_xcomargs.py
[2024-03-18 20:04:40,674] {logging_mixin.py:115} INFO - [2024-03-18 20:04:40,674] {dag.py:2379} INFO - Sync 2 DAGs
[2024-03-18 20:04:40,683] {logging_mixin.py:115} INFO - [2024-03-18 20:04:40,683] {dag.py:2927} INFO - Setting next_dagrun for example_xcom_args to None, run_after=None
[2024-03-18 20:04:40,683] {logging_mixin.py:115} INFO - [2024-03-18 20:04:40,683] {dag.py:2927} INFO - Setting next_dagrun for example_xcom_args_with_operators to None, run_after=None
[2024-03-18 20:04:40,702] {processor.py:161} INFO - Processing /home/sheyla/Documents/Repositórios/apache-airflow-extracao-de-dados/venv/lib/python3.9/site-packages/airflow/example_dags/example_xcomargs.py took 0.105 seconds
[2024-03-18 20:05:15,014] {processor.py:153} INFO - Started process (PID=1995020) to work on /home/sheyla/Documents/Repositórios/apache-airflow-extracao-de-dados/venv/lib/python3.9/site-packages/airflow/example_dags/example_xcomargs.py
[2024-03-18 20:05:15,020] {processor.py:641} INFO - Processing file /home/sheyla/Documents/Repositórios/apache-airflow-extracao-de-dados/venv/lib/python3.9/site-packages/airflow/example_dags/example_xcomargs.py for tasks to queue
[2024-03-18 20:05:15,021] {logging_mixin.py:115} INFO - [2024-03-18 20:05:15,021] {dagbag.py:507} INFO - Filling up the DagBag from /home/sheyla/Documents/Repositórios/apache-airflow-extracao-de-dados/venv/lib/python3.9/site-packages/airflow/example_dags/example_xcomargs.py
[2024-03-18 20:05:15,064] {processor.py:651} INFO - DAG(s) dict_keys(['example_xcom_args', 'example_xcom_args_with_operators']) retrieved from /home/sheyla/Documents/Repositórios/apache-airflow-extracao-de-dados/venv/lib/python3.9/site-packages/airflow/example_dags/example_xcomargs.py
[2024-03-18 20:05:15,093] {logging_mixin.py:115} INFO - [2024-03-18 20:05:15,093] {dag.py:2379} INFO - Sync 2 DAGs
[2024-03-18 20:05:15,102] {logging_mixin.py:115} INFO - [2024-03-18 20:05:15,102] {dag.py:2927} INFO - Setting next_dagrun for example_xcom_args to None, run_after=None
[2024-03-18 20:05:15,102] {logging_mixin.py:115} INFO - [2024-03-18 20:05:15,102] {dag.py:2927} INFO - Setting next_dagrun for example_xcom_args_with_operators to None, run_after=None
[2024-03-18 20:05:15,114] {processor.py:161} INFO - Processing /home/sheyla/Documents/Repositórios/apache-airflow-extracao-de-dados/venv/lib/python3.9/site-packages/airflow/example_dags/example_xcomargs.py took 0.103 seconds
[2024-03-18 20:05:47,906] {processor.py:153} INFO - Started process (PID=1995450) to work on /home/sheyla/Documents/Repositórios/apache-airflow-extracao-de-dados/venv/lib/python3.9/site-packages/airflow/example_dags/example_xcomargs.py
[2024-03-18 20:05:47,908] {processor.py:641} INFO - Processing file /home/sheyla/Documents/Repositórios/apache-airflow-extracao-de-dados/venv/lib/python3.9/site-packages/airflow/example_dags/example_xcomargs.py for tasks to queue
[2024-03-18 20:05:47,909] {logging_mixin.py:115} INFO - [2024-03-18 20:05:47,909] {dagbag.py:507} INFO - Filling up the DagBag from /home/sheyla/Documents/Repositórios/apache-airflow-extracao-de-dados/venv/lib/python3.9/site-packages/airflow/example_dags/example_xcomargs.py
[2024-03-18 20:05:47,976] {processor.py:651} INFO - DAG(s) dict_keys(['example_xcom_args', 'example_xcom_args_with_operators']) retrieved from /home/sheyla/Documents/Repositórios/apache-airflow-extracao-de-dados/venv/lib/python3.9/site-packages/airflow/example_dags/example_xcomargs.py
[2024-03-18 20:05:48,002] {logging_mixin.py:115} INFO - [2024-03-18 20:05:48,002] {dag.py:2379} INFO - Sync 2 DAGs
[2024-03-18 20:05:48,021] {logging_mixin.py:115} INFO - [2024-03-18 20:05:48,021] {dag.py:2927} INFO - Setting next_dagrun for example_xcom_args to None, run_after=None
[2024-03-18 20:05:48,021] {logging_mixin.py:115} INFO - [2024-03-18 20:05:48,021] {dag.py:2927} INFO - Setting next_dagrun for example_xcom_args_with_operators to None, run_after=None
[2024-03-18 20:05:48,034] {processor.py:161} INFO - Processing /home/sheyla/Documents/Repositórios/apache-airflow-extracao-de-dados/venv/lib/python3.9/site-packages/airflow/example_dags/example_xcomargs.py took 0.135 seconds
[2024-03-18 20:06:20,593] {processor.py:153} INFO - Started process (PID=1995778) to work on /home/sheyla/Documents/Repositórios/apache-airflow-extracao-de-dados/venv/lib/python3.9/site-packages/airflow/example_dags/example_xcomargs.py
[2024-03-18 20:06:20,599] {processor.py:641} INFO - Processing file /home/sheyla/Documents/Repositórios/apache-airflow-extracao-de-dados/venv/lib/python3.9/site-packages/airflow/example_dags/example_xcomargs.py for tasks to queue
[2024-03-18 20:06:20,599] {logging_mixin.py:115} INFO - [2024-03-18 20:06:20,599] {dagbag.py:507} INFO - Filling up the DagBag from /home/sheyla/Documents/Repositórios/apache-airflow-extracao-de-dados/venv/lib/python3.9/site-packages/airflow/example_dags/example_xcomargs.py
[2024-03-18 20:06:20,621] {processor.py:651} INFO - DAG(s) dict_keys(['example_xcom_args', 'example_xcom_args_with_operators']) retrieved from /home/sheyla/Documents/Repositórios/apache-airflow-extracao-de-dados/venv/lib/python3.9/site-packages/airflow/example_dags/example_xcomargs.py
[2024-03-18 20:06:20,635] {logging_mixin.py:115} INFO - [2024-03-18 20:06:20,634] {dag.py:2379} INFO - Sync 2 DAGs
[2024-03-18 20:06:20,646] {logging_mixin.py:115} INFO - [2024-03-18 20:06:20,646] {dag.py:2927} INFO - Setting next_dagrun for example_xcom_args to None, run_after=None
[2024-03-18 20:06:20,646] {logging_mixin.py:115} INFO - [2024-03-18 20:06:20,646] {dag.py:2927} INFO - Setting next_dagrun for example_xcom_args_with_operators to None, run_after=None
[2024-03-18 20:06:20,657] {processor.py:161} INFO - Processing /home/sheyla/Documents/Repositórios/apache-airflow-extracao-de-dados/venv/lib/python3.9/site-packages/airflow/example_dags/example_xcomargs.py took 0.066 seconds
[2024-03-18 20:06:58,379] {processor.py:153} INFO - Started process (PID=1996184) to work on /home/sheyla/Documents/Repositórios/apache-airflow-extracao-de-dados/venv/lib/python3.9/site-packages/airflow/example_dags/example_xcomargs.py
[2024-03-18 20:06:58,385] {processor.py:641} INFO - Processing file /home/sheyla/Documents/Repositórios/apache-airflow-extracao-de-dados/venv/lib/python3.9/site-packages/airflow/example_dags/example_xcomargs.py for tasks to queue
[2024-03-18 20:06:58,386] {logging_mixin.py:115} INFO - [2024-03-18 20:06:58,385] {dagbag.py:507} INFO - Filling up the DagBag from /home/sheyla/Documents/Repositórios/apache-airflow-extracao-de-dados/venv/lib/python3.9/site-packages/airflow/example_dags/example_xcomargs.py
[2024-03-18 20:06:58,414] {processor.py:651} INFO - DAG(s) dict_keys(['example_xcom_args', 'example_xcom_args_with_operators']) retrieved from /home/sheyla/Documents/Repositórios/apache-airflow-extracao-de-dados/venv/lib/python3.9/site-packages/airflow/example_dags/example_xcomargs.py
[2024-03-18 20:06:58,444] {logging_mixin.py:115} INFO - [2024-03-18 20:06:58,444] {dag.py:2379} INFO - Sync 2 DAGs
[2024-03-18 20:06:58,453] {logging_mixin.py:115} INFO - [2024-03-18 20:06:58,453] {dag.py:2927} INFO - Setting next_dagrun for example_xcom_args to None, run_after=None
[2024-03-18 20:06:58,453] {logging_mixin.py:115} INFO - [2024-03-18 20:06:58,453] {dag.py:2927} INFO - Setting next_dagrun for example_xcom_args_with_operators to None, run_after=None
[2024-03-18 20:06:58,464] {processor.py:161} INFO - Processing /home/sheyla/Documents/Repositórios/apache-airflow-extracao-de-dados/venv/lib/python3.9/site-packages/airflow/example_dags/example_xcomargs.py took 0.088 seconds
[2024-03-18 20:07:31,408] {processor.py:153} INFO - Started process (PID=1996610) to work on /home/sheyla/Documents/Repositórios/apache-airflow-extracao-de-dados/venv/lib/python3.9/site-packages/airflow/example_dags/example_xcomargs.py
[2024-03-18 20:07:31,408] {processor.py:641} INFO - Processing file /home/sheyla/Documents/Repositórios/apache-airflow-extracao-de-dados/venv/lib/python3.9/site-packages/airflow/example_dags/example_xcomargs.py for tasks to queue
[2024-03-18 20:07:31,409] {logging_mixin.py:115} INFO - [2024-03-18 20:07:31,409] {dagbag.py:507} INFO - Filling up the DagBag from /home/sheyla/Documents/Repositórios/apache-airflow-extracao-de-dados/venv/lib/python3.9/site-packages/airflow/example_dags/example_xcomargs.py
[2024-03-18 20:07:31,432] {processor.py:651} INFO - DAG(s) dict_keys(['example_xcom_args', 'example_xcom_args_with_operators']) retrieved from /home/sheyla/Documents/Repositórios/apache-airflow-extracao-de-dados/venv/lib/python3.9/site-packages/airflow/example_dags/example_xcomargs.py
[2024-03-18 20:07:31,483] {logging_mixin.py:115} INFO - [2024-03-18 20:07:31,483] {dag.py:2379} INFO - Sync 2 DAGs
[2024-03-18 20:07:31,504] {logging_mixin.py:115} INFO - [2024-03-18 20:07:31,504] {dag.py:2927} INFO - Setting next_dagrun for example_xcom_args to None, run_after=None
[2024-03-18 20:07:31,504] {logging_mixin.py:115} INFO - [2024-03-18 20:07:31,504] {dag.py:2927} INFO - Setting next_dagrun for example_xcom_args_with_operators to None, run_after=None
[2024-03-18 20:07:31,523] {processor.py:161} INFO - Processing /home/sheyla/Documents/Repositórios/apache-airflow-extracao-de-dados/venv/lib/python3.9/site-packages/airflow/example_dags/example_xcomargs.py took 0.117 seconds
[2024-03-18 20:08:05,673] {processor.py:153} INFO - Started process (PID=1997539) to work on /home/sheyla/Documents/Repositórios/apache-airflow-extracao-de-dados/venv/lib/python3.9/site-packages/airflow/example_dags/example_xcomargs.py
[2024-03-18 20:08:05,680] {processor.py:641} INFO - Processing file /home/sheyla/Documents/Repositórios/apache-airflow-extracao-de-dados/venv/lib/python3.9/site-packages/airflow/example_dags/example_xcomargs.py for tasks to queue
[2024-03-18 20:08:05,681] {logging_mixin.py:115} INFO - [2024-03-18 20:08:05,681] {dagbag.py:507} INFO - Filling up the DagBag from /home/sheyla/Documents/Repositórios/apache-airflow-extracao-de-dados/venv/lib/python3.9/site-packages/airflow/example_dags/example_xcomargs.py
[2024-03-18 20:08:05,713] {processor.py:651} INFO - DAG(s) dict_keys(['example_xcom_args', 'example_xcom_args_with_operators']) retrieved from /home/sheyla/Documents/Repositórios/apache-airflow-extracao-de-dados/venv/lib/python3.9/site-packages/airflow/example_dags/example_xcomargs.py
[2024-03-18 20:08:05,725] {logging_mixin.py:115} INFO - [2024-03-18 20:08:05,725] {dag.py:2379} INFO - Sync 2 DAGs
[2024-03-18 20:08:05,736] {logging_mixin.py:115} INFO - [2024-03-18 20:08:05,736] {dag.py:2927} INFO - Setting next_dagrun for example_xcom_args to None, run_after=None
[2024-03-18 20:08:05,737] {logging_mixin.py:115} INFO - [2024-03-18 20:08:05,737] {dag.py:2927} INFO - Setting next_dagrun for example_xcom_args_with_operators to None, run_after=None
[2024-03-18 20:08:05,749] {processor.py:161} INFO - Processing /home/sheyla/Documents/Repositórios/apache-airflow-extracao-de-dados/venv/lib/python3.9/site-packages/airflow/example_dags/example_xcomargs.py took 0.083 seconds
[2024-03-18 20:08:43,501] {processor.py:153} INFO - Started process (PID=1998348) to work on /home/sheyla/Documents/Repositórios/apache-airflow-extracao-de-dados/venv/lib/python3.9/site-packages/airflow/example_dags/example_xcomargs.py
[2024-03-18 20:08:43,506] {processor.py:641} INFO - Processing file /home/sheyla/Documents/Repositórios/apache-airflow-extracao-de-dados/venv/lib/python3.9/site-packages/airflow/example_dags/example_xcomargs.py for tasks to queue
[2024-03-18 20:08:43,507] {logging_mixin.py:115} INFO - [2024-03-18 20:08:43,507] {dagbag.py:507} INFO - Filling up the DagBag from /home/sheyla/Documents/Repositórios/apache-airflow-extracao-de-dados/venv/lib/python3.9/site-packages/airflow/example_dags/example_xcomargs.py
[2024-03-18 20:08:43,520] {processor.py:651} INFO - DAG(s) dict_keys(['example_xcom_args', 'example_xcom_args_with_operators']) retrieved from /home/sheyla/Documents/Repositórios/apache-airflow-extracao-de-dados/venv/lib/python3.9/site-packages/airflow/example_dags/example_xcomargs.py
[2024-03-18 20:08:43,531] {logging_mixin.py:115} INFO - [2024-03-18 20:08:43,531] {dag.py:2379} INFO - Sync 2 DAGs
[2024-03-18 20:08:43,540] {logging_mixin.py:115} INFO - [2024-03-18 20:08:43,540] {dag.py:2927} INFO - Setting next_dagrun for example_xcom_args to None, run_after=None
[2024-03-18 20:08:43,541] {logging_mixin.py:115} INFO - [2024-03-18 20:08:43,541] {dag.py:2927} INFO - Setting next_dagrun for example_xcom_args_with_operators to None, run_after=None
[2024-03-18 20:08:43,554] {processor.py:161} INFO - Processing /home/sheyla/Documents/Repositórios/apache-airflow-extracao-de-dados/venv/lib/python3.9/site-packages/airflow/example_dags/example_xcomargs.py took 0.054 seconds
