[2024-03-18 19:56:52,259] {processor.py:153} INFO - Started process (PID=1989884) to work on /home/sheyla/Documents/Repositórios/apache-airflow-extracao-de-dados/venv/lib/python3.9/site-packages/airflow/example_dags/example_branch_operator_decorator.py
[2024-03-18 19:56:52,260] {processor.py:641} INFO - Processing file /home/sheyla/Documents/Repositórios/apache-airflow-extracao-de-dados/venv/lib/python3.9/site-packages/airflow/example_dags/example_branch_operator_decorator.py for tasks to queue
[2024-03-18 19:56:52,260] {logging_mixin.py:115} INFO - [2024-03-18 19:56:52,260] {dagbag.py:507} INFO - Filling up the DagBag from /home/sheyla/Documents/Repositórios/apache-airflow-extracao-de-dados/venv/lib/python3.9/site-packages/airflow/example_dags/example_branch_operator_decorator.py
[2024-03-18 19:56:52,280] {processor.py:651} INFO - DAG(s) dict_keys(['example_branch_python_operator_decorator']) retrieved from /home/sheyla/Documents/Repositórios/apache-airflow-extracao-de-dados/venv/lib/python3.9/site-packages/airflow/example_dags/example_branch_operator_decorator.py
[2024-03-18 19:56:52,396] {logging_mixin.py:115} INFO - [2024-03-18 19:56:52,395] {manager.py:508} INFO - Created Permission View: can delete on DAG:example_branch_python_operator_decorator
[2024-03-18 19:56:52,451] {logging_mixin.py:115} INFO - [2024-03-18 19:56:52,451] {manager.py:508} INFO - Created Permission View: can edit on DAG:example_branch_python_operator_decorator
[2024-03-18 19:56:52,504] {logging_mixin.py:115} INFO - [2024-03-18 19:56:52,504] {manager.py:508} INFO - Created Permission View: can read on DAG:example_branch_python_operator_decorator
[2024-03-18 19:56:52,505] {logging_mixin.py:115} INFO - [2024-03-18 19:56:52,505] {dag.py:2379} INFO - Sync 1 DAGs
[2024-03-18 19:56:52,526] {logging_mixin.py:115} INFO - [2024-03-18 19:56:52,526] {dag.py:2398} INFO - Creating ORM DAG for example_branch_python_operator_decorator
[2024-03-18 19:56:52,625] {logging_mixin.py:115} INFO - [2024-03-18 19:56:52,625] {dag.py:2927} INFO - Setting next_dagrun for example_branch_python_operator_decorator to 2024-03-17T00:00:00+00:00, run_after=2024-03-18T00:00:00+00:00
[2024-03-18 19:56:52,698] {processor.py:161} INFO - Processing /home/sheyla/Documents/Repositórios/apache-airflow-extracao-de-dados/venv/lib/python3.9/site-packages/airflow/example_dags/example_branch_operator_decorator.py took 0.443 seconds
[2024-03-18 19:57:34,881] {processor.py:153} INFO - Started process (PID=1990301) to work on /home/sheyla/Documents/Repositórios/apache-airflow-extracao-de-dados/venv/lib/python3.9/site-packages/airflow/example_dags/example_branch_operator_decorator.py
[2024-03-18 19:57:34,886] {processor.py:641} INFO - Processing file /home/sheyla/Documents/Repositórios/apache-airflow-extracao-de-dados/venv/lib/python3.9/site-packages/airflow/example_dags/example_branch_operator_decorator.py for tasks to queue
[2024-03-18 19:57:34,887] {logging_mixin.py:115} INFO - [2024-03-18 19:57:34,887] {dagbag.py:507} INFO - Filling up the DagBag from /home/sheyla/Documents/Repositórios/apache-airflow-extracao-de-dados/venv/lib/python3.9/site-packages/airflow/example_dags/example_branch_operator_decorator.py
[2024-03-18 19:57:34,904] {processor.py:651} INFO - DAG(s) dict_keys(['example_branch_python_operator_decorator']) retrieved from /home/sheyla/Documents/Repositórios/apache-airflow-extracao-de-dados/venv/lib/python3.9/site-packages/airflow/example_dags/example_branch_operator_decorator.py
[2024-03-18 19:57:34,916] {logging_mixin.py:115} INFO - [2024-03-18 19:57:34,916] {dag.py:2379} INFO - Sync 1 DAGs
[2024-03-18 19:57:34,929] {logging_mixin.py:115} INFO - [2024-03-18 19:57:34,929] {dag.py:2927} INFO - Setting next_dagrun for example_branch_python_operator_decorator to 2024-03-17T00:00:00+00:00, run_after=2024-03-18T00:00:00+00:00
[2024-03-18 19:57:34,943] {processor.py:161} INFO - Processing /home/sheyla/Documents/Repositórios/apache-airflow-extracao-de-dados/venv/lib/python3.9/site-packages/airflow/example_dags/example_branch_operator_decorator.py took 0.064 seconds
[2024-03-18 19:58:08,366] {processor.py:153} INFO - Started process (PID=1990639) to work on /home/sheyla/Documents/Repositórios/apache-airflow-extracao-de-dados/venv/lib/python3.9/site-packages/airflow/example_dags/example_branch_operator_decorator.py
[2024-03-18 19:58:08,367] {processor.py:641} INFO - Processing file /home/sheyla/Documents/Repositórios/apache-airflow-extracao-de-dados/venv/lib/python3.9/site-packages/airflow/example_dags/example_branch_operator_decorator.py for tasks to queue
[2024-03-18 19:58:08,368] {logging_mixin.py:115} INFO - [2024-03-18 19:58:08,368] {dagbag.py:507} INFO - Filling up the DagBag from /home/sheyla/Documents/Repositórios/apache-airflow-extracao-de-dados/venv/lib/python3.9/site-packages/airflow/example_dags/example_branch_operator_decorator.py
[2024-03-18 19:58:08,400] {processor.py:651} INFO - DAG(s) dict_keys(['example_branch_python_operator_decorator']) retrieved from /home/sheyla/Documents/Repositórios/apache-airflow-extracao-de-dados/venv/lib/python3.9/site-packages/airflow/example_dags/example_branch_operator_decorator.py
[2024-03-18 19:58:08,411] {logging_mixin.py:115} INFO - [2024-03-18 19:58:08,411] {dag.py:2379} INFO - Sync 1 DAGs
[2024-03-18 19:58:08,423] {logging_mixin.py:115} INFO - [2024-03-18 19:58:08,423] {dag.py:2927} INFO - Setting next_dagrun for example_branch_python_operator_decorator to 2024-03-17T00:00:00+00:00, run_after=2024-03-18T00:00:00+00:00
[2024-03-18 19:58:08,434] {processor.py:161} INFO - Processing /home/sheyla/Documents/Repositórios/apache-airflow-extracao-de-dados/venv/lib/python3.9/site-packages/airflow/example_dags/example_branch_operator_decorator.py took 0.076 seconds
[2024-03-18 19:58:42,191] {processor.py:153} INFO - Started process (PID=1990979) to work on /home/sheyla/Documents/Repositórios/apache-airflow-extracao-de-dados/venv/lib/python3.9/site-packages/airflow/example_dags/example_branch_operator_decorator.py
[2024-03-18 19:58:42,198] {processor.py:641} INFO - Processing file /home/sheyla/Documents/Repositórios/apache-airflow-extracao-de-dados/venv/lib/python3.9/site-packages/airflow/example_dags/example_branch_operator_decorator.py for tasks to queue
[2024-03-18 19:58:42,199] {logging_mixin.py:115} INFO - [2024-03-18 19:58:42,199] {dagbag.py:507} INFO - Filling up the DagBag from /home/sheyla/Documents/Repositórios/apache-airflow-extracao-de-dados/venv/lib/python3.9/site-packages/airflow/example_dags/example_branch_operator_decorator.py
[2024-03-18 19:58:42,237] {processor.py:651} INFO - DAG(s) dict_keys(['example_branch_python_operator_decorator']) retrieved from /home/sheyla/Documents/Repositórios/apache-airflow-extracao-de-dados/venv/lib/python3.9/site-packages/airflow/example_dags/example_branch_operator_decorator.py
[2024-03-18 19:58:42,248] {logging_mixin.py:115} INFO - [2024-03-18 19:58:42,248] {dag.py:2379} INFO - Sync 1 DAGs
[2024-03-18 19:58:42,260] {logging_mixin.py:115} INFO - [2024-03-18 19:58:42,260] {dag.py:2927} INFO - Setting next_dagrun for example_branch_python_operator_decorator to 2024-03-17T00:00:00+00:00, run_after=2024-03-18T00:00:00+00:00
[2024-03-18 19:58:42,272] {processor.py:161} INFO - Processing /home/sheyla/Documents/Repositórios/apache-airflow-extracao-de-dados/venv/lib/python3.9/site-packages/airflow/example_dags/example_branch_operator_decorator.py took 0.088 seconds
[2024-03-18 19:59:14,092] {processor.py:153} INFO - Started process (PID=1991295) to work on /home/sheyla/Documents/Repositórios/apache-airflow-extracao-de-dados/venv/lib/python3.9/site-packages/airflow/example_dags/example_branch_operator_decorator.py
[2024-03-18 19:59:14,093] {processor.py:641} INFO - Processing file /home/sheyla/Documents/Repositórios/apache-airflow-extracao-de-dados/venv/lib/python3.9/site-packages/airflow/example_dags/example_branch_operator_decorator.py for tasks to queue
[2024-03-18 19:59:14,095] {logging_mixin.py:115} INFO - [2024-03-18 19:59:14,094] {dagbag.py:507} INFO - Filling up the DagBag from /home/sheyla/Documents/Repositórios/apache-airflow-extracao-de-dados/venv/lib/python3.9/site-packages/airflow/example_dags/example_branch_operator_decorator.py
[2024-03-18 19:59:14,127] {processor.py:651} INFO - DAG(s) dict_keys(['example_branch_python_operator_decorator']) retrieved from /home/sheyla/Documents/Repositórios/apache-airflow-extracao-de-dados/venv/lib/python3.9/site-packages/airflow/example_dags/example_branch_operator_decorator.py
[2024-03-18 19:59:14,139] {logging_mixin.py:115} INFO - [2024-03-18 19:59:14,138] {dag.py:2379} INFO - Sync 1 DAGs
[2024-03-18 19:59:14,150] {logging_mixin.py:115} INFO - [2024-03-18 19:59:14,150] {dag.py:2927} INFO - Setting next_dagrun for example_branch_python_operator_decorator to 2024-03-17T00:00:00+00:00, run_after=2024-03-18T00:00:00+00:00
[2024-03-18 19:59:14,169] {processor.py:161} INFO - Processing /home/sheyla/Documents/Repositórios/apache-airflow-extracao-de-dados/venv/lib/python3.9/site-packages/airflow/example_dags/example_branch_operator_decorator.py took 0.083 seconds
[2024-03-18 19:59:47,981] {processor.py:153} INFO - Started process (PID=1991634) to work on /home/sheyla/Documents/Repositórios/apache-airflow-extracao-de-dados/venv/lib/python3.9/site-packages/airflow/example_dags/example_branch_operator_decorator.py
[2024-03-18 19:59:47,988] {processor.py:641} INFO - Processing file /home/sheyla/Documents/Repositórios/apache-airflow-extracao-de-dados/venv/lib/python3.9/site-packages/airflow/example_dags/example_branch_operator_decorator.py for tasks to queue
[2024-03-18 19:59:47,989] {logging_mixin.py:115} INFO - [2024-03-18 19:59:47,989] {dagbag.py:507} INFO - Filling up the DagBag from /home/sheyla/Documents/Repositórios/apache-airflow-extracao-de-dados/venv/lib/python3.9/site-packages/airflow/example_dags/example_branch_operator_decorator.py
[2024-03-18 19:59:48,037] {processor.py:651} INFO - DAG(s) dict_keys(['example_branch_python_operator_decorator']) retrieved from /home/sheyla/Documents/Repositórios/apache-airflow-extracao-de-dados/venv/lib/python3.9/site-packages/airflow/example_dags/example_branch_operator_decorator.py
[2024-03-18 19:59:48,049] {logging_mixin.py:115} INFO - [2024-03-18 19:59:48,048] {dag.py:2379} INFO - Sync 1 DAGs
[2024-03-18 19:59:48,061] {logging_mixin.py:115} INFO - [2024-03-18 19:59:48,061] {dag.py:2927} INFO - Setting next_dagrun for example_branch_python_operator_decorator to 2024-03-17T00:00:00+00:00, run_after=2024-03-18T00:00:00+00:00
[2024-03-18 19:59:48,079] {processor.py:161} INFO - Processing /home/sheyla/Documents/Repositórios/apache-airflow-extracao-de-dados/venv/lib/python3.9/site-packages/airflow/example_dags/example_branch_operator_decorator.py took 0.105 seconds
[2024-03-18 20:00:22,044] {processor.py:153} INFO - Started process (PID=1992068) to work on /home/sheyla/Documents/Repositórios/apache-airflow-extracao-de-dados/venv/lib/python3.9/site-packages/airflow/example_dags/example_branch_operator_decorator.py
[2024-03-18 20:00:22,050] {processor.py:641} INFO - Processing file /home/sheyla/Documents/Repositórios/apache-airflow-extracao-de-dados/venv/lib/python3.9/site-packages/airflow/example_dags/example_branch_operator_decorator.py for tasks to queue
[2024-03-18 20:00:22,051] {logging_mixin.py:115} INFO - [2024-03-18 20:00:22,051] {dagbag.py:507} INFO - Filling up the DagBag from /home/sheyla/Documents/Repositórios/apache-airflow-extracao-de-dados/venv/lib/python3.9/site-packages/airflow/example_dags/example_branch_operator_decorator.py
[2024-03-18 20:00:22,080] {processor.py:651} INFO - DAG(s) dict_keys(['example_branch_python_operator_decorator']) retrieved from /home/sheyla/Documents/Repositórios/apache-airflow-extracao-de-dados/venv/lib/python3.9/site-packages/airflow/example_dags/example_branch_operator_decorator.py
[2024-03-18 20:00:22,091] {logging_mixin.py:115} INFO - [2024-03-18 20:00:22,091] {dag.py:2379} INFO - Sync 1 DAGs
[2024-03-18 20:00:22,103] {logging_mixin.py:115} INFO - [2024-03-18 20:00:22,103] {dag.py:2927} INFO - Setting next_dagrun for example_branch_python_operator_decorator to 2024-03-17T00:00:00+00:00, run_after=2024-03-18T00:00:00+00:00
[2024-03-18 20:00:22,115] {processor.py:161} INFO - Processing /home/sheyla/Documents/Repositórios/apache-airflow-extracao-de-dados/venv/lib/python3.9/site-packages/airflow/example_dags/example_branch_operator_decorator.py took 0.078 seconds
[2024-03-18 20:00:55,926] {processor.py:153} INFO - Started process (PID=1992403) to work on /home/sheyla/Documents/Repositórios/apache-airflow-extracao-de-dados/venv/lib/python3.9/site-packages/airflow/example_dags/example_branch_operator_decorator.py
[2024-03-18 20:00:55,929] {processor.py:641} INFO - Processing file /home/sheyla/Documents/Repositórios/apache-airflow-extracao-de-dados/venv/lib/python3.9/site-packages/airflow/example_dags/example_branch_operator_decorator.py for tasks to queue
[2024-03-18 20:00:55,930] {logging_mixin.py:115} INFO - [2024-03-18 20:00:55,930] {dagbag.py:507} INFO - Filling up the DagBag from /home/sheyla/Documents/Repositórios/apache-airflow-extracao-de-dados/venv/lib/python3.9/site-packages/airflow/example_dags/example_branch_operator_decorator.py
[2024-03-18 20:00:55,946] {processor.py:651} INFO - DAG(s) dict_keys(['example_branch_python_operator_decorator']) retrieved from /home/sheyla/Documents/Repositórios/apache-airflow-extracao-de-dados/venv/lib/python3.9/site-packages/airflow/example_dags/example_branch_operator_decorator.py
[2024-03-18 20:00:55,957] {logging_mixin.py:115} INFO - [2024-03-18 20:00:55,957] {dag.py:2379} INFO - Sync 1 DAGs
[2024-03-18 20:00:55,969] {logging_mixin.py:115} INFO - [2024-03-18 20:00:55,969] {dag.py:2927} INFO - Setting next_dagrun for example_branch_python_operator_decorator to 2024-03-17T00:00:00+00:00, run_after=2024-03-18T00:00:00+00:00
[2024-03-18 20:00:55,987] {processor.py:161} INFO - Processing /home/sheyla/Documents/Repositórios/apache-airflow-extracao-de-dados/venv/lib/python3.9/site-packages/airflow/example_dags/example_branch_operator_decorator.py took 0.064 seconds
[2024-03-18 20:01:27,978] {processor.py:153} INFO - Started process (PID=1992722) to work on /home/sheyla/Documents/Repositórios/apache-airflow-extracao-de-dados/venv/lib/python3.9/site-packages/airflow/example_dags/example_branch_operator_decorator.py
[2024-03-18 20:01:27,983] {processor.py:641} INFO - Processing file /home/sheyla/Documents/Repositórios/apache-airflow-extracao-de-dados/venv/lib/python3.9/site-packages/airflow/example_dags/example_branch_operator_decorator.py for tasks to queue
[2024-03-18 20:01:27,984] {logging_mixin.py:115} INFO - [2024-03-18 20:01:27,984] {dagbag.py:507} INFO - Filling up the DagBag from /home/sheyla/Documents/Repositórios/apache-airflow-extracao-de-dados/venv/lib/python3.9/site-packages/airflow/example_dags/example_branch_operator_decorator.py
[2024-03-18 20:01:28,001] {processor.py:651} INFO - DAG(s) dict_keys(['example_branch_python_operator_decorator']) retrieved from /home/sheyla/Documents/Repositórios/apache-airflow-extracao-de-dados/venv/lib/python3.9/site-packages/airflow/example_dags/example_branch_operator_decorator.py
[2024-03-18 20:01:28,013] {logging_mixin.py:115} INFO - [2024-03-18 20:01:28,013] {dag.py:2379} INFO - Sync 1 DAGs
[2024-03-18 20:01:28,025] {logging_mixin.py:115} INFO - [2024-03-18 20:01:28,025] {dag.py:2927} INFO - Setting next_dagrun for example_branch_python_operator_decorator to 2024-03-17T00:00:00+00:00, run_after=2024-03-18T00:00:00+00:00
[2024-03-18 20:01:28,037] {processor.py:161} INFO - Processing /home/sheyla/Documents/Repositórios/apache-airflow-extracao-de-dados/venv/lib/python3.9/site-packages/airflow/example_dags/example_branch_operator_decorator.py took 0.061 seconds
[2024-03-18 20:02:00,085] {processor.py:153} INFO - Started process (PID=1993066) to work on /home/sheyla/Documents/Repositórios/apache-airflow-extracao-de-dados/venv/lib/python3.9/site-packages/airflow/example_dags/example_branch_operator_decorator.py
[2024-03-18 20:02:00,087] {processor.py:641} INFO - Processing file /home/sheyla/Documents/Repositórios/apache-airflow-extracao-de-dados/venv/lib/python3.9/site-packages/airflow/example_dags/example_branch_operator_decorator.py for tasks to queue
[2024-03-18 20:02:00,088] {logging_mixin.py:115} INFO - [2024-03-18 20:02:00,088] {dagbag.py:507} INFO - Filling up the DagBag from /home/sheyla/Documents/Repositórios/apache-airflow-extracao-de-dados/venv/lib/python3.9/site-packages/airflow/example_dags/example_branch_operator_decorator.py
[2024-03-18 20:02:00,115] {processor.py:651} INFO - DAG(s) dict_keys(['example_branch_python_operator_decorator']) retrieved from /home/sheyla/Documents/Repositórios/apache-airflow-extracao-de-dados/venv/lib/python3.9/site-packages/airflow/example_dags/example_branch_operator_decorator.py
[2024-03-18 20:02:00,129] {logging_mixin.py:115} INFO - [2024-03-18 20:02:00,129] {dag.py:2379} INFO - Sync 1 DAGs
[2024-03-18 20:02:00,141] {logging_mixin.py:115} INFO - [2024-03-18 20:02:00,141] {dag.py:2927} INFO - Setting next_dagrun for example_branch_python_operator_decorator to 2024-03-17T00:00:00+00:00, run_after=2024-03-18T00:00:00+00:00
[2024-03-18 20:02:00,153] {processor.py:161} INFO - Processing /home/sheyla/Documents/Repositórios/apache-airflow-extracao-de-dados/venv/lib/python3.9/site-packages/airflow/example_dags/example_branch_operator_decorator.py took 0.071 seconds
[2024-03-18 20:02:33,385] {processor.py:153} INFO - Started process (PID=1993407) to work on /home/sheyla/Documents/Repositórios/apache-airflow-extracao-de-dados/venv/lib/python3.9/site-packages/airflow/example_dags/example_branch_operator_decorator.py
[2024-03-18 20:02:33,392] {processor.py:641} INFO - Processing file /home/sheyla/Documents/Repositórios/apache-airflow-extracao-de-dados/venv/lib/python3.9/site-packages/airflow/example_dags/example_branch_operator_decorator.py for tasks to queue
[2024-03-18 20:02:33,394] {logging_mixin.py:115} INFO - [2024-03-18 20:02:33,394] {dagbag.py:507} INFO - Filling up the DagBag from /home/sheyla/Documents/Repositórios/apache-airflow-extracao-de-dados/venv/lib/python3.9/site-packages/airflow/example_dags/example_branch_operator_decorator.py
[2024-03-18 20:02:33,427] {processor.py:651} INFO - DAG(s) dict_keys(['example_branch_python_operator_decorator']) retrieved from /home/sheyla/Documents/Repositórios/apache-airflow-extracao-de-dados/venv/lib/python3.9/site-packages/airflow/example_dags/example_branch_operator_decorator.py
[2024-03-18 20:02:33,441] {logging_mixin.py:115} INFO - [2024-03-18 20:02:33,441] {dag.py:2379} INFO - Sync 1 DAGs
[2024-03-18 20:02:33,455] {logging_mixin.py:115} INFO - [2024-03-18 20:02:33,455] {dag.py:2927} INFO - Setting next_dagrun for example_branch_python_operator_decorator to 2024-03-17T00:00:00+00:00, run_after=2024-03-18T00:00:00+00:00
[2024-03-18 20:02:33,469] {processor.py:161} INFO - Processing /home/sheyla/Documents/Repositórios/apache-airflow-extracao-de-dados/venv/lib/python3.9/site-packages/airflow/example_dags/example_branch_operator_decorator.py took 0.091 seconds
[2024-03-18 20:03:04,982] {processor.py:153} INFO - Started process (PID=1993721) to work on /home/sheyla/Documents/Repositórios/apache-airflow-extracao-de-dados/venv/lib/python3.9/site-packages/airflow/example_dags/example_branch_operator_decorator.py
[2024-03-18 20:03:04,988] {processor.py:641} INFO - Processing file /home/sheyla/Documents/Repositórios/apache-airflow-extracao-de-dados/venv/lib/python3.9/site-packages/airflow/example_dags/example_branch_operator_decorator.py for tasks to queue
[2024-03-18 20:03:04,989] {logging_mixin.py:115} INFO - [2024-03-18 20:03:04,989] {dagbag.py:507} INFO - Filling up the DagBag from /home/sheyla/Documents/Repositórios/apache-airflow-extracao-de-dados/venv/lib/python3.9/site-packages/airflow/example_dags/example_branch_operator_decorator.py
[2024-03-18 20:03:05,030] {processor.py:651} INFO - DAG(s) dict_keys(['example_branch_python_operator_decorator']) retrieved from /home/sheyla/Documents/Repositórios/apache-airflow-extracao-de-dados/venv/lib/python3.9/site-packages/airflow/example_dags/example_branch_operator_decorator.py
[2024-03-18 20:03:05,041] {logging_mixin.py:115} INFO - [2024-03-18 20:03:05,041] {dag.py:2379} INFO - Sync 1 DAGs
[2024-03-18 20:03:05,053] {logging_mixin.py:115} INFO - [2024-03-18 20:03:05,053] {dag.py:2927} INFO - Setting next_dagrun for example_branch_python_operator_decorator to 2024-03-17T00:00:00+00:00, run_after=2024-03-18T00:00:00+00:00
[2024-03-18 20:03:05,065] {processor.py:161} INFO - Processing /home/sheyla/Documents/Repositórios/apache-airflow-extracao-de-dados/venv/lib/python3.9/site-packages/airflow/example_dags/example_branch_operator_decorator.py took 0.090 seconds
[2024-03-18 20:03:39,718] {processor.py:153} INFO - Started process (PID=1994067) to work on /home/sheyla/Documents/Repositórios/apache-airflow-extracao-de-dados/venv/lib/python3.9/site-packages/airflow/example_dags/example_branch_operator_decorator.py
[2024-03-18 20:03:39,723] {processor.py:641} INFO - Processing file /home/sheyla/Documents/Repositórios/apache-airflow-extracao-de-dados/venv/lib/python3.9/site-packages/airflow/example_dags/example_branch_operator_decorator.py for tasks to queue
[2024-03-18 20:03:39,724] {logging_mixin.py:115} INFO - [2024-03-18 20:03:39,724] {dagbag.py:507} INFO - Filling up the DagBag from /home/sheyla/Documents/Repositórios/apache-airflow-extracao-de-dados/venv/lib/python3.9/site-packages/airflow/example_dags/example_branch_operator_decorator.py
[2024-03-18 20:03:39,745] {processor.py:651} INFO - DAG(s) dict_keys(['example_branch_python_operator_decorator']) retrieved from /home/sheyla/Documents/Repositórios/apache-airflow-extracao-de-dados/venv/lib/python3.9/site-packages/airflow/example_dags/example_branch_operator_decorator.py
[2024-03-18 20:03:39,757] {logging_mixin.py:115} INFO - [2024-03-18 20:03:39,757] {dag.py:2379} INFO - Sync 1 DAGs
[2024-03-18 20:03:39,769] {logging_mixin.py:115} INFO - [2024-03-18 20:03:39,769] {dag.py:2927} INFO - Setting next_dagrun for example_branch_python_operator_decorator to 2024-03-17T00:00:00+00:00, run_after=2024-03-18T00:00:00+00:00
[2024-03-18 20:03:39,788] {processor.py:161} INFO - Processing /home/sheyla/Documents/Repositórios/apache-airflow-extracao-de-dados/venv/lib/python3.9/site-packages/airflow/example_dags/example_branch_operator_decorator.py took 0.072 seconds
[2024-03-18 20:04:11,326] {processor.py:153} INFO - Started process (PID=1994384) to work on /home/sheyla/Documents/Repositórios/apache-airflow-extracao-de-dados/venv/lib/python3.9/site-packages/airflow/example_dags/example_branch_operator_decorator.py
[2024-03-18 20:04:11,329] {processor.py:641} INFO - Processing file /home/sheyla/Documents/Repositórios/apache-airflow-extracao-de-dados/venv/lib/python3.9/site-packages/airflow/example_dags/example_branch_operator_decorator.py for tasks to queue
[2024-03-18 20:04:11,330] {logging_mixin.py:115} INFO - [2024-03-18 20:04:11,330] {dagbag.py:507} INFO - Filling up the DagBag from /home/sheyla/Documents/Repositórios/apache-airflow-extracao-de-dados/venv/lib/python3.9/site-packages/airflow/example_dags/example_branch_operator_decorator.py
[2024-03-18 20:04:11,352] {processor.py:651} INFO - DAG(s) dict_keys(['example_branch_python_operator_decorator']) retrieved from /home/sheyla/Documents/Repositórios/apache-airflow-extracao-de-dados/venv/lib/python3.9/site-packages/airflow/example_dags/example_branch_operator_decorator.py
[2024-03-18 20:04:11,364] {logging_mixin.py:115} INFO - [2024-03-18 20:04:11,364] {dag.py:2379} INFO - Sync 1 DAGs
[2024-03-18 20:04:11,378] {logging_mixin.py:115} INFO - [2024-03-18 20:04:11,378] {dag.py:2927} INFO - Setting next_dagrun for example_branch_python_operator_decorator to 2024-03-17T00:00:00+00:00, run_after=2024-03-18T00:00:00+00:00
[2024-03-18 20:04:11,389] {processor.py:161} INFO - Processing /home/sheyla/Documents/Repositórios/apache-airflow-extracao-de-dados/venv/lib/python3.9/site-packages/airflow/example_dags/example_branch_operator_decorator.py took 0.065 seconds
[2024-03-18 20:04:42,955] {processor.py:153} INFO - Started process (PID=1994699) to work on /home/sheyla/Documents/Repositórios/apache-airflow-extracao-de-dados/venv/lib/python3.9/site-packages/airflow/example_dags/example_branch_operator_decorator.py
[2024-03-18 20:04:42,961] {processor.py:641} INFO - Processing file /home/sheyla/Documents/Repositórios/apache-airflow-extracao-de-dados/venv/lib/python3.9/site-packages/airflow/example_dags/example_branch_operator_decorator.py for tasks to queue
[2024-03-18 20:04:42,961] {logging_mixin.py:115} INFO - [2024-03-18 20:04:42,961] {dagbag.py:507} INFO - Filling up the DagBag from /home/sheyla/Documents/Repositórios/apache-airflow-extracao-de-dados/venv/lib/python3.9/site-packages/airflow/example_dags/example_branch_operator_decorator.py
[2024-03-18 20:04:42,979] {processor.py:651} INFO - DAG(s) dict_keys(['example_branch_python_operator_decorator']) retrieved from /home/sheyla/Documents/Repositórios/apache-airflow-extracao-de-dados/venv/lib/python3.9/site-packages/airflow/example_dags/example_branch_operator_decorator.py
[2024-03-18 20:04:42,990] {logging_mixin.py:115} INFO - [2024-03-18 20:04:42,990] {dag.py:2379} INFO - Sync 1 DAGs
[2024-03-18 20:04:43,003] {logging_mixin.py:115} INFO - [2024-03-18 20:04:43,003] {dag.py:2927} INFO - Setting next_dagrun for example_branch_python_operator_decorator to 2024-03-17T00:00:00+00:00, run_after=2024-03-18T00:00:00+00:00
[2024-03-18 20:04:43,015] {processor.py:161} INFO - Processing /home/sheyla/Documents/Repositórios/apache-airflow-extracao-de-dados/venv/lib/python3.9/site-packages/airflow/example_dags/example_branch_operator_decorator.py took 0.062 seconds
[2024-03-18 20:05:13,875] {processor.py:153} INFO - Started process (PID=1995011) to work on /home/sheyla/Documents/Repositórios/apache-airflow-extracao-de-dados/venv/lib/python3.9/site-packages/airflow/example_dags/example_branch_operator_decorator.py
[2024-03-18 20:05:13,881] {processor.py:641} INFO - Processing file /home/sheyla/Documents/Repositórios/apache-airflow-extracao-de-dados/venv/lib/python3.9/site-packages/airflow/example_dags/example_branch_operator_decorator.py for tasks to queue
[2024-03-18 20:05:13,883] {logging_mixin.py:115} INFO - [2024-03-18 20:05:13,882] {dagbag.py:507} INFO - Filling up the DagBag from /home/sheyla/Documents/Repositórios/apache-airflow-extracao-de-dados/venv/lib/python3.9/site-packages/airflow/example_dags/example_branch_operator_decorator.py
[2024-03-18 20:05:13,918] {processor.py:651} INFO - DAG(s) dict_keys(['example_branch_python_operator_decorator']) retrieved from /home/sheyla/Documents/Repositórios/apache-airflow-extracao-de-dados/venv/lib/python3.9/site-packages/airflow/example_dags/example_branch_operator_decorator.py
[2024-03-18 20:05:13,929] {logging_mixin.py:115} INFO - [2024-03-18 20:05:13,929] {dag.py:2379} INFO - Sync 1 DAGs
[2024-03-18 20:05:13,941] {logging_mixin.py:115} INFO - [2024-03-18 20:05:13,941] {dag.py:2927} INFO - Setting next_dagrun for example_branch_python_operator_decorator to 2024-03-17T00:00:00+00:00, run_after=2024-03-18T00:00:00+00:00
[2024-03-18 20:05:13,953] {processor.py:161} INFO - Processing /home/sheyla/Documents/Repositórios/apache-airflow-extracao-de-dados/venv/lib/python3.9/site-packages/airflow/example_dags/example_branch_operator_decorator.py took 0.084 seconds
[2024-03-18 20:05:47,243] {processor.py:153} INFO - Started process (PID=1995445) to work on /home/sheyla/Documents/Repositórios/apache-airflow-extracao-de-dados/venv/lib/python3.9/site-packages/airflow/example_dags/example_branch_operator_decorator.py
[2024-03-18 20:05:47,245] {processor.py:641} INFO - Processing file /home/sheyla/Documents/Repositórios/apache-airflow-extracao-de-dados/venv/lib/python3.9/site-packages/airflow/example_dags/example_branch_operator_decorator.py for tasks to queue
[2024-03-18 20:05:47,246] {logging_mixin.py:115} INFO - [2024-03-18 20:05:47,246] {dagbag.py:507} INFO - Filling up the DagBag from /home/sheyla/Documents/Repositórios/apache-airflow-extracao-de-dados/venv/lib/python3.9/site-packages/airflow/example_dags/example_branch_operator_decorator.py
[2024-03-18 20:05:47,269] {processor.py:651} INFO - DAG(s) dict_keys(['example_branch_python_operator_decorator']) retrieved from /home/sheyla/Documents/Repositórios/apache-airflow-extracao-de-dados/venv/lib/python3.9/site-packages/airflow/example_dags/example_branch_operator_decorator.py
[2024-03-18 20:05:47,285] {logging_mixin.py:115} INFO - [2024-03-18 20:05:47,285] {dag.py:2379} INFO - Sync 1 DAGs
[2024-03-18 20:05:47,304] {logging_mixin.py:115} INFO - [2024-03-18 20:05:47,304] {dag.py:2927} INFO - Setting next_dagrun for example_branch_python_operator_decorator to 2024-03-17T00:00:00+00:00, run_after=2024-03-18T00:00:00+00:00
[2024-03-18 20:05:47,319] {processor.py:161} INFO - Processing /home/sheyla/Documents/Repositórios/apache-airflow-extracao-de-dados/venv/lib/python3.9/site-packages/airflow/example_dags/example_branch_operator_decorator.py took 0.079 seconds
[2024-03-18 20:06:18,317] {processor.py:153} INFO - Started process (PID=1995760) to work on /home/sheyla/Documents/Repositórios/apache-airflow-extracao-de-dados/venv/lib/python3.9/site-packages/airflow/example_dags/example_branch_operator_decorator.py
[2024-03-18 20:06:18,317] {processor.py:641} INFO - Processing file /home/sheyla/Documents/Repositórios/apache-airflow-extracao-de-dados/venv/lib/python3.9/site-packages/airflow/example_dags/example_branch_operator_decorator.py for tasks to queue
[2024-03-18 20:06:18,318] {logging_mixin.py:115} INFO - [2024-03-18 20:06:18,318] {dagbag.py:507} INFO - Filling up the DagBag from /home/sheyla/Documents/Repositórios/apache-airflow-extracao-de-dados/venv/lib/python3.9/site-packages/airflow/example_dags/example_branch_operator_decorator.py
[2024-03-18 20:06:18,337] {processor.py:651} INFO - DAG(s) dict_keys(['example_branch_python_operator_decorator']) retrieved from /home/sheyla/Documents/Repositórios/apache-airflow-extracao-de-dados/venv/lib/python3.9/site-packages/airflow/example_dags/example_branch_operator_decorator.py
[2024-03-18 20:06:18,350] {logging_mixin.py:115} INFO - [2024-03-18 20:06:18,350] {dag.py:2379} INFO - Sync 1 DAGs
[2024-03-18 20:06:18,362] {logging_mixin.py:115} INFO - [2024-03-18 20:06:18,362] {dag.py:2927} INFO - Setting next_dagrun for example_branch_python_operator_decorator to 2024-03-17T00:00:00+00:00, run_after=2024-03-18T00:00:00+00:00
[2024-03-18 20:06:18,380] {processor.py:161} INFO - Processing /home/sheyla/Documents/Repositórios/apache-airflow-extracao-de-dados/venv/lib/python3.9/site-packages/airflow/example_dags/example_branch_operator_decorator.py took 0.065 seconds
[2024-03-18 20:06:52,065] {processor.py:153} INFO - Started process (PID=1996121) to work on /home/sheyla/Documents/Repositórios/apache-airflow-extracao-de-dados/venv/lib/python3.9/site-packages/airflow/example_dags/example_branch_operator_decorator.py
[2024-03-18 20:06:52,068] {processor.py:641} INFO - Processing file /home/sheyla/Documents/Repositórios/apache-airflow-extracao-de-dados/venv/lib/python3.9/site-packages/airflow/example_dags/example_branch_operator_decorator.py for tasks to queue
[2024-03-18 20:06:52,069] {logging_mixin.py:115} INFO - [2024-03-18 20:06:52,069] {dagbag.py:507} INFO - Filling up the DagBag from /home/sheyla/Documents/Repositórios/apache-airflow-extracao-de-dados/venv/lib/python3.9/site-packages/airflow/example_dags/example_branch_operator_decorator.py
[2024-03-18 20:06:52,082] {processor.py:651} INFO - DAG(s) dict_keys(['example_branch_python_operator_decorator']) retrieved from /home/sheyla/Documents/Repositórios/apache-airflow-extracao-de-dados/venv/lib/python3.9/site-packages/airflow/example_dags/example_branch_operator_decorator.py
[2024-03-18 20:06:52,091] {logging_mixin.py:115} INFO - [2024-03-18 20:06:52,091] {dag.py:2379} INFO - Sync 1 DAGs
[2024-03-18 20:06:52,102] {logging_mixin.py:115} INFO - [2024-03-18 20:06:52,102] {dag.py:2927} INFO - Setting next_dagrun for example_branch_python_operator_decorator to 2024-03-17T00:00:00+00:00, run_after=2024-03-18T00:00:00+00:00
[2024-03-18 20:06:52,113] {processor.py:161} INFO - Processing /home/sheyla/Documents/Repositórios/apache-airflow-extracao-de-dados/venv/lib/python3.9/site-packages/airflow/example_dags/example_branch_operator_decorator.py took 0.050 seconds
[2024-03-18 20:07:25,276] {processor.py:153} INFO - Started process (PID=1996447) to work on /home/sheyla/Documents/Repositórios/apache-airflow-extracao-de-dados/venv/lib/python3.9/site-packages/airflow/example_dags/example_branch_operator_decorator.py
[2024-03-18 20:07:25,281] {processor.py:641} INFO - Processing file /home/sheyla/Documents/Repositórios/apache-airflow-extracao-de-dados/venv/lib/python3.9/site-packages/airflow/example_dags/example_branch_operator_decorator.py for tasks to queue
[2024-03-18 20:07:25,281] {logging_mixin.py:115} INFO - [2024-03-18 20:07:25,281] {dagbag.py:507} INFO - Filling up the DagBag from /home/sheyla/Documents/Repositórios/apache-airflow-extracao-de-dados/venv/lib/python3.9/site-packages/airflow/example_dags/example_branch_operator_decorator.py
[2024-03-18 20:07:25,296] {processor.py:651} INFO - DAG(s) dict_keys(['example_branch_python_operator_decorator']) retrieved from /home/sheyla/Documents/Repositórios/apache-airflow-extracao-de-dados/venv/lib/python3.9/site-packages/airflow/example_dags/example_branch_operator_decorator.py
[2024-03-18 20:07:25,305] {logging_mixin.py:115} INFO - [2024-03-18 20:07:25,305] {dag.py:2379} INFO - Sync 1 DAGs
[2024-03-18 20:07:25,316] {logging_mixin.py:115} INFO - [2024-03-18 20:07:25,316] {dag.py:2927} INFO - Setting next_dagrun for example_branch_python_operator_decorator to 2024-03-17T00:00:00+00:00, run_after=2024-03-18T00:00:00+00:00
[2024-03-18 20:07:25,335] {processor.py:161} INFO - Processing /home/sheyla/Documents/Repositórios/apache-airflow-extracao-de-dados/venv/lib/python3.9/site-packages/airflow/example_dags/example_branch_operator_decorator.py took 0.061 seconds
[2024-03-18 20:07:59,356] {processor.py:153} INFO - Started process (PID=1997379) to work on /home/sheyla/Documents/Repositórios/apache-airflow-extracao-de-dados/venv/lib/python3.9/site-packages/airflow/example_dags/example_branch_operator_decorator.py
[2024-03-18 20:07:59,363] {processor.py:641} INFO - Processing file /home/sheyla/Documents/Repositórios/apache-airflow-extracao-de-dados/venv/lib/python3.9/site-packages/airflow/example_dags/example_branch_operator_decorator.py for tasks to queue
[2024-03-18 20:07:59,364] {logging_mixin.py:115} INFO - [2024-03-18 20:07:59,364] {dagbag.py:507} INFO - Filling up the DagBag from /home/sheyla/Documents/Repositórios/apache-airflow-extracao-de-dados/venv/lib/python3.9/site-packages/airflow/example_dags/example_branch_operator_decorator.py
[2024-03-18 20:07:59,388] {processor.py:651} INFO - DAG(s) dict_keys(['example_branch_python_operator_decorator']) retrieved from /home/sheyla/Documents/Repositórios/apache-airflow-extracao-de-dados/venv/lib/python3.9/site-packages/airflow/example_dags/example_branch_operator_decorator.py
[2024-03-18 20:07:59,400] {logging_mixin.py:115} INFO - [2024-03-18 20:07:59,400] {dag.py:2379} INFO - Sync 1 DAGs
[2024-03-18 20:07:59,413] {logging_mixin.py:115} INFO - [2024-03-18 20:07:59,413] {dag.py:2927} INFO - Setting next_dagrun for example_branch_python_operator_decorator to 2024-03-17T00:00:00+00:00, run_after=2024-03-18T00:00:00+00:00
[2024-03-18 20:07:59,424] {processor.py:161} INFO - Processing /home/sheyla/Documents/Repositórios/apache-airflow-extracao-de-dados/venv/lib/python3.9/site-packages/airflow/example_dags/example_branch_operator_decorator.py took 0.074 seconds
[2024-03-18 20:08:30,312] {processor.py:153} INFO - Started process (PID=1998054) to work on /home/sheyla/Documents/Repositórios/apache-airflow-extracao-de-dados/venv/lib/python3.9/site-packages/airflow/example_dags/example_branch_operator_decorator.py
[2024-03-18 20:08:30,314] {processor.py:641} INFO - Processing file /home/sheyla/Documents/Repositórios/apache-airflow-extracao-de-dados/venv/lib/python3.9/site-packages/airflow/example_dags/example_branch_operator_decorator.py for tasks to queue
[2024-03-18 20:08:30,314] {logging_mixin.py:115} INFO - [2024-03-18 20:08:30,314] {dagbag.py:507} INFO - Filling up the DagBag from /home/sheyla/Documents/Repositórios/apache-airflow-extracao-de-dados/venv/lib/python3.9/site-packages/airflow/example_dags/example_branch_operator_decorator.py
[2024-03-18 20:08:30,337] {processor.py:651} INFO - DAG(s) dict_keys(['example_branch_python_operator_decorator']) retrieved from /home/sheyla/Documents/Repositórios/apache-airflow-extracao-de-dados/venv/lib/python3.9/site-packages/airflow/example_dags/example_branch_operator_decorator.py
[2024-03-18 20:08:30,350] {logging_mixin.py:115} INFO - [2024-03-18 20:08:30,350] {dag.py:2379} INFO - Sync 1 DAGs
[2024-03-18 20:08:30,364] {logging_mixin.py:115} INFO - [2024-03-18 20:08:30,364] {dag.py:2927} INFO - Setting next_dagrun for example_branch_python_operator_decorator to 2024-03-17T00:00:00+00:00, run_after=2024-03-18T00:00:00+00:00
[2024-03-18 20:08:30,374] {processor.py:161} INFO - Processing /home/sheyla/Documents/Repositórios/apache-airflow-extracao-de-dados/venv/lib/python3.9/site-packages/airflow/example_dags/example_branch_operator_decorator.py took 0.065 seconds
[2024-03-18 20:09:02,346] {processor.py:153} INFO - Started process (PID=1998745) to work on /home/sheyla/Documents/Repositórios/apache-airflow-extracao-de-dados/venv/lib/python3.9/site-packages/airflow/example_dags/example_branch_operator_decorator.py
[2024-03-18 20:09:02,351] {processor.py:641} INFO - Processing file /home/sheyla/Documents/Repositórios/apache-airflow-extracao-de-dados/venv/lib/python3.9/site-packages/airflow/example_dags/example_branch_operator_decorator.py for tasks to queue
[2024-03-18 20:09:02,351] {logging_mixin.py:115} INFO - [2024-03-18 20:09:02,351] {dagbag.py:507} INFO - Filling up the DagBag from /home/sheyla/Documents/Repositórios/apache-airflow-extracao-de-dados/venv/lib/python3.9/site-packages/airflow/example_dags/example_branch_operator_decorator.py
[2024-03-18 20:09:02,372] {processor.py:651} INFO - DAG(s) dict_keys(['example_branch_python_operator_decorator']) retrieved from /home/sheyla/Documents/Repositórios/apache-airflow-extracao-de-dados/venv/lib/python3.9/site-packages/airflow/example_dags/example_branch_operator_decorator.py
[2024-03-18 20:09:02,386] {logging_mixin.py:115} INFO - [2024-03-18 20:09:02,385] {dag.py:2379} INFO - Sync 1 DAGs
[2024-03-18 20:09:02,402] {logging_mixin.py:115} INFO - [2024-03-18 20:09:02,402] {dag.py:2927} INFO - Setting next_dagrun for example_branch_python_operator_decorator to 2024-03-17T00:00:00+00:00, run_after=2024-03-18T00:00:00+00:00
[2024-03-18 20:09:02,415] {processor.py:161} INFO - Processing /home/sheyla/Documents/Repositórios/apache-airflow-extracao-de-dados/venv/lib/python3.9/site-packages/airflow/example_dags/example_branch_operator_decorator.py took 0.071 seconds
