[2024-03-18 19:57:12,941] {processor.py:153} INFO - Started process (PID=1990082) to work on /home/sheyla/Documents/Repositórios/apache-airflow-extracao-de-dados/venv/lib/python3.9/site-packages/airflow/example_dags/example_task_group.py
[2024-03-18 19:57:12,942] {processor.py:641} INFO - Processing file /home/sheyla/Documents/Repositórios/apache-airflow-extracao-de-dados/venv/lib/python3.9/site-packages/airflow/example_dags/example_task_group.py for tasks to queue
[2024-03-18 19:57:12,942] {logging_mixin.py:115} INFO - [2024-03-18 19:57:12,942] {dagbag.py:507} INFO - Filling up the DagBag from /home/sheyla/Documents/Repositórios/apache-airflow-extracao-de-dados/venv/lib/python3.9/site-packages/airflow/example_dags/example_task_group.py
[2024-03-18 19:57:12,948] {processor.py:651} INFO - DAG(s) dict_keys(['example_task_group']) retrieved from /home/sheyla/Documents/Repositórios/apache-airflow-extracao-de-dados/venv/lib/python3.9/site-packages/airflow/example_dags/example_task_group.py
[2024-03-18 19:57:13,126] {logging_mixin.py:115} INFO - [2024-03-18 19:57:13,126] {manager.py:508} INFO - Created Permission View: can delete on DAG:example_task_group
[2024-03-18 19:57:13,173] {logging_mixin.py:115} INFO - [2024-03-18 19:57:13,173] {manager.py:508} INFO - Created Permission View: can edit on DAG:example_task_group
[2024-03-18 19:57:13,207] {logging_mixin.py:115} INFO - [2024-03-18 19:57:13,207] {manager.py:508} INFO - Created Permission View: can read on DAG:example_task_group
[2024-03-18 19:57:13,208] {logging_mixin.py:115} INFO - [2024-03-18 19:57:13,208] {dag.py:2379} INFO - Sync 1 DAGs
[2024-03-18 19:57:13,230] {logging_mixin.py:115} INFO - [2024-03-18 19:57:13,229] {dag.py:2398} INFO - Creating ORM DAG for example_task_group
[2024-03-18 19:57:13,245] {logging_mixin.py:115} INFO - [2024-03-18 19:57:13,245] {dag.py:2927} INFO - Setting next_dagrun for example_task_group to 2024-03-17T22:57:13.245624+00:00, run_after=2024-03-18T22:57:13.245624+00:00
[2024-03-18 19:57:13,300] {processor.py:161} INFO - Processing /home/sheyla/Documents/Repositórios/apache-airflow-extracao-de-dados/venv/lib/python3.9/site-packages/airflow/example_dags/example_task_group.py took 0.361 seconds
[2024-03-18 19:57:50,010] {processor.py:153} INFO - Started process (PID=1990456) to work on /home/sheyla/Documents/Repositórios/apache-airflow-extracao-de-dados/venv/lib/python3.9/site-packages/airflow/example_dags/example_task_group.py
[2024-03-18 19:57:50,015] {processor.py:641} INFO - Processing file /home/sheyla/Documents/Repositórios/apache-airflow-extracao-de-dados/venv/lib/python3.9/site-packages/airflow/example_dags/example_task_group.py for tasks to queue
[2024-03-18 19:57:50,016] {logging_mixin.py:115} INFO - [2024-03-18 19:57:50,016] {dagbag.py:507} INFO - Filling up the DagBag from /home/sheyla/Documents/Repositórios/apache-airflow-extracao-de-dados/venv/lib/python3.9/site-packages/airflow/example_dags/example_task_group.py
[2024-03-18 19:57:50,021] {processor.py:651} INFO - DAG(s) dict_keys(['example_task_group']) retrieved from /home/sheyla/Documents/Repositórios/apache-airflow-extracao-de-dados/venv/lib/python3.9/site-packages/airflow/example_dags/example_task_group.py
[2024-03-18 19:57:50,038] {logging_mixin.py:115} INFO - [2024-03-18 19:57:50,038] {dag.py:2379} INFO - Sync 1 DAGs
[2024-03-18 19:57:50,052] {logging_mixin.py:115} INFO - [2024-03-18 19:57:50,052] {dag.py:2927} INFO - Setting next_dagrun for example_task_group to 2024-03-17T22:57:50.052431+00:00, run_after=2024-03-18T22:57:50.052431+00:00
[2024-03-18 19:57:50,071] {processor.py:161} INFO - Processing /home/sheyla/Documents/Repositórios/apache-airflow-extracao-de-dados/venv/lib/python3.9/site-packages/airflow/example_dags/example_task_group.py took 0.063 seconds
[2024-03-18 19:58:23,910] {processor.py:153} INFO - Started process (PID=1990793) to work on /home/sheyla/Documents/Repositórios/apache-airflow-extracao-de-dados/venv/lib/python3.9/site-packages/airflow/example_dags/example_task_group.py
[2024-03-18 19:58:23,913] {processor.py:641} INFO - Processing file /home/sheyla/Documents/Repositórios/apache-airflow-extracao-de-dados/venv/lib/python3.9/site-packages/airflow/example_dags/example_task_group.py for tasks to queue
[2024-03-18 19:58:23,914] {logging_mixin.py:115} INFO - [2024-03-18 19:58:23,914] {dagbag.py:507} INFO - Filling up the DagBag from /home/sheyla/Documents/Repositórios/apache-airflow-extracao-de-dados/venv/lib/python3.9/site-packages/airflow/example_dags/example_task_group.py
[2024-03-18 19:58:23,918] {processor.py:651} INFO - DAG(s) dict_keys(['example_task_group']) retrieved from /home/sheyla/Documents/Repositórios/apache-airflow-extracao-de-dados/venv/lib/python3.9/site-packages/airflow/example_dags/example_task_group.py
[2024-03-18 19:58:23,931] {logging_mixin.py:115} INFO - [2024-03-18 19:58:23,931] {dag.py:2379} INFO - Sync 1 DAGs
[2024-03-18 19:58:23,943] {logging_mixin.py:115} INFO - [2024-03-18 19:58:23,943] {dag.py:2927} INFO - Setting next_dagrun for example_task_group to 2024-03-17T22:58:23.943100+00:00, run_after=2024-03-18T22:58:23.943100+00:00
[2024-03-18 19:58:23,953] {processor.py:161} INFO - Processing /home/sheyla/Documents/Repositórios/apache-airflow-extracao-de-dados/venv/lib/python3.9/site-packages/airflow/example_dags/example_task_group.py took 0.045 seconds
[2024-03-18 19:58:57,263] {processor.py:153} INFO - Started process (PID=1991130) to work on /home/sheyla/Documents/Repositórios/apache-airflow-extracao-de-dados/venv/lib/python3.9/site-packages/airflow/example_dags/example_task_group.py
[2024-03-18 19:58:57,268] {processor.py:641} INFO - Processing file /home/sheyla/Documents/Repositórios/apache-airflow-extracao-de-dados/venv/lib/python3.9/site-packages/airflow/example_dags/example_task_group.py for tasks to queue
[2024-03-18 19:58:57,269] {logging_mixin.py:115} INFO - [2024-03-18 19:58:57,268] {dagbag.py:507} INFO - Filling up the DagBag from /home/sheyla/Documents/Repositórios/apache-airflow-extracao-de-dados/venv/lib/python3.9/site-packages/airflow/example_dags/example_task_group.py
[2024-03-18 19:58:57,276] {processor.py:651} INFO - DAG(s) dict_keys(['example_task_group']) retrieved from /home/sheyla/Documents/Repositórios/apache-airflow-extracao-de-dados/venv/lib/python3.9/site-packages/airflow/example_dags/example_task_group.py
[2024-03-18 19:58:57,298] {logging_mixin.py:115} INFO - [2024-03-18 19:58:57,298] {dag.py:2379} INFO - Sync 1 DAGs
[2024-03-18 19:58:57,311] {logging_mixin.py:115} INFO - [2024-03-18 19:58:57,311] {dag.py:2927} INFO - Setting next_dagrun for example_task_group to 2024-03-17T22:58:57.311338+00:00, run_after=2024-03-18T22:58:57.311338+00:00
[2024-03-18 19:58:57,323] {processor.py:161} INFO - Processing /home/sheyla/Documents/Repositórios/apache-airflow-extracao-de-dados/venv/lib/python3.9/site-packages/airflow/example_dags/example_task_group.py took 0.062 seconds
[2024-03-18 19:59:29,481] {processor.py:153} INFO - Started process (PID=1991447) to work on /home/sheyla/Documents/Repositórios/apache-airflow-extracao-de-dados/venv/lib/python3.9/site-packages/airflow/example_dags/example_task_group.py
[2024-03-18 19:59:29,486] {processor.py:641} INFO - Processing file /home/sheyla/Documents/Repositórios/apache-airflow-extracao-de-dados/venv/lib/python3.9/site-packages/airflow/example_dags/example_task_group.py for tasks to queue
[2024-03-18 19:59:29,487] {logging_mixin.py:115} INFO - [2024-03-18 19:59:29,487] {dagbag.py:507} INFO - Filling up the DagBag from /home/sheyla/Documents/Repositórios/apache-airflow-extracao-de-dados/venv/lib/python3.9/site-packages/airflow/example_dags/example_task_group.py
[2024-03-18 19:59:29,495] {processor.py:651} INFO - DAG(s) dict_keys(['example_task_group']) retrieved from /home/sheyla/Documents/Repositórios/apache-airflow-extracao-de-dados/venv/lib/python3.9/site-packages/airflow/example_dags/example_task_group.py
[2024-03-18 19:59:29,517] {logging_mixin.py:115} INFO - [2024-03-18 19:59:29,517] {dag.py:2379} INFO - Sync 1 DAGs
[2024-03-18 19:59:29,530] {logging_mixin.py:115} INFO - [2024-03-18 19:59:29,530] {dag.py:2927} INFO - Setting next_dagrun for example_task_group to 2024-03-17T22:59:29.530397+00:00, run_after=2024-03-18T22:59:29.530397+00:00
[2024-03-18 19:59:29,543] {processor.py:161} INFO - Processing /home/sheyla/Documents/Repositórios/apache-airflow-extracao-de-dados/venv/lib/python3.9/site-packages/airflow/example_dags/example_task_group.py took 0.064 seconds
[2024-03-18 20:00:04,281] {processor.py:153} INFO - Started process (PID=1991816) to work on /home/sheyla/Documents/Repositórios/apache-airflow-extracao-de-dados/venv/lib/python3.9/site-packages/airflow/example_dags/example_task_group.py
[2024-03-18 20:00:04,286] {processor.py:641} INFO - Processing file /home/sheyla/Documents/Repositórios/apache-airflow-extracao-de-dados/venv/lib/python3.9/site-packages/airflow/example_dags/example_task_group.py for tasks to queue
[2024-03-18 20:00:04,286] {logging_mixin.py:115} INFO - [2024-03-18 20:00:04,286] {dagbag.py:507} INFO - Filling up the DagBag from /home/sheyla/Documents/Repositórios/apache-airflow-extracao-de-dados/venv/lib/python3.9/site-packages/airflow/example_dags/example_task_group.py
[2024-03-18 20:00:04,291] {processor.py:651} INFO - DAG(s) dict_keys(['example_task_group']) retrieved from /home/sheyla/Documents/Repositórios/apache-airflow-extracao-de-dados/venv/lib/python3.9/site-packages/airflow/example_dags/example_task_group.py
[2024-03-18 20:00:04,303] {logging_mixin.py:115} INFO - [2024-03-18 20:00:04,303] {dag.py:2379} INFO - Sync 1 DAGs
[2024-03-18 20:00:04,315] {logging_mixin.py:115} INFO - [2024-03-18 20:00:04,314] {dag.py:2927} INFO - Setting next_dagrun for example_task_group to 2024-03-17T23:00:04.314823+00:00, run_after=2024-03-18T23:00:04.314823+00:00
[2024-03-18 20:00:04,332] {processor.py:161} INFO - Processing /home/sheyla/Documents/Repositórios/apache-airflow-extracao-de-dados/venv/lib/python3.9/site-packages/airflow/example_dags/example_task_group.py took 0.054 seconds
[2024-03-18 20:00:38,448] {processor.py:153} INFO - Started process (PID=1992235) to work on /home/sheyla/Documents/Repositórios/apache-airflow-extracao-de-dados/venv/lib/python3.9/site-packages/airflow/example_dags/example_task_group.py
[2024-03-18 20:00:38,454] {processor.py:641} INFO - Processing file /home/sheyla/Documents/Repositórios/apache-airflow-extracao-de-dados/venv/lib/python3.9/site-packages/airflow/example_dags/example_task_group.py for tasks to queue
[2024-03-18 20:00:38,456] {logging_mixin.py:115} INFO - [2024-03-18 20:00:38,456] {dagbag.py:507} INFO - Filling up the DagBag from /home/sheyla/Documents/Repositórios/apache-airflow-extracao-de-dados/venv/lib/python3.9/site-packages/airflow/example_dags/example_task_group.py
[2024-03-18 20:00:38,474] {processor.py:651} INFO - DAG(s) dict_keys(['example_task_group']) retrieved from /home/sheyla/Documents/Repositórios/apache-airflow-extracao-de-dados/venv/lib/python3.9/site-packages/airflow/example_dags/example_task_group.py
[2024-03-18 20:00:38,494] {logging_mixin.py:115} INFO - [2024-03-18 20:00:38,494] {dag.py:2379} INFO - Sync 1 DAGs
[2024-03-18 20:00:38,506] {logging_mixin.py:115} INFO - [2024-03-18 20:00:38,506] {dag.py:2927} INFO - Setting next_dagrun for example_task_group to 2024-03-17T23:00:38.506648+00:00, run_after=2024-03-18T23:00:38.506648+00:00
[2024-03-18 20:00:38,521] {processor.py:161} INFO - Processing /home/sheyla/Documents/Repositórios/apache-airflow-extracao-de-dados/venv/lib/python3.9/site-packages/airflow/example_dags/example_task_group.py took 0.079 seconds
[2024-03-18 20:01:11,387] {processor.py:153} INFO - Started process (PID=1992563) to work on /home/sheyla/Documents/Repositórios/apache-airflow-extracao-de-dados/venv/lib/python3.9/site-packages/airflow/example_dags/example_task_group.py
[2024-03-18 20:01:11,388] {processor.py:641} INFO - Processing file /home/sheyla/Documents/Repositórios/apache-airflow-extracao-de-dados/venv/lib/python3.9/site-packages/airflow/example_dags/example_task_group.py for tasks to queue
[2024-03-18 20:01:11,390] {logging_mixin.py:115} INFO - [2024-03-18 20:01:11,390] {dagbag.py:507} INFO - Filling up the DagBag from /home/sheyla/Documents/Repositórios/apache-airflow-extracao-de-dados/venv/lib/python3.9/site-packages/airflow/example_dags/example_task_group.py
[2024-03-18 20:01:11,405] {processor.py:651} INFO - DAG(s) dict_keys(['example_task_group']) retrieved from /home/sheyla/Documents/Repositórios/apache-airflow-extracao-de-dados/venv/lib/python3.9/site-packages/airflow/example_dags/example_task_group.py
[2024-03-18 20:01:11,424] {logging_mixin.py:115} INFO - [2024-03-18 20:01:11,424] {dag.py:2379} INFO - Sync 1 DAGs
[2024-03-18 20:01:11,436] {logging_mixin.py:115} INFO - [2024-03-18 20:01:11,435] {dag.py:2927} INFO - Setting next_dagrun for example_task_group to 2024-03-17T23:01:11.435788+00:00, run_after=2024-03-18T23:01:11.435788+00:00
[2024-03-18 20:01:11,446] {processor.py:161} INFO - Processing /home/sheyla/Documents/Repositórios/apache-airflow-extracao-de-dados/venv/lib/python3.9/site-packages/airflow/example_dags/example_task_group.py took 0.068 seconds
[2024-03-18 20:01:43,433] {processor.py:153} INFO - Started process (PID=1992878) to work on /home/sheyla/Documents/Repositórios/apache-airflow-extracao-de-dados/venv/lib/python3.9/site-packages/airflow/example_dags/example_task_group.py
[2024-03-18 20:01:43,439] {processor.py:641} INFO - Processing file /home/sheyla/Documents/Repositórios/apache-airflow-extracao-de-dados/venv/lib/python3.9/site-packages/airflow/example_dags/example_task_group.py for tasks to queue
[2024-03-18 20:01:43,439] {logging_mixin.py:115} INFO - [2024-03-18 20:01:43,439] {dagbag.py:507} INFO - Filling up the DagBag from /home/sheyla/Documents/Repositórios/apache-airflow-extracao-de-dados/venv/lib/python3.9/site-packages/airflow/example_dags/example_task_group.py
[2024-03-18 20:01:43,446] {processor.py:651} INFO - DAG(s) dict_keys(['example_task_group']) retrieved from /home/sheyla/Documents/Repositórios/apache-airflow-extracao-de-dados/venv/lib/python3.9/site-packages/airflow/example_dags/example_task_group.py
[2024-03-18 20:01:43,463] {logging_mixin.py:115} INFO - [2024-03-18 20:01:43,463] {dag.py:2379} INFO - Sync 1 DAGs
[2024-03-18 20:01:43,477] {logging_mixin.py:115} INFO - [2024-03-18 20:01:43,477] {dag.py:2927} INFO - Setting next_dagrun for example_task_group to 2024-03-17T23:01:43.476930+00:00, run_after=2024-03-18T23:01:43.476930+00:00
[2024-03-18 20:01:43,489] {processor.py:161} INFO - Processing /home/sheyla/Documents/Repositórios/apache-airflow-extracao-de-dados/venv/lib/python3.9/site-packages/airflow/example_dags/example_task_group.py took 0.059 seconds
[2024-03-18 20:02:17,503] {processor.py:153} INFO - Started process (PID=1993247) to work on /home/sheyla/Documents/Repositórios/apache-airflow-extracao-de-dados/venv/lib/python3.9/site-packages/airflow/example_dags/example_task_group.py
[2024-03-18 20:02:17,509] {processor.py:641} INFO - Processing file /home/sheyla/Documents/Repositórios/apache-airflow-extracao-de-dados/venv/lib/python3.9/site-packages/airflow/example_dags/example_task_group.py for tasks to queue
[2024-03-18 20:02:17,511] {logging_mixin.py:115} INFO - [2024-03-18 20:02:17,510] {dagbag.py:507} INFO - Filling up the DagBag from /home/sheyla/Documents/Repositórios/apache-airflow-extracao-de-dados/venv/lib/python3.9/site-packages/airflow/example_dags/example_task_group.py
[2024-03-18 20:02:17,529] {processor.py:651} INFO - DAG(s) dict_keys(['example_task_group']) retrieved from /home/sheyla/Documents/Repositórios/apache-airflow-extracao-de-dados/venv/lib/python3.9/site-packages/airflow/example_dags/example_task_group.py
[2024-03-18 20:02:17,550] {logging_mixin.py:115} INFO - [2024-03-18 20:02:17,550] {dag.py:2379} INFO - Sync 1 DAGs
[2024-03-18 20:02:17,562] {logging_mixin.py:115} INFO - [2024-03-18 20:02:17,562] {dag.py:2927} INFO - Setting next_dagrun for example_task_group to 2024-03-17T23:02:17.562154+00:00, run_after=2024-03-18T23:02:17.562154+00:00
[2024-03-18 20:02:17,573] {processor.py:161} INFO - Processing /home/sheyla/Documents/Repositórios/apache-airflow-extracao-de-dados/venv/lib/python3.9/site-packages/airflow/example_dags/example_task_group.py took 0.076 seconds
[2024-03-18 20:02:49,535] {processor.py:153} INFO - Started process (PID=1993569) to work on /home/sheyla/Documents/Repositórios/apache-airflow-extracao-de-dados/venv/lib/python3.9/site-packages/airflow/example_dags/example_task_group.py
[2024-03-18 20:02:49,541] {processor.py:641} INFO - Processing file /home/sheyla/Documents/Repositórios/apache-airflow-extracao-de-dados/venv/lib/python3.9/site-packages/airflow/example_dags/example_task_group.py for tasks to queue
[2024-03-18 20:02:49,543] {logging_mixin.py:115} INFO - [2024-03-18 20:02:49,542] {dagbag.py:507} INFO - Filling up the DagBag from /home/sheyla/Documents/Repositórios/apache-airflow-extracao-de-dados/venv/lib/python3.9/site-packages/airflow/example_dags/example_task_group.py
[2024-03-18 20:02:49,560] {processor.py:651} INFO - DAG(s) dict_keys(['example_task_group']) retrieved from /home/sheyla/Documents/Repositórios/apache-airflow-extracao-de-dados/venv/lib/python3.9/site-packages/airflow/example_dags/example_task_group.py
[2024-03-18 20:02:49,580] {logging_mixin.py:115} INFO - [2024-03-18 20:02:49,580] {dag.py:2379} INFO - Sync 1 DAGs
[2024-03-18 20:02:49,592] {logging_mixin.py:115} INFO - [2024-03-18 20:02:49,592] {dag.py:2927} INFO - Setting next_dagrun for example_task_group to 2024-03-17T23:02:49.591985+00:00, run_after=2024-03-18T23:02:49.591985+00:00
[2024-03-18 20:02:49,604] {processor.py:161} INFO - Processing /home/sheyla/Documents/Repositórios/apache-airflow-extracao-de-dados/venv/lib/python3.9/site-packages/airflow/example_dags/example_task_group.py took 0.075 seconds
[2024-03-18 20:03:25,011] {processor.py:153} INFO - Started process (PID=1993921) to work on /home/sheyla/Documents/Repositórios/apache-airflow-extracao-de-dados/venv/lib/python3.9/site-packages/airflow/example_dags/example_task_group.py
[2024-03-18 20:03:25,016] {processor.py:641} INFO - Processing file /home/sheyla/Documents/Repositórios/apache-airflow-extracao-de-dados/venv/lib/python3.9/site-packages/airflow/example_dags/example_task_group.py for tasks to queue
[2024-03-18 20:03:25,016] {logging_mixin.py:115} INFO - [2024-03-18 20:03:25,016] {dagbag.py:507} INFO - Filling up the DagBag from /home/sheyla/Documents/Repositórios/apache-airflow-extracao-de-dados/venv/lib/python3.9/site-packages/airflow/example_dags/example_task_group.py
[2024-03-18 20:03:25,021] {processor.py:651} INFO - DAG(s) dict_keys(['example_task_group']) retrieved from /home/sheyla/Documents/Repositórios/apache-airflow-extracao-de-dados/venv/lib/python3.9/site-packages/airflow/example_dags/example_task_group.py
[2024-03-18 20:03:25,032] {logging_mixin.py:115} INFO - [2024-03-18 20:03:25,032] {dag.py:2379} INFO - Sync 1 DAGs
[2024-03-18 20:03:25,042] {logging_mixin.py:115} INFO - [2024-03-18 20:03:25,042] {dag.py:2927} INFO - Setting next_dagrun for example_task_group to 2024-03-17T23:03:25.042053+00:00, run_after=2024-03-18T23:03:25.042053+00:00
[2024-03-18 20:03:25,062] {processor.py:161} INFO - Processing /home/sheyla/Documents/Repositórios/apache-airflow-extracao-de-dados/venv/lib/python3.9/site-packages/airflow/example_dags/example_task_group.py took 0.053 seconds
[2024-03-18 20:03:57,631] {processor.py:153} INFO - Started process (PID=1994246) to work on /home/sheyla/Documents/Repositórios/apache-airflow-extracao-de-dados/venv/lib/python3.9/site-packages/airflow/example_dags/example_task_group.py
[2024-03-18 20:03:57,634] {processor.py:641} INFO - Processing file /home/sheyla/Documents/Repositórios/apache-airflow-extracao-de-dados/venv/lib/python3.9/site-packages/airflow/example_dags/example_task_group.py for tasks to queue
[2024-03-18 20:03:57,634] {logging_mixin.py:115} INFO - [2024-03-18 20:03:57,634] {dagbag.py:507} INFO - Filling up the DagBag from /home/sheyla/Documents/Repositórios/apache-airflow-extracao-de-dados/venv/lib/python3.9/site-packages/airflow/example_dags/example_task_group.py
[2024-03-18 20:03:57,642] {processor.py:651} INFO - DAG(s) dict_keys(['example_task_group']) retrieved from /home/sheyla/Documents/Repositórios/apache-airflow-extracao-de-dados/venv/lib/python3.9/site-packages/airflow/example_dags/example_task_group.py
[2024-03-18 20:03:57,667] {logging_mixin.py:115} INFO - [2024-03-18 20:03:57,667] {dag.py:2379} INFO - Sync 1 DAGs
[2024-03-18 20:03:57,683] {logging_mixin.py:115} INFO - [2024-03-18 20:03:57,683] {dag.py:2927} INFO - Setting next_dagrun for example_task_group to 2024-03-17T23:03:57.683008+00:00, run_after=2024-03-18T23:03:57.683008+00:00
[2024-03-18 20:03:57,695] {processor.py:161} INFO - Processing /home/sheyla/Documents/Repositórios/apache-airflow-extracao-de-dados/venv/lib/python3.9/site-packages/airflow/example_dags/example_task_group.py took 0.066 seconds
[2024-03-18 20:04:30,458] {processor.py:153} INFO - Started process (PID=1994567) to work on /home/sheyla/Documents/Repositórios/apache-airflow-extracao-de-dados/venv/lib/python3.9/site-packages/airflow/example_dags/example_task_group.py
[2024-03-18 20:04:30,463] {processor.py:641} INFO - Processing file /home/sheyla/Documents/Repositórios/apache-airflow-extracao-de-dados/venv/lib/python3.9/site-packages/airflow/example_dags/example_task_group.py for tasks to queue
[2024-03-18 20:04:30,464] {logging_mixin.py:115} INFO - [2024-03-18 20:04:30,463] {dagbag.py:507} INFO - Filling up the DagBag from /home/sheyla/Documents/Repositórios/apache-airflow-extracao-de-dados/venv/lib/python3.9/site-packages/airflow/example_dags/example_task_group.py
[2024-03-18 20:04:30,472] {processor.py:651} INFO - DAG(s) dict_keys(['example_task_group']) retrieved from /home/sheyla/Documents/Repositórios/apache-airflow-extracao-de-dados/venv/lib/python3.9/site-packages/airflow/example_dags/example_task_group.py
[2024-03-18 20:04:30,492] {logging_mixin.py:115} INFO - [2024-03-18 20:04:30,492] {dag.py:2379} INFO - Sync 1 DAGs
[2024-03-18 20:04:30,504] {logging_mixin.py:115} INFO - [2024-03-18 20:04:30,504] {dag.py:2927} INFO - Setting next_dagrun for example_task_group to 2024-03-17T23:04:30.504536+00:00, run_after=2024-03-18T23:04:30.504536+00:00
[2024-03-18 20:04:30,517] {processor.py:161} INFO - Processing /home/sheyla/Documents/Repositórios/apache-airflow-extracao-de-dados/venv/lib/python3.9/site-packages/airflow/example_dags/example_task_group.py took 0.062 seconds
[2024-03-18 20:05:02,499] {processor.py:153} INFO - Started process (PID=1994897) to work on /home/sheyla/Documents/Repositórios/apache-airflow-extracao-de-dados/venv/lib/python3.9/site-packages/airflow/example_dags/example_task_group.py
[2024-03-18 20:05:02,505] {processor.py:641} INFO - Processing file /home/sheyla/Documents/Repositórios/apache-airflow-extracao-de-dados/venv/lib/python3.9/site-packages/airflow/example_dags/example_task_group.py for tasks to queue
[2024-03-18 20:05:02,506] {logging_mixin.py:115} INFO - [2024-03-18 20:05:02,506] {dagbag.py:507} INFO - Filling up the DagBag from /home/sheyla/Documents/Repositórios/apache-airflow-extracao-de-dados/venv/lib/python3.9/site-packages/airflow/example_dags/example_task_group.py
[2024-03-18 20:05:02,523] {processor.py:651} INFO - DAG(s) dict_keys(['example_task_group']) retrieved from /home/sheyla/Documents/Repositórios/apache-airflow-extracao-de-dados/venv/lib/python3.9/site-packages/airflow/example_dags/example_task_group.py
[2024-03-18 20:05:02,543] {logging_mixin.py:115} INFO - [2024-03-18 20:05:02,543] {dag.py:2379} INFO - Sync 1 DAGs
[2024-03-18 20:05:02,555] {logging_mixin.py:115} INFO - [2024-03-18 20:05:02,555] {dag.py:2927} INFO - Setting next_dagrun for example_task_group to 2024-03-17T23:05:02.555045+00:00, run_after=2024-03-18T23:05:02.555045+00:00
[2024-03-18 20:05:02,567] {processor.py:161} INFO - Processing /home/sheyla/Documents/Repositórios/apache-airflow-extracao-de-dados/venv/lib/python3.9/site-packages/airflow/example_dags/example_task_group.py took 0.075 seconds
[2024-03-18 20:05:35,729] {processor.py:153} INFO - Started process (PID=1995242) to work on /home/sheyla/Documents/Repositórios/apache-airflow-extracao-de-dados/venv/lib/python3.9/site-packages/airflow/example_dags/example_task_group.py
[2024-03-18 20:05:35,735] {processor.py:641} INFO - Processing file /home/sheyla/Documents/Repositórios/apache-airflow-extracao-de-dados/venv/lib/python3.9/site-packages/airflow/example_dags/example_task_group.py for tasks to queue
[2024-03-18 20:05:35,737] {logging_mixin.py:115} INFO - [2024-03-18 20:05:35,737] {dagbag.py:507} INFO - Filling up the DagBag from /home/sheyla/Documents/Repositórios/apache-airflow-extracao-de-dados/venv/lib/python3.9/site-packages/airflow/example_dags/example_task_group.py
[2024-03-18 20:05:35,766] {processor.py:651} INFO - DAG(s) dict_keys(['example_task_group']) retrieved from /home/sheyla/Documents/Repositórios/apache-airflow-extracao-de-dados/venv/lib/python3.9/site-packages/airflow/example_dags/example_task_group.py
[2024-03-18 20:05:35,790] {logging_mixin.py:115} INFO - [2024-03-18 20:05:35,790] {dag.py:2379} INFO - Sync 1 DAGs
[2024-03-18 20:05:35,807] {logging_mixin.py:115} INFO - [2024-03-18 20:05:35,807] {dag.py:2927} INFO - Setting next_dagrun for example_task_group to 2024-03-17T23:05:35.807162+00:00, run_after=2024-03-18T23:05:35.807162+00:00
[2024-03-18 20:05:35,825] {processor.py:161} INFO - Processing /home/sheyla/Documents/Repositórios/apache-airflow-extracao-de-dados/venv/lib/python3.9/site-packages/airflow/example_dags/example_task_group.py took 0.098 seconds
[2024-03-18 20:06:10,578] {processor.py:153} INFO - Started process (PID=1995678) to work on /home/sheyla/Documents/Repositórios/apache-airflow-extracao-de-dados/venv/lib/python3.9/site-packages/airflow/example_dags/example_task_group.py
[2024-03-18 20:06:10,583] {processor.py:641} INFO - Processing file /home/sheyla/Documents/Repositórios/apache-airflow-extracao-de-dados/venv/lib/python3.9/site-packages/airflow/example_dags/example_task_group.py for tasks to queue
[2024-03-18 20:06:10,583] {logging_mixin.py:115} INFO - [2024-03-18 20:06:10,583] {dagbag.py:507} INFO - Filling up the DagBag from /home/sheyla/Documents/Repositórios/apache-airflow-extracao-de-dados/venv/lib/python3.9/site-packages/airflow/example_dags/example_task_group.py
[2024-03-18 20:06:10,589] {processor.py:651} INFO - DAG(s) dict_keys(['example_task_group']) retrieved from /home/sheyla/Documents/Repositórios/apache-airflow-extracao-de-dados/venv/lib/python3.9/site-packages/airflow/example_dags/example_task_group.py
[2024-03-18 20:06:10,605] {logging_mixin.py:115} INFO - [2024-03-18 20:06:10,605] {dag.py:2379} INFO - Sync 1 DAGs
[2024-03-18 20:06:10,618] {logging_mixin.py:115} INFO - [2024-03-18 20:06:10,618] {dag.py:2927} INFO - Setting next_dagrun for example_task_group to 2024-03-17T23:06:10.618684+00:00, run_after=2024-03-18T23:06:10.618684+00:00
[2024-03-18 20:06:10,631] {processor.py:161} INFO - Processing /home/sheyla/Documents/Repositórios/apache-airflow-extracao-de-dados/venv/lib/python3.9/site-packages/airflow/example_dags/example_task_group.py took 0.056 seconds
[2024-03-18 20:06:43,615] {processor.py:153} INFO - Started process (PID=1996013) to work on /home/sheyla/Documents/Repositórios/apache-airflow-extracao-de-dados/venv/lib/python3.9/site-packages/airflow/example_dags/example_task_group.py
[2024-03-18 20:06:43,621] {processor.py:641} INFO - Processing file /home/sheyla/Documents/Repositórios/apache-airflow-extracao-de-dados/venv/lib/python3.9/site-packages/airflow/example_dags/example_task_group.py for tasks to queue
[2024-03-18 20:06:43,621] {logging_mixin.py:115} INFO - [2024-03-18 20:06:43,621] {dagbag.py:507} INFO - Filling up the DagBag from /home/sheyla/Documents/Repositórios/apache-airflow-extracao-de-dados/venv/lib/python3.9/site-packages/airflow/example_dags/example_task_group.py
[2024-03-18 20:06:43,628] {processor.py:651} INFO - DAG(s) dict_keys(['example_task_group']) retrieved from /home/sheyla/Documents/Repositórios/apache-airflow-extracao-de-dados/venv/lib/python3.9/site-packages/airflow/example_dags/example_task_group.py
[2024-03-18 20:06:43,646] {logging_mixin.py:115} INFO - [2024-03-18 20:06:43,646] {dag.py:2379} INFO - Sync 1 DAGs
[2024-03-18 20:06:43,663] {logging_mixin.py:115} INFO - [2024-03-18 20:06:43,663] {dag.py:2927} INFO - Setting next_dagrun for example_task_group to 2024-03-17T23:06:43.663503+00:00, run_after=2024-03-18T23:06:43.663503+00:00
[2024-03-18 20:06:43,681] {processor.py:161} INFO - Processing /home/sheyla/Documents/Repositórios/apache-airflow-extracao-de-dados/venv/lib/python3.9/site-packages/airflow/example_dags/example_task_group.py took 0.069 seconds
[2024-03-18 20:07:17,717] {processor.py:153} INFO - Started process (PID=1996376) to work on /home/sheyla/Documents/Repositórios/apache-airflow-extracao-de-dados/venv/lib/python3.9/site-packages/airflow/example_dags/example_task_group.py
[2024-03-18 20:07:17,719] {processor.py:641} INFO - Processing file /home/sheyla/Documents/Repositórios/apache-airflow-extracao-de-dados/venv/lib/python3.9/site-packages/airflow/example_dags/example_task_group.py for tasks to queue
[2024-03-18 20:07:17,720] {logging_mixin.py:115} INFO - [2024-03-18 20:07:17,720] {dagbag.py:507} INFO - Filling up the DagBag from /home/sheyla/Documents/Repositórios/apache-airflow-extracao-de-dados/venv/lib/python3.9/site-packages/airflow/example_dags/example_task_group.py
[2024-03-18 20:07:17,731] {processor.py:651} INFO - DAG(s) dict_keys(['example_task_group']) retrieved from /home/sheyla/Documents/Repositórios/apache-airflow-extracao-de-dados/venv/lib/python3.9/site-packages/airflow/example_dags/example_task_group.py
[2024-03-18 20:07:17,757] {logging_mixin.py:115} INFO - [2024-03-18 20:07:17,757] {dag.py:2379} INFO - Sync 1 DAGs
[2024-03-18 20:07:17,771] {logging_mixin.py:115} INFO - [2024-03-18 20:07:17,771] {dag.py:2927} INFO - Setting next_dagrun for example_task_group to 2024-03-17T23:07:17.771173+00:00, run_after=2024-03-18T23:07:17.771173+00:00
[2024-03-18 20:07:17,784] {processor.py:161} INFO - Processing /home/sheyla/Documents/Repositórios/apache-airflow-extracao-de-dados/venv/lib/python3.9/site-packages/airflow/example_dags/example_task_group.py took 0.070 seconds
[2024-03-18 20:07:52,905] {processor.py:153} INFO - Started process (PID=1997218) to work on /home/sheyla/Documents/Repositórios/apache-airflow-extracao-de-dados/venv/lib/python3.9/site-packages/airflow/example_dags/example_task_group.py
[2024-03-18 20:07:52,910] {processor.py:641} INFO - Processing file /home/sheyla/Documents/Repositórios/apache-airflow-extracao-de-dados/venv/lib/python3.9/site-packages/airflow/example_dags/example_task_group.py for tasks to queue
[2024-03-18 20:07:52,911] {logging_mixin.py:115} INFO - [2024-03-18 20:07:52,911] {dagbag.py:507} INFO - Filling up the DagBag from /home/sheyla/Documents/Repositórios/apache-airflow-extracao-de-dados/venv/lib/python3.9/site-packages/airflow/example_dags/example_task_group.py
[2024-03-18 20:07:52,916] {processor.py:651} INFO - DAG(s) dict_keys(['example_task_group']) retrieved from /home/sheyla/Documents/Repositórios/apache-airflow-extracao-de-dados/venv/lib/python3.9/site-packages/airflow/example_dags/example_task_group.py
[2024-03-18 20:07:52,930] {logging_mixin.py:115} INFO - [2024-03-18 20:07:52,930] {dag.py:2379} INFO - Sync 1 DAGs
[2024-03-18 20:07:52,943] {logging_mixin.py:115} INFO - [2024-03-18 20:07:52,943] {dag.py:2927} INFO - Setting next_dagrun for example_task_group to 2024-03-17T23:07:52.943256+00:00, run_after=2024-03-18T23:07:52.943256+00:00
[2024-03-18 20:07:52,957] {processor.py:161} INFO - Processing /home/sheyla/Documents/Repositórios/apache-airflow-extracao-de-dados/venv/lib/python3.9/site-packages/airflow/example_dags/example_task_group.py took 0.053 seconds
[2024-03-18 20:08:28,601] {processor.py:153} INFO - Started process (PID=1998021) to work on /home/sheyla/Documents/Repositórios/apache-airflow-extracao-de-dados/venv/lib/python3.9/site-packages/airflow/example_dags/example_task_group.py
[2024-03-18 20:08:28,606] {processor.py:641} INFO - Processing file /home/sheyla/Documents/Repositórios/apache-airflow-extracao-de-dados/venv/lib/python3.9/site-packages/airflow/example_dags/example_task_group.py for tasks to queue
[2024-03-18 20:08:28,607] {logging_mixin.py:115} INFO - [2024-03-18 20:08:28,606] {dagbag.py:507} INFO - Filling up the DagBag from /home/sheyla/Documents/Repositórios/apache-airflow-extracao-de-dados/venv/lib/python3.9/site-packages/airflow/example_dags/example_task_group.py
[2024-03-18 20:08:28,615] {processor.py:651} INFO - DAG(s) dict_keys(['example_task_group']) retrieved from /home/sheyla/Documents/Repositórios/apache-airflow-extracao-de-dados/venv/lib/python3.9/site-packages/airflow/example_dags/example_task_group.py
[2024-03-18 20:08:28,631] {logging_mixin.py:115} INFO - [2024-03-18 20:08:28,631] {dag.py:2379} INFO - Sync 1 DAGs
[2024-03-18 20:08:28,644] {logging_mixin.py:115} INFO - [2024-03-18 20:08:28,644] {dag.py:2927} INFO - Setting next_dagrun for example_task_group to 2024-03-17T23:08:28.644394+00:00, run_after=2024-03-18T23:08:28.644394+00:00
[2024-03-18 20:08:28,656] {processor.py:161} INFO - Processing /home/sheyla/Documents/Repositórios/apache-airflow-extracao-de-dados/venv/lib/python3.9/site-packages/airflow/example_dags/example_task_group.py took 0.063 seconds
[2024-03-18 20:09:02,629] {processor.py:153} INFO - Started process (PID=1998750) to work on /home/sheyla/Documents/Repositórios/apache-airflow-extracao-de-dados/venv/lib/python3.9/site-packages/airflow/example_dags/example_task_group.py
[2024-03-18 20:09:02,632] {processor.py:641} INFO - Processing file /home/sheyla/Documents/Repositórios/apache-airflow-extracao-de-dados/venv/lib/python3.9/site-packages/airflow/example_dags/example_task_group.py for tasks to queue
[2024-03-18 20:09:02,633] {logging_mixin.py:115} INFO - [2024-03-18 20:09:02,633] {dagbag.py:507} INFO - Filling up the DagBag from /home/sheyla/Documents/Repositórios/apache-airflow-extracao-de-dados/venv/lib/python3.9/site-packages/airflow/example_dags/example_task_group.py
[2024-03-18 20:09:02,637] {processor.py:651} INFO - DAG(s) dict_keys(['example_task_group']) retrieved from /home/sheyla/Documents/Repositórios/apache-airflow-extracao-de-dados/venv/lib/python3.9/site-packages/airflow/example_dags/example_task_group.py
[2024-03-18 20:09:02,648] {logging_mixin.py:115} INFO - [2024-03-18 20:09:02,648] {dag.py:2379} INFO - Sync 1 DAGs
[2024-03-18 20:09:02,660] {logging_mixin.py:115} INFO - [2024-03-18 20:09:02,660] {dag.py:2927} INFO - Setting next_dagrun for example_task_group to 2024-03-17T23:09:02.659931+00:00, run_after=2024-03-18T23:09:02.659931+00:00
[2024-03-18 20:09:02,671] {processor.py:161} INFO - Processing /home/sheyla/Documents/Repositórios/apache-airflow-extracao-de-dados/venv/lib/python3.9/site-packages/airflow/example_dags/example_task_group.py took 0.043 seconds
