[2024-03-18 19:57:23,360] {processor.py:153} INFO - Started process (PID=1990187) to work on /home/sheyla/Documents/Repositórios/apache-airflow-extracao-de-dados/venv/lib/python3.9/site-packages/airflow/example_dags/example_bash_operator.py
[2024-03-18 19:57:23,360] {processor.py:641} INFO - Processing file /home/sheyla/Documents/Repositórios/apache-airflow-extracao-de-dados/venv/lib/python3.9/site-packages/airflow/example_dags/example_bash_operator.py for tasks to queue
[2024-03-18 19:57:23,360] {logging_mixin.py:115} INFO - [2024-03-18 19:57:23,360] {dagbag.py:507} INFO - Filling up the DagBag from /home/sheyla/Documents/Repositórios/apache-airflow-extracao-de-dados/venv/lib/python3.9/site-packages/airflow/example_dags/example_bash_operator.py
[2024-03-18 19:57:23,369] {processor.py:651} INFO - DAG(s) dict_keys(['example_bash_operator']) retrieved from /home/sheyla/Documents/Repositórios/apache-airflow-extracao-de-dados/venv/lib/python3.9/site-packages/airflow/example_dags/example_bash_operator.py
[2024-03-18 19:57:23,493] {logging_mixin.py:115} INFO - [2024-03-18 19:57:23,493] {manager.py:508} INFO - Created Permission View: can delete on DAG:example_bash_operator
[2024-03-18 19:57:23,539] {logging_mixin.py:115} INFO - [2024-03-18 19:57:23,539] {manager.py:508} INFO - Created Permission View: can edit on DAG:example_bash_operator
[2024-03-18 19:57:23,592] {logging_mixin.py:115} INFO - [2024-03-18 19:57:23,592] {manager.py:508} INFO - Created Permission View: can read on DAG:example_bash_operator
[2024-03-18 19:57:23,593] {logging_mixin.py:115} INFO - [2024-03-18 19:57:23,593] {dag.py:2379} INFO - Sync 1 DAGs
[2024-03-18 19:57:23,613] {logging_mixin.py:115} INFO - [2024-03-18 19:57:23,613] {dag.py:2398} INFO - Creating ORM DAG for example_bash_operator
[2024-03-18 19:57:23,628] {logging_mixin.py:115} INFO - [2024-03-18 19:57:23,628] {dag.py:2927} INFO - Setting next_dagrun for example_bash_operator to 2024-03-17T00:00:00+00:00, run_after=2024-03-18T00:00:00+00:00
[2024-03-18 19:57:23,679] {processor.py:161} INFO - Processing /home/sheyla/Documents/Repositórios/apache-airflow-extracao-de-dados/venv/lib/python3.9/site-packages/airflow/example_dags/example_bash_operator.py took 0.322 seconds
[2024-03-18 19:57:59,798] {processor.py:153} INFO - Started process (PID=1990554) to work on /home/sheyla/Documents/Repositórios/apache-airflow-extracao-de-dados/venv/lib/python3.9/site-packages/airflow/example_dags/example_bash_operator.py
[2024-03-18 19:57:59,805] {processor.py:641} INFO - Processing file /home/sheyla/Documents/Repositórios/apache-airflow-extracao-de-dados/venv/lib/python3.9/site-packages/airflow/example_dags/example_bash_operator.py for tasks to queue
[2024-03-18 19:57:59,806] {logging_mixin.py:115} INFO - [2024-03-18 19:57:59,806] {dagbag.py:507} INFO - Filling up the DagBag from /home/sheyla/Documents/Repositórios/apache-airflow-extracao-de-dados/venv/lib/python3.9/site-packages/airflow/example_dags/example_bash_operator.py
[2024-03-18 19:57:59,831] {processor.py:651} INFO - DAG(s) dict_keys(['example_bash_operator']) retrieved from /home/sheyla/Documents/Repositórios/apache-airflow-extracao-de-dados/venv/lib/python3.9/site-packages/airflow/example_dags/example_bash_operator.py
[2024-03-18 19:57:59,856] {logging_mixin.py:115} INFO - [2024-03-18 19:57:59,856] {dag.py:2379} INFO - Sync 1 DAGs
[2024-03-18 19:57:59,868] {logging_mixin.py:115} INFO - [2024-03-18 19:57:59,868] {dag.py:2927} INFO - Setting next_dagrun for example_bash_operator to 2024-03-17T00:00:00+00:00, run_after=2024-03-18T00:00:00+00:00
[2024-03-18 19:57:59,880] {processor.py:161} INFO - Processing /home/sheyla/Documents/Repositórios/apache-airflow-extracao-de-dados/venv/lib/python3.9/site-packages/airflow/example_dags/example_bash_operator.py took 0.088 seconds
[2024-03-18 19:58:34,173] {processor.py:153} INFO - Started process (PID=1990894) to work on /home/sheyla/Documents/Repositórios/apache-airflow-extracao-de-dados/venv/lib/python3.9/site-packages/airflow/example_dags/example_bash_operator.py
[2024-03-18 19:58:34,180] {processor.py:641} INFO - Processing file /home/sheyla/Documents/Repositórios/apache-airflow-extracao-de-dados/venv/lib/python3.9/site-packages/airflow/example_dags/example_bash_operator.py for tasks to queue
[2024-03-18 19:58:34,182] {logging_mixin.py:115} INFO - [2024-03-18 19:58:34,181] {dagbag.py:507} INFO - Filling up the DagBag from /home/sheyla/Documents/Repositórios/apache-airflow-extracao-de-dados/venv/lib/python3.9/site-packages/airflow/example_dags/example_bash_operator.py
[2024-03-18 19:58:34,206] {processor.py:651} INFO - DAG(s) dict_keys(['example_bash_operator']) retrieved from /home/sheyla/Documents/Repositórios/apache-airflow-extracao-de-dados/venv/lib/python3.9/site-packages/airflow/example_dags/example_bash_operator.py
[2024-03-18 19:58:34,222] {logging_mixin.py:115} INFO - [2024-03-18 19:58:34,222] {dag.py:2379} INFO - Sync 1 DAGs
[2024-03-18 19:58:34,235] {logging_mixin.py:115} INFO - [2024-03-18 19:58:34,235] {dag.py:2927} INFO - Setting next_dagrun for example_bash_operator to 2024-03-17T00:00:00+00:00, run_after=2024-03-18T00:00:00+00:00
[2024-03-18 19:58:34,246] {processor.py:161} INFO - Processing /home/sheyla/Documents/Repositórios/apache-airflow-extracao-de-dados/venv/lib/python3.9/site-packages/airflow/example_dags/example_bash_operator.py took 0.081 seconds
[2024-03-18 19:59:06,276] {processor.py:153} INFO - Started process (PID=1991220) to work on /home/sheyla/Documents/Repositórios/apache-airflow-extracao-de-dados/venv/lib/python3.9/site-packages/airflow/example_dags/example_bash_operator.py
[2024-03-18 19:59:06,277] {processor.py:641} INFO - Processing file /home/sheyla/Documents/Repositórios/apache-airflow-extracao-de-dados/venv/lib/python3.9/site-packages/airflow/example_dags/example_bash_operator.py for tasks to queue
[2024-03-18 19:59:06,279] {logging_mixin.py:115} INFO - [2024-03-18 19:59:06,278] {dagbag.py:507} INFO - Filling up the DagBag from /home/sheyla/Documents/Repositórios/apache-airflow-extracao-de-dados/venv/lib/python3.9/site-packages/airflow/example_dags/example_bash_operator.py
[2024-03-18 19:59:06,300] {processor.py:651} INFO - DAG(s) dict_keys(['example_bash_operator']) retrieved from /home/sheyla/Documents/Repositórios/apache-airflow-extracao-de-dados/venv/lib/python3.9/site-packages/airflow/example_dags/example_bash_operator.py
[2024-03-18 19:59:06,316] {logging_mixin.py:115} INFO - [2024-03-18 19:59:06,316] {dag.py:2379} INFO - Sync 1 DAGs
[2024-03-18 19:59:06,328] {logging_mixin.py:115} INFO - [2024-03-18 19:59:06,328] {dag.py:2927} INFO - Setting next_dagrun for example_bash_operator to 2024-03-17T00:00:00+00:00, run_after=2024-03-18T00:00:00+00:00
[2024-03-18 19:59:06,340] {processor.py:161} INFO - Processing /home/sheyla/Documents/Repositórios/apache-airflow-extracao-de-dados/venv/lib/python3.9/site-packages/airflow/example_dags/example_bash_operator.py took 0.072 seconds
[2024-03-18 19:59:42,100] {processor.py:153} INFO - Started process (PID=1991580) to work on /home/sheyla/Documents/Repositórios/apache-airflow-extracao-de-dados/venv/lib/python3.9/site-packages/airflow/example_dags/example_bash_operator.py
[2024-03-18 19:59:42,106] {processor.py:641} INFO - Processing file /home/sheyla/Documents/Repositórios/apache-airflow-extracao-de-dados/venv/lib/python3.9/site-packages/airflow/example_dags/example_bash_operator.py for tasks to queue
[2024-03-18 19:59:42,106] {logging_mixin.py:115} INFO - [2024-03-18 19:59:42,106] {dagbag.py:507} INFO - Filling up the DagBag from /home/sheyla/Documents/Repositórios/apache-airflow-extracao-de-dados/venv/lib/python3.9/site-packages/airflow/example_dags/example_bash_operator.py
[2024-03-18 19:59:42,116] {processor.py:651} INFO - DAG(s) dict_keys(['example_bash_operator']) retrieved from /home/sheyla/Documents/Repositórios/apache-airflow-extracao-de-dados/venv/lib/python3.9/site-packages/airflow/example_dags/example_bash_operator.py
[2024-03-18 19:59:42,130] {logging_mixin.py:115} INFO - [2024-03-18 19:59:42,130] {dag.py:2379} INFO - Sync 1 DAGs
[2024-03-18 19:59:42,142] {logging_mixin.py:115} INFO - [2024-03-18 19:59:42,142] {dag.py:2927} INFO - Setting next_dagrun for example_bash_operator to 2024-03-17T00:00:00+00:00, run_after=2024-03-18T00:00:00+00:00
[2024-03-18 19:59:42,153] {processor.py:161} INFO - Processing /home/sheyla/Documents/Repositórios/apache-airflow-extracao-de-dados/venv/lib/python3.9/site-packages/airflow/example_dags/example_bash_operator.py took 0.056 seconds
[2024-03-18 20:00:17,166] {processor.py:153} INFO - Started process (PID=1992009) to work on /home/sheyla/Documents/Repositórios/apache-airflow-extracao-de-dados/venv/lib/python3.9/site-packages/airflow/example_dags/example_bash_operator.py
[2024-03-18 20:00:17,172] {processor.py:641} INFO - Processing file /home/sheyla/Documents/Repositórios/apache-airflow-extracao-de-dados/venv/lib/python3.9/site-packages/airflow/example_dags/example_bash_operator.py for tasks to queue
[2024-03-18 20:00:17,173] {logging_mixin.py:115} INFO - [2024-03-18 20:00:17,173] {dagbag.py:507} INFO - Filling up the DagBag from /home/sheyla/Documents/Repositórios/apache-airflow-extracao-de-dados/venv/lib/python3.9/site-packages/airflow/example_dags/example_bash_operator.py
[2024-03-18 20:00:17,198] {processor.py:651} INFO - DAG(s) dict_keys(['example_bash_operator']) retrieved from /home/sheyla/Documents/Repositórios/apache-airflow-extracao-de-dados/venv/lib/python3.9/site-packages/airflow/example_dags/example_bash_operator.py
[2024-03-18 20:00:17,214] {logging_mixin.py:115} INFO - [2024-03-18 20:00:17,214] {dag.py:2379} INFO - Sync 1 DAGs
[2024-03-18 20:00:17,227] {logging_mixin.py:115} INFO - [2024-03-18 20:00:17,226] {dag.py:2927} INFO - Setting next_dagrun for example_bash_operator to 2024-03-17T00:00:00+00:00, run_after=2024-03-18T00:00:00+00:00
[2024-03-18 20:00:17,244] {processor.py:161} INFO - Processing /home/sheyla/Documents/Repositórios/apache-airflow-extracao-de-dados/venv/lib/python3.9/site-packages/airflow/example_dags/example_bash_operator.py took 0.085 seconds
[2024-03-18 20:00:50,642] {processor.py:153} INFO - Started process (PID=1992349) to work on /home/sheyla/Documents/Repositórios/apache-airflow-extracao-de-dados/venv/lib/python3.9/site-packages/airflow/example_dags/example_bash_operator.py
[2024-03-18 20:00:50,648] {processor.py:641} INFO - Processing file /home/sheyla/Documents/Repositórios/apache-airflow-extracao-de-dados/venv/lib/python3.9/site-packages/airflow/example_dags/example_bash_operator.py for tasks to queue
[2024-03-18 20:00:50,648] {logging_mixin.py:115} INFO - [2024-03-18 20:00:50,648] {dagbag.py:507} INFO - Filling up the DagBag from /home/sheyla/Documents/Repositórios/apache-airflow-extracao-de-dados/venv/lib/python3.9/site-packages/airflow/example_dags/example_bash_operator.py
[2024-03-18 20:00:50,662] {processor.py:651} INFO - DAG(s) dict_keys(['example_bash_operator']) retrieved from /home/sheyla/Documents/Repositórios/apache-airflow-extracao-de-dados/venv/lib/python3.9/site-packages/airflow/example_dags/example_bash_operator.py
[2024-03-18 20:00:50,682] {logging_mixin.py:115} INFO - [2024-03-18 20:00:50,682] {dag.py:2379} INFO - Sync 1 DAGs
[2024-03-18 20:00:50,695] {logging_mixin.py:115} INFO - [2024-03-18 20:00:50,695] {dag.py:2927} INFO - Setting next_dagrun for example_bash_operator to 2024-03-17T00:00:00+00:00, run_after=2024-03-18T00:00:00+00:00
[2024-03-18 20:00:50,769] {processor.py:161} INFO - Processing /home/sheyla/Documents/Repositórios/apache-airflow-extracao-de-dados/venv/lib/python3.9/site-packages/airflow/example_dags/example_bash_operator.py took 0.129 seconds
[2024-03-18 20:01:22,837] {processor.py:153} INFO - Started process (PID=1992671) to work on /home/sheyla/Documents/Repositórios/apache-airflow-extracao-de-dados/venv/lib/python3.9/site-packages/airflow/example_dags/example_bash_operator.py
[2024-03-18 20:01:22,840] {processor.py:641} INFO - Processing file /home/sheyla/Documents/Repositórios/apache-airflow-extracao-de-dados/venv/lib/python3.9/site-packages/airflow/example_dags/example_bash_operator.py for tasks to queue
[2024-03-18 20:01:22,841] {logging_mixin.py:115} INFO - [2024-03-18 20:01:22,841] {dagbag.py:507} INFO - Filling up the DagBag from /home/sheyla/Documents/Repositórios/apache-airflow-extracao-de-dados/venv/lib/python3.9/site-packages/airflow/example_dags/example_bash_operator.py
[2024-03-18 20:01:22,848] {processor.py:651} INFO - DAG(s) dict_keys(['example_bash_operator']) retrieved from /home/sheyla/Documents/Repositórios/apache-airflow-extracao-de-dados/venv/lib/python3.9/site-packages/airflow/example_dags/example_bash_operator.py
[2024-03-18 20:01:22,860] {logging_mixin.py:115} INFO - [2024-03-18 20:01:22,860] {dag.py:2379} INFO - Sync 1 DAGs
[2024-03-18 20:01:22,872] {logging_mixin.py:115} INFO - [2024-03-18 20:01:22,872] {dag.py:2927} INFO - Setting next_dagrun for example_bash_operator to 2024-03-17T00:00:00+00:00, run_after=2024-03-18T00:00:00+00:00
[2024-03-18 20:01:22,882] {processor.py:161} INFO - Processing /home/sheyla/Documents/Repositórios/apache-airflow-extracao-de-dados/venv/lib/python3.9/site-packages/airflow/example_dags/example_bash_operator.py took 0.047 seconds
[2024-03-18 20:01:54,907] {processor.py:153} INFO - Started process (PID=1993016) to work on /home/sheyla/Documents/Repositórios/apache-airflow-extracao-de-dados/venv/lib/python3.9/site-packages/airflow/example_dags/example_bash_operator.py
[2024-03-18 20:01:54,913] {processor.py:641} INFO - Processing file /home/sheyla/Documents/Repositórios/apache-airflow-extracao-de-dados/venv/lib/python3.9/site-packages/airflow/example_dags/example_bash_operator.py for tasks to queue
[2024-03-18 20:01:54,913] {logging_mixin.py:115} INFO - [2024-03-18 20:01:54,913] {dagbag.py:507} INFO - Filling up the DagBag from /home/sheyla/Documents/Repositórios/apache-airflow-extracao-de-dados/venv/lib/python3.9/site-packages/airflow/example_dags/example_bash_operator.py
[2024-03-18 20:01:54,923] {processor.py:651} INFO - DAG(s) dict_keys(['example_bash_operator']) retrieved from /home/sheyla/Documents/Repositórios/apache-airflow-extracao-de-dados/venv/lib/python3.9/site-packages/airflow/example_dags/example_bash_operator.py
[2024-03-18 20:01:54,939] {logging_mixin.py:115} INFO - [2024-03-18 20:01:54,938] {dag.py:2379} INFO - Sync 1 DAGs
[2024-03-18 20:01:54,952] {logging_mixin.py:115} INFO - [2024-03-18 20:01:54,952] {dag.py:2927} INFO - Setting next_dagrun for example_bash_operator to 2024-03-17T00:00:00+00:00, run_after=2024-03-18T00:00:00+00:00
[2024-03-18 20:01:54,964] {processor.py:161} INFO - Processing /home/sheyla/Documents/Repositórios/apache-airflow-extracao-de-dados/venv/lib/python3.9/site-packages/airflow/example_dags/example_bash_operator.py took 0.059 seconds
[2024-03-18 20:02:30,092] {processor.py:153} INFO - Started process (PID=1993371) to work on /home/sheyla/Documents/Repositórios/apache-airflow-extracao-de-dados/venv/lib/python3.9/site-packages/airflow/example_dags/example_bash_operator.py
[2024-03-18 20:02:30,097] {processor.py:641} INFO - Processing file /home/sheyla/Documents/Repositórios/apache-airflow-extracao-de-dados/venv/lib/python3.9/site-packages/airflow/example_dags/example_bash_operator.py for tasks to queue
[2024-03-18 20:02:30,098] {logging_mixin.py:115} INFO - [2024-03-18 20:02:30,098] {dagbag.py:507} INFO - Filling up the DagBag from /home/sheyla/Documents/Repositórios/apache-airflow-extracao-de-dados/venv/lib/python3.9/site-packages/airflow/example_dags/example_bash_operator.py
[2024-03-18 20:02:30,108] {processor.py:651} INFO - DAG(s) dict_keys(['example_bash_operator']) retrieved from /home/sheyla/Documents/Repositórios/apache-airflow-extracao-de-dados/venv/lib/python3.9/site-packages/airflow/example_dags/example_bash_operator.py
[2024-03-18 20:02:30,122] {logging_mixin.py:115} INFO - [2024-03-18 20:02:30,122] {dag.py:2379} INFO - Sync 1 DAGs
[2024-03-18 20:02:30,135] {logging_mixin.py:115} INFO - [2024-03-18 20:02:30,135] {dag.py:2927} INFO - Setting next_dagrun for example_bash_operator to 2024-03-17T00:00:00+00:00, run_after=2024-03-18T00:00:00+00:00
[2024-03-18 20:02:30,146] {processor.py:161} INFO - Processing /home/sheyla/Documents/Repositórios/apache-airflow-extracao-de-dados/venv/lib/python3.9/site-packages/airflow/example_dags/example_bash_operator.py took 0.056 seconds
[2024-03-18 20:03:03,669] {processor.py:153} INFO - Started process (PID=1993711) to work on /home/sheyla/Documents/Repositórios/apache-airflow-extracao-de-dados/venv/lib/python3.9/site-packages/airflow/example_dags/example_bash_operator.py
[2024-03-18 20:03:03,670] {processor.py:641} INFO - Processing file /home/sheyla/Documents/Repositórios/apache-airflow-extracao-de-dados/venv/lib/python3.9/site-packages/airflow/example_dags/example_bash_operator.py for tasks to queue
[2024-03-18 20:03:03,672] {logging_mixin.py:115} INFO - [2024-03-18 20:03:03,671] {dagbag.py:507} INFO - Filling up the DagBag from /home/sheyla/Documents/Repositórios/apache-airflow-extracao-de-dados/venv/lib/python3.9/site-packages/airflow/example_dags/example_bash_operator.py
[2024-03-18 20:03:03,693] {processor.py:651} INFO - DAG(s) dict_keys(['example_bash_operator']) retrieved from /home/sheyla/Documents/Repositórios/apache-airflow-extracao-de-dados/venv/lib/python3.9/site-packages/airflow/example_dags/example_bash_operator.py
[2024-03-18 20:03:03,709] {logging_mixin.py:115} INFO - [2024-03-18 20:03:03,709] {dag.py:2379} INFO - Sync 1 DAGs
[2024-03-18 20:03:03,721] {logging_mixin.py:115} INFO - [2024-03-18 20:03:03,721] {dag.py:2927} INFO - Setting next_dagrun for example_bash_operator to 2024-03-17T00:00:00+00:00, run_after=2024-03-18T00:00:00+00:00
[2024-03-18 20:03:03,733] {processor.py:161} INFO - Processing /home/sheyla/Documents/Repositórios/apache-airflow-extracao-de-dados/venv/lib/python3.9/site-packages/airflow/example_dags/example_bash_operator.py took 0.070 seconds
[2024-03-18 20:03:38,175] {processor.py:153} INFO - Started process (PID=1994052) to work on /home/sheyla/Documents/Repositórios/apache-airflow-extracao-de-dados/venv/lib/python3.9/site-packages/airflow/example_dags/example_bash_operator.py
[2024-03-18 20:03:38,175] {processor.py:641} INFO - Processing file /home/sheyla/Documents/Repositórios/apache-airflow-extracao-de-dados/venv/lib/python3.9/site-packages/airflow/example_dags/example_bash_operator.py for tasks to queue
[2024-03-18 20:03:38,176] {logging_mixin.py:115} INFO - [2024-03-18 20:03:38,176] {dagbag.py:507} INFO - Filling up the DagBag from /home/sheyla/Documents/Repositórios/apache-airflow-extracao-de-dados/venv/lib/python3.9/site-packages/airflow/example_dags/example_bash_operator.py
[2024-03-18 20:03:38,187] {processor.py:651} INFO - DAG(s) dict_keys(['example_bash_operator']) retrieved from /home/sheyla/Documents/Repositórios/apache-airflow-extracao-de-dados/venv/lib/python3.9/site-packages/airflow/example_dags/example_bash_operator.py
[2024-03-18 20:03:38,202] {logging_mixin.py:115} INFO - [2024-03-18 20:03:38,202] {dag.py:2379} INFO - Sync 1 DAGs
[2024-03-18 20:03:38,213] {logging_mixin.py:115} INFO - [2024-03-18 20:03:38,213] {dag.py:2927} INFO - Setting next_dagrun for example_bash_operator to 2024-03-17T00:00:00+00:00, run_after=2024-03-18T00:00:00+00:00
[2024-03-18 20:03:38,225] {processor.py:161} INFO - Processing /home/sheyla/Documents/Repositórios/apache-airflow-extracao-de-dados/venv/lib/python3.9/site-packages/airflow/example_dags/example_bash_operator.py took 0.054 seconds
[2024-03-18 20:04:09,058] {processor.py:153} INFO - Started process (PID=1994357) to work on /home/sheyla/Documents/Repositórios/apache-airflow-extracao-de-dados/venv/lib/python3.9/site-packages/airflow/example_dags/example_bash_operator.py
[2024-03-18 20:04:09,059] {processor.py:641} INFO - Processing file /home/sheyla/Documents/Repositórios/apache-airflow-extracao-de-dados/venv/lib/python3.9/site-packages/airflow/example_dags/example_bash_operator.py for tasks to queue
[2024-03-18 20:04:09,060] {logging_mixin.py:115} INFO - [2024-03-18 20:04:09,060] {dagbag.py:507} INFO - Filling up the DagBag from /home/sheyla/Documents/Repositórios/apache-airflow-extracao-de-dados/venv/lib/python3.9/site-packages/airflow/example_dags/example_bash_operator.py
[2024-03-18 20:04:09,081] {processor.py:651} INFO - DAG(s) dict_keys(['example_bash_operator']) retrieved from /home/sheyla/Documents/Repositórios/apache-airflow-extracao-de-dados/venv/lib/python3.9/site-packages/airflow/example_dags/example_bash_operator.py
[2024-03-18 20:04:09,097] {logging_mixin.py:115} INFO - [2024-03-18 20:04:09,096] {dag.py:2379} INFO - Sync 1 DAGs
[2024-03-18 20:04:09,109] {logging_mixin.py:115} INFO - [2024-03-18 20:04:09,109] {dag.py:2927} INFO - Setting next_dagrun for example_bash_operator to 2024-03-17T00:00:00+00:00, run_after=2024-03-18T00:00:00+00:00
[2024-03-18 20:04:09,126] {processor.py:161} INFO - Processing /home/sheyla/Documents/Repositórios/apache-airflow-extracao-de-dados/venv/lib/python3.9/site-packages/airflow/example_dags/example_bash_operator.py took 0.075 seconds
[2024-03-18 20:04:45,240] {processor.py:153} INFO - Started process (PID=1994720) to work on /home/sheyla/Documents/Repositórios/apache-airflow-extracao-de-dados/venv/lib/python3.9/site-packages/airflow/example_dags/example_bash_operator.py
[2024-03-18 20:04:45,241] {processor.py:641} INFO - Processing file /home/sheyla/Documents/Repositórios/apache-airflow-extracao-de-dados/venv/lib/python3.9/site-packages/airflow/example_dags/example_bash_operator.py for tasks to queue
[2024-03-18 20:04:45,241] {logging_mixin.py:115} INFO - [2024-03-18 20:04:45,241] {dagbag.py:507} INFO - Filling up the DagBag from /home/sheyla/Documents/Repositórios/apache-airflow-extracao-de-dados/venv/lib/python3.9/site-packages/airflow/example_dags/example_bash_operator.py
[2024-03-18 20:04:45,250] {processor.py:651} INFO - DAG(s) dict_keys(['example_bash_operator']) retrieved from /home/sheyla/Documents/Repositórios/apache-airflow-extracao-de-dados/venv/lib/python3.9/site-packages/airflow/example_dags/example_bash_operator.py
[2024-03-18 20:04:45,264] {logging_mixin.py:115} INFO - [2024-03-18 20:04:45,264] {dag.py:2379} INFO - Sync 1 DAGs
[2024-03-18 20:04:45,276] {logging_mixin.py:115} INFO - [2024-03-18 20:04:45,276] {dag.py:2927} INFO - Setting next_dagrun for example_bash_operator to 2024-03-17T00:00:00+00:00, run_after=2024-03-18T00:00:00+00:00
[2024-03-18 20:04:45,288] {processor.py:161} INFO - Processing /home/sheyla/Documents/Repositórios/apache-airflow-extracao-de-dados/venv/lib/python3.9/site-packages/airflow/example_dags/example_bash_operator.py took 0.051 seconds
[2024-03-18 20:05:17,630] {processor.py:153} INFO - Started process (PID=1995048) to work on /home/sheyla/Documents/Repositórios/apache-airflow-extracao-de-dados/venv/lib/python3.9/site-packages/airflow/example_dags/example_bash_operator.py
[2024-03-18 20:05:17,636] {processor.py:641} INFO - Processing file /home/sheyla/Documents/Repositórios/apache-airflow-extracao-de-dados/venv/lib/python3.9/site-packages/airflow/example_dags/example_bash_operator.py for tasks to queue
[2024-03-18 20:05:17,637] {logging_mixin.py:115} INFO - [2024-03-18 20:05:17,637] {dagbag.py:507} INFO - Filling up the DagBag from /home/sheyla/Documents/Repositórios/apache-airflow-extracao-de-dados/venv/lib/python3.9/site-packages/airflow/example_dags/example_bash_operator.py
[2024-03-18 20:05:17,663] {processor.py:651} INFO - DAG(s) dict_keys(['example_bash_operator']) retrieved from /home/sheyla/Documents/Repositórios/apache-airflow-extracao-de-dados/venv/lib/python3.9/site-packages/airflow/example_dags/example_bash_operator.py
[2024-03-18 20:05:17,680] {logging_mixin.py:115} INFO - [2024-03-18 20:05:17,680] {dag.py:2379} INFO - Sync 1 DAGs
[2024-03-18 20:05:17,693] {logging_mixin.py:115} INFO - [2024-03-18 20:05:17,693] {dag.py:2927} INFO - Setting next_dagrun for example_bash_operator to 2024-03-17T00:00:00+00:00, run_after=2024-03-18T00:00:00+00:00
[2024-03-18 20:05:17,704] {processor.py:161} INFO - Processing /home/sheyla/Documents/Repositórios/apache-airflow-extracao-de-dados/venv/lib/python3.9/site-packages/airflow/example_dags/example_bash_operator.py took 0.079 seconds
[2024-03-18 20:05:52,683] {processor.py:153} INFO - Started process (PID=1995500) to work on /home/sheyla/Documents/Repositórios/apache-airflow-extracao-de-dados/venv/lib/python3.9/site-packages/airflow/example_dags/example_bash_operator.py
[2024-03-18 20:05:52,684] {processor.py:641} INFO - Processing file /home/sheyla/Documents/Repositórios/apache-airflow-extracao-de-dados/venv/lib/python3.9/site-packages/airflow/example_dags/example_bash_operator.py for tasks to queue
[2024-03-18 20:05:52,686] {logging_mixin.py:115} INFO - [2024-03-18 20:05:52,686] {dagbag.py:507} INFO - Filling up the DagBag from /home/sheyla/Documents/Repositórios/apache-airflow-extracao-de-dados/venv/lib/python3.9/site-packages/airflow/example_dags/example_bash_operator.py
[2024-03-18 20:05:52,712] {processor.py:651} INFO - DAG(s) dict_keys(['example_bash_operator']) retrieved from /home/sheyla/Documents/Repositórios/apache-airflow-extracao-de-dados/venv/lib/python3.9/site-packages/airflow/example_dags/example_bash_operator.py
[2024-03-18 20:05:52,729] {logging_mixin.py:115} INFO - [2024-03-18 20:05:52,729] {dag.py:2379} INFO - Sync 1 DAGs
[2024-03-18 20:05:52,743] {logging_mixin.py:115} INFO - [2024-03-18 20:05:52,742] {dag.py:2927} INFO - Setting next_dagrun for example_bash_operator to 2024-03-17T00:00:00+00:00, run_after=2024-03-18T00:00:00+00:00
[2024-03-18 20:05:52,755] {processor.py:161} INFO - Processing /home/sheyla/Documents/Repositórios/apache-airflow-extracao-de-dados/venv/lib/python3.9/site-packages/airflow/example_dags/example_bash_operator.py took 0.079 seconds
[2024-03-18 20:06:25,595] {processor.py:153} INFO - Started process (PID=1995829) to work on /home/sheyla/Documents/Repositórios/apache-airflow-extracao-de-dados/venv/lib/python3.9/site-packages/airflow/example_dags/example_bash_operator.py
[2024-03-18 20:06:25,601] {processor.py:641} INFO - Processing file /home/sheyla/Documents/Repositórios/apache-airflow-extracao-de-dados/venv/lib/python3.9/site-packages/airflow/example_dags/example_bash_operator.py for tasks to queue
[2024-03-18 20:06:25,601] {logging_mixin.py:115} INFO - [2024-03-18 20:06:25,601] {dagbag.py:507} INFO - Filling up the DagBag from /home/sheyla/Documents/Repositórios/apache-airflow-extracao-de-dados/venv/lib/python3.9/site-packages/airflow/example_dags/example_bash_operator.py
[2024-03-18 20:06:25,615] {processor.py:651} INFO - DAG(s) dict_keys(['example_bash_operator']) retrieved from /home/sheyla/Documents/Repositórios/apache-airflow-extracao-de-dados/venv/lib/python3.9/site-packages/airflow/example_dags/example_bash_operator.py
[2024-03-18 20:06:25,634] {logging_mixin.py:115} INFO - [2024-03-18 20:06:25,634] {dag.py:2379} INFO - Sync 1 DAGs
[2024-03-18 20:06:25,648] {logging_mixin.py:115} INFO - [2024-03-18 20:06:25,648] {dag.py:2927} INFO - Setting next_dagrun for example_bash_operator to 2024-03-17T00:00:00+00:00, run_after=2024-03-18T00:00:00+00:00
[2024-03-18 20:06:25,660] {processor.py:161} INFO - Processing /home/sheyla/Documents/Repositórios/apache-airflow-extracao-de-dados/venv/lib/python3.9/site-packages/airflow/example_dags/example_bash_operator.py took 0.067 seconds
[2024-03-18 20:07:03,432] {processor.py:153} INFO - Started process (PID=1996234) to work on /home/sheyla/Documents/Repositórios/apache-airflow-extracao-de-dados/venv/lib/python3.9/site-packages/airflow/example_dags/example_bash_operator.py
[2024-03-18 20:07:03,437] {processor.py:641} INFO - Processing file /home/sheyla/Documents/Repositórios/apache-airflow-extracao-de-dados/venv/lib/python3.9/site-packages/airflow/example_dags/example_bash_operator.py for tasks to queue
[2024-03-18 20:07:03,438] {logging_mixin.py:115} INFO - [2024-03-18 20:07:03,438] {dagbag.py:507} INFO - Filling up the DagBag from /home/sheyla/Documents/Repositórios/apache-airflow-extracao-de-dados/venv/lib/python3.9/site-packages/airflow/example_dags/example_bash_operator.py
[2024-03-18 20:07:03,451] {processor.py:651} INFO - DAG(s) dict_keys(['example_bash_operator']) retrieved from /home/sheyla/Documents/Repositórios/apache-airflow-extracao-de-dados/venv/lib/python3.9/site-packages/airflow/example_dags/example_bash_operator.py
[2024-03-18 20:07:03,466] {logging_mixin.py:115} INFO - [2024-03-18 20:07:03,466] {dag.py:2379} INFO - Sync 1 DAGs
[2024-03-18 20:07:03,479] {logging_mixin.py:115} INFO - [2024-03-18 20:07:03,479] {dag.py:2927} INFO - Setting next_dagrun for example_bash_operator to 2024-03-17T00:00:00+00:00, run_after=2024-03-18T00:00:00+00:00
[2024-03-18 20:07:03,490] {processor.py:161} INFO - Processing /home/sheyla/Documents/Repositórios/apache-airflow-extracao-de-dados/venv/lib/python3.9/site-packages/airflow/example_dags/example_bash_operator.py took 0.061 seconds
[2024-03-18 20:07:37,524] {processor.py:153} INFO - Started process (PID=1996778) to work on /home/sheyla/Documents/Repositórios/apache-airflow-extracao-de-dados/venv/lib/python3.9/site-packages/airflow/example_dags/example_bash_operator.py
[2024-03-18 20:07:37,530] {processor.py:641} INFO - Processing file /home/sheyla/Documents/Repositórios/apache-airflow-extracao-de-dados/venv/lib/python3.9/site-packages/airflow/example_dags/example_bash_operator.py for tasks to queue
[2024-03-18 20:07:37,530] {logging_mixin.py:115} INFO - [2024-03-18 20:07:37,530] {dagbag.py:507} INFO - Filling up the DagBag from /home/sheyla/Documents/Repositórios/apache-airflow-extracao-de-dados/venv/lib/python3.9/site-packages/airflow/example_dags/example_bash_operator.py
[2024-03-18 20:07:37,539] {processor.py:651} INFO - DAG(s) dict_keys(['example_bash_operator']) retrieved from /home/sheyla/Documents/Repositórios/apache-airflow-extracao-de-dados/venv/lib/python3.9/site-packages/airflow/example_dags/example_bash_operator.py
[2024-03-18 20:07:37,548] {logging_mixin.py:115} INFO - [2024-03-18 20:07:37,548] {dag.py:2379} INFO - Sync 1 DAGs
[2024-03-18 20:07:37,560] {logging_mixin.py:115} INFO - [2024-03-18 20:07:37,560] {dag.py:2927} INFO - Setting next_dagrun for example_bash_operator to 2024-03-17T00:00:00+00:00, run_after=2024-03-18T00:00:00+00:00
[2024-03-18 20:07:37,572] {processor.py:161} INFO - Processing /home/sheyla/Documents/Repositórios/apache-airflow-extracao-de-dados/venv/lib/python3.9/site-packages/airflow/example_dags/example_bash_operator.py took 0.049 seconds
[2024-03-18 20:08:11,950] {processor.py:153} INFO - Started process (PID=1997683) to work on /home/sheyla/Documents/Repositórios/apache-airflow-extracao-de-dados/venv/lib/python3.9/site-packages/airflow/example_dags/example_bash_operator.py
[2024-03-18 20:08:11,955] {processor.py:641} INFO - Processing file /home/sheyla/Documents/Repositórios/apache-airflow-extracao-de-dados/venv/lib/python3.9/site-packages/airflow/example_dags/example_bash_operator.py for tasks to queue
[2024-03-18 20:08:11,955] {logging_mixin.py:115} INFO - [2024-03-18 20:08:11,955] {dagbag.py:507} INFO - Filling up the DagBag from /home/sheyla/Documents/Repositórios/apache-airflow-extracao-de-dados/venv/lib/python3.9/site-packages/airflow/example_dags/example_bash_operator.py
[2024-03-18 20:08:11,965] {processor.py:651} INFO - DAG(s) dict_keys(['example_bash_operator']) retrieved from /home/sheyla/Documents/Repositórios/apache-airflow-extracao-de-dados/venv/lib/python3.9/site-packages/airflow/example_dags/example_bash_operator.py
[2024-03-18 20:08:11,975] {logging_mixin.py:115} INFO - [2024-03-18 20:08:11,975] {dag.py:2379} INFO - Sync 1 DAGs
[2024-03-18 20:08:11,988] {logging_mixin.py:115} INFO - [2024-03-18 20:08:11,988] {dag.py:2927} INFO - Setting next_dagrun for example_bash_operator to 2024-03-17T00:00:00+00:00, run_after=2024-03-18T00:00:00+00:00
[2024-03-18 20:08:12,000] {processor.py:161} INFO - Processing /home/sheyla/Documents/Repositórios/apache-airflow-extracao-de-dados/venv/lib/python3.9/site-packages/airflow/example_dags/example_bash_operator.py took 0.052 seconds
[2024-03-18 20:08:49,162] {processor.py:153} INFO - Started process (PID=1998458) to work on /home/sheyla/Documents/Repositórios/apache-airflow-extracao-de-dados/venv/lib/python3.9/site-packages/airflow/example_dags/example_bash_operator.py
[2024-03-18 20:08:49,167] {processor.py:641} INFO - Processing file /home/sheyla/Documents/Repositórios/apache-airflow-extracao-de-dados/venv/lib/python3.9/site-packages/airflow/example_dags/example_bash_operator.py for tasks to queue
[2024-03-18 20:08:49,167] {logging_mixin.py:115} INFO - [2024-03-18 20:08:49,167] {dagbag.py:507} INFO - Filling up the DagBag from /home/sheyla/Documents/Repositórios/apache-airflow-extracao-de-dados/venv/lib/python3.9/site-packages/airflow/example_dags/example_bash_operator.py
[2024-03-18 20:08:49,175] {processor.py:651} INFO - DAG(s) dict_keys(['example_bash_operator']) retrieved from /home/sheyla/Documents/Repositórios/apache-airflow-extracao-de-dados/venv/lib/python3.9/site-packages/airflow/example_dags/example_bash_operator.py
[2024-03-18 20:08:49,185] {logging_mixin.py:115} INFO - [2024-03-18 20:08:49,185] {dag.py:2379} INFO - Sync 1 DAGs
[2024-03-18 20:08:49,200] {logging_mixin.py:115} INFO - [2024-03-18 20:08:49,200] {dag.py:2927} INFO - Setting next_dagrun for example_bash_operator to 2024-03-17T00:00:00+00:00, run_after=2024-03-18T00:00:00+00:00
[2024-03-18 20:08:49,245] {processor.py:161} INFO - Processing /home/sheyla/Documents/Repositórios/apache-airflow-extracao-de-dados/venv/lib/python3.9/site-packages/airflow/example_dags/example_bash_operator.py took 0.085 seconds
