[2024-03-18 19:57:03,988] {processor.py:153} INFO - Started process (PID=1989995) to work on /home/sheyla/Documents/Repositórios/apache-airflow-extracao-de-dados/venv/lib/python3.9/site-packages/airflow/example_dags/example_nested_branch_dag.py
[2024-03-18 19:57:03,988] {processor.py:641} INFO - Processing file /home/sheyla/Documents/Repositórios/apache-airflow-extracao-de-dados/venv/lib/python3.9/site-packages/airflow/example_dags/example_nested_branch_dag.py for tasks to queue
[2024-03-18 19:57:03,989] {logging_mixin.py:115} INFO - [2024-03-18 19:57:03,988] {dagbag.py:507} INFO - Filling up the DagBag from /home/sheyla/Documents/Repositórios/apache-airflow-extracao-de-dados/venv/lib/python3.9/site-packages/airflow/example_dags/example_nested_branch_dag.py
[2024-03-18 19:57:03,996] {processor.py:651} INFO - DAG(s) dict_keys(['example_nested_branch_dag']) retrieved from /home/sheyla/Documents/Repositórios/apache-airflow-extracao-de-dados/venv/lib/python3.9/site-packages/airflow/example_dags/example_nested_branch_dag.py
[2024-03-18 19:57:04,107] {logging_mixin.py:115} INFO - [2024-03-18 19:57:04,107] {manager.py:508} INFO - Created Permission View: can delete on DAG:example_nested_branch_dag
[2024-03-18 19:57:04,135] {logging_mixin.py:115} INFO - [2024-03-18 19:57:04,135] {manager.py:508} INFO - Created Permission View: can edit on DAG:example_nested_branch_dag
[2024-03-18 19:57:04,156] {logging_mixin.py:115} INFO - [2024-03-18 19:57:04,156] {manager.py:508} INFO - Created Permission View: can read on DAG:example_nested_branch_dag
[2024-03-18 19:57:04,156] {logging_mixin.py:115} INFO - [2024-03-18 19:57:04,156] {dag.py:2379} INFO - Sync 1 DAGs
[2024-03-18 19:57:04,162] {logging_mixin.py:115} INFO - [2024-03-18 19:57:04,162] {dag.py:2398} INFO - Creating ORM DAG for example_nested_branch_dag
[2024-03-18 19:57:04,171] {logging_mixin.py:115} INFO - [2024-03-18 19:57:04,171] {dag.py:2927} INFO - Setting next_dagrun for example_nested_branch_dag to 2024-03-17T00:00:00+00:00, run_after=2024-03-18T00:00:00+00:00
[2024-03-18 19:57:04,208] {processor.py:161} INFO - Processing /home/sheyla/Documents/Repositórios/apache-airflow-extracao-de-dados/venv/lib/python3.9/site-packages/airflow/example_dags/example_nested_branch_dag.py took 0.223 seconds
[2024-03-18 19:57:43,535] {processor.py:153} INFO - Started process (PID=1990394) to work on /home/sheyla/Documents/Repositórios/apache-airflow-extracao-de-dados/venv/lib/python3.9/site-packages/airflow/example_dags/example_nested_branch_dag.py
[2024-03-18 19:57:43,541] {processor.py:641} INFO - Processing file /home/sheyla/Documents/Repositórios/apache-airflow-extracao-de-dados/venv/lib/python3.9/site-packages/airflow/example_dags/example_nested_branch_dag.py for tasks to queue
[2024-03-18 19:57:43,542] {logging_mixin.py:115} INFO - [2024-03-18 19:57:43,542] {dagbag.py:507} INFO - Filling up the DagBag from /home/sheyla/Documents/Repositórios/apache-airflow-extracao-de-dados/venv/lib/python3.9/site-packages/airflow/example_dags/example_nested_branch_dag.py
[2024-03-18 19:57:43,564] {processor.py:651} INFO - DAG(s) dict_keys(['example_nested_branch_dag']) retrieved from /home/sheyla/Documents/Repositórios/apache-airflow-extracao-de-dados/venv/lib/python3.9/site-packages/airflow/example_dags/example_nested_branch_dag.py
[2024-03-18 19:57:43,581] {logging_mixin.py:115} INFO - [2024-03-18 19:57:43,581] {dag.py:2379} INFO - Sync 1 DAGs
[2024-03-18 19:57:43,594] {logging_mixin.py:115} INFO - [2024-03-18 19:57:43,594] {dag.py:2927} INFO - Setting next_dagrun for example_nested_branch_dag to 2024-03-17T00:00:00+00:00, run_after=2024-03-18T00:00:00+00:00
[2024-03-18 19:57:43,605] {processor.py:161} INFO - Processing /home/sheyla/Documents/Repositórios/apache-airflow-extracao-de-dados/venv/lib/python3.9/site-packages/airflow/example_dags/example_nested_branch_dag.py took 0.076 seconds
[2024-03-18 19:58:16,500] {processor.py:153} INFO - Started process (PID=1990722) to work on /home/sheyla/Documents/Repositórios/apache-airflow-extracao-de-dados/venv/lib/python3.9/site-packages/airflow/example_dags/example_nested_branch_dag.py
[2024-03-18 19:58:16,506] {processor.py:641} INFO - Processing file /home/sheyla/Documents/Repositórios/apache-airflow-extracao-de-dados/venv/lib/python3.9/site-packages/airflow/example_dags/example_nested_branch_dag.py for tasks to queue
[2024-03-18 19:58:16,508] {logging_mixin.py:115} INFO - [2024-03-18 19:58:16,508] {dagbag.py:507} INFO - Filling up the DagBag from /home/sheyla/Documents/Repositórios/apache-airflow-extracao-de-dados/venv/lib/python3.9/site-packages/airflow/example_dags/example_nested_branch_dag.py
[2024-03-18 19:58:16,530] {processor.py:651} INFO - DAG(s) dict_keys(['example_nested_branch_dag']) retrieved from /home/sheyla/Documents/Repositórios/apache-airflow-extracao-de-dados/venv/lib/python3.9/site-packages/airflow/example_dags/example_nested_branch_dag.py
[2024-03-18 19:58:16,547] {logging_mixin.py:115} INFO - [2024-03-18 19:58:16,547] {dag.py:2379} INFO - Sync 1 DAGs
[2024-03-18 19:58:16,561] {logging_mixin.py:115} INFO - [2024-03-18 19:58:16,561] {dag.py:2927} INFO - Setting next_dagrun for example_nested_branch_dag to 2024-03-17T00:00:00+00:00, run_after=2024-03-18T00:00:00+00:00
[2024-03-18 19:58:16,572] {processor.py:161} INFO - Processing /home/sheyla/Documents/Repositórios/apache-airflow-extracao-de-dados/venv/lib/python3.9/site-packages/airflow/example_dags/example_nested_branch_dag.py took 0.080 seconds
[2024-03-18 19:58:50,741] {processor.py:153} INFO - Started process (PID=1991056) to work on /home/sheyla/Documents/Repositórios/apache-airflow-extracao-de-dados/venv/lib/python3.9/site-packages/airflow/example_dags/example_nested_branch_dag.py
[2024-03-18 19:58:50,741] {processor.py:641} INFO - Processing file /home/sheyla/Documents/Repositórios/apache-airflow-extracao-de-dados/venv/lib/python3.9/site-packages/airflow/example_dags/example_nested_branch_dag.py for tasks to queue
[2024-03-18 19:58:50,742] {logging_mixin.py:115} INFO - [2024-03-18 19:58:50,742] {dagbag.py:507} INFO - Filling up the DagBag from /home/sheyla/Documents/Repositórios/apache-airflow-extracao-de-dados/venv/lib/python3.9/site-packages/airflow/example_dags/example_nested_branch_dag.py
[2024-03-18 19:58:50,751] {processor.py:651} INFO - DAG(s) dict_keys(['example_nested_branch_dag']) retrieved from /home/sheyla/Documents/Repositórios/apache-airflow-extracao-de-dados/venv/lib/python3.9/site-packages/airflow/example_dags/example_nested_branch_dag.py
[2024-03-18 19:58:50,770] {logging_mixin.py:115} INFO - [2024-03-18 19:58:50,770] {dag.py:2379} INFO - Sync 1 DAGs
[2024-03-18 19:58:50,784] {logging_mixin.py:115} INFO - [2024-03-18 19:58:50,784] {dag.py:2927} INFO - Setting next_dagrun for example_nested_branch_dag to 2024-03-17T00:00:00+00:00, run_after=2024-03-18T00:00:00+00:00
[2024-03-18 19:58:50,794] {processor.py:161} INFO - Processing /home/sheyla/Documents/Repositórios/apache-airflow-extracao-de-dados/venv/lib/python3.9/site-packages/airflow/example_dags/example_nested_branch_dag.py took 0.056 seconds
[2024-03-18 19:59:22,624] {processor.py:153} INFO - Started process (PID=1991383) to work on /home/sheyla/Documents/Repositórios/apache-airflow-extracao-de-dados/venv/lib/python3.9/site-packages/airflow/example_dags/example_nested_branch_dag.py
[2024-03-18 19:59:22,627] {processor.py:641} INFO - Processing file /home/sheyla/Documents/Repositórios/apache-airflow-extracao-de-dados/venv/lib/python3.9/site-packages/airflow/example_dags/example_nested_branch_dag.py for tasks to queue
[2024-03-18 19:59:22,628] {logging_mixin.py:115} INFO - [2024-03-18 19:59:22,628] {dagbag.py:507} INFO - Filling up the DagBag from /home/sheyla/Documents/Repositórios/apache-airflow-extracao-de-dados/venv/lib/python3.9/site-packages/airflow/example_dags/example_nested_branch_dag.py
[2024-03-18 19:59:22,641] {processor.py:651} INFO - DAG(s) dict_keys(['example_nested_branch_dag']) retrieved from /home/sheyla/Documents/Repositórios/apache-airflow-extracao-de-dados/venv/lib/python3.9/site-packages/airflow/example_dags/example_nested_branch_dag.py
[2024-03-18 19:59:22,665] {logging_mixin.py:115} INFO - [2024-03-18 19:59:22,665] {dag.py:2379} INFO - Sync 1 DAGs
[2024-03-18 19:59:22,680] {logging_mixin.py:115} INFO - [2024-03-18 19:59:22,680] {dag.py:2927} INFO - Setting next_dagrun for example_nested_branch_dag to 2024-03-17T00:00:00+00:00, run_after=2024-03-18T00:00:00+00:00
[2024-03-18 19:59:22,691] {processor.py:161} INFO - Processing /home/sheyla/Documents/Repositórios/apache-airflow-extracao-de-dados/venv/lib/python3.9/site-packages/airflow/example_dags/example_nested_branch_dag.py took 0.070 seconds
[2024-03-18 19:59:56,994] {processor.py:153} INFO - Started process (PID=1991749) to work on /home/sheyla/Documents/Repositórios/apache-airflow-extracao-de-dados/venv/lib/python3.9/site-packages/airflow/example_dags/example_nested_branch_dag.py
[2024-03-18 19:59:57,001] {processor.py:641} INFO - Processing file /home/sheyla/Documents/Repositórios/apache-airflow-extracao-de-dados/venv/lib/python3.9/site-packages/airflow/example_dags/example_nested_branch_dag.py for tasks to queue
[2024-03-18 19:59:57,002] {logging_mixin.py:115} INFO - [2024-03-18 19:59:57,001] {dagbag.py:507} INFO - Filling up the DagBag from /home/sheyla/Documents/Repositórios/apache-airflow-extracao-de-dados/venv/lib/python3.9/site-packages/airflow/example_dags/example_nested_branch_dag.py
[2024-03-18 19:59:57,022] {processor.py:651} INFO - DAG(s) dict_keys(['example_nested_branch_dag']) retrieved from /home/sheyla/Documents/Repositórios/apache-airflow-extracao-de-dados/venv/lib/python3.9/site-packages/airflow/example_dags/example_nested_branch_dag.py
[2024-03-18 19:59:57,040] {logging_mixin.py:115} INFO - [2024-03-18 19:59:57,039] {dag.py:2379} INFO - Sync 1 DAGs
[2024-03-18 19:59:57,053] {logging_mixin.py:115} INFO - [2024-03-18 19:59:57,053] {dag.py:2927} INFO - Setting next_dagrun for example_nested_branch_dag to 2024-03-17T00:00:00+00:00, run_after=2024-03-18T00:00:00+00:00
[2024-03-18 19:59:57,066] {processor.py:161} INFO - Processing /home/sheyla/Documents/Repositórios/apache-airflow-extracao-de-dados/venv/lib/python3.9/site-packages/airflow/example_dags/example_nested_branch_dag.py took 0.079 seconds
[2024-03-18 20:00:31,212] {processor.py:153} INFO - Started process (PID=1992164) to work on /home/sheyla/Documents/Repositórios/apache-airflow-extracao-de-dados/venv/lib/python3.9/site-packages/airflow/example_dags/example_nested_branch_dag.py
[2024-03-18 20:00:31,218] {processor.py:641} INFO - Processing file /home/sheyla/Documents/Repositórios/apache-airflow-extracao-de-dados/venv/lib/python3.9/site-packages/airflow/example_dags/example_nested_branch_dag.py for tasks to queue
[2024-03-18 20:00:31,220] {logging_mixin.py:115} INFO - [2024-03-18 20:00:31,219] {dagbag.py:507} INFO - Filling up the DagBag from /home/sheyla/Documents/Repositórios/apache-airflow-extracao-de-dados/venv/lib/python3.9/site-packages/airflow/example_dags/example_nested_branch_dag.py
[2024-03-18 20:00:31,241] {processor.py:651} INFO - DAG(s) dict_keys(['example_nested_branch_dag']) retrieved from /home/sheyla/Documents/Repositórios/apache-airflow-extracao-de-dados/venv/lib/python3.9/site-packages/airflow/example_dags/example_nested_branch_dag.py
[2024-03-18 20:00:31,258] {logging_mixin.py:115} INFO - [2024-03-18 20:00:31,258] {dag.py:2379} INFO - Sync 1 DAGs
[2024-03-18 20:00:31,271] {logging_mixin.py:115} INFO - [2024-03-18 20:00:31,270] {dag.py:2927} INFO - Setting next_dagrun for example_nested_branch_dag to 2024-03-17T00:00:00+00:00, run_after=2024-03-18T00:00:00+00:00
[2024-03-18 20:00:31,288] {processor.py:161} INFO - Processing /home/sheyla/Documents/Repositórios/apache-airflow-extracao-de-dados/venv/lib/python3.9/site-packages/airflow/example_dags/example_nested_branch_dag.py took 0.084 seconds
[2024-03-18 20:01:04,516] {processor.py:153} INFO - Started process (PID=1992489) to work on /home/sheyla/Documents/Repositórios/apache-airflow-extracao-de-dados/venv/lib/python3.9/site-packages/airflow/example_dags/example_nested_branch_dag.py
[2024-03-18 20:01:04,517] {processor.py:641} INFO - Processing file /home/sheyla/Documents/Repositórios/apache-airflow-extracao-de-dados/venv/lib/python3.9/site-packages/airflow/example_dags/example_nested_branch_dag.py for tasks to queue
[2024-03-18 20:01:04,518] {logging_mixin.py:115} INFO - [2024-03-18 20:01:04,518] {dagbag.py:507} INFO - Filling up the DagBag from /home/sheyla/Documents/Repositórios/apache-airflow-extracao-de-dados/venv/lib/python3.9/site-packages/airflow/example_dags/example_nested_branch_dag.py
[2024-03-18 20:01:04,538] {processor.py:651} INFO - DAG(s) dict_keys(['example_nested_branch_dag']) retrieved from /home/sheyla/Documents/Repositórios/apache-airflow-extracao-de-dados/venv/lib/python3.9/site-packages/airflow/example_dags/example_nested_branch_dag.py
[2024-03-18 20:01:04,555] {logging_mixin.py:115} INFO - [2024-03-18 20:01:04,555] {dag.py:2379} INFO - Sync 1 DAGs
[2024-03-18 20:01:04,568] {logging_mixin.py:115} INFO - [2024-03-18 20:01:04,568] {dag.py:2927} INFO - Setting next_dagrun for example_nested_branch_dag to 2024-03-17T00:00:00+00:00, run_after=2024-03-18T00:00:00+00:00
[2024-03-18 20:01:04,586] {processor.py:161} INFO - Processing /home/sheyla/Documents/Repositórios/apache-airflow-extracao-de-dados/venv/lib/python3.9/site-packages/airflow/example_dags/example_nested_branch_dag.py took 0.076 seconds
[2024-03-18 20:01:36,621] {processor.py:153} INFO - Started process (PID=1992813) to work on /home/sheyla/Documents/Repositórios/apache-airflow-extracao-de-dados/venv/lib/python3.9/site-packages/airflow/example_dags/example_nested_branch_dag.py
[2024-03-18 20:01:36,622] {processor.py:641} INFO - Processing file /home/sheyla/Documents/Repositórios/apache-airflow-extracao-de-dados/venv/lib/python3.9/site-packages/airflow/example_dags/example_nested_branch_dag.py for tasks to queue
[2024-03-18 20:01:36,622] {logging_mixin.py:115} INFO - [2024-03-18 20:01:36,622] {dagbag.py:507} INFO - Filling up the DagBag from /home/sheyla/Documents/Repositórios/apache-airflow-extracao-de-dados/venv/lib/python3.9/site-packages/airflow/example_dags/example_nested_branch_dag.py
[2024-03-18 20:01:36,634] {processor.py:651} INFO - DAG(s) dict_keys(['example_nested_branch_dag']) retrieved from /home/sheyla/Documents/Repositórios/apache-airflow-extracao-de-dados/venv/lib/python3.9/site-packages/airflow/example_dags/example_nested_branch_dag.py
[2024-03-18 20:01:36,652] {logging_mixin.py:115} INFO - [2024-03-18 20:01:36,652] {dag.py:2379} INFO - Sync 1 DAGs
[2024-03-18 20:01:36,665] {logging_mixin.py:115} INFO - [2024-03-18 20:01:36,665] {dag.py:2927} INFO - Setting next_dagrun for example_nested_branch_dag to 2024-03-17T00:00:00+00:00, run_after=2024-03-18T00:00:00+00:00
[2024-03-18 20:01:36,678] {processor.py:161} INFO - Processing /home/sheyla/Documents/Repositórios/apache-airflow-extracao-de-dados/venv/lib/python3.9/site-packages/airflow/example_dags/example_nested_branch_dag.py took 0.061 seconds
[2024-03-18 20:02:09,371] {processor.py:153} INFO - Started process (PID=1993162) to work on /home/sheyla/Documents/Repositórios/apache-airflow-extracao-de-dados/venv/lib/python3.9/site-packages/airflow/example_dags/example_nested_branch_dag.py
[2024-03-18 20:02:09,377] {processor.py:641} INFO - Processing file /home/sheyla/Documents/Repositórios/apache-airflow-extracao-de-dados/venv/lib/python3.9/site-packages/airflow/example_dags/example_nested_branch_dag.py for tasks to queue
[2024-03-18 20:02:09,377] {logging_mixin.py:115} INFO - [2024-03-18 20:02:09,377] {dagbag.py:507} INFO - Filling up the DagBag from /home/sheyla/Documents/Repositórios/apache-airflow-extracao-de-dados/venv/lib/python3.9/site-packages/airflow/example_dags/example_nested_branch_dag.py
[2024-03-18 20:02:09,389] {processor.py:651} INFO - DAG(s) dict_keys(['example_nested_branch_dag']) retrieved from /home/sheyla/Documents/Repositórios/apache-airflow-extracao-de-dados/venv/lib/python3.9/site-packages/airflow/example_dags/example_nested_branch_dag.py
[2024-03-18 20:02:09,410] {logging_mixin.py:115} INFO - [2024-03-18 20:02:09,410] {dag.py:2379} INFO - Sync 1 DAGs
[2024-03-18 20:02:09,424] {logging_mixin.py:115} INFO - [2024-03-18 20:02:09,424] {dag.py:2927} INFO - Setting next_dagrun for example_nested_branch_dag to 2024-03-17T00:00:00+00:00, run_after=2024-03-18T00:00:00+00:00
[2024-03-18 20:02:09,438] {processor.py:161} INFO - Processing /home/sheyla/Documents/Repositórios/apache-airflow-extracao-de-dados/venv/lib/python3.9/site-packages/airflow/example_dags/example_nested_branch_dag.py took 0.069 seconds
[2024-03-18 20:02:41,541] {processor.py:153} INFO - Started process (PID=1993494) to work on /home/sheyla/Documents/Repositórios/apache-airflow-extracao-de-dados/venv/lib/python3.9/site-packages/airflow/example_dags/example_nested_branch_dag.py
[2024-03-18 20:02:41,546] {processor.py:641} INFO - Processing file /home/sheyla/Documents/Repositórios/apache-airflow-extracao-de-dados/venv/lib/python3.9/site-packages/airflow/example_dags/example_nested_branch_dag.py for tasks to queue
[2024-03-18 20:02:41,547] {logging_mixin.py:115} INFO - [2024-03-18 20:02:41,547] {dagbag.py:507} INFO - Filling up the DagBag from /home/sheyla/Documents/Repositórios/apache-airflow-extracao-de-dados/venv/lib/python3.9/site-packages/airflow/example_dags/example_nested_branch_dag.py
[2024-03-18 20:02:41,553] {processor.py:651} INFO - DAG(s) dict_keys(['example_nested_branch_dag']) retrieved from /home/sheyla/Documents/Repositórios/apache-airflow-extracao-de-dados/venv/lib/python3.9/site-packages/airflow/example_dags/example_nested_branch_dag.py
[2024-03-18 20:02:41,564] {logging_mixin.py:115} INFO - [2024-03-18 20:02:41,564] {dag.py:2379} INFO - Sync 1 DAGs
[2024-03-18 20:02:41,575] {logging_mixin.py:115} INFO - [2024-03-18 20:02:41,575] {dag.py:2927} INFO - Setting next_dagrun for example_nested_branch_dag to 2024-03-17T00:00:00+00:00, run_after=2024-03-18T00:00:00+00:00
[2024-03-18 20:02:41,592] {processor.py:161} INFO - Processing /home/sheyla/Documents/Repositórios/apache-airflow-extracao-de-dados/venv/lib/python3.9/site-packages/airflow/example_dags/example_nested_branch_dag.py took 0.053 seconds
[2024-03-18 20:03:14,842] {processor.py:153} INFO - Started process (PID=1993820) to work on /home/sheyla/Documents/Repositórios/apache-airflow-extracao-de-dados/venv/lib/python3.9/site-packages/airflow/example_dags/example_nested_branch_dag.py
[2024-03-18 20:03:14,846] {processor.py:641} INFO - Processing file /home/sheyla/Documents/Repositórios/apache-airflow-extracao-de-dados/venv/lib/python3.9/site-packages/airflow/example_dags/example_nested_branch_dag.py for tasks to queue
[2024-03-18 20:03:14,846] {logging_mixin.py:115} INFO - [2024-03-18 20:03:14,846] {dagbag.py:507} INFO - Filling up the DagBag from /home/sheyla/Documents/Repositórios/apache-airflow-extracao-de-dados/venv/lib/python3.9/site-packages/airflow/example_dags/example_nested_branch_dag.py
[2024-03-18 20:03:14,857] {processor.py:651} INFO - DAG(s) dict_keys(['example_nested_branch_dag']) retrieved from /home/sheyla/Documents/Repositórios/apache-airflow-extracao-de-dados/venv/lib/python3.9/site-packages/airflow/example_dags/example_nested_branch_dag.py
[2024-03-18 20:03:14,876] {logging_mixin.py:115} INFO - [2024-03-18 20:03:14,876] {dag.py:2379} INFO - Sync 1 DAGs
[2024-03-18 20:03:14,890] {logging_mixin.py:115} INFO - [2024-03-18 20:03:14,890] {dag.py:2927} INFO - Setting next_dagrun for example_nested_branch_dag to 2024-03-17T00:00:00+00:00, run_after=2024-03-18T00:00:00+00:00
[2024-03-18 20:03:14,899] {processor.py:161} INFO - Processing /home/sheyla/Documents/Repositórios/apache-airflow-extracao-de-dados/venv/lib/python3.9/site-packages/airflow/example_dags/example_nested_branch_dag.py took 0.059 seconds
[2024-03-18 20:03:48,717] {processor.py:153} INFO - Started process (PID=1994158) to work on /home/sheyla/Documents/Repositórios/apache-airflow-extracao-de-dados/venv/lib/python3.9/site-packages/airflow/example_dags/example_nested_branch_dag.py
[2024-03-18 20:03:48,722] {processor.py:641} INFO - Processing file /home/sheyla/Documents/Repositórios/apache-airflow-extracao-de-dados/venv/lib/python3.9/site-packages/airflow/example_dags/example_nested_branch_dag.py for tasks to queue
[2024-03-18 20:03:48,723] {logging_mixin.py:115} INFO - [2024-03-18 20:03:48,723] {dagbag.py:507} INFO - Filling up the DagBag from /home/sheyla/Documents/Repositórios/apache-airflow-extracao-de-dados/venv/lib/python3.9/site-packages/airflow/example_dags/example_nested_branch_dag.py
[2024-03-18 20:03:48,732] {processor.py:651} INFO - DAG(s) dict_keys(['example_nested_branch_dag']) retrieved from /home/sheyla/Documents/Repositórios/apache-airflow-extracao-de-dados/venv/lib/python3.9/site-packages/airflow/example_dags/example_nested_branch_dag.py
[2024-03-18 20:03:48,750] {logging_mixin.py:115} INFO - [2024-03-18 20:03:48,750] {dag.py:2379} INFO - Sync 1 DAGs
[2024-03-18 20:03:48,764] {logging_mixin.py:115} INFO - [2024-03-18 20:03:48,764] {dag.py:2927} INFO - Setting next_dagrun for example_nested_branch_dag to 2024-03-17T00:00:00+00:00, run_after=2024-03-18T00:00:00+00:00
[2024-03-18 20:03:48,808] {processor.py:161} INFO - Processing /home/sheyla/Documents/Repositórios/apache-airflow-extracao-de-dados/venv/lib/python3.9/site-packages/airflow/example_dags/example_nested_branch_dag.py took 0.093 seconds
[2024-03-18 20:04:21,464] {processor.py:153} INFO - Started process (PID=1994483) to work on /home/sheyla/Documents/Repositórios/apache-airflow-extracao-de-dados/venv/lib/python3.9/site-packages/airflow/example_dags/example_nested_branch_dag.py
[2024-03-18 20:04:21,470] {processor.py:641} INFO - Processing file /home/sheyla/Documents/Repositórios/apache-airflow-extracao-de-dados/venv/lib/python3.9/site-packages/airflow/example_dags/example_nested_branch_dag.py for tasks to queue
[2024-03-18 20:04:21,471] {logging_mixin.py:115} INFO - [2024-03-18 20:04:21,471] {dagbag.py:507} INFO - Filling up the DagBag from /home/sheyla/Documents/Repositórios/apache-airflow-extracao-de-dados/venv/lib/python3.9/site-packages/airflow/example_dags/example_nested_branch_dag.py
[2024-03-18 20:04:21,497] {processor.py:651} INFO - DAG(s) dict_keys(['example_nested_branch_dag']) retrieved from /home/sheyla/Documents/Repositórios/apache-airflow-extracao-de-dados/venv/lib/python3.9/site-packages/airflow/example_dags/example_nested_branch_dag.py
[2024-03-18 20:04:21,517] {logging_mixin.py:115} INFO - [2024-03-18 20:04:21,517] {dag.py:2379} INFO - Sync 1 DAGs
[2024-03-18 20:04:21,530] {logging_mixin.py:115} INFO - [2024-03-18 20:04:21,530] {dag.py:2927} INFO - Setting next_dagrun for example_nested_branch_dag to 2024-03-17T00:00:00+00:00, run_after=2024-03-18T00:00:00+00:00
[2024-03-18 20:04:21,540] {processor.py:161} INFO - Processing /home/sheyla/Documents/Repositórios/apache-airflow-extracao-de-dados/venv/lib/python3.9/site-packages/airflow/example_dags/example_nested_branch_dag.py took 0.079 seconds
[2024-03-18 20:04:54,423] {processor.py:153} INFO - Started process (PID=1994814) to work on /home/sheyla/Documents/Repositórios/apache-airflow-extracao-de-dados/venv/lib/python3.9/site-packages/airflow/example_dags/example_nested_branch_dag.py
[2024-03-18 20:04:54,429] {processor.py:641} INFO - Processing file /home/sheyla/Documents/Repositórios/apache-airflow-extracao-de-dados/venv/lib/python3.9/site-packages/airflow/example_dags/example_nested_branch_dag.py for tasks to queue
[2024-03-18 20:04:54,429] {logging_mixin.py:115} INFO - [2024-03-18 20:04:54,429] {dagbag.py:507} INFO - Filling up the DagBag from /home/sheyla/Documents/Repositórios/apache-airflow-extracao-de-dados/venv/lib/python3.9/site-packages/airflow/example_dags/example_nested_branch_dag.py
[2024-03-18 20:04:54,442] {processor.py:651} INFO - DAG(s) dict_keys(['example_nested_branch_dag']) retrieved from /home/sheyla/Documents/Repositórios/apache-airflow-extracao-de-dados/venv/lib/python3.9/site-packages/airflow/example_dags/example_nested_branch_dag.py
[2024-03-18 20:04:54,464] {logging_mixin.py:115} INFO - [2024-03-18 20:04:54,464] {dag.py:2379} INFO - Sync 1 DAGs
[2024-03-18 20:04:54,478] {logging_mixin.py:115} INFO - [2024-03-18 20:04:54,478] {dag.py:2927} INFO - Setting next_dagrun for example_nested_branch_dag to 2024-03-17T00:00:00+00:00, run_after=2024-03-18T00:00:00+00:00
[2024-03-18 20:04:54,491] {processor.py:161} INFO - Processing /home/sheyla/Documents/Repositórios/apache-airflow-extracao-de-dados/venv/lib/python3.9/site-packages/airflow/example_dags/example_nested_branch_dag.py took 0.071 seconds
[2024-03-18 20:05:27,595] {processor.py:153} INFO - Started process (PID=1995152) to work on /home/sheyla/Documents/Repositórios/apache-airflow-extracao-de-dados/venv/lib/python3.9/site-packages/airflow/example_dags/example_nested_branch_dag.py
[2024-03-18 20:05:27,601] {processor.py:641} INFO - Processing file /home/sheyla/Documents/Repositórios/apache-airflow-extracao-de-dados/venv/lib/python3.9/site-packages/airflow/example_dags/example_nested_branch_dag.py for tasks to queue
[2024-03-18 20:05:27,602] {logging_mixin.py:115} INFO - [2024-03-18 20:05:27,601] {dagbag.py:507} INFO - Filling up the DagBag from /home/sheyla/Documents/Repositórios/apache-airflow-extracao-de-dados/venv/lib/python3.9/site-packages/airflow/example_dags/example_nested_branch_dag.py
[2024-03-18 20:05:27,618] {processor.py:651} INFO - DAG(s) dict_keys(['example_nested_branch_dag']) retrieved from /home/sheyla/Documents/Repositórios/apache-airflow-extracao-de-dados/venv/lib/python3.9/site-packages/airflow/example_dags/example_nested_branch_dag.py
[2024-03-18 20:05:27,635] {logging_mixin.py:115} INFO - [2024-03-18 20:05:27,635] {dag.py:2379} INFO - Sync 1 DAGs
[2024-03-18 20:05:27,650] {logging_mixin.py:115} INFO - [2024-03-18 20:05:27,650] {dag.py:2927} INFO - Setting next_dagrun for example_nested_branch_dag to 2024-03-17T00:00:00+00:00, run_after=2024-03-18T00:00:00+00:00
[2024-03-18 20:05:27,664] {processor.py:161} INFO - Processing /home/sheyla/Documents/Repositórios/apache-airflow-extracao-de-dados/venv/lib/python3.9/site-packages/airflow/example_dags/example_nested_branch_dag.py took 0.074 seconds
[2024-03-18 20:06:00,414] {processor.py:153} INFO - Started process (PID=1995574) to work on /home/sheyla/Documents/Repositórios/apache-airflow-extracao-de-dados/venv/lib/python3.9/site-packages/airflow/example_dags/example_nested_branch_dag.py
[2024-03-18 20:06:00,419] {processor.py:641} INFO - Processing file /home/sheyla/Documents/Repositórios/apache-airflow-extracao-de-dados/venv/lib/python3.9/site-packages/airflow/example_dags/example_nested_branch_dag.py for tasks to queue
[2024-03-18 20:06:00,420] {logging_mixin.py:115} INFO - [2024-03-18 20:06:00,420] {dagbag.py:507} INFO - Filling up the DagBag from /home/sheyla/Documents/Repositórios/apache-airflow-extracao-de-dados/venv/lib/python3.9/site-packages/airflow/example_dags/example_nested_branch_dag.py
[2024-03-18 20:06:00,427] {processor.py:651} INFO - DAG(s) dict_keys(['example_nested_branch_dag']) retrieved from /home/sheyla/Documents/Repositórios/apache-airflow-extracao-de-dados/venv/lib/python3.9/site-packages/airflow/example_dags/example_nested_branch_dag.py
[2024-03-18 20:06:00,442] {logging_mixin.py:115} INFO - [2024-03-18 20:06:00,442] {dag.py:2379} INFO - Sync 1 DAGs
[2024-03-18 20:06:00,454] {logging_mixin.py:115} INFO - [2024-03-18 20:06:00,454] {dag.py:2927} INFO - Setting next_dagrun for example_nested_branch_dag to 2024-03-17T00:00:00+00:00, run_after=2024-03-18T00:00:00+00:00
[2024-03-18 20:06:00,467] {processor.py:161} INFO - Processing /home/sheyla/Documents/Repositórios/apache-airflow-extracao-de-dados/venv/lib/python3.9/site-packages/airflow/example_dags/example_nested_branch_dag.py took 0.055 seconds
[2024-03-18 20:06:33,453] {processor.py:153} INFO - Started process (PID=1995909) to work on /home/sheyla/Documents/Repositórios/apache-airflow-extracao-de-dados/venv/lib/python3.9/site-packages/airflow/example_dags/example_nested_branch_dag.py
[2024-03-18 20:06:33,459] {processor.py:641} INFO - Processing file /home/sheyla/Documents/Repositórios/apache-airflow-extracao-de-dados/venv/lib/python3.9/site-packages/airflow/example_dags/example_nested_branch_dag.py for tasks to queue
[2024-03-18 20:06:33,459] {logging_mixin.py:115} INFO - [2024-03-18 20:06:33,459] {dagbag.py:507} INFO - Filling up the DagBag from /home/sheyla/Documents/Repositórios/apache-airflow-extracao-de-dados/venv/lib/python3.9/site-packages/airflow/example_dags/example_nested_branch_dag.py
[2024-03-18 20:06:33,470] {processor.py:651} INFO - DAG(s) dict_keys(['example_nested_branch_dag']) retrieved from /home/sheyla/Documents/Repositórios/apache-airflow-extracao-de-dados/venv/lib/python3.9/site-packages/airflow/example_dags/example_nested_branch_dag.py
[2024-03-18 20:06:33,491] {logging_mixin.py:115} INFO - [2024-03-18 20:06:33,491] {dag.py:2379} INFO - Sync 1 DAGs
[2024-03-18 20:06:33,506] {logging_mixin.py:115} INFO - [2024-03-18 20:06:33,506] {dag.py:2927} INFO - Setting next_dagrun for example_nested_branch_dag to 2024-03-17T00:00:00+00:00, run_after=2024-03-18T00:00:00+00:00
[2024-03-18 20:06:33,517] {processor.py:161} INFO - Processing /home/sheyla/Documents/Repositórios/apache-airflow-extracao-de-dados/venv/lib/python3.9/site-packages/airflow/example_dags/example_nested_branch_dag.py took 0.067 seconds
[2024-03-18 20:07:09,688] {processor.py:153} INFO - Started process (PID=1996294) to work on /home/sheyla/Documents/Repositórios/apache-airflow-extracao-de-dados/venv/lib/python3.9/site-packages/airflow/example_dags/example_nested_branch_dag.py
[2024-03-18 20:07:09,693] {processor.py:641} INFO - Processing file /home/sheyla/Documents/Repositórios/apache-airflow-extracao-de-dados/venv/lib/python3.9/site-packages/airflow/example_dags/example_nested_branch_dag.py for tasks to queue
[2024-03-18 20:07:09,694] {logging_mixin.py:115} INFO - [2024-03-18 20:07:09,694] {dagbag.py:507} INFO - Filling up the DagBag from /home/sheyla/Documents/Repositórios/apache-airflow-extracao-de-dados/venv/lib/python3.9/site-packages/airflow/example_dags/example_nested_branch_dag.py
[2024-03-18 20:07:09,712] {processor.py:651} INFO - DAG(s) dict_keys(['example_nested_branch_dag']) retrieved from /home/sheyla/Documents/Repositórios/apache-airflow-extracao-de-dados/venv/lib/python3.9/site-packages/airflow/example_dags/example_nested_branch_dag.py
[2024-03-18 20:07:09,731] {logging_mixin.py:115} INFO - [2024-03-18 20:07:09,731] {dag.py:2379} INFO - Sync 1 DAGs
[2024-03-18 20:07:09,746] {logging_mixin.py:115} INFO - [2024-03-18 20:07:09,746] {dag.py:2927} INFO - Setting next_dagrun for example_nested_branch_dag to 2024-03-17T00:00:00+00:00, run_after=2024-03-18T00:00:00+00:00
[2024-03-18 20:07:09,757] {processor.py:161} INFO - Processing /home/sheyla/Documents/Repositórios/apache-airflow-extracao-de-dados/venv/lib/python3.9/site-packages/airflow/example_dags/example_nested_branch_dag.py took 0.072 seconds
[2024-03-18 20:07:42,776] {processor.py:153} INFO - Started process (PID=1996947) to work on /home/sheyla/Documents/Repositórios/apache-airflow-extracao-de-dados/venv/lib/python3.9/site-packages/airflow/example_dags/example_nested_branch_dag.py
[2024-03-18 20:07:42,782] {processor.py:641} INFO - Processing file /home/sheyla/Documents/Repositórios/apache-airflow-extracao-de-dados/venv/lib/python3.9/site-packages/airflow/example_dags/example_nested_branch_dag.py for tasks to queue
[2024-03-18 20:07:42,782] {logging_mixin.py:115} INFO - [2024-03-18 20:07:42,782] {dagbag.py:507} INFO - Filling up the DagBag from /home/sheyla/Documents/Repositórios/apache-airflow-extracao-de-dados/venv/lib/python3.9/site-packages/airflow/example_dags/example_nested_branch_dag.py
[2024-03-18 20:07:42,790] {processor.py:651} INFO - DAG(s) dict_keys(['example_nested_branch_dag']) retrieved from /home/sheyla/Documents/Repositórios/apache-airflow-extracao-de-dados/venv/lib/python3.9/site-packages/airflow/example_dags/example_nested_branch_dag.py
[2024-03-18 20:07:42,800] {logging_mixin.py:115} INFO - [2024-03-18 20:07:42,800] {dag.py:2379} INFO - Sync 1 DAGs
[2024-03-18 20:07:42,812] {logging_mixin.py:115} INFO - [2024-03-18 20:07:42,812] {dag.py:2927} INFO - Setting next_dagrun for example_nested_branch_dag to 2024-03-17T00:00:00+00:00, run_after=2024-03-18T00:00:00+00:00
[2024-03-18 20:07:42,832] {processor.py:161} INFO - Processing /home/sheyla/Documents/Repositórios/apache-airflow-extracao-de-dados/venv/lib/python3.9/site-packages/airflow/example_dags/example_nested_branch_dag.py took 0.058 seconds
[2024-03-18 20:08:17,132] {processor.py:153} INFO - Started process (PID=1997794) to work on /home/sheyla/Documents/Repositórios/apache-airflow-extracao-de-dados/venv/lib/python3.9/site-packages/airflow/example_dags/example_nested_branch_dag.py
[2024-03-18 20:08:17,134] {processor.py:641} INFO - Processing file /home/sheyla/Documents/Repositórios/apache-airflow-extracao-de-dados/venv/lib/python3.9/site-packages/airflow/example_dags/example_nested_branch_dag.py for tasks to queue
[2024-03-18 20:08:17,135] {logging_mixin.py:115} INFO - [2024-03-18 20:08:17,135] {dagbag.py:507} INFO - Filling up the DagBag from /home/sheyla/Documents/Repositórios/apache-airflow-extracao-de-dados/venv/lib/python3.9/site-packages/airflow/example_dags/example_nested_branch_dag.py
[2024-03-18 20:08:17,149] {processor.py:651} INFO - DAG(s) dict_keys(['example_nested_branch_dag']) retrieved from /home/sheyla/Documents/Repositórios/apache-airflow-extracao-de-dados/venv/lib/python3.9/site-packages/airflow/example_dags/example_nested_branch_dag.py
[2024-03-18 20:08:17,160] {logging_mixin.py:115} INFO - [2024-03-18 20:08:17,160] {dag.py:2379} INFO - Sync 1 DAGs
[2024-03-18 20:08:17,173] {logging_mixin.py:115} INFO - [2024-03-18 20:08:17,172] {dag.py:2927} INFO - Setting next_dagrun for example_nested_branch_dag to 2024-03-17T00:00:00+00:00, run_after=2024-03-18T00:00:00+00:00
[2024-03-18 20:08:17,185] {processor.py:161} INFO - Processing /home/sheyla/Documents/Repositórios/apache-airflow-extracao-de-dados/venv/lib/python3.9/site-packages/airflow/example_dags/example_nested_branch_dag.py took 0.060 seconds
[2024-03-18 20:08:50,905] {processor.py:153} INFO - Started process (PID=1998473) to work on /home/sheyla/Documents/Repositórios/apache-airflow-extracao-de-dados/venv/lib/python3.9/site-packages/airflow/example_dags/example_nested_branch_dag.py
[2024-03-18 20:08:50,910] {processor.py:641} INFO - Processing file /home/sheyla/Documents/Repositórios/apache-airflow-extracao-de-dados/venv/lib/python3.9/site-packages/airflow/example_dags/example_nested_branch_dag.py for tasks to queue
[2024-03-18 20:08:50,910] {logging_mixin.py:115} INFO - [2024-03-18 20:08:50,910] {dagbag.py:507} INFO - Filling up the DagBag from /home/sheyla/Documents/Repositórios/apache-airflow-extracao-de-dados/venv/lib/python3.9/site-packages/airflow/example_dags/example_nested_branch_dag.py
[2024-03-18 20:08:50,918] {processor.py:651} INFO - DAG(s) dict_keys(['example_nested_branch_dag']) retrieved from /home/sheyla/Documents/Repositórios/apache-airflow-extracao-de-dados/venv/lib/python3.9/site-packages/airflow/example_dags/example_nested_branch_dag.py
[2024-03-18 20:08:50,929] {logging_mixin.py:115} INFO - [2024-03-18 20:08:50,929] {dag.py:2379} INFO - Sync 1 DAGs
[2024-03-18 20:08:50,941] {logging_mixin.py:115} INFO - [2024-03-18 20:08:50,941] {dag.py:2927} INFO - Setting next_dagrun for example_nested_branch_dag to 2024-03-17T00:00:00+00:00, run_after=2024-03-18T00:00:00+00:00
[2024-03-18 20:08:50,960] {processor.py:161} INFO - Processing /home/sheyla/Documents/Repositórios/apache-airflow-extracao-de-dados/venv/lib/python3.9/site-packages/airflow/example_dags/example_nested_branch_dag.py took 0.057 seconds
