[2024-03-18 19:56:58,955] {processor.py:153} INFO - Started process (PID=1989945) to work on /home/sheyla/Documents/Repositórios/apache-airflow-extracao-de-dados/venv/lib/python3.9/site-packages/airflow/example_dags/example_kubernetes_executor.py
[2024-03-18 19:56:58,956] {processor.py:641} INFO - Processing file /home/sheyla/Documents/Repositórios/apache-airflow-extracao-de-dados/venv/lib/python3.9/site-packages/airflow/example_dags/example_kubernetes_executor.py for tasks to queue
[2024-03-18 19:56:58,957] {logging_mixin.py:115} INFO - [2024-03-18 19:56:58,957] {dagbag.py:507} INFO - Filling up the DagBag from /home/sheyla/Documents/Repositórios/apache-airflow-extracao-de-dados/venv/lib/python3.9/site-packages/airflow/example_dags/example_kubernetes_executor.py
[2024-03-18 19:56:58,982] {logging_mixin.py:115} INFO - [2024-03-18 19:56:58,982] {example_kubernetes_executor.py:39} WARNING - The example_kubernetes_executor example DAG requires the kubernetes provider. Please install it with: pip install apache-airflow[cncf.kubernetes]
[2024-03-18 19:56:58,982] {processor.py:653} WARNING - No viable dags retrieved from /home/sheyla/Documents/Repositórios/apache-airflow-extracao-de-dados/venv/lib/python3.9/site-packages/airflow/example_dags/example_kubernetes_executor.py
[2024-03-18 19:56:58,992] {processor.py:161} INFO - Processing /home/sheyla/Documents/Repositórios/apache-airflow-extracao-de-dados/venv/lib/python3.9/site-packages/airflow/example_dags/example_kubernetes_executor.py took 0.045 seconds
[2024-03-18 19:57:39,837] {processor.py:153} INFO - Started process (PID=1990352) to work on /home/sheyla/Documents/Repositórios/apache-airflow-extracao-de-dados/venv/lib/python3.9/site-packages/airflow/example_dags/example_kubernetes_executor.py
[2024-03-18 19:57:39,837] {processor.py:641} INFO - Processing file /home/sheyla/Documents/Repositórios/apache-airflow-extracao-de-dados/venv/lib/python3.9/site-packages/airflow/example_dags/example_kubernetes_executor.py for tasks to queue
[2024-03-18 19:57:39,838] {logging_mixin.py:115} INFO - [2024-03-18 19:57:39,838] {dagbag.py:507} INFO - Filling up the DagBag from /home/sheyla/Documents/Repositórios/apache-airflow-extracao-de-dados/venv/lib/python3.9/site-packages/airflow/example_dags/example_kubernetes_executor.py
[2024-03-18 19:57:39,850] {logging_mixin.py:115} INFO - [2024-03-18 19:57:39,850] {example_kubernetes_executor.py:39} WARNING - The example_kubernetes_executor example DAG requires the kubernetes provider. Please install it with: pip install apache-airflow[cncf.kubernetes]
[2024-03-18 19:57:39,851] {processor.py:653} WARNING - No viable dags retrieved from /home/sheyla/Documents/Repositórios/apache-airflow-extracao-de-dados/venv/lib/python3.9/site-packages/airflow/example_dags/example_kubernetes_executor.py
[2024-03-18 19:57:39,860] {processor.py:161} INFO - Processing /home/sheyla/Documents/Repositórios/apache-airflow-extracao-de-dados/venv/lib/python3.9/site-packages/airflow/example_dags/example_kubernetes_executor.py took 0.025 seconds
[2024-03-18 19:58:13,633] {processor.py:153} INFO - Started process (PID=1990687) to work on /home/sheyla/Documents/Repositórios/apache-airflow-extracao-de-dados/venv/lib/python3.9/site-packages/airflow/example_dags/example_kubernetes_executor.py
[2024-03-18 19:58:13,634] {processor.py:641} INFO - Processing file /home/sheyla/Documents/Repositórios/apache-airflow-extracao-de-dados/venv/lib/python3.9/site-packages/airflow/example_dags/example_kubernetes_executor.py for tasks to queue
[2024-03-18 19:58:13,636] {logging_mixin.py:115} INFO - [2024-03-18 19:58:13,636] {dagbag.py:507} INFO - Filling up the DagBag from /home/sheyla/Documents/Repositórios/apache-airflow-extracao-de-dados/venv/lib/python3.9/site-packages/airflow/example_dags/example_kubernetes_executor.py
[2024-03-18 19:58:13,660] {logging_mixin.py:115} INFO - [2024-03-18 19:58:13,660] {example_kubernetes_executor.py:39} WARNING - The example_kubernetes_executor example DAG requires the kubernetes provider. Please install it with: pip install apache-airflow[cncf.kubernetes]
[2024-03-18 19:58:13,660] {processor.py:653} WARNING - No viable dags retrieved from /home/sheyla/Documents/Repositórios/apache-airflow-extracao-de-dados/venv/lib/python3.9/site-packages/airflow/example_dags/example_kubernetes_executor.py
[2024-03-18 19:58:13,669] {processor.py:161} INFO - Processing /home/sheyla/Documents/Repositórios/apache-airflow-extracao-de-dados/venv/lib/python3.9/site-packages/airflow/example_dags/example_kubernetes_executor.py took 0.044 seconds
[2024-03-18 19:58:47,137] {processor.py:153} INFO - Started process (PID=1991028) to work on /home/sheyla/Documents/Repositórios/apache-airflow-extracao-de-dados/venv/lib/python3.9/site-packages/airflow/example_dags/example_kubernetes_executor.py
[2024-03-18 19:58:47,143] {processor.py:641} INFO - Processing file /home/sheyla/Documents/Repositórios/apache-airflow-extracao-de-dados/venv/lib/python3.9/site-packages/airflow/example_dags/example_kubernetes_executor.py for tasks to queue
[2024-03-18 19:58:47,144] {logging_mixin.py:115} INFO - [2024-03-18 19:58:47,144] {dagbag.py:507} INFO - Filling up the DagBag from /home/sheyla/Documents/Repositórios/apache-airflow-extracao-de-dados/venv/lib/python3.9/site-packages/airflow/example_dags/example_kubernetes_executor.py
[2024-03-18 19:58:47,173] {logging_mixin.py:115} INFO - [2024-03-18 19:58:47,173] {example_kubernetes_executor.py:39} WARNING - The example_kubernetes_executor example DAG requires the kubernetes provider. Please install it with: pip install apache-airflow[cncf.kubernetes]
[2024-03-18 19:58:47,174] {processor.py:653} WARNING - No viable dags retrieved from /home/sheyla/Documents/Repositórios/apache-airflow-extracao-de-dados/venv/lib/python3.9/site-packages/airflow/example_dags/example_kubernetes_executor.py
[2024-03-18 19:58:47,184] {processor.py:161} INFO - Processing /home/sheyla/Documents/Repositórios/apache-airflow-extracao-de-dados/venv/lib/python3.9/site-packages/airflow/example_dags/example_kubernetes_executor.py took 0.054 seconds
[2024-03-18 19:59:18,096] {processor.py:153} INFO - Started process (PID=1991337) to work on /home/sheyla/Documents/Repositórios/apache-airflow-extracao-de-dados/venv/lib/python3.9/site-packages/airflow/example_dags/example_kubernetes_executor.py
[2024-03-18 19:59:18,098] {processor.py:641} INFO - Processing file /home/sheyla/Documents/Repositórios/apache-airflow-extracao-de-dados/venv/lib/python3.9/site-packages/airflow/example_dags/example_kubernetes_executor.py for tasks to queue
[2024-03-18 19:59:18,099] {logging_mixin.py:115} INFO - [2024-03-18 19:59:18,099] {dagbag.py:507} INFO - Filling up the DagBag from /home/sheyla/Documents/Repositórios/apache-airflow-extracao-de-dados/venv/lib/python3.9/site-packages/airflow/example_dags/example_kubernetes_executor.py
[2024-03-18 19:59:18,123] {logging_mixin.py:115} INFO - [2024-03-18 19:59:18,123] {example_kubernetes_executor.py:39} WARNING - The example_kubernetes_executor example DAG requires the kubernetes provider. Please install it with: pip install apache-airflow[cncf.kubernetes]
[2024-03-18 19:59:18,123] {processor.py:653} WARNING - No viable dags retrieved from /home/sheyla/Documents/Repositórios/apache-airflow-extracao-de-dados/venv/lib/python3.9/site-packages/airflow/example_dags/example_kubernetes_executor.py
[2024-03-18 19:59:18,133] {processor.py:161} INFO - Processing /home/sheyla/Documents/Repositórios/apache-airflow-extracao-de-dados/venv/lib/python3.9/site-packages/airflow/example_dags/example_kubernetes_executor.py took 0.043 seconds
[2024-03-18 19:59:53,579] {processor.py:153} INFO - Started process (PID=1991710) to work on /home/sheyla/Documents/Repositórios/apache-airflow-extracao-de-dados/venv/lib/python3.9/site-packages/airflow/example_dags/example_kubernetes_executor.py
[2024-03-18 19:59:53,585] {processor.py:641} INFO - Processing file /home/sheyla/Documents/Repositórios/apache-airflow-extracao-de-dados/venv/lib/python3.9/site-packages/airflow/example_dags/example_kubernetes_executor.py for tasks to queue
[2024-03-18 19:59:53,585] {logging_mixin.py:115} INFO - [2024-03-18 19:59:53,585] {dagbag.py:507} INFO - Filling up the DagBag from /home/sheyla/Documents/Repositórios/apache-airflow-extracao-de-dados/venv/lib/python3.9/site-packages/airflow/example_dags/example_kubernetes_executor.py
[2024-03-18 19:59:53,600] {logging_mixin.py:115} INFO - [2024-03-18 19:59:53,599] {example_kubernetes_executor.py:39} WARNING - The example_kubernetes_executor example DAG requires the kubernetes provider. Please install it with: pip install apache-airflow[cncf.kubernetes]
[2024-03-18 19:59:53,600] {processor.py:653} WARNING - No viable dags retrieved from /home/sheyla/Documents/Repositórios/apache-airflow-extracao-de-dados/venv/lib/python3.9/site-packages/airflow/example_dags/example_kubernetes_executor.py
[2024-03-18 19:59:53,609] {processor.py:161} INFO - Processing /home/sheyla/Documents/Repositórios/apache-airflow-extracao-de-dados/venv/lib/python3.9/site-packages/airflow/example_dags/example_kubernetes_executor.py took 0.034 seconds
[2024-03-18 20:00:27,183] {processor.py:153} INFO - Started process (PID=1992118) to work on /home/sheyla/Documents/Repositórios/apache-airflow-extracao-de-dados/venv/lib/python3.9/site-packages/airflow/example_dags/example_kubernetes_executor.py
[2024-03-18 20:00:27,189] {processor.py:641} INFO - Processing file /home/sheyla/Documents/Repositórios/apache-airflow-extracao-de-dados/venv/lib/python3.9/site-packages/airflow/example_dags/example_kubernetes_executor.py for tasks to queue
[2024-03-18 20:00:27,190] {logging_mixin.py:115} INFO - [2024-03-18 20:00:27,190] {dagbag.py:507} INFO - Filling up the DagBag from /home/sheyla/Documents/Repositórios/apache-airflow-extracao-de-dados/venv/lib/python3.9/site-packages/airflow/example_dags/example_kubernetes_executor.py
[2024-03-18 20:00:27,216] {logging_mixin.py:115} INFO - [2024-03-18 20:00:27,216] {example_kubernetes_executor.py:39} WARNING - The example_kubernetes_executor example DAG requires the kubernetes provider. Please install it with: pip install apache-airflow[cncf.kubernetes]
[2024-03-18 20:00:27,216] {processor.py:653} WARNING - No viable dags retrieved from /home/sheyla/Documents/Repositórios/apache-airflow-extracao-de-dados/venv/lib/python3.9/site-packages/airflow/example_dags/example_kubernetes_executor.py
[2024-03-18 20:00:27,226] {processor.py:161} INFO - Processing /home/sheyla/Documents/Repositórios/apache-airflow-extracao-de-dados/venv/lib/python3.9/site-packages/airflow/example_dags/example_kubernetes_executor.py took 0.050 seconds
[2024-03-18 20:01:00,321] {processor.py:153} INFO - Started process (PID=1992448) to work on /home/sheyla/Documents/Repositórios/apache-airflow-extracao-de-dados/venv/lib/python3.9/site-packages/airflow/example_dags/example_kubernetes_executor.py
[2024-03-18 20:01:00,324] {processor.py:641} INFO - Processing file /home/sheyla/Documents/Repositórios/apache-airflow-extracao-de-dados/venv/lib/python3.9/site-packages/airflow/example_dags/example_kubernetes_executor.py for tasks to queue
[2024-03-18 20:01:00,325] {logging_mixin.py:115} INFO - [2024-03-18 20:01:00,325] {dagbag.py:507} INFO - Filling up the DagBag from /home/sheyla/Documents/Repositórios/apache-airflow-extracao-de-dados/venv/lib/python3.9/site-packages/airflow/example_dags/example_kubernetes_executor.py
[2024-03-18 20:01:00,341] {logging_mixin.py:115} INFO - [2024-03-18 20:01:00,341] {example_kubernetes_executor.py:39} WARNING - The example_kubernetes_executor example DAG requires the kubernetes provider. Please install it with: pip install apache-airflow[cncf.kubernetes]
[2024-03-18 20:01:00,341] {processor.py:653} WARNING - No viable dags retrieved from /home/sheyla/Documents/Repositórios/apache-airflow-extracao-de-dados/venv/lib/python3.9/site-packages/airflow/example_dags/example_kubernetes_executor.py
[2024-03-18 20:01:00,353] {processor.py:161} INFO - Processing /home/sheyla/Documents/Repositórios/apache-airflow-extracao-de-dados/venv/lib/python3.9/site-packages/airflow/example_dags/example_kubernetes_executor.py took 0.034 seconds
[2024-03-18 20:01:31,990] {processor.py:153} INFO - Started process (PID=1992766) to work on /home/sheyla/Documents/Repositórios/apache-airflow-extracao-de-dados/venv/lib/python3.9/site-packages/airflow/example_dags/example_kubernetes_executor.py
[2024-03-18 20:01:31,996] {processor.py:641} INFO - Processing file /home/sheyla/Documents/Repositórios/apache-airflow-extracao-de-dados/venv/lib/python3.9/site-packages/airflow/example_dags/example_kubernetes_executor.py for tasks to queue
[2024-03-18 20:01:31,997] {logging_mixin.py:115} INFO - [2024-03-18 20:01:31,997] {dagbag.py:507} INFO - Filling up the DagBag from /home/sheyla/Documents/Repositórios/apache-airflow-extracao-de-dados/venv/lib/python3.9/site-packages/airflow/example_dags/example_kubernetes_executor.py
[2024-03-18 20:01:32,018] {logging_mixin.py:115} INFO - [2024-03-18 20:01:32,017] {example_kubernetes_executor.py:39} WARNING - The example_kubernetes_executor example DAG requires the kubernetes provider. Please install it with: pip install apache-airflow[cncf.kubernetes]
[2024-03-18 20:01:32,018] {processor.py:653} WARNING - No viable dags retrieved from /home/sheyla/Documents/Repositórios/apache-airflow-extracao-de-dados/venv/lib/python3.9/site-packages/airflow/example_dags/example_kubernetes_executor.py
[2024-03-18 20:01:32,027] {processor.py:161} INFO - Processing /home/sheyla/Documents/Repositórios/apache-airflow-extracao-de-dados/venv/lib/python3.9/site-packages/airflow/example_dags/example_kubernetes_executor.py took 0.044 seconds
[2024-03-18 20:02:05,322] {processor.py:153} INFO - Started process (PID=1993116) to work on /home/sheyla/Documents/Repositórios/apache-airflow-extracao-de-dados/venv/lib/python3.9/site-packages/airflow/example_dags/example_kubernetes_executor.py
[2024-03-18 20:02:05,324] {processor.py:641} INFO - Processing file /home/sheyla/Documents/Repositórios/apache-airflow-extracao-de-dados/venv/lib/python3.9/site-packages/airflow/example_dags/example_kubernetes_executor.py for tasks to queue
[2024-03-18 20:02:05,325] {logging_mixin.py:115} INFO - [2024-03-18 20:02:05,325] {dagbag.py:507} INFO - Filling up the DagBag from /home/sheyla/Documents/Repositórios/apache-airflow-extracao-de-dados/venv/lib/python3.9/site-packages/airflow/example_dags/example_kubernetes_executor.py
[2024-03-18 20:02:05,345] {logging_mixin.py:115} INFO - [2024-03-18 20:02:05,344] {example_kubernetes_executor.py:39} WARNING - The example_kubernetes_executor example DAG requires the kubernetes provider. Please install it with: pip install apache-airflow[cncf.kubernetes]
[2024-03-18 20:02:05,345] {processor.py:653} WARNING - No viable dags retrieved from /home/sheyla/Documents/Repositórios/apache-airflow-extracao-de-dados/venv/lib/python3.9/site-packages/airflow/example_dags/example_kubernetes_executor.py
[2024-03-18 20:02:05,355] {processor.py:161} INFO - Processing /home/sheyla/Documents/Repositórios/apache-airflow-extracao-de-dados/venv/lib/python3.9/site-packages/airflow/example_dags/example_kubernetes_executor.py took 0.036 seconds
[2024-03-18 20:02:37,771] {processor.py:153} INFO - Started process (PID=1993453) to work on /home/sheyla/Documents/Repositórios/apache-airflow-extracao-de-dados/venv/lib/python3.9/site-packages/airflow/example_dags/example_kubernetes_executor.py
[2024-03-18 20:02:37,777] {processor.py:641} INFO - Processing file /home/sheyla/Documents/Repositórios/apache-airflow-extracao-de-dados/venv/lib/python3.9/site-packages/airflow/example_dags/example_kubernetes_executor.py for tasks to queue
[2024-03-18 20:02:37,778] {logging_mixin.py:115} INFO - [2024-03-18 20:02:37,778] {dagbag.py:507} INFO - Filling up the DagBag from /home/sheyla/Documents/Repositórios/apache-airflow-extracao-de-dados/venv/lib/python3.9/site-packages/airflow/example_dags/example_kubernetes_executor.py
[2024-03-18 20:02:37,815] {logging_mixin.py:115} INFO - [2024-03-18 20:02:37,815] {example_kubernetes_executor.py:39} WARNING - The example_kubernetes_executor example DAG requires the kubernetes provider. Please install it with: pip install apache-airflow[cncf.kubernetes]
[2024-03-18 20:02:37,815] {processor.py:653} WARNING - No viable dags retrieved from /home/sheyla/Documents/Repositórios/apache-airflow-extracao-de-dados/venv/lib/python3.9/site-packages/airflow/example_dags/example_kubernetes_executor.py
[2024-03-18 20:02:37,823] {processor.py:161} INFO - Processing /home/sheyla/Documents/Repositórios/apache-airflow-extracao-de-dados/venv/lib/python3.9/site-packages/airflow/example_dags/example_kubernetes_executor.py took 0.054 seconds
[2024-03-18 20:03:10,112] {processor.py:153} INFO - Started process (PID=1993771) to work on /home/sheyla/Documents/Repositórios/apache-airflow-extracao-de-dados/venv/lib/python3.9/site-packages/airflow/example_dags/example_kubernetes_executor.py
[2024-03-18 20:03:10,118] {processor.py:641} INFO - Processing file /home/sheyla/Documents/Repositórios/apache-airflow-extracao-de-dados/venv/lib/python3.9/site-packages/airflow/example_dags/example_kubernetes_executor.py for tasks to queue
[2024-03-18 20:03:10,119] {logging_mixin.py:115} INFO - [2024-03-18 20:03:10,119] {dagbag.py:507} INFO - Filling up the DagBag from /home/sheyla/Documents/Repositórios/apache-airflow-extracao-de-dados/venv/lib/python3.9/site-packages/airflow/example_dags/example_kubernetes_executor.py
[2024-03-18 20:03:10,155] {logging_mixin.py:115} INFO - [2024-03-18 20:03:10,155] {example_kubernetes_executor.py:39} WARNING - The example_kubernetes_executor example DAG requires the kubernetes provider. Please install it with: pip install apache-airflow[cncf.kubernetes]
[2024-03-18 20:03:10,155] {processor.py:653} WARNING - No viable dags retrieved from /home/sheyla/Documents/Repositórios/apache-airflow-extracao-de-dados/venv/lib/python3.9/site-packages/airflow/example_dags/example_kubernetes_executor.py
[2024-03-18 20:03:10,163] {processor.py:161} INFO - Processing /home/sheyla/Documents/Repositórios/apache-airflow-extracao-de-dados/venv/lib/python3.9/site-packages/airflow/example_dags/example_kubernetes_executor.py took 0.054 seconds
[2024-03-18 20:03:44,476] {processor.py:153} INFO - Started process (PID=1994112) to work on /home/sheyla/Documents/Repositórios/apache-airflow-extracao-de-dados/venv/lib/python3.9/site-packages/airflow/example_dags/example_kubernetes_executor.py
[2024-03-18 20:03:44,482] {processor.py:641} INFO - Processing file /home/sheyla/Documents/Repositórios/apache-airflow-extracao-de-dados/venv/lib/python3.9/site-packages/airflow/example_dags/example_kubernetes_executor.py for tasks to queue
[2024-03-18 20:03:44,484] {logging_mixin.py:115} INFO - [2024-03-18 20:03:44,483] {dagbag.py:507} INFO - Filling up the DagBag from /home/sheyla/Documents/Repositórios/apache-airflow-extracao-de-dados/venv/lib/python3.9/site-packages/airflow/example_dags/example_kubernetes_executor.py
[2024-03-18 20:03:44,515] {logging_mixin.py:115} INFO - [2024-03-18 20:03:44,515] {example_kubernetes_executor.py:39} WARNING - The example_kubernetes_executor example DAG requires the kubernetes provider. Please install it with: pip install apache-airflow[cncf.kubernetes]
[2024-03-18 20:03:44,516] {processor.py:653} WARNING - No viable dags retrieved from /home/sheyla/Documents/Repositórios/apache-airflow-extracao-de-dados/venv/lib/python3.9/site-packages/airflow/example_dags/example_kubernetes_executor.py
[2024-03-18 20:03:44,523] {processor.py:161} INFO - Processing /home/sheyla/Documents/Repositórios/apache-airflow-extracao-de-dados/venv/lib/python3.9/site-packages/airflow/example_dags/example_kubernetes_executor.py took 0.054 seconds
[2024-03-18 20:04:16,458] {processor.py:153} INFO - Started process (PID=1994433) to work on /home/sheyla/Documents/Repositórios/apache-airflow-extracao-de-dados/venv/lib/python3.9/site-packages/airflow/example_dags/example_kubernetes_executor.py
[2024-03-18 20:04:16,459] {processor.py:641} INFO - Processing file /home/sheyla/Documents/Repositórios/apache-airflow-extracao-de-dados/venv/lib/python3.9/site-packages/airflow/example_dags/example_kubernetes_executor.py for tasks to queue
[2024-03-18 20:04:16,461] {logging_mixin.py:115} INFO - [2024-03-18 20:04:16,460] {dagbag.py:507} INFO - Filling up the DagBag from /home/sheyla/Documents/Repositórios/apache-airflow-extracao-de-dados/venv/lib/python3.9/site-packages/airflow/example_dags/example_kubernetes_executor.py
[2024-03-18 20:04:16,494] {logging_mixin.py:115} INFO - [2024-03-18 20:04:16,494] {example_kubernetes_executor.py:39} WARNING - The example_kubernetes_executor example DAG requires the kubernetes provider. Please install it with: pip install apache-airflow[cncf.kubernetes]
[2024-03-18 20:04:16,494] {processor.py:653} WARNING - No viable dags retrieved from /home/sheyla/Documents/Repositórios/apache-airflow-extracao-de-dados/venv/lib/python3.9/site-packages/airflow/example_dags/example_kubernetes_executor.py
[2024-03-18 20:04:16,502] {processor.py:161} INFO - Processing /home/sheyla/Documents/Repositórios/apache-airflow-extracao-de-dados/venv/lib/python3.9/site-packages/airflow/example_dags/example_kubernetes_executor.py took 0.050 seconds
[2024-03-18 20:04:49,591] {processor.py:153} INFO - Started process (PID=1994763) to work on /home/sheyla/Documents/Repositórios/apache-airflow-extracao-de-dados/venv/lib/python3.9/site-packages/airflow/example_dags/example_kubernetes_executor.py
[2024-03-18 20:04:49,596] {processor.py:641} INFO - Processing file /home/sheyla/Documents/Repositórios/apache-airflow-extracao-de-dados/venv/lib/python3.9/site-packages/airflow/example_dags/example_kubernetes_executor.py for tasks to queue
[2024-03-18 20:04:49,597] {logging_mixin.py:115} INFO - [2024-03-18 20:04:49,597] {dagbag.py:507} INFO - Filling up the DagBag from /home/sheyla/Documents/Repositórios/apache-airflow-extracao-de-dados/venv/lib/python3.9/site-packages/airflow/example_dags/example_kubernetes_executor.py
[2024-03-18 20:04:49,615] {logging_mixin.py:115} INFO - [2024-03-18 20:04:49,615] {example_kubernetes_executor.py:39} WARNING - The example_kubernetes_executor example DAG requires the kubernetes provider. Please install it with: pip install apache-airflow[cncf.kubernetes]
[2024-03-18 20:04:49,615] {processor.py:653} WARNING - No viable dags retrieved from /home/sheyla/Documents/Repositórios/apache-airflow-extracao-de-dados/venv/lib/python3.9/site-packages/airflow/example_dags/example_kubernetes_executor.py
[2024-03-18 20:04:49,625] {processor.py:161} INFO - Processing /home/sheyla/Documents/Repositórios/apache-airflow-extracao-de-dados/venv/lib/python3.9/site-packages/airflow/example_dags/example_kubernetes_executor.py took 0.036 seconds
[2024-03-18 20:05:22,260] {processor.py:153} INFO - Started process (PID=1995098) to work on /home/sheyla/Documents/Repositórios/apache-airflow-extracao-de-dados/venv/lib/python3.9/site-packages/airflow/example_dags/example_kubernetes_executor.py
[2024-03-18 20:05:22,266] {processor.py:641} INFO - Processing file /home/sheyla/Documents/Repositórios/apache-airflow-extracao-de-dados/venv/lib/python3.9/site-packages/airflow/example_dags/example_kubernetes_executor.py for tasks to queue
[2024-03-18 20:05:22,267] {logging_mixin.py:115} INFO - [2024-03-18 20:05:22,267] {dagbag.py:507} INFO - Filling up the DagBag from /home/sheyla/Documents/Repositórios/apache-airflow-extracao-de-dados/venv/lib/python3.9/site-packages/airflow/example_dags/example_kubernetes_executor.py
[2024-03-18 20:05:22,305] {logging_mixin.py:115} INFO - [2024-03-18 20:05:22,305] {example_kubernetes_executor.py:39} WARNING - The example_kubernetes_executor example DAG requires the kubernetes provider. Please install it with: pip install apache-airflow[cncf.kubernetes]
[2024-03-18 20:05:22,305] {processor.py:653} WARNING - No viable dags retrieved from /home/sheyla/Documents/Repositórios/apache-airflow-extracao-de-dados/venv/lib/python3.9/site-packages/airflow/example_dags/example_kubernetes_executor.py
[2024-03-18 20:05:22,314] {processor.py:161} INFO - Processing /home/sheyla/Documents/Repositórios/apache-airflow-extracao-de-dados/venv/lib/python3.9/site-packages/airflow/example_dags/example_kubernetes_executor.py took 0.060 seconds
[2024-03-18 20:05:56,415] {processor.py:153} INFO - Started process (PID=1995542) to work on /home/sheyla/Documents/Repositórios/apache-airflow-extracao-de-dados/venv/lib/python3.9/site-packages/airflow/example_dags/example_kubernetes_executor.py
[2024-03-18 20:05:56,421] {processor.py:641} INFO - Processing file /home/sheyla/Documents/Repositórios/apache-airflow-extracao-de-dados/venv/lib/python3.9/site-packages/airflow/example_dags/example_kubernetes_executor.py for tasks to queue
[2024-03-18 20:05:56,422] {logging_mixin.py:115} INFO - [2024-03-18 20:05:56,422] {dagbag.py:507} INFO - Filling up the DagBag from /home/sheyla/Documents/Repositórios/apache-airflow-extracao-de-dados/venv/lib/python3.9/site-packages/airflow/example_dags/example_kubernetes_executor.py
[2024-03-18 20:05:56,459] {logging_mixin.py:115} INFO - [2024-03-18 20:05:56,459] {example_kubernetes_executor.py:39} WARNING - The example_kubernetes_executor example DAG requires the kubernetes provider. Please install it with: pip install apache-airflow[cncf.kubernetes]
[2024-03-18 20:05:56,460] {processor.py:653} WARNING - No viable dags retrieved from /home/sheyla/Documents/Repositórios/apache-airflow-extracao-de-dados/venv/lib/python3.9/site-packages/airflow/example_dags/example_kubernetes_executor.py
[2024-03-18 20:05:56,468] {processor.py:161} INFO - Processing /home/sheyla/Documents/Repositórios/apache-airflow-extracao-de-dados/venv/lib/python3.9/site-packages/airflow/example_dags/example_kubernetes_executor.py took 0.055 seconds
[2024-03-18 20:06:29,626] {processor.py:153} INFO - Started process (PID=1995872) to work on /home/sheyla/Documents/Repositórios/apache-airflow-extracao-de-dados/venv/lib/python3.9/site-packages/airflow/example_dags/example_kubernetes_executor.py
[2024-03-18 20:06:29,632] {processor.py:641} INFO - Processing file /home/sheyla/Documents/Repositórios/apache-airflow-extracao-de-dados/venv/lib/python3.9/site-packages/airflow/example_dags/example_kubernetes_executor.py for tasks to queue
[2024-03-18 20:06:29,633] {logging_mixin.py:115} INFO - [2024-03-18 20:06:29,633] {dagbag.py:507} INFO - Filling up the DagBag from /home/sheyla/Documents/Repositórios/apache-airflow-extracao-de-dados/venv/lib/python3.9/site-packages/airflow/example_dags/example_kubernetes_executor.py
[2024-03-18 20:06:29,665] {logging_mixin.py:115} INFO - [2024-03-18 20:06:29,665] {example_kubernetes_executor.py:39} WARNING - The example_kubernetes_executor example DAG requires the kubernetes provider. Please install it with: pip install apache-airflow[cncf.kubernetes]
[2024-03-18 20:06:29,665] {processor.py:653} WARNING - No viable dags retrieved from /home/sheyla/Documents/Repositórios/apache-airflow-extracao-de-dados/venv/lib/python3.9/site-packages/airflow/example_dags/example_kubernetes_executor.py
[2024-03-18 20:06:29,672] {processor.py:161} INFO - Processing /home/sheyla/Documents/Repositórios/apache-airflow-extracao-de-dados/venv/lib/python3.9/site-packages/airflow/example_dags/example_kubernetes_executor.py took 0.048 seconds
[2024-03-18 20:07:02,259] {processor.py:153} INFO - Started process (PID=1996222) to work on /home/sheyla/Documents/Repositórios/apache-airflow-extracao-de-dados/venv/lib/python3.9/site-packages/airflow/example_dags/example_kubernetes_executor.py
[2024-03-18 20:07:02,261] {processor.py:641} INFO - Processing file /home/sheyla/Documents/Repositórios/apache-airflow-extracao-de-dados/venv/lib/python3.9/site-packages/airflow/example_dags/example_kubernetes_executor.py for tasks to queue
[2024-03-18 20:07:02,262] {logging_mixin.py:115} INFO - [2024-03-18 20:07:02,262] {dagbag.py:507} INFO - Filling up the DagBag from /home/sheyla/Documents/Repositórios/apache-airflow-extracao-de-dados/venv/lib/python3.9/site-packages/airflow/example_dags/example_kubernetes_executor.py
[2024-03-18 20:07:02,279] {logging_mixin.py:115} INFO - [2024-03-18 20:07:02,279] {example_kubernetes_executor.py:39} WARNING - The example_kubernetes_executor example DAG requires the kubernetes provider. Please install it with: pip install apache-airflow[cncf.kubernetes]
[2024-03-18 20:07:02,279] {processor.py:653} WARNING - No viable dags retrieved from /home/sheyla/Documents/Repositórios/apache-airflow-extracao-de-dados/venv/lib/python3.9/site-packages/airflow/example_dags/example_kubernetes_executor.py
[2024-03-18 20:07:02,288] {processor.py:161} INFO - Processing /home/sheyla/Documents/Repositórios/apache-airflow-extracao-de-dados/venv/lib/python3.9/site-packages/airflow/example_dags/example_kubernetes_executor.py took 0.031 seconds
[2024-03-18 20:07:34,036] {processor.py:153} INFO - Started process (PID=1996700) to work on /home/sheyla/Documents/Repositórios/apache-airflow-extracao-de-dados/venv/lib/python3.9/site-packages/airflow/example_dags/example_kubernetes_executor.py
[2024-03-18 20:07:34,037] {processor.py:641} INFO - Processing file /home/sheyla/Documents/Repositórios/apache-airflow-extracao-de-dados/venv/lib/python3.9/site-packages/airflow/example_dags/example_kubernetes_executor.py for tasks to queue
[2024-03-18 20:07:34,037] {logging_mixin.py:115} INFO - [2024-03-18 20:07:34,037] {dagbag.py:507} INFO - Filling up the DagBag from /home/sheyla/Documents/Repositórios/apache-airflow-extracao-de-dados/venv/lib/python3.9/site-packages/airflow/example_dags/example_kubernetes_executor.py
[2024-03-18 20:07:34,064] {logging_mixin.py:115} INFO - [2024-03-18 20:07:34,064] {example_kubernetes_executor.py:39} WARNING - The example_kubernetes_executor example DAG requires the kubernetes provider. Please install it with: pip install apache-airflow[cncf.kubernetes]
[2024-03-18 20:07:34,065] {processor.py:653} WARNING - No viable dags retrieved from /home/sheyla/Documents/Repositórios/apache-airflow-extracao-de-dados/venv/lib/python3.9/site-packages/airflow/example_dags/example_kubernetes_executor.py
[2024-03-18 20:07:34,075] {processor.py:161} INFO - Processing /home/sheyla/Documents/Repositórios/apache-airflow-extracao-de-dados/venv/lib/python3.9/site-packages/airflow/example_dags/example_kubernetes_executor.py took 0.041 seconds
[2024-03-18 20:08:09,037] {processor.py:153} INFO - Started process (PID=1997613) to work on /home/sheyla/Documents/Repositórios/apache-airflow-extracao-de-dados/venv/lib/python3.9/site-packages/airflow/example_dags/example_kubernetes_executor.py
[2024-03-18 20:08:09,042] {processor.py:641} INFO - Processing file /home/sheyla/Documents/Repositórios/apache-airflow-extracao-de-dados/venv/lib/python3.9/site-packages/airflow/example_dags/example_kubernetes_executor.py for tasks to queue
[2024-03-18 20:08:09,042] {logging_mixin.py:115} INFO - [2024-03-18 20:08:09,042] {dagbag.py:507} INFO - Filling up the DagBag from /home/sheyla/Documents/Repositórios/apache-airflow-extracao-de-dados/venv/lib/python3.9/site-packages/airflow/example_dags/example_kubernetes_executor.py
[2024-03-18 20:08:09,053] {logging_mixin.py:115} INFO - [2024-03-18 20:08:09,053] {example_kubernetes_executor.py:39} WARNING - The example_kubernetes_executor example DAG requires the kubernetes provider. Please install it with: pip install apache-airflow[cncf.kubernetes]
[2024-03-18 20:08:09,053] {processor.py:653} WARNING - No viable dags retrieved from /home/sheyla/Documents/Repositórios/apache-airflow-extracao-de-dados/venv/lib/python3.9/site-packages/airflow/example_dags/example_kubernetes_executor.py
[2024-03-18 20:08:09,058] {processor.py:161} INFO - Processing /home/sheyla/Documents/Repositórios/apache-airflow-extracao-de-dados/venv/lib/python3.9/site-packages/airflow/example_dags/example_kubernetes_executor.py took 0.023 seconds
[2024-03-18 20:08:42,378] {processor.py:153} INFO - Started process (PID=1998319) to work on /home/sheyla/Documents/Repositórios/apache-airflow-extracao-de-dados/venv/lib/python3.9/site-packages/airflow/example_dags/example_kubernetes_executor.py
[2024-03-18 20:08:42,378] {processor.py:641} INFO - Processing file /home/sheyla/Documents/Repositórios/apache-airflow-extracao-de-dados/venv/lib/python3.9/site-packages/airflow/example_dags/example_kubernetes_executor.py for tasks to queue
[2024-03-18 20:08:42,379] {logging_mixin.py:115} INFO - [2024-03-18 20:08:42,379] {dagbag.py:507} INFO - Filling up the DagBag from /home/sheyla/Documents/Repositórios/apache-airflow-extracao-de-dados/venv/lib/python3.9/site-packages/airflow/example_dags/example_kubernetes_executor.py
[2024-03-18 20:08:42,395] {logging_mixin.py:115} INFO - [2024-03-18 20:08:42,395] {example_kubernetes_executor.py:39} WARNING - The example_kubernetes_executor example DAG requires the kubernetes provider. Please install it with: pip install apache-airflow[cncf.kubernetes]
[2024-03-18 20:08:42,396] {processor.py:653} WARNING - No viable dags retrieved from /home/sheyla/Documents/Repositórios/apache-airflow-extracao-de-dados/venv/lib/python3.9/site-packages/airflow/example_dags/example_kubernetes_executor.py
[2024-03-18 20:08:42,402] {processor.py:161} INFO - Processing /home/sheyla/Documents/Repositórios/apache-airflow-extracao-de-dados/venv/lib/python3.9/site-packages/airflow/example_dags/example_kubernetes_executor.py took 0.028 seconds
