[2024-03-18 19:56:48,410] {processor.py:153} INFO - Started process (PID=1989849) to work on /home/sheyla/Documents/Repositórios/apache-airflow-extracao-de-dados/venv/lib/python3.9/site-packages/airflow/example_dags/example_branch_day_of_week_operator.py
[2024-03-18 19:56:48,410] {processor.py:641} INFO - Processing file /home/sheyla/Documents/Repositórios/apache-airflow-extracao-de-dados/venv/lib/python3.9/site-packages/airflow/example_dags/example_branch_day_of_week_operator.py for tasks to queue
[2024-03-18 19:56:48,411] {logging_mixin.py:115} INFO - [2024-03-18 19:56:48,411] {dagbag.py:507} INFO - Filling up the DagBag from /home/sheyla/Documents/Repositórios/apache-airflow-extracao-de-dados/venv/lib/python3.9/site-packages/airflow/example_dags/example_branch_day_of_week_operator.py
[2024-03-18 19:56:48,420] {processor.py:651} INFO - DAG(s) dict_keys(['example_weekday_branch_operator']) retrieved from /home/sheyla/Documents/Repositórios/apache-airflow-extracao-de-dados/venv/lib/python3.9/site-packages/airflow/example_dags/example_branch_day_of_week_operator.py
[2024-03-18 19:56:48,599] {logging_mixin.py:115} INFO - [2024-03-18 19:56:48,599] {manager.py:508} INFO - Created Permission View: can delete on DAG:example_weekday_branch_operator
[2024-03-18 19:56:48,656] {logging_mixin.py:115} INFO - [2024-03-18 19:56:48,655] {manager.py:508} INFO - Created Permission View: can edit on DAG:example_weekday_branch_operator
[2024-03-18 19:56:48,705] {logging_mixin.py:115} INFO - [2024-03-18 19:56:48,704] {manager.py:508} INFO - Created Permission View: can read on DAG:example_weekday_branch_operator
[2024-03-18 19:56:48,705] {logging_mixin.py:115} INFO - [2024-03-18 19:56:48,705] {dag.py:2379} INFO - Sync 1 DAGs
[2024-03-18 19:56:48,725] {logging_mixin.py:115} INFO - [2024-03-18 19:56:48,725] {dag.py:2398} INFO - Creating ORM DAG for example_weekday_branch_operator
[2024-03-18 19:56:48,741] {logging_mixin.py:115} INFO - [2024-03-18 19:56:48,741] {dag.py:2927} INFO - Setting next_dagrun for example_weekday_branch_operator to 2024-03-17T00:00:00+00:00, run_after=2024-03-18T00:00:00+00:00
[2024-03-18 19:56:48,809] {processor.py:161} INFO - Processing /home/sheyla/Documents/Repositórios/apache-airflow-extracao-de-dados/venv/lib/python3.9/site-packages/airflow/example_dags/example_branch_day_of_week_operator.py took 0.402 seconds
[2024-03-18 19:57:31,162] {processor.py:153} INFO - Started process (PID=1990272) to work on /home/sheyla/Documents/Repositórios/apache-airflow-extracao-de-dados/venv/lib/python3.9/site-packages/airflow/example_dags/example_branch_day_of_week_operator.py
[2024-03-18 19:57:31,263] {processor.py:641} INFO - Processing file /home/sheyla/Documents/Repositórios/apache-airflow-extracao-de-dados/venv/lib/python3.9/site-packages/airflow/example_dags/example_branch_day_of_week_operator.py for tasks to queue
[2024-03-18 19:57:31,264] {logging_mixin.py:115} INFO - [2024-03-18 19:57:31,264] {dagbag.py:507} INFO - Filling up the DagBag from /home/sheyla/Documents/Repositórios/apache-airflow-extracao-de-dados/venv/lib/python3.9/site-packages/airflow/example_dags/example_branch_day_of_week_operator.py
[2024-03-18 19:57:31,286] {processor.py:651} INFO - DAG(s) dict_keys(['example_weekday_branch_operator']) retrieved from /home/sheyla/Documents/Repositórios/apache-airflow-extracao-de-dados/venv/lib/python3.9/site-packages/airflow/example_dags/example_branch_day_of_week_operator.py
[2024-03-18 19:57:31,309] {logging_mixin.py:115} INFO - [2024-03-18 19:57:31,309] {dag.py:2379} INFO - Sync 1 DAGs
[2024-03-18 19:57:31,325] {logging_mixin.py:115} INFO - [2024-03-18 19:57:31,325] {dag.py:2927} INFO - Setting next_dagrun for example_weekday_branch_operator to 2024-03-17T00:00:00+00:00, run_after=2024-03-18T00:00:00+00:00
[2024-03-18 19:57:31,548] {processor.py:161} INFO - Processing /home/sheyla/Documents/Repositórios/apache-airflow-extracao-de-dados/venv/lib/python3.9/site-packages/airflow/example_dags/example_branch_day_of_week_operator.py took 0.393 seconds
[2024-03-18 19:58:05,315] {processor.py:153} INFO - Started process (PID=1990608) to work on /home/sheyla/Documents/Repositórios/apache-airflow-extracao-de-dados/venv/lib/python3.9/site-packages/airflow/example_dags/example_branch_day_of_week_operator.py
[2024-03-18 19:58:05,321] {processor.py:641} INFO - Processing file /home/sheyla/Documents/Repositórios/apache-airflow-extracao-de-dados/venv/lib/python3.9/site-packages/airflow/example_dags/example_branch_day_of_week_operator.py for tasks to queue
[2024-03-18 19:58:05,322] {logging_mixin.py:115} INFO - [2024-03-18 19:58:05,322] {dagbag.py:507} INFO - Filling up the DagBag from /home/sheyla/Documents/Repositórios/apache-airflow-extracao-de-dados/venv/lib/python3.9/site-packages/airflow/example_dags/example_branch_day_of_week_operator.py
[2024-03-18 19:58:05,342] {processor.py:651} INFO - DAG(s) dict_keys(['example_weekday_branch_operator']) retrieved from /home/sheyla/Documents/Repositórios/apache-airflow-extracao-de-dados/venv/lib/python3.9/site-packages/airflow/example_dags/example_branch_day_of_week_operator.py
[2024-03-18 19:58:05,364] {logging_mixin.py:115} INFO - [2024-03-18 19:58:05,364] {dag.py:2379} INFO - Sync 1 DAGs
[2024-03-18 19:58:05,380] {logging_mixin.py:115} INFO - [2024-03-18 19:58:05,380] {dag.py:2927} INFO - Setting next_dagrun for example_weekday_branch_operator to 2024-03-17T00:00:00+00:00, run_after=2024-03-18T00:00:00+00:00
[2024-03-18 19:58:05,391] {processor.py:161} INFO - Processing /home/sheyla/Documents/Repositórios/apache-airflow-extracao-de-dados/venv/lib/python3.9/site-packages/airflow/example_dags/example_branch_day_of_week_operator.py took 0.079 seconds
[2024-03-18 19:58:39,340] {processor.py:153} INFO - Started process (PID=1990947) to work on /home/sheyla/Documents/Repositórios/apache-airflow-extracao-de-dados/venv/lib/python3.9/site-packages/airflow/example_dags/example_branch_day_of_week_operator.py
[2024-03-18 19:58:39,346] {processor.py:641} INFO - Processing file /home/sheyla/Documents/Repositórios/apache-airflow-extracao-de-dados/venv/lib/python3.9/site-packages/airflow/example_dags/example_branch_day_of_week_operator.py for tasks to queue
[2024-03-18 19:58:39,346] {logging_mixin.py:115} INFO - [2024-03-18 19:58:39,346] {dagbag.py:507} INFO - Filling up the DagBag from /home/sheyla/Documents/Repositórios/apache-airflow-extracao-de-dados/venv/lib/python3.9/site-packages/airflow/example_dags/example_branch_day_of_week_operator.py
[2024-03-18 19:58:39,357] {processor.py:651} INFO - DAG(s) dict_keys(['example_weekday_branch_operator']) retrieved from /home/sheyla/Documents/Repositórios/apache-airflow-extracao-de-dados/venv/lib/python3.9/site-packages/airflow/example_dags/example_branch_day_of_week_operator.py
[2024-03-18 19:58:39,378] {logging_mixin.py:115} INFO - [2024-03-18 19:58:39,378] {dag.py:2379} INFO - Sync 1 DAGs
[2024-03-18 19:58:39,395] {logging_mixin.py:115} INFO - [2024-03-18 19:58:39,395] {dag.py:2927} INFO - Setting next_dagrun for example_weekday_branch_operator to 2024-03-17T00:00:00+00:00, run_after=2024-03-18T00:00:00+00:00
[2024-03-18 19:58:39,414] {processor.py:161} INFO - Processing /home/sheyla/Documents/Repositórios/apache-airflow-extracao-de-dados/venv/lib/python3.9/site-packages/airflow/example_dags/example_branch_day_of_week_operator.py took 0.076 seconds
[2024-03-18 19:59:11,249] {processor.py:153} INFO - Started process (PID=1991272) to work on /home/sheyla/Documents/Repositórios/apache-airflow-extracao-de-dados/venv/lib/python3.9/site-packages/airflow/example_dags/example_branch_day_of_week_operator.py
[2024-03-18 19:59:11,250] {processor.py:641} INFO - Processing file /home/sheyla/Documents/Repositórios/apache-airflow-extracao-de-dados/venv/lib/python3.9/site-packages/airflow/example_dags/example_branch_day_of_week_operator.py for tasks to queue
[2024-03-18 19:59:11,252] {logging_mixin.py:115} INFO - [2024-03-18 19:59:11,251] {dagbag.py:507} INFO - Filling up the DagBag from /home/sheyla/Documents/Repositórios/apache-airflow-extracao-de-dados/venv/lib/python3.9/site-packages/airflow/example_dags/example_branch_day_of_week_operator.py
[2024-03-18 19:59:11,269] {processor.py:651} INFO - DAG(s) dict_keys(['example_weekday_branch_operator']) retrieved from /home/sheyla/Documents/Repositórios/apache-airflow-extracao-de-dados/venv/lib/python3.9/site-packages/airflow/example_dags/example_branch_day_of_week_operator.py
[2024-03-18 19:59:11,284] {logging_mixin.py:115} INFO - [2024-03-18 19:59:11,284] {dag.py:2379} INFO - Sync 1 DAGs
[2024-03-18 19:59:11,299] {logging_mixin.py:115} INFO - [2024-03-18 19:59:11,299] {dag.py:2927} INFO - Setting next_dagrun for example_weekday_branch_operator to 2024-03-17T00:00:00+00:00, run_after=2024-03-18T00:00:00+00:00
[2024-03-18 19:59:11,310] {processor.py:161} INFO - Processing /home/sheyla/Documents/Repositórios/apache-airflow-extracao-de-dados/venv/lib/python3.9/site-packages/airflow/example_dags/example_branch_day_of_week_operator.py took 0.068 seconds
[2024-03-18 19:59:44,619] {processor.py:153} INFO - Started process (PID=1991600) to work on /home/sheyla/Documents/Repositórios/apache-airflow-extracao-de-dados/venv/lib/python3.9/site-packages/airflow/example_dags/example_branch_day_of_week_operator.py
[2024-03-18 19:59:44,625] {processor.py:641} INFO - Processing file /home/sheyla/Documents/Repositórios/apache-airflow-extracao-de-dados/venv/lib/python3.9/site-packages/airflow/example_dags/example_branch_day_of_week_operator.py for tasks to queue
[2024-03-18 19:59:44,625] {logging_mixin.py:115} INFO - [2024-03-18 19:59:44,625] {dagbag.py:507} INFO - Filling up the DagBag from /home/sheyla/Documents/Repositórios/apache-airflow-extracao-de-dados/venv/lib/python3.9/site-packages/airflow/example_dags/example_branch_day_of_week_operator.py
[2024-03-18 19:59:44,634] {processor.py:651} INFO - DAG(s) dict_keys(['example_weekday_branch_operator']) retrieved from /home/sheyla/Documents/Repositórios/apache-airflow-extracao-de-dados/venv/lib/python3.9/site-packages/airflow/example_dags/example_branch_day_of_week_operator.py
[2024-03-18 19:59:44,645] {logging_mixin.py:115} INFO - [2024-03-18 19:59:44,645] {dag.py:2379} INFO - Sync 1 DAGs
[2024-03-18 19:59:44,660] {logging_mixin.py:115} INFO - [2024-03-18 19:59:44,659] {dag.py:2927} INFO - Setting next_dagrun for example_weekday_branch_operator to 2024-03-17T00:00:00+00:00, run_after=2024-03-18T00:00:00+00:00
[2024-03-18 19:59:44,670] {processor.py:161} INFO - Processing /home/sheyla/Documents/Repositórios/apache-airflow-extracao-de-dados/venv/lib/python3.9/site-packages/airflow/example_dags/example_branch_day_of_week_operator.py took 0.056 seconds
[2024-03-18 20:00:19,426] {processor.py:153} INFO - Started process (PID=1992031) to work on /home/sheyla/Documents/Repositórios/apache-airflow-extracao-de-dados/venv/lib/python3.9/site-packages/airflow/example_dags/example_branch_day_of_week_operator.py
[2024-03-18 20:00:19,432] {processor.py:641} INFO - Processing file /home/sheyla/Documents/Repositórios/apache-airflow-extracao-de-dados/venv/lib/python3.9/site-packages/airflow/example_dags/example_branch_day_of_week_operator.py for tasks to queue
[2024-03-18 20:00:19,433] {logging_mixin.py:115} INFO - [2024-03-18 20:00:19,432] {dagbag.py:507} INFO - Filling up the DagBag from /home/sheyla/Documents/Repositórios/apache-airflow-extracao-de-dados/venv/lib/python3.9/site-packages/airflow/example_dags/example_branch_day_of_week_operator.py
[2024-03-18 20:00:19,443] {processor.py:651} INFO - DAG(s) dict_keys(['example_weekday_branch_operator']) retrieved from /home/sheyla/Documents/Repositórios/apache-airflow-extracao-de-dados/venv/lib/python3.9/site-packages/airflow/example_dags/example_branch_day_of_week_operator.py
[2024-03-18 20:00:19,457] {logging_mixin.py:115} INFO - [2024-03-18 20:00:19,457] {dag.py:2379} INFO - Sync 1 DAGs
[2024-03-18 20:00:19,480] {logging_mixin.py:115} INFO - [2024-03-18 20:00:19,480] {dag.py:2927} INFO - Setting next_dagrun for example_weekday_branch_operator to 2024-03-17T00:00:00+00:00, run_after=2024-03-18T00:00:00+00:00
[2024-03-18 20:00:19,495] {processor.py:161} INFO - Processing /home/sheyla/Documents/Repositórios/apache-airflow-extracao-de-dados/venv/lib/python3.9/site-packages/airflow/example_dags/example_branch_day_of_week_operator.py took 0.071 seconds
[2024-03-18 20:00:53,070] {processor.py:153} INFO - Started process (PID=1992379) to work on /home/sheyla/Documents/Repositórios/apache-airflow-extracao-de-dados/venv/lib/python3.9/site-packages/airflow/example_dags/example_branch_day_of_week_operator.py
[2024-03-18 20:00:53,076] {processor.py:641} INFO - Processing file /home/sheyla/Documents/Repositórios/apache-airflow-extracao-de-dados/venv/lib/python3.9/site-packages/airflow/example_dags/example_branch_day_of_week_operator.py for tasks to queue
[2024-03-18 20:00:53,078] {logging_mixin.py:115} INFO - [2024-03-18 20:00:53,077] {dagbag.py:507} INFO - Filling up the DagBag from /home/sheyla/Documents/Repositórios/apache-airflow-extracao-de-dados/venv/lib/python3.9/site-packages/airflow/example_dags/example_branch_day_of_week_operator.py
[2024-03-18 20:00:53,099] {processor.py:651} INFO - DAG(s) dict_keys(['example_weekday_branch_operator']) retrieved from /home/sheyla/Documents/Repositórios/apache-airflow-extracao-de-dados/venv/lib/python3.9/site-packages/airflow/example_dags/example_branch_day_of_week_operator.py
[2024-03-18 20:00:53,118] {logging_mixin.py:115} INFO - [2024-03-18 20:00:53,118] {dag.py:2379} INFO - Sync 1 DAGs
[2024-03-18 20:00:53,133] {logging_mixin.py:115} INFO - [2024-03-18 20:00:53,133] {dag.py:2927} INFO - Setting next_dagrun for example_weekday_branch_operator to 2024-03-17T00:00:00+00:00, run_after=2024-03-18T00:00:00+00:00
[2024-03-18 20:00:53,145] {processor.py:161} INFO - Processing /home/sheyla/Documents/Repositórios/apache-airflow-extracao-de-dados/venv/lib/python3.9/site-packages/airflow/example_dags/example_branch_day_of_week_operator.py took 0.082 seconds
[2024-03-18 20:01:25,112] {processor.py:153} INFO - Started process (PID=1992690) to work on /home/sheyla/Documents/Repositórios/apache-airflow-extracao-de-dados/venv/lib/python3.9/site-packages/airflow/example_dags/example_branch_day_of_week_operator.py
[2024-03-18 20:01:25,117] {processor.py:641} INFO - Processing file /home/sheyla/Documents/Repositórios/apache-airflow-extracao-de-dados/venv/lib/python3.9/site-packages/airflow/example_dags/example_branch_day_of_week_operator.py for tasks to queue
[2024-03-18 20:01:25,118] {logging_mixin.py:115} INFO - [2024-03-18 20:01:25,118] {dagbag.py:507} INFO - Filling up the DagBag from /home/sheyla/Documents/Repositórios/apache-airflow-extracao-de-dados/venv/lib/python3.9/site-packages/airflow/example_dags/example_branch_day_of_week_operator.py
[2024-03-18 20:01:25,132] {processor.py:651} INFO - DAG(s) dict_keys(['example_weekday_branch_operator']) retrieved from /home/sheyla/Documents/Repositórios/apache-airflow-extracao-de-dados/venv/lib/python3.9/site-packages/airflow/example_dags/example_branch_day_of_week_operator.py
[2024-03-18 20:01:25,150] {logging_mixin.py:115} INFO - [2024-03-18 20:01:25,150] {dag.py:2379} INFO - Sync 1 DAGs
[2024-03-18 20:01:25,165] {logging_mixin.py:115} INFO - [2024-03-18 20:01:25,165] {dag.py:2927} INFO - Setting next_dagrun for example_weekday_branch_operator to 2024-03-17T00:00:00+00:00, run_after=2024-03-18T00:00:00+00:00
[2024-03-18 20:01:25,180] {processor.py:161} INFO - Processing /home/sheyla/Documents/Repositórios/apache-airflow-extracao-de-dados/venv/lib/python3.9/site-packages/airflow/example_dags/example_branch_day_of_week_operator.py took 0.073 seconds
[2024-03-18 20:01:57,213] {processor.py:153} INFO - Started process (PID=1993043) to work on /home/sheyla/Documents/Repositórios/apache-airflow-extracao-de-dados/venv/lib/python3.9/site-packages/airflow/example_dags/example_branch_day_of_week_operator.py
[2024-03-18 20:01:57,214] {processor.py:641} INFO - Processing file /home/sheyla/Documents/Repositórios/apache-airflow-extracao-de-dados/venv/lib/python3.9/site-packages/airflow/example_dags/example_branch_day_of_week_operator.py for tasks to queue
[2024-03-18 20:01:57,215] {logging_mixin.py:115} INFO - [2024-03-18 20:01:57,215] {dagbag.py:507} INFO - Filling up the DagBag from /home/sheyla/Documents/Repositórios/apache-airflow-extracao-de-dados/venv/lib/python3.9/site-packages/airflow/example_dags/example_branch_day_of_week_operator.py
[2024-03-18 20:01:57,234] {processor.py:651} INFO - DAG(s) dict_keys(['example_weekday_branch_operator']) retrieved from /home/sheyla/Documents/Repositórios/apache-airflow-extracao-de-dados/venv/lib/python3.9/site-packages/airflow/example_dags/example_branch_day_of_week_operator.py
[2024-03-18 20:01:57,253] {logging_mixin.py:115} INFO - [2024-03-18 20:01:57,253] {dag.py:2379} INFO - Sync 1 DAGs
[2024-03-18 20:01:57,266] {logging_mixin.py:115} INFO - [2024-03-18 20:01:57,266] {dag.py:2927} INFO - Setting next_dagrun for example_weekday_branch_operator to 2024-03-17T00:00:00+00:00, run_after=2024-03-18T00:00:00+00:00
[2024-03-18 20:01:57,277] {processor.py:161} INFO - Processing /home/sheyla/Documents/Repositórios/apache-airflow-extracao-de-dados/venv/lib/python3.9/site-packages/airflow/example_dags/example_branch_day_of_week_operator.py took 0.071 seconds
[2024-03-18 20:02:28,769] {processor.py:153} INFO - Started process (PID=1993360) to work on /home/sheyla/Documents/Repositórios/apache-airflow-extracao-de-dados/venv/lib/python3.9/site-packages/airflow/example_dags/example_branch_day_of_week_operator.py
[2024-03-18 20:02:28,771] {processor.py:641} INFO - Processing file /home/sheyla/Documents/Repositórios/apache-airflow-extracao-de-dados/venv/lib/python3.9/site-packages/airflow/example_dags/example_branch_day_of_week_operator.py for tasks to queue
[2024-03-18 20:02:28,772] {logging_mixin.py:115} INFO - [2024-03-18 20:02:28,772] {dagbag.py:507} INFO - Filling up the DagBag from /home/sheyla/Documents/Repositórios/apache-airflow-extracao-de-dados/venv/lib/python3.9/site-packages/airflow/example_dags/example_branch_day_of_week_operator.py
[2024-03-18 20:02:28,784] {processor.py:651} INFO - DAG(s) dict_keys(['example_weekday_branch_operator']) retrieved from /home/sheyla/Documents/Repositórios/apache-airflow-extracao-de-dados/venv/lib/python3.9/site-packages/airflow/example_dags/example_branch_day_of_week_operator.py
[2024-03-18 20:02:28,807] {logging_mixin.py:115} INFO - [2024-03-18 20:02:28,807] {dag.py:2379} INFO - Sync 1 DAGs
[2024-03-18 20:02:28,822] {logging_mixin.py:115} INFO - [2024-03-18 20:02:28,822] {dag.py:2927} INFO - Setting next_dagrun for example_weekday_branch_operator to 2024-03-17T00:00:00+00:00, run_after=2024-03-18T00:00:00+00:00
[2024-03-18 20:02:28,835] {processor.py:161} INFO - Processing /home/sheyla/Documents/Repositórios/apache-airflow-extracao-de-dados/venv/lib/python3.9/site-packages/airflow/example_dags/example_branch_day_of_week_operator.py took 0.069 seconds
[2024-03-18 20:02:59,175] {processor.py:153} INFO - Started process (PID=1993664) to work on /home/sheyla/Documents/Repositórios/apache-airflow-extracao-de-dados/venv/lib/python3.9/site-packages/airflow/example_dags/example_branch_day_of_week_operator.py
[2024-03-18 20:02:59,180] {processor.py:641} INFO - Processing file /home/sheyla/Documents/Repositórios/apache-airflow-extracao-de-dados/venv/lib/python3.9/site-packages/airflow/example_dags/example_branch_day_of_week_operator.py for tasks to queue
[2024-03-18 20:02:59,181] {logging_mixin.py:115} INFO - [2024-03-18 20:02:59,180] {dagbag.py:507} INFO - Filling up the DagBag from /home/sheyla/Documents/Repositórios/apache-airflow-extracao-de-dados/venv/lib/python3.9/site-packages/airflow/example_dags/example_branch_day_of_week_operator.py
[2024-03-18 20:02:59,186] {processor.py:651} INFO - DAG(s) dict_keys(['example_weekday_branch_operator']) retrieved from /home/sheyla/Documents/Repositórios/apache-airflow-extracao-de-dados/venv/lib/python3.9/site-packages/airflow/example_dags/example_branch_day_of_week_operator.py
[2024-03-18 20:02:59,198] {logging_mixin.py:115} INFO - [2024-03-18 20:02:59,198] {dag.py:2379} INFO - Sync 1 DAGs
[2024-03-18 20:02:59,210] {logging_mixin.py:115} INFO - [2024-03-18 20:02:59,210] {dag.py:2927} INFO - Setting next_dagrun for example_weekday_branch_operator to 2024-03-17T00:00:00+00:00, run_after=2024-03-18T00:00:00+00:00
[2024-03-18 20:02:59,233] {processor.py:161} INFO - Processing /home/sheyla/Documents/Repositórios/apache-airflow-extracao-de-dados/venv/lib/python3.9/site-packages/airflow/example_dags/example_branch_day_of_week_operator.py took 0.060 seconds
[2024-03-18 20:03:32,715] {processor.py:153} INFO - Started process (PID=1993998) to work on /home/sheyla/Documents/Repositórios/apache-airflow-extracao-de-dados/venv/lib/python3.9/site-packages/airflow/example_dags/example_branch_day_of_week_operator.py
[2024-03-18 20:03:32,718] {processor.py:641} INFO - Processing file /home/sheyla/Documents/Repositórios/apache-airflow-extracao-de-dados/venv/lib/python3.9/site-packages/airflow/example_dags/example_branch_day_of_week_operator.py for tasks to queue
[2024-03-18 20:03:32,718] {logging_mixin.py:115} INFO - [2024-03-18 20:03:32,718] {dagbag.py:507} INFO - Filling up the DagBag from /home/sheyla/Documents/Repositórios/apache-airflow-extracao-de-dados/venv/lib/python3.9/site-packages/airflow/example_dags/example_branch_day_of_week_operator.py
[2024-03-18 20:03:32,727] {processor.py:651} INFO - DAG(s) dict_keys(['example_weekday_branch_operator']) retrieved from /home/sheyla/Documents/Repositórios/apache-airflow-extracao-de-dados/venv/lib/python3.9/site-packages/airflow/example_dags/example_branch_day_of_week_operator.py
[2024-03-18 20:03:32,747] {logging_mixin.py:115} INFO - [2024-03-18 20:03:32,747] {dag.py:2379} INFO - Sync 1 DAGs
[2024-03-18 20:03:32,762] {logging_mixin.py:115} INFO - [2024-03-18 20:03:32,762] {dag.py:2927} INFO - Setting next_dagrun for example_weekday_branch_operator to 2024-03-17T00:00:00+00:00, run_after=2024-03-18T00:00:00+00:00
[2024-03-18 20:03:32,773] {processor.py:161} INFO - Processing /home/sheyla/Documents/Repositórios/apache-airflow-extracao-de-dados/venv/lib/python3.9/site-packages/airflow/example_dags/example_branch_day_of_week_operator.py took 0.061 seconds
[2024-03-18 20:04:04,185] {processor.py:153} INFO - Started process (PID=1994307) to work on /home/sheyla/Documents/Repositórios/apache-airflow-extracao-de-dados/venv/lib/python3.9/site-packages/airflow/example_dags/example_branch_day_of_week_operator.py
[2024-03-18 20:04:04,190] {processor.py:641} INFO - Processing file /home/sheyla/Documents/Repositórios/apache-airflow-extracao-de-dados/venv/lib/python3.9/site-packages/airflow/example_dags/example_branch_day_of_week_operator.py for tasks to queue
[2024-03-18 20:04:04,191] {logging_mixin.py:115} INFO - [2024-03-18 20:04:04,191] {dagbag.py:507} INFO - Filling up the DagBag from /home/sheyla/Documents/Repositórios/apache-airflow-extracao-de-dados/venv/lib/python3.9/site-packages/airflow/example_dags/example_branch_day_of_week_operator.py
[2024-03-18 20:04:04,198] {processor.py:651} INFO - DAG(s) dict_keys(['example_weekday_branch_operator']) retrieved from /home/sheyla/Documents/Repositórios/apache-airflow-extracao-de-dados/venv/lib/python3.9/site-packages/airflow/example_dags/example_branch_day_of_week_operator.py
[2024-03-18 20:04:04,213] {logging_mixin.py:115} INFO - [2024-03-18 20:04:04,213] {dag.py:2379} INFO - Sync 1 DAGs
[2024-03-18 20:04:04,227] {logging_mixin.py:115} INFO - [2024-03-18 20:04:04,227] {dag.py:2927} INFO - Setting next_dagrun for example_weekday_branch_operator to 2024-03-17T00:00:00+00:00, run_after=2024-03-18T00:00:00+00:00
[2024-03-18 20:04:04,239] {processor.py:161} INFO - Processing /home/sheyla/Documents/Repositórios/apache-airflow-extracao-de-dados/venv/lib/python3.9/site-packages/airflow/example_dags/example_branch_day_of_week_operator.py took 0.056 seconds
[2024-03-18 20:04:37,210] {processor.py:153} INFO - Started process (PID=1994640) to work on /home/sheyla/Documents/Repositórios/apache-airflow-extracao-de-dados/venv/lib/python3.9/site-packages/airflow/example_dags/example_branch_day_of_week_operator.py
[2024-03-18 20:04:37,216] {processor.py:641} INFO - Processing file /home/sheyla/Documents/Repositórios/apache-airflow-extracao-de-dados/venv/lib/python3.9/site-packages/airflow/example_dags/example_branch_day_of_week_operator.py for tasks to queue
[2024-03-18 20:04:37,217] {logging_mixin.py:115} INFO - [2024-03-18 20:04:37,217] {dagbag.py:507} INFO - Filling up the DagBag from /home/sheyla/Documents/Repositórios/apache-airflow-extracao-de-dados/venv/lib/python3.9/site-packages/airflow/example_dags/example_branch_day_of_week_operator.py
[2024-03-18 20:04:37,236] {processor.py:651} INFO - DAG(s) dict_keys(['example_weekday_branch_operator']) retrieved from /home/sheyla/Documents/Repositórios/apache-airflow-extracao-de-dados/venv/lib/python3.9/site-packages/airflow/example_dags/example_branch_day_of_week_operator.py
[2024-03-18 20:04:37,255] {logging_mixin.py:115} INFO - [2024-03-18 20:04:37,255] {dag.py:2379} INFO - Sync 1 DAGs
[2024-03-18 20:04:37,268] {logging_mixin.py:115} INFO - [2024-03-18 20:04:37,268] {dag.py:2927} INFO - Setting next_dagrun for example_weekday_branch_operator to 2024-03-17T00:00:00+00:00, run_after=2024-03-18T00:00:00+00:00
[2024-03-18 20:04:37,281] {processor.py:161} INFO - Processing /home/sheyla/Documents/Repositórios/apache-airflow-extracao-de-dados/venv/lib/python3.9/site-packages/airflow/example_dags/example_branch_day_of_week_operator.py took 0.079 seconds
[2024-03-18 20:05:09,848] {processor.py:153} INFO - Started process (PID=1994970) to work on /home/sheyla/Documents/Repositórios/apache-airflow-extracao-de-dados/venv/lib/python3.9/site-packages/airflow/example_dags/example_branch_day_of_week_operator.py
[2024-03-18 20:05:09,854] {processor.py:641} INFO - Processing file /home/sheyla/Documents/Repositórios/apache-airflow-extracao-de-dados/venv/lib/python3.9/site-packages/airflow/example_dags/example_branch_day_of_week_operator.py for tasks to queue
[2024-03-18 20:05:09,854] {logging_mixin.py:115} INFO - [2024-03-18 20:05:09,854] {dagbag.py:507} INFO - Filling up the DagBag from /home/sheyla/Documents/Repositórios/apache-airflow-extracao-de-dados/venv/lib/python3.9/site-packages/airflow/example_dags/example_branch_day_of_week_operator.py
[2024-03-18 20:05:09,859] {processor.py:651} INFO - DAG(s) dict_keys(['example_weekday_branch_operator']) retrieved from /home/sheyla/Documents/Repositórios/apache-airflow-extracao-de-dados/venv/lib/python3.9/site-packages/airflow/example_dags/example_branch_day_of_week_operator.py
[2024-03-18 20:05:09,870] {logging_mixin.py:115} INFO - [2024-03-18 20:05:09,870] {dag.py:2379} INFO - Sync 1 DAGs
[2024-03-18 20:05:09,881] {logging_mixin.py:115} INFO - [2024-03-18 20:05:09,881] {dag.py:2927} INFO - Setting next_dagrun for example_weekday_branch_operator to 2024-03-17T00:00:00+00:00, run_after=2024-03-18T00:00:00+00:00
[2024-03-18 20:05:09,893] {processor.py:161} INFO - Processing /home/sheyla/Documents/Repositórios/apache-airflow-extracao-de-dados/venv/lib/python3.9/site-packages/airflow/example_dags/example_branch_day_of_week_operator.py took 0.046 seconds
[2024-03-18 20:05:41,404] {processor.py:153} INFO - Started process (PID=1995305) to work on /home/sheyla/Documents/Repositórios/apache-airflow-extracao-de-dados/venv/lib/python3.9/site-packages/airflow/example_dags/example_branch_day_of_week_operator.py
[2024-03-18 20:05:41,407] {processor.py:641} INFO - Processing file /home/sheyla/Documents/Repositórios/apache-airflow-extracao-de-dados/venv/lib/python3.9/site-packages/airflow/example_dags/example_branch_day_of_week_operator.py for tasks to queue
[2024-03-18 20:05:41,407] {logging_mixin.py:115} INFO - [2024-03-18 20:05:41,407] {dagbag.py:507} INFO - Filling up the DagBag from /home/sheyla/Documents/Repositórios/apache-airflow-extracao-de-dados/venv/lib/python3.9/site-packages/airflow/example_dags/example_branch_day_of_week_operator.py
[2024-03-18 20:05:41,416] {processor.py:651} INFO - DAG(s) dict_keys(['example_weekday_branch_operator']) retrieved from /home/sheyla/Documents/Repositórios/apache-airflow-extracao-de-dados/venv/lib/python3.9/site-packages/airflow/example_dags/example_branch_day_of_week_operator.py
[2024-03-18 20:05:41,429] {logging_mixin.py:115} INFO - [2024-03-18 20:05:41,429] {dag.py:2379} INFO - Sync 1 DAGs
[2024-03-18 20:05:41,442] {logging_mixin.py:115} INFO - [2024-03-18 20:05:41,442] {dag.py:2927} INFO - Setting next_dagrun for example_weekday_branch_operator to 2024-03-17T00:00:00+00:00, run_after=2024-03-18T00:00:00+00:00
[2024-03-18 20:05:41,454] {processor.py:161} INFO - Processing /home/sheyla/Documents/Repositórios/apache-airflow-extracao-de-dados/venv/lib/python3.9/site-packages/airflow/example_dags/example_branch_day_of_week_operator.py took 0.053 seconds
[2024-03-18 20:06:15,303] {processor.py:153} INFO - Started process (PID=1995730) to work on /home/sheyla/Documents/Repositórios/apache-airflow-extracao-de-dados/venv/lib/python3.9/site-packages/airflow/example_dags/example_branch_day_of_week_operator.py
[2024-03-18 20:06:15,309] {processor.py:641} INFO - Processing file /home/sheyla/Documents/Repositórios/apache-airflow-extracao-de-dados/venv/lib/python3.9/site-packages/airflow/example_dags/example_branch_day_of_week_operator.py for tasks to queue
[2024-03-18 20:06:15,311] {logging_mixin.py:115} INFO - [2024-03-18 20:06:15,310] {dagbag.py:507} INFO - Filling up the DagBag from /home/sheyla/Documents/Repositórios/apache-airflow-extracao-de-dados/venv/lib/python3.9/site-packages/airflow/example_dags/example_branch_day_of_week_operator.py
[2024-03-18 20:06:15,329] {processor.py:651} INFO - DAG(s) dict_keys(['example_weekday_branch_operator']) retrieved from /home/sheyla/Documents/Repositórios/apache-airflow-extracao-de-dados/venv/lib/python3.9/site-packages/airflow/example_dags/example_branch_day_of_week_operator.py
[2024-03-18 20:06:15,347] {logging_mixin.py:115} INFO - [2024-03-18 20:06:15,347] {dag.py:2379} INFO - Sync 1 DAGs
[2024-03-18 20:06:15,360] {logging_mixin.py:115} INFO - [2024-03-18 20:06:15,360] {dag.py:2927} INFO - Setting next_dagrun for example_weekday_branch_operator to 2024-03-17T00:00:00+00:00, run_after=2024-03-18T00:00:00+00:00
[2024-03-18 20:06:15,373] {processor.py:161} INFO - Processing /home/sheyla/Documents/Repositórios/apache-airflow-extracao-de-dados/venv/lib/python3.9/site-packages/airflow/example_dags/example_branch_day_of_week_operator.py took 0.078 seconds
[2024-03-18 20:06:46,931] {processor.py:153} INFO - Started process (PID=1996067) to work on /home/sheyla/Documents/Repositórios/apache-airflow-extracao-de-dados/venv/lib/python3.9/site-packages/airflow/example_dags/example_branch_day_of_week_operator.py
[2024-03-18 20:06:46,936] {processor.py:641} INFO - Processing file /home/sheyla/Documents/Repositórios/apache-airflow-extracao-de-dados/venv/lib/python3.9/site-packages/airflow/example_dags/example_branch_day_of_week_operator.py for tasks to queue
[2024-03-18 20:06:46,937] {logging_mixin.py:115} INFO - [2024-03-18 20:06:46,937] {dagbag.py:507} INFO - Filling up the DagBag from /home/sheyla/Documents/Repositórios/apache-airflow-extracao-de-dados/venv/lib/python3.9/site-packages/airflow/example_dags/example_branch_day_of_week_operator.py
[2024-03-18 20:06:46,948] {processor.py:651} INFO - DAG(s) dict_keys(['example_weekday_branch_operator']) retrieved from /home/sheyla/Documents/Repositórios/apache-airflow-extracao-de-dados/venv/lib/python3.9/site-packages/airflow/example_dags/example_branch_day_of_week_operator.py
[2024-03-18 20:06:46,969] {logging_mixin.py:115} INFO - [2024-03-18 20:06:46,969] {dag.py:2379} INFO - Sync 1 DAGs
[2024-03-18 20:06:46,983] {logging_mixin.py:115} INFO - [2024-03-18 20:06:46,982] {dag.py:2927} INFO - Setting next_dagrun for example_weekday_branch_operator to 2024-03-17T00:00:00+00:00, run_after=2024-03-18T00:00:00+00:00
[2024-03-18 20:06:46,995] {processor.py:161} INFO - Processing /home/sheyla/Documents/Repositórios/apache-airflow-extracao-de-dados/venv/lib/python3.9/site-packages/airflow/example_dags/example_branch_day_of_week_operator.py took 0.066 seconds
[2024-03-18 20:07:20,040] {processor.py:153} INFO - Started process (PID=1996394) to work on /home/sheyla/Documents/Repositórios/apache-airflow-extracao-de-dados/venv/lib/python3.9/site-packages/airflow/example_dags/example_branch_day_of_week_operator.py
[2024-03-18 20:07:20,043] {processor.py:641} INFO - Processing file /home/sheyla/Documents/Repositórios/apache-airflow-extracao-de-dados/venv/lib/python3.9/site-packages/airflow/example_dags/example_branch_day_of_week_operator.py for tasks to queue
[2024-03-18 20:07:20,043] {logging_mixin.py:115} INFO - [2024-03-18 20:07:20,043] {dagbag.py:507} INFO - Filling up the DagBag from /home/sheyla/Documents/Repositórios/apache-airflow-extracao-de-dados/venv/lib/python3.9/site-packages/airflow/example_dags/example_branch_day_of_week_operator.py
[2024-03-18 20:07:20,052] {processor.py:651} INFO - DAG(s) dict_keys(['example_weekday_branch_operator']) retrieved from /home/sheyla/Documents/Repositórios/apache-airflow-extracao-de-dados/venv/lib/python3.9/site-packages/airflow/example_dags/example_branch_day_of_week_operator.py
[2024-03-18 20:07:20,072] {logging_mixin.py:115} INFO - [2024-03-18 20:07:20,072] {dag.py:2379} INFO - Sync 1 DAGs
[2024-03-18 20:07:20,087] {logging_mixin.py:115} INFO - [2024-03-18 20:07:20,087] {dag.py:2927} INFO - Setting next_dagrun for example_weekday_branch_operator to 2024-03-17T00:00:00+00:00, run_after=2024-03-18T00:00:00+00:00
[2024-03-18 20:07:20,099] {processor.py:161} INFO - Processing /home/sheyla/Documents/Repositórios/apache-airflow-extracao-de-dados/venv/lib/python3.9/site-packages/airflow/example_dags/example_branch_day_of_week_operator.py took 0.062 seconds
[2024-03-18 20:07:54,050] {processor.py:153} INFO - Started process (PID=1997246) to work on /home/sheyla/Documents/Repositórios/apache-airflow-extracao-de-dados/venv/lib/python3.9/site-packages/airflow/example_dags/example_branch_day_of_week_operator.py
[2024-03-18 20:07:54,057] {processor.py:641} INFO - Processing file /home/sheyla/Documents/Repositórios/apache-airflow-extracao-de-dados/venv/lib/python3.9/site-packages/airflow/example_dags/example_branch_day_of_week_operator.py for tasks to queue
[2024-03-18 20:07:54,058] {logging_mixin.py:115} INFO - [2024-03-18 20:07:54,058] {dagbag.py:507} INFO - Filling up the DagBag from /home/sheyla/Documents/Repositórios/apache-airflow-extracao-de-dados/venv/lib/python3.9/site-packages/airflow/example_dags/example_branch_day_of_week_operator.py
[2024-03-18 20:07:54,074] {processor.py:651} INFO - DAG(s) dict_keys(['example_weekday_branch_operator']) retrieved from /home/sheyla/Documents/Repositórios/apache-airflow-extracao-de-dados/venv/lib/python3.9/site-packages/airflow/example_dags/example_branch_day_of_week_operator.py
[2024-03-18 20:07:54,090] {logging_mixin.py:115} INFO - [2024-03-18 20:07:54,090] {dag.py:2379} INFO - Sync 1 DAGs
[2024-03-18 20:07:54,111] {logging_mixin.py:115} INFO - [2024-03-18 20:07:54,110] {dag.py:2927} INFO - Setting next_dagrun for example_weekday_branch_operator to 2024-03-17T00:00:00+00:00, run_after=2024-03-18T00:00:00+00:00
[2024-03-18 20:07:54,124] {processor.py:161} INFO - Processing /home/sheyla/Documents/Repositórios/apache-airflow-extracao-de-dados/venv/lib/python3.9/site-packages/airflow/example_dags/example_branch_day_of_week_operator.py took 0.080 seconds
[2024-03-18 20:08:24,327] {processor.py:153} INFO - Started process (PID=1997938) to work on /home/sheyla/Documents/Repositórios/apache-airflow-extracao-de-dados/venv/lib/python3.9/site-packages/airflow/example_dags/example_branch_day_of_week_operator.py
[2024-03-18 20:08:24,330] {processor.py:641} INFO - Processing file /home/sheyla/Documents/Repositórios/apache-airflow-extracao-de-dados/venv/lib/python3.9/site-packages/airflow/example_dags/example_branch_day_of_week_operator.py for tasks to queue
[2024-03-18 20:08:24,331] {logging_mixin.py:115} INFO - [2024-03-18 20:08:24,331] {dagbag.py:507} INFO - Filling up the DagBag from /home/sheyla/Documents/Repositórios/apache-airflow-extracao-de-dados/venv/lib/python3.9/site-packages/airflow/example_dags/example_branch_day_of_week_operator.py
[2024-03-18 20:08:24,350] {processor.py:651} INFO - DAG(s) dict_keys(['example_weekday_branch_operator']) retrieved from /home/sheyla/Documents/Repositórios/apache-airflow-extracao-de-dados/venv/lib/python3.9/site-packages/airflow/example_dags/example_branch_day_of_week_operator.py
[2024-03-18 20:08:24,373] {logging_mixin.py:115} INFO - [2024-03-18 20:08:24,373] {dag.py:2379} INFO - Sync 1 DAGs
[2024-03-18 20:08:24,387] {logging_mixin.py:115} INFO - [2024-03-18 20:08:24,387] {dag.py:2927} INFO - Setting next_dagrun for example_weekday_branch_operator to 2024-03-17T00:00:00+00:00, run_after=2024-03-18T00:00:00+00:00
[2024-03-18 20:08:24,399] {processor.py:161} INFO - Processing /home/sheyla/Documents/Repositórios/apache-airflow-extracao-de-dados/venv/lib/python3.9/site-packages/airflow/example_dags/example_branch_day_of_week_operator.py took 0.075 seconds
[2024-03-18 20:08:56,043] {processor.py:153} INFO - Started process (PID=1998593) to work on /home/sheyla/Documents/Repositórios/apache-airflow-extracao-de-dados/venv/lib/python3.9/site-packages/airflow/example_dags/example_branch_day_of_week_operator.py
[2024-03-18 20:08:56,049] {processor.py:641} INFO - Processing file /home/sheyla/Documents/Repositórios/apache-airflow-extracao-de-dados/venv/lib/python3.9/site-packages/airflow/example_dags/example_branch_day_of_week_operator.py for tasks to queue
[2024-03-18 20:08:56,049] {logging_mixin.py:115} INFO - [2024-03-18 20:08:56,049] {dagbag.py:507} INFO - Filling up the DagBag from /home/sheyla/Documents/Repositórios/apache-airflow-extracao-de-dados/venv/lib/python3.9/site-packages/airflow/example_dags/example_branch_day_of_week_operator.py
[2024-03-18 20:08:56,054] {processor.py:651} INFO - DAG(s) dict_keys(['example_weekday_branch_operator']) retrieved from /home/sheyla/Documents/Repositórios/apache-airflow-extracao-de-dados/venv/lib/python3.9/site-packages/airflow/example_dags/example_branch_day_of_week_operator.py
[2024-03-18 20:08:56,066] {logging_mixin.py:115} INFO - [2024-03-18 20:08:56,066] {dag.py:2379} INFO - Sync 1 DAGs
[2024-03-18 20:08:56,078] {logging_mixin.py:115} INFO - [2024-03-18 20:08:56,078] {dag.py:2927} INFO - Setting next_dagrun for example_weekday_branch_operator to 2024-03-17T00:00:00+00:00, run_after=2024-03-18T00:00:00+00:00
[2024-03-18 20:08:56,088] {processor.py:161} INFO - Processing /home/sheyla/Documents/Repositórios/apache-airflow-extracao-de-dados/venv/lib/python3.9/site-packages/airflow/example_dags/example_branch_day_of_week_operator.py took 0.047 seconds
