[2024-03-18 19:56:57,254] {processor.py:153} INFO - Started process (PID=1989932) to work on /home/sheyla/Documents/Repositórios/apache-airflow-extracao-de-dados/venv/lib/python3.9/site-packages/airflow/example_dags/example_external_task_marker_dag.py
[2024-03-18 19:56:57,255] {processor.py:641} INFO - Processing file /home/sheyla/Documents/Repositórios/apache-airflow-extracao-de-dados/venv/lib/python3.9/site-packages/airflow/example_dags/example_external_task_marker_dag.py for tasks to queue
[2024-03-18 19:56:57,255] {logging_mixin.py:115} INFO - [2024-03-18 19:56:57,255] {dagbag.py:507} INFO - Filling up the DagBag from /home/sheyla/Documents/Repositórios/apache-airflow-extracao-de-dados/venv/lib/python3.9/site-packages/airflow/example_dags/example_external_task_marker_dag.py
[2024-03-18 19:56:57,259] {processor.py:651} INFO - DAG(s) dict_keys(['example_external_task_marker_parent', 'example_external_task_marker_child']) retrieved from /home/sheyla/Documents/Repositórios/apache-airflow-extracao-de-dados/venv/lib/python3.9/site-packages/airflow/example_dags/example_external_task_marker_dag.py
[2024-03-18 19:56:57,387] {logging_mixin.py:115} INFO - [2024-03-18 19:56:57,386] {manager.py:508} INFO - Created Permission View: can delete on DAG:example_external_task_marker_parent
[2024-03-18 19:56:57,445] {logging_mixin.py:115} INFO - [2024-03-18 19:56:57,445] {manager.py:508} INFO - Created Permission View: can edit on DAG:example_external_task_marker_parent
[2024-03-18 19:56:57,497] {logging_mixin.py:115} INFO - [2024-03-18 19:56:57,497] {manager.py:508} INFO - Created Permission View: can read on DAG:example_external_task_marker_parent
[2024-03-18 19:56:57,610] {logging_mixin.py:115} INFO - [2024-03-18 19:56:57,610] {manager.py:508} INFO - Created Permission View: can delete on DAG:example_external_task_marker_child
[2024-03-18 19:56:57,662] {logging_mixin.py:115} INFO - [2024-03-18 19:56:57,662] {manager.py:508} INFO - Created Permission View: can edit on DAG:example_external_task_marker_child
[2024-03-18 19:56:57,700] {logging_mixin.py:115} INFO - [2024-03-18 19:56:57,700] {manager.py:508} INFO - Created Permission View: can read on DAG:example_external_task_marker_child
[2024-03-18 19:56:57,700] {logging_mixin.py:115} INFO - [2024-03-18 19:56:57,700] {dag.py:2379} INFO - Sync 2 DAGs
[2024-03-18 19:56:57,704] {logging_mixin.py:115} INFO - [2024-03-18 19:56:57,704] {dag.py:2398} INFO - Creating ORM DAG for example_external_task_marker_parent
[2024-03-18 19:56:57,705] {logging_mixin.py:115} INFO - [2024-03-18 19:56:57,705] {dag.py:2398} INFO - Creating ORM DAG for example_external_task_marker_child
[2024-03-18 19:56:57,744] {logging_mixin.py:115} INFO - [2024-03-18 19:56:57,744] {dag.py:2927} INFO - Setting next_dagrun for example_external_task_marker_child to None, run_after=None
[2024-03-18 19:56:57,744] {logging_mixin.py:115} INFO - [2024-03-18 19:56:57,744] {dag.py:2927} INFO - Setting next_dagrun for example_external_task_marker_parent to None, run_after=None
[2024-03-18 19:56:57,796] {processor.py:161} INFO - Processing /home/sheyla/Documents/Repositórios/apache-airflow-extracao-de-dados/venv/lib/python3.9/site-packages/airflow/example_dags/example_external_task_marker_dag.py took 0.544 seconds
[2024-03-18 19:57:38,700] {processor.py:153} INFO - Started process (PID=1990343) to work on /home/sheyla/Documents/Repositórios/apache-airflow-extracao-de-dados/venv/lib/python3.9/site-packages/airflow/example_dags/example_external_task_marker_dag.py
[2024-03-18 19:57:38,706] {processor.py:641} INFO - Processing file /home/sheyla/Documents/Repositórios/apache-airflow-extracao-de-dados/venv/lib/python3.9/site-packages/airflow/example_dags/example_external_task_marker_dag.py for tasks to queue
[2024-03-18 19:57:38,706] {logging_mixin.py:115} INFO - [2024-03-18 19:57:38,706] {dagbag.py:507} INFO - Filling up the DagBag from /home/sheyla/Documents/Repositórios/apache-airflow-extracao-de-dados/venv/lib/python3.9/site-packages/airflow/example_dags/example_external_task_marker_dag.py
[2024-03-18 19:57:38,711] {processor.py:651} INFO - DAG(s) dict_keys(['example_external_task_marker_parent', 'example_external_task_marker_child']) retrieved from /home/sheyla/Documents/Repositórios/apache-airflow-extracao-de-dados/venv/lib/python3.9/site-packages/airflow/example_dags/example_external_task_marker_dag.py
[2024-03-18 19:57:38,740] {logging_mixin.py:115} INFO - [2024-03-18 19:57:38,740] {dag.py:2379} INFO - Sync 2 DAGs
[2024-03-18 19:57:38,752] {logging_mixin.py:115} INFO - [2024-03-18 19:57:38,752] {dag.py:2927} INFO - Setting next_dagrun for example_external_task_marker_child to None, run_after=None
[2024-03-18 19:57:38,752] {logging_mixin.py:115} INFO - [2024-03-18 19:57:38,752] {dag.py:2927} INFO - Setting next_dagrun for example_external_task_marker_parent to None, run_after=None
[2024-03-18 19:57:38,769] {processor.py:161} INFO - Processing /home/sheyla/Documents/Repositórios/apache-airflow-extracao-de-dados/venv/lib/python3.9/site-packages/airflow/example_dags/example_external_task_marker_dag.py took 0.072 seconds
[2024-03-18 19:58:12,500] {processor.py:153} INFO - Started process (PID=1990678) to work on /home/sheyla/Documents/Repositórios/apache-airflow-extracao-de-dados/venv/lib/python3.9/site-packages/airflow/example_dags/example_external_task_marker_dag.py
[2024-03-18 19:58:12,506] {processor.py:641} INFO - Processing file /home/sheyla/Documents/Repositórios/apache-airflow-extracao-de-dados/venv/lib/python3.9/site-packages/airflow/example_dags/example_external_task_marker_dag.py for tasks to queue
[2024-03-18 19:58:12,507] {logging_mixin.py:115} INFO - [2024-03-18 19:58:12,507] {dagbag.py:507} INFO - Filling up the DagBag from /home/sheyla/Documents/Repositórios/apache-airflow-extracao-de-dados/venv/lib/python3.9/site-packages/airflow/example_dags/example_external_task_marker_dag.py
[2024-03-18 19:58:12,518] {processor.py:651} INFO - DAG(s) dict_keys(['example_external_task_marker_parent', 'example_external_task_marker_child']) retrieved from /home/sheyla/Documents/Repositórios/apache-airflow-extracao-de-dados/venv/lib/python3.9/site-packages/airflow/example_dags/example_external_task_marker_dag.py
[2024-03-18 19:58:12,556] {logging_mixin.py:115} INFO - [2024-03-18 19:58:12,556] {dag.py:2379} INFO - Sync 2 DAGs
[2024-03-18 19:58:12,568] {logging_mixin.py:115} INFO - [2024-03-18 19:58:12,568] {dag.py:2927} INFO - Setting next_dagrun for example_external_task_marker_child to None, run_after=None
[2024-03-18 19:58:12,568] {logging_mixin.py:115} INFO - [2024-03-18 19:58:12,568] {dag.py:2927} INFO - Setting next_dagrun for example_external_task_marker_parent to None, run_after=None
[2024-03-18 19:58:12,579] {processor.py:161} INFO - Processing /home/sheyla/Documents/Repositórios/apache-airflow-extracao-de-dados/venv/lib/python3.9/site-packages/airflow/example_dags/example_external_task_marker_dag.py took 0.087 seconds
[2024-03-18 19:58:46,003] {processor.py:153} INFO - Started process (PID=1991011) to work on /home/sheyla/Documents/Repositórios/apache-airflow-extracao-de-dados/venv/lib/python3.9/site-packages/airflow/example_dags/example_external_task_marker_dag.py
[2024-03-18 19:58:46,005] {processor.py:641} INFO - Processing file /home/sheyla/Documents/Repositórios/apache-airflow-extracao-de-dados/venv/lib/python3.9/site-packages/airflow/example_dags/example_external_task_marker_dag.py for tasks to queue
[2024-03-18 19:58:46,006] {logging_mixin.py:115} INFO - [2024-03-18 19:58:46,006] {dagbag.py:507} INFO - Filling up the DagBag from /home/sheyla/Documents/Repositórios/apache-airflow-extracao-de-dados/venv/lib/python3.9/site-packages/airflow/example_dags/example_external_task_marker_dag.py
[2024-03-18 19:58:46,012] {processor.py:651} INFO - DAG(s) dict_keys(['example_external_task_marker_parent', 'example_external_task_marker_child']) retrieved from /home/sheyla/Documents/Repositórios/apache-airflow-extracao-de-dados/venv/lib/python3.9/site-packages/airflow/example_dags/example_external_task_marker_dag.py
[2024-03-18 19:58:46,039] {logging_mixin.py:115} INFO - [2024-03-18 19:58:46,039] {dag.py:2379} INFO - Sync 2 DAGs
[2024-03-18 19:58:46,051] {logging_mixin.py:115} INFO - [2024-03-18 19:58:46,051] {dag.py:2927} INFO - Setting next_dagrun for example_external_task_marker_child to None, run_after=None
[2024-03-18 19:58:46,052] {logging_mixin.py:115} INFO - [2024-03-18 19:58:46,052] {dag.py:2927} INFO - Setting next_dagrun for example_external_task_marker_parent to None, run_after=None
[2024-03-18 19:58:46,070] {processor.py:161} INFO - Processing /home/sheyla/Documents/Repositórios/apache-airflow-extracao-de-dados/venv/lib/python3.9/site-packages/airflow/example_dags/example_external_task_marker_dag.py took 0.075 seconds
[2024-03-18 19:59:17,544] {processor.py:153} INFO - Started process (PID=1991332) to work on /home/sheyla/Documents/Repositórios/apache-airflow-extracao-de-dados/venv/lib/python3.9/site-packages/airflow/example_dags/example_external_task_marker_dag.py
[2024-03-18 19:59:17,546] {processor.py:641} INFO - Processing file /home/sheyla/Documents/Repositórios/apache-airflow-extracao-de-dados/venv/lib/python3.9/site-packages/airflow/example_dags/example_external_task_marker_dag.py for tasks to queue
[2024-03-18 19:59:17,547] {logging_mixin.py:115} INFO - [2024-03-18 19:59:17,547] {dagbag.py:507} INFO - Filling up the DagBag from /home/sheyla/Documents/Repositórios/apache-airflow-extracao-de-dados/venv/lib/python3.9/site-packages/airflow/example_dags/example_external_task_marker_dag.py
[2024-03-18 19:59:17,558] {processor.py:651} INFO - DAG(s) dict_keys(['example_external_task_marker_parent', 'example_external_task_marker_child']) retrieved from /home/sheyla/Documents/Repositórios/apache-airflow-extracao-de-dados/venv/lib/python3.9/site-packages/airflow/example_dags/example_external_task_marker_dag.py
[2024-03-18 19:59:17,587] {logging_mixin.py:115} INFO - [2024-03-18 19:59:17,587] {dag.py:2379} INFO - Sync 2 DAGs
[2024-03-18 19:59:17,598] {logging_mixin.py:115} INFO - [2024-03-18 19:59:17,598] {dag.py:2927} INFO - Setting next_dagrun for example_external_task_marker_child to None, run_after=None
[2024-03-18 19:59:17,598] {logging_mixin.py:115} INFO - [2024-03-18 19:59:17,598] {dag.py:2927} INFO - Setting next_dagrun for example_external_task_marker_parent to None, run_after=None
[2024-03-18 19:59:17,609] {processor.py:161} INFO - Processing /home/sheyla/Documents/Repositórios/apache-airflow-extracao-de-dados/venv/lib/python3.9/site-packages/airflow/example_dags/example_external_task_marker_dag.py took 0.073 seconds
[2024-03-18 19:59:52,442] {processor.py:153} INFO - Started process (PID=1991701) to work on /home/sheyla/Documents/Repositórios/apache-airflow-extracao-de-dados/venv/lib/python3.9/site-packages/airflow/example_dags/example_external_task_marker_dag.py
[2024-03-18 19:59:52,448] {processor.py:641} INFO - Processing file /home/sheyla/Documents/Repositórios/apache-airflow-extracao-de-dados/venv/lib/python3.9/site-packages/airflow/example_dags/example_external_task_marker_dag.py for tasks to queue
[2024-03-18 19:59:52,449] {logging_mixin.py:115} INFO - [2024-03-18 19:59:52,449] {dagbag.py:507} INFO - Filling up the DagBag from /home/sheyla/Documents/Repositórios/apache-airflow-extracao-de-dados/venv/lib/python3.9/site-packages/airflow/example_dags/example_external_task_marker_dag.py
[2024-03-18 19:59:52,461] {processor.py:651} INFO - DAG(s) dict_keys(['example_external_task_marker_parent', 'example_external_task_marker_child']) retrieved from /home/sheyla/Documents/Repositórios/apache-airflow-extracao-de-dados/venv/lib/python3.9/site-packages/airflow/example_dags/example_external_task_marker_dag.py
[2024-03-18 19:59:52,501] {logging_mixin.py:115} INFO - [2024-03-18 19:59:52,501] {dag.py:2379} INFO - Sync 2 DAGs
[2024-03-18 19:59:52,512] {logging_mixin.py:115} INFO - [2024-03-18 19:59:52,512] {dag.py:2927} INFO - Setting next_dagrun for example_external_task_marker_child to None, run_after=None
[2024-03-18 19:59:52,512] {logging_mixin.py:115} INFO - [2024-03-18 19:59:52,512] {dag.py:2927} INFO - Setting next_dagrun for example_external_task_marker_parent to None, run_after=None
[2024-03-18 19:59:52,525] {processor.py:161} INFO - Processing /home/sheyla/Documents/Repositórios/apache-airflow-extracao-de-dados/venv/lib/python3.9/site-packages/airflow/example_dags/example_external_task_marker_dag.py took 0.089 seconds
[2024-03-18 20:00:26,038] {processor.py:153} INFO - Started process (PID=1992109) to work on /home/sheyla/Documents/Repositórios/apache-airflow-extracao-de-dados/venv/lib/python3.9/site-packages/airflow/example_dags/example_external_task_marker_dag.py
[2024-03-18 20:00:26,044] {processor.py:641} INFO - Processing file /home/sheyla/Documents/Repositórios/apache-airflow-extracao-de-dados/venv/lib/python3.9/site-packages/airflow/example_dags/example_external_task_marker_dag.py for tasks to queue
[2024-03-18 20:00:26,044] {logging_mixin.py:115} INFO - [2024-03-18 20:00:26,044] {dagbag.py:507} INFO - Filling up the DagBag from /home/sheyla/Documents/Repositórios/apache-airflow-extracao-de-dados/venv/lib/python3.9/site-packages/airflow/example_dags/example_external_task_marker_dag.py
[2024-03-18 20:00:26,048] {processor.py:651} INFO - DAG(s) dict_keys(['example_external_task_marker_parent', 'example_external_task_marker_child']) retrieved from /home/sheyla/Documents/Repositórios/apache-airflow-extracao-de-dados/venv/lib/python3.9/site-packages/airflow/example_dags/example_external_task_marker_dag.py
[2024-03-18 20:00:26,083] {logging_mixin.py:115} INFO - [2024-03-18 20:00:26,083] {dag.py:2379} INFO - Sync 2 DAGs
[2024-03-18 20:00:26,094] {logging_mixin.py:115} INFO - [2024-03-18 20:00:26,094] {dag.py:2927} INFO - Setting next_dagrun for example_external_task_marker_child to None, run_after=None
[2024-03-18 20:00:26,094] {logging_mixin.py:115} INFO - [2024-03-18 20:00:26,094] {dag.py:2927} INFO - Setting next_dagrun for example_external_task_marker_parent to None, run_after=None
[2024-03-18 20:00:26,105] {processor.py:161} INFO - Processing /home/sheyla/Documents/Repositórios/apache-airflow-extracao-de-dados/venv/lib/python3.9/site-packages/airflow/example_dags/example_external_task_marker_dag.py took 0.070 seconds
[2024-03-18 20:00:59,841] {processor.py:153} INFO - Started process (PID=1992443) to work on /home/sheyla/Documents/Repositórios/apache-airflow-extracao-de-dados/venv/lib/python3.9/site-packages/airflow/example_dags/example_external_task_marker_dag.py
[2024-03-18 20:00:59,844] {processor.py:641} INFO - Processing file /home/sheyla/Documents/Repositórios/apache-airflow-extracao-de-dados/venv/lib/python3.9/site-packages/airflow/example_dags/example_external_task_marker_dag.py for tasks to queue
[2024-03-18 20:00:59,845] {logging_mixin.py:115} INFO - [2024-03-18 20:00:59,845] {dagbag.py:507} INFO - Filling up the DagBag from /home/sheyla/Documents/Repositórios/apache-airflow-extracao-de-dados/venv/lib/python3.9/site-packages/airflow/example_dags/example_external_task_marker_dag.py
[2024-03-18 20:00:59,849] {processor.py:651} INFO - DAG(s) dict_keys(['example_external_task_marker_parent', 'example_external_task_marker_child']) retrieved from /home/sheyla/Documents/Repositórios/apache-airflow-extracao-de-dados/venv/lib/python3.9/site-packages/airflow/example_dags/example_external_task_marker_dag.py
[2024-03-18 20:00:59,899] {logging_mixin.py:115} INFO - [2024-03-18 20:00:59,899] {dag.py:2379} INFO - Sync 2 DAGs
[2024-03-18 20:00:59,916] {logging_mixin.py:115} INFO - [2024-03-18 20:00:59,916] {dag.py:2927} INFO - Setting next_dagrun for example_external_task_marker_child to None, run_after=None
[2024-03-18 20:00:59,916] {logging_mixin.py:115} INFO - [2024-03-18 20:00:59,916] {dag.py:2927} INFO - Setting next_dagrun for example_external_task_marker_parent to None, run_after=None
[2024-03-18 20:00:59,931] {processor.py:161} INFO - Processing /home/sheyla/Documents/Repositórios/apache-airflow-extracao-de-dados/venv/lib/python3.9/site-packages/airflow/example_dags/example_external_task_marker_dag.py took 0.092 seconds
[2024-03-18 20:01:31,776] {processor.py:153} INFO - Started process (PID=1992763) to work on /home/sheyla/Documents/Repositórios/apache-airflow-extracao-de-dados/venv/lib/python3.9/site-packages/airflow/example_dags/example_external_task_marker_dag.py
[2024-03-18 20:01:31,782] {processor.py:641} INFO - Processing file /home/sheyla/Documents/Repositórios/apache-airflow-extracao-de-dados/venv/lib/python3.9/site-packages/airflow/example_dags/example_external_task_marker_dag.py for tasks to queue
[2024-03-18 20:01:31,782] {logging_mixin.py:115} INFO - [2024-03-18 20:01:31,782] {dagbag.py:507} INFO - Filling up the DagBag from /home/sheyla/Documents/Repositórios/apache-airflow-extracao-de-dados/venv/lib/python3.9/site-packages/airflow/example_dags/example_external_task_marker_dag.py
[2024-03-18 20:01:31,787] {processor.py:651} INFO - DAG(s) dict_keys(['example_external_task_marker_parent', 'example_external_task_marker_child']) retrieved from /home/sheyla/Documents/Repositórios/apache-airflow-extracao-de-dados/venv/lib/python3.9/site-packages/airflow/example_dags/example_external_task_marker_dag.py
[2024-03-18 20:01:31,821] {logging_mixin.py:115} INFO - [2024-03-18 20:01:31,821] {dag.py:2379} INFO - Sync 2 DAGs
[2024-03-18 20:01:31,834] {logging_mixin.py:115} INFO - [2024-03-18 20:01:31,834] {dag.py:2927} INFO - Setting next_dagrun for example_external_task_marker_child to None, run_after=None
[2024-03-18 20:01:31,834] {logging_mixin.py:115} INFO - [2024-03-18 20:01:31,834] {dag.py:2927} INFO - Setting next_dagrun for example_external_task_marker_parent to None, run_after=None
[2024-03-18 20:01:31,852] {processor.py:161} INFO - Processing /home/sheyla/Documents/Repositórios/apache-airflow-extracao-de-dados/venv/lib/python3.9/site-packages/airflow/example_dags/example_external_task_marker_dag.py took 0.078 seconds
[2024-03-18 20:02:04,188] {processor.py:153} INFO - Started process (PID=1993107) to work on /home/sheyla/Documents/Repositórios/apache-airflow-extracao-de-dados/venv/lib/python3.9/site-packages/airflow/example_dags/example_external_task_marker_dag.py
[2024-03-18 20:02:04,190] {processor.py:641} INFO - Processing file /home/sheyla/Documents/Repositórios/apache-airflow-extracao-de-dados/venv/lib/python3.9/site-packages/airflow/example_dags/example_external_task_marker_dag.py for tasks to queue
[2024-03-18 20:02:04,191] {logging_mixin.py:115} INFO - [2024-03-18 20:02:04,191] {dagbag.py:507} INFO - Filling up the DagBag from /home/sheyla/Documents/Repositórios/apache-airflow-extracao-de-dados/venv/lib/python3.9/site-packages/airflow/example_dags/example_external_task_marker_dag.py
[2024-03-18 20:02:04,195] {processor.py:651} INFO - DAG(s) dict_keys(['example_external_task_marker_parent', 'example_external_task_marker_child']) retrieved from /home/sheyla/Documents/Repositórios/apache-airflow-extracao-de-dados/venv/lib/python3.9/site-packages/airflow/example_dags/example_external_task_marker_dag.py
[2024-03-18 20:02:04,222] {logging_mixin.py:115} INFO - [2024-03-18 20:02:04,222] {dag.py:2379} INFO - Sync 2 DAGs
[2024-03-18 20:02:04,235] {logging_mixin.py:115} INFO - [2024-03-18 20:02:04,235] {dag.py:2927} INFO - Setting next_dagrun for example_external_task_marker_child to None, run_after=None
[2024-03-18 20:02:04,235] {logging_mixin.py:115} INFO - [2024-03-18 20:02:04,235] {dag.py:2927} INFO - Setting next_dagrun for example_external_task_marker_parent to None, run_after=None
[2024-03-18 20:02:04,247] {processor.py:161} INFO - Processing /home/sheyla/Documents/Repositórios/apache-airflow-extracao-de-dados/venv/lib/python3.9/site-packages/airflow/example_dags/example_external_task_marker_dag.py took 0.062 seconds
[2024-03-18 20:02:37,517] {processor.py:153} INFO - Started process (PID=1993449) to work on /home/sheyla/Documents/Repositórios/apache-airflow-extracao-de-dados/venv/lib/python3.9/site-packages/airflow/example_dags/example_external_task_marker_dag.py
[2024-03-18 20:02:37,523] {processor.py:641} INFO - Processing file /home/sheyla/Documents/Repositórios/apache-airflow-extracao-de-dados/venv/lib/python3.9/site-packages/airflow/example_dags/example_external_task_marker_dag.py for tasks to queue
[2024-03-18 20:02:37,524] {logging_mixin.py:115} INFO - [2024-03-18 20:02:37,524] {dagbag.py:507} INFO - Filling up the DagBag from /home/sheyla/Documents/Repositórios/apache-airflow-extracao-de-dados/venv/lib/python3.9/site-packages/airflow/example_dags/example_external_task_marker_dag.py
[2024-03-18 20:02:37,533] {processor.py:651} INFO - DAG(s) dict_keys(['example_external_task_marker_parent', 'example_external_task_marker_child']) retrieved from /home/sheyla/Documents/Repositórios/apache-airflow-extracao-de-dados/venv/lib/python3.9/site-packages/airflow/example_dags/example_external_task_marker_dag.py
[2024-03-18 20:02:37,558] {logging_mixin.py:115} INFO - [2024-03-18 20:02:37,558] {dag.py:2379} INFO - Sync 2 DAGs
[2024-03-18 20:02:37,570] {logging_mixin.py:115} INFO - [2024-03-18 20:02:37,570] {dag.py:2927} INFO - Setting next_dagrun for example_external_task_marker_child to None, run_after=None
[2024-03-18 20:02:37,570] {logging_mixin.py:115} INFO - [2024-03-18 20:02:37,570] {dag.py:2927} INFO - Setting next_dagrun for example_external_task_marker_parent to None, run_after=None
[2024-03-18 20:02:37,582] {processor.py:161} INFO - Processing /home/sheyla/Documents/Repositórios/apache-airflow-extracao-de-dados/venv/lib/python3.9/site-packages/airflow/example_dags/example_external_task_marker_dag.py took 0.072 seconds
[2024-03-18 20:03:09,313] {processor.py:153} INFO - Started process (PID=1993766) to work on /home/sheyla/Documents/Repositórios/apache-airflow-extracao-de-dados/venv/lib/python3.9/site-packages/airflow/example_dags/example_external_task_marker_dag.py
[2024-03-18 20:03:09,316] {processor.py:641} INFO - Processing file /home/sheyla/Documents/Repositórios/apache-airflow-extracao-de-dados/venv/lib/python3.9/site-packages/airflow/example_dags/example_external_task_marker_dag.py for tasks to queue
[2024-03-18 20:03:09,317] {logging_mixin.py:115} INFO - [2024-03-18 20:03:09,317] {dagbag.py:507} INFO - Filling up the DagBag from /home/sheyla/Documents/Repositórios/apache-airflow-extracao-de-dados/venv/lib/python3.9/site-packages/airflow/example_dags/example_external_task_marker_dag.py
[2024-03-18 20:03:09,322] {processor.py:651} INFO - DAG(s) dict_keys(['example_external_task_marker_parent', 'example_external_task_marker_child']) retrieved from /home/sheyla/Documents/Repositórios/apache-airflow-extracao-de-dados/venv/lib/python3.9/site-packages/airflow/example_dags/example_external_task_marker_dag.py
[2024-03-18 20:03:09,356] {logging_mixin.py:115} INFO - [2024-03-18 20:03:09,356] {dag.py:2379} INFO - Sync 2 DAGs
[2024-03-18 20:03:09,368] {logging_mixin.py:115} INFO - [2024-03-18 20:03:09,368] {dag.py:2927} INFO - Setting next_dagrun for example_external_task_marker_child to None, run_after=None
[2024-03-18 20:03:09,368] {logging_mixin.py:115} INFO - [2024-03-18 20:03:09,368] {dag.py:2927} INFO - Setting next_dagrun for example_external_task_marker_parent to None, run_after=None
[2024-03-18 20:03:09,381] {processor.py:161} INFO - Processing /home/sheyla/Documents/Repositórios/apache-airflow-extracao-de-dados/venv/lib/python3.9/site-packages/airflow/example_dags/example_external_task_marker_dag.py took 0.071 seconds
[2024-03-18 20:03:43,331] {processor.py:153} INFO - Started process (PID=1994103) to work on /home/sheyla/Documents/Repositórios/apache-airflow-extracao-de-dados/venv/lib/python3.9/site-packages/airflow/example_dags/example_external_task_marker_dag.py
[2024-03-18 20:03:43,337] {processor.py:641} INFO - Processing file /home/sheyla/Documents/Repositórios/apache-airflow-extracao-de-dados/venv/lib/python3.9/site-packages/airflow/example_dags/example_external_task_marker_dag.py for tasks to queue
[2024-03-18 20:03:43,339] {logging_mixin.py:115} INFO - [2024-03-18 20:03:43,338] {dagbag.py:507} INFO - Filling up the DagBag from /home/sheyla/Documents/Repositórios/apache-airflow-extracao-de-dados/venv/lib/python3.9/site-packages/airflow/example_dags/example_external_task_marker_dag.py
[2024-03-18 20:03:43,349] {processor.py:651} INFO - DAG(s) dict_keys(['example_external_task_marker_parent', 'example_external_task_marker_child']) retrieved from /home/sheyla/Documents/Repositórios/apache-airflow-extracao-de-dados/venv/lib/python3.9/site-packages/airflow/example_dags/example_external_task_marker_dag.py
[2024-03-18 20:03:43,383] {logging_mixin.py:115} INFO - [2024-03-18 20:03:43,383] {dag.py:2379} INFO - Sync 2 DAGs
[2024-03-18 20:03:43,395] {logging_mixin.py:115} INFO - [2024-03-18 20:03:43,395] {dag.py:2927} INFO - Setting next_dagrun for example_external_task_marker_child to None, run_after=None
[2024-03-18 20:03:43,396] {logging_mixin.py:115} INFO - [2024-03-18 20:03:43,396] {dag.py:2927} INFO - Setting next_dagrun for example_external_task_marker_parent to None, run_after=None
[2024-03-18 20:03:43,415] {processor.py:161} INFO - Processing /home/sheyla/Documents/Repositórios/apache-airflow-extracao-de-dados/venv/lib/python3.9/site-packages/airflow/example_dags/example_external_task_marker_dag.py took 0.091 seconds
[2024-03-18 20:04:15,326] {processor.py:153} INFO - Started process (PID=1994417) to work on /home/sheyla/Documents/Repositórios/apache-airflow-extracao-de-dados/venv/lib/python3.9/site-packages/airflow/example_dags/example_external_task_marker_dag.py
[2024-03-18 20:04:15,327] {processor.py:641} INFO - Processing file /home/sheyla/Documents/Repositórios/apache-airflow-extracao-de-dados/venv/lib/python3.9/site-packages/airflow/example_dags/example_external_task_marker_dag.py for tasks to queue
[2024-03-18 20:04:15,328] {logging_mixin.py:115} INFO - [2024-03-18 20:04:15,328] {dagbag.py:507} INFO - Filling up the DagBag from /home/sheyla/Documents/Repositórios/apache-airflow-extracao-de-dados/venv/lib/python3.9/site-packages/airflow/example_dags/example_external_task_marker_dag.py
[2024-03-18 20:04:15,338] {processor.py:651} INFO - DAG(s) dict_keys(['example_external_task_marker_parent', 'example_external_task_marker_child']) retrieved from /home/sheyla/Documents/Repositórios/apache-airflow-extracao-de-dados/venv/lib/python3.9/site-packages/airflow/example_dags/example_external_task_marker_dag.py
[2024-03-18 20:04:15,366] {logging_mixin.py:115} INFO - [2024-03-18 20:04:15,366] {dag.py:2379} INFO - Sync 2 DAGs
[2024-03-18 20:04:15,378] {logging_mixin.py:115} INFO - [2024-03-18 20:04:15,378] {dag.py:2927} INFO - Setting next_dagrun for example_external_task_marker_child to None, run_after=None
[2024-03-18 20:04:15,378] {logging_mixin.py:115} INFO - [2024-03-18 20:04:15,378] {dag.py:2927} INFO - Setting next_dagrun for example_external_task_marker_parent to None, run_after=None
[2024-03-18 20:04:15,391] {processor.py:161} INFO - Processing /home/sheyla/Documents/Repositórios/apache-airflow-extracao-de-dados/venv/lib/python3.9/site-packages/airflow/example_dags/example_external_task_marker_dag.py took 0.072 seconds
[2024-03-18 20:04:49,250] {processor.py:153} INFO - Started process (PID=1994762) to work on /home/sheyla/Documents/Repositórios/apache-airflow-extracao-de-dados/venv/lib/python3.9/site-packages/airflow/example_dags/example_external_task_marker_dag.py
[2024-03-18 20:04:49,256] {processor.py:641} INFO - Processing file /home/sheyla/Documents/Repositórios/apache-airflow-extracao-de-dados/venv/lib/python3.9/site-packages/airflow/example_dags/example_external_task_marker_dag.py for tasks to queue
[2024-03-18 20:04:49,257] {logging_mixin.py:115} INFO - [2024-03-18 20:04:49,257] {dagbag.py:507} INFO - Filling up the DagBag from /home/sheyla/Documents/Repositórios/apache-airflow-extracao-de-dados/venv/lib/python3.9/site-packages/airflow/example_dags/example_external_task_marker_dag.py
[2024-03-18 20:04:49,267] {processor.py:651} INFO - DAG(s) dict_keys(['example_external_task_marker_parent', 'example_external_task_marker_child']) retrieved from /home/sheyla/Documents/Repositórios/apache-airflow-extracao-de-dados/venv/lib/python3.9/site-packages/airflow/example_dags/example_external_task_marker_dag.py
[2024-03-18 20:04:49,306] {logging_mixin.py:115} INFO - [2024-03-18 20:04:49,306] {dag.py:2379} INFO - Sync 2 DAGs
[2024-03-18 20:04:49,317] {logging_mixin.py:115} INFO - [2024-03-18 20:04:49,317] {dag.py:2927} INFO - Setting next_dagrun for example_external_task_marker_child to None, run_after=None
[2024-03-18 20:04:49,318] {logging_mixin.py:115} INFO - [2024-03-18 20:04:49,318] {dag.py:2927} INFO - Setting next_dagrun for example_external_task_marker_parent to None, run_after=None
[2024-03-18 20:04:49,339] {processor.py:161} INFO - Processing /home/sheyla/Documents/Repositórios/apache-airflow-extracao-de-dados/venv/lib/python3.9/site-packages/airflow/example_dags/example_external_task_marker_dag.py took 0.091 seconds
[2024-03-18 20:05:21,108] {processor.py:153} INFO - Started process (PID=1995089) to work on /home/sheyla/Documents/Repositórios/apache-airflow-extracao-de-dados/venv/lib/python3.9/site-packages/airflow/example_dags/example_external_task_marker_dag.py
[2024-03-18 20:05:21,108] {processor.py:641} INFO - Processing file /home/sheyla/Documents/Repositórios/apache-airflow-extracao-de-dados/venv/lib/python3.9/site-packages/airflow/example_dags/example_external_task_marker_dag.py for tasks to queue
[2024-03-18 20:05:21,109] {logging_mixin.py:115} INFO - [2024-03-18 20:05:21,109] {dagbag.py:507} INFO - Filling up the DagBag from /home/sheyla/Documents/Repositórios/apache-airflow-extracao-de-dados/venv/lib/python3.9/site-packages/airflow/example_dags/example_external_task_marker_dag.py
[2024-03-18 20:05:21,112] {processor.py:651} INFO - DAG(s) dict_keys(['example_external_task_marker_parent', 'example_external_task_marker_child']) retrieved from /home/sheyla/Documents/Repositórios/apache-airflow-extracao-de-dados/venv/lib/python3.9/site-packages/airflow/example_dags/example_external_task_marker_dag.py
[2024-03-18 20:05:21,132] {logging_mixin.py:115} INFO - [2024-03-18 20:05:21,132] {dag.py:2379} INFO - Sync 2 DAGs
[2024-03-18 20:05:21,143] {logging_mixin.py:115} INFO - [2024-03-18 20:05:21,143] {dag.py:2927} INFO - Setting next_dagrun for example_external_task_marker_child to None, run_after=None
[2024-03-18 20:05:21,144] {logging_mixin.py:115} INFO - [2024-03-18 20:05:21,144] {dag.py:2927} INFO - Setting next_dagrun for example_external_task_marker_parent to None, run_after=None
[2024-03-18 20:05:21,153] {processor.py:161} INFO - Processing /home/sheyla/Documents/Repositórios/apache-airflow-extracao-de-dados/venv/lib/python3.9/site-packages/airflow/example_dags/example_external_task_marker_dag.py took 0.047 seconds
[2024-03-18 20:05:55,263] {processor.py:153} INFO - Started process (PID=1995524) to work on /home/sheyla/Documents/Repositórios/apache-airflow-extracao-de-dados/venv/lib/python3.9/site-packages/airflow/example_dags/example_external_task_marker_dag.py
[2024-03-18 20:05:55,268] {processor.py:641} INFO - Processing file /home/sheyla/Documents/Repositórios/apache-airflow-extracao-de-dados/venv/lib/python3.9/site-packages/airflow/example_dags/example_external_task_marker_dag.py for tasks to queue
[2024-03-18 20:05:55,268] {logging_mixin.py:115} INFO - [2024-03-18 20:05:55,268] {dagbag.py:507} INFO - Filling up the DagBag from /home/sheyla/Documents/Repositórios/apache-airflow-extracao-de-dados/venv/lib/python3.9/site-packages/airflow/example_dags/example_external_task_marker_dag.py
[2024-03-18 20:05:55,272] {processor.py:651} INFO - DAG(s) dict_keys(['example_external_task_marker_parent', 'example_external_task_marker_child']) retrieved from /home/sheyla/Documents/Repositórios/apache-airflow-extracao-de-dados/venv/lib/python3.9/site-packages/airflow/example_dags/example_external_task_marker_dag.py
[2024-03-18 20:05:55,294] {logging_mixin.py:115} INFO - [2024-03-18 20:05:55,294] {dag.py:2379} INFO - Sync 2 DAGs
[2024-03-18 20:05:55,305] {logging_mixin.py:115} INFO - [2024-03-18 20:05:55,305] {dag.py:2927} INFO - Setting next_dagrun for example_external_task_marker_child to None, run_after=None
[2024-03-18 20:05:55,305] {logging_mixin.py:115} INFO - [2024-03-18 20:05:55,305] {dag.py:2927} INFO - Setting next_dagrun for example_external_task_marker_parent to None, run_after=None
[2024-03-18 20:05:55,323] {processor.py:161} INFO - Processing /home/sheyla/Documents/Repositórios/apache-airflow-extracao-de-dados/venv/lib/python3.9/site-packages/airflow/example_dags/example_external_task_marker_dag.py took 0.063 seconds
[2024-03-18 20:06:28,497] {processor.py:153} INFO - Started process (PID=1995863) to work on /home/sheyla/Documents/Repositórios/apache-airflow-extracao-de-dados/venv/lib/python3.9/site-packages/airflow/example_dags/example_external_task_marker_dag.py
[2024-03-18 20:06:28,503] {processor.py:641} INFO - Processing file /home/sheyla/Documents/Repositórios/apache-airflow-extracao-de-dados/venv/lib/python3.9/site-packages/airflow/example_dags/example_external_task_marker_dag.py for tasks to queue
[2024-03-18 20:06:28,505] {logging_mixin.py:115} INFO - [2024-03-18 20:06:28,504] {dagbag.py:507} INFO - Filling up the DagBag from /home/sheyla/Documents/Repositórios/apache-airflow-extracao-de-dados/venv/lib/python3.9/site-packages/airflow/example_dags/example_external_task_marker_dag.py
[2024-03-18 20:06:28,515] {processor.py:651} INFO - DAG(s) dict_keys(['example_external_task_marker_parent', 'example_external_task_marker_child']) retrieved from /home/sheyla/Documents/Repositórios/apache-airflow-extracao-de-dados/venv/lib/python3.9/site-packages/airflow/example_dags/example_external_task_marker_dag.py
[2024-03-18 20:06:28,551] {logging_mixin.py:115} INFO - [2024-03-18 20:06:28,551] {dag.py:2379} INFO - Sync 2 DAGs
[2024-03-18 20:06:28,563] {logging_mixin.py:115} INFO - [2024-03-18 20:06:28,563] {dag.py:2927} INFO - Setting next_dagrun for example_external_task_marker_child to None, run_after=None
[2024-03-18 20:06:28,563] {logging_mixin.py:115} INFO - [2024-03-18 20:06:28,563] {dag.py:2927} INFO - Setting next_dagrun for example_external_task_marker_parent to None, run_after=None
[2024-03-18 20:06:28,583] {processor.py:161} INFO - Processing /home/sheyla/Documents/Repositórios/apache-airflow-extracao-de-dados/venv/lib/python3.9/site-packages/airflow/example_dags/example_external_task_marker_dag.py took 0.088 seconds
[2024-03-18 20:07:01,132] {processor.py:153} INFO - Started process (PID=1996212) to work on /home/sheyla/Documents/Repositórios/apache-airflow-extracao-de-dados/venv/lib/python3.9/site-packages/airflow/example_dags/example_external_task_marker_dag.py
[2024-03-18 20:07:01,133] {processor.py:641} INFO - Processing file /home/sheyla/Documents/Repositórios/apache-airflow-extracao-de-dados/venv/lib/python3.9/site-packages/airflow/example_dags/example_external_task_marker_dag.py for tasks to queue
[2024-03-18 20:07:01,134] {logging_mixin.py:115} INFO - [2024-03-18 20:07:01,134] {dagbag.py:507} INFO - Filling up the DagBag from /home/sheyla/Documents/Repositórios/apache-airflow-extracao-de-dados/venv/lib/python3.9/site-packages/airflow/example_dags/example_external_task_marker_dag.py
[2024-03-18 20:07:01,144] {processor.py:651} INFO - DAG(s) dict_keys(['example_external_task_marker_parent', 'example_external_task_marker_child']) retrieved from /home/sheyla/Documents/Repositórios/apache-airflow-extracao-de-dados/venv/lib/python3.9/site-packages/airflow/example_dags/example_external_task_marker_dag.py
[2024-03-18 20:07:01,170] {logging_mixin.py:115} INFO - [2024-03-18 20:07:01,170] {dag.py:2379} INFO - Sync 2 DAGs
[2024-03-18 20:07:01,182] {logging_mixin.py:115} INFO - [2024-03-18 20:07:01,182] {dag.py:2927} INFO - Setting next_dagrun for example_external_task_marker_child to None, run_after=None
[2024-03-18 20:07:01,182] {logging_mixin.py:115} INFO - [2024-03-18 20:07:01,182] {dag.py:2927} INFO - Setting next_dagrun for example_external_task_marker_parent to None, run_after=None
[2024-03-18 20:07:01,200] {processor.py:161} INFO - Processing /home/sheyla/Documents/Repositórios/apache-airflow-extracao-de-dados/venv/lib/python3.9/site-packages/airflow/example_dags/example_external_task_marker_dag.py took 0.075 seconds
[2024-03-18 20:07:33,152] {processor.py:153} INFO - Started process (PID=1996640) to work on /home/sheyla/Documents/Repositórios/apache-airflow-extracao-de-dados/venv/lib/python3.9/site-packages/airflow/example_dags/example_external_task_marker_dag.py
[2024-03-18 20:07:33,153] {processor.py:641} INFO - Processing file /home/sheyla/Documents/Repositórios/apache-airflow-extracao-de-dados/venv/lib/python3.9/site-packages/airflow/example_dags/example_external_task_marker_dag.py for tasks to queue
[2024-03-18 20:07:33,154] {logging_mixin.py:115} INFO - [2024-03-18 20:07:33,154] {dagbag.py:507} INFO - Filling up the DagBag from /home/sheyla/Documents/Repositórios/apache-airflow-extracao-de-dados/venv/lib/python3.9/site-packages/airflow/example_dags/example_external_task_marker_dag.py
[2024-03-18 20:07:33,160] {processor.py:651} INFO - DAG(s) dict_keys(['example_external_task_marker_parent', 'example_external_task_marker_child']) retrieved from /home/sheyla/Documents/Repositórios/apache-airflow-extracao-de-dados/venv/lib/python3.9/site-packages/airflow/example_dags/example_external_task_marker_dag.py
[2024-03-18 20:07:33,204] {logging_mixin.py:115} INFO - [2024-03-18 20:07:33,204] {dag.py:2379} INFO - Sync 2 DAGs
[2024-03-18 20:07:33,220] {logging_mixin.py:115} INFO - [2024-03-18 20:07:33,220] {dag.py:2927} INFO - Setting next_dagrun for example_external_task_marker_child to None, run_after=None
[2024-03-18 20:07:33,220] {logging_mixin.py:115} INFO - [2024-03-18 20:07:33,220] {dag.py:2927} INFO - Setting next_dagrun for example_external_task_marker_parent to None, run_after=None
[2024-03-18 20:07:33,380] {processor.py:161} INFO - Processing /home/sheyla/Documents/Repositórios/apache-airflow-extracao-de-dados/venv/lib/python3.9/site-packages/airflow/example_dags/example_external_task_marker_dag.py took 0.231 seconds
[2024-03-18 20:08:07,914] {processor.py:153} INFO - Started process (PID=1997604) to work on /home/sheyla/Documents/Repositórios/apache-airflow-extracao-de-dados/venv/lib/python3.9/site-packages/airflow/example_dags/example_external_task_marker_dag.py
[2024-03-18 20:08:07,920] {processor.py:641} INFO - Processing file /home/sheyla/Documents/Repositórios/apache-airflow-extracao-de-dados/venv/lib/python3.9/site-packages/airflow/example_dags/example_external_task_marker_dag.py for tasks to queue
[2024-03-18 20:08:07,921] {logging_mixin.py:115} INFO - [2024-03-18 20:08:07,921] {dagbag.py:507} INFO - Filling up the DagBag from /home/sheyla/Documents/Repositórios/apache-airflow-extracao-de-dados/venv/lib/python3.9/site-packages/airflow/example_dags/example_external_task_marker_dag.py
[2024-03-18 20:08:07,932] {processor.py:651} INFO - DAG(s) dict_keys(['example_external_task_marker_parent', 'example_external_task_marker_child']) retrieved from /home/sheyla/Documents/Repositórios/apache-airflow-extracao-de-dados/venv/lib/python3.9/site-packages/airflow/example_dags/example_external_task_marker_dag.py
[2024-03-18 20:08:07,966] {logging_mixin.py:115} INFO - [2024-03-18 20:08:07,966] {dag.py:2379} INFO - Sync 2 DAGs
[2024-03-18 20:08:07,978] {logging_mixin.py:115} INFO - [2024-03-18 20:08:07,978] {dag.py:2927} INFO - Setting next_dagrun for example_external_task_marker_child to None, run_after=None
[2024-03-18 20:08:07,978] {logging_mixin.py:115} INFO - [2024-03-18 20:08:07,978] {dag.py:2927} INFO - Setting next_dagrun for example_external_task_marker_parent to None, run_after=None
[2024-03-18 20:08:07,989] {processor.py:161} INFO - Processing /home/sheyla/Documents/Repositórios/apache-airflow-extracao-de-dados/venv/lib/python3.9/site-packages/airflow/example_dags/example_external_task_marker_dag.py took 0.077 seconds
[2024-03-18 20:08:41,752] {processor.py:153} INFO - Started process (PID=1998310) to work on /home/sheyla/Documents/Repositórios/apache-airflow-extracao-de-dados/venv/lib/python3.9/site-packages/airflow/example_dags/example_external_task_marker_dag.py
[2024-03-18 20:08:41,758] {processor.py:641} INFO - Processing file /home/sheyla/Documents/Repositórios/apache-airflow-extracao-de-dados/venv/lib/python3.9/site-packages/airflow/example_dags/example_external_task_marker_dag.py for tasks to queue
[2024-03-18 20:08:41,758] {logging_mixin.py:115} INFO - [2024-03-18 20:08:41,758] {dagbag.py:507} INFO - Filling up the DagBag from /home/sheyla/Documents/Repositórios/apache-airflow-extracao-de-dados/venv/lib/python3.9/site-packages/airflow/example_dags/example_external_task_marker_dag.py
[2024-03-18 20:08:41,761] {processor.py:651} INFO - DAG(s) dict_keys(['example_external_task_marker_parent', 'example_external_task_marker_child']) retrieved from /home/sheyla/Documents/Repositórios/apache-airflow-extracao-de-dados/venv/lib/python3.9/site-packages/airflow/example_dags/example_external_task_marker_dag.py
[2024-03-18 20:08:41,777] {logging_mixin.py:115} INFO - [2024-03-18 20:08:41,777] {dag.py:2379} INFO - Sync 2 DAGs
[2024-03-18 20:08:41,788] {logging_mixin.py:115} INFO - [2024-03-18 20:08:41,787] {dag.py:2927} INFO - Setting next_dagrun for example_external_task_marker_child to None, run_after=None
[2024-03-18 20:08:41,788] {logging_mixin.py:115} INFO - [2024-03-18 20:08:41,788] {dag.py:2927} INFO - Setting next_dagrun for example_external_task_marker_parent to None, run_after=None
[2024-03-18 20:08:41,800] {processor.py:161} INFO - Processing /home/sheyla/Documents/Repositórios/apache-airflow-extracao-de-dados/venv/lib/python3.9/site-packages/airflow/example_dags/example_external_task_marker_dag.py took 0.049 seconds
