[2024-03-18 19:57:06,685] {processor.py:153} INFO - Started process (PID=1990025) to work on /home/sheyla/Documents/Repositórios/apache-airflow-extracao-de-dados/venv/lib/python3.9/site-packages/airflow/example_dags/example_python_operator.py
[2024-03-18 19:57:06,685] {processor.py:641} INFO - Processing file /home/sheyla/Documents/Repositórios/apache-airflow-extracao-de-dados/venv/lib/python3.9/site-packages/airflow/example_dags/example_python_operator.py for tasks to queue
[2024-03-18 19:57:06,686] {logging_mixin.py:115} INFO - [2024-03-18 19:57:06,686] {dagbag.py:507} INFO - Filling up the DagBag from /home/sheyla/Documents/Repositórios/apache-airflow-extracao-de-dados/venv/lib/python3.9/site-packages/airflow/example_dags/example_python_operator.py
[2024-03-18 19:57:06,712] {logging_mixin.py:115} INFO - [2024-03-18 19:57:06,712] {example_python_operator.py:68} WARNING - The virtalenv_python example task requires virtualenv, please install it.
[2024-03-18 19:57:06,712] {processor.py:651} INFO - DAG(s) dict_keys(['example_python_operator']) retrieved from /home/sheyla/Documents/Repositórios/apache-airflow-extracao-de-dados/venv/lib/python3.9/site-packages/airflow/example_dags/example_python_operator.py
[2024-03-18 19:57:06,826] {logging_mixin.py:115} INFO - [2024-03-18 19:57:06,826] {manager.py:508} INFO - Created Permission View: can delete on DAG:example_python_operator
[2024-03-18 19:57:06,883] {logging_mixin.py:115} INFO - [2024-03-18 19:57:06,883] {manager.py:508} INFO - Created Permission View: can edit on DAG:example_python_operator
[2024-03-18 19:57:06,920] {logging_mixin.py:115} INFO - [2024-03-18 19:57:06,920] {manager.py:508} INFO - Created Permission View: can read on DAG:example_python_operator
[2024-03-18 19:57:06,921] {logging_mixin.py:115} INFO - [2024-03-18 19:57:06,921] {dag.py:2379} INFO - Sync 1 DAGs
[2024-03-18 19:57:06,938] {logging_mixin.py:115} INFO - [2024-03-18 19:57:06,938] {dag.py:2398} INFO - Creating ORM DAG for example_python_operator
[2024-03-18 19:57:06,948] {logging_mixin.py:115} INFO - [2024-03-18 19:57:06,948] {dag.py:2927} INFO - Setting next_dagrun for example_python_operator to None, run_after=None
[2024-03-18 19:57:06,993] {processor.py:161} INFO - Processing /home/sheyla/Documents/Repositórios/apache-airflow-extracao-de-dados/venv/lib/python3.9/site-packages/airflow/example_dags/example_python_operator.py took 0.311 seconds
[2024-03-18 19:57:45,136] {processor.py:153} INFO - Started process (PID=1990408) to work on /home/sheyla/Documents/Repositórios/apache-airflow-extracao-de-dados/venv/lib/python3.9/site-packages/airflow/example_dags/example_python_operator.py
[2024-03-18 19:57:45,142] {processor.py:641} INFO - Processing file /home/sheyla/Documents/Repositórios/apache-airflow-extracao-de-dados/venv/lib/python3.9/site-packages/airflow/example_dags/example_python_operator.py for tasks to queue
[2024-03-18 19:57:45,143] {logging_mixin.py:115} INFO - [2024-03-18 19:57:45,143] {dagbag.py:507} INFO - Filling up the DagBag from /home/sheyla/Documents/Repositórios/apache-airflow-extracao-de-dados/venv/lib/python3.9/site-packages/airflow/example_dags/example_python_operator.py
[2024-03-18 19:57:45,179] {logging_mixin.py:115} INFO - [2024-03-18 19:57:45,179] {example_python_operator.py:68} WARNING - The virtalenv_python example task requires virtualenv, please install it.
[2024-03-18 19:57:45,179] {processor.py:651} INFO - DAG(s) dict_keys(['example_python_operator']) retrieved from /home/sheyla/Documents/Repositórios/apache-airflow-extracao-de-dados/venv/lib/python3.9/site-packages/airflow/example_dags/example_python_operator.py
[2024-03-18 19:57:45,190] {logging_mixin.py:115} INFO - [2024-03-18 19:57:45,190] {dag.py:2379} INFO - Sync 1 DAGs
[2024-03-18 19:57:45,200] {logging_mixin.py:115} INFO - [2024-03-18 19:57:45,200] {dag.py:2927} INFO - Setting next_dagrun for example_python_operator to None, run_after=None
[2024-03-18 19:57:45,214] {processor.py:161} INFO - Processing /home/sheyla/Documents/Repositórios/apache-airflow-extracao-de-dados/venv/lib/python3.9/site-packages/airflow/example_dags/example_python_operator.py took 0.081 seconds
[2024-03-18 19:58:18,783] {processor.py:153} INFO - Started process (PID=1990741) to work on /home/sheyla/Documents/Repositórios/apache-airflow-extracao-de-dados/venv/lib/python3.9/site-packages/airflow/example_dags/example_python_operator.py
[2024-03-18 19:58:18,786] {processor.py:641} INFO - Processing file /home/sheyla/Documents/Repositórios/apache-airflow-extracao-de-dados/venv/lib/python3.9/site-packages/airflow/example_dags/example_python_operator.py for tasks to queue
[2024-03-18 19:58:18,786] {logging_mixin.py:115} INFO - [2024-03-18 19:58:18,786] {dagbag.py:507} INFO - Filling up the DagBag from /home/sheyla/Documents/Repositórios/apache-airflow-extracao-de-dados/venv/lib/python3.9/site-packages/airflow/example_dags/example_python_operator.py
[2024-03-18 19:58:18,804] {logging_mixin.py:115} INFO - [2024-03-18 19:58:18,804] {example_python_operator.py:68} WARNING - The virtalenv_python example task requires virtualenv, please install it.
[2024-03-18 19:58:18,805] {processor.py:651} INFO - DAG(s) dict_keys(['example_python_operator']) retrieved from /home/sheyla/Documents/Repositórios/apache-airflow-extracao-de-dados/venv/lib/python3.9/site-packages/airflow/example_dags/example_python_operator.py
[2024-03-18 19:58:18,816] {logging_mixin.py:115} INFO - [2024-03-18 19:58:18,816] {dag.py:2379} INFO - Sync 1 DAGs
[2024-03-18 19:58:18,828] {logging_mixin.py:115} INFO - [2024-03-18 19:58:18,828] {dag.py:2927} INFO - Setting next_dagrun for example_python_operator to None, run_after=None
[2024-03-18 19:58:18,844] {processor.py:161} INFO - Processing /home/sheyla/Documents/Repositórios/apache-airflow-extracao-de-dados/venv/lib/python3.9/site-packages/airflow/example_dags/example_python_operator.py took 0.064 seconds
[2024-03-18 19:58:52,461] {processor.py:153} INFO - Started process (PID=1991083) to work on /home/sheyla/Documents/Repositórios/apache-airflow-extracao-de-dados/venv/lib/python3.9/site-packages/airflow/example_dags/example_python_operator.py
[2024-03-18 19:58:52,466] {processor.py:641} INFO - Processing file /home/sheyla/Documents/Repositórios/apache-airflow-extracao-de-dados/venv/lib/python3.9/site-packages/airflow/example_dags/example_python_operator.py for tasks to queue
[2024-03-18 19:58:52,467] {logging_mixin.py:115} INFO - [2024-03-18 19:58:52,466] {dagbag.py:507} INFO - Filling up the DagBag from /home/sheyla/Documents/Repositórios/apache-airflow-extracao-de-dados/venv/lib/python3.9/site-packages/airflow/example_dags/example_python_operator.py
[2024-03-18 19:58:52,489] {logging_mixin.py:115} INFO - [2024-03-18 19:58:52,489] {example_python_operator.py:68} WARNING - The virtalenv_python example task requires virtualenv, please install it.
[2024-03-18 19:58:52,490] {processor.py:651} INFO - DAG(s) dict_keys(['example_python_operator']) retrieved from /home/sheyla/Documents/Repositórios/apache-airflow-extracao-de-dados/venv/lib/python3.9/site-packages/airflow/example_dags/example_python_operator.py
[2024-03-18 19:58:52,501] {logging_mixin.py:115} INFO - [2024-03-18 19:58:52,501] {dag.py:2379} INFO - Sync 1 DAGs
[2024-03-18 19:58:52,511] {logging_mixin.py:115} INFO - [2024-03-18 19:58:52,511] {dag.py:2927} INFO - Setting next_dagrun for example_python_operator to None, run_after=None
[2024-03-18 19:58:52,522] {processor.py:161} INFO - Processing /home/sheyla/Documents/Repositórios/apache-airflow-extracao-de-dados/venv/lib/python3.9/site-packages/airflow/example_dags/example_python_operator.py took 0.064 seconds
[2024-03-18 19:59:24,386] {processor.py:153} INFO - Started process (PID=1991397) to work on /home/sheyla/Documents/Repositórios/apache-airflow-extracao-de-dados/venv/lib/python3.9/site-packages/airflow/example_dags/example_python_operator.py
[2024-03-18 19:59:24,392] {processor.py:641} INFO - Processing file /home/sheyla/Documents/Repositórios/apache-airflow-extracao-de-dados/venv/lib/python3.9/site-packages/airflow/example_dags/example_python_operator.py for tasks to queue
[2024-03-18 19:59:24,394] {logging_mixin.py:115} INFO - [2024-03-18 19:59:24,393] {dagbag.py:507} INFO - Filling up the DagBag from /home/sheyla/Documents/Repositórios/apache-airflow-extracao-de-dados/venv/lib/python3.9/site-packages/airflow/example_dags/example_python_operator.py
[2024-03-18 19:59:24,434] {logging_mixin.py:115} INFO - [2024-03-18 19:59:24,434] {example_python_operator.py:68} WARNING - The virtalenv_python example task requires virtualenv, please install it.
[2024-03-18 19:59:24,434] {processor.py:651} INFO - DAG(s) dict_keys(['example_python_operator']) retrieved from /home/sheyla/Documents/Repositórios/apache-airflow-extracao-de-dados/venv/lib/python3.9/site-packages/airflow/example_dags/example_python_operator.py
[2024-03-18 19:59:24,446] {logging_mixin.py:115} INFO - [2024-03-18 19:59:24,446] {dag.py:2379} INFO - Sync 1 DAGs
[2024-03-18 19:59:24,457] {logging_mixin.py:115} INFO - [2024-03-18 19:59:24,456] {dag.py:2927} INFO - Setting next_dagrun for example_python_operator to None, run_after=None
[2024-03-18 19:59:24,469] {processor.py:161} INFO - Processing /home/sheyla/Documents/Repositórios/apache-airflow-extracao-de-dados/venv/lib/python3.9/site-packages/airflow/example_dags/example_python_operator.py took 0.085 seconds
[2024-03-18 19:59:59,269] {processor.py:153} INFO - Started process (PID=1991767) to work on /home/sheyla/Documents/Repositórios/apache-airflow-extracao-de-dados/venv/lib/python3.9/site-packages/airflow/example_dags/example_python_operator.py
[2024-03-18 19:59:59,275] {processor.py:641} INFO - Processing file /home/sheyla/Documents/Repositórios/apache-airflow-extracao-de-dados/venv/lib/python3.9/site-packages/airflow/example_dags/example_python_operator.py for tasks to queue
[2024-03-18 19:59:59,276] {logging_mixin.py:115} INFO - [2024-03-18 19:59:59,276] {dagbag.py:507} INFO - Filling up the DagBag from /home/sheyla/Documents/Repositórios/apache-airflow-extracao-de-dados/venv/lib/python3.9/site-packages/airflow/example_dags/example_python_operator.py
[2024-03-18 19:59:59,310] {logging_mixin.py:115} INFO - [2024-03-18 19:59:59,310] {example_python_operator.py:68} WARNING - The virtalenv_python example task requires virtualenv, please install it.
[2024-03-18 19:59:59,310] {processor.py:651} INFO - DAG(s) dict_keys(['example_python_operator']) retrieved from /home/sheyla/Documents/Repositórios/apache-airflow-extracao-de-dados/venv/lib/python3.9/site-packages/airflow/example_dags/example_python_operator.py
[2024-03-18 19:59:59,321] {logging_mixin.py:115} INFO - [2024-03-18 19:59:59,321] {dag.py:2379} INFO - Sync 1 DAGs
[2024-03-18 19:59:59,332] {logging_mixin.py:115} INFO - [2024-03-18 19:59:59,332] {dag.py:2927} INFO - Setting next_dagrun for example_python_operator to None, run_after=None
[2024-03-18 19:59:59,351] {processor.py:161} INFO - Processing /home/sheyla/Documents/Repositórios/apache-airflow-extracao-de-dados/venv/lib/python3.9/site-packages/airflow/example_dags/example_python_operator.py took 0.089 seconds
[2024-03-18 20:00:33,479] {processor.py:153} INFO - Started process (PID=1992182) to work on /home/sheyla/Documents/Repositórios/apache-airflow-extracao-de-dados/venv/lib/python3.9/site-packages/airflow/example_dags/example_python_operator.py
[2024-03-18 20:00:33,485] {processor.py:641} INFO - Processing file /home/sheyla/Documents/Repositórios/apache-airflow-extracao-de-dados/venv/lib/python3.9/site-packages/airflow/example_dags/example_python_operator.py for tasks to queue
[2024-03-18 20:00:33,487] {logging_mixin.py:115} INFO - [2024-03-18 20:00:33,487] {dagbag.py:507} INFO - Filling up the DagBag from /home/sheyla/Documents/Repositórios/apache-airflow-extracao-de-dados/venv/lib/python3.9/site-packages/airflow/example_dags/example_python_operator.py
[2024-03-18 20:00:33,515] {logging_mixin.py:115} INFO - [2024-03-18 20:00:33,515] {example_python_operator.py:68} WARNING - The virtalenv_python example task requires virtualenv, please install it.
[2024-03-18 20:00:33,515] {processor.py:651} INFO - DAG(s) dict_keys(['example_python_operator']) retrieved from /home/sheyla/Documents/Repositórios/apache-airflow-extracao-de-dados/venv/lib/python3.9/site-packages/airflow/example_dags/example_python_operator.py
[2024-03-18 20:00:33,526] {logging_mixin.py:115} INFO - [2024-03-18 20:00:33,526] {dag.py:2379} INFO - Sync 1 DAGs
[2024-03-18 20:00:33,537] {logging_mixin.py:115} INFO - [2024-03-18 20:00:33,537] {dag.py:2927} INFO - Setting next_dagrun for example_python_operator to None, run_after=None
[2024-03-18 20:00:33,550] {processor.py:161} INFO - Processing /home/sheyla/Documents/Repositórios/apache-airflow-extracao-de-dados/venv/lib/python3.9/site-packages/airflow/example_dags/example_python_operator.py took 0.078 seconds
[2024-03-18 20:01:06,238] {processor.py:153} INFO - Started process (PID=1992512) to work on /home/sheyla/Documents/Repositórios/apache-airflow-extracao-de-dados/venv/lib/python3.9/site-packages/airflow/example_dags/example_python_operator.py
[2024-03-18 20:01:06,244] {processor.py:641} INFO - Processing file /home/sheyla/Documents/Repositórios/apache-airflow-extracao-de-dados/venv/lib/python3.9/site-packages/airflow/example_dags/example_python_operator.py for tasks to queue
[2024-03-18 20:01:06,246] {logging_mixin.py:115} INFO - [2024-03-18 20:01:06,245] {dagbag.py:507} INFO - Filling up the DagBag from /home/sheyla/Documents/Repositórios/apache-airflow-extracao-de-dados/venv/lib/python3.9/site-packages/airflow/example_dags/example_python_operator.py
[2024-03-18 20:01:06,279] {logging_mixin.py:115} INFO - [2024-03-18 20:01:06,279] {example_python_operator.py:68} WARNING - The virtalenv_python example task requires virtualenv, please install it.
[2024-03-18 20:01:06,279] {processor.py:651} INFO - DAG(s) dict_keys(['example_python_operator']) retrieved from /home/sheyla/Documents/Repositórios/apache-airflow-extracao-de-dados/venv/lib/python3.9/site-packages/airflow/example_dags/example_python_operator.py
[2024-03-18 20:01:06,290] {logging_mixin.py:115} INFO - [2024-03-18 20:01:06,290] {dag.py:2379} INFO - Sync 1 DAGs
[2024-03-18 20:01:06,301] {logging_mixin.py:115} INFO - [2024-03-18 20:01:06,300] {dag.py:2927} INFO - Setting next_dagrun for example_python_operator to None, run_after=None
[2024-03-18 20:01:06,318] {processor.py:161} INFO - Processing /home/sheyla/Documents/Repositórios/apache-airflow-extracao-de-dados/venv/lib/python3.9/site-packages/airflow/example_dags/example_python_operator.py took 0.088 seconds
[2024-03-18 20:01:37,139] {processor.py:153} INFO - Started process (PID=1992819) to work on /home/sheyla/Documents/Repositórios/apache-airflow-extracao-de-dados/venv/lib/python3.9/site-packages/airflow/example_dags/example_python_operator.py
[2024-03-18 20:01:37,139] {processor.py:641} INFO - Processing file /home/sheyla/Documents/Repositórios/apache-airflow-extracao-de-dados/venv/lib/python3.9/site-packages/airflow/example_dags/example_python_operator.py for tasks to queue
[2024-03-18 20:01:37,140] {logging_mixin.py:115} INFO - [2024-03-18 20:01:37,140] {dagbag.py:507} INFO - Filling up the DagBag from /home/sheyla/Documents/Repositórios/apache-airflow-extracao-de-dados/venv/lib/python3.9/site-packages/airflow/example_dags/example_python_operator.py
[2024-03-18 20:01:37,156] {logging_mixin.py:115} INFO - [2024-03-18 20:01:37,156] {example_python_operator.py:68} WARNING - The virtalenv_python example task requires virtualenv, please install it.
[2024-03-18 20:01:37,156] {processor.py:651} INFO - DAG(s) dict_keys(['example_python_operator']) retrieved from /home/sheyla/Documents/Repositórios/apache-airflow-extracao-de-dados/venv/lib/python3.9/site-packages/airflow/example_dags/example_python_operator.py
[2024-03-18 20:01:37,167] {logging_mixin.py:115} INFO - [2024-03-18 20:01:37,167] {dag.py:2379} INFO - Sync 1 DAGs
[2024-03-18 20:01:37,178] {logging_mixin.py:115} INFO - [2024-03-18 20:01:37,178] {dag.py:2927} INFO - Setting next_dagrun for example_python_operator to None, run_after=None
[2024-03-18 20:01:37,189] {processor.py:161} INFO - Processing /home/sheyla/Documents/Repositórios/apache-airflow-extracao-de-dados/venv/lib/python3.9/site-packages/airflow/example_dags/example_python_operator.py took 0.053 seconds
[2024-03-18 20:02:11,675] {processor.py:153} INFO - Started process (PID=1993188) to work on /home/sheyla/Documents/Repositórios/apache-airflow-extracao-de-dados/venv/lib/python3.9/site-packages/airflow/example_dags/example_python_operator.py
[2024-03-18 20:02:11,681] {processor.py:641} INFO - Processing file /home/sheyla/Documents/Repositórios/apache-airflow-extracao-de-dados/venv/lib/python3.9/site-packages/airflow/example_dags/example_python_operator.py for tasks to queue
[2024-03-18 20:02:11,682] {logging_mixin.py:115} INFO - [2024-03-18 20:02:11,682] {dagbag.py:507} INFO - Filling up the DagBag from /home/sheyla/Documents/Repositórios/apache-airflow-extracao-de-dados/venv/lib/python3.9/site-packages/airflow/example_dags/example_python_operator.py
[2024-03-18 20:02:11,715] {logging_mixin.py:115} INFO - [2024-03-18 20:02:11,715] {example_python_operator.py:68} WARNING - The virtalenv_python example task requires virtualenv, please install it.
[2024-03-18 20:02:11,715] {processor.py:651} INFO - DAG(s) dict_keys(['example_python_operator']) retrieved from /home/sheyla/Documents/Repositórios/apache-airflow-extracao-de-dados/venv/lib/python3.9/site-packages/airflow/example_dags/example_python_operator.py
[2024-03-18 20:02:11,726] {logging_mixin.py:115} INFO - [2024-03-18 20:02:11,726] {dag.py:2379} INFO - Sync 1 DAGs
[2024-03-18 20:02:11,737] {logging_mixin.py:115} INFO - [2024-03-18 20:02:11,737] {dag.py:2927} INFO - Setting next_dagrun for example_python_operator to None, run_after=None
[2024-03-18 20:02:11,754] {processor.py:161} INFO - Processing /home/sheyla/Documents/Repositórios/apache-airflow-extracao-de-dados/venv/lib/python3.9/site-packages/airflow/example_dags/example_python_operator.py took 0.086 seconds
[2024-03-18 20:02:44,395] {processor.py:153} INFO - Started process (PID=1993517) to work on /home/sheyla/Documents/Repositórios/apache-airflow-extracao-de-dados/venv/lib/python3.9/site-packages/airflow/example_dags/example_python_operator.py
[2024-03-18 20:02:44,401] {processor.py:641} INFO - Processing file /home/sheyla/Documents/Repositórios/apache-airflow-extracao-de-dados/venv/lib/python3.9/site-packages/airflow/example_dags/example_python_operator.py for tasks to queue
[2024-03-18 20:02:44,403] {logging_mixin.py:115} INFO - [2024-03-18 20:02:44,402] {dagbag.py:507} INFO - Filling up the DagBag from /home/sheyla/Documents/Repositórios/apache-airflow-extracao-de-dados/venv/lib/python3.9/site-packages/airflow/example_dags/example_python_operator.py
[2024-03-18 20:02:44,439] {logging_mixin.py:115} INFO - [2024-03-18 20:02:44,439] {example_python_operator.py:68} WARNING - The virtalenv_python example task requires virtualenv, please install it.
[2024-03-18 20:02:44,439] {processor.py:651} INFO - DAG(s) dict_keys(['example_python_operator']) retrieved from /home/sheyla/Documents/Repositórios/apache-airflow-extracao-de-dados/venv/lib/python3.9/site-packages/airflow/example_dags/example_python_operator.py
[2024-03-18 20:02:44,450] {logging_mixin.py:115} INFO - [2024-03-18 20:02:44,450] {dag.py:2379} INFO - Sync 1 DAGs
[2024-03-18 20:02:44,462] {logging_mixin.py:115} INFO - [2024-03-18 20:02:44,462] {dag.py:2927} INFO - Setting next_dagrun for example_python_operator to None, run_after=None
[2024-03-18 20:02:44,475] {processor.py:161} INFO - Processing /home/sheyla/Documents/Repositórios/apache-airflow-extracao-de-dados/venv/lib/python3.9/site-packages/airflow/example_dags/example_python_operator.py took 0.088 seconds
[2024-03-18 20:03:17,587] {processor.py:153} INFO - Started process (PID=1993851) to work on /home/sheyla/Documents/Repositórios/apache-airflow-extracao-de-dados/venv/lib/python3.9/site-packages/airflow/example_dags/example_python_operator.py
[2024-03-18 20:03:17,593] {processor.py:641} INFO - Processing file /home/sheyla/Documents/Repositórios/apache-airflow-extracao-de-dados/venv/lib/python3.9/site-packages/airflow/example_dags/example_python_operator.py for tasks to queue
[2024-03-18 20:03:17,593] {logging_mixin.py:115} INFO - [2024-03-18 20:03:17,593] {dagbag.py:507} INFO - Filling up the DagBag from /home/sheyla/Documents/Repositórios/apache-airflow-extracao-de-dados/venv/lib/python3.9/site-packages/airflow/example_dags/example_python_operator.py
[2024-03-18 20:03:17,610] {logging_mixin.py:115} INFO - [2024-03-18 20:03:17,610] {example_python_operator.py:68} WARNING - The virtalenv_python example task requires virtualenv, please install it.
[2024-03-18 20:03:17,611] {processor.py:651} INFO - DAG(s) dict_keys(['example_python_operator']) retrieved from /home/sheyla/Documents/Repositórios/apache-airflow-extracao-de-dados/venv/lib/python3.9/site-packages/airflow/example_dags/example_python_operator.py
[2024-03-18 20:03:17,621] {logging_mixin.py:115} INFO - [2024-03-18 20:03:17,620] {dag.py:2379} INFO - Sync 1 DAGs
[2024-03-18 20:03:17,631] {logging_mixin.py:115} INFO - [2024-03-18 20:03:17,631] {dag.py:2927} INFO - Setting next_dagrun for example_python_operator to None, run_after=None
[2024-03-18 20:03:17,642] {processor.py:161} INFO - Processing /home/sheyla/Documents/Repositórios/apache-airflow-extracao-de-dados/venv/lib/python3.9/site-packages/airflow/example_dags/example_python_operator.py took 0.059 seconds
[2024-03-18 20:03:51,029] {processor.py:153} INFO - Started process (PID=1994182) to work on /home/sheyla/Documents/Repositórios/apache-airflow-extracao-de-dados/venv/lib/python3.9/site-packages/airflow/example_dags/example_python_operator.py
[2024-03-18 20:03:51,032] {processor.py:641} INFO - Processing file /home/sheyla/Documents/Repositórios/apache-airflow-extracao-de-dados/venv/lib/python3.9/site-packages/airflow/example_dags/example_python_operator.py for tasks to queue
[2024-03-18 20:03:51,032] {logging_mixin.py:115} INFO - [2024-03-18 20:03:51,032] {dagbag.py:507} INFO - Filling up the DagBag from /home/sheyla/Documents/Repositórios/apache-airflow-extracao-de-dados/venv/lib/python3.9/site-packages/airflow/example_dags/example_python_operator.py
[2024-03-18 20:03:51,050] {logging_mixin.py:115} INFO - [2024-03-18 20:03:51,050] {example_python_operator.py:68} WARNING - The virtalenv_python example task requires virtualenv, please install it.
[2024-03-18 20:03:51,051] {processor.py:651} INFO - DAG(s) dict_keys(['example_python_operator']) retrieved from /home/sheyla/Documents/Repositórios/apache-airflow-extracao-de-dados/venv/lib/python3.9/site-packages/airflow/example_dags/example_python_operator.py
[2024-03-18 20:03:51,062] {logging_mixin.py:115} INFO - [2024-03-18 20:03:51,062] {dag.py:2379} INFO - Sync 1 DAGs
[2024-03-18 20:03:51,074] {logging_mixin.py:115} INFO - [2024-03-18 20:03:51,074] {dag.py:2927} INFO - Setting next_dagrun for example_python_operator to None, run_after=None
[2024-03-18 20:03:51,085] {processor.py:161} INFO - Processing /home/sheyla/Documents/Repositórios/apache-airflow-extracao-de-dados/venv/lib/python3.9/site-packages/airflow/example_dags/example_python_operator.py took 0.058 seconds
[2024-03-18 20:04:23,343] {processor.py:153} INFO - Started process (PID=1994501) to work on /home/sheyla/Documents/Repositórios/apache-airflow-extracao-de-dados/venv/lib/python3.9/site-packages/airflow/example_dags/example_python_operator.py
[2024-03-18 20:04:23,349] {processor.py:641} INFO - Processing file /home/sheyla/Documents/Repositórios/apache-airflow-extracao-de-dados/venv/lib/python3.9/site-packages/airflow/example_dags/example_python_operator.py for tasks to queue
[2024-03-18 20:04:23,350] {logging_mixin.py:115} INFO - [2024-03-18 20:04:23,349] {dagbag.py:507} INFO - Filling up the DagBag from /home/sheyla/Documents/Repositórios/apache-airflow-extracao-de-dados/venv/lib/python3.9/site-packages/airflow/example_dags/example_python_operator.py
[2024-03-18 20:04:23,380] {logging_mixin.py:115} INFO - [2024-03-18 20:04:23,380] {example_python_operator.py:68} WARNING - The virtalenv_python example task requires virtualenv, please install it.
[2024-03-18 20:04:23,381] {processor.py:651} INFO - DAG(s) dict_keys(['example_python_operator']) retrieved from /home/sheyla/Documents/Repositórios/apache-airflow-extracao-de-dados/venv/lib/python3.9/site-packages/airflow/example_dags/example_python_operator.py
[2024-03-18 20:04:23,394] {logging_mixin.py:115} INFO - [2024-03-18 20:04:23,394] {dag.py:2379} INFO - Sync 1 DAGs
[2024-03-18 20:04:23,406] {logging_mixin.py:115} INFO - [2024-03-18 20:04:23,405] {dag.py:2927} INFO - Setting next_dagrun for example_python_operator to None, run_after=None
[2024-03-18 20:04:23,417] {processor.py:161} INFO - Processing /home/sheyla/Documents/Repositórios/apache-airflow-extracao-de-dados/venv/lib/python3.9/site-packages/airflow/example_dags/example_python_operator.py took 0.077 seconds
[2024-03-18 20:04:56,690] {processor.py:153} INFO - Started process (PID=1994841) to work on /home/sheyla/Documents/Repositórios/apache-airflow-extracao-de-dados/venv/lib/python3.9/site-packages/airflow/example_dags/example_python_operator.py
[2024-03-18 20:04:56,696] {processor.py:641} INFO - Processing file /home/sheyla/Documents/Repositórios/apache-airflow-extracao-de-dados/venv/lib/python3.9/site-packages/airflow/example_dags/example_python_operator.py for tasks to queue
[2024-03-18 20:04:56,697] {logging_mixin.py:115} INFO - [2024-03-18 20:04:56,697] {dagbag.py:507} INFO - Filling up the DagBag from /home/sheyla/Documents/Repositórios/apache-airflow-extracao-de-dados/venv/lib/python3.9/site-packages/airflow/example_dags/example_python_operator.py
[2024-03-18 20:04:56,736] {logging_mixin.py:115} INFO - [2024-03-18 20:04:56,736] {example_python_operator.py:68} WARNING - The virtalenv_python example task requires virtualenv, please install it.
[2024-03-18 20:04:56,737] {processor.py:651} INFO - DAG(s) dict_keys(['example_python_operator']) retrieved from /home/sheyla/Documents/Repositórios/apache-airflow-extracao-de-dados/venv/lib/python3.9/site-packages/airflow/example_dags/example_python_operator.py
[2024-03-18 20:04:56,748] {logging_mixin.py:115} INFO - [2024-03-18 20:04:56,748] {dag.py:2379} INFO - Sync 1 DAGs
[2024-03-18 20:04:56,759] {logging_mixin.py:115} INFO - [2024-03-18 20:04:56,759] {dag.py:2927} INFO - Setting next_dagrun for example_python_operator to None, run_after=None
[2024-03-18 20:04:56,771] {processor.py:161} INFO - Processing /home/sheyla/Documents/Repositórios/apache-airflow-extracao-de-dados/venv/lib/python3.9/site-packages/airflow/example_dags/example_python_operator.py took 0.083 seconds
[2024-03-18 20:05:29,316] {processor.py:153} INFO - Started process (PID=1995171) to work on /home/sheyla/Documents/Repositórios/apache-airflow-extracao-de-dados/venv/lib/python3.9/site-packages/airflow/example_dags/example_python_operator.py
[2024-03-18 20:05:29,321] {processor.py:641} INFO - Processing file /home/sheyla/Documents/Repositórios/apache-airflow-extracao-de-dados/venv/lib/python3.9/site-packages/airflow/example_dags/example_python_operator.py for tasks to queue
[2024-03-18 20:05:29,323] {logging_mixin.py:115} INFO - [2024-03-18 20:05:29,322] {dagbag.py:507} INFO - Filling up the DagBag from /home/sheyla/Documents/Repositórios/apache-airflow-extracao-de-dados/venv/lib/python3.9/site-packages/airflow/example_dags/example_python_operator.py
[2024-03-18 20:05:29,358] {logging_mixin.py:115} INFO - [2024-03-18 20:05:29,358] {example_python_operator.py:68} WARNING - The virtalenv_python example task requires virtualenv, please install it.
[2024-03-18 20:05:29,358] {processor.py:651} INFO - DAG(s) dict_keys(['example_python_operator']) retrieved from /home/sheyla/Documents/Repositórios/apache-airflow-extracao-de-dados/venv/lib/python3.9/site-packages/airflow/example_dags/example_python_operator.py
[2024-03-18 20:05:29,369] {logging_mixin.py:115} INFO - [2024-03-18 20:05:29,369] {dag.py:2379} INFO - Sync 1 DAGs
[2024-03-18 20:05:29,381] {logging_mixin.py:115} INFO - [2024-03-18 20:05:29,381] {dag.py:2927} INFO - Setting next_dagrun for example_python_operator to None, run_after=None
[2024-03-18 20:05:29,393] {processor.py:161} INFO - Processing /home/sheyla/Documents/Repositórios/apache-airflow-extracao-de-dados/venv/lib/python3.9/site-packages/airflow/example_dags/example_python_operator.py took 0.080 seconds
[2024-03-18 20:06:03,183] {processor.py:153} INFO - Started process (PID=1995609) to work on /home/sheyla/Documents/Repositórios/apache-airflow-extracao-de-dados/venv/lib/python3.9/site-packages/airflow/example_dags/example_python_operator.py
[2024-03-18 20:06:03,184] {processor.py:641} INFO - Processing file /home/sheyla/Documents/Repositórios/apache-airflow-extracao-de-dados/venv/lib/python3.9/site-packages/airflow/example_dags/example_python_operator.py for tasks to queue
[2024-03-18 20:06:03,184] {logging_mixin.py:115} INFO - [2024-03-18 20:06:03,184] {dagbag.py:507} INFO - Filling up the DagBag from /home/sheyla/Documents/Repositórios/apache-airflow-extracao-de-dados/venv/lib/python3.9/site-packages/airflow/example_dags/example_python_operator.py
[2024-03-18 20:06:03,203] {logging_mixin.py:115} INFO - [2024-03-18 20:06:03,203] {example_python_operator.py:68} WARNING - The virtalenv_python example task requires virtualenv, please install it.
[2024-03-18 20:06:03,203] {processor.py:651} INFO - DAG(s) dict_keys(['example_python_operator']) retrieved from /home/sheyla/Documents/Repositórios/apache-airflow-extracao-de-dados/venv/lib/python3.9/site-packages/airflow/example_dags/example_python_operator.py
[2024-03-18 20:06:03,213] {logging_mixin.py:115} INFO - [2024-03-18 20:06:03,213] {dag.py:2379} INFO - Sync 1 DAGs
[2024-03-18 20:06:03,224] {logging_mixin.py:115} INFO - [2024-03-18 20:06:03,224] {dag.py:2927} INFO - Setting next_dagrun for example_python_operator to None, run_after=None
[2024-03-18 20:06:03,237] {processor.py:161} INFO - Processing /home/sheyla/Documents/Repositórios/apache-airflow-extracao-de-dados/venv/lib/python3.9/site-packages/airflow/example_dags/example_python_operator.py took 0.056 seconds
[2024-03-18 20:06:36,509] {processor.py:153} INFO - Started process (PID=1995946) to work on /home/sheyla/Documents/Repositórios/apache-airflow-extracao-de-dados/venv/lib/python3.9/site-packages/airflow/example_dags/example_python_operator.py
[2024-03-18 20:06:36,516] {processor.py:641} INFO - Processing file /home/sheyla/Documents/Repositórios/apache-airflow-extracao-de-dados/venv/lib/python3.9/site-packages/airflow/example_dags/example_python_operator.py for tasks to queue
[2024-03-18 20:06:36,517] {logging_mixin.py:115} INFO - [2024-03-18 20:06:36,517] {dagbag.py:507} INFO - Filling up the DagBag from /home/sheyla/Documents/Repositórios/apache-airflow-extracao-de-dados/venv/lib/python3.9/site-packages/airflow/example_dags/example_python_operator.py
[2024-03-18 20:06:36,556] {logging_mixin.py:115} INFO - [2024-03-18 20:06:36,555] {example_python_operator.py:68} WARNING - The virtalenv_python example task requires virtualenv, please install it.
[2024-03-18 20:06:36,556] {processor.py:651} INFO - DAG(s) dict_keys(['example_python_operator']) retrieved from /home/sheyla/Documents/Repositórios/apache-airflow-extracao-de-dados/venv/lib/python3.9/site-packages/airflow/example_dags/example_python_operator.py
[2024-03-18 20:06:36,567] {logging_mixin.py:115} INFO - [2024-03-18 20:06:36,567] {dag.py:2379} INFO - Sync 1 DAGs
[2024-03-18 20:06:36,578] {logging_mixin.py:115} INFO - [2024-03-18 20:06:36,578] {dag.py:2927} INFO - Setting next_dagrun for example_python_operator to None, run_after=None
[2024-03-18 20:06:36,597] {processor.py:161} INFO - Processing /home/sheyla/Documents/Repositórios/apache-airflow-extracao-de-dados/venv/lib/python3.9/site-packages/airflow/example_dags/example_python_operator.py took 0.095 seconds
[2024-03-18 20:07:12,387] {processor.py:153} INFO - Started process (PID=1996325) to work on /home/sheyla/Documents/Repositórios/apache-airflow-extracao-de-dados/venv/lib/python3.9/site-packages/airflow/example_dags/example_python_operator.py
[2024-03-18 20:07:12,392] {processor.py:641} INFO - Processing file /home/sheyla/Documents/Repositórios/apache-airflow-extracao-de-dados/venv/lib/python3.9/site-packages/airflow/example_dags/example_python_operator.py for tasks to queue
[2024-03-18 20:07:12,392] {logging_mixin.py:115} INFO - [2024-03-18 20:07:12,392] {dagbag.py:507} INFO - Filling up the DagBag from /home/sheyla/Documents/Repositórios/apache-airflow-extracao-de-dados/venv/lib/python3.9/site-packages/airflow/example_dags/example_python_operator.py
[2024-03-18 20:07:12,412] {logging_mixin.py:115} INFO - [2024-03-18 20:07:12,412] {example_python_operator.py:68} WARNING - The virtalenv_python example task requires virtualenv, please install it.
[2024-03-18 20:07:12,412] {processor.py:651} INFO - DAG(s) dict_keys(['example_python_operator']) retrieved from /home/sheyla/Documents/Repositórios/apache-airflow-extracao-de-dados/venv/lib/python3.9/site-packages/airflow/example_dags/example_python_operator.py
[2024-03-18 20:07:12,424] {logging_mixin.py:115} INFO - [2024-03-18 20:07:12,424] {dag.py:2379} INFO - Sync 1 DAGs
[2024-03-18 20:07:12,435] {logging_mixin.py:115} INFO - [2024-03-18 20:07:12,435] {dag.py:2927} INFO - Setting next_dagrun for example_python_operator to None, run_after=None
[2024-03-18 20:07:12,446] {processor.py:161} INFO - Processing /home/sheyla/Documents/Repositórios/apache-airflow-extracao-de-dados/venv/lib/python3.9/site-packages/airflow/example_dags/example_python_operator.py took 0.061 seconds
[2024-03-18 20:07:46,172] {processor.py:153} INFO - Started process (PID=1997040) to work on /home/sheyla/Documents/Repositórios/apache-airflow-extracao-de-dados/venv/lib/python3.9/site-packages/airflow/example_dags/example_python_operator.py
[2024-03-18 20:07:46,178] {processor.py:641} INFO - Processing file /home/sheyla/Documents/Repositórios/apache-airflow-extracao-de-dados/venv/lib/python3.9/site-packages/airflow/example_dags/example_python_operator.py for tasks to queue
[2024-03-18 20:07:46,180] {logging_mixin.py:115} INFO - [2024-03-18 20:07:46,179] {dagbag.py:507} INFO - Filling up the DagBag from /home/sheyla/Documents/Repositórios/apache-airflow-extracao-de-dados/venv/lib/python3.9/site-packages/airflow/example_dags/example_python_operator.py
[2024-03-18 20:07:46,217] {logging_mixin.py:115} INFO - [2024-03-18 20:07:46,217] {example_python_operator.py:68} WARNING - The virtalenv_python example task requires virtualenv, please install it.
[2024-03-18 20:07:46,217] {processor.py:651} INFO - DAG(s) dict_keys(['example_python_operator']) retrieved from /home/sheyla/Documents/Repositórios/apache-airflow-extracao-de-dados/venv/lib/python3.9/site-packages/airflow/example_dags/example_python_operator.py
[2024-03-18 20:07:46,229] {logging_mixin.py:115} INFO - [2024-03-18 20:07:46,229] {dag.py:2379} INFO - Sync 1 DAGs
[2024-03-18 20:07:46,241] {logging_mixin.py:115} INFO - [2024-03-18 20:07:46,241] {dag.py:2927} INFO - Setting next_dagrun for example_python_operator to None, run_after=None
[2024-03-18 20:07:46,253] {processor.py:161} INFO - Processing /home/sheyla/Documents/Repositórios/apache-airflow-extracao-de-dados/venv/lib/python3.9/site-packages/airflow/example_dags/example_python_operator.py took 0.083 seconds
[2024-03-18 20:08:19,306] {processor.py:153} INFO - Started process (PID=1997831) to work on /home/sheyla/Documents/Repositórios/apache-airflow-extracao-de-dados/venv/lib/python3.9/site-packages/airflow/example_dags/example_python_operator.py
[2024-03-18 20:08:19,312] {processor.py:641} INFO - Processing file /home/sheyla/Documents/Repositórios/apache-airflow-extracao-de-dados/venv/lib/python3.9/site-packages/airflow/example_dags/example_python_operator.py for tasks to queue
[2024-03-18 20:08:19,313] {logging_mixin.py:115} INFO - [2024-03-18 20:08:19,313] {dagbag.py:507} INFO - Filling up the DagBag from /home/sheyla/Documents/Repositórios/apache-airflow-extracao-de-dados/venv/lib/python3.9/site-packages/airflow/example_dags/example_python_operator.py
[2024-03-18 20:08:19,338] {logging_mixin.py:115} INFO - [2024-03-18 20:08:19,338] {example_python_operator.py:68} WARNING - The virtalenv_python example task requires virtualenv, please install it.
[2024-03-18 20:08:19,338] {processor.py:651} INFO - DAG(s) dict_keys(['example_python_operator']) retrieved from /home/sheyla/Documents/Repositórios/apache-airflow-extracao-de-dados/venv/lib/python3.9/site-packages/airflow/example_dags/example_python_operator.py
[2024-03-18 20:08:19,349] {logging_mixin.py:115} INFO - [2024-03-18 20:08:19,349] {dag.py:2379} INFO - Sync 1 DAGs
[2024-03-18 20:08:19,361] {logging_mixin.py:115} INFO - [2024-03-18 20:08:19,361] {dag.py:2927} INFO - Setting next_dagrun for example_python_operator to None, run_after=None
[2024-03-18 20:08:19,373] {processor.py:161} INFO - Processing /home/sheyla/Documents/Repositórios/apache-airflow-extracao-de-dados/venv/lib/python3.9/site-packages/airflow/example_dags/example_python_operator.py took 0.068 seconds
[2024-03-18 20:08:52,500] {processor.py:153} INFO - Started process (PID=1998515) to work on /home/sheyla/Documents/Repositórios/apache-airflow-extracao-de-dados/venv/lib/python3.9/site-packages/airflow/example_dags/example_python_operator.py
[2024-03-18 20:08:52,505] {processor.py:641} INFO - Processing file /home/sheyla/Documents/Repositórios/apache-airflow-extracao-de-dados/venv/lib/python3.9/site-packages/airflow/example_dags/example_python_operator.py for tasks to queue
[2024-03-18 20:08:52,506] {logging_mixin.py:115} INFO - [2024-03-18 20:08:52,506] {dagbag.py:507} INFO - Filling up the DagBag from /home/sheyla/Documents/Repositórios/apache-airflow-extracao-de-dados/venv/lib/python3.9/site-packages/airflow/example_dags/example_python_operator.py
[2024-03-18 20:08:52,535] {logging_mixin.py:115} INFO - [2024-03-18 20:08:52,535] {example_python_operator.py:68} WARNING - The virtalenv_python example task requires virtualenv, please install it.
[2024-03-18 20:08:52,535] {processor.py:651} INFO - DAG(s) dict_keys(['example_python_operator']) retrieved from /home/sheyla/Documents/Repositórios/apache-airflow-extracao-de-dados/venv/lib/python3.9/site-packages/airflow/example_dags/example_python_operator.py
[2024-03-18 20:08:52,547] {logging_mixin.py:115} INFO - [2024-03-18 20:08:52,547] {dag.py:2379} INFO - Sync 1 DAGs
[2024-03-18 20:08:52,559] {logging_mixin.py:115} INFO - [2024-03-18 20:08:52,559] {dag.py:2927} INFO - Setting next_dagrun for example_python_operator to None, run_after=None
[2024-03-18 20:08:52,578] {processor.py:161} INFO - Processing /home/sheyla/Documents/Repositórios/apache-airflow-extracao-de-dados/venv/lib/python3.9/site-packages/airflow/example_dags/example_python_operator.py took 0.080 seconds
