[2024-03-18 19:56:49,954] {processor.py:153} INFO - Started process (PID=1989858) to work on /home/sheyla/Documents/Repositórios/apache-airflow-extracao-de-dados/venv/lib/python3.9/site-packages/airflow/example_dags/example_branch_labels.py
[2024-03-18 19:56:49,954] {processor.py:641} INFO - Processing file /home/sheyla/Documents/Repositórios/apache-airflow-extracao-de-dados/venv/lib/python3.9/site-packages/airflow/example_dags/example_branch_labels.py for tasks to queue
[2024-03-18 19:56:49,954] {logging_mixin.py:115} INFO - [2024-03-18 19:56:49,954] {dagbag.py:507} INFO - Filling up the DagBag from /home/sheyla/Documents/Repositórios/apache-airflow-extracao-de-dados/venv/lib/python3.9/site-packages/airflow/example_dags/example_branch_labels.py
[2024-03-18 19:56:49,959] {processor.py:651} INFO - DAG(s) dict_keys(['example_branch_labels']) retrieved from /home/sheyla/Documents/Repositórios/apache-airflow-extracao-de-dados/venv/lib/python3.9/site-packages/airflow/example_dags/example_branch_labels.py
[2024-03-18 19:56:50,078] {logging_mixin.py:115} INFO - [2024-03-18 19:56:50,077] {manager.py:508} INFO - Created Permission View: can delete on DAG:example_branch_labels
[2024-03-18 19:56:50,147] {logging_mixin.py:115} INFO - [2024-03-18 19:56:50,147] {manager.py:508} INFO - Created Permission View: can edit on DAG:example_branch_labels
[2024-03-18 19:56:50,201] {logging_mixin.py:115} INFO - [2024-03-18 19:56:50,201] {manager.py:508} INFO - Created Permission View: can read on DAG:example_branch_labels
[2024-03-18 19:56:50,202] {logging_mixin.py:115} INFO - [2024-03-18 19:56:50,202] {dag.py:2379} INFO - Sync 1 DAGs
[2024-03-18 19:56:50,222] {logging_mixin.py:115} INFO - [2024-03-18 19:56:50,222] {dag.py:2398} INFO - Creating ORM DAG for example_branch_labels
[2024-03-18 19:56:50,236] {logging_mixin.py:115} INFO - [2024-03-18 19:56:50,236] {dag.py:2927} INFO - Setting next_dagrun for example_branch_labels to 2024-03-17T00:00:00+00:00, run_after=2024-03-18T00:00:00+00:00
[2024-03-18 19:56:50,282] {processor.py:161} INFO - Processing /home/sheyla/Documents/Repositórios/apache-airflow-extracao-de-dados/venv/lib/python3.9/site-packages/airflow/example_dags/example_branch_labels.py took 0.331 seconds
[2024-03-18 19:57:32,607] {processor.py:153} INFO - Started process (PID=1990283) to work on /home/sheyla/Documents/Repositórios/apache-airflow-extracao-de-dados/venv/lib/python3.9/site-packages/airflow/example_dags/example_branch_labels.py
[2024-03-18 19:57:32,612] {processor.py:641} INFO - Processing file /home/sheyla/Documents/Repositórios/apache-airflow-extracao-de-dados/venv/lib/python3.9/site-packages/airflow/example_dags/example_branch_labels.py for tasks to queue
[2024-03-18 19:57:32,613] {logging_mixin.py:115} INFO - [2024-03-18 19:57:32,613] {dagbag.py:507} INFO - Filling up the DagBag from /home/sheyla/Documents/Repositórios/apache-airflow-extracao-de-dados/venv/lib/python3.9/site-packages/airflow/example_dags/example_branch_labels.py
[2024-03-18 19:57:32,620] {processor.py:651} INFO - DAG(s) dict_keys(['example_branch_labels']) retrieved from /home/sheyla/Documents/Repositórios/apache-airflow-extracao-de-dados/venv/lib/python3.9/site-packages/airflow/example_dags/example_branch_labels.py
[2024-03-18 19:57:32,638] {logging_mixin.py:115} INFO - [2024-03-18 19:57:32,638] {dag.py:2379} INFO - Sync 1 DAGs
[2024-03-18 19:57:32,656] {logging_mixin.py:115} INFO - [2024-03-18 19:57:32,656] {dag.py:2927} INFO - Setting next_dagrun for example_branch_labels to 2024-03-17T00:00:00+00:00, run_after=2024-03-18T00:00:00+00:00
[2024-03-18 19:57:32,669] {processor.py:161} INFO - Processing /home/sheyla/Documents/Repositórios/apache-airflow-extracao-de-dados/venv/lib/python3.9/site-packages/airflow/example_dags/example_branch_labels.py took 0.065 seconds
[2024-03-18 19:58:06,066] {processor.py:153} INFO - Started process (PID=1990621) to work on /home/sheyla/Documents/Repositórios/apache-airflow-extracao-de-dados/venv/lib/python3.9/site-packages/airflow/example_dags/example_branch_labels.py
[2024-03-18 19:58:06,068] {processor.py:641} INFO - Processing file /home/sheyla/Documents/Repositórios/apache-airflow-extracao-de-dados/venv/lib/python3.9/site-packages/airflow/example_dags/example_branch_labels.py for tasks to queue
[2024-03-18 19:58:06,069] {logging_mixin.py:115} INFO - [2024-03-18 19:58:06,069] {dagbag.py:507} INFO - Filling up the DagBag from /home/sheyla/Documents/Repositórios/apache-airflow-extracao-de-dados/venv/lib/python3.9/site-packages/airflow/example_dags/example_branch_labels.py
[2024-03-18 19:58:06,076] {processor.py:651} INFO - DAG(s) dict_keys(['example_branch_labels']) retrieved from /home/sheyla/Documents/Repositórios/apache-airflow-extracao-de-dados/venv/lib/python3.9/site-packages/airflow/example_dags/example_branch_labels.py
[2024-03-18 19:58:06,095] {logging_mixin.py:115} INFO - [2024-03-18 19:58:06,094] {dag.py:2379} INFO - Sync 1 DAGs
[2024-03-18 19:58:06,110] {logging_mixin.py:115} INFO - [2024-03-18 19:58:06,110] {dag.py:2927} INFO - Setting next_dagrun for example_branch_labels to 2024-03-17T00:00:00+00:00, run_after=2024-03-18T00:00:00+00:00
[2024-03-18 19:58:06,120] {processor.py:161} INFO - Processing /home/sheyla/Documents/Repositórios/apache-airflow-extracao-de-dados/venv/lib/python3.9/site-packages/airflow/example_dags/example_branch_labels.py took 0.057 seconds
[2024-03-18 19:58:40,473] {processor.py:153} INFO - Started process (PID=1990956) to work on /home/sheyla/Documents/Repositórios/apache-airflow-extracao-de-dados/venv/lib/python3.9/site-packages/airflow/example_dags/example_branch_labels.py
[2024-03-18 19:58:40,478] {processor.py:641} INFO - Processing file /home/sheyla/Documents/Repositórios/apache-airflow-extracao-de-dados/venv/lib/python3.9/site-packages/airflow/example_dags/example_branch_labels.py for tasks to queue
[2024-03-18 19:58:40,480] {logging_mixin.py:115} INFO - [2024-03-18 19:58:40,479] {dagbag.py:507} INFO - Filling up the DagBag from /home/sheyla/Documents/Repositórios/apache-airflow-extracao-de-dados/venv/lib/python3.9/site-packages/airflow/example_dags/example_branch_labels.py
[2024-03-18 19:58:40,495] {processor.py:651} INFO - DAG(s) dict_keys(['example_branch_labels']) retrieved from /home/sheyla/Documents/Repositórios/apache-airflow-extracao-de-dados/venv/lib/python3.9/site-packages/airflow/example_dags/example_branch_labels.py
[2024-03-18 19:58:40,519] {logging_mixin.py:115} INFO - [2024-03-18 19:58:40,519] {dag.py:2379} INFO - Sync 1 DAGs
[2024-03-18 19:58:40,535] {logging_mixin.py:115} INFO - [2024-03-18 19:58:40,535] {dag.py:2927} INFO - Setting next_dagrun for example_branch_labels to 2024-03-17T00:00:00+00:00, run_after=2024-03-18T00:00:00+00:00
[2024-03-18 19:58:40,549] {processor.py:161} INFO - Processing /home/sheyla/Documents/Repositórios/apache-airflow-extracao-de-dados/venv/lib/python3.9/site-packages/airflow/example_dags/example_branch_labels.py took 0.078 seconds
[2024-03-18 19:59:12,385] {processor.py:153} INFO - Started process (PID=1991281) to work on /home/sheyla/Documents/Repositórios/apache-airflow-extracao-de-dados/venv/lib/python3.9/site-packages/airflow/example_dags/example_branch_labels.py
[2024-03-18 19:59:12,391] {processor.py:641} INFO - Processing file /home/sheyla/Documents/Repositórios/apache-airflow-extracao-de-dados/venv/lib/python3.9/site-packages/airflow/example_dags/example_branch_labels.py for tasks to queue
[2024-03-18 19:59:12,392] {logging_mixin.py:115} INFO - [2024-03-18 19:59:12,392] {dagbag.py:507} INFO - Filling up the DagBag from /home/sheyla/Documents/Repositórios/apache-airflow-extracao-de-dados/venv/lib/python3.9/site-packages/airflow/example_dags/example_branch_labels.py
[2024-03-18 19:59:12,407] {processor.py:651} INFO - DAG(s) dict_keys(['example_branch_labels']) retrieved from /home/sheyla/Documents/Repositórios/apache-airflow-extracao-de-dados/venv/lib/python3.9/site-packages/airflow/example_dags/example_branch_labels.py
[2024-03-18 19:59:12,432] {logging_mixin.py:115} INFO - [2024-03-18 19:59:12,432] {dag.py:2379} INFO - Sync 1 DAGs
[2024-03-18 19:59:12,448] {logging_mixin.py:115} INFO - [2024-03-18 19:59:12,447] {dag.py:2927} INFO - Setting next_dagrun for example_branch_labels to 2024-03-17T00:00:00+00:00, run_after=2024-03-18T00:00:00+00:00
[2024-03-18 19:59:12,464] {processor.py:161} INFO - Processing /home/sheyla/Documents/Repositórios/apache-airflow-extracao-de-dados/venv/lib/python3.9/site-packages/airflow/example_dags/example_branch_labels.py took 0.086 seconds
[2024-03-18 19:59:45,678] {processor.py:153} INFO - Started process (PID=1991609) to work on /home/sheyla/Documents/Repositórios/apache-airflow-extracao-de-dados/venv/lib/python3.9/site-packages/airflow/example_dags/example_branch_labels.py
[2024-03-18 19:59:45,680] {processor.py:641} INFO - Processing file /home/sheyla/Documents/Repositórios/apache-airflow-extracao-de-dados/venv/lib/python3.9/site-packages/airflow/example_dags/example_branch_labels.py for tasks to queue
[2024-03-18 19:59:45,681] {logging_mixin.py:115} INFO - [2024-03-18 19:59:45,681] {dagbag.py:507} INFO - Filling up the DagBag from /home/sheyla/Documents/Repositórios/apache-airflow-extracao-de-dados/venv/lib/python3.9/site-packages/airflow/example_dags/example_branch_labels.py
[2024-03-18 19:59:45,696] {processor.py:651} INFO - DAG(s) dict_keys(['example_branch_labels']) retrieved from /home/sheyla/Documents/Repositórios/apache-airflow-extracao-de-dados/venv/lib/python3.9/site-packages/airflow/example_dags/example_branch_labels.py
[2024-03-18 19:59:45,713] {logging_mixin.py:115} INFO - [2024-03-18 19:59:45,713] {dag.py:2379} INFO - Sync 1 DAGs
[2024-03-18 19:59:45,728] {logging_mixin.py:115} INFO - [2024-03-18 19:59:45,728] {dag.py:2927} INFO - Setting next_dagrun for example_branch_labels to 2024-03-17T00:00:00+00:00, run_after=2024-03-18T00:00:00+00:00
[2024-03-18 19:59:45,741] {processor.py:161} INFO - Processing /home/sheyla/Documents/Repositórios/apache-airflow-extracao-de-dados/venv/lib/python3.9/site-packages/airflow/example_dags/example_branch_labels.py took 0.069 seconds
[2024-03-18 20:00:19,732] {processor.py:153} INFO - Started process (PID=1992036) to work on /home/sheyla/Documents/Repositórios/apache-airflow-extracao-de-dados/venv/lib/python3.9/site-packages/airflow/example_dags/example_branch_labels.py
[2024-03-18 20:00:19,738] {processor.py:641} INFO - Processing file /home/sheyla/Documents/Repositórios/apache-airflow-extracao-de-dados/venv/lib/python3.9/site-packages/airflow/example_dags/example_branch_labels.py for tasks to queue
[2024-03-18 20:00:19,739] {logging_mixin.py:115} INFO - [2024-03-18 20:00:19,739] {dagbag.py:507} INFO - Filling up the DagBag from /home/sheyla/Documents/Repositórios/apache-airflow-extracao-de-dados/venv/lib/python3.9/site-packages/airflow/example_dags/example_branch_labels.py
[2024-03-18 20:00:19,754] {processor.py:651} INFO - DAG(s) dict_keys(['example_branch_labels']) retrieved from /home/sheyla/Documents/Repositórios/apache-airflow-extracao-de-dados/venv/lib/python3.9/site-packages/airflow/example_dags/example_branch_labels.py
[2024-03-18 20:00:19,772] {logging_mixin.py:115} INFO - [2024-03-18 20:00:19,772] {dag.py:2379} INFO - Sync 1 DAGs
[2024-03-18 20:00:19,787] {logging_mixin.py:115} INFO - [2024-03-18 20:00:19,787] {dag.py:2927} INFO - Setting next_dagrun for example_branch_labels to 2024-03-17T00:00:00+00:00, run_after=2024-03-18T00:00:00+00:00
[2024-03-18 20:00:19,800] {processor.py:161} INFO - Processing /home/sheyla/Documents/Repositórios/apache-airflow-extracao-de-dados/venv/lib/python3.9/site-packages/airflow/example_dags/example_branch_labels.py took 0.074 seconds
[2024-03-18 20:00:54,202] {processor.py:153} INFO - Started process (PID=1992389) to work on /home/sheyla/Documents/Repositórios/apache-airflow-extracao-de-dados/venv/lib/python3.9/site-packages/airflow/example_dags/example_branch_labels.py
[2024-03-18 20:00:54,204] {processor.py:641} INFO - Processing file /home/sheyla/Documents/Repositórios/apache-airflow-extracao-de-dados/venv/lib/python3.9/site-packages/airflow/example_dags/example_branch_labels.py for tasks to queue
[2024-03-18 20:00:54,205] {logging_mixin.py:115} INFO - [2024-03-18 20:00:54,205] {dagbag.py:507} INFO - Filling up the DagBag from /home/sheyla/Documents/Repositórios/apache-airflow-extracao-de-dados/venv/lib/python3.9/site-packages/airflow/example_dags/example_branch_labels.py
[2024-03-18 20:00:54,218] {processor.py:651} INFO - DAG(s) dict_keys(['example_branch_labels']) retrieved from /home/sheyla/Documents/Repositórios/apache-airflow-extracao-de-dados/venv/lib/python3.9/site-packages/airflow/example_dags/example_branch_labels.py
[2024-03-18 20:00:54,235] {logging_mixin.py:115} INFO - [2024-03-18 20:00:54,235] {dag.py:2379} INFO - Sync 1 DAGs
[2024-03-18 20:00:54,250] {logging_mixin.py:115} INFO - [2024-03-18 20:00:54,250] {dag.py:2927} INFO - Setting next_dagrun for example_branch_labels to 2024-03-17T00:00:00+00:00, run_after=2024-03-18T00:00:00+00:00
[2024-03-18 20:00:54,261] {processor.py:161} INFO - Processing /home/sheyla/Documents/Repositórios/apache-airflow-extracao-de-dados/venv/lib/python3.9/site-packages/airflow/example_dags/example_branch_labels.py took 0.066 seconds
[2024-03-18 20:01:26,264] {processor.py:153} INFO - Started process (PID=1992708) to work on /home/sheyla/Documents/Repositórios/apache-airflow-extracao-de-dados/venv/lib/python3.9/site-packages/airflow/example_dags/example_branch_labels.py
[2024-03-18 20:01:26,270] {processor.py:641} INFO - Processing file /home/sheyla/Documents/Repositórios/apache-airflow-extracao-de-dados/venv/lib/python3.9/site-packages/airflow/example_dags/example_branch_labels.py for tasks to queue
[2024-03-18 20:01:26,271] {logging_mixin.py:115} INFO - [2024-03-18 20:01:26,271] {dagbag.py:507} INFO - Filling up the DagBag from /home/sheyla/Documents/Repositórios/apache-airflow-extracao-de-dados/venv/lib/python3.9/site-packages/airflow/example_dags/example_branch_labels.py
[2024-03-18 20:01:26,286] {processor.py:651} INFO - DAG(s) dict_keys(['example_branch_labels']) retrieved from /home/sheyla/Documents/Repositórios/apache-airflow-extracao-de-dados/venv/lib/python3.9/site-packages/airflow/example_dags/example_branch_labels.py
[2024-03-18 20:01:26,309] {logging_mixin.py:115} INFO - [2024-03-18 20:01:26,309] {dag.py:2379} INFO - Sync 1 DAGs
[2024-03-18 20:01:26,325] {logging_mixin.py:115} INFO - [2024-03-18 20:01:26,325] {dag.py:2927} INFO - Setting next_dagrun for example_branch_labels to 2024-03-17T00:00:00+00:00, run_after=2024-03-18T00:00:00+00:00
[2024-03-18 20:01:26,338] {processor.py:161} INFO - Processing /home/sheyla/Documents/Repositórios/apache-airflow-extracao-de-dados/venv/lib/python3.9/site-packages/airflow/example_dags/example_branch_labels.py took 0.078 seconds
[2024-03-18 20:01:57,766] {processor.py:153} INFO - Started process (PID=1993048) to work on /home/sheyla/Documents/Repositórios/apache-airflow-extracao-de-dados/venv/lib/python3.9/site-packages/airflow/example_dags/example_branch_labels.py
[2024-03-18 20:01:57,767] {processor.py:641} INFO - Processing file /home/sheyla/Documents/Repositórios/apache-airflow-extracao-de-dados/venv/lib/python3.9/site-packages/airflow/example_dags/example_branch_labels.py for tasks to queue
[2024-03-18 20:01:57,767] {logging_mixin.py:115} INFO - [2024-03-18 20:01:57,767] {dagbag.py:507} INFO - Filling up the DagBag from /home/sheyla/Documents/Repositórios/apache-airflow-extracao-de-dados/venv/lib/python3.9/site-packages/airflow/example_dags/example_branch_labels.py
[2024-03-18 20:01:57,770] {processor.py:651} INFO - DAG(s) dict_keys(['example_branch_labels']) retrieved from /home/sheyla/Documents/Repositórios/apache-airflow-extracao-de-dados/venv/lib/python3.9/site-packages/airflow/example_dags/example_branch_labels.py
[2024-03-18 20:01:57,780] {logging_mixin.py:115} INFO - [2024-03-18 20:01:57,780] {dag.py:2379} INFO - Sync 1 DAGs
[2024-03-18 20:01:57,790] {logging_mixin.py:115} INFO - [2024-03-18 20:01:57,790] {dag.py:2927} INFO - Setting next_dagrun for example_branch_labels to 2024-03-17T00:00:00+00:00, run_after=2024-03-18T00:00:00+00:00
[2024-03-18 20:01:57,811] {processor.py:161} INFO - Processing /home/sheyla/Documents/Repositórios/apache-airflow-extracao-de-dados/venv/lib/python3.9/site-packages/airflow/example_dags/example_branch_labels.py took 0.046 seconds
[2024-03-18 20:02:28,950] {processor.py:153} INFO - Started process (PID=1993361) to work on /home/sheyla/Documents/Repositórios/apache-airflow-extracao-de-dados/venv/lib/python3.9/site-packages/airflow/example_dags/example_branch_labels.py
[2024-03-18 20:02:28,967] {processor.py:641} INFO - Processing file /home/sheyla/Documents/Repositórios/apache-airflow-extracao-de-dados/venv/lib/python3.9/site-packages/airflow/example_dags/example_branch_labels.py for tasks to queue
[2024-03-18 20:02:28,968] {logging_mixin.py:115} INFO - [2024-03-18 20:02:28,968] {dagbag.py:507} INFO - Filling up the DagBag from /home/sheyla/Documents/Repositórios/apache-airflow-extracao-de-dados/venv/lib/python3.9/site-packages/airflow/example_dags/example_branch_labels.py
[2024-03-18 20:02:28,984] {processor.py:651} INFO - DAG(s) dict_keys(['example_branch_labels']) retrieved from /home/sheyla/Documents/Repositórios/apache-airflow-extracao-de-dados/venv/lib/python3.9/site-packages/airflow/example_dags/example_branch_labels.py
[2024-03-18 20:02:29,010] {logging_mixin.py:115} INFO - [2024-03-18 20:02:29,010] {dag.py:2379} INFO - Sync 1 DAGs
[2024-03-18 20:02:29,024] {logging_mixin.py:115} INFO - [2024-03-18 20:02:29,024] {dag.py:2927} INFO - Setting next_dagrun for example_branch_labels to 2024-03-17T00:00:00+00:00, run_after=2024-03-18T00:00:00+00:00
[2024-03-18 20:02:29,036] {processor.py:161} INFO - Processing /home/sheyla/Documents/Repositórios/apache-airflow-extracao-de-dados/venv/lib/python3.9/site-packages/airflow/example_dags/example_branch_labels.py took 0.088 seconds
[2024-03-18 20:02:59,836] {processor.py:153} INFO - Started process (PID=1993669) to work on /home/sheyla/Documents/Repositórios/apache-airflow-extracao-de-dados/venv/lib/python3.9/site-packages/airflow/example_dags/example_branch_labels.py
[2024-03-18 20:02:59,837] {processor.py:641} INFO - Processing file /home/sheyla/Documents/Repositórios/apache-airflow-extracao-de-dados/venv/lib/python3.9/site-packages/airflow/example_dags/example_branch_labels.py for tasks to queue
[2024-03-18 20:02:59,838] {logging_mixin.py:115} INFO - [2024-03-18 20:02:59,838] {dagbag.py:507} INFO - Filling up the DagBag from /home/sheyla/Documents/Repositórios/apache-airflow-extracao-de-dados/venv/lib/python3.9/site-packages/airflow/example_dags/example_branch_labels.py
[2024-03-18 20:02:59,853] {processor.py:651} INFO - DAG(s) dict_keys(['example_branch_labels']) retrieved from /home/sheyla/Documents/Repositórios/apache-airflow-extracao-de-dados/venv/lib/python3.9/site-packages/airflow/example_dags/example_branch_labels.py
[2024-03-18 20:02:59,874] {logging_mixin.py:115} INFO - [2024-03-18 20:02:59,874] {dag.py:2379} INFO - Sync 1 DAGs
[2024-03-18 20:02:59,887] {logging_mixin.py:115} INFO - [2024-03-18 20:02:59,887] {dag.py:2927} INFO - Setting next_dagrun for example_branch_labels to 2024-03-17T00:00:00+00:00, run_after=2024-03-18T00:00:00+00:00
[2024-03-18 20:02:59,905] {processor.py:161} INFO - Processing /home/sheyla/Documents/Repositórios/apache-airflow-extracao-de-dados/venv/lib/python3.9/site-packages/airflow/example_dags/example_branch_labels.py took 0.076 seconds
[2024-03-18 20:03:33,851] {processor.py:153} INFO - Started process (PID=1994007) to work on /home/sheyla/Documents/Repositórios/apache-airflow-extracao-de-dados/venv/lib/python3.9/site-packages/airflow/example_dags/example_branch_labels.py
[2024-03-18 20:03:33,857] {processor.py:641} INFO - Processing file /home/sheyla/Documents/Repositórios/apache-airflow-extracao-de-dados/venv/lib/python3.9/site-packages/airflow/example_dags/example_branch_labels.py for tasks to queue
[2024-03-18 20:03:33,858] {logging_mixin.py:115} INFO - [2024-03-18 20:03:33,858] {dagbag.py:507} INFO - Filling up the DagBag from /home/sheyla/Documents/Repositórios/apache-airflow-extracao-de-dados/venv/lib/python3.9/site-packages/airflow/example_dags/example_branch_labels.py
[2024-03-18 20:03:33,873] {processor.py:651} INFO - DAG(s) dict_keys(['example_branch_labels']) retrieved from /home/sheyla/Documents/Repositórios/apache-airflow-extracao-de-dados/venv/lib/python3.9/site-packages/airflow/example_dags/example_branch_labels.py
[2024-03-18 20:03:33,899] {logging_mixin.py:115} INFO - [2024-03-18 20:03:33,899] {dag.py:2379} INFO - Sync 1 DAGs
[2024-03-18 20:03:33,913] {logging_mixin.py:115} INFO - [2024-03-18 20:03:33,913] {dag.py:2927} INFO - Setting next_dagrun for example_branch_labels to 2024-03-17T00:00:00+00:00, run_after=2024-03-18T00:00:00+00:00
[2024-03-18 20:03:33,933] {processor.py:161} INFO - Processing /home/sheyla/Documents/Repositórios/apache-airflow-extracao-de-dados/venv/lib/python3.9/site-packages/airflow/example_dags/example_branch_labels.py took 0.085 seconds
[2024-03-18 20:04:05,318] {processor.py:153} INFO - Started process (PID=1994316) to work on /home/sheyla/Documents/Repositórios/apache-airflow-extracao-de-dados/venv/lib/python3.9/site-packages/airflow/example_dags/example_branch_labels.py
[2024-03-18 20:04:05,323] {processor.py:641} INFO - Processing file /home/sheyla/Documents/Repositórios/apache-airflow-extracao-de-dados/venv/lib/python3.9/site-packages/airflow/example_dags/example_branch_labels.py for tasks to queue
[2024-03-18 20:04:05,324] {logging_mixin.py:115} INFO - [2024-03-18 20:04:05,324] {dagbag.py:507} INFO - Filling up the DagBag from /home/sheyla/Documents/Repositórios/apache-airflow-extracao-de-dados/venv/lib/python3.9/site-packages/airflow/example_dags/example_branch_labels.py
[2024-03-18 20:04:05,329] {processor.py:651} INFO - DAG(s) dict_keys(['example_branch_labels']) retrieved from /home/sheyla/Documents/Repositórios/apache-airflow-extracao-de-dados/venv/lib/python3.9/site-packages/airflow/example_dags/example_branch_labels.py
[2024-03-18 20:04:05,347] {logging_mixin.py:115} INFO - [2024-03-18 20:04:05,347] {dag.py:2379} INFO - Sync 1 DAGs
[2024-03-18 20:04:05,361] {logging_mixin.py:115} INFO - [2024-03-18 20:04:05,361] {dag.py:2927} INFO - Setting next_dagrun for example_branch_labels to 2024-03-17T00:00:00+00:00, run_after=2024-03-18T00:00:00+00:00
[2024-03-18 20:04:05,379] {processor.py:161} INFO - Processing /home/sheyla/Documents/Repositórios/apache-airflow-extracao-de-dados/venv/lib/python3.9/site-packages/airflow/example_dags/example_branch_labels.py took 0.064 seconds
[2024-03-18 20:04:39,035] {processor.py:153} INFO - Started process (PID=1994655) to work on /home/sheyla/Documents/Repositórios/apache-airflow-extracao-de-dados/venv/lib/python3.9/site-packages/airflow/example_dags/example_branch_labels.py
[2024-03-18 20:04:39,036] {processor.py:641} INFO - Processing file /home/sheyla/Documents/Repositórios/apache-airflow-extracao-de-dados/venv/lib/python3.9/site-packages/airflow/example_dags/example_branch_labels.py for tasks to queue
[2024-03-18 20:04:39,037] {logging_mixin.py:115} INFO - [2024-03-18 20:04:39,037] {dagbag.py:507} INFO - Filling up the DagBag from /home/sheyla/Documents/Repositórios/apache-airflow-extracao-de-dados/venv/lib/python3.9/site-packages/airflow/example_dags/example_branch_labels.py
[2024-03-18 20:04:39,052] {processor.py:651} INFO - DAG(s) dict_keys(['example_branch_labels']) retrieved from /home/sheyla/Documents/Repositórios/apache-airflow-extracao-de-dados/venv/lib/python3.9/site-packages/airflow/example_dags/example_branch_labels.py
[2024-03-18 20:04:39,072] {logging_mixin.py:115} INFO - [2024-03-18 20:04:39,072] {dag.py:2379} INFO - Sync 1 DAGs
[2024-03-18 20:04:39,085] {logging_mixin.py:115} INFO - [2024-03-18 20:04:39,085] {dag.py:2927} INFO - Setting next_dagrun for example_branch_labels to 2024-03-17T00:00:00+00:00, run_after=2024-03-18T00:00:00+00:00
[2024-03-18 20:04:39,097] {processor.py:161} INFO - Processing /home/sheyla/Documents/Repositórios/apache-airflow-extracao-de-dados/venv/lib/python3.9/site-packages/airflow/example_dags/example_branch_labels.py took 0.068 seconds
[2024-03-18 20:05:10,996] {processor.py:153} INFO - Started process (PID=1994979) to work on /home/sheyla/Documents/Repositórios/apache-airflow-extracao-de-dados/venv/lib/python3.9/site-packages/airflow/example_dags/example_branch_labels.py
[2024-03-18 20:05:10,998] {processor.py:641} INFO - Processing file /home/sheyla/Documents/Repositórios/apache-airflow-extracao-de-dados/venv/lib/python3.9/site-packages/airflow/example_dags/example_branch_labels.py for tasks to queue
[2024-03-18 20:05:10,999] {logging_mixin.py:115} INFO - [2024-03-18 20:05:10,999] {dagbag.py:507} INFO - Filling up the DagBag from /home/sheyla/Documents/Repositórios/apache-airflow-extracao-de-dados/venv/lib/python3.9/site-packages/airflow/example_dags/example_branch_labels.py
[2024-03-18 20:05:11,015] {processor.py:651} INFO - DAG(s) dict_keys(['example_branch_labels']) retrieved from /home/sheyla/Documents/Repositórios/apache-airflow-extracao-de-dados/venv/lib/python3.9/site-packages/airflow/example_dags/example_branch_labels.py
[2024-03-18 20:05:11,035] {logging_mixin.py:115} INFO - [2024-03-18 20:05:11,035] {dag.py:2379} INFO - Sync 1 DAGs
[2024-03-18 20:05:11,049] {logging_mixin.py:115} INFO - [2024-03-18 20:05:11,049] {dag.py:2927} INFO - Setting next_dagrun for example_branch_labels to 2024-03-17T00:00:00+00:00, run_after=2024-03-18T00:00:00+00:00
[2024-03-18 20:05:11,068] {processor.py:161} INFO - Processing /home/sheyla/Documents/Repositórios/apache-airflow-extracao-de-dados/venv/lib/python3.9/site-packages/airflow/example_dags/example_branch_labels.py took 0.079 seconds
[2024-03-18 20:05:43,695] {processor.py:153} INFO - Started process (PID=1995337) to work on /home/sheyla/Documents/Repositórios/apache-airflow-extracao-de-dados/venv/lib/python3.9/site-packages/airflow/example_dags/example_branch_labels.py
[2024-03-18 20:05:43,697] {processor.py:641} INFO - Processing file /home/sheyla/Documents/Repositórios/apache-airflow-extracao-de-dados/venv/lib/python3.9/site-packages/airflow/example_dags/example_branch_labels.py for tasks to queue
[2024-03-18 20:05:43,700] {logging_mixin.py:115} INFO - [2024-03-18 20:05:43,699] {dagbag.py:507} INFO - Filling up the DagBag from /home/sheyla/Documents/Repositórios/apache-airflow-extracao-de-dados/venv/lib/python3.9/site-packages/airflow/example_dags/example_branch_labels.py
[2024-03-18 20:05:43,717] {processor.py:651} INFO - DAG(s) dict_keys(['example_branch_labels']) retrieved from /home/sheyla/Documents/Repositórios/apache-airflow-extracao-de-dados/venv/lib/python3.9/site-packages/airflow/example_dags/example_branch_labels.py
[2024-03-18 20:05:43,749] {logging_mixin.py:115} INFO - [2024-03-18 20:05:43,749] {dag.py:2379} INFO - Sync 1 DAGs
[2024-03-18 20:05:43,775] {logging_mixin.py:115} INFO - [2024-03-18 20:05:43,775] {dag.py:2927} INFO - Setting next_dagrun for example_branch_labels to 2024-03-17T00:00:00+00:00, run_after=2024-03-18T00:00:00+00:00
[2024-03-18 20:05:43,791] {processor.py:161} INFO - Processing /home/sheyla/Documents/Repositórios/apache-airflow-extracao-de-dados/venv/lib/python3.9/site-packages/airflow/example_dags/example_branch_labels.py took 0.105 seconds
[2024-03-18 20:06:15,863] {processor.py:153} INFO - Started process (PID=1995735) to work on /home/sheyla/Documents/Repositórios/apache-airflow-extracao-de-dados/venv/lib/python3.9/site-packages/airflow/example_dags/example_branch_labels.py
[2024-03-18 20:06:15,863] {processor.py:641} INFO - Processing file /home/sheyla/Documents/Repositórios/apache-airflow-extracao-de-dados/venv/lib/python3.9/site-packages/airflow/example_dags/example_branch_labels.py for tasks to queue
[2024-03-18 20:06:15,864] {logging_mixin.py:115} INFO - [2024-03-18 20:06:15,864] {dagbag.py:507} INFO - Filling up the DagBag from /home/sheyla/Documents/Repositórios/apache-airflow-extracao-de-dados/venv/lib/python3.9/site-packages/airflow/example_dags/example_branch_labels.py
[2024-03-18 20:06:15,867] {processor.py:651} INFO - DAG(s) dict_keys(['example_branch_labels']) retrieved from /home/sheyla/Documents/Repositórios/apache-airflow-extracao-de-dados/venv/lib/python3.9/site-packages/airflow/example_dags/example_branch_labels.py
[2024-03-18 20:06:15,878] {logging_mixin.py:115} INFO - [2024-03-18 20:06:15,878] {dag.py:2379} INFO - Sync 1 DAGs
[2024-03-18 20:06:15,889] {logging_mixin.py:115} INFO - [2024-03-18 20:06:15,889] {dag.py:2927} INFO - Setting next_dagrun for example_branch_labels to 2024-03-17T00:00:00+00:00, run_after=2024-03-18T00:00:00+00:00
[2024-03-18 20:06:15,902] {processor.py:161} INFO - Processing /home/sheyla/Documents/Repositórios/apache-airflow-extracao-de-dados/venv/lib/python3.9/site-packages/airflow/example_dags/example_branch_labels.py took 0.040 seconds
[2024-03-18 20:06:49,856] {processor.py:153} INFO - Started process (PID=1996094) to work on /home/sheyla/Documents/Repositórios/apache-airflow-extracao-de-dados/venv/lib/python3.9/site-packages/airflow/example_dags/example_branch_labels.py
[2024-03-18 20:06:49,862] {processor.py:641} INFO - Processing file /home/sheyla/Documents/Repositórios/apache-airflow-extracao-de-dados/venv/lib/python3.9/site-packages/airflow/example_dags/example_branch_labels.py for tasks to queue
[2024-03-18 20:06:49,863] {logging_mixin.py:115} INFO - [2024-03-18 20:06:49,863] {dagbag.py:507} INFO - Filling up the DagBag from /home/sheyla/Documents/Repositórios/apache-airflow-extracao-de-dados/venv/lib/python3.9/site-packages/airflow/example_dags/example_branch_labels.py
[2024-03-18 20:06:49,878] {processor.py:651} INFO - DAG(s) dict_keys(['example_branch_labels']) retrieved from /home/sheyla/Documents/Repositórios/apache-airflow-extracao-de-dados/venv/lib/python3.9/site-packages/airflow/example_dags/example_branch_labels.py
[2024-03-18 20:06:49,905] {logging_mixin.py:115} INFO - [2024-03-18 20:06:49,905] {dag.py:2379} INFO - Sync 1 DAGs
[2024-03-18 20:06:49,919] {logging_mixin.py:115} INFO - [2024-03-18 20:06:49,919] {dag.py:2927} INFO - Setting next_dagrun for example_branch_labels to 2024-03-17T00:00:00+00:00, run_after=2024-03-18T00:00:00+00:00
[2024-03-18 20:06:49,930] {processor.py:161} INFO - Processing /home/sheyla/Documents/Repositórios/apache-airflow-extracao-de-dados/venv/lib/python3.9/site-packages/airflow/example_dags/example_branch_labels.py took 0.077 seconds
[2024-03-18 20:07:22,876] {processor.py:153} INFO - Started process (PID=1996427) to work on /home/sheyla/Documents/Repositórios/apache-airflow-extracao-de-dados/venv/lib/python3.9/site-packages/airflow/example_dags/example_branch_labels.py
[2024-03-18 20:07:22,883] {processor.py:641} INFO - Processing file /home/sheyla/Documents/Repositórios/apache-airflow-extracao-de-dados/venv/lib/python3.9/site-packages/airflow/example_dags/example_branch_labels.py for tasks to queue
[2024-03-18 20:07:22,884] {logging_mixin.py:115} INFO - [2024-03-18 20:07:22,884] {dagbag.py:507} INFO - Filling up the DagBag from /home/sheyla/Documents/Repositórios/apache-airflow-extracao-de-dados/venv/lib/python3.9/site-packages/airflow/example_dags/example_branch_labels.py
[2024-03-18 20:07:22,899] {processor.py:651} INFO - DAG(s) dict_keys(['example_branch_labels']) retrieved from /home/sheyla/Documents/Repositórios/apache-airflow-extracao-de-dados/venv/lib/python3.9/site-packages/airflow/example_dags/example_branch_labels.py
[2024-03-18 20:07:22,919] {logging_mixin.py:115} INFO - [2024-03-18 20:07:22,919] {dag.py:2379} INFO - Sync 1 DAGs
[2024-03-18 20:07:22,932] {logging_mixin.py:115} INFO - [2024-03-18 20:07:22,932] {dag.py:2927} INFO - Setting next_dagrun for example_branch_labels to 2024-03-17T00:00:00+00:00, run_after=2024-03-18T00:00:00+00:00
[2024-03-18 20:07:22,950] {processor.py:161} INFO - Processing /home/sheyla/Documents/Repositórios/apache-airflow-extracao-de-dados/venv/lib/python3.9/site-packages/airflow/example_dags/example_branch_labels.py took 0.081 seconds
[2024-03-18 20:07:54,192] {processor.py:153} INFO - Started process (PID=1997251) to work on /home/sheyla/Documents/Repositórios/apache-airflow-extracao-de-dados/venv/lib/python3.9/site-packages/airflow/example_dags/example_branch_labels.py
[2024-03-18 20:07:54,192] {processor.py:641} INFO - Processing file /home/sheyla/Documents/Repositórios/apache-airflow-extracao-de-dados/venv/lib/python3.9/site-packages/airflow/example_dags/example_branch_labels.py for tasks to queue
[2024-03-18 20:07:54,193] {logging_mixin.py:115} INFO - [2024-03-18 20:07:54,193] {dagbag.py:507} INFO - Filling up the DagBag from /home/sheyla/Documents/Repositórios/apache-airflow-extracao-de-dados/venv/lib/python3.9/site-packages/airflow/example_dags/example_branch_labels.py
[2024-03-18 20:07:54,198] {processor.py:651} INFO - DAG(s) dict_keys(['example_branch_labels']) retrieved from /home/sheyla/Documents/Repositórios/apache-airflow-extracao-de-dados/venv/lib/python3.9/site-packages/airflow/example_dags/example_branch_labels.py
[2024-03-18 20:07:54,213] {logging_mixin.py:115} INFO - [2024-03-18 20:07:54,212] {dag.py:2379} INFO - Sync 1 DAGs
[2024-03-18 20:07:54,228] {logging_mixin.py:115} INFO - [2024-03-18 20:07:54,228] {dag.py:2927} INFO - Setting next_dagrun for example_branch_labels to 2024-03-17T00:00:00+00:00, run_after=2024-03-18T00:00:00+00:00
[2024-03-18 20:07:54,239] {processor.py:161} INFO - Processing /home/sheyla/Documents/Repositórios/apache-airflow-extracao-de-dados/venv/lib/python3.9/site-packages/airflow/example_dags/example_branch_labels.py took 0.049 seconds
[2024-03-18 20:08:25,125] {processor.py:153} INFO - Started process (PID=1997947) to work on /home/sheyla/Documents/Repositórios/apache-airflow-extracao-de-dados/venv/lib/python3.9/site-packages/airflow/example_dags/example_branch_labels.py
[2024-03-18 20:08:25,130] {processor.py:641} INFO - Processing file /home/sheyla/Documents/Repositórios/apache-airflow-extracao-de-dados/venv/lib/python3.9/site-packages/airflow/example_dags/example_branch_labels.py for tasks to queue
[2024-03-18 20:08:25,130] {logging_mixin.py:115} INFO - [2024-03-18 20:08:25,130] {dagbag.py:507} INFO - Filling up the DagBag from /home/sheyla/Documents/Repositórios/apache-airflow-extracao-de-dados/venv/lib/python3.9/site-packages/airflow/example_dags/example_branch_labels.py
[2024-03-18 20:08:25,134] {processor.py:651} INFO - DAG(s) dict_keys(['example_branch_labels']) retrieved from /home/sheyla/Documents/Repositórios/apache-airflow-extracao-de-dados/venv/lib/python3.9/site-packages/airflow/example_dags/example_branch_labels.py
[2024-03-18 20:08:25,144] {logging_mixin.py:115} INFO - [2024-03-18 20:08:25,144] {dag.py:2379} INFO - Sync 1 DAGs
[2024-03-18 20:08:25,156] {logging_mixin.py:115} INFO - [2024-03-18 20:08:25,156] {dag.py:2927} INFO - Setting next_dagrun for example_branch_labels to 2024-03-17T00:00:00+00:00, run_after=2024-03-18T00:00:00+00:00
[2024-03-18 20:08:25,173] {processor.py:161} INFO - Processing /home/sheyla/Documents/Repositórios/apache-airflow-extracao-de-dados/venv/lib/python3.9/site-packages/airflow/example_dags/example_branch_labels.py took 0.050 seconds
[2024-03-18 20:08:58,338] {processor.py:153} INFO - Started process (PID=1998631) to work on /home/sheyla/Documents/Repositórios/apache-airflow-extracao-de-dados/venv/lib/python3.9/site-packages/airflow/example_dags/example_branch_labels.py
[2024-03-18 20:08:58,344] {processor.py:641} INFO - Processing file /home/sheyla/Documents/Repositórios/apache-airflow-extracao-de-dados/venv/lib/python3.9/site-packages/airflow/example_dags/example_branch_labels.py for tasks to queue
[2024-03-18 20:08:58,344] {logging_mixin.py:115} INFO - [2024-03-18 20:08:58,344] {dagbag.py:507} INFO - Filling up the DagBag from /home/sheyla/Documents/Repositórios/apache-airflow-extracao-de-dados/venv/lib/python3.9/site-packages/airflow/example_dags/example_branch_labels.py
[2024-03-18 20:08:58,350] {processor.py:651} INFO - DAG(s) dict_keys(['example_branch_labels']) retrieved from /home/sheyla/Documents/Repositórios/apache-airflow-extracao-de-dados/venv/lib/python3.9/site-packages/airflow/example_dags/example_branch_labels.py
[2024-03-18 20:08:58,369] {logging_mixin.py:115} INFO - [2024-03-18 20:08:58,369] {dag.py:2379} INFO - Sync 1 DAGs
[2024-03-18 20:08:58,387] {logging_mixin.py:115} INFO - [2024-03-18 20:08:58,387] {dag.py:2927} INFO - Setting next_dagrun for example_branch_labels to 2024-03-17T00:00:00+00:00, run_after=2024-03-18T00:00:00+00:00
[2024-03-18 20:08:58,402] {processor.py:161} INFO - Processing /home/sheyla/Documents/Repositórios/apache-airflow-extracao-de-dados/venv/lib/python3.9/site-packages/airflow/example_dags/example_branch_labels.py took 0.067 seconds
