[2024-03-18 19:56:55,299] {processor.py:153} INFO - Started process (PID=1989910) to work on /home/sheyla/Documents/Repositórios/apache-airflow-extracao-de-dados/venv/lib/python3.9/site-packages/airflow/example_dags/example_complex.py
[2024-03-18 19:56:55,300] {processor.py:641} INFO - Processing file /home/sheyla/Documents/Repositórios/apache-airflow-extracao-de-dados/venv/lib/python3.9/site-packages/airflow/example_dags/example_complex.py for tasks to queue
[2024-03-18 19:56:55,302] {logging_mixin.py:115} INFO - [2024-03-18 19:56:55,301] {dagbag.py:507} INFO - Filling up the DagBag from /home/sheyla/Documents/Repositórios/apache-airflow-extracao-de-dados/venv/lib/python3.9/site-packages/airflow/example_dags/example_complex.py
[2024-03-18 19:56:55,324] {processor.py:651} INFO - DAG(s) dict_keys(['example_complex']) retrieved from /home/sheyla/Documents/Repositórios/apache-airflow-extracao-de-dados/venv/lib/python3.9/site-packages/airflow/example_dags/example_complex.py
[2024-03-18 19:56:55,442] {logging_mixin.py:115} INFO - [2024-03-18 19:56:55,442] {manager.py:508} INFO - Created Permission View: can delete on DAG:example_complex
[2024-03-18 19:56:55,484] {logging_mixin.py:115} INFO - [2024-03-18 19:56:55,484] {manager.py:508} INFO - Created Permission View: can edit on DAG:example_complex
[2024-03-18 19:56:55,524] {logging_mixin.py:115} INFO - [2024-03-18 19:56:55,524] {manager.py:508} INFO - Created Permission View: can read on DAG:example_complex
[2024-03-18 19:56:55,525] {logging_mixin.py:115} INFO - [2024-03-18 19:56:55,525] {dag.py:2379} INFO - Sync 1 DAGs
[2024-03-18 19:56:55,546] {logging_mixin.py:115} INFO - [2024-03-18 19:56:55,546] {dag.py:2398} INFO - Creating ORM DAG for example_complex
[2024-03-18 19:56:55,560] {logging_mixin.py:115} INFO - [2024-03-18 19:56:55,560] {dag.py:2927} INFO - Setting next_dagrun for example_complex to None, run_after=None
[2024-03-18 19:56:55,619] {processor.py:161} INFO - Processing /home/sheyla/Documents/Repositórios/apache-airflow-extracao-de-dados/venv/lib/python3.9/site-packages/airflow/example_dags/example_complex.py took 0.327 seconds
[2024-03-18 19:57:36,313] {processor.py:153} INFO - Started process (PID=1990325) to work on /home/sheyla/Documents/Repositórios/apache-airflow-extracao-de-dados/venv/lib/python3.9/site-packages/airflow/example_dags/example_complex.py
[2024-03-18 19:57:36,315] {processor.py:641} INFO - Processing file /home/sheyla/Documents/Repositórios/apache-airflow-extracao-de-dados/venv/lib/python3.9/site-packages/airflow/example_dags/example_complex.py for tasks to queue
[2024-03-18 19:57:36,316] {logging_mixin.py:115} INFO - [2024-03-18 19:57:36,316] {dagbag.py:507} INFO - Filling up the DagBag from /home/sheyla/Documents/Repositórios/apache-airflow-extracao-de-dados/venv/lib/python3.9/site-packages/airflow/example_dags/example_complex.py
[2024-03-18 19:57:36,341] {processor.py:651} INFO - DAG(s) dict_keys(['example_complex']) retrieved from /home/sheyla/Documents/Repositórios/apache-airflow-extracao-de-dados/venv/lib/python3.9/site-packages/airflow/example_dags/example_complex.py
[2024-03-18 19:57:36,359] {logging_mixin.py:115} INFO - [2024-03-18 19:57:36,359] {dag.py:2379} INFO - Sync 1 DAGs
[2024-03-18 19:57:36,370] {logging_mixin.py:115} INFO - [2024-03-18 19:57:36,370] {dag.py:2927} INFO - Setting next_dagrun for example_complex to None, run_after=None
[2024-03-18 19:57:36,382] {processor.py:161} INFO - Processing /home/sheyla/Documents/Repositórios/apache-airflow-extracao-de-dados/venv/lib/python3.9/site-packages/airflow/example_dags/example_complex.py took 0.076 seconds
[2024-03-18 19:58:10,633] {processor.py:153} INFO - Started process (PID=1990657) to work on /home/sheyla/Documents/Repositórios/apache-airflow-extracao-de-dados/venv/lib/python3.9/site-packages/airflow/example_dags/example_complex.py
[2024-03-18 19:58:10,635] {processor.py:641} INFO - Processing file /home/sheyla/Documents/Repositórios/apache-airflow-extracao-de-dados/venv/lib/python3.9/site-packages/airflow/example_dags/example_complex.py for tasks to queue
[2024-03-18 19:58:10,636] {logging_mixin.py:115} INFO - [2024-03-18 19:58:10,636] {dagbag.py:507} INFO - Filling up the DagBag from /home/sheyla/Documents/Repositórios/apache-airflow-extracao-de-dados/venv/lib/python3.9/site-packages/airflow/example_dags/example_complex.py
[2024-03-18 19:58:10,661] {processor.py:651} INFO - DAG(s) dict_keys(['example_complex']) retrieved from /home/sheyla/Documents/Repositórios/apache-airflow-extracao-de-dados/venv/lib/python3.9/site-packages/airflow/example_dags/example_complex.py
[2024-03-18 19:58:10,679] {logging_mixin.py:115} INFO - [2024-03-18 19:58:10,679] {dag.py:2379} INFO - Sync 1 DAGs
[2024-03-18 19:58:10,689] {logging_mixin.py:115} INFO - [2024-03-18 19:58:10,689] {dag.py:2927} INFO - Setting next_dagrun for example_complex to None, run_after=None
[2024-03-18 19:58:10,706] {processor.py:161} INFO - Processing /home/sheyla/Documents/Repositórios/apache-airflow-extracao-de-dados/venv/lib/python3.9/site-packages/airflow/example_dags/example_complex.py took 0.079 seconds
[2024-03-18 19:58:44,058] {processor.py:153} INFO - Started process (PID=1990993) to work on /home/sheyla/Documents/Repositórios/apache-airflow-extracao-de-dados/venv/lib/python3.9/site-packages/airflow/example_dags/example_complex.py
[2024-03-18 19:58:44,064] {processor.py:641} INFO - Processing file /home/sheyla/Documents/Repositórios/apache-airflow-extracao-de-dados/venv/lib/python3.9/site-packages/airflow/example_dags/example_complex.py for tasks to queue
[2024-03-18 19:58:44,064] {logging_mixin.py:115} INFO - [2024-03-18 19:58:44,064] {dagbag.py:507} INFO - Filling up the DagBag from /home/sheyla/Documents/Repositórios/apache-airflow-extracao-de-dados/venv/lib/python3.9/site-packages/airflow/example_dags/example_complex.py
[2024-03-18 19:58:44,076] {processor.py:651} INFO - DAG(s) dict_keys(['example_complex']) retrieved from /home/sheyla/Documents/Repositórios/apache-airflow-extracao-de-dados/venv/lib/python3.9/site-packages/airflow/example_dags/example_complex.py
[2024-03-18 19:58:44,092] {logging_mixin.py:115} INFO - [2024-03-18 19:58:44,092] {dag.py:2379} INFO - Sync 1 DAGs
[2024-03-18 19:58:44,104] {logging_mixin.py:115} INFO - [2024-03-18 19:58:44,104] {dag.py:2927} INFO - Setting next_dagrun for example_complex to None, run_after=None
[2024-03-18 19:58:44,115] {processor.py:161} INFO - Processing /home/sheyla/Documents/Repositórios/apache-airflow-extracao-de-dados/venv/lib/python3.9/site-packages/airflow/example_dags/example_complex.py took 0.059 seconds
[2024-03-18 19:59:15,256] {processor.py:153} INFO - Started process (PID=1991305) to work on /home/sheyla/Documents/Repositórios/apache-airflow-extracao-de-dados/venv/lib/python3.9/site-packages/airflow/example_dags/example_complex.py
[2024-03-18 19:59:15,260] {processor.py:641} INFO - Processing file /home/sheyla/Documents/Repositórios/apache-airflow-extracao-de-dados/venv/lib/python3.9/site-packages/airflow/example_dags/example_complex.py for tasks to queue
[2024-03-18 19:59:15,260] {logging_mixin.py:115} INFO - [2024-03-18 19:59:15,260] {dagbag.py:507} INFO - Filling up the DagBag from /home/sheyla/Documents/Repositórios/apache-airflow-extracao-de-dados/venv/lib/python3.9/site-packages/airflow/example_dags/example_complex.py
[2024-03-18 19:59:15,269] {processor.py:651} INFO - DAG(s) dict_keys(['example_complex']) retrieved from /home/sheyla/Documents/Repositórios/apache-airflow-extracao-de-dados/venv/lib/python3.9/site-packages/airflow/example_dags/example_complex.py
[2024-03-18 19:59:15,286] {logging_mixin.py:115} INFO - [2024-03-18 19:59:15,286] {dag.py:2379} INFO - Sync 1 DAGs
[2024-03-18 19:59:15,298] {logging_mixin.py:115} INFO - [2024-03-18 19:59:15,298] {dag.py:2927} INFO - Setting next_dagrun for example_complex to None, run_after=None
[2024-03-18 19:59:15,314] {processor.py:161} INFO - Processing /home/sheyla/Documents/Repositórios/apache-airflow-extracao-de-dados/venv/lib/python3.9/site-packages/airflow/example_dags/example_complex.py took 0.060 seconds
[2024-03-18 19:59:50,136] {processor.py:153} INFO - Started process (PID=1991653) to work on /home/sheyla/Documents/Repositórios/apache-airflow-extracao-de-dados/venv/lib/python3.9/site-packages/airflow/example_dags/example_complex.py
[2024-03-18 19:59:50,137] {processor.py:641} INFO - Processing file /home/sheyla/Documents/Repositórios/apache-airflow-extracao-de-dados/venv/lib/python3.9/site-packages/airflow/example_dags/example_complex.py for tasks to queue
[2024-03-18 19:59:50,137] {logging_mixin.py:115} INFO - [2024-03-18 19:59:50,137] {dagbag.py:507} INFO - Filling up the DagBag from /home/sheyla/Documents/Repositórios/apache-airflow-extracao-de-dados/venv/lib/python3.9/site-packages/airflow/example_dags/example_complex.py
[2024-03-18 19:59:50,146] {processor.py:651} INFO - DAG(s) dict_keys(['example_complex']) retrieved from /home/sheyla/Documents/Repositórios/apache-airflow-extracao-de-dados/venv/lib/python3.9/site-packages/airflow/example_dags/example_complex.py
[2024-03-18 19:59:50,158] {logging_mixin.py:115} INFO - [2024-03-18 19:59:50,158] {dag.py:2379} INFO - Sync 1 DAGs
[2024-03-18 19:59:50,168] {logging_mixin.py:115} INFO - [2024-03-18 19:59:50,168] {dag.py:2927} INFO - Setting next_dagrun for example_complex to None, run_after=None
[2024-03-18 19:59:50,178] {processor.py:161} INFO - Processing /home/sheyla/Documents/Repositórios/apache-airflow-extracao-de-dados/venv/lib/python3.9/site-packages/airflow/example_dags/example_complex.py took 0.043 seconds
[2024-03-18 20:00:24,314] {processor.py:153} INFO - Started process (PID=1992087) to work on /home/sheyla/Documents/Repositórios/apache-airflow-extracao-de-dados/venv/lib/python3.9/site-packages/airflow/example_dags/example_complex.py
[2024-03-18 20:00:24,320] {processor.py:641} INFO - Processing file /home/sheyla/Documents/Repositórios/apache-airflow-extracao-de-dados/venv/lib/python3.9/site-packages/airflow/example_dags/example_complex.py for tasks to queue
[2024-03-18 20:00:24,321] {logging_mixin.py:115} INFO - [2024-03-18 20:00:24,321] {dagbag.py:507} INFO - Filling up the DagBag from /home/sheyla/Documents/Repositórios/apache-airflow-extracao-de-dados/venv/lib/python3.9/site-packages/airflow/example_dags/example_complex.py
[2024-03-18 20:00:24,347] {processor.py:651} INFO - DAG(s) dict_keys(['example_complex']) retrieved from /home/sheyla/Documents/Repositórios/apache-airflow-extracao-de-dados/venv/lib/python3.9/site-packages/airflow/example_dags/example_complex.py
[2024-03-18 20:00:24,366] {logging_mixin.py:115} INFO - [2024-03-18 20:00:24,365] {dag.py:2379} INFO - Sync 1 DAGs
[2024-03-18 20:00:24,376] {logging_mixin.py:115} INFO - [2024-03-18 20:00:24,376] {dag.py:2927} INFO - Setting next_dagrun for example_complex to None, run_after=None
[2024-03-18 20:00:24,388] {processor.py:161} INFO - Processing /home/sheyla/Documents/Repositórios/apache-airflow-extracao-de-dados/venv/lib/python3.9/site-packages/airflow/example_dags/example_complex.py took 0.081 seconds
[2024-03-18 20:00:57,587] {processor.py:153} INFO - Started process (PID=1992425) to work on /home/sheyla/Documents/Repositórios/apache-airflow-extracao-de-dados/venv/lib/python3.9/site-packages/airflow/example_dags/example_complex.py
[2024-03-18 20:00:57,588] {processor.py:641} INFO - Processing file /home/sheyla/Documents/Repositórios/apache-airflow-extracao-de-dados/venv/lib/python3.9/site-packages/airflow/example_dags/example_complex.py for tasks to queue
[2024-03-18 20:00:57,589] {logging_mixin.py:115} INFO - [2024-03-18 20:00:57,589] {dagbag.py:507} INFO - Filling up the DagBag from /home/sheyla/Documents/Repositórios/apache-airflow-extracao-de-dados/venv/lib/python3.9/site-packages/airflow/example_dags/example_complex.py
[2024-03-18 20:00:57,614] {processor.py:651} INFO - DAG(s) dict_keys(['example_complex']) retrieved from /home/sheyla/Documents/Repositórios/apache-airflow-extracao-de-dados/venv/lib/python3.9/site-packages/airflow/example_dags/example_complex.py
[2024-03-18 20:00:57,632] {logging_mixin.py:115} INFO - [2024-03-18 20:00:57,632] {dag.py:2379} INFO - Sync 1 DAGs
[2024-03-18 20:00:57,642] {logging_mixin.py:115} INFO - [2024-03-18 20:00:57,642] {dag.py:2927} INFO - Setting next_dagrun for example_complex to None, run_after=None
[2024-03-18 20:00:57,654] {processor.py:161} INFO - Processing /home/sheyla/Documents/Repositórios/apache-airflow-extracao-de-dados/venv/lib/python3.9/site-packages/airflow/example_dags/example_complex.py took 0.074 seconds
[2024-03-18 20:01:30,234] {processor.py:153} INFO - Started process (PID=1992741) to work on /home/sheyla/Documents/Repositórios/apache-airflow-extracao-de-dados/venv/lib/python3.9/site-packages/airflow/example_dags/example_complex.py
[2024-03-18 20:01:30,240] {processor.py:641} INFO - Processing file /home/sheyla/Documents/Repositórios/apache-airflow-extracao-de-dados/venv/lib/python3.9/site-packages/airflow/example_dags/example_complex.py for tasks to queue
[2024-03-18 20:01:30,242] {logging_mixin.py:115} INFO - [2024-03-18 20:01:30,241] {dagbag.py:507} INFO - Filling up the DagBag from /home/sheyla/Documents/Repositórios/apache-airflow-extracao-de-dados/venv/lib/python3.9/site-packages/airflow/example_dags/example_complex.py
[2024-03-18 20:01:30,272] {processor.py:651} INFO - DAG(s) dict_keys(['example_complex']) retrieved from /home/sheyla/Documents/Repositórios/apache-airflow-extracao-de-dados/venv/lib/python3.9/site-packages/airflow/example_dags/example_complex.py
[2024-03-18 20:01:30,292] {logging_mixin.py:115} INFO - [2024-03-18 20:01:30,292] {dag.py:2379} INFO - Sync 1 DAGs
[2024-03-18 20:01:30,303] {logging_mixin.py:115} INFO - [2024-03-18 20:01:30,303] {dag.py:2927} INFO - Setting next_dagrun for example_complex to None, run_after=None
[2024-03-18 20:01:30,316] {processor.py:161} INFO - Processing /home/sheyla/Documents/Repositórios/apache-airflow-extracao-de-dados/venv/lib/python3.9/site-packages/airflow/example_dags/example_complex.py took 0.084 seconds
[2024-03-18 20:02:01,971] {processor.py:153} INFO - Started process (PID=1993092) to work on /home/sheyla/Documents/Repositórios/apache-airflow-extracao-de-dados/venv/lib/python3.9/site-packages/airflow/example_dags/example_complex.py
[2024-03-18 20:02:01,972] {processor.py:641} INFO - Processing file /home/sheyla/Documents/Repositórios/apache-airflow-extracao-de-dados/venv/lib/python3.9/site-packages/airflow/example_dags/example_complex.py for tasks to queue
[2024-03-18 20:02:01,972] {logging_mixin.py:115} INFO - [2024-03-18 20:02:01,972] {dagbag.py:507} INFO - Filling up the DagBag from /home/sheyla/Documents/Repositórios/apache-airflow-extracao-de-dados/venv/lib/python3.9/site-packages/airflow/example_dags/example_complex.py
[2024-03-18 20:02:01,982] {processor.py:651} INFO - DAG(s) dict_keys(['example_complex']) retrieved from /home/sheyla/Documents/Repositórios/apache-airflow-extracao-de-dados/venv/lib/python3.9/site-packages/airflow/example_dags/example_complex.py
[2024-03-18 20:02:01,997] {logging_mixin.py:115} INFO - [2024-03-18 20:02:01,997] {dag.py:2379} INFO - Sync 1 DAGs
[2024-03-18 20:02:02,009] {logging_mixin.py:115} INFO - [2024-03-18 20:02:02,008] {dag.py:2927} INFO - Setting next_dagrun for example_complex to None, run_after=None
[2024-03-18 20:02:02,021] {processor.py:161} INFO - Processing /home/sheyla/Documents/Repositórios/apache-airflow-extracao-de-dados/venv/lib/python3.9/site-packages/airflow/example_dags/example_complex.py took 0.053 seconds
[2024-03-18 20:02:35,251] {processor.py:153} INFO - Started process (PID=1993421) to work on /home/sheyla/Documents/Repositórios/apache-airflow-extracao-de-dados/venv/lib/python3.9/site-packages/airflow/example_dags/example_complex.py
[2024-03-18 20:02:35,257] {processor.py:641} INFO - Processing file /home/sheyla/Documents/Repositórios/apache-airflow-extracao-de-dados/venv/lib/python3.9/site-packages/airflow/example_dags/example_complex.py for tasks to queue
[2024-03-18 20:02:35,259] {logging_mixin.py:115} INFO - [2024-03-18 20:02:35,258] {dagbag.py:507} INFO - Filling up the DagBag from /home/sheyla/Documents/Repositórios/apache-airflow-extracao-de-dados/venv/lib/python3.9/site-packages/airflow/example_dags/example_complex.py
[2024-03-18 20:02:35,279] {processor.py:651} INFO - DAG(s) dict_keys(['example_complex']) retrieved from /home/sheyla/Documents/Repositórios/apache-airflow-extracao-de-dados/venv/lib/python3.9/site-packages/airflow/example_dags/example_complex.py
[2024-03-18 20:02:35,296] {logging_mixin.py:115} INFO - [2024-03-18 20:02:35,296] {dag.py:2379} INFO - Sync 1 DAGs
[2024-03-18 20:02:35,307] {logging_mixin.py:115} INFO - [2024-03-18 20:02:35,307] {dag.py:2927} INFO - Setting next_dagrun for example_complex to None, run_after=None
[2024-03-18 20:02:35,319] {processor.py:161} INFO - Processing /home/sheyla/Documents/Repositórios/apache-airflow-extracao-de-dados/venv/lib/python3.9/site-packages/airflow/example_dags/example_complex.py took 0.076 seconds
[2024-03-18 20:03:07,240] {processor.py:153} INFO - Started process (PID=1993748) to work on /home/sheyla/Documents/Repositórios/apache-airflow-extracao-de-dados/venv/lib/python3.9/site-packages/airflow/example_dags/example_complex.py
[2024-03-18 20:03:07,243] {processor.py:641} INFO - Processing file /home/sheyla/Documents/Repositórios/apache-airflow-extracao-de-dados/venv/lib/python3.9/site-packages/airflow/example_dags/example_complex.py for tasks to queue
[2024-03-18 20:03:07,244] {logging_mixin.py:115} INFO - [2024-03-18 20:03:07,243] {dagbag.py:507} INFO - Filling up the DagBag from /home/sheyla/Documents/Repositórios/apache-airflow-extracao-de-dados/venv/lib/python3.9/site-packages/airflow/example_dags/example_complex.py
[2024-03-18 20:03:07,256] {processor.py:651} INFO - DAG(s) dict_keys(['example_complex']) retrieved from /home/sheyla/Documents/Repositórios/apache-airflow-extracao-de-dados/venv/lib/python3.9/site-packages/airflow/example_dags/example_complex.py
[2024-03-18 20:03:07,275] {logging_mixin.py:115} INFO - [2024-03-18 20:03:07,275] {dag.py:2379} INFO - Sync 1 DAGs
[2024-03-18 20:03:07,287] {logging_mixin.py:115} INFO - [2024-03-18 20:03:07,287] {dag.py:2927} INFO - Setting next_dagrun for example_complex to None, run_after=None
[2024-03-18 20:03:07,305] {processor.py:161} INFO - Processing /home/sheyla/Documents/Repositórios/apache-airflow-extracao-de-dados/venv/lib/python3.9/site-packages/airflow/example_dags/example_complex.py took 0.068 seconds
[2024-03-18 20:03:41,036] {processor.py:153} INFO - Started process (PID=1994085) to work on /home/sheyla/Documents/Repositórios/apache-airflow-extracao-de-dados/venv/lib/python3.9/site-packages/airflow/example_dags/example_complex.py
[2024-03-18 20:03:41,042] {processor.py:641} INFO - Processing file /home/sheyla/Documents/Repositórios/apache-airflow-extracao-de-dados/venv/lib/python3.9/site-packages/airflow/example_dags/example_complex.py for tasks to queue
[2024-03-18 20:03:41,042] {logging_mixin.py:115} INFO - [2024-03-18 20:03:41,042] {dagbag.py:507} INFO - Filling up the DagBag from /home/sheyla/Documents/Repositórios/apache-airflow-extracao-de-dados/venv/lib/python3.9/site-packages/airflow/example_dags/example_complex.py
[2024-03-18 20:03:41,053] {processor.py:651} INFO - DAG(s) dict_keys(['example_complex']) retrieved from /home/sheyla/Documents/Repositórios/apache-airflow-extracao-de-dados/venv/lib/python3.9/site-packages/airflow/example_dags/example_complex.py
[2024-03-18 20:03:41,070] {logging_mixin.py:115} INFO - [2024-03-18 20:03:41,070] {dag.py:2379} INFO - Sync 1 DAGs
[2024-03-18 20:03:41,081] {logging_mixin.py:115} INFO - [2024-03-18 20:03:41,081] {dag.py:2927} INFO - Setting next_dagrun for example_complex to None, run_after=None
[2024-03-18 20:03:41,099] {processor.py:161} INFO - Processing /home/sheyla/Documents/Repositórios/apache-airflow-extracao-de-dados/venv/lib/python3.9/site-packages/airflow/example_dags/example_complex.py took 0.065 seconds
[2024-03-18 20:04:13,051] {processor.py:153} INFO - Started process (PID=1994399) to work on /home/sheyla/Documents/Repositórios/apache-airflow-extracao-de-dados/venv/lib/python3.9/site-packages/airflow/example_dags/example_complex.py
[2024-03-18 20:04:13,056] {processor.py:641} INFO - Processing file /home/sheyla/Documents/Repositórios/apache-airflow-extracao-de-dados/venv/lib/python3.9/site-packages/airflow/example_dags/example_complex.py for tasks to queue
[2024-03-18 20:04:13,057] {logging_mixin.py:115} INFO - [2024-03-18 20:04:13,057] {dagbag.py:507} INFO - Filling up the DagBag from /home/sheyla/Documents/Repositórios/apache-airflow-extracao-de-dados/venv/lib/python3.9/site-packages/airflow/example_dags/example_complex.py
[2024-03-18 20:04:13,074] {processor.py:651} INFO - DAG(s) dict_keys(['example_complex']) retrieved from /home/sheyla/Documents/Repositórios/apache-airflow-extracao-de-dados/venv/lib/python3.9/site-packages/airflow/example_dags/example_complex.py
[2024-03-18 20:04:13,096] {logging_mixin.py:115} INFO - [2024-03-18 20:04:13,095] {dag.py:2379} INFO - Sync 1 DAGs
[2024-03-18 20:04:13,107] {logging_mixin.py:115} INFO - [2024-03-18 20:04:13,107] {dag.py:2927} INFO - Setting next_dagrun for example_complex to None, run_after=None
[2024-03-18 20:04:13,126] {processor.py:161} INFO - Processing /home/sheyla/Documents/Repositórios/apache-airflow-extracao-de-dados/venv/lib/python3.9/site-packages/airflow/example_dags/example_complex.py took 0.078 seconds
[2024-03-18 20:04:47,363] {processor.py:153} INFO - Started process (PID=1994744) to work on /home/sheyla/Documents/Repositórios/apache-airflow-extracao-de-dados/venv/lib/python3.9/site-packages/airflow/example_dags/example_complex.py
[2024-03-18 20:04:47,369] {processor.py:641} INFO - Processing file /home/sheyla/Documents/Repositórios/apache-airflow-extracao-de-dados/venv/lib/python3.9/site-packages/airflow/example_dags/example_complex.py for tasks to queue
[2024-03-18 20:04:47,370] {logging_mixin.py:115} INFO - [2024-03-18 20:04:47,370] {dagbag.py:507} INFO - Filling up the DagBag from /home/sheyla/Documents/Repositórios/apache-airflow-extracao-de-dados/venv/lib/python3.9/site-packages/airflow/example_dags/example_complex.py
[2024-03-18 20:04:47,397] {processor.py:651} INFO - DAG(s) dict_keys(['example_complex']) retrieved from /home/sheyla/Documents/Repositórios/apache-airflow-extracao-de-dados/venv/lib/python3.9/site-packages/airflow/example_dags/example_complex.py
[2024-03-18 20:04:47,415] {logging_mixin.py:115} INFO - [2024-03-18 20:04:47,415] {dag.py:2379} INFO - Sync 1 DAGs
[2024-03-18 20:04:47,426] {logging_mixin.py:115} INFO - [2024-03-18 20:04:47,426] {dag.py:2927} INFO - Setting next_dagrun for example_complex to None, run_after=None
[2024-03-18 20:04:47,438] {processor.py:161} INFO - Processing /home/sheyla/Documents/Repositórios/apache-airflow-extracao-de-dados/venv/lib/python3.9/site-packages/airflow/example_dags/example_complex.py took 0.081 seconds
[2024-03-18 20:05:19,018] {processor.py:153} INFO - Started process (PID=1995062) to work on /home/sheyla/Documents/Repositórios/apache-airflow-extracao-de-dados/venv/lib/python3.9/site-packages/airflow/example_dags/example_complex.py
[2024-03-18 20:05:19,023] {processor.py:641} INFO - Processing file /home/sheyla/Documents/Repositórios/apache-airflow-extracao-de-dados/venv/lib/python3.9/site-packages/airflow/example_dags/example_complex.py for tasks to queue
[2024-03-18 20:05:19,024] {logging_mixin.py:115} INFO - [2024-03-18 20:05:19,024] {dagbag.py:507} INFO - Filling up the DagBag from /home/sheyla/Documents/Repositórios/apache-airflow-extracao-de-dados/venv/lib/python3.9/site-packages/airflow/example_dags/example_complex.py
[2024-03-18 20:05:19,042] {processor.py:651} INFO - DAG(s) dict_keys(['example_complex']) retrieved from /home/sheyla/Documents/Repositórios/apache-airflow-extracao-de-dados/venv/lib/python3.9/site-packages/airflow/example_dags/example_complex.py
[2024-03-18 20:05:19,063] {logging_mixin.py:115} INFO - [2024-03-18 20:05:19,063] {dag.py:2379} INFO - Sync 1 DAGs
[2024-03-18 20:05:19,074] {logging_mixin.py:115} INFO - [2024-03-18 20:05:19,073] {dag.py:2927} INFO - Setting next_dagrun for example_complex to None, run_after=None
[2024-03-18 20:05:19,085] {processor.py:161} INFO - Processing /home/sheyla/Documents/Repositórios/apache-airflow-extracao-de-dados/venv/lib/python3.9/site-packages/airflow/example_dags/example_complex.py took 0.070 seconds
[2024-03-18 20:05:50,413] {processor.py:153} INFO - Started process (PID=1995472) to work on /home/sheyla/Documents/Repositórios/apache-airflow-extracao-de-dados/venv/lib/python3.9/site-packages/airflow/example_dags/example_complex.py
[2024-03-18 20:05:50,419] {processor.py:641} INFO - Processing file /home/sheyla/Documents/Repositórios/apache-airflow-extracao-de-dados/venv/lib/python3.9/site-packages/airflow/example_dags/example_complex.py for tasks to queue
[2024-03-18 20:05:50,420] {logging_mixin.py:115} INFO - [2024-03-18 20:05:50,420] {dagbag.py:507} INFO - Filling up the DagBag from /home/sheyla/Documents/Repositórios/apache-airflow-extracao-de-dados/venv/lib/python3.9/site-packages/airflow/example_dags/example_complex.py
[2024-03-18 20:05:50,446] {processor.py:651} INFO - DAG(s) dict_keys(['example_complex']) retrieved from /home/sheyla/Documents/Repositórios/apache-airflow-extracao-de-dados/venv/lib/python3.9/site-packages/airflow/example_dags/example_complex.py
[2024-03-18 20:05:50,464] {logging_mixin.py:115} INFO - [2024-03-18 20:05:50,464] {dag.py:2379} INFO - Sync 1 DAGs
[2024-03-18 20:05:50,475] {logging_mixin.py:115} INFO - [2024-03-18 20:05:50,475] {dag.py:2927} INFO - Setting next_dagrun for example_complex to None, run_after=None
[2024-03-18 20:05:50,486] {processor.py:161} INFO - Processing /home/sheyla/Documents/Repositórios/apache-airflow-extracao-de-dados/venv/lib/python3.9/site-packages/airflow/example_dags/example_complex.py took 0.080 seconds
[2024-03-18 20:06:22,192] {processor.py:153} INFO - Started process (PID=1995801) to work on /home/sheyla/Documents/Repositórios/apache-airflow-extracao-de-dados/venv/lib/python3.9/site-packages/airflow/example_dags/example_complex.py
[2024-03-18 20:06:22,197] {processor.py:641} INFO - Processing file /home/sheyla/Documents/Repositórios/apache-airflow-extracao-de-dados/venv/lib/python3.9/site-packages/airflow/example_dags/example_complex.py for tasks to queue
[2024-03-18 20:06:22,198] {logging_mixin.py:115} INFO - [2024-03-18 20:06:22,198] {dagbag.py:507} INFO - Filling up the DagBag from /home/sheyla/Documents/Repositórios/apache-airflow-extracao-de-dados/venv/lib/python3.9/site-packages/airflow/example_dags/example_complex.py
[2024-03-18 20:06:22,208] {processor.py:651} INFO - DAG(s) dict_keys(['example_complex']) retrieved from /home/sheyla/Documents/Repositórios/apache-airflow-extracao-de-dados/venv/lib/python3.9/site-packages/airflow/example_dags/example_complex.py
[2024-03-18 20:06:22,225] {logging_mixin.py:115} INFO - [2024-03-18 20:06:22,225] {dag.py:2379} INFO - Sync 1 DAGs
[2024-03-18 20:06:22,237] {logging_mixin.py:115} INFO - [2024-03-18 20:06:22,237] {dag.py:2927} INFO - Setting next_dagrun for example_complex to None, run_after=None
[2024-03-18 20:06:22,253] {processor.py:161} INFO - Processing /home/sheyla/Documents/Repositórios/apache-airflow-extracao-de-dados/venv/lib/python3.9/site-packages/airflow/example_dags/example_complex.py took 0.063 seconds
[2024-03-18 20:06:56,766] {processor.py:153} INFO - Started process (PID=1996167) to work on /home/sheyla/Documents/Repositórios/apache-airflow-extracao-de-dados/venv/lib/python3.9/site-packages/airflow/example_dags/example_complex.py
[2024-03-18 20:06:56,767] {processor.py:641} INFO - Processing file /home/sheyla/Documents/Repositórios/apache-airflow-extracao-de-dados/venv/lib/python3.9/site-packages/airflow/example_dags/example_complex.py for tasks to queue
[2024-03-18 20:06:56,768] {logging_mixin.py:115} INFO - [2024-03-18 20:06:56,768] {dagbag.py:507} INFO - Filling up the DagBag from /home/sheyla/Documents/Repositórios/apache-airflow-extracao-de-dados/venv/lib/python3.9/site-packages/airflow/example_dags/example_complex.py
[2024-03-18 20:06:56,796] {processor.py:651} INFO - DAG(s) dict_keys(['example_complex']) retrieved from /home/sheyla/Documents/Repositórios/apache-airflow-extracao-de-dados/venv/lib/python3.9/site-packages/airflow/example_dags/example_complex.py
[2024-03-18 20:06:56,812] {logging_mixin.py:115} INFO - [2024-03-18 20:06:56,812] {dag.py:2379} INFO - Sync 1 DAGs
[2024-03-18 20:06:56,823] {logging_mixin.py:115} INFO - [2024-03-18 20:06:56,823] {dag.py:2927} INFO - Setting next_dagrun for example_complex to None, run_after=None
[2024-03-18 20:06:56,834] {processor.py:161} INFO - Processing /home/sheyla/Documents/Repositórios/apache-airflow-extracao-de-dados/venv/lib/python3.9/site-packages/airflow/example_dags/example_complex.py took 0.075 seconds
[2024-03-18 20:07:29,151] {processor.py:153} INFO - Started process (PID=1996560) to work on /home/sheyla/Documents/Repositórios/apache-airflow-extracao-de-dados/venv/lib/python3.9/site-packages/airflow/example_dags/example_complex.py
[2024-03-18 20:07:29,151] {processor.py:641} INFO - Processing file /home/sheyla/Documents/Repositórios/apache-airflow-extracao-de-dados/venv/lib/python3.9/site-packages/airflow/example_dags/example_complex.py for tasks to queue
[2024-03-18 20:07:29,152] {logging_mixin.py:115} INFO - [2024-03-18 20:07:29,152] {dagbag.py:507} INFO - Filling up the DagBag from /home/sheyla/Documents/Repositórios/apache-airflow-extracao-de-dados/venv/lib/python3.9/site-packages/airflow/example_dags/example_complex.py
[2024-03-18 20:07:29,161] {processor.py:651} INFO - DAG(s) dict_keys(['example_complex']) retrieved from /home/sheyla/Documents/Repositórios/apache-airflow-extracao-de-dados/venv/lib/python3.9/site-packages/airflow/example_dags/example_complex.py
[2024-03-18 20:07:29,178] {logging_mixin.py:115} INFO - [2024-03-18 20:07:29,178] {dag.py:2379} INFO - Sync 1 DAGs
[2024-03-18 20:07:29,193] {logging_mixin.py:115} INFO - [2024-03-18 20:07:29,193] {dag.py:2927} INFO - Setting next_dagrun for example_complex to None, run_after=None
[2024-03-18 20:07:29,206] {processor.py:161} INFO - Processing /home/sheyla/Documents/Repositórios/apache-airflow-extracao-de-dados/venv/lib/python3.9/site-packages/airflow/example_dags/example_complex.py took 0.057 seconds
[2024-03-18 20:08:04,173] {processor.py:153} INFO - Started process (PID=1997506) to work on /home/sheyla/Documents/Repositórios/apache-airflow-extracao-de-dados/venv/lib/python3.9/site-packages/airflow/example_dags/example_complex.py
[2024-03-18 20:08:04,173] {processor.py:641} INFO - Processing file /home/sheyla/Documents/Repositórios/apache-airflow-extracao-de-dados/venv/lib/python3.9/site-packages/airflow/example_dags/example_complex.py for tasks to queue
[2024-03-18 20:08:04,174] {logging_mixin.py:115} INFO - [2024-03-18 20:08:04,174] {dagbag.py:507} INFO - Filling up the DagBag from /home/sheyla/Documents/Repositórios/apache-airflow-extracao-de-dados/venv/lib/python3.9/site-packages/airflow/example_dags/example_complex.py
[2024-03-18 20:08:04,183] {processor.py:651} INFO - DAG(s) dict_keys(['example_complex']) retrieved from /home/sheyla/Documents/Repositórios/apache-airflow-extracao-de-dados/venv/lib/python3.9/site-packages/airflow/example_dags/example_complex.py
[2024-03-18 20:08:04,195] {logging_mixin.py:115} INFO - [2024-03-18 20:08:04,195] {dag.py:2379} INFO - Sync 1 DAGs
[2024-03-18 20:08:04,205] {logging_mixin.py:115} INFO - [2024-03-18 20:08:04,205] {dag.py:2927} INFO - Setting next_dagrun for example_complex to None, run_after=None
[2024-03-18 20:08:04,217] {processor.py:161} INFO - Processing /home/sheyla/Documents/Repositórios/apache-airflow-extracao-de-dados/venv/lib/python3.9/site-packages/airflow/example_dags/example_complex.py took 0.046 seconds
[2024-03-18 20:08:36,612] {processor.py:153} INFO - Started process (PID=1998182) to work on /home/sheyla/Documents/Repositórios/apache-airflow-extracao-de-dados/venv/lib/python3.9/site-packages/airflow/example_dags/example_complex.py
[2024-03-18 20:08:36,615] {processor.py:641} INFO - Processing file /home/sheyla/Documents/Repositórios/apache-airflow-extracao-de-dados/venv/lib/python3.9/site-packages/airflow/example_dags/example_complex.py for tasks to queue
[2024-03-18 20:08:36,615] {logging_mixin.py:115} INFO - [2024-03-18 20:08:36,615] {dagbag.py:507} INFO - Filling up the DagBag from /home/sheyla/Documents/Repositórios/apache-airflow-extracao-de-dados/venv/lib/python3.9/site-packages/airflow/example_dags/example_complex.py
[2024-03-18 20:08:36,628] {processor.py:651} INFO - DAG(s) dict_keys(['example_complex']) retrieved from /home/sheyla/Documents/Repositórios/apache-airflow-extracao-de-dados/venv/lib/python3.9/site-packages/airflow/example_dags/example_complex.py
[2024-03-18 20:08:36,640] {logging_mixin.py:115} INFO - [2024-03-18 20:08:36,640] {dag.py:2379} INFO - Sync 1 DAGs
[2024-03-18 20:08:36,651] {logging_mixin.py:115} INFO - [2024-03-18 20:08:36,651] {dag.py:2927} INFO - Setting next_dagrun for example_complex to None, run_after=None
[2024-03-18 20:08:36,662] {processor.py:161} INFO - Processing /home/sheyla/Documents/Repositórios/apache-airflow-extracao-de-dados/venv/lib/python3.9/site-packages/airflow/example_dags/example_complex.py took 0.052 seconds
[2024-03-18 20:09:08,626] {processor.py:153} INFO - Started process (PID=1998904) to work on /home/sheyla/Documents/Repositórios/apache-airflow-extracao-de-dados/venv/lib/python3.9/site-packages/airflow/example_dags/example_complex.py
[2024-03-18 20:09:08,632] {processor.py:641} INFO - Processing file /home/sheyla/Documents/Repositórios/apache-airflow-extracao-de-dados/venv/lib/python3.9/site-packages/airflow/example_dags/example_complex.py for tasks to queue
[2024-03-18 20:09:08,632] {logging_mixin.py:115} INFO - [2024-03-18 20:09:08,632] {dagbag.py:507} INFO - Filling up the DagBag from /home/sheyla/Documents/Repositórios/apache-airflow-extracao-de-dados/venv/lib/python3.9/site-packages/airflow/example_dags/example_complex.py
[2024-03-18 20:09:08,644] {processor.py:651} INFO - DAG(s) dict_keys(['example_complex']) retrieved from /home/sheyla/Documents/Repositórios/apache-airflow-extracao-de-dados/venv/lib/python3.9/site-packages/airflow/example_dags/example_complex.py
[2024-03-18 20:09:08,656] {logging_mixin.py:115} INFO - [2024-03-18 20:09:08,656] {dag.py:2379} INFO - Sync 1 DAGs
[2024-03-18 20:09:08,668] {logging_mixin.py:115} INFO - [2024-03-18 20:09:08,668] {dag.py:2927} INFO - Setting next_dagrun for example_complex to None, run_after=None
[2024-03-18 20:09:08,680] {processor.py:161} INFO - Processing /home/sheyla/Documents/Repositórios/apache-airflow-extracao-de-dados/venv/lib/python3.9/site-packages/airflow/example_dags/example_complex.py took 0.057 seconds
