[2024-03-18 19:57:09,486] {processor.py:153} INFO - Started process (PID=1990047) to work on /home/sheyla/Documents/Repositórios/apache-airflow-extracao-de-dados/venv/lib/python3.9/site-packages/airflow/example_dags/example_skip_dag.py
[2024-03-18 19:57:09,486] {processor.py:641} INFO - Processing file /home/sheyla/Documents/Repositórios/apache-airflow-extracao-de-dados/venv/lib/python3.9/site-packages/airflow/example_dags/example_skip_dag.py for tasks to queue
[2024-03-18 19:57:09,487] {logging_mixin.py:115} INFO - [2024-03-18 19:57:09,487] {dagbag.py:507} INFO - Filling up the DagBag from /home/sheyla/Documents/Repositórios/apache-airflow-extracao-de-dados/venv/lib/python3.9/site-packages/airflow/example_dags/example_skip_dag.py
[2024-03-18 19:57:09,491] {processor.py:651} INFO - DAG(s) dict_keys(['example_skip_dag']) retrieved from /home/sheyla/Documents/Repositórios/apache-airflow-extracao-de-dados/venv/lib/python3.9/site-packages/airflow/example_dags/example_skip_dag.py
[2024-03-18 19:57:09,614] {logging_mixin.py:115} INFO - [2024-03-18 19:57:09,614] {manager.py:508} INFO - Created Permission View: can delete on DAG:example_skip_dag
[2024-03-18 19:57:09,666] {logging_mixin.py:115} INFO - [2024-03-18 19:57:09,666] {manager.py:508} INFO - Created Permission View: can edit on DAG:example_skip_dag
[2024-03-18 19:57:09,719] {logging_mixin.py:115} INFO - [2024-03-18 19:57:09,718] {manager.py:508} INFO - Created Permission View: can read on DAG:example_skip_dag
[2024-03-18 19:57:09,719] {logging_mixin.py:115} INFO - [2024-03-18 19:57:09,719] {dag.py:2379} INFO - Sync 1 DAGs
[2024-03-18 19:57:09,737] {logging_mixin.py:115} INFO - [2024-03-18 19:57:09,737] {dag.py:2398} INFO - Creating ORM DAG for example_skip_dag
[2024-03-18 19:57:09,750] {logging_mixin.py:115} INFO - [2024-03-18 19:57:09,750] {dag.py:2927} INFO - Setting next_dagrun for example_skip_dag to 2024-03-17T22:57:09.749877+00:00, run_after=2024-03-18T22:57:09.749877+00:00
[2024-03-18 19:57:09,794] {processor.py:161} INFO - Processing /home/sheyla/Documents/Repositórios/apache-airflow-extracao-de-dados/venv/lib/python3.9/site-packages/airflow/example_dags/example_skip_dag.py took 0.311 seconds
[2024-03-18 19:57:46,614] {processor.py:153} INFO - Started process (PID=1990427) to work on /home/sheyla/Documents/Repositórios/apache-airflow-extracao-de-dados/venv/lib/python3.9/site-packages/airflow/example_dags/example_skip_dag.py
[2024-03-18 19:57:46,619] {processor.py:641} INFO - Processing file /home/sheyla/Documents/Repositórios/apache-airflow-extracao-de-dados/venv/lib/python3.9/site-packages/airflow/example_dags/example_skip_dag.py for tasks to queue
[2024-03-18 19:57:46,620] {logging_mixin.py:115} INFO - [2024-03-18 19:57:46,620] {dagbag.py:507} INFO - Filling up the DagBag from /home/sheyla/Documents/Repositórios/apache-airflow-extracao-de-dados/venv/lib/python3.9/site-packages/airflow/example_dags/example_skip_dag.py
[2024-03-18 19:57:46,628] {processor.py:651} INFO - DAG(s) dict_keys(['example_skip_dag']) retrieved from /home/sheyla/Documents/Repositórios/apache-airflow-extracao-de-dados/venv/lib/python3.9/site-packages/airflow/example_dags/example_skip_dag.py
[2024-03-18 19:57:46,651] {logging_mixin.py:115} INFO - [2024-03-18 19:57:46,651] {dag.py:2379} INFO - Sync 1 DAGs
[2024-03-18 19:57:46,667] {logging_mixin.py:115} INFO - [2024-03-18 19:57:46,667] {dag.py:2927} INFO - Setting next_dagrun for example_skip_dag to 2024-03-17T22:57:46.667654+00:00, run_after=2024-03-18T22:57:46.667654+00:00
[2024-03-18 19:57:46,679] {processor.py:161} INFO - Processing /home/sheyla/Documents/Repositórios/apache-airflow-extracao-de-dados/venv/lib/python3.9/site-packages/airflow/example_dags/example_skip_dag.py took 0.067 seconds
[2024-03-18 19:58:21,043] {processor.py:153} INFO - Started process (PID=1990770) to work on /home/sheyla/Documents/Repositórios/apache-airflow-extracao-de-dados/venv/lib/python3.9/site-packages/airflow/example_dags/example_skip_dag.py
[2024-03-18 19:58:21,048] {processor.py:641} INFO - Processing file /home/sheyla/Documents/Repositórios/apache-airflow-extracao-de-dados/venv/lib/python3.9/site-packages/airflow/example_dags/example_skip_dag.py for tasks to queue
[2024-03-18 19:58:21,049] {logging_mixin.py:115} INFO - [2024-03-18 19:58:21,049] {dagbag.py:507} INFO - Filling up the DagBag from /home/sheyla/Documents/Repositórios/apache-airflow-extracao-de-dados/venv/lib/python3.9/site-packages/airflow/example_dags/example_skip_dag.py
[2024-03-18 19:58:21,052] {processor.py:651} INFO - DAG(s) dict_keys(['example_skip_dag']) retrieved from /home/sheyla/Documents/Repositórios/apache-airflow-extracao-de-dados/venv/lib/python3.9/site-packages/airflow/example_dags/example_skip_dag.py
[2024-03-18 19:58:21,063] {logging_mixin.py:115} INFO - [2024-03-18 19:58:21,063] {dag.py:2379} INFO - Sync 1 DAGs
[2024-03-18 19:58:21,075] {logging_mixin.py:115} INFO - [2024-03-18 19:58:21,075] {dag.py:2927} INFO - Setting next_dagrun for example_skip_dag to 2024-03-17T22:58:21.075272+00:00, run_after=2024-03-18T22:58:21.075272+00:00
[2024-03-18 19:58:21,093] {processor.py:161} INFO - Processing /home/sheyla/Documents/Repositórios/apache-airflow-extracao-de-dados/venv/lib/python3.9/site-packages/airflow/example_dags/example_skip_dag.py took 0.052 seconds
[2024-03-18 19:58:54,757] {processor.py:153} INFO - Started process (PID=1991101) to work on /home/sheyla/Documents/Repositórios/apache-airflow-extracao-de-dados/venv/lib/python3.9/site-packages/airflow/example_dags/example_skip_dag.py
[2024-03-18 19:58:54,762] {processor.py:641} INFO - Processing file /home/sheyla/Documents/Repositórios/apache-airflow-extracao-de-dados/venv/lib/python3.9/site-packages/airflow/example_dags/example_skip_dag.py for tasks to queue
[2024-03-18 19:58:54,763] {logging_mixin.py:115} INFO - [2024-03-18 19:58:54,763] {dagbag.py:507} INFO - Filling up the DagBag from /home/sheyla/Documents/Repositórios/apache-airflow-extracao-de-dados/venv/lib/python3.9/site-packages/airflow/example_dags/example_skip_dag.py
[2024-03-18 19:58:54,768] {processor.py:651} INFO - DAG(s) dict_keys(['example_skip_dag']) retrieved from /home/sheyla/Documents/Repositórios/apache-airflow-extracao-de-dados/venv/lib/python3.9/site-packages/airflow/example_dags/example_skip_dag.py
[2024-03-18 19:58:54,784] {logging_mixin.py:115} INFO - [2024-03-18 19:58:54,784] {dag.py:2379} INFO - Sync 1 DAGs
[2024-03-18 19:58:54,799] {logging_mixin.py:115} INFO - [2024-03-18 19:58:54,799] {dag.py:2927} INFO - Setting next_dagrun for example_skip_dag to 2024-03-17T22:58:54.799169+00:00, run_after=2024-03-18T22:58:54.799169+00:00
[2024-03-18 19:58:54,813] {processor.py:161} INFO - Processing /home/sheyla/Documents/Repositórios/apache-airflow-extracao-de-dados/venv/lib/python3.9/site-packages/airflow/example_dags/example_skip_dag.py took 0.059 seconds
[2024-03-18 19:59:26,540] {processor.py:153} INFO - Started process (PID=1991424) to work on /home/sheyla/Documents/Repositórios/apache-airflow-extracao-de-dados/venv/lib/python3.9/site-packages/airflow/example_dags/example_skip_dag.py
[2024-03-18 19:59:26,543] {processor.py:641} INFO - Processing file /home/sheyla/Documents/Repositórios/apache-airflow-extracao-de-dados/venv/lib/python3.9/site-packages/airflow/example_dags/example_skip_dag.py for tasks to queue
[2024-03-18 19:59:26,544] {logging_mixin.py:115} INFO - [2024-03-18 19:59:26,543] {dagbag.py:507} INFO - Filling up the DagBag from /home/sheyla/Documents/Repositórios/apache-airflow-extracao-de-dados/venv/lib/python3.9/site-packages/airflow/example_dags/example_skip_dag.py
[2024-03-18 19:59:26,549] {processor.py:651} INFO - DAG(s) dict_keys(['example_skip_dag']) retrieved from /home/sheyla/Documents/Repositórios/apache-airflow-extracao-de-dados/venv/lib/python3.9/site-packages/airflow/example_dags/example_skip_dag.py
[2024-03-18 19:59:26,566] {logging_mixin.py:115} INFO - [2024-03-18 19:59:26,566] {dag.py:2379} INFO - Sync 1 DAGs
[2024-03-18 19:59:26,581] {logging_mixin.py:115} INFO - [2024-03-18 19:59:26,581] {dag.py:2927} INFO - Setting next_dagrun for example_skip_dag to 2024-03-17T22:59:26.581675+00:00, run_after=2024-03-18T22:59:26.581675+00:00
[2024-03-18 19:59:26,593] {processor.py:161} INFO - Processing /home/sheyla/Documents/Repositórios/apache-airflow-extracao-de-dados/venv/lib/python3.9/site-packages/airflow/example_dags/example_skip_dag.py took 0.055 seconds
[2024-03-18 20:00:00,872] {processor.py:153} INFO - Started process (PID=1991781) to work on /home/sheyla/Documents/Repositórios/apache-airflow-extracao-de-dados/venv/lib/python3.9/site-packages/airflow/example_dags/example_skip_dag.py
[2024-03-18 20:00:00,873] {processor.py:641} INFO - Processing file /home/sheyla/Documents/Repositórios/apache-airflow-extracao-de-dados/venv/lib/python3.9/site-packages/airflow/example_dags/example_skip_dag.py for tasks to queue
[2024-03-18 20:00:00,873] {logging_mixin.py:115} INFO - [2024-03-18 20:00:00,873] {dagbag.py:507} INFO - Filling up the DagBag from /home/sheyla/Documents/Repositórios/apache-airflow-extracao-de-dados/venv/lib/python3.9/site-packages/airflow/example_dags/example_skip_dag.py
[2024-03-18 20:00:00,877] {processor.py:651} INFO - DAG(s) dict_keys(['example_skip_dag']) retrieved from /home/sheyla/Documents/Repositórios/apache-airflow-extracao-de-dados/venv/lib/python3.9/site-packages/airflow/example_dags/example_skip_dag.py
[2024-03-18 20:00:00,887] {logging_mixin.py:115} INFO - [2024-03-18 20:00:00,887] {dag.py:2379} INFO - Sync 1 DAGs
[2024-03-18 20:00:00,899] {logging_mixin.py:115} INFO - [2024-03-18 20:00:00,899] {dag.py:2927} INFO - Setting next_dagrun for example_skip_dag to 2024-03-17T23:00:00.899384+00:00, run_after=2024-03-18T23:00:00.899384+00:00
[2024-03-18 20:00:00,919] {processor.py:161} INFO - Processing /home/sheyla/Documents/Repositórios/apache-airflow-extracao-de-dados/venv/lib/python3.9/site-packages/airflow/example_dags/example_skip_dag.py took 0.048 seconds
[2024-03-18 20:00:35,202] {processor.py:153} INFO - Started process (PID=1992196) to work on /home/sheyla/Documents/Repositórios/apache-airflow-extracao-de-dados/venv/lib/python3.9/site-packages/airflow/example_dags/example_skip_dag.py
[2024-03-18 20:00:35,208] {processor.py:641} INFO - Processing file /home/sheyla/Documents/Repositórios/apache-airflow-extracao-de-dados/venv/lib/python3.9/site-packages/airflow/example_dags/example_skip_dag.py for tasks to queue
[2024-03-18 20:00:35,210] {logging_mixin.py:115} INFO - [2024-03-18 20:00:35,209] {dagbag.py:507} INFO - Filling up the DagBag from /home/sheyla/Documents/Repositórios/apache-airflow-extracao-de-dados/venv/lib/python3.9/site-packages/airflow/example_dags/example_skip_dag.py
[2024-03-18 20:00:35,221] {processor.py:651} INFO - DAG(s) dict_keys(['example_skip_dag']) retrieved from /home/sheyla/Documents/Repositórios/apache-airflow-extracao-de-dados/venv/lib/python3.9/site-packages/airflow/example_dags/example_skip_dag.py
[2024-03-18 20:00:35,245] {logging_mixin.py:115} INFO - [2024-03-18 20:00:35,245] {dag.py:2379} INFO - Sync 1 DAGs
[2024-03-18 20:00:35,260] {logging_mixin.py:115} INFO - [2024-03-18 20:00:35,260] {dag.py:2927} INFO - Setting next_dagrun for example_skip_dag to 2024-03-17T23:00:35.259956+00:00, run_after=2024-03-18T23:00:35.259956+00:00
[2024-03-18 20:00:35,273] {processor.py:161} INFO - Processing /home/sheyla/Documents/Repositórios/apache-airflow-extracao-de-dados/venv/lib/python3.9/site-packages/airflow/example_dags/example_skip_dag.py took 0.077 seconds
[2024-03-18 20:01:07,705] {processor.py:153} INFO - Started process (PID=1992526) to work on /home/sheyla/Documents/Repositórios/apache-airflow-extracao-de-dados/venv/lib/python3.9/site-packages/airflow/example_dags/example_skip_dag.py
[2024-03-18 20:01:07,711] {processor.py:641} INFO - Processing file /home/sheyla/Documents/Repositórios/apache-airflow-extracao-de-dados/venv/lib/python3.9/site-packages/airflow/example_dags/example_skip_dag.py for tasks to queue
[2024-03-18 20:01:07,712] {logging_mixin.py:115} INFO - [2024-03-18 20:01:07,711] {dagbag.py:507} INFO - Filling up the DagBag from /home/sheyla/Documents/Repositórios/apache-airflow-extracao-de-dados/venv/lib/python3.9/site-packages/airflow/example_dags/example_skip_dag.py
[2024-03-18 20:01:07,717] {processor.py:651} INFO - DAG(s) dict_keys(['example_skip_dag']) retrieved from /home/sheyla/Documents/Repositórios/apache-airflow-extracao-de-dados/venv/lib/python3.9/site-packages/airflow/example_dags/example_skip_dag.py
[2024-03-18 20:01:07,736] {logging_mixin.py:115} INFO - [2024-03-18 20:01:07,736] {dag.py:2379} INFO - Sync 1 DAGs
[2024-03-18 20:01:07,753] {logging_mixin.py:115} INFO - [2024-03-18 20:01:07,753] {dag.py:2927} INFO - Setting next_dagrun for example_skip_dag to 2024-03-17T23:01:07.753095+00:00, run_after=2024-03-18T23:01:07.753095+00:00
[2024-03-18 20:01:07,766] {processor.py:161} INFO - Processing /home/sheyla/Documents/Repositórios/apache-airflow-extracao-de-dados/venv/lib/python3.9/site-packages/airflow/example_dags/example_skip_dag.py took 0.063 seconds
[2024-03-18 20:01:39,463] {processor.py:153} INFO - Started process (PID=1992837) to work on /home/sheyla/Documents/Repositórios/apache-airflow-extracao-de-dados/venv/lib/python3.9/site-packages/airflow/example_dags/example_skip_dag.py
[2024-03-18 20:01:39,466] {processor.py:641} INFO - Processing file /home/sheyla/Documents/Repositórios/apache-airflow-extracao-de-dados/venv/lib/python3.9/site-packages/airflow/example_dags/example_skip_dag.py for tasks to queue
[2024-03-18 20:01:39,467] {logging_mixin.py:115} INFO - [2024-03-18 20:01:39,466] {dagbag.py:507} INFO - Filling up the DagBag from /home/sheyla/Documents/Repositórios/apache-airflow-extracao-de-dados/venv/lib/python3.9/site-packages/airflow/example_dags/example_skip_dag.py
[2024-03-18 20:01:39,472] {processor.py:651} INFO - DAG(s) dict_keys(['example_skip_dag']) retrieved from /home/sheyla/Documents/Repositórios/apache-airflow-extracao-de-dados/venv/lib/python3.9/site-packages/airflow/example_dags/example_skip_dag.py
[2024-03-18 20:01:39,491] {logging_mixin.py:115} INFO - [2024-03-18 20:01:39,490] {dag.py:2379} INFO - Sync 1 DAGs
[2024-03-18 20:01:39,508] {logging_mixin.py:115} INFO - [2024-03-18 20:01:39,508] {dag.py:2927} INFO - Setting next_dagrun for example_skip_dag to 2024-03-17T23:01:39.507865+00:00, run_after=2024-03-18T23:01:39.507865+00:00
[2024-03-18 20:01:39,525] {processor.py:161} INFO - Processing /home/sheyla/Documents/Repositórios/apache-airflow-extracao-de-dados/venv/lib/python3.9/site-packages/airflow/example_dags/example_skip_dag.py took 0.064 seconds
[2024-03-18 20:02:14,538] {processor.py:153} INFO - Started process (PID=1993211) to work on /home/sheyla/Documents/Repositórios/apache-airflow-extracao-de-dados/venv/lib/python3.9/site-packages/airflow/example_dags/example_skip_dag.py
[2024-03-18 20:02:14,544] {processor.py:641} INFO - Processing file /home/sheyla/Documents/Repositórios/apache-airflow-extracao-de-dados/venv/lib/python3.9/site-packages/airflow/example_dags/example_skip_dag.py for tasks to queue
[2024-03-18 20:02:14,544] {logging_mixin.py:115} INFO - [2024-03-18 20:02:14,544] {dagbag.py:507} INFO - Filling up the DagBag from /home/sheyla/Documents/Repositórios/apache-airflow-extracao-de-dados/venv/lib/python3.9/site-packages/airflow/example_dags/example_skip_dag.py
[2024-03-18 20:02:14,552] {processor.py:651} INFO - DAG(s) dict_keys(['example_skip_dag']) retrieved from /home/sheyla/Documents/Repositórios/apache-airflow-extracao-de-dados/venv/lib/python3.9/site-packages/airflow/example_dags/example_skip_dag.py
[2024-03-18 20:02:14,568] {logging_mixin.py:115} INFO - [2024-03-18 20:02:14,568] {dag.py:2379} INFO - Sync 1 DAGs
[2024-03-18 20:02:14,580] {logging_mixin.py:115} INFO - [2024-03-18 20:02:14,580] {dag.py:2927} INFO - Setting next_dagrun for example_skip_dag to 2024-03-17T23:02:14.580013+00:00, run_after=2024-03-18T23:02:14.580013+00:00
[2024-03-18 20:02:14,592] {processor.py:161} INFO - Processing /home/sheyla/Documents/Repositórios/apache-airflow-extracao-de-dados/venv/lib/python3.9/site-packages/airflow/example_dags/example_skip_dag.py took 0.061 seconds
[2024-03-18 20:02:46,262] {processor.py:153} INFO - Started process (PID=1993540) to work on /home/sheyla/Documents/Repositórios/apache-airflow-extracao-de-dados/venv/lib/python3.9/site-packages/airflow/example_dags/example_skip_dag.py
[2024-03-18 20:02:46,268] {processor.py:641} INFO - Processing file /home/sheyla/Documents/Repositórios/apache-airflow-extracao-de-dados/venv/lib/python3.9/site-packages/airflow/example_dags/example_skip_dag.py for tasks to queue
[2024-03-18 20:02:46,270] {logging_mixin.py:115} INFO - [2024-03-18 20:02:46,269] {dagbag.py:507} INFO - Filling up the DagBag from /home/sheyla/Documents/Repositórios/apache-airflow-extracao-de-dados/venv/lib/python3.9/site-packages/airflow/example_dags/example_skip_dag.py
[2024-03-18 20:02:46,282] {processor.py:651} INFO - DAG(s) dict_keys(['example_skip_dag']) retrieved from /home/sheyla/Documents/Repositórios/apache-airflow-extracao-de-dados/venv/lib/python3.9/site-packages/airflow/example_dags/example_skip_dag.py
[2024-03-18 20:02:46,307] {logging_mixin.py:115} INFO - [2024-03-18 20:02:46,307] {dag.py:2379} INFO - Sync 1 DAGs
[2024-03-18 20:02:46,319] {logging_mixin.py:115} INFO - [2024-03-18 20:02:46,319] {dag.py:2927} INFO - Setting next_dagrun for example_skip_dag to 2024-03-17T23:02:46.319657+00:00, run_after=2024-03-18T23:02:46.319657+00:00
[2024-03-18 20:02:46,332] {processor.py:161} INFO - Processing /home/sheyla/Documents/Repositórios/apache-airflow-extracao-de-dados/venv/lib/python3.9/site-packages/airflow/example_dags/example_skip_dag.py took 0.077 seconds
[2024-03-18 20:03:19,456] {processor.py:153} INFO - Started process (PID=1993866) to work on /home/sheyla/Documents/Repositórios/apache-airflow-extracao-de-dados/venv/lib/python3.9/site-packages/airflow/example_dags/example_skip_dag.py
[2024-03-18 20:03:19,463] {processor.py:641} INFO - Processing file /home/sheyla/Documents/Repositórios/apache-airflow-extracao-de-dados/venv/lib/python3.9/site-packages/airflow/example_dags/example_skip_dag.py for tasks to queue
[2024-03-18 20:03:19,464] {logging_mixin.py:115} INFO - [2024-03-18 20:03:19,464] {dagbag.py:507} INFO - Filling up the DagBag from /home/sheyla/Documents/Repositórios/apache-airflow-extracao-de-dados/venv/lib/python3.9/site-packages/airflow/example_dags/example_skip_dag.py
[2024-03-18 20:03:19,478] {processor.py:651} INFO - DAG(s) dict_keys(['example_skip_dag']) retrieved from /home/sheyla/Documents/Repositórios/apache-airflow-extracao-de-dados/venv/lib/python3.9/site-packages/airflow/example_dags/example_skip_dag.py
[2024-03-18 20:03:19,499] {logging_mixin.py:115} INFO - [2024-03-18 20:03:19,499] {dag.py:2379} INFO - Sync 1 DAGs
[2024-03-18 20:03:19,511] {logging_mixin.py:115} INFO - [2024-03-18 20:03:19,511] {dag.py:2927} INFO - Setting next_dagrun for example_skip_dag to 2024-03-17T23:03:19.511688+00:00, run_after=2024-03-18T23:03:19.511688+00:00
[2024-03-18 20:03:19,529] {processor.py:161} INFO - Processing /home/sheyla/Documents/Repositórios/apache-airflow-extracao-de-dados/venv/lib/python3.9/site-packages/airflow/example_dags/example_skip_dag.py took 0.080 seconds
[2024-03-18 20:03:52,479] {processor.py:153} INFO - Started process (PID=1994196) to work on /home/sheyla/Documents/Repositórios/apache-airflow-extracao-de-dados/venv/lib/python3.9/site-packages/airflow/example_dags/example_skip_dag.py
[2024-03-18 20:03:52,484] {processor.py:641} INFO - Processing file /home/sheyla/Documents/Repositórios/apache-airflow-extracao-de-dados/venv/lib/python3.9/site-packages/airflow/example_dags/example_skip_dag.py for tasks to queue
[2024-03-18 20:03:52,485] {logging_mixin.py:115} INFO - [2024-03-18 20:03:52,485] {dagbag.py:507} INFO - Filling up the DagBag from /home/sheyla/Documents/Repositórios/apache-airflow-extracao-de-dados/venv/lib/python3.9/site-packages/airflow/example_dags/example_skip_dag.py
[2024-03-18 20:03:52,489] {processor.py:651} INFO - DAG(s) dict_keys(['example_skip_dag']) retrieved from /home/sheyla/Documents/Repositórios/apache-airflow-extracao-de-dados/venv/lib/python3.9/site-packages/airflow/example_dags/example_skip_dag.py
[2024-03-18 20:03:52,505] {logging_mixin.py:115} INFO - [2024-03-18 20:03:52,505] {dag.py:2379} INFO - Sync 1 DAGs
[2024-03-18 20:03:52,517] {logging_mixin.py:115} INFO - [2024-03-18 20:03:52,517] {dag.py:2927} INFO - Setting next_dagrun for example_skip_dag to 2024-03-17T23:03:52.517516+00:00, run_after=2024-03-18T23:03:52.517516+00:00
[2024-03-18 20:03:52,529] {processor.py:161} INFO - Processing /home/sheyla/Documents/Repositórios/apache-airflow-extracao-de-dados/venv/lib/python3.9/site-packages/airflow/example_dags/example_skip_dag.py took 0.052 seconds
[2024-03-18 20:04:26,738] {processor.py:153} INFO - Started process (PID=1994537) to work on /home/sheyla/Documents/Repositórios/apache-airflow-extracao-de-dados/venv/lib/python3.9/site-packages/airflow/example_dags/example_skip_dag.py
[2024-03-18 20:04:26,743] {processor.py:641} INFO - Processing file /home/sheyla/Documents/Repositórios/apache-airflow-extracao-de-dados/venv/lib/python3.9/site-packages/airflow/example_dags/example_skip_dag.py for tasks to queue
[2024-03-18 20:04:26,745] {logging_mixin.py:115} INFO - [2024-03-18 20:04:26,744] {dagbag.py:507} INFO - Filling up the DagBag from /home/sheyla/Documents/Repositórios/apache-airflow-extracao-de-dados/venv/lib/python3.9/site-packages/airflow/example_dags/example_skip_dag.py
[2024-03-18 20:04:26,757] {processor.py:651} INFO - DAG(s) dict_keys(['example_skip_dag']) retrieved from /home/sheyla/Documents/Repositórios/apache-airflow-extracao-de-dados/venv/lib/python3.9/site-packages/airflow/example_dags/example_skip_dag.py
[2024-03-18 20:04:26,786] {logging_mixin.py:115} INFO - [2024-03-18 20:04:26,786] {dag.py:2379} INFO - Sync 1 DAGs
[2024-03-18 20:04:26,799] {logging_mixin.py:115} INFO - [2024-03-18 20:04:26,799] {dag.py:2927} INFO - Setting next_dagrun for example_skip_dag to 2024-03-17T23:04:26.799025+00:00, run_after=2024-03-18T23:04:26.799025+00:00
[2024-03-18 20:04:26,855] {processor.py:161} INFO - Processing /home/sheyla/Documents/Repositórios/apache-airflow-extracao-de-dados/venv/lib/python3.9/site-packages/airflow/example_dags/example_skip_dag.py took 0.119 seconds
[2024-03-18 20:04:59,591] {processor.py:153} INFO - Started process (PID=1994864) to work on /home/sheyla/Documents/Repositórios/apache-airflow-extracao-de-dados/venv/lib/python3.9/site-packages/airflow/example_dags/example_skip_dag.py
[2024-03-18 20:04:59,592] {processor.py:641} INFO - Processing file /home/sheyla/Documents/Repositórios/apache-airflow-extracao-de-dados/venv/lib/python3.9/site-packages/airflow/example_dags/example_skip_dag.py for tasks to queue
[2024-03-18 20:04:59,594] {logging_mixin.py:115} INFO - [2024-03-18 20:04:59,593] {dagbag.py:507} INFO - Filling up the DagBag from /home/sheyla/Documents/Repositórios/apache-airflow-extracao-de-dados/venv/lib/python3.9/site-packages/airflow/example_dags/example_skip_dag.py
[2024-03-18 20:04:59,606] {processor.py:651} INFO - DAG(s) dict_keys(['example_skip_dag']) retrieved from /home/sheyla/Documents/Repositórios/apache-airflow-extracao-de-dados/venv/lib/python3.9/site-packages/airflow/example_dags/example_skip_dag.py
[2024-03-18 20:04:59,628] {logging_mixin.py:115} INFO - [2024-03-18 20:04:59,628] {dag.py:2379} INFO - Sync 1 DAGs
[2024-03-18 20:04:59,640] {logging_mixin.py:115} INFO - [2024-03-18 20:04:59,640] {dag.py:2927} INFO - Setting next_dagrun for example_skip_dag to 2024-03-17T23:04:59.640737+00:00, run_after=2024-03-18T23:04:59.640737+00:00
[2024-03-18 20:04:59,651] {processor.py:161} INFO - Processing /home/sheyla/Documents/Repositórios/apache-airflow-extracao-de-dados/venv/lib/python3.9/site-packages/airflow/example_dags/example_skip_dag.py took 0.066 seconds
[2024-03-18 20:05:32,387] {processor.py:153} INFO - Started process (PID=1995213) to work on /home/sheyla/Documents/Repositórios/apache-airflow-extracao-de-dados/venv/lib/python3.9/site-packages/airflow/example_dags/example_skip_dag.py
[2024-03-18 20:05:32,393] {processor.py:641} INFO - Processing file /home/sheyla/Documents/Repositórios/apache-airflow-extracao-de-dados/venv/lib/python3.9/site-packages/airflow/example_dags/example_skip_dag.py for tasks to queue
[2024-03-18 20:05:32,393] {logging_mixin.py:115} INFO - [2024-03-18 20:05:32,393] {dagbag.py:507} INFO - Filling up the DagBag from /home/sheyla/Documents/Repositórios/apache-airflow-extracao-de-dados/venv/lib/python3.9/site-packages/airflow/example_dags/example_skip_dag.py
[2024-03-18 20:05:32,398] {processor.py:651} INFO - DAG(s) dict_keys(['example_skip_dag']) retrieved from /home/sheyla/Documents/Repositórios/apache-airflow-extracao-de-dados/venv/lib/python3.9/site-packages/airflow/example_dags/example_skip_dag.py
[2024-03-18 20:05:32,414] {logging_mixin.py:115} INFO - [2024-03-18 20:05:32,414] {dag.py:2379} INFO - Sync 1 DAGs
[2024-03-18 20:05:32,428] {logging_mixin.py:115} INFO - [2024-03-18 20:05:32,428] {dag.py:2927} INFO - Setting next_dagrun for example_skip_dag to 2024-03-17T23:05:32.427797+00:00, run_after=2024-03-18T23:05:32.427797+00:00
[2024-03-18 20:05:32,469] {processor.py:161} INFO - Processing /home/sheyla/Documents/Repositórios/apache-airflow-extracao-de-dados/venv/lib/python3.9/site-packages/airflow/example_dags/example_skip_dag.py took 0.084 seconds
[2024-03-18 20:06:06,738] {processor.py:153} INFO - Started process (PID=1995647) to work on /home/sheyla/Documents/Repositórios/apache-airflow-extracao-de-dados/venv/lib/python3.9/site-packages/airflow/example_dags/example_skip_dag.py
[2024-03-18 20:06:06,745] {processor.py:641} INFO - Processing file /home/sheyla/Documents/Repositórios/apache-airflow-extracao-de-dados/venv/lib/python3.9/site-packages/airflow/example_dags/example_skip_dag.py for tasks to queue
[2024-03-18 20:06:06,746] {logging_mixin.py:115} INFO - [2024-03-18 20:06:06,746] {dagbag.py:507} INFO - Filling up the DagBag from /home/sheyla/Documents/Repositórios/apache-airflow-extracao-de-dados/venv/lib/python3.9/site-packages/airflow/example_dags/example_skip_dag.py
[2024-03-18 20:06:06,759] {processor.py:651} INFO - DAG(s) dict_keys(['example_skip_dag']) retrieved from /home/sheyla/Documents/Repositórios/apache-airflow-extracao-de-dados/venv/lib/python3.9/site-packages/airflow/example_dags/example_skip_dag.py
[2024-03-18 20:06:06,784] {logging_mixin.py:115} INFO - [2024-03-18 20:06:06,784] {dag.py:2379} INFO - Sync 1 DAGs
[2024-03-18 20:06:06,796] {logging_mixin.py:115} INFO - [2024-03-18 20:06:06,796] {dag.py:2927} INFO - Setting next_dagrun for example_skip_dag to 2024-03-17T23:06:06.796235+00:00, run_after=2024-03-18T23:06:06.796235+00:00
[2024-03-18 20:06:06,816] {processor.py:161} INFO - Processing /home/sheyla/Documents/Repositórios/apache-airflow-extracao-de-dados/venv/lib/python3.9/site-packages/airflow/example_dags/example_skip_dag.py took 0.084 seconds
[2024-03-18 20:06:40,055] {processor.py:153} INFO - Started process (PID=1995973) to work on /home/sheyla/Documents/Repositórios/apache-airflow-extracao-de-dados/venv/lib/python3.9/site-packages/airflow/example_dags/example_skip_dag.py
[2024-03-18 20:06:40,061] {processor.py:641} INFO - Processing file /home/sheyla/Documents/Repositórios/apache-airflow-extracao-de-dados/venv/lib/python3.9/site-packages/airflow/example_dags/example_skip_dag.py for tasks to queue
[2024-03-18 20:06:40,063] {logging_mixin.py:115} INFO - [2024-03-18 20:06:40,063] {dagbag.py:507} INFO - Filling up the DagBag from /home/sheyla/Documents/Repositórios/apache-airflow-extracao-de-dados/venv/lib/python3.9/site-packages/airflow/example_dags/example_skip_dag.py
[2024-03-18 20:06:40,075] {processor.py:651} INFO - DAG(s) dict_keys(['example_skip_dag']) retrieved from /home/sheyla/Documents/Repositórios/apache-airflow-extracao-de-dados/venv/lib/python3.9/site-packages/airflow/example_dags/example_skip_dag.py
[2024-03-18 20:06:40,098] {logging_mixin.py:115} INFO - [2024-03-18 20:06:40,098] {dag.py:2379} INFO - Sync 1 DAGs
[2024-03-18 20:06:40,110] {logging_mixin.py:115} INFO - [2024-03-18 20:06:40,110] {dag.py:2927} INFO - Setting next_dagrun for example_skip_dag to 2024-03-17T23:06:40.110037+00:00, run_after=2024-03-18T23:06:40.110037+00:00
[2024-03-18 20:06:40,122] {processor.py:161} INFO - Processing /home/sheyla/Documents/Repositórios/apache-airflow-extracao-de-dados/venv/lib/python3.9/site-packages/airflow/example_dags/example_skip_dag.py took 0.074 seconds
[2024-03-18 20:07:13,730] {processor.py:153} INFO - Started process (PID=1996335) to work on /home/sheyla/Documents/Repositórios/apache-airflow-extracao-de-dados/venv/lib/python3.9/site-packages/airflow/example_dags/example_skip_dag.py
[2024-03-18 20:07:13,736] {processor.py:641} INFO - Processing file /home/sheyla/Documents/Repositórios/apache-airflow-extracao-de-dados/venv/lib/python3.9/site-packages/airflow/example_dags/example_skip_dag.py for tasks to queue
[2024-03-18 20:07:13,738] {logging_mixin.py:115} INFO - [2024-03-18 20:07:13,738] {dagbag.py:507} INFO - Filling up the DagBag from /home/sheyla/Documents/Repositórios/apache-airflow-extracao-de-dados/venv/lib/python3.9/site-packages/airflow/example_dags/example_skip_dag.py
[2024-03-18 20:07:13,751] {processor.py:651} INFO - DAG(s) dict_keys(['example_skip_dag']) retrieved from /home/sheyla/Documents/Repositórios/apache-airflow-extracao-de-dados/venv/lib/python3.9/site-packages/airflow/example_dags/example_skip_dag.py
[2024-03-18 20:07:13,774] {logging_mixin.py:115} INFO - [2024-03-18 20:07:13,774] {dag.py:2379} INFO - Sync 1 DAGs
[2024-03-18 20:07:13,787] {logging_mixin.py:115} INFO - [2024-03-18 20:07:13,787] {dag.py:2927} INFO - Setting next_dagrun for example_skip_dag to 2024-03-17T23:07:13.786973+00:00, run_after=2024-03-18T23:07:13.786973+00:00
[2024-03-18 20:07:13,801] {processor.py:161} INFO - Processing /home/sheyla/Documents/Repositórios/apache-airflow-extracao-de-dados/venv/lib/python3.9/site-packages/airflow/example_dags/example_skip_dag.py took 0.078 seconds
[2024-03-18 20:07:48,425] {processor.py:153} INFO - Started process (PID=1997096) to work on /home/sheyla/Documents/Repositórios/apache-airflow-extracao-de-dados/venv/lib/python3.9/site-packages/airflow/example_dags/example_skip_dag.py
[2024-03-18 20:07:48,430] {processor.py:641} INFO - Processing file /home/sheyla/Documents/Repositórios/apache-airflow-extracao-de-dados/venv/lib/python3.9/site-packages/airflow/example_dags/example_skip_dag.py for tasks to queue
[2024-03-18 20:07:48,430] {logging_mixin.py:115} INFO - [2024-03-18 20:07:48,430] {dagbag.py:507} INFO - Filling up the DagBag from /home/sheyla/Documents/Repositórios/apache-airflow-extracao-de-dados/venv/lib/python3.9/site-packages/airflow/example_dags/example_skip_dag.py
[2024-03-18 20:07:48,434] {processor.py:651} INFO - DAG(s) dict_keys(['example_skip_dag']) retrieved from /home/sheyla/Documents/Repositórios/apache-airflow-extracao-de-dados/venv/lib/python3.9/site-packages/airflow/example_dags/example_skip_dag.py
[2024-03-18 20:07:48,445] {logging_mixin.py:115} INFO - [2024-03-18 20:07:48,445] {dag.py:2379} INFO - Sync 1 DAGs
[2024-03-18 20:07:48,457] {logging_mixin.py:115} INFO - [2024-03-18 20:07:48,457] {dag.py:2927} INFO - Setting next_dagrun for example_skip_dag to 2024-03-17T23:07:48.457360+00:00, run_after=2024-03-18T23:07:48.457360+00:00
[2024-03-18 20:07:48,477] {processor.py:161} INFO - Processing /home/sheyla/Documents/Repositórios/apache-airflow-extracao-de-dados/venv/lib/python3.9/site-packages/airflow/example_dags/example_skip_dag.py took 0.054 seconds
[2024-03-18 20:08:23,202] {processor.py:153} INFO - Started process (PID=1997910) to work on /home/sheyla/Documents/Repositórios/apache-airflow-extracao-de-dados/venv/lib/python3.9/site-packages/airflow/example_dags/example_skip_dag.py
[2024-03-18 20:08:23,203] {processor.py:641} INFO - Processing file /home/sheyla/Documents/Repositórios/apache-airflow-extracao-de-dados/venv/lib/python3.9/site-packages/airflow/example_dags/example_skip_dag.py for tasks to queue
[2024-03-18 20:08:23,203] {logging_mixin.py:115} INFO - [2024-03-18 20:08:23,203] {dagbag.py:507} INFO - Filling up the DagBag from /home/sheyla/Documents/Repositórios/apache-airflow-extracao-de-dados/venv/lib/python3.9/site-packages/airflow/example_dags/example_skip_dag.py
[2024-03-18 20:08:23,206] {processor.py:651} INFO - DAG(s) dict_keys(['example_skip_dag']) retrieved from /home/sheyla/Documents/Repositórios/apache-airflow-extracao-de-dados/venv/lib/python3.9/site-packages/airflow/example_dags/example_skip_dag.py
[2024-03-18 20:08:23,218] {logging_mixin.py:115} INFO - [2024-03-18 20:08:23,218] {dag.py:2379} INFO - Sync 1 DAGs
[2024-03-18 20:08:23,232] {logging_mixin.py:115} INFO - [2024-03-18 20:08:23,232] {dag.py:2927} INFO - Setting next_dagrun for example_skip_dag to 2024-03-17T23:08:23.232365+00:00, run_after=2024-03-18T23:08:23.232365+00:00
[2024-03-18 20:08:23,243] {processor.py:161} INFO - Processing /home/sheyla/Documents/Repositórios/apache-airflow-extracao-de-dados/venv/lib/python3.9/site-packages/airflow/example_dags/example_skip_dag.py took 0.042 seconds
[2024-03-18 20:08:57,205] {processor.py:153} INFO - Started process (PID=1998622) to work on /home/sheyla/Documents/Repositórios/apache-airflow-extracao-de-dados/venv/lib/python3.9/site-packages/airflow/example_dags/example_skip_dag.py
[2024-03-18 20:08:57,210] {processor.py:641} INFO - Processing file /home/sheyla/Documents/Repositórios/apache-airflow-extracao-de-dados/venv/lib/python3.9/site-packages/airflow/example_dags/example_skip_dag.py for tasks to queue
[2024-03-18 20:08:57,211] {logging_mixin.py:115} INFO - [2024-03-18 20:08:57,211] {dagbag.py:507} INFO - Filling up the DagBag from /home/sheyla/Documents/Repositórios/apache-airflow-extracao-de-dados/venv/lib/python3.9/site-packages/airflow/example_dags/example_skip_dag.py
[2024-03-18 20:08:57,214] {processor.py:651} INFO - DAG(s) dict_keys(['example_skip_dag']) retrieved from /home/sheyla/Documents/Repositórios/apache-airflow-extracao-de-dados/venv/lib/python3.9/site-packages/airflow/example_dags/example_skip_dag.py
[2024-03-18 20:08:57,226] {logging_mixin.py:115} INFO - [2024-03-18 20:08:57,226] {dag.py:2379} INFO - Sync 1 DAGs
[2024-03-18 20:08:57,238] {logging_mixin.py:115} INFO - [2024-03-18 20:08:57,238] {dag.py:2927} INFO - Setting next_dagrun for example_skip_dag to 2024-03-17T23:08:57.237924+00:00, run_after=2024-03-18T23:08:57.237924+00:00
[2024-03-18 20:08:57,250] {processor.py:161} INFO - Processing /home/sheyla/Documents/Repositórios/apache-airflow-extracao-de-dados/venv/lib/python3.9/site-packages/airflow/example_dags/example_skip_dag.py took 0.047 seconds
