[2024-03-18 19:57:13,489] {processor.py:153} INFO - Started process (PID=1990088) to work on /home/sheyla/Documents/Repositórios/apache-airflow-extracao-de-dados/venv/lib/python3.9/site-packages/airflow/example_dags/example_task_group_decorator.py
[2024-03-18 19:57:13,491] {processor.py:641} INFO - Processing file /home/sheyla/Documents/Repositórios/apache-airflow-extracao-de-dados/venv/lib/python3.9/site-packages/airflow/example_dags/example_task_group_decorator.py for tasks to queue
[2024-03-18 19:57:13,492] {logging_mixin.py:115} INFO - [2024-03-18 19:57:13,492] {dagbag.py:507} INFO - Filling up the DagBag from /home/sheyla/Documents/Repositórios/apache-airflow-extracao-de-dados/venv/lib/python3.9/site-packages/airflow/example_dags/example_task_group_decorator.py
[2024-03-18 19:57:13,534] {processor.py:651} INFO - DAG(s) dict_keys(['example_task_group_decorator']) retrieved from /home/sheyla/Documents/Repositórios/apache-airflow-extracao-de-dados/venv/lib/python3.9/site-packages/airflow/example_dags/example_task_group_decorator.py
[2024-03-18 19:57:13,640] {logging_mixin.py:115} INFO - [2024-03-18 19:57:13,639] {manager.py:508} INFO - Created Permission View: can delete on DAG:example_task_group_decorator
[2024-03-18 19:57:13,677] {logging_mixin.py:115} INFO - [2024-03-18 19:57:13,677] {manager.py:508} INFO - Created Permission View: can edit on DAG:example_task_group_decorator
[2024-03-18 19:57:13,719] {logging_mixin.py:115} INFO - [2024-03-18 19:57:13,718] {manager.py:508} INFO - Created Permission View: can read on DAG:example_task_group_decorator
[2024-03-18 19:57:13,719] {logging_mixin.py:115} INFO - [2024-03-18 19:57:13,719] {dag.py:2379} INFO - Sync 1 DAGs
[2024-03-18 19:57:13,741] {logging_mixin.py:115} INFO - [2024-03-18 19:57:13,740] {dag.py:2398} INFO - Creating ORM DAG for example_task_group_decorator
[2024-03-18 19:57:13,758] {logging_mixin.py:115} INFO - [2024-03-18 19:57:13,758] {dag.py:2927} INFO - Setting next_dagrun for example_task_group_decorator to 2024-03-17T22:57:13.757927+00:00, run_after=2024-03-18T22:57:13.757927+00:00
[2024-03-18 19:57:13,807] {processor.py:161} INFO - Processing /home/sheyla/Documents/Repositórios/apache-airflow-extracao-de-dados/venv/lib/python3.9/site-packages/airflow/example_dags/example_task_group_decorator.py took 0.325 seconds
[2024-03-18 19:57:50,608] {processor.py:153} INFO - Started process (PID=1990463) to work on /home/sheyla/Documents/Repositórios/apache-airflow-extracao-de-dados/venv/lib/python3.9/site-packages/airflow/example_dags/example_task_group_decorator.py
[2024-03-18 19:57:50,616] {processor.py:641} INFO - Processing file /home/sheyla/Documents/Repositórios/apache-airflow-extracao-de-dados/venv/lib/python3.9/site-packages/airflow/example_dags/example_task_group_decorator.py for tasks to queue
[2024-03-18 19:57:50,616] {logging_mixin.py:115} INFO - [2024-03-18 19:57:50,616] {dagbag.py:507} INFO - Filling up the DagBag from /home/sheyla/Documents/Repositórios/apache-airflow-extracao-de-dados/venv/lib/python3.9/site-packages/airflow/example_dags/example_task_group_decorator.py
[2024-03-18 19:57:50,634] {processor.py:651} INFO - DAG(s) dict_keys(['example_task_group_decorator']) retrieved from /home/sheyla/Documents/Repositórios/apache-airflow-extracao-de-dados/venv/lib/python3.9/site-packages/airflow/example_dags/example_task_group_decorator.py
[2024-03-18 19:57:50,660] {logging_mixin.py:115} INFO - [2024-03-18 19:57:50,660] {dag.py:2379} INFO - Sync 1 DAGs
[2024-03-18 19:57:50,668] {logging_mixin.py:115} INFO - [2024-03-18 19:57:50,668] {dag.py:2927} INFO - Setting next_dagrun for example_task_group_decorator to 2024-03-17T22:57:50.668420+00:00, run_after=2024-03-18T22:57:50.668420+00:00
[2024-03-18 19:57:50,686] {processor.py:161} INFO - Processing /home/sheyla/Documents/Repositórios/apache-airflow-extracao-de-dados/venv/lib/python3.9/site-packages/airflow/example_dags/example_task_group_decorator.py took 0.080 seconds
[2024-03-18 19:58:24,449] {processor.py:153} INFO - Started process (PID=1990798) to work on /home/sheyla/Documents/Repositórios/apache-airflow-extracao-de-dados/venv/lib/python3.9/site-packages/airflow/example_dags/example_task_group_decorator.py
[2024-03-18 19:58:24,450] {processor.py:641} INFO - Processing file /home/sheyla/Documents/Repositórios/apache-airflow-extracao-de-dados/venv/lib/python3.9/site-packages/airflow/example_dags/example_task_group_decorator.py for tasks to queue
[2024-03-18 19:58:24,450] {logging_mixin.py:115} INFO - [2024-03-18 19:58:24,450] {dagbag.py:507} INFO - Filling up the DagBag from /home/sheyla/Documents/Repositórios/apache-airflow-extracao-de-dados/venv/lib/python3.9/site-packages/airflow/example_dags/example_task_group_decorator.py
[2024-03-18 19:58:24,471] {processor.py:651} INFO - DAG(s) dict_keys(['example_task_group_decorator']) retrieved from /home/sheyla/Documents/Repositórios/apache-airflow-extracao-de-dados/venv/lib/python3.9/site-packages/airflow/example_dags/example_task_group_decorator.py
[2024-03-18 19:58:24,480] {logging_mixin.py:115} INFO - [2024-03-18 19:58:24,480] {dag.py:2379} INFO - Sync 1 DAGs
[2024-03-18 19:58:24,490] {logging_mixin.py:115} INFO - [2024-03-18 19:58:24,490] {dag.py:2927} INFO - Setting next_dagrun for example_task_group_decorator to 2024-03-17T22:58:24.490283+00:00, run_after=2024-03-18T22:58:24.490283+00:00
[2024-03-18 19:58:24,507] {processor.py:161} INFO - Processing /home/sheyla/Documents/Repositórios/apache-airflow-extracao-de-dados/venv/lib/python3.9/site-packages/airflow/example_dags/example_task_group_decorator.py took 0.061 seconds
[2024-03-18 19:58:57,606] {processor.py:153} INFO - Started process (PID=1991135) to work on /home/sheyla/Documents/Repositórios/apache-airflow-extracao-de-dados/venv/lib/python3.9/site-packages/airflow/example_dags/example_task_group_decorator.py
[2024-03-18 19:58:57,612] {processor.py:641} INFO - Processing file /home/sheyla/Documents/Repositórios/apache-airflow-extracao-de-dados/venv/lib/python3.9/site-packages/airflow/example_dags/example_task_group_decorator.py for tasks to queue
[2024-03-18 19:58:57,613] {logging_mixin.py:115} INFO - [2024-03-18 19:58:57,613] {dagbag.py:507} INFO - Filling up the DagBag from /home/sheyla/Documents/Repositórios/apache-airflow-extracao-de-dados/venv/lib/python3.9/site-packages/airflow/example_dags/example_task_group_decorator.py
[2024-03-18 19:58:57,662] {processor.py:651} INFO - DAG(s) dict_keys(['example_task_group_decorator']) retrieved from /home/sheyla/Documents/Repositórios/apache-airflow-extracao-de-dados/venv/lib/python3.9/site-packages/airflow/example_dags/example_task_group_decorator.py
[2024-03-18 19:58:57,673] {logging_mixin.py:115} INFO - [2024-03-18 19:58:57,673] {dag.py:2379} INFO - Sync 1 DAGs
[2024-03-18 19:58:57,683] {logging_mixin.py:115} INFO - [2024-03-18 19:58:57,683] {dag.py:2927} INFO - Setting next_dagrun for example_task_group_decorator to 2024-03-17T22:58:57.682960+00:00, run_after=2024-03-18T22:58:57.682960+00:00
[2024-03-18 19:58:57,701] {processor.py:161} INFO - Processing /home/sheyla/Documents/Repositórios/apache-airflow-extracao-de-dados/venv/lib/python3.9/site-packages/airflow/example_dags/example_task_group_decorator.py took 0.097 seconds
[2024-03-18 19:59:30,626] {processor.py:153} INFO - Started process (PID=1991456) to work on /home/sheyla/Documents/Repositórios/apache-airflow-extracao-de-dados/venv/lib/python3.9/site-packages/airflow/example_dags/example_task_group_decorator.py
[2024-03-18 19:59:30,633] {processor.py:641} INFO - Processing file /home/sheyla/Documents/Repositórios/apache-airflow-extracao-de-dados/venv/lib/python3.9/site-packages/airflow/example_dags/example_task_group_decorator.py for tasks to queue
[2024-03-18 19:59:30,634] {logging_mixin.py:115} INFO - [2024-03-18 19:59:30,634] {dagbag.py:507} INFO - Filling up the DagBag from /home/sheyla/Documents/Repositórios/apache-airflow-extracao-de-dados/venv/lib/python3.9/site-packages/airflow/example_dags/example_task_group_decorator.py
[2024-03-18 19:59:30,676] {processor.py:651} INFO - DAG(s) dict_keys(['example_task_group_decorator']) retrieved from /home/sheyla/Documents/Repositórios/apache-airflow-extracao-de-dados/venv/lib/python3.9/site-packages/airflow/example_dags/example_task_group_decorator.py
[2024-03-18 19:59:30,687] {logging_mixin.py:115} INFO - [2024-03-18 19:59:30,687] {dag.py:2379} INFO - Sync 1 DAGs
[2024-03-18 19:59:30,698] {logging_mixin.py:115} INFO - [2024-03-18 19:59:30,698] {dag.py:2927} INFO - Setting next_dagrun for example_task_group_decorator to 2024-03-17T22:59:30.698349+00:00, run_after=2024-03-18T22:59:30.698349+00:00
[2024-03-18 19:59:30,709] {processor.py:161} INFO - Processing /home/sheyla/Documents/Repositórios/apache-airflow-extracao-de-dados/venv/lib/python3.9/site-packages/airflow/example_dags/example_task_group_decorator.py took 0.091 seconds
[2024-03-18 20:00:05,445] {processor.py:153} INFO - Started process (PID=1991826) to work on /home/sheyla/Documents/Repositórios/apache-airflow-extracao-de-dados/venv/lib/python3.9/site-packages/airflow/example_dags/example_task_group_decorator.py
[2024-03-18 20:00:05,451] {processor.py:641} INFO - Processing file /home/sheyla/Documents/Repositórios/apache-airflow-extracao-de-dados/venv/lib/python3.9/site-packages/airflow/example_dags/example_task_group_decorator.py for tasks to queue
[2024-03-18 20:00:05,451] {logging_mixin.py:115} INFO - [2024-03-18 20:00:05,451] {dagbag.py:507} INFO - Filling up the DagBag from /home/sheyla/Documents/Repositórios/apache-airflow-extracao-de-dados/venv/lib/python3.9/site-packages/airflow/example_dags/example_task_group_decorator.py
[2024-03-18 20:00:05,477] {processor.py:651} INFO - DAG(s) dict_keys(['example_task_group_decorator']) retrieved from /home/sheyla/Documents/Repositórios/apache-airflow-extracao-de-dados/venv/lib/python3.9/site-packages/airflow/example_dags/example_task_group_decorator.py
[2024-03-18 20:00:05,489] {logging_mixin.py:115} INFO - [2024-03-18 20:00:05,489] {dag.py:2379} INFO - Sync 1 DAGs
[2024-03-18 20:00:05,499] {logging_mixin.py:115} INFO - [2024-03-18 20:00:05,499] {dag.py:2927} INFO - Setting next_dagrun for example_task_group_decorator to 2024-03-17T23:00:05.499139+00:00, run_after=2024-03-18T23:00:05.499139+00:00
[2024-03-18 20:00:05,512] {processor.py:161} INFO - Processing /home/sheyla/Documents/Repositórios/apache-airflow-extracao-de-dados/venv/lib/python3.9/site-packages/airflow/example_dags/example_task_group_decorator.py took 0.069 seconds
[2024-03-18 20:00:40,350] {processor.py:153} INFO - Started process (PID=1992251) to work on /home/sheyla/Documents/Repositórios/apache-airflow-extracao-de-dados/venv/lib/python3.9/site-packages/airflow/example_dags/example_task_group_decorator.py
[2024-03-18 20:00:40,356] {processor.py:641} INFO - Processing file /home/sheyla/Documents/Repositórios/apache-airflow-extracao-de-dados/venv/lib/python3.9/site-packages/airflow/example_dags/example_task_group_decorator.py for tasks to queue
[2024-03-18 20:00:40,356] {logging_mixin.py:115} INFO - [2024-03-18 20:00:40,356] {dagbag.py:507} INFO - Filling up the DagBag from /home/sheyla/Documents/Repositórios/apache-airflow-extracao-de-dados/venv/lib/python3.9/site-packages/airflow/example_dags/example_task_group_decorator.py
[2024-03-18 20:00:40,376] {processor.py:651} INFO - DAG(s) dict_keys(['example_task_group_decorator']) retrieved from /home/sheyla/Documents/Repositórios/apache-airflow-extracao-de-dados/venv/lib/python3.9/site-packages/airflow/example_dags/example_task_group_decorator.py
[2024-03-18 20:00:40,388] {logging_mixin.py:115} INFO - [2024-03-18 20:00:40,387] {dag.py:2379} INFO - Sync 1 DAGs
[2024-03-18 20:00:40,397] {logging_mixin.py:115} INFO - [2024-03-18 20:00:40,397] {dag.py:2927} INFO - Setting next_dagrun for example_task_group_decorator to 2024-03-17T23:00:40.397704+00:00, run_after=2024-03-18T23:00:40.397704+00:00
[2024-03-18 20:00:40,410] {processor.py:161} INFO - Processing /home/sheyla/Documents/Repositórios/apache-airflow-extracao-de-dados/venv/lib/python3.9/site-packages/airflow/example_dags/example_task_group_decorator.py took 0.062 seconds
[2024-03-18 20:01:12,523] {processor.py:153} INFO - Started process (PID=1992573) to work on /home/sheyla/Documents/Repositórios/apache-airflow-extracao-de-dados/venv/lib/python3.9/site-packages/airflow/example_dags/example_task_group_decorator.py
[2024-03-18 20:01:12,526] {processor.py:641} INFO - Processing file /home/sheyla/Documents/Repositórios/apache-airflow-extracao-de-dados/venv/lib/python3.9/site-packages/airflow/example_dags/example_task_group_decorator.py for tasks to queue
[2024-03-18 20:01:12,527] {logging_mixin.py:115} INFO - [2024-03-18 20:01:12,527] {dagbag.py:507} INFO - Filling up the DagBag from /home/sheyla/Documents/Repositórios/apache-airflow-extracao-de-dados/venv/lib/python3.9/site-packages/airflow/example_dags/example_task_group_decorator.py
[2024-03-18 20:01:12,556] {processor.py:651} INFO - DAG(s) dict_keys(['example_task_group_decorator']) retrieved from /home/sheyla/Documents/Repositórios/apache-airflow-extracao-de-dados/venv/lib/python3.9/site-packages/airflow/example_dags/example_task_group_decorator.py
[2024-03-18 20:01:12,568] {logging_mixin.py:115} INFO - [2024-03-18 20:01:12,568] {dag.py:2379} INFO - Sync 1 DAGs
[2024-03-18 20:01:12,578] {logging_mixin.py:115} INFO - [2024-03-18 20:01:12,578] {dag.py:2927} INFO - Setting next_dagrun for example_task_group_decorator to 2024-03-17T23:01:12.578562+00:00, run_after=2024-03-18T23:01:12.578562+00:00
[2024-03-18 20:01:12,595] {processor.py:161} INFO - Processing /home/sheyla/Documents/Repositórios/apache-airflow-extracao-de-dados/venv/lib/python3.9/site-packages/airflow/example_dags/example_task_group_decorator.py took 0.075 seconds
[2024-03-18 20:01:44,584] {processor.py:153} INFO - Started process (PID=1992887) to work on /home/sheyla/Documents/Repositórios/apache-airflow-extracao-de-dados/venv/lib/python3.9/site-packages/airflow/example_dags/example_task_group_decorator.py
[2024-03-18 20:01:44,585] {processor.py:641} INFO - Processing file /home/sheyla/Documents/Repositórios/apache-airflow-extracao-de-dados/venv/lib/python3.9/site-packages/airflow/example_dags/example_task_group_decorator.py for tasks to queue
[2024-03-18 20:01:44,586] {logging_mixin.py:115} INFO - [2024-03-18 20:01:44,586] {dagbag.py:507} INFO - Filling up the DagBag from /home/sheyla/Documents/Repositórios/apache-airflow-extracao-de-dados/venv/lib/python3.9/site-packages/airflow/example_dags/example_task_group_decorator.py
[2024-03-18 20:01:44,612] {processor.py:651} INFO - DAG(s) dict_keys(['example_task_group_decorator']) retrieved from /home/sheyla/Documents/Repositórios/apache-airflow-extracao-de-dados/venv/lib/python3.9/site-packages/airflow/example_dags/example_task_group_decorator.py
[2024-03-18 20:01:44,639] {logging_mixin.py:115} INFO - [2024-03-18 20:01:44,639] {dag.py:2379} INFO - Sync 1 DAGs
[2024-03-18 20:01:44,647] {logging_mixin.py:115} INFO - [2024-03-18 20:01:44,647] {dag.py:2927} INFO - Setting next_dagrun for example_task_group_decorator to 2024-03-17T23:01:44.647325+00:00, run_after=2024-03-18T23:01:44.647325+00:00
[2024-03-18 20:01:44,661] {processor.py:161} INFO - Processing /home/sheyla/Documents/Repositórios/apache-airflow-extracao-de-dados/venv/lib/python3.9/site-packages/airflow/example_dags/example_task_group_decorator.py took 0.082 seconds
[2024-03-18 20:02:18,536] {processor.py:153} INFO - Started process (PID=1993259) to work on /home/sheyla/Documents/Repositórios/apache-airflow-extracao-de-dados/venv/lib/python3.9/site-packages/airflow/example_dags/example_task_group_decorator.py
[2024-03-18 20:02:18,542] {processor.py:641} INFO - Processing file /home/sheyla/Documents/Repositórios/apache-airflow-extracao-de-dados/venv/lib/python3.9/site-packages/airflow/example_dags/example_task_group_decorator.py for tasks to queue
[2024-03-18 20:02:18,543] {logging_mixin.py:115} INFO - [2024-03-18 20:02:18,543] {dagbag.py:507} INFO - Filling up the DagBag from /home/sheyla/Documents/Repositórios/apache-airflow-extracao-de-dados/venv/lib/python3.9/site-packages/airflow/example_dags/example_task_group_decorator.py
[2024-03-18 20:02:18,590] {processor.py:651} INFO - DAG(s) dict_keys(['example_task_group_decorator']) retrieved from /home/sheyla/Documents/Repositórios/apache-airflow-extracao-de-dados/venv/lib/python3.9/site-packages/airflow/example_dags/example_task_group_decorator.py
[2024-03-18 20:02:18,601] {logging_mixin.py:115} INFO - [2024-03-18 20:02:18,601] {dag.py:2379} INFO - Sync 1 DAGs
[2024-03-18 20:02:18,611] {logging_mixin.py:115} INFO - [2024-03-18 20:02:18,610] {dag.py:2927} INFO - Setting next_dagrun for example_task_group_decorator to 2024-03-17T23:02:18.610853+00:00, run_after=2024-03-18T23:02:18.610853+00:00
[2024-03-18 20:02:18,623] {processor.py:161} INFO - Processing /home/sheyla/Documents/Repositórios/apache-airflow-extracao-de-dados/venv/lib/python3.9/site-packages/airflow/example_dags/example_task_group_decorator.py took 0.094 seconds
[2024-03-18 20:02:50,694] {processor.py:153} INFO - Started process (PID=1993578) to work on /home/sheyla/Documents/Repositórios/apache-airflow-extracao-de-dados/venv/lib/python3.9/site-packages/airflow/example_dags/example_task_group_decorator.py
[2024-03-18 20:02:50,700] {processor.py:641} INFO - Processing file /home/sheyla/Documents/Repositórios/apache-airflow-extracao-de-dados/venv/lib/python3.9/site-packages/airflow/example_dags/example_task_group_decorator.py for tasks to queue
[2024-03-18 20:02:50,701] {logging_mixin.py:115} INFO - [2024-03-18 20:02:50,701] {dagbag.py:507} INFO - Filling up the DagBag from /home/sheyla/Documents/Repositórios/apache-airflow-extracao-de-dados/venv/lib/python3.9/site-packages/airflow/example_dags/example_task_group_decorator.py
[2024-03-18 20:02:50,742] {processor.py:651} INFO - DAG(s) dict_keys(['example_task_group_decorator']) retrieved from /home/sheyla/Documents/Repositórios/apache-airflow-extracao-de-dados/venv/lib/python3.9/site-packages/airflow/example_dags/example_task_group_decorator.py
[2024-03-18 20:02:50,753] {logging_mixin.py:115} INFO - [2024-03-18 20:02:50,753] {dag.py:2379} INFO - Sync 1 DAGs
[2024-03-18 20:02:50,763] {logging_mixin.py:115} INFO - [2024-03-18 20:02:50,763] {dag.py:2927} INFO - Setting next_dagrun for example_task_group_decorator to 2024-03-17T23:02:50.763343+00:00, run_after=2024-03-18T23:02:50.763343+00:00
[2024-03-18 20:02:50,782] {processor.py:161} INFO - Processing /home/sheyla/Documents/Repositórios/apache-airflow-extracao-de-dados/venv/lib/python3.9/site-packages/airflow/example_dags/example_task_group_decorator.py took 0.096 seconds
[2024-03-18 20:03:25,579] {processor.py:153} INFO - Started process (PID=1993926) to work on /home/sheyla/Documents/Repositórios/apache-airflow-extracao-de-dados/venv/lib/python3.9/site-packages/airflow/example_dags/example_task_group_decorator.py
[2024-03-18 20:03:25,584] {processor.py:641} INFO - Processing file /home/sheyla/Documents/Repositórios/apache-airflow-extracao-de-dados/venv/lib/python3.9/site-packages/airflow/example_dags/example_task_group_decorator.py for tasks to queue
[2024-03-18 20:03:25,584] {logging_mixin.py:115} INFO - [2024-03-18 20:03:25,584] {dagbag.py:507} INFO - Filling up the DagBag from /home/sheyla/Documents/Repositórios/apache-airflow-extracao-de-dados/venv/lib/python3.9/site-packages/airflow/example_dags/example_task_group_decorator.py
[2024-03-18 20:03:25,611] {processor.py:651} INFO - DAG(s) dict_keys(['example_task_group_decorator']) retrieved from /home/sheyla/Documents/Repositórios/apache-airflow-extracao-de-dados/venv/lib/python3.9/site-packages/airflow/example_dags/example_task_group_decorator.py
[2024-03-18 20:03:25,623] {logging_mixin.py:115} INFO - [2024-03-18 20:03:25,623] {dag.py:2379} INFO - Sync 1 DAGs
[2024-03-18 20:03:25,633] {logging_mixin.py:115} INFO - [2024-03-18 20:03:25,633] {dag.py:2927} INFO - Setting next_dagrun for example_task_group_decorator to 2024-03-17T23:03:25.632962+00:00, run_after=2024-03-18T23:03:25.632962+00:00
[2024-03-18 20:03:25,646] {processor.py:161} INFO - Processing /home/sheyla/Documents/Repositórios/apache-airflow-extracao-de-dados/venv/lib/python3.9/site-packages/airflow/example_dags/example_task_group_decorator.py took 0.070 seconds
[2024-03-18 20:03:58,760] {processor.py:153} INFO - Started process (PID=1994255) to work on /home/sheyla/Documents/Repositórios/apache-airflow-extracao-de-dados/venv/lib/python3.9/site-packages/airflow/example_dags/example_task_group_decorator.py
[2024-03-18 20:03:58,763] {processor.py:641} INFO - Processing file /home/sheyla/Documents/Repositórios/apache-airflow-extracao-de-dados/venv/lib/python3.9/site-packages/airflow/example_dags/example_task_group_decorator.py for tasks to queue
[2024-03-18 20:03:58,763] {logging_mixin.py:115} INFO - [2024-03-18 20:03:58,763] {dagbag.py:507} INFO - Filling up the DagBag from /home/sheyla/Documents/Repositórios/apache-airflow-extracao-de-dados/venv/lib/python3.9/site-packages/airflow/example_dags/example_task_group_decorator.py
[2024-03-18 20:03:58,802] {processor.py:651} INFO - DAG(s) dict_keys(['example_task_group_decorator']) retrieved from /home/sheyla/Documents/Repositórios/apache-airflow-extracao-de-dados/venv/lib/python3.9/site-packages/airflow/example_dags/example_task_group_decorator.py
[2024-03-18 20:03:58,814] {logging_mixin.py:115} INFO - [2024-03-18 20:03:58,814] {dag.py:2379} INFO - Sync 1 DAGs
[2024-03-18 20:03:58,824] {logging_mixin.py:115} INFO - [2024-03-18 20:03:58,824] {dag.py:2927} INFO - Setting next_dagrun for example_task_group_decorator to 2024-03-17T23:03:58.823993+00:00, run_after=2024-03-18T23:03:58.823993+00:00
[2024-03-18 20:03:58,841] {processor.py:161} INFO - Processing /home/sheyla/Documents/Repositórios/apache-airflow-extracao-de-dados/venv/lib/python3.9/site-packages/airflow/example_dags/example_task_group_decorator.py took 0.084 seconds
[2024-03-18 20:04:31,594] {processor.py:153} INFO - Started process (PID=1994585) to work on /home/sheyla/Documents/Repositórios/apache-airflow-extracao-de-dados/venv/lib/python3.9/site-packages/airflow/example_dags/example_task_group_decorator.py
[2024-03-18 20:04:31,596] {processor.py:641} INFO - Processing file /home/sheyla/Documents/Repositórios/apache-airflow-extracao-de-dados/venv/lib/python3.9/site-packages/airflow/example_dags/example_task_group_decorator.py for tasks to queue
[2024-03-18 20:04:31,597] {logging_mixin.py:115} INFO - [2024-03-18 20:04:31,597] {dagbag.py:507} INFO - Filling up the DagBag from /home/sheyla/Documents/Repositórios/apache-airflow-extracao-de-dados/venv/lib/python3.9/site-packages/airflow/example_dags/example_task_group_decorator.py
[2024-03-18 20:04:31,642] {processor.py:651} INFO - DAG(s) dict_keys(['example_task_group_decorator']) retrieved from /home/sheyla/Documents/Repositórios/apache-airflow-extracao-de-dados/venv/lib/python3.9/site-packages/airflow/example_dags/example_task_group_decorator.py
[2024-03-18 20:04:31,653] {logging_mixin.py:115} INFO - [2024-03-18 20:04:31,653] {dag.py:2379} INFO - Sync 1 DAGs
[2024-03-18 20:04:31,663] {logging_mixin.py:115} INFO - [2024-03-18 20:04:31,663] {dag.py:2927} INFO - Setting next_dagrun for example_task_group_decorator to 2024-03-17T23:04:31.663345+00:00, run_after=2024-03-18T23:04:31.663345+00:00
[2024-03-18 20:04:31,680] {processor.py:161} INFO - Processing /home/sheyla/Documents/Repositórios/apache-airflow-extracao-de-dados/venv/lib/python3.9/site-packages/airflow/example_dags/example_task_group_decorator.py took 0.091 seconds
[2024-03-18 20:05:03,595] {processor.py:153} INFO - Started process (PID=1994906) to work on /home/sheyla/Documents/Repositórios/apache-airflow-extracao-de-dados/venv/lib/python3.9/site-packages/airflow/example_dags/example_task_group_decorator.py
[2024-03-18 20:05:03,601] {processor.py:641} INFO - Processing file /home/sheyla/Documents/Repositórios/apache-airflow-extracao-de-dados/venv/lib/python3.9/site-packages/airflow/example_dags/example_task_group_decorator.py for tasks to queue
[2024-03-18 20:05:03,603] {logging_mixin.py:115} INFO - [2024-03-18 20:05:03,602] {dagbag.py:507} INFO - Filling up the DagBag from /home/sheyla/Documents/Repositórios/apache-airflow-extracao-de-dados/venv/lib/python3.9/site-packages/airflow/example_dags/example_task_group_decorator.py
[2024-03-18 20:05:03,643] {processor.py:651} INFO - DAG(s) dict_keys(['example_task_group_decorator']) retrieved from /home/sheyla/Documents/Repositórios/apache-airflow-extracao-de-dados/venv/lib/python3.9/site-packages/airflow/example_dags/example_task_group_decorator.py
[2024-03-18 20:05:03,654] {logging_mixin.py:115} INFO - [2024-03-18 20:05:03,654] {dag.py:2379} INFO - Sync 1 DAGs
[2024-03-18 20:05:03,665] {logging_mixin.py:115} INFO - [2024-03-18 20:05:03,665] {dag.py:2927} INFO - Setting next_dagrun for example_task_group_decorator to 2024-03-17T23:05:03.665722+00:00, run_after=2024-03-18T23:05:03.665722+00:00
[2024-03-18 20:05:03,677] {processor.py:161} INFO - Processing /home/sheyla/Documents/Repositórios/apache-airflow-extracao-de-dados/venv/lib/python3.9/site-packages/airflow/example_dags/example_task_group_decorator.py took 0.089 seconds
[2024-03-18 20:05:36,863] {processor.py:153} INFO - Started process (PID=1995259) to work on /home/sheyla/Documents/Repositórios/apache-airflow-extracao-de-dados/venv/lib/python3.9/site-packages/airflow/example_dags/example_task_group_decorator.py
[2024-03-18 20:05:36,868] {processor.py:641} INFO - Processing file /home/sheyla/Documents/Repositórios/apache-airflow-extracao-de-dados/venv/lib/python3.9/site-packages/airflow/example_dags/example_task_group_decorator.py for tasks to queue
[2024-03-18 20:05:36,869] {logging_mixin.py:115} INFO - [2024-03-18 20:05:36,868] {dagbag.py:507} INFO - Filling up the DagBag from /home/sheyla/Documents/Repositórios/apache-airflow-extracao-de-dados/venv/lib/python3.9/site-packages/airflow/example_dags/example_task_group_decorator.py
[2024-03-18 20:05:36,898] {processor.py:651} INFO - DAG(s) dict_keys(['example_task_group_decorator']) retrieved from /home/sheyla/Documents/Repositórios/apache-airflow-extracao-de-dados/venv/lib/python3.9/site-packages/airflow/example_dags/example_task_group_decorator.py
[2024-03-18 20:05:36,926] {logging_mixin.py:115} INFO - [2024-03-18 20:05:36,926] {dag.py:2379} INFO - Sync 1 DAGs
[2024-03-18 20:05:36,935] {logging_mixin.py:115} INFO - [2024-03-18 20:05:36,935] {dag.py:2927} INFO - Setting next_dagrun for example_task_group_decorator to 2024-03-17T23:05:36.935299+00:00, run_after=2024-03-18T23:05:36.935299+00:00
[2024-03-18 20:05:36,947] {processor.py:161} INFO - Processing /home/sheyla/Documents/Repositórios/apache-airflow-extracao-de-dados/venv/lib/python3.9/site-packages/airflow/example_dags/example_task_group_decorator.py took 0.087 seconds
[2024-03-18 20:06:10,724] {processor.py:153} INFO - Started process (PID=1995680) to work on /home/sheyla/Documents/Repositórios/apache-airflow-extracao-de-dados/venv/lib/python3.9/site-packages/airflow/example_dags/example_task_group_decorator.py
[2024-03-18 20:06:10,725] {processor.py:641} INFO - Processing file /home/sheyla/Documents/Repositórios/apache-airflow-extracao-de-dados/venv/lib/python3.9/site-packages/airflow/example_dags/example_task_group_decorator.py for tasks to queue
[2024-03-18 20:06:10,726] {logging_mixin.py:115} INFO - [2024-03-18 20:06:10,726] {dagbag.py:507} INFO - Filling up the DagBag from /home/sheyla/Documents/Repositórios/apache-airflow-extracao-de-dados/venv/lib/python3.9/site-packages/airflow/example_dags/example_task_group_decorator.py
[2024-03-18 20:06:10,769] {processor.py:651} INFO - DAG(s) dict_keys(['example_task_group_decorator']) retrieved from /home/sheyla/Documents/Repositórios/apache-airflow-extracao-de-dados/venv/lib/python3.9/site-packages/airflow/example_dags/example_task_group_decorator.py
[2024-03-18 20:06:10,781] {logging_mixin.py:115} INFO - [2024-03-18 20:06:10,781] {dag.py:2379} INFO - Sync 1 DAGs
[2024-03-18 20:06:10,791] {logging_mixin.py:115} INFO - [2024-03-18 20:06:10,791] {dag.py:2927} INFO - Setting next_dagrun for example_task_group_decorator to 2024-03-17T23:06:10.791653+00:00, run_after=2024-03-18T23:06:10.791653+00:00
[2024-03-18 20:06:10,809] {processor.py:161} INFO - Processing /home/sheyla/Documents/Repositórios/apache-airflow-extracao-de-dados/venv/lib/python3.9/site-packages/airflow/example_dags/example_task_group_decorator.py took 0.089 seconds
[2024-03-18 20:06:44,747] {processor.py:153} INFO - Started process (PID=1996021) to work on /home/sheyla/Documents/Repositórios/apache-airflow-extracao-de-dados/venv/lib/python3.9/site-packages/airflow/example_dags/example_task_group_decorator.py
[2024-03-18 20:06:44,753] {processor.py:641} INFO - Processing file /home/sheyla/Documents/Repositórios/apache-airflow-extracao-de-dados/venv/lib/python3.9/site-packages/airflow/example_dags/example_task_group_decorator.py for tasks to queue
[2024-03-18 20:06:44,753] {logging_mixin.py:115} INFO - [2024-03-18 20:06:44,753] {dagbag.py:507} INFO - Filling up the DagBag from /home/sheyla/Documents/Repositórios/apache-airflow-extracao-de-dados/venv/lib/python3.9/site-packages/airflow/example_dags/example_task_group_decorator.py
[2024-03-18 20:06:44,787] {processor.py:651} INFO - DAG(s) dict_keys(['example_task_group_decorator']) retrieved from /home/sheyla/Documents/Repositórios/apache-airflow-extracao-de-dados/venv/lib/python3.9/site-packages/airflow/example_dags/example_task_group_decorator.py
[2024-03-18 20:06:44,816] {logging_mixin.py:115} INFO - [2024-03-18 20:06:44,816] {dag.py:2379} INFO - Sync 1 DAGs
[2024-03-18 20:06:44,824] {logging_mixin.py:115} INFO - [2024-03-18 20:06:44,824] {dag.py:2927} INFO - Setting next_dagrun for example_task_group_decorator to 2024-03-17T23:06:44.824725+00:00, run_after=2024-03-18T23:06:44.824725+00:00
[2024-03-18 20:06:44,838] {processor.py:161} INFO - Processing /home/sheyla/Documents/Repositórios/apache-airflow-extracao-de-dados/venv/lib/python3.9/site-packages/airflow/example_dags/example_task_group_decorator.py took 0.093 seconds
[2024-03-18 20:07:21,169] {processor.py:153} INFO - Started process (PID=1996412) to work on /home/sheyla/Documents/Repositórios/apache-airflow-extracao-de-dados/venv/lib/python3.9/site-packages/airflow/example_dags/example_task_group_decorator.py
[2024-03-18 20:07:21,172] {processor.py:641} INFO - Processing file /home/sheyla/Documents/Repositórios/apache-airflow-extracao-de-dados/venv/lib/python3.9/site-packages/airflow/example_dags/example_task_group_decorator.py for tasks to queue
[2024-03-18 20:07:21,172] {logging_mixin.py:115} INFO - [2024-03-18 20:07:21,172] {dagbag.py:507} INFO - Filling up the DagBag from /home/sheyla/Documents/Repositórios/apache-airflow-extracao-de-dados/venv/lib/python3.9/site-packages/airflow/example_dags/example_task_group_decorator.py
[2024-03-18 20:07:21,214] {processor.py:651} INFO - DAG(s) dict_keys(['example_task_group_decorator']) retrieved from /home/sheyla/Documents/Repositórios/apache-airflow-extracao-de-dados/venv/lib/python3.9/site-packages/airflow/example_dags/example_task_group_decorator.py
[2024-03-18 20:07:21,243] {logging_mixin.py:115} INFO - [2024-03-18 20:07:21,243] {dag.py:2379} INFO - Sync 1 DAGs
[2024-03-18 20:07:21,251] {logging_mixin.py:115} INFO - [2024-03-18 20:07:21,251] {dag.py:2927} INFO - Setting next_dagrun for example_task_group_decorator to 2024-03-17T23:07:21.251358+00:00, run_after=2024-03-18T23:07:21.251358+00:00
[2024-03-18 20:07:21,264] {processor.py:161} INFO - Processing /home/sheyla/Documents/Repositórios/apache-airflow-extracao-de-dados/venv/lib/python3.9/site-packages/airflow/example_dags/example_task_group_decorator.py took 0.097 seconds
[2024-03-18 20:07:55,340] {processor.py:153} INFO - Started process (PID=1997298) to work on /home/sheyla/Documents/Repositórios/apache-airflow-extracao-de-dados/venv/lib/python3.9/site-packages/airflow/example_dags/example_task_group_decorator.py
[2024-03-18 20:07:55,345] {processor.py:641} INFO - Processing file /home/sheyla/Documents/Repositórios/apache-airflow-extracao-de-dados/venv/lib/python3.9/site-packages/airflow/example_dags/example_task_group_decorator.py for tasks to queue
[2024-03-18 20:07:55,346] {logging_mixin.py:115} INFO - [2024-03-18 20:07:55,345] {dagbag.py:507} INFO - Filling up the DagBag from /home/sheyla/Documents/Repositórios/apache-airflow-extracao-de-dados/venv/lib/python3.9/site-packages/airflow/example_dags/example_task_group_decorator.py
[2024-03-18 20:07:55,364] {processor.py:651} INFO - DAG(s) dict_keys(['example_task_group_decorator']) retrieved from /home/sheyla/Documents/Repositórios/apache-airflow-extracao-de-dados/venv/lib/python3.9/site-packages/airflow/example_dags/example_task_group_decorator.py
[2024-03-18 20:07:55,374] {logging_mixin.py:115} INFO - [2024-03-18 20:07:55,374] {dag.py:2379} INFO - Sync 1 DAGs
[2024-03-18 20:07:55,385] {logging_mixin.py:115} INFO - [2024-03-18 20:07:55,385] {dag.py:2927} INFO - Setting next_dagrun for example_task_group_decorator to 2024-03-17T23:07:55.385107+00:00, run_after=2024-03-18T23:07:55.385107+00:00
[2024-03-18 20:07:55,397] {processor.py:161} INFO - Processing /home/sheyla/Documents/Repositórios/apache-airflow-extracao-de-dados/venv/lib/python3.9/site-packages/airflow/example_dags/example_task_group_decorator.py took 0.059 seconds
[2024-03-18 20:08:31,456] {processor.py:153} INFO - Started process (PID=1998072) to work on /home/sheyla/Documents/Repositórios/apache-airflow-extracao-de-dados/venv/lib/python3.9/site-packages/airflow/example_dags/example_task_group_decorator.py
[2024-03-18 20:08:31,460] {processor.py:641} INFO - Processing file /home/sheyla/Documents/Repositórios/apache-airflow-extracao-de-dados/venv/lib/python3.9/site-packages/airflow/example_dags/example_task_group_decorator.py for tasks to queue
[2024-03-18 20:08:31,460] {logging_mixin.py:115} INFO - [2024-03-18 20:08:31,460] {dagbag.py:507} INFO - Filling up the DagBag from /home/sheyla/Documents/Repositórios/apache-airflow-extracao-de-dados/venv/lib/python3.9/site-packages/airflow/example_dags/example_task_group_decorator.py
[2024-03-18 20:08:31,479] {processor.py:651} INFO - DAG(s) dict_keys(['example_task_group_decorator']) retrieved from /home/sheyla/Documents/Repositórios/apache-airflow-extracao-de-dados/venv/lib/python3.9/site-packages/airflow/example_dags/example_task_group_decorator.py
[2024-03-18 20:08:31,489] {logging_mixin.py:115} INFO - [2024-03-18 20:08:31,489] {dag.py:2379} INFO - Sync 1 DAGs
[2024-03-18 20:08:31,502] {logging_mixin.py:115} INFO - [2024-03-18 20:08:31,502] {dag.py:2927} INFO - Setting next_dagrun for example_task_group_decorator to 2024-03-17T23:08:31.502104+00:00, run_after=2024-03-18T23:08:31.502104+00:00
[2024-03-18 20:08:31,512] {processor.py:161} INFO - Processing /home/sheyla/Documents/Repositórios/apache-airflow-extracao-de-dados/venv/lib/python3.9/site-packages/airflow/example_dags/example_task_group_decorator.py took 0.058 seconds
[2024-03-18 20:09:03,779] {processor.py:153} INFO - Started process (PID=1998778) to work on /home/sheyla/Documents/Repositórios/apache-airflow-extracao-de-dados/venv/lib/python3.9/site-packages/airflow/example_dags/example_task_group_decorator.py
[2024-03-18 20:09:03,785] {processor.py:641} INFO - Processing file /home/sheyla/Documents/Repositórios/apache-airflow-extracao-de-dados/venv/lib/python3.9/site-packages/airflow/example_dags/example_task_group_decorator.py for tasks to queue
[2024-03-18 20:09:03,787] {logging_mixin.py:115} INFO - [2024-03-18 20:09:03,786] {dagbag.py:507} INFO - Filling up the DagBag from /home/sheyla/Documents/Repositórios/apache-airflow-extracao-de-dados/venv/lib/python3.9/site-packages/airflow/example_dags/example_task_group_decorator.py
[2024-03-18 20:09:03,828] {processor.py:651} INFO - DAG(s) dict_keys(['example_task_group_decorator']) retrieved from /home/sheyla/Documents/Repositórios/apache-airflow-extracao-de-dados/venv/lib/python3.9/site-packages/airflow/example_dags/example_task_group_decorator.py
[2024-03-18 20:09:03,843] {logging_mixin.py:115} INFO - [2024-03-18 20:09:03,842] {dag.py:2379} INFO - Sync 1 DAGs
[2024-03-18 20:09:03,857] {logging_mixin.py:115} INFO - [2024-03-18 20:09:03,856] {dag.py:2927} INFO - Setting next_dagrun for example_task_group_decorator to 2024-03-17T23:09:03.856471+00:00, run_after=2024-03-18T23:09:03.856471+00:00
[2024-03-18 20:09:03,871] {processor.py:161} INFO - Processing /home/sheyla/Documents/Repositórios/apache-airflow-extracao-de-dados/venv/lib/python3.9/site-packages/airflow/example_dags/example_task_group_decorator.py took 0.096 seconds
