[2024-03-18 19:56:56,721] {processor.py:153} INFO - Started process (PID=1989930) to work on /home/sheyla/Documents/Repositórios/apache-airflow-extracao-de-dados/venv/lib/python3.9/site-packages/airflow/example_dags/example_dag_decorator.py
[2024-03-18 19:56:56,722] {processor.py:641} INFO - Processing file /home/sheyla/Documents/Repositórios/apache-airflow-extracao-de-dados/venv/lib/python3.9/site-packages/airflow/example_dags/example_dag_decorator.py for tasks to queue
[2024-03-18 19:56:56,722] {logging_mixin.py:115} INFO - [2024-03-18 19:56:56,722] {dagbag.py:507} INFO - Filling up the DagBag from /home/sheyla/Documents/Repositórios/apache-airflow-extracao-de-dados/venv/lib/python3.9/site-packages/airflow/example_dags/example_dag_decorator.py
[2024-03-18 19:56:56,742] {processor.py:651} INFO - DAG(s) dict_keys(['example_dag_decorator']) retrieved from /home/sheyla/Documents/Repositórios/apache-airflow-extracao-de-dados/venv/lib/python3.9/site-packages/airflow/example_dags/example_dag_decorator.py
[2024-03-18 19:56:56,867] {logging_mixin.py:115} INFO - [2024-03-18 19:56:56,867] {manager.py:508} INFO - Created Permission View: can delete on DAG:example_dag_decorator
[2024-03-18 19:56:56,924] {logging_mixin.py:115} INFO - [2024-03-18 19:56:56,924] {manager.py:508} INFO - Created Permission View: can edit on DAG:example_dag_decorator
[2024-03-18 19:56:56,974] {logging_mixin.py:115} INFO - [2024-03-18 19:56:56,973] {manager.py:508} INFO - Created Permission View: can read on DAG:example_dag_decorator
[2024-03-18 19:56:56,974] {logging_mixin.py:115} INFO - [2024-03-18 19:56:56,974] {dag.py:2379} INFO - Sync 1 DAGs
[2024-03-18 19:56:56,995] {logging_mixin.py:115} INFO - [2024-03-18 19:56:56,995] {dag.py:2398} INFO - Creating ORM DAG for example_dag_decorator
[2024-03-18 19:56:57,011] {logging_mixin.py:115} INFO - [2024-03-18 19:56:57,011] {dag.py:2927} INFO - Setting next_dagrun for example_dag_decorator to None, run_after=None
[2024-03-18 19:56:57,048] {processor.py:161} INFO - Processing /home/sheyla/Documents/Repositórios/apache-airflow-extracao-de-dados/venv/lib/python3.9/site-packages/airflow/example_dags/example_dag_decorator.py took 0.329 seconds
[2024-03-18 19:57:37,434] {processor.py:153} INFO - Started process (PID=1990334) to work on /home/sheyla/Documents/Repositórios/apache-airflow-extracao-de-dados/venv/lib/python3.9/site-packages/airflow/example_dags/example_dag_decorator.py
[2024-03-18 19:57:37,440] {processor.py:641} INFO - Processing file /home/sheyla/Documents/Repositórios/apache-airflow-extracao-de-dados/venv/lib/python3.9/site-packages/airflow/example_dags/example_dag_decorator.py for tasks to queue
[2024-03-18 19:57:37,441] {logging_mixin.py:115} INFO - [2024-03-18 19:57:37,441] {dagbag.py:507} INFO - Filling up the DagBag from /home/sheyla/Documents/Repositórios/apache-airflow-extracao-de-dados/venv/lib/python3.9/site-packages/airflow/example_dags/example_dag_decorator.py
[2024-03-18 19:57:37,483] {processor.py:651} INFO - DAG(s) dict_keys(['example_dag_decorator']) retrieved from /home/sheyla/Documents/Repositórios/apache-airflow-extracao-de-dados/venv/lib/python3.9/site-packages/airflow/example_dags/example_dag_decorator.py
[2024-03-18 19:57:37,511] {logging_mixin.py:115} INFO - [2024-03-18 19:57:37,511] {dag.py:2379} INFO - Sync 1 DAGs
[2024-03-18 19:57:37,519] {logging_mixin.py:115} INFO - [2024-03-18 19:57:37,519] {dag.py:2927} INFO - Setting next_dagrun for example_dag_decorator to None, run_after=None
[2024-03-18 19:57:37,538] {processor.py:161} INFO - Processing /home/sheyla/Documents/Repositórios/apache-airflow-extracao-de-dados/venv/lib/python3.9/site-packages/airflow/example_dags/example_dag_decorator.py took 0.106 seconds
[2024-03-18 19:58:11,230] {processor.py:153} INFO - Started process (PID=1990669) to work on /home/sheyla/Documents/Repositórios/apache-airflow-extracao-de-dados/venv/lib/python3.9/site-packages/airflow/example_dags/example_dag_decorator.py
[2024-03-18 19:58:11,236] {processor.py:641} INFO - Processing file /home/sheyla/Documents/Repositórios/apache-airflow-extracao-de-dados/venv/lib/python3.9/site-packages/airflow/example_dags/example_dag_decorator.py for tasks to queue
[2024-03-18 19:58:11,238] {logging_mixin.py:115} INFO - [2024-03-18 19:58:11,237] {dagbag.py:507} INFO - Filling up the DagBag from /home/sheyla/Documents/Repositórios/apache-airflow-extracao-de-dados/venv/lib/python3.9/site-packages/airflow/example_dags/example_dag_decorator.py
[2024-03-18 19:58:11,276] {processor.py:651} INFO - DAG(s) dict_keys(['example_dag_decorator']) retrieved from /home/sheyla/Documents/Repositórios/apache-airflow-extracao-de-dados/venv/lib/python3.9/site-packages/airflow/example_dags/example_dag_decorator.py
[2024-03-18 19:58:11,304] {logging_mixin.py:115} INFO - [2024-03-18 19:58:11,304] {dag.py:2379} INFO - Sync 1 DAGs
[2024-03-18 19:58:11,312] {logging_mixin.py:115} INFO - [2024-03-18 19:58:11,312] {dag.py:2927} INFO - Setting next_dagrun for example_dag_decorator to None, run_after=None
[2024-03-18 19:58:11,323] {processor.py:161} INFO - Processing /home/sheyla/Documents/Repositórios/apache-airflow-extracao-de-dados/venv/lib/python3.9/site-packages/airflow/example_dags/example_dag_decorator.py took 0.099 seconds
[2024-03-18 19:58:44,859] {processor.py:153} INFO - Started process (PID=1991002) to work on /home/sheyla/Documents/Repositórios/apache-airflow-extracao-de-dados/venv/lib/python3.9/site-packages/airflow/example_dags/example_dag_decorator.py
[2024-03-18 19:58:44,865] {processor.py:641} INFO - Processing file /home/sheyla/Documents/Repositórios/apache-airflow-extracao-de-dados/venv/lib/python3.9/site-packages/airflow/example_dags/example_dag_decorator.py for tasks to queue
[2024-03-18 19:58:44,866] {logging_mixin.py:115} INFO - [2024-03-18 19:58:44,866] {dagbag.py:507} INFO - Filling up the DagBag from /home/sheyla/Documents/Repositórios/apache-airflow-extracao-de-dados/venv/lib/python3.9/site-packages/airflow/example_dags/example_dag_decorator.py
[2024-03-18 19:58:44,905] {processor.py:651} INFO - DAG(s) dict_keys(['example_dag_decorator']) retrieved from /home/sheyla/Documents/Repositórios/apache-airflow-extracao-de-dados/venv/lib/python3.9/site-packages/airflow/example_dags/example_dag_decorator.py
[2024-03-18 19:58:44,915] {logging_mixin.py:115} INFO - [2024-03-18 19:58:44,915] {dag.py:2379} INFO - Sync 1 DAGs
[2024-03-18 19:58:44,925] {logging_mixin.py:115} INFO - [2024-03-18 19:58:44,925] {dag.py:2927} INFO - Setting next_dagrun for example_dag_decorator to None, run_after=None
[2024-03-18 19:58:44,942] {processor.py:161} INFO - Processing /home/sheyla/Documents/Repositórios/apache-airflow-extracao-de-dados/venv/lib/python3.9/site-packages/airflow/example_dags/example_dag_decorator.py took 0.091 seconds
[2024-03-18 19:59:16,411] {processor.py:153} INFO - Started process (PID=1991323) to work on /home/sheyla/Documents/Repositórios/apache-airflow-extracao-de-dados/venv/lib/python3.9/site-packages/airflow/example_dags/example_dag_decorator.py
[2024-03-18 19:59:16,412] {processor.py:641} INFO - Processing file /home/sheyla/Documents/Repositórios/apache-airflow-extracao-de-dados/venv/lib/python3.9/site-packages/airflow/example_dags/example_dag_decorator.py for tasks to queue
[2024-03-18 19:59:16,413] {logging_mixin.py:115} INFO - [2024-03-18 19:59:16,413] {dagbag.py:507} INFO - Filling up the DagBag from /home/sheyla/Documents/Repositórios/apache-airflow-extracao-de-dados/venv/lib/python3.9/site-packages/airflow/example_dags/example_dag_decorator.py
[2024-03-18 19:59:16,449] {processor.py:651} INFO - DAG(s) dict_keys(['example_dag_decorator']) retrieved from /home/sheyla/Documents/Repositórios/apache-airflow-extracao-de-dados/venv/lib/python3.9/site-packages/airflow/example_dags/example_dag_decorator.py
[2024-03-18 19:59:16,459] {logging_mixin.py:115} INFO - [2024-03-18 19:59:16,459] {dag.py:2379} INFO - Sync 1 DAGs
[2024-03-18 19:59:16,470] {logging_mixin.py:115} INFO - [2024-03-18 19:59:16,469] {dag.py:2927} INFO - Setting next_dagrun for example_dag_decorator to None, run_after=None
[2024-03-18 19:59:16,480] {processor.py:161} INFO - Processing /home/sheyla/Documents/Repositórios/apache-airflow-extracao-de-dados/venv/lib/python3.9/site-packages/airflow/example_dags/example_dag_decorator.py took 0.076 seconds
[2024-03-18 19:59:51,309] {processor.py:153} INFO - Started process (PID=1991680) to work on /home/sheyla/Documents/Repositórios/apache-airflow-extracao-de-dados/venv/lib/python3.9/site-packages/airflow/example_dags/example_dag_decorator.py
[2024-03-18 19:59:51,311] {processor.py:641} INFO - Processing file /home/sheyla/Documents/Repositórios/apache-airflow-extracao-de-dados/venv/lib/python3.9/site-packages/airflow/example_dags/example_dag_decorator.py for tasks to queue
[2024-03-18 19:59:51,312] {logging_mixin.py:115} INFO - [2024-03-18 19:59:51,312] {dagbag.py:507} INFO - Filling up the DagBag from /home/sheyla/Documents/Repositórios/apache-airflow-extracao-de-dados/venv/lib/python3.9/site-packages/airflow/example_dags/example_dag_decorator.py
[2024-03-18 19:59:51,345] {processor.py:651} INFO - DAG(s) dict_keys(['example_dag_decorator']) retrieved from /home/sheyla/Documents/Repositórios/apache-airflow-extracao-de-dados/venv/lib/python3.9/site-packages/airflow/example_dags/example_dag_decorator.py
[2024-03-18 19:59:51,355] {logging_mixin.py:115} INFO - [2024-03-18 19:59:51,355] {dag.py:2379} INFO - Sync 1 DAGs
[2024-03-18 19:59:51,368] {logging_mixin.py:115} INFO - [2024-03-18 19:59:51,368] {dag.py:2927} INFO - Setting next_dagrun for example_dag_decorator to None, run_after=None
[2024-03-18 19:59:51,381] {processor.py:161} INFO - Processing /home/sheyla/Documents/Repositórios/apache-airflow-extracao-de-dados/venv/lib/python3.9/site-packages/airflow/example_dags/example_dag_decorator.py took 0.080 seconds
[2024-03-18 20:00:24,907] {processor.py:153} INFO - Started process (PID=1992092) to work on /home/sheyla/Documents/Repositórios/apache-airflow-extracao-de-dados/venv/lib/python3.9/site-packages/airflow/example_dags/example_dag_decorator.py
[2024-03-18 20:00:24,913] {processor.py:641} INFO - Processing file /home/sheyla/Documents/Repositórios/apache-airflow-extracao-de-dados/venv/lib/python3.9/site-packages/airflow/example_dags/example_dag_decorator.py for tasks to queue
[2024-03-18 20:00:24,914] {logging_mixin.py:115} INFO - [2024-03-18 20:00:24,914] {dagbag.py:507} INFO - Filling up the DagBag from /home/sheyla/Documents/Repositórios/apache-airflow-extracao-de-dados/venv/lib/python3.9/site-packages/airflow/example_dags/example_dag_decorator.py
[2024-03-18 20:00:24,955] {processor.py:651} INFO - DAG(s) dict_keys(['example_dag_decorator']) retrieved from /home/sheyla/Documents/Repositórios/apache-airflow-extracao-de-dados/venv/lib/python3.9/site-packages/airflow/example_dags/example_dag_decorator.py
[2024-03-18 20:00:24,965] {logging_mixin.py:115} INFO - [2024-03-18 20:00:24,965] {dag.py:2379} INFO - Sync 1 DAGs
[2024-03-18 20:00:24,975] {logging_mixin.py:115} INFO - [2024-03-18 20:00:24,975] {dag.py:2927} INFO - Setting next_dagrun for example_dag_decorator to None, run_after=None
[2024-03-18 20:00:24,989] {processor.py:161} INFO - Processing /home/sheyla/Documents/Repositórios/apache-airflow-extracao-de-dados/venv/lib/python3.9/site-packages/airflow/example_dags/example_dag_decorator.py took 0.089 seconds
[2024-03-18 20:00:58,721] {processor.py:153} INFO - Started process (PID=1992434) to work on /home/sheyla/Documents/Repositórios/apache-airflow-extracao-de-dados/venv/lib/python3.9/site-packages/airflow/example_dags/example_dag_decorator.py
[2024-03-18 20:00:58,722] {processor.py:641} INFO - Processing file /home/sheyla/Documents/Repositórios/apache-airflow-extracao-de-dados/venv/lib/python3.9/site-packages/airflow/example_dags/example_dag_decorator.py for tasks to queue
[2024-03-18 20:00:58,723] {logging_mixin.py:115} INFO - [2024-03-18 20:00:58,723] {dagbag.py:507} INFO - Filling up the DagBag from /home/sheyla/Documents/Repositórios/apache-airflow-extracao-de-dados/venv/lib/python3.9/site-packages/airflow/example_dags/example_dag_decorator.py
[2024-03-18 20:00:58,760] {processor.py:651} INFO - DAG(s) dict_keys(['example_dag_decorator']) retrieved from /home/sheyla/Documents/Repositórios/apache-airflow-extracao-de-dados/venv/lib/python3.9/site-packages/airflow/example_dags/example_dag_decorator.py
[2024-03-18 20:00:58,770] {logging_mixin.py:115} INFO - [2024-03-18 20:00:58,770] {dag.py:2379} INFO - Sync 1 DAGs
[2024-03-18 20:00:58,780] {logging_mixin.py:115} INFO - [2024-03-18 20:00:58,780] {dag.py:2927} INFO - Setting next_dagrun for example_dag_decorator to None, run_after=None
[2024-03-18 20:00:58,798] {processor.py:161} INFO - Processing /home/sheyla/Documents/Repositórios/apache-airflow-extracao-de-dados/venv/lib/python3.9/site-packages/airflow/example_dags/example_dag_decorator.py took 0.084 seconds
[2024-03-18 20:01:30,613] {processor.py:153} INFO - Started process (PID=1992746) to work on /home/sheyla/Documents/Repositórios/apache-airflow-extracao-de-dados/venv/lib/python3.9/site-packages/airflow/example_dags/example_dag_decorator.py
[2024-03-18 20:01:30,613] {processor.py:641} INFO - Processing file /home/sheyla/Documents/Repositórios/apache-airflow-extracao-de-dados/venv/lib/python3.9/site-packages/airflow/example_dags/example_dag_decorator.py for tasks to queue
[2024-03-18 20:01:30,613] {logging_mixin.py:115} INFO - [2024-03-18 20:01:30,613] {dagbag.py:507} INFO - Filling up the DagBag from /home/sheyla/Documents/Repositórios/apache-airflow-extracao-de-dados/venv/lib/python3.9/site-packages/airflow/example_dags/example_dag_decorator.py
[2024-03-18 20:01:30,629] {processor.py:651} INFO - DAG(s) dict_keys(['example_dag_decorator']) retrieved from /home/sheyla/Documents/Repositórios/apache-airflow-extracao-de-dados/venv/lib/python3.9/site-packages/airflow/example_dags/example_dag_decorator.py
[2024-03-18 20:01:30,637] {logging_mixin.py:115} INFO - [2024-03-18 20:01:30,637] {dag.py:2379} INFO - Sync 1 DAGs
[2024-03-18 20:01:30,647] {logging_mixin.py:115} INFO - [2024-03-18 20:01:30,647] {dag.py:2927} INFO - Setting next_dagrun for example_dag_decorator to None, run_after=None
[2024-03-18 20:01:30,660] {processor.py:161} INFO - Processing /home/sheyla/Documents/Repositórios/apache-airflow-extracao-de-dados/venv/lib/python3.9/site-packages/airflow/example_dags/example_dag_decorator.py took 0.049 seconds
[2024-03-18 20:02:02,948] {processor.py:153} INFO - Started process (PID=1993098) to work on /home/sheyla/Documents/Repositórios/apache-airflow-extracao-de-dados/venv/lib/python3.9/site-packages/airflow/example_dags/example_dag_decorator.py
[2024-03-18 20:02:02,952] {processor.py:641} INFO - Processing file /home/sheyla/Documents/Repositórios/apache-airflow-extracao-de-dados/venv/lib/python3.9/site-packages/airflow/example_dags/example_dag_decorator.py for tasks to queue
[2024-03-18 20:02:02,953] {logging_mixin.py:115} INFO - [2024-03-18 20:02:02,953] {dagbag.py:507} INFO - Filling up the DagBag from /home/sheyla/Documents/Repositórios/apache-airflow-extracao-de-dados/venv/lib/python3.9/site-packages/airflow/example_dags/example_dag_decorator.py
[2024-03-18 20:02:02,998] {processor.py:651} INFO - DAG(s) dict_keys(['example_dag_decorator']) retrieved from /home/sheyla/Documents/Repositórios/apache-airflow-extracao-de-dados/venv/lib/python3.9/site-packages/airflow/example_dags/example_dag_decorator.py
[2024-03-18 20:02:03,026] {logging_mixin.py:115} INFO - [2024-03-18 20:02:03,025] {dag.py:2379} INFO - Sync 1 DAGs
[2024-03-18 20:02:03,034] {logging_mixin.py:115} INFO - [2024-03-18 20:02:03,034] {dag.py:2927} INFO - Setting next_dagrun for example_dag_decorator to None, run_after=None
[2024-03-18 20:02:03,047] {processor.py:161} INFO - Processing /home/sheyla/Documents/Repositórios/apache-airflow-extracao-de-dados/venv/lib/python3.9/site-packages/airflow/example_dags/example_dag_decorator.py took 0.102 seconds
[2024-03-18 20:02:36,385] {processor.py:153} INFO - Started process (PID=1993439) to work on /home/sheyla/Documents/Repositórios/apache-airflow-extracao-de-dados/venv/lib/python3.9/site-packages/airflow/example_dags/example_dag_decorator.py
[2024-03-18 20:02:36,391] {processor.py:641} INFO - Processing file /home/sheyla/Documents/Repositórios/apache-airflow-extracao-de-dados/venv/lib/python3.9/site-packages/airflow/example_dags/example_dag_decorator.py for tasks to queue
[2024-03-18 20:02:36,392] {logging_mixin.py:115} INFO - [2024-03-18 20:02:36,392] {dagbag.py:507} INFO - Filling up the DagBag from /home/sheyla/Documents/Repositórios/apache-airflow-extracao-de-dados/venv/lib/python3.9/site-packages/airflow/example_dags/example_dag_decorator.py
[2024-03-18 20:02:36,426] {processor.py:651} INFO - DAG(s) dict_keys(['example_dag_decorator']) retrieved from /home/sheyla/Documents/Repositórios/apache-airflow-extracao-de-dados/venv/lib/python3.9/site-packages/airflow/example_dags/example_dag_decorator.py
[2024-03-18 20:02:36,436] {logging_mixin.py:115} INFO - [2024-03-18 20:02:36,436] {dag.py:2379} INFO - Sync 1 DAGs
[2024-03-18 20:02:36,447] {logging_mixin.py:115} INFO - [2024-03-18 20:02:36,447] {dag.py:2927} INFO - Setting next_dagrun for example_dag_decorator to None, run_after=None
[2024-03-18 20:02:36,459] {processor.py:161} INFO - Processing /home/sheyla/Documents/Repositórios/apache-airflow-extracao-de-dados/venv/lib/python3.9/site-packages/airflow/example_dags/example_dag_decorator.py took 0.081 seconds
[2024-03-18 20:03:08,177] {processor.py:153} INFO - Started process (PID=1993757) to work on /home/sheyla/Documents/Repositórios/apache-airflow-extracao-de-dados/venv/lib/python3.9/site-packages/airflow/example_dags/example_dag_decorator.py
[2024-03-18 20:03:08,178] {processor.py:641} INFO - Processing file /home/sheyla/Documents/Repositórios/apache-airflow-extracao-de-dados/venv/lib/python3.9/site-packages/airflow/example_dags/example_dag_decorator.py for tasks to queue
[2024-03-18 20:03:08,178] {logging_mixin.py:115} INFO - [2024-03-18 20:03:08,178] {dagbag.py:507} INFO - Filling up the DagBag from /home/sheyla/Documents/Repositórios/apache-airflow-extracao-de-dados/venv/lib/python3.9/site-packages/airflow/example_dags/example_dag_decorator.py
[2024-03-18 20:03:08,204] {processor.py:651} INFO - DAG(s) dict_keys(['example_dag_decorator']) retrieved from /home/sheyla/Documents/Repositórios/apache-airflow-extracao-de-dados/venv/lib/python3.9/site-packages/airflow/example_dags/example_dag_decorator.py
[2024-03-18 20:03:08,214] {logging_mixin.py:115} INFO - [2024-03-18 20:03:08,214] {dag.py:2379} INFO - Sync 1 DAGs
[2024-03-18 20:03:08,224] {logging_mixin.py:115} INFO - [2024-03-18 20:03:08,224] {dag.py:2927} INFO - Setting next_dagrun for example_dag_decorator to None, run_after=None
[2024-03-18 20:03:08,243] {processor.py:161} INFO - Processing /home/sheyla/Documents/Repositórios/apache-airflow-extracao-de-dados/venv/lib/python3.9/site-packages/airflow/example_dags/example_dag_decorator.py took 0.068 seconds
[2024-03-18 20:03:42,187] {processor.py:153} INFO - Started process (PID=1994094) to work on /home/sheyla/Documents/Repositórios/apache-airflow-extracao-de-dados/venv/lib/python3.9/site-packages/airflow/example_dags/example_dag_decorator.py
[2024-03-18 20:03:42,193] {processor.py:641} INFO - Processing file /home/sheyla/Documents/Repositórios/apache-airflow-extracao-de-dados/venv/lib/python3.9/site-packages/airflow/example_dags/example_dag_decorator.py for tasks to queue
[2024-03-18 20:03:42,193] {logging_mixin.py:115} INFO - [2024-03-18 20:03:42,193] {dagbag.py:507} INFO - Filling up the DagBag from /home/sheyla/Documents/Repositórios/apache-airflow-extracao-de-dados/venv/lib/python3.9/site-packages/airflow/example_dags/example_dag_decorator.py
[2024-03-18 20:03:42,221] {processor.py:651} INFO - DAG(s) dict_keys(['example_dag_decorator']) retrieved from /home/sheyla/Documents/Repositórios/apache-airflow-extracao-de-dados/venv/lib/python3.9/site-packages/airflow/example_dags/example_dag_decorator.py
[2024-03-18 20:03:42,234] {logging_mixin.py:115} INFO - [2024-03-18 20:03:42,234] {dag.py:2379} INFO - Sync 1 DAGs
[2024-03-18 20:03:42,245] {logging_mixin.py:115} INFO - [2024-03-18 20:03:42,245] {dag.py:2927} INFO - Setting next_dagrun for example_dag_decorator to None, run_after=None
[2024-03-18 20:03:42,259] {processor.py:161} INFO - Processing /home/sheyla/Documents/Repositórios/apache-airflow-extracao-de-dados/venv/lib/python3.9/site-packages/airflow/example_dags/example_dag_decorator.py took 0.074 seconds
[2024-03-18 20:04:14,191] {processor.py:153} INFO - Started process (PID=1994408) to work on /home/sheyla/Documents/Repositórios/apache-airflow-extracao-de-dados/venv/lib/python3.9/site-packages/airflow/example_dags/example_dag_decorator.py
[2024-03-18 20:04:14,192] {processor.py:641} INFO - Processing file /home/sheyla/Documents/Repositórios/apache-airflow-extracao-de-dados/venv/lib/python3.9/site-packages/airflow/example_dags/example_dag_decorator.py for tasks to queue
[2024-03-18 20:04:14,193] {logging_mixin.py:115} INFO - [2024-03-18 20:04:14,193] {dagbag.py:507} INFO - Filling up the DagBag from /home/sheyla/Documents/Repositórios/apache-airflow-extracao-de-dados/venv/lib/python3.9/site-packages/airflow/example_dags/example_dag_decorator.py
[2024-03-18 20:04:14,230] {processor.py:651} INFO - DAG(s) dict_keys(['example_dag_decorator']) retrieved from /home/sheyla/Documents/Repositórios/apache-airflow-extracao-de-dados/venv/lib/python3.9/site-packages/airflow/example_dags/example_dag_decorator.py
[2024-03-18 20:04:14,240] {logging_mixin.py:115} INFO - [2024-03-18 20:04:14,240] {dag.py:2379} INFO - Sync 1 DAGs
[2024-03-18 20:04:14,250] {logging_mixin.py:115} INFO - [2024-03-18 20:04:14,250] {dag.py:2927} INFO - Setting next_dagrun for example_dag_decorator to None, run_after=None
[2024-03-18 20:04:14,261] {processor.py:161} INFO - Processing /home/sheyla/Documents/Repositórios/apache-airflow-extracao-de-dados/venv/lib/python3.9/site-packages/airflow/example_dags/example_dag_decorator.py took 0.076 seconds
[2024-03-18 20:04:48,106] {processor.py:153} INFO - Started process (PID=1994753) to work on /home/sheyla/Documents/Repositórios/apache-airflow-extracao-de-dados/venv/lib/python3.9/site-packages/airflow/example_dags/example_dag_decorator.py
[2024-03-18 20:04:48,106] {processor.py:641} INFO - Processing file /home/sheyla/Documents/Repositórios/apache-airflow-extracao-de-dados/venv/lib/python3.9/site-packages/airflow/example_dags/example_dag_decorator.py for tasks to queue
[2024-03-18 20:04:48,107] {logging_mixin.py:115} INFO - [2024-03-18 20:04:48,107] {dagbag.py:507} INFO - Filling up the DagBag from /home/sheyla/Documents/Repositórios/apache-airflow-extracao-de-dados/venv/lib/python3.9/site-packages/airflow/example_dags/example_dag_decorator.py
[2024-03-18 20:04:48,127] {processor.py:651} INFO - DAG(s) dict_keys(['example_dag_decorator']) retrieved from /home/sheyla/Documents/Repositórios/apache-airflow-extracao-de-dados/venv/lib/python3.9/site-packages/airflow/example_dags/example_dag_decorator.py
[2024-03-18 20:04:48,156] {logging_mixin.py:115} INFO - [2024-03-18 20:04:48,156] {dag.py:2379} INFO - Sync 1 DAGs
[2024-03-18 20:04:48,164] {logging_mixin.py:115} INFO - [2024-03-18 20:04:48,164] {dag.py:2927} INFO - Setting next_dagrun for example_dag_decorator to None, run_after=None
[2024-03-18 20:04:48,175] {processor.py:161} INFO - Processing /home/sheyla/Documents/Repositórios/apache-airflow-extracao-de-dados/venv/lib/python3.9/site-packages/airflow/example_dags/example_dag_decorator.py took 0.072 seconds
[2024-03-18 20:05:19,981] {processor.py:153} INFO - Started process (PID=1995071) to work on /home/sheyla/Documents/Repositórios/apache-airflow-extracao-de-dados/venv/lib/python3.9/site-packages/airflow/example_dags/example_dag_decorator.py
[2024-03-18 20:05:19,987] {processor.py:641} INFO - Processing file /home/sheyla/Documents/Repositórios/apache-airflow-extracao-de-dados/venv/lib/python3.9/site-packages/airflow/example_dags/example_dag_decorator.py for tasks to queue
[2024-03-18 20:05:19,987] {logging_mixin.py:115} INFO - [2024-03-18 20:05:19,987] {dagbag.py:507} INFO - Filling up the DagBag from /home/sheyla/Documents/Repositórios/apache-airflow-extracao-de-dados/venv/lib/python3.9/site-packages/airflow/example_dags/example_dag_decorator.py
[2024-03-18 20:05:20,009] {processor.py:651} INFO - DAG(s) dict_keys(['example_dag_decorator']) retrieved from /home/sheyla/Documents/Repositórios/apache-airflow-extracao-de-dados/venv/lib/python3.9/site-packages/airflow/example_dags/example_dag_decorator.py
[2024-03-18 20:05:20,039] {logging_mixin.py:115} INFO - [2024-03-18 20:05:20,039] {dag.py:2379} INFO - Sync 1 DAGs
[2024-03-18 20:05:20,047] {logging_mixin.py:115} INFO - [2024-03-18 20:05:20,047] {dag.py:2927} INFO - Setting next_dagrun for example_dag_decorator to None, run_after=None
[2024-03-18 20:05:20,064] {processor.py:161} INFO - Processing /home/sheyla/Documents/Repositórios/apache-airflow-extracao-de-dados/venv/lib/python3.9/site-packages/airflow/example_dags/example_dag_decorator.py took 0.085 seconds
[2024-03-18 20:05:51,550] {processor.py:153} INFO - Started process (PID=1995491) to work on /home/sheyla/Documents/Repositórios/apache-airflow-extracao-de-dados/venv/lib/python3.9/site-packages/airflow/example_dags/example_dag_decorator.py
[2024-03-18 20:05:51,551] {processor.py:641} INFO - Processing file /home/sheyla/Documents/Repositórios/apache-airflow-extracao-de-dados/venv/lib/python3.9/site-packages/airflow/example_dags/example_dag_decorator.py for tasks to queue
[2024-03-18 20:05:51,552] {logging_mixin.py:115} INFO - [2024-03-18 20:05:51,552] {dagbag.py:507} INFO - Filling up the DagBag from /home/sheyla/Documents/Repositórios/apache-airflow-extracao-de-dados/venv/lib/python3.9/site-packages/airflow/example_dags/example_dag_decorator.py
[2024-03-18 20:05:51,589] {processor.py:651} INFO - DAG(s) dict_keys(['example_dag_decorator']) retrieved from /home/sheyla/Documents/Repositórios/apache-airflow-extracao-de-dados/venv/lib/python3.9/site-packages/airflow/example_dags/example_dag_decorator.py
[2024-03-18 20:05:51,600] {logging_mixin.py:115} INFO - [2024-03-18 20:05:51,600] {dag.py:2379} INFO - Sync 1 DAGs
[2024-03-18 20:05:51,612] {logging_mixin.py:115} INFO - [2024-03-18 20:05:51,612] {dag.py:2927} INFO - Setting next_dagrun for example_dag_decorator to None, run_after=None
[2024-03-18 20:05:51,622] {processor.py:161} INFO - Processing /home/sheyla/Documents/Repositórios/apache-airflow-extracao-de-dados/venv/lib/python3.9/site-packages/airflow/example_dags/example_dag_decorator.py took 0.081 seconds
[2024-03-18 20:06:24,466] {processor.py:153} INFO - Started process (PID=1995819) to work on /home/sheyla/Documents/Repositórios/apache-airflow-extracao-de-dados/venv/lib/python3.9/site-packages/airflow/example_dags/example_dag_decorator.py
[2024-03-18 20:06:24,471] {processor.py:641} INFO - Processing file /home/sheyla/Documents/Repositórios/apache-airflow-extracao-de-dados/venv/lib/python3.9/site-packages/airflow/example_dags/example_dag_decorator.py for tasks to queue
[2024-03-18 20:06:24,471] {logging_mixin.py:115} INFO - [2024-03-18 20:06:24,471] {dagbag.py:507} INFO - Filling up the DagBag from /home/sheyla/Documents/Repositórios/apache-airflow-extracao-de-dados/venv/lib/python3.9/site-packages/airflow/example_dags/example_dag_decorator.py
[2024-03-18 20:06:24,498] {processor.py:651} INFO - DAG(s) dict_keys(['example_dag_decorator']) retrieved from /home/sheyla/Documents/Repositórios/apache-airflow-extracao-de-dados/venv/lib/python3.9/site-packages/airflow/example_dags/example_dag_decorator.py
[2024-03-18 20:06:24,509] {logging_mixin.py:115} INFO - [2024-03-18 20:06:24,509] {dag.py:2379} INFO - Sync 1 DAGs
[2024-03-18 20:06:24,520] {logging_mixin.py:115} INFO - [2024-03-18 20:06:24,520] {dag.py:2927} INFO - Setting next_dagrun for example_dag_decorator to None, run_after=None
[2024-03-18 20:06:24,532] {processor.py:161} INFO - Processing /home/sheyla/Documents/Repositórios/apache-airflow-extracao-de-dados/venv/lib/python3.9/site-packages/airflow/example_dags/example_dag_decorator.py took 0.069 seconds
[2024-03-18 20:06:57,250] {processor.py:153} INFO - Started process (PID=1996175) to work on /home/sheyla/Documents/Repositórios/apache-airflow-extracao-de-dados/venv/lib/python3.9/site-packages/airflow/example_dags/example_dag_decorator.py
[2024-03-18 20:06:57,251] {processor.py:641} INFO - Processing file /home/sheyla/Documents/Repositórios/apache-airflow-extracao-de-dados/venv/lib/python3.9/site-packages/airflow/example_dags/example_dag_decorator.py for tasks to queue
[2024-03-18 20:06:57,252] {logging_mixin.py:115} INFO - [2024-03-18 20:06:57,252] {dagbag.py:507} INFO - Filling up the DagBag from /home/sheyla/Documents/Repositórios/apache-airflow-extracao-de-dados/venv/lib/python3.9/site-packages/airflow/example_dags/example_dag_decorator.py
[2024-03-18 20:06:57,289] {processor.py:651} INFO - DAG(s) dict_keys(['example_dag_decorator']) retrieved from /home/sheyla/Documents/Repositórios/apache-airflow-extracao-de-dados/venv/lib/python3.9/site-packages/airflow/example_dags/example_dag_decorator.py
[2024-03-18 20:06:57,317] {logging_mixin.py:115} INFO - [2024-03-18 20:06:57,317] {dag.py:2379} INFO - Sync 1 DAGs
[2024-03-18 20:06:57,325] {logging_mixin.py:115} INFO - [2024-03-18 20:06:57,325] {dag.py:2927} INFO - Setting next_dagrun for example_dag_decorator to None, run_after=None
[2024-03-18 20:06:57,336] {processor.py:161} INFO - Processing /home/sheyla/Documents/Repositórios/apache-airflow-extracao-de-dados/venv/lib/python3.9/site-packages/airflow/example_dags/example_dag_decorator.py took 0.092 seconds
[2024-03-18 20:07:30,277] {processor.py:153} INFO - Started process (PID=1996575) to work on /home/sheyla/Documents/Repositórios/apache-airflow-extracao-de-dados/venv/lib/python3.9/site-packages/airflow/example_dags/example_dag_decorator.py
[2024-03-18 20:07:30,278] {processor.py:641} INFO - Processing file /home/sheyla/Documents/Repositórios/apache-airflow-extracao-de-dados/venv/lib/python3.9/site-packages/airflow/example_dags/example_dag_decorator.py for tasks to queue
[2024-03-18 20:07:30,278] {logging_mixin.py:115} INFO - [2024-03-18 20:07:30,278] {dagbag.py:507} INFO - Filling up the DagBag from /home/sheyla/Documents/Repositórios/apache-airflow-extracao-de-dados/venv/lib/python3.9/site-packages/airflow/example_dags/example_dag_decorator.py
[2024-03-18 20:07:30,297] {processor.py:651} INFO - DAG(s) dict_keys(['example_dag_decorator']) retrieved from /home/sheyla/Documents/Repositórios/apache-airflow-extracao-de-dados/venv/lib/python3.9/site-packages/airflow/example_dags/example_dag_decorator.py
[2024-03-18 20:07:30,330] {logging_mixin.py:115} INFO - [2024-03-18 20:07:30,330] {dag.py:2379} INFO - Sync 1 DAGs
[2024-03-18 20:07:30,342] {logging_mixin.py:115} INFO - [2024-03-18 20:07:30,342] {dag.py:2927} INFO - Setting next_dagrun for example_dag_decorator to None, run_after=None
[2024-03-18 20:07:30,355] {processor.py:161} INFO - Processing /home/sheyla/Documents/Repositórios/apache-airflow-extracao-de-dados/venv/lib/python3.9/site-packages/airflow/example_dags/example_dag_decorator.py took 0.080 seconds
[2024-03-18 20:08:04,484] {processor.py:153} INFO - Started process (PID=1997511) to work on /home/sheyla/Documents/Repositórios/apache-airflow-extracao-de-dados/venv/lib/python3.9/site-packages/airflow/example_dags/example_dag_decorator.py
[2024-03-18 20:08:04,489] {processor.py:641} INFO - Processing file /home/sheyla/Documents/Repositórios/apache-airflow-extracao-de-dados/venv/lib/python3.9/site-packages/airflow/example_dags/example_dag_decorator.py for tasks to queue
[2024-03-18 20:08:04,489] {logging_mixin.py:115} INFO - [2024-03-18 20:08:04,489] {dagbag.py:507} INFO - Filling up the DagBag from /home/sheyla/Documents/Repositórios/apache-airflow-extracao-de-dados/venv/lib/python3.9/site-packages/airflow/example_dags/example_dag_decorator.py
[2024-03-18 20:08:04,505] {processor.py:651} INFO - DAG(s) dict_keys(['example_dag_decorator']) retrieved from /home/sheyla/Documents/Repositórios/apache-airflow-extracao-de-dados/venv/lib/python3.9/site-packages/airflow/example_dags/example_dag_decorator.py
[2024-03-18 20:08:04,515] {logging_mixin.py:115} INFO - [2024-03-18 20:08:04,515] {dag.py:2379} INFO - Sync 1 DAGs
[2024-03-18 20:08:04,525] {logging_mixin.py:115} INFO - [2024-03-18 20:08:04,525] {dag.py:2927} INFO - Setting next_dagrun for example_dag_decorator to None, run_after=None
[2024-03-18 20:08:04,538] {processor.py:161} INFO - Processing /home/sheyla/Documents/Repositórios/apache-airflow-extracao-de-dados/venv/lib/python3.9/site-packages/airflow/example_dags/example_dag_decorator.py took 0.056 seconds
[2024-03-18 20:08:40,616] {processor.py:153} INFO - Started process (PID=1998272) to work on /home/sheyla/Documents/Repositórios/apache-airflow-extracao-de-dados/venv/lib/python3.9/site-packages/airflow/example_dags/example_dag_decorator.py
[2024-03-18 20:08:40,621] {processor.py:641} INFO - Processing file /home/sheyla/Documents/Repositórios/apache-airflow-extracao-de-dados/venv/lib/python3.9/site-packages/airflow/example_dags/example_dag_decorator.py for tasks to queue
[2024-03-18 20:08:40,621] {logging_mixin.py:115} INFO - [2024-03-18 20:08:40,621] {dagbag.py:507} INFO - Filling up the DagBag from /home/sheyla/Documents/Repositórios/apache-airflow-extracao-de-dados/venv/lib/python3.9/site-packages/airflow/example_dags/example_dag_decorator.py
[2024-03-18 20:08:40,639] {processor.py:651} INFO - DAG(s) dict_keys(['example_dag_decorator']) retrieved from /home/sheyla/Documents/Repositórios/apache-airflow-extracao-de-dados/venv/lib/python3.9/site-packages/airflow/example_dags/example_dag_decorator.py
[2024-03-18 20:08:40,649] {logging_mixin.py:115} INFO - [2024-03-18 20:08:40,649] {dag.py:2379} INFO - Sync 1 DAGs
[2024-03-18 20:08:40,660] {logging_mixin.py:115} INFO - [2024-03-18 20:08:40,660] {dag.py:2927} INFO - Setting next_dagrun for example_dag_decorator to None, run_after=None
[2024-03-18 20:08:40,672] {processor.py:161} INFO - Processing /home/sheyla/Documents/Repositórios/apache-airflow-extracao-de-dados/venv/lib/python3.9/site-packages/airflow/example_dags/example_dag_decorator.py took 0.058 seconds
[2024-03-18 20:09:11,478] {processor.py:153} INFO - Started process (PID=1998955) to work on /home/sheyla/Documents/Repositórios/apache-airflow-extracao-de-dados/venv/lib/python3.9/site-packages/airflow/example_dags/example_dag_decorator.py
[2024-03-18 20:09:11,479] {processor.py:641} INFO - Processing file /home/sheyla/Documents/Repositórios/apache-airflow-extracao-de-dados/venv/lib/python3.9/site-packages/airflow/example_dags/example_dag_decorator.py for tasks to queue
[2024-03-18 20:09:11,479] {logging_mixin.py:115} INFO - [2024-03-18 20:09:11,479] {dagbag.py:507} INFO - Filling up the DagBag from /home/sheyla/Documents/Repositórios/apache-airflow-extracao-de-dados/venv/lib/python3.9/site-packages/airflow/example_dags/example_dag_decorator.py
[2024-03-18 20:09:11,496] {processor.py:651} INFO - DAG(s) dict_keys(['example_dag_decorator']) retrieved from /home/sheyla/Documents/Repositórios/apache-airflow-extracao-de-dados/venv/lib/python3.9/site-packages/airflow/example_dags/example_dag_decorator.py
[2024-03-18 20:09:11,506] {logging_mixin.py:115} INFO - [2024-03-18 20:09:11,505] {dag.py:2379} INFO - Sync 1 DAGs
[2024-03-18 20:09:11,517] {logging_mixin.py:115} INFO - [2024-03-18 20:09:11,517] {dag.py:2927} INFO - Setting next_dagrun for example_dag_decorator to None, run_after=None
[2024-03-18 20:09:11,528] {processor.py:161} INFO - Processing /home/sheyla/Documents/Repositórios/apache-airflow-extracao-de-dados/venv/lib/python3.9/site-packages/airflow/example_dags/example_dag_decorator.py took 0.052 seconds
