[2024-03-18 19:57:19,012] {processor.py:153} INFO - Started process (PID=1990142) to work on /home/sheyla/Documents/Repositórios/apache-airflow-extracao-de-dados/venv/lib/python3.9/site-packages/airflow/example_dags/example_xcom.py
[2024-03-18 19:57:19,014] {processor.py:641} INFO - Processing file /home/sheyla/Documents/Repositórios/apache-airflow-extracao-de-dados/venv/lib/python3.9/site-packages/airflow/example_dags/example_xcom.py for tasks to queue
[2024-03-18 19:57:19,015] {logging_mixin.py:115} INFO - [2024-03-18 19:57:19,014] {dagbag.py:507} INFO - Filling up the DagBag from /home/sheyla/Documents/Repositórios/apache-airflow-extracao-de-dados/venv/lib/python3.9/site-packages/airflow/example_dags/example_xcom.py
[2024-03-18 19:57:19,044] {processor.py:651} INFO - DAG(s) dict_keys(['example_xcom']) retrieved from /home/sheyla/Documents/Repositórios/apache-airflow-extracao-de-dados/venv/lib/python3.9/site-packages/airflow/example_dags/example_xcom.py
[2024-03-18 19:57:19,162] {logging_mixin.py:115} INFO - [2024-03-18 19:57:19,161] {manager.py:508} INFO - Created Permission View: can delete on DAG:example_xcom
[2024-03-18 19:57:19,212] {logging_mixin.py:115} INFO - [2024-03-18 19:57:19,212] {manager.py:508} INFO - Created Permission View: can edit on DAG:example_xcom
[2024-03-18 19:57:19,258] {logging_mixin.py:115} INFO - [2024-03-18 19:57:19,258] {manager.py:508} INFO - Created Permission View: can read on DAG:example_xcom
[2024-03-18 19:57:19,259] {logging_mixin.py:115} INFO - [2024-03-18 19:57:19,259] {dag.py:2379} INFO - Sync 1 DAGs
[2024-03-18 19:57:19,280] {logging_mixin.py:115} INFO - [2024-03-18 19:57:19,280] {dag.py:2398} INFO - Creating ORM DAG for example_xcom
[2024-03-18 19:57:19,295] {logging_mixin.py:115} INFO - [2024-03-18 19:57:19,295] {dag.py:2927} INFO - Setting next_dagrun for example_xcom to 2021-01-01T00:00:00+00:00, run_after=2021-01-01T00:00:00+00:00
[2024-03-18 19:57:19,340] {processor.py:161} INFO - Processing /home/sheyla/Documents/Repositórios/apache-airflow-extracao-de-dados/venv/lib/python3.9/site-packages/airflow/example_dags/example_xcom.py took 0.339 seconds
[2024-03-18 19:57:55,159] {processor.py:153} INFO - Started process (PID=1990508) to work on /home/sheyla/Documents/Repositórios/apache-airflow-extracao-de-dados/venv/lib/python3.9/site-packages/airflow/example_dags/example_xcom.py
[2024-03-18 19:57:55,165] {processor.py:641} INFO - Processing file /home/sheyla/Documents/Repositórios/apache-airflow-extracao-de-dados/venv/lib/python3.9/site-packages/airflow/example_dags/example_xcom.py for tasks to queue
[2024-03-18 19:57:55,166] {logging_mixin.py:115} INFO - [2024-03-18 19:57:55,166] {dagbag.py:507} INFO - Filling up the DagBag from /home/sheyla/Documents/Repositórios/apache-airflow-extracao-de-dados/venv/lib/python3.9/site-packages/airflow/example_dags/example_xcom.py
[2024-03-18 19:57:55,204] {processor.py:651} INFO - DAG(s) dict_keys(['example_xcom']) retrieved from /home/sheyla/Documents/Repositórios/apache-airflow-extracao-de-dados/venv/lib/python3.9/site-packages/airflow/example_dags/example_xcom.py
[2024-03-18 19:57:55,232] {logging_mixin.py:115} INFO - [2024-03-18 19:57:55,232] {dag.py:2379} INFO - Sync 1 DAGs
[2024-03-18 19:57:55,240] {logging_mixin.py:115} INFO - [2024-03-18 19:57:55,240] {dag.py:2927} INFO - Setting next_dagrun for example_xcom to 2021-01-01T00:00:00+00:00, run_after=2021-01-01T00:00:00+00:00
[2024-03-18 19:57:55,252] {processor.py:161} INFO - Processing /home/sheyla/Documents/Repositórios/apache-airflow-extracao-de-dados/venv/lib/python3.9/site-packages/airflow/example_dags/example_xcom.py took 0.097 seconds
[2024-03-18 19:58:28,931] {processor.py:153} INFO - Started process (PID=1990843) to work on /home/sheyla/Documents/Repositórios/apache-airflow-extracao-de-dados/venv/lib/python3.9/site-packages/airflow/example_dags/example_xcom.py
[2024-03-18 19:58:28,932] {processor.py:641} INFO - Processing file /home/sheyla/Documents/Repositórios/apache-airflow-extracao-de-dados/venv/lib/python3.9/site-packages/airflow/example_dags/example_xcom.py for tasks to queue
[2024-03-18 19:58:28,934] {logging_mixin.py:115} INFO - [2024-03-18 19:58:28,933] {dagbag.py:507} INFO - Filling up the DagBag from /home/sheyla/Documents/Repositórios/apache-airflow-extracao-de-dados/venv/lib/python3.9/site-packages/airflow/example_dags/example_xcom.py
[2024-03-18 19:58:28,966] {processor.py:651} INFO - DAG(s) dict_keys(['example_xcom']) retrieved from /home/sheyla/Documents/Repositórios/apache-airflow-extracao-de-dados/venv/lib/python3.9/site-packages/airflow/example_dags/example_xcom.py
[2024-03-18 19:58:28,976] {logging_mixin.py:115} INFO - [2024-03-18 19:58:28,976] {dag.py:2379} INFO - Sync 1 DAGs
[2024-03-18 19:58:28,987] {logging_mixin.py:115} INFO - [2024-03-18 19:58:28,987] {dag.py:2927} INFO - Setting next_dagrun for example_xcom to 2021-01-01T00:00:00+00:00, run_after=2021-01-01T00:00:00+00:00
[2024-03-18 19:58:28,998] {processor.py:161} INFO - Processing /home/sheyla/Documents/Repositórios/apache-airflow-extracao-de-dados/venv/lib/python3.9/site-packages/airflow/example_dags/example_xcom.py took 0.074 seconds
[2024-03-18 19:59:01,472] {processor.py:153} INFO - Started process (PID=1991174) to work on /home/sheyla/Documents/Repositórios/apache-airflow-extracao-de-dados/venv/lib/python3.9/site-packages/airflow/example_dags/example_xcom.py
[2024-03-18 19:59:01,472] {processor.py:641} INFO - Processing file /home/sheyla/Documents/Repositórios/apache-airflow-extracao-de-dados/venv/lib/python3.9/site-packages/airflow/example_dags/example_xcom.py for tasks to queue
[2024-03-18 19:59:01,473] {logging_mixin.py:115} INFO - [2024-03-18 19:59:01,473] {dagbag.py:507} INFO - Filling up the DagBag from /home/sheyla/Documents/Repositórios/apache-airflow-extracao-de-dados/venv/lib/python3.9/site-packages/airflow/example_dags/example_xcom.py
[2024-03-18 19:59:01,488] {processor.py:651} INFO - DAG(s) dict_keys(['example_xcom']) retrieved from /home/sheyla/Documents/Repositórios/apache-airflow-extracao-de-dados/venv/lib/python3.9/site-packages/airflow/example_dags/example_xcom.py
[2024-03-18 19:59:01,497] {logging_mixin.py:115} INFO - [2024-03-18 19:59:01,497] {dag.py:2379} INFO - Sync 1 DAGs
[2024-03-18 19:59:01,508] {logging_mixin.py:115} INFO - [2024-03-18 19:59:01,508] {dag.py:2927} INFO - Setting next_dagrun for example_xcom to 2021-01-01T00:00:00+00:00, run_after=2021-01-01T00:00:00+00:00
[2024-03-18 19:59:01,520] {processor.py:161} INFO - Processing /home/sheyla/Documents/Repositórios/apache-airflow-extracao-de-dados/venv/lib/python3.9/site-packages/airflow/example_dags/example_xcom.py took 0.050 seconds
[2024-03-18 19:59:34,672] {processor.py:153} INFO - Started process (PID=1991497) to work on /home/sheyla/Documents/Repositórios/apache-airflow-extracao-de-dados/venv/lib/python3.9/site-packages/airflow/example_dags/example_xcom.py
[2024-03-18 19:59:34,675] {processor.py:641} INFO - Processing file /home/sheyla/Documents/Repositórios/apache-airflow-extracao-de-dados/venv/lib/python3.9/site-packages/airflow/example_dags/example_xcom.py for tasks to queue
[2024-03-18 19:59:34,675] {logging_mixin.py:115} INFO - [2024-03-18 19:59:34,675] {dagbag.py:507} INFO - Filling up the DagBag from /home/sheyla/Documents/Repositórios/apache-airflow-extracao-de-dados/venv/lib/python3.9/site-packages/airflow/example_dags/example_xcom.py
[2024-03-18 19:59:34,701] {processor.py:651} INFO - DAG(s) dict_keys(['example_xcom']) retrieved from /home/sheyla/Documents/Repositórios/apache-airflow-extracao-de-dados/venv/lib/python3.9/site-packages/airflow/example_dags/example_xcom.py
[2024-03-18 19:59:34,715] {logging_mixin.py:115} INFO - [2024-03-18 19:59:34,715] {dag.py:2379} INFO - Sync 1 DAGs
[2024-03-18 19:59:34,726] {logging_mixin.py:115} INFO - [2024-03-18 19:59:34,726] {dag.py:2927} INFO - Setting next_dagrun for example_xcom to 2021-01-01T00:00:00+00:00, run_after=2021-01-01T00:00:00+00:00
[2024-03-18 19:59:34,738] {processor.py:161} INFO - Processing /home/sheyla/Documents/Repositórios/apache-airflow-extracao-de-dados/venv/lib/python3.9/site-packages/airflow/example_dags/example_xcom.py took 0.068 seconds
[2024-03-18 20:00:11,693] {processor.py:153} INFO - Started process (PID=1991895) to work on /home/sheyla/Documents/Repositórios/apache-airflow-extracao-de-dados/venv/lib/python3.9/site-packages/airflow/example_dags/example_xcom.py
[2024-03-18 20:00:11,699] {processor.py:641} INFO - Processing file /home/sheyla/Documents/Repositórios/apache-airflow-extracao-de-dados/venv/lib/python3.9/site-packages/airflow/example_dags/example_xcom.py for tasks to queue
[2024-03-18 20:00:11,700] {logging_mixin.py:115} INFO - [2024-03-18 20:00:11,700] {dagbag.py:507} INFO - Filling up the DagBag from /home/sheyla/Documents/Repositórios/apache-airflow-extracao-de-dados/venv/lib/python3.9/site-packages/airflow/example_dags/example_xcom.py
[2024-03-18 20:00:11,742] {processor.py:651} INFO - DAG(s) dict_keys(['example_xcom']) retrieved from /home/sheyla/Documents/Repositórios/apache-airflow-extracao-de-dados/venv/lib/python3.9/site-packages/airflow/example_dags/example_xcom.py
[2024-03-18 20:00:11,753] {logging_mixin.py:115} INFO - [2024-03-18 20:00:11,753] {dag.py:2379} INFO - Sync 1 DAGs
[2024-03-18 20:00:11,764] {logging_mixin.py:115} INFO - [2024-03-18 20:00:11,764] {dag.py:2927} INFO - Setting next_dagrun for example_xcom to 2021-01-01T00:00:00+00:00, run_after=2021-01-01T00:00:00+00:00
[2024-03-18 20:00:11,776] {processor.py:161} INFO - Processing /home/sheyla/Documents/Repositórios/apache-airflow-extracao-de-dados/venv/lib/python3.9/site-packages/airflow/example_dags/example_xcom.py took 0.089 seconds
[2024-03-18 20:00:45,490] {processor.py:153} INFO - Started process (PID=1992299) to work on /home/sheyla/Documents/Repositórios/apache-airflow-extracao-de-dados/venv/lib/python3.9/site-packages/airflow/example_dags/example_xcom.py
[2024-03-18 20:00:45,495] {processor.py:641} INFO - Processing file /home/sheyla/Documents/Repositórios/apache-airflow-extracao-de-dados/venv/lib/python3.9/site-packages/airflow/example_dags/example_xcom.py for tasks to queue
[2024-03-18 20:00:45,495] {logging_mixin.py:115} INFO - [2024-03-18 20:00:45,495] {dagbag.py:507} INFO - Filling up the DagBag from /home/sheyla/Documents/Repositórios/apache-airflow-extracao-de-dados/venv/lib/python3.9/site-packages/airflow/example_dags/example_xcom.py
[2024-03-18 20:00:45,513] {processor.py:651} INFO - DAG(s) dict_keys(['example_xcom']) retrieved from /home/sheyla/Documents/Repositórios/apache-airflow-extracao-de-dados/venv/lib/python3.9/site-packages/airflow/example_dags/example_xcom.py
[2024-03-18 20:00:45,525] {logging_mixin.py:115} INFO - [2024-03-18 20:00:45,525] {dag.py:2379} INFO - Sync 1 DAGs
[2024-03-18 20:00:45,536] {logging_mixin.py:115} INFO - [2024-03-18 20:00:45,536] {dag.py:2927} INFO - Setting next_dagrun for example_xcom to 2021-01-01T00:00:00+00:00, run_after=2021-01-01T00:00:00+00:00
[2024-03-18 20:00:45,550] {processor.py:161} INFO - Processing /home/sheyla/Documents/Repositórios/apache-airflow-extracao-de-dados/venv/lib/python3.9/site-packages/airflow/example_dags/example_xcom.py took 0.062 seconds
[2024-03-18 20:01:17,849] {processor.py:153} INFO - Started process (PID=1992627) to work on /home/sheyla/Documents/Repositórios/apache-airflow-extracao-de-dados/venv/lib/python3.9/site-packages/airflow/example_dags/example_xcom.py
[2024-03-18 20:01:17,852] {processor.py:641} INFO - Processing file /home/sheyla/Documents/Repositórios/apache-airflow-extracao-de-dados/venv/lib/python3.9/site-packages/airflow/example_dags/example_xcom.py for tasks to queue
[2024-03-18 20:01:17,852] {logging_mixin.py:115} INFO - [2024-03-18 20:01:17,852] {dagbag.py:507} INFO - Filling up the DagBag from /home/sheyla/Documents/Repositórios/apache-airflow-extracao-de-dados/venv/lib/python3.9/site-packages/airflow/example_dags/example_xcom.py
[2024-03-18 20:01:17,870] {processor.py:651} INFO - DAG(s) dict_keys(['example_xcom']) retrieved from /home/sheyla/Documents/Repositórios/apache-airflow-extracao-de-dados/venv/lib/python3.9/site-packages/airflow/example_dags/example_xcom.py
[2024-03-18 20:01:17,880] {logging_mixin.py:115} INFO - [2024-03-18 20:01:17,880] {dag.py:2379} INFO - Sync 1 DAGs
[2024-03-18 20:01:17,892] {logging_mixin.py:115} INFO - [2024-03-18 20:01:17,892] {dag.py:2927} INFO - Setting next_dagrun for example_xcom to 2021-01-01T00:00:00+00:00, run_after=2021-01-01T00:00:00+00:00
[2024-03-18 20:01:17,903] {processor.py:161} INFO - Processing /home/sheyla/Documents/Repositórios/apache-airflow-extracao-de-dados/venv/lib/python3.9/site-packages/airflow/example_dags/example_xcom.py took 0.056 seconds
[2024-03-18 20:01:49,718] {processor.py:153} INFO - Started process (PID=1992966) to work on /home/sheyla/Documents/Repositórios/apache-airflow-extracao-de-dados/venv/lib/python3.9/site-packages/airflow/example_dags/example_xcom.py
[2024-03-18 20:01:49,724] {processor.py:641} INFO - Processing file /home/sheyla/Documents/Repositórios/apache-airflow-extracao-de-dados/venv/lib/python3.9/site-packages/airflow/example_dags/example_xcom.py for tasks to queue
[2024-03-18 20:01:49,725] {logging_mixin.py:115} INFO - [2024-03-18 20:01:49,725] {dagbag.py:507} INFO - Filling up the DagBag from /home/sheyla/Documents/Repositórios/apache-airflow-extracao-de-dados/venv/lib/python3.9/site-packages/airflow/example_dags/example_xcom.py
[2024-03-18 20:01:49,758] {processor.py:651} INFO - DAG(s) dict_keys(['example_xcom']) retrieved from /home/sheyla/Documents/Repositórios/apache-airflow-extracao-de-dados/venv/lib/python3.9/site-packages/airflow/example_dags/example_xcom.py
[2024-03-18 20:01:49,786] {logging_mixin.py:115} INFO - [2024-03-18 20:01:49,786] {dag.py:2379} INFO - Sync 1 DAGs
[2024-03-18 20:01:49,794] {logging_mixin.py:115} INFO - [2024-03-18 20:01:49,794] {dag.py:2927} INFO - Setting next_dagrun for example_xcom to 2021-01-01T00:00:00+00:00, run_after=2021-01-01T00:00:00+00:00
[2024-03-18 20:01:49,808] {processor.py:161} INFO - Processing /home/sheyla/Documents/Repositórios/apache-airflow-extracao-de-dados/venv/lib/python3.9/site-packages/airflow/example_dags/example_xcom.py took 0.093 seconds
[2024-03-18 20:02:23,822] {processor.py:153} INFO - Started process (PID=1993309) to work on /home/sheyla/Documents/Repositórios/apache-airflow-extracao-de-dados/venv/lib/python3.9/site-packages/airflow/example_dags/example_xcom.py
[2024-03-18 20:02:23,828] {processor.py:641} INFO - Processing file /home/sheyla/Documents/Repositórios/apache-airflow-extracao-de-dados/venv/lib/python3.9/site-packages/airflow/example_dags/example_xcom.py for tasks to queue
[2024-03-18 20:02:23,829] {logging_mixin.py:115} INFO - [2024-03-18 20:02:23,829] {dagbag.py:507} INFO - Filling up the DagBag from /home/sheyla/Documents/Repositórios/apache-airflow-extracao-de-dados/venv/lib/python3.9/site-packages/airflow/example_dags/example_xcom.py
[2024-03-18 20:02:23,865] {processor.py:651} INFO - DAG(s) dict_keys(['example_xcom']) retrieved from /home/sheyla/Documents/Repositórios/apache-airflow-extracao-de-dados/venv/lib/python3.9/site-packages/airflow/example_dags/example_xcom.py
[2024-03-18 20:02:23,876] {logging_mixin.py:115} INFO - [2024-03-18 20:02:23,875] {dag.py:2379} INFO - Sync 1 DAGs
[2024-03-18 20:02:23,886] {logging_mixin.py:115} INFO - [2024-03-18 20:02:23,886] {dag.py:2927} INFO - Setting next_dagrun for example_xcom to 2021-01-01T00:00:00+00:00, run_after=2021-01-01T00:00:00+00:00
[2024-03-18 20:02:23,898] {processor.py:161} INFO - Processing /home/sheyla/Documents/Repositórios/apache-airflow-extracao-de-dados/venv/lib/python3.9/site-packages/airflow/example_dags/example_xcom.py took 0.084 seconds
[2024-03-18 20:02:55,836] {processor.py:153} INFO - Started process (PID=1993628) to work on /home/sheyla/Documents/Repositórios/apache-airflow-extracao-de-dados/venv/lib/python3.9/site-packages/airflow/example_dags/example_xcom.py
[2024-03-18 20:02:55,842] {processor.py:641} INFO - Processing file /home/sheyla/Documents/Repositórios/apache-airflow-extracao-de-dados/venv/lib/python3.9/site-packages/airflow/example_dags/example_xcom.py for tasks to queue
[2024-03-18 20:02:55,844] {logging_mixin.py:115} INFO - [2024-03-18 20:02:55,844] {dagbag.py:507} INFO - Filling up the DagBag from /home/sheyla/Documents/Repositórios/apache-airflow-extracao-de-dados/venv/lib/python3.9/site-packages/airflow/example_dags/example_xcom.py
[2024-03-18 20:02:55,878] {processor.py:651} INFO - DAG(s) dict_keys(['example_xcom']) retrieved from /home/sheyla/Documents/Repositórios/apache-airflow-extracao-de-dados/venv/lib/python3.9/site-packages/airflow/example_dags/example_xcom.py
[2024-03-18 20:02:55,888] {logging_mixin.py:115} INFO - [2024-03-18 20:02:55,888] {dag.py:2379} INFO - Sync 1 DAGs
[2024-03-18 20:02:55,899] {logging_mixin.py:115} INFO - [2024-03-18 20:02:55,899] {dag.py:2927} INFO - Setting next_dagrun for example_xcom to 2021-01-01T00:00:00+00:00, run_after=2021-01-01T00:00:00+00:00
[2024-03-18 20:02:55,910] {processor.py:161} INFO - Processing /home/sheyla/Documents/Repositórios/apache-airflow-extracao-de-dados/venv/lib/python3.9/site-packages/airflow/example_dags/example_xcom.py took 0.081 seconds
[2024-03-18 20:03:29,572] {processor.py:153} INFO - Started process (PID=1993966) to work on /home/sheyla/Documents/Repositórios/apache-airflow-extracao-de-dados/venv/lib/python3.9/site-packages/airflow/example_dags/example_xcom.py
[2024-03-18 20:03:29,578] {processor.py:641} INFO - Processing file /home/sheyla/Documents/Repositórios/apache-airflow-extracao-de-dados/venv/lib/python3.9/site-packages/airflow/example_dags/example_xcom.py for tasks to queue
[2024-03-18 20:03:29,578] {logging_mixin.py:115} INFO - [2024-03-18 20:03:29,578] {dagbag.py:507} INFO - Filling up the DagBag from /home/sheyla/Documents/Repositórios/apache-airflow-extracao-de-dados/venv/lib/python3.9/site-packages/airflow/example_dags/example_xcom.py
[2024-03-18 20:03:29,596] {processor.py:651} INFO - DAG(s) dict_keys(['example_xcom']) retrieved from /home/sheyla/Documents/Repositórios/apache-airflow-extracao-de-dados/venv/lib/python3.9/site-packages/airflow/example_dags/example_xcom.py
[2024-03-18 20:03:29,607] {logging_mixin.py:115} INFO - [2024-03-18 20:03:29,607] {dag.py:2379} INFO - Sync 1 DAGs
[2024-03-18 20:03:29,618] {logging_mixin.py:115} INFO - [2024-03-18 20:03:29,617] {dag.py:2927} INFO - Setting next_dagrun for example_xcom to 2021-01-01T00:00:00+00:00, run_after=2021-01-01T00:00:00+00:00
[2024-03-18 20:03:29,628] {processor.py:161} INFO - Processing /home/sheyla/Documents/Repositórios/apache-airflow-extracao-de-dados/venv/lib/python3.9/site-packages/airflow/example_dags/example_xcom.py took 0.058 seconds
[2024-03-18 20:04:01,635] {processor.py:153} INFO - Started process (PID=1994288) to work on /home/sheyla/Documents/Repositórios/apache-airflow-extracao-de-dados/venv/lib/python3.9/site-packages/airflow/example_dags/example_xcom.py
[2024-03-18 20:04:01,636] {processor.py:641} INFO - Processing file /home/sheyla/Documents/Repositórios/apache-airflow-extracao-de-dados/venv/lib/python3.9/site-packages/airflow/example_dags/example_xcom.py for tasks to queue
[2024-03-18 20:04:01,637] {logging_mixin.py:115} INFO - [2024-03-18 20:04:01,637] {dagbag.py:507} INFO - Filling up the DagBag from /home/sheyla/Documents/Repositórios/apache-airflow-extracao-de-dados/venv/lib/python3.9/site-packages/airflow/example_dags/example_xcom.py
[2024-03-18 20:04:01,670] {processor.py:651} INFO - DAG(s) dict_keys(['example_xcom']) retrieved from /home/sheyla/Documents/Repositórios/apache-airflow-extracao-de-dados/venv/lib/python3.9/site-packages/airflow/example_dags/example_xcom.py
[2024-03-18 20:04:01,681] {logging_mixin.py:115} INFO - [2024-03-18 20:04:01,680] {dag.py:2379} INFO - Sync 1 DAGs
[2024-03-18 20:04:01,691] {logging_mixin.py:115} INFO - [2024-03-18 20:04:01,691] {dag.py:2927} INFO - Setting next_dagrun for example_xcom to 2021-01-01T00:00:00+00:00, run_after=2021-01-01T00:00:00+00:00
[2024-03-18 20:04:01,711] {processor.py:161} INFO - Processing /home/sheyla/Documents/Repositórios/apache-airflow-extracao-de-dados/venv/lib/python3.9/site-packages/airflow/example_dags/example_xcom.py took 0.082 seconds
[2024-03-18 20:04:37,766] {processor.py:153} INFO - Started process (PID=1994645) to work on /home/sheyla/Documents/Repositórios/apache-airflow-extracao-de-dados/venv/lib/python3.9/site-packages/airflow/example_dags/example_xcom.py
[2024-03-18 20:04:37,772] {processor.py:641} INFO - Processing file /home/sheyla/Documents/Repositórios/apache-airflow-extracao-de-dados/venv/lib/python3.9/site-packages/airflow/example_dags/example_xcom.py for tasks to queue
[2024-03-18 20:04:37,773] {logging_mixin.py:115} INFO - [2024-03-18 20:04:37,773] {dagbag.py:507} INFO - Filling up the DagBag from /home/sheyla/Documents/Repositórios/apache-airflow-extracao-de-dados/venv/lib/python3.9/site-packages/airflow/example_dags/example_xcom.py
[2024-03-18 20:04:37,816] {processor.py:651} INFO - DAG(s) dict_keys(['example_xcom']) retrieved from /home/sheyla/Documents/Repositórios/apache-airflow-extracao-de-dados/venv/lib/python3.9/site-packages/airflow/example_dags/example_xcom.py
[2024-03-18 20:04:37,846] {logging_mixin.py:115} INFO - [2024-03-18 20:04:37,846] {dag.py:2379} INFO - Sync 1 DAGs
[2024-03-18 20:04:37,854] {logging_mixin.py:115} INFO - [2024-03-18 20:04:37,854] {dag.py:2927} INFO - Setting next_dagrun for example_xcom to 2021-01-01T00:00:00+00:00, run_after=2021-01-01T00:00:00+00:00
[2024-03-18 20:04:37,872] {processor.py:161} INFO - Processing /home/sheyla/Documents/Repositórios/apache-airflow-extracao-de-dados/venv/lib/python3.9/site-packages/airflow/example_dags/example_xcom.py took 0.110 seconds
[2024-03-18 20:05:13,247] {processor.py:153} INFO - Started process (PID=1995006) to work on /home/sheyla/Documents/Repositórios/apache-airflow-extracao-de-dados/venv/lib/python3.9/site-packages/airflow/example_dags/example_xcom.py
[2024-03-18 20:05:13,249] {processor.py:641} INFO - Processing file /home/sheyla/Documents/Repositórios/apache-airflow-extracao-de-dados/venv/lib/python3.9/site-packages/airflow/example_dags/example_xcom.py for tasks to queue
[2024-03-18 20:05:13,250] {logging_mixin.py:115} INFO - [2024-03-18 20:05:13,250] {dagbag.py:507} INFO - Filling up the DagBag from /home/sheyla/Documents/Repositórios/apache-airflow-extracao-de-dados/venv/lib/python3.9/site-packages/airflow/example_dags/example_xcom.py
[2024-03-18 20:05:13,282] {processor.py:651} INFO - DAG(s) dict_keys(['example_xcom']) retrieved from /home/sheyla/Documents/Repositórios/apache-airflow-extracao-de-dados/venv/lib/python3.9/site-packages/airflow/example_dags/example_xcom.py
[2024-03-18 20:05:13,311] {logging_mixin.py:115} INFO - [2024-03-18 20:05:13,311] {dag.py:2379} INFO - Sync 1 DAGs
[2024-03-18 20:05:13,320] {logging_mixin.py:115} INFO - [2024-03-18 20:05:13,320] {dag.py:2927} INFO - Setting next_dagrun for example_xcom to 2021-01-01T00:00:00+00:00, run_after=2021-01-01T00:00:00+00:00
[2024-03-18 20:05:13,339] {processor.py:161} INFO - Processing /home/sheyla/Documents/Repositórios/apache-airflow-extracao-de-dados/venv/lib/python3.9/site-packages/airflow/example_dags/example_xcom.py took 0.095 seconds
[2024-03-18 20:05:46,111] {processor.py:153} INFO - Started process (PID=1995436) to work on /home/sheyla/Documents/Repositórios/apache-airflow-extracao-de-dados/venv/lib/python3.9/site-packages/airflow/example_dags/example_xcom.py
[2024-03-18 20:05:46,111] {processor.py:641} INFO - Processing file /home/sheyla/Documents/Repositórios/apache-airflow-extracao-de-dados/venv/lib/python3.9/site-packages/airflow/example_dags/example_xcom.py for tasks to queue
[2024-03-18 20:05:46,111] {logging_mixin.py:115} INFO - [2024-03-18 20:05:46,111] {dagbag.py:507} INFO - Filling up the DagBag from /home/sheyla/Documents/Repositórios/apache-airflow-extracao-de-dados/venv/lib/python3.9/site-packages/airflow/example_dags/example_xcom.py
[2024-03-18 20:05:46,128] {processor.py:651} INFO - DAG(s) dict_keys(['example_xcom']) retrieved from /home/sheyla/Documents/Repositórios/apache-airflow-extracao-de-dados/venv/lib/python3.9/site-packages/airflow/example_dags/example_xcom.py
[2024-03-18 20:05:46,140] {logging_mixin.py:115} INFO - [2024-03-18 20:05:46,140] {dag.py:2379} INFO - Sync 1 DAGs
[2024-03-18 20:05:46,153] {logging_mixin.py:115} INFO - [2024-03-18 20:05:46,153] {dag.py:2927} INFO - Setting next_dagrun for example_xcom to 2021-01-01T00:00:00+00:00, run_after=2021-01-01T00:00:00+00:00
[2024-03-18 20:05:46,166] {processor.py:161} INFO - Processing /home/sheyla/Documents/Repositórios/apache-airflow-extracao-de-dados/venv/lib/python3.9/site-packages/airflow/example_dags/example_xcom.py took 0.058 seconds
[2024-03-18 20:06:19,467] {processor.py:153} INFO - Started process (PID=1995769) to work on /home/sheyla/Documents/Repositórios/apache-airflow-extracao-de-dados/venv/lib/python3.9/site-packages/airflow/example_dags/example_xcom.py
[2024-03-18 20:06:19,474] {processor.py:641} INFO - Processing file /home/sheyla/Documents/Repositórios/apache-airflow-extracao-de-dados/venv/lib/python3.9/site-packages/airflow/example_dags/example_xcom.py for tasks to queue
[2024-03-18 20:06:19,476] {logging_mixin.py:115} INFO - [2024-03-18 20:06:19,475] {dagbag.py:507} INFO - Filling up the DagBag from /home/sheyla/Documents/Repositórios/apache-airflow-extracao-de-dados/venv/lib/python3.9/site-packages/airflow/example_dags/example_xcom.py
[2024-03-18 20:06:19,512] {processor.py:651} INFO - DAG(s) dict_keys(['example_xcom']) retrieved from /home/sheyla/Documents/Repositórios/apache-airflow-extracao-de-dados/venv/lib/python3.9/site-packages/airflow/example_dags/example_xcom.py
[2024-03-18 20:06:19,523] {logging_mixin.py:115} INFO - [2024-03-18 20:06:19,523] {dag.py:2379} INFO - Sync 1 DAGs
[2024-03-18 20:06:19,534] {logging_mixin.py:115} INFO - [2024-03-18 20:06:19,534] {dag.py:2927} INFO - Setting next_dagrun for example_xcom to 2021-01-01T00:00:00+00:00, run_after=2021-01-01T00:00:00+00:00
[2024-03-18 20:06:19,545] {processor.py:161} INFO - Processing /home/sheyla/Documents/Repositórios/apache-airflow-extracao-de-dados/venv/lib/python3.9/site-packages/airflow/example_dags/example_xcom.py took 0.085 seconds
[2024-03-18 20:06:54,389] {processor.py:153} INFO - Started process (PID=1996139) to work on /home/sheyla/Documents/Repositórios/apache-airflow-extracao-de-dados/venv/lib/python3.9/site-packages/airflow/example_dags/example_xcom.py
[2024-03-18 20:06:54,395] {processor.py:641} INFO - Processing file /home/sheyla/Documents/Repositórios/apache-airflow-extracao-de-dados/venv/lib/python3.9/site-packages/airflow/example_dags/example_xcom.py for tasks to queue
[2024-03-18 20:06:54,396] {logging_mixin.py:115} INFO - [2024-03-18 20:06:54,396] {dagbag.py:507} INFO - Filling up the DagBag from /home/sheyla/Documents/Repositórios/apache-airflow-extracao-de-dados/venv/lib/python3.9/site-packages/airflow/example_dags/example_xcom.py
[2024-03-18 20:06:54,432] {processor.py:651} INFO - DAG(s) dict_keys(['example_xcom']) retrieved from /home/sheyla/Documents/Repositórios/apache-airflow-extracao-de-dados/venv/lib/python3.9/site-packages/airflow/example_dags/example_xcom.py
[2024-03-18 20:06:54,460] {logging_mixin.py:115} INFO - [2024-03-18 20:06:54,459] {dag.py:2379} INFO - Sync 1 DAGs
[2024-03-18 20:06:54,468] {logging_mixin.py:115} INFO - [2024-03-18 20:06:54,468] {dag.py:2927} INFO - Setting next_dagrun for example_xcom to 2021-01-01T00:00:00+00:00, run_after=2021-01-01T00:00:00+00:00
[2024-03-18 20:06:54,486] {processor.py:161} INFO - Processing /home/sheyla/Documents/Repositórios/apache-airflow-extracao-de-dados/venv/lib/python3.9/site-packages/airflow/example_dags/example_xcom.py took 0.104 seconds
[2024-03-18 20:07:28,014] {processor.py:153} INFO - Started process (PID=1996547) to work on /home/sheyla/Documents/Repositórios/apache-airflow-extracao-de-dados/venv/lib/python3.9/site-packages/airflow/example_dags/example_xcom.py
[2024-03-18 20:07:28,015] {processor.py:641} INFO - Processing file /home/sheyla/Documents/Repositórios/apache-airflow-extracao-de-dados/venv/lib/python3.9/site-packages/airflow/example_dags/example_xcom.py for tasks to queue
[2024-03-18 20:07:28,015] {logging_mixin.py:115} INFO - [2024-03-18 20:07:28,015] {dagbag.py:507} INFO - Filling up the DagBag from /home/sheyla/Documents/Repositórios/apache-airflow-extracao-de-dados/venv/lib/python3.9/site-packages/airflow/example_dags/example_xcom.py
[2024-03-18 20:07:28,031] {processor.py:651} INFO - DAG(s) dict_keys(['example_xcom']) retrieved from /home/sheyla/Documents/Repositórios/apache-airflow-extracao-de-dados/venv/lib/python3.9/site-packages/airflow/example_dags/example_xcom.py
[2024-03-18 20:07:28,040] {logging_mixin.py:115} INFO - [2024-03-18 20:07:28,040] {dag.py:2379} INFO - Sync 1 DAGs
[2024-03-18 20:07:28,052] {logging_mixin.py:115} INFO - [2024-03-18 20:07:28,052] {dag.py:2927} INFO - Setting next_dagrun for example_xcom to 2021-01-01T00:00:00+00:00, run_after=2021-01-01T00:00:00+00:00
[2024-03-18 20:07:28,064] {processor.py:161} INFO - Processing /home/sheyla/Documents/Repositórios/apache-airflow-extracao-de-dados/venv/lib/python3.9/site-packages/airflow/example_dags/example_xcom.py took 0.051 seconds
[2024-03-18 20:08:01,905] {processor.py:153} INFO - Started process (PID=1997449) to work on /home/sheyla/Documents/Repositórios/apache-airflow-extracao-de-dados/venv/lib/python3.9/site-packages/airflow/example_dags/example_xcom.py
[2024-03-18 20:08:01,916] {processor.py:641} INFO - Processing file /home/sheyla/Documents/Repositórios/apache-airflow-extracao-de-dados/venv/lib/python3.9/site-packages/airflow/example_dags/example_xcom.py for tasks to queue
[2024-03-18 20:08:01,916] {logging_mixin.py:115} INFO - [2024-03-18 20:08:01,916] {dagbag.py:507} INFO - Filling up the DagBag from /home/sheyla/Documents/Repositórios/apache-airflow-extracao-de-dados/venv/lib/python3.9/site-packages/airflow/example_dags/example_xcom.py
[2024-03-18 20:08:01,932] {processor.py:651} INFO - DAG(s) dict_keys(['example_xcom']) retrieved from /home/sheyla/Documents/Repositórios/apache-airflow-extracao-de-dados/venv/lib/python3.9/site-packages/airflow/example_dags/example_xcom.py
[2024-03-18 20:08:01,942] {logging_mixin.py:115} INFO - [2024-03-18 20:08:01,942] {dag.py:2379} INFO - Sync 1 DAGs
[2024-03-18 20:08:01,954] {logging_mixin.py:115} INFO - [2024-03-18 20:08:01,954] {dag.py:2927} INFO - Setting next_dagrun for example_xcom to 2021-01-01T00:00:00+00:00, run_after=2021-01-01T00:00:00+00:00
[2024-03-18 20:08:01,967] {processor.py:161} INFO - Processing /home/sheyla/Documents/Repositórios/apache-airflow-extracao-de-dados/venv/lib/python3.9/site-packages/airflow/example_dags/example_xcom.py took 0.064 seconds
[2024-03-18 20:08:38,861] {processor.py:153} INFO - Started process (PID=1998258) to work on /home/sheyla/Documents/Repositórios/apache-airflow-extracao-de-dados/venv/lib/python3.9/site-packages/airflow/example_dags/example_xcom.py
[2024-03-18 20:08:38,867] {processor.py:641} INFO - Processing file /home/sheyla/Documents/Repositórios/apache-airflow-extracao-de-dados/venv/lib/python3.9/site-packages/airflow/example_dags/example_xcom.py for tasks to queue
[2024-03-18 20:08:38,868] {logging_mixin.py:115} INFO - [2024-03-18 20:08:38,868] {dagbag.py:507} INFO - Filling up the DagBag from /home/sheyla/Documents/Repositórios/apache-airflow-extracao-de-dados/venv/lib/python3.9/site-packages/airflow/example_dags/example_xcom.py
[2024-03-18 20:08:38,901] {processor.py:651} INFO - DAG(s) dict_keys(['example_xcom']) retrieved from /home/sheyla/Documents/Repositórios/apache-airflow-extracao-de-dados/venv/lib/python3.9/site-packages/airflow/example_dags/example_xcom.py
[2024-03-18 20:08:38,913] {logging_mixin.py:115} INFO - [2024-03-18 20:08:38,912] {dag.py:2379} INFO - Sync 1 DAGs
[2024-03-18 20:08:38,923] {logging_mixin.py:115} INFO - [2024-03-18 20:08:38,923] {dag.py:2927} INFO - Setting next_dagrun for example_xcom to 2021-01-01T00:00:00+00:00, run_after=2021-01-01T00:00:00+00:00
[2024-03-18 20:08:38,936] {processor.py:161} INFO - Processing /home/sheyla/Documents/Repositórios/apache-airflow-extracao-de-dados/venv/lib/python3.9/site-packages/airflow/example_dags/example_xcom.py took 0.076 seconds
