[2024-03-18 19:57:17,797] {processor.py:153} INFO - Started process (PID=1990132) to work on /home/sheyla/Documents/Repositórios/apache-airflow-extracao-de-dados/venv/lib/python3.9/site-packages/airflow/example_dags/example_trigger_target_dag.py
[2024-03-18 19:57:17,799] {processor.py:641} INFO - Processing file /home/sheyla/Documents/Repositórios/apache-airflow-extracao-de-dados/venv/lib/python3.9/site-packages/airflow/example_dags/example_trigger_target_dag.py for tasks to queue
[2024-03-18 19:57:17,800] {logging_mixin.py:115} INFO - [2024-03-18 19:57:17,800] {dagbag.py:507} INFO - Filling up the DagBag from /home/sheyla/Documents/Repositórios/apache-airflow-extracao-de-dados/venv/lib/python3.9/site-packages/airflow/example_dags/example_trigger_target_dag.py
[2024-03-18 19:57:17,830] {processor.py:651} INFO - DAG(s) dict_keys(['example_trigger_target_dag']) retrieved from /home/sheyla/Documents/Repositórios/apache-airflow-extracao-de-dados/venv/lib/python3.9/site-packages/airflow/example_dags/example_trigger_target_dag.py
[2024-03-18 19:57:17,933] {logging_mixin.py:115} INFO - [2024-03-18 19:57:17,933] {manager.py:508} INFO - Created Permission View: can delete on DAG:example_trigger_target_dag
[2024-03-18 19:57:17,988] {logging_mixin.py:115} INFO - [2024-03-18 19:57:17,988] {manager.py:508} INFO - Created Permission View: can edit on DAG:example_trigger_target_dag
[2024-03-18 19:57:18,027] {logging_mixin.py:115} INFO - [2024-03-18 19:57:18,027] {manager.py:508} INFO - Created Permission View: can read on DAG:example_trigger_target_dag
[2024-03-18 19:57:18,028] {logging_mixin.py:115} INFO - [2024-03-18 19:57:18,028] {dag.py:2379} INFO - Sync 1 DAGs
[2024-03-18 19:57:18,048] {logging_mixin.py:115} INFO - [2024-03-18 19:57:18,047] {dag.py:2398} INFO - Creating ORM DAG for example_trigger_target_dag
[2024-03-18 19:57:18,064] {logging_mixin.py:115} INFO - [2024-03-18 19:57:18,064] {dag.py:2927} INFO - Setting next_dagrun for example_trigger_target_dag to None, run_after=None
[2024-03-18 19:57:18,107] {processor.py:161} INFO - Processing /home/sheyla/Documents/Repositórios/apache-airflow-extracao-de-dados/venv/lib/python3.9/site-packages/airflow/example_dags/example_trigger_target_dag.py took 0.318 seconds
[2024-03-18 19:57:54,036] {processor.py:153} INFO - Started process (PID=1990499) to work on /home/sheyla/Documents/Repositórios/apache-airflow-extracao-de-dados/venv/lib/python3.9/site-packages/airflow/example_dags/example_trigger_target_dag.py
[2024-03-18 19:57:54,043] {processor.py:641} INFO - Processing file /home/sheyla/Documents/Repositórios/apache-airflow-extracao-de-dados/venv/lib/python3.9/site-packages/airflow/example_dags/example_trigger_target_dag.py for tasks to queue
[2024-03-18 19:57:54,044] {logging_mixin.py:115} INFO - [2024-03-18 19:57:54,044] {dagbag.py:507} INFO - Filling up the DagBag from /home/sheyla/Documents/Repositórios/apache-airflow-extracao-de-dados/venv/lib/python3.9/site-packages/airflow/example_dags/example_trigger_target_dag.py
[2024-03-18 19:57:54,076] {processor.py:651} INFO - DAG(s) dict_keys(['example_trigger_target_dag']) retrieved from /home/sheyla/Documents/Repositórios/apache-airflow-extracao-de-dados/venv/lib/python3.9/site-packages/airflow/example_dags/example_trigger_target_dag.py
[2024-03-18 19:57:54,087] {logging_mixin.py:115} INFO - [2024-03-18 19:57:54,087] {dag.py:2379} INFO - Sync 1 DAGs
[2024-03-18 19:57:54,098] {logging_mixin.py:115} INFO - [2024-03-18 19:57:54,098] {dag.py:2927} INFO - Setting next_dagrun for example_trigger_target_dag to None, run_after=None
[2024-03-18 19:57:54,110] {processor.py:161} INFO - Processing /home/sheyla/Documents/Repositórios/apache-airflow-extracao-de-dados/venv/lib/python3.9/site-packages/airflow/example_dags/example_trigger_target_dag.py took 0.081 seconds
[2024-03-18 19:58:27,894] {processor.py:153} INFO - Started process (PID=1990834) to work on /home/sheyla/Documents/Repositórios/apache-airflow-extracao-de-dados/venv/lib/python3.9/site-packages/airflow/example_dags/example_trigger_target_dag.py
[2024-03-18 19:58:27,900] {processor.py:641} INFO - Processing file /home/sheyla/Documents/Repositórios/apache-airflow-extracao-de-dados/venv/lib/python3.9/site-packages/airflow/example_dags/example_trigger_target_dag.py for tasks to queue
[2024-03-18 19:58:27,901] {logging_mixin.py:115} INFO - [2024-03-18 19:58:27,901] {dagbag.py:507} INFO - Filling up the DagBag from /home/sheyla/Documents/Repositórios/apache-airflow-extracao-de-dados/venv/lib/python3.9/site-packages/airflow/example_dags/example_trigger_target_dag.py
[2024-03-18 19:58:27,935] {processor.py:651} INFO - DAG(s) dict_keys(['example_trigger_target_dag']) retrieved from /home/sheyla/Documents/Repositórios/apache-airflow-extracao-de-dados/venv/lib/python3.9/site-packages/airflow/example_dags/example_trigger_target_dag.py
[2024-03-18 19:58:27,946] {logging_mixin.py:115} INFO - [2024-03-18 19:58:27,946] {dag.py:2379} INFO - Sync 1 DAGs
[2024-03-18 19:58:27,957] {logging_mixin.py:115} INFO - [2024-03-18 19:58:27,957] {dag.py:2927} INFO - Setting next_dagrun for example_trigger_target_dag to None, run_after=None
[2024-03-18 19:58:27,969] {processor.py:161} INFO - Processing /home/sheyla/Documents/Repositórios/apache-airflow-extracao-de-dados/venv/lib/python3.9/site-packages/airflow/example_dags/example_trigger_target_dag.py took 0.082 seconds
[2024-03-18 19:59:00,345] {processor.py:153} INFO - Started process (PID=1991154) to work on /home/sheyla/Documents/Repositórios/apache-airflow-extracao-de-dados/venv/lib/python3.9/site-packages/airflow/example_dags/example_trigger_target_dag.py
[2024-03-18 19:59:00,351] {processor.py:641} INFO - Processing file /home/sheyla/Documents/Repositórios/apache-airflow-extracao-de-dados/venv/lib/python3.9/site-packages/airflow/example_dags/example_trigger_target_dag.py for tasks to queue
[2024-03-18 19:59:00,351] {logging_mixin.py:115} INFO - [2024-03-18 19:59:00,351] {dagbag.py:507} INFO - Filling up the DagBag from /home/sheyla/Documents/Repositórios/apache-airflow-extracao-de-dados/venv/lib/python3.9/site-packages/airflow/example_dags/example_trigger_target_dag.py
[2024-03-18 19:59:00,367] {processor.py:651} INFO - DAG(s) dict_keys(['example_trigger_target_dag']) retrieved from /home/sheyla/Documents/Repositórios/apache-airflow-extracao-de-dados/venv/lib/python3.9/site-packages/airflow/example_dags/example_trigger_target_dag.py
[2024-03-18 19:59:00,379] {logging_mixin.py:115} INFO - [2024-03-18 19:59:00,379] {dag.py:2379} INFO - Sync 1 DAGs
[2024-03-18 19:59:00,391] {logging_mixin.py:115} INFO - [2024-03-18 19:59:00,391] {dag.py:2927} INFO - Setting next_dagrun for example_trigger_target_dag to None, run_after=None
[2024-03-18 19:59:00,402] {processor.py:161} INFO - Processing /home/sheyla/Documents/Repositórios/apache-airflow-extracao-de-dados/venv/lib/python3.9/site-packages/airflow/example_dags/example_trigger_target_dag.py took 0.059 seconds
[2024-03-18 19:59:33,532] {processor.py:153} INFO - Started process (PID=1991488) to work on /home/sheyla/Documents/Repositórios/apache-airflow-extracao-de-dados/venv/lib/python3.9/site-packages/airflow/example_dags/example_trigger_target_dag.py
[2024-03-18 19:59:33,535] {processor.py:641} INFO - Processing file /home/sheyla/Documents/Repositórios/apache-airflow-extracao-de-dados/venv/lib/python3.9/site-packages/airflow/example_dags/example_trigger_target_dag.py for tasks to queue
[2024-03-18 19:59:33,536] {logging_mixin.py:115} INFO - [2024-03-18 19:59:33,536] {dagbag.py:507} INFO - Filling up the DagBag from /home/sheyla/Documents/Repositórios/apache-airflow-extracao-de-dados/venv/lib/python3.9/site-packages/airflow/example_dags/example_trigger_target_dag.py
[2024-03-18 19:59:33,556] {processor.py:651} INFO - DAG(s) dict_keys(['example_trigger_target_dag']) retrieved from /home/sheyla/Documents/Repositórios/apache-airflow-extracao-de-dados/venv/lib/python3.9/site-packages/airflow/example_dags/example_trigger_target_dag.py
[2024-03-18 19:59:33,568] {logging_mixin.py:115} INFO - [2024-03-18 19:59:33,568] {dag.py:2379} INFO - Sync 1 DAGs
[2024-03-18 19:59:33,580] {logging_mixin.py:115} INFO - [2024-03-18 19:59:33,580] {dag.py:2927} INFO - Setting next_dagrun for example_trigger_target_dag to None, run_after=None
[2024-03-18 19:59:33,593] {processor.py:161} INFO - Processing /home/sheyla/Documents/Repositórios/apache-airflow-extracao-de-dados/venv/lib/python3.9/site-packages/airflow/example_dags/example_trigger_target_dag.py took 0.063 seconds
[2024-03-18 20:00:08,240] {processor.py:153} INFO - Started process (PID=1991858) to work on /home/sheyla/Documents/Repositórios/apache-airflow-extracao-de-dados/venv/lib/python3.9/site-packages/airflow/example_dags/example_trigger_target_dag.py
[2024-03-18 20:00:08,241] {processor.py:641} INFO - Processing file /home/sheyla/Documents/Repositórios/apache-airflow-extracao-de-dados/venv/lib/python3.9/site-packages/airflow/example_dags/example_trigger_target_dag.py for tasks to queue
[2024-03-18 20:00:08,242] {logging_mixin.py:115} INFO - [2024-03-18 20:00:08,242] {dagbag.py:507} INFO - Filling up the DagBag from /home/sheyla/Documents/Repositórios/apache-airflow-extracao-de-dados/venv/lib/python3.9/site-packages/airflow/example_dags/example_trigger_target_dag.py
[2024-03-18 20:00:08,257] {processor.py:651} INFO - DAG(s) dict_keys(['example_trigger_target_dag']) retrieved from /home/sheyla/Documents/Repositórios/apache-airflow-extracao-de-dados/venv/lib/python3.9/site-packages/airflow/example_dags/example_trigger_target_dag.py
[2024-03-18 20:00:08,267] {logging_mixin.py:115} INFO - [2024-03-18 20:00:08,267] {dag.py:2379} INFO - Sync 1 DAGs
[2024-03-18 20:00:08,277] {logging_mixin.py:115} INFO - [2024-03-18 20:00:08,277] {dag.py:2927} INFO - Setting next_dagrun for example_trigger_target_dag to None, run_after=None
[2024-03-18 20:00:08,287] {processor.py:161} INFO - Processing /home/sheyla/Documents/Repositórios/apache-airflow-extracao-de-dados/venv/lib/python3.9/site-packages/airflow/example_dags/example_trigger_target_dag.py took 0.049 seconds
[2024-03-18 20:00:43,753] {processor.py:153} INFO - Started process (PID=1992284) to work on /home/sheyla/Documents/Repositórios/apache-airflow-extracao-de-dados/venv/lib/python3.9/site-packages/airflow/example_dags/example_trigger_target_dag.py
[2024-03-18 20:00:43,758] {processor.py:641} INFO - Processing file /home/sheyla/Documents/Repositórios/apache-airflow-extracao-de-dados/venv/lib/python3.9/site-packages/airflow/example_dags/example_trigger_target_dag.py for tasks to queue
[2024-03-18 20:00:43,759] {logging_mixin.py:115} INFO - [2024-03-18 20:00:43,758] {dagbag.py:507} INFO - Filling up the DagBag from /home/sheyla/Documents/Repositórios/apache-airflow-extracao-de-dados/venv/lib/python3.9/site-packages/airflow/example_dags/example_trigger_target_dag.py
[2024-03-18 20:00:43,776] {processor.py:651} INFO - DAG(s) dict_keys(['example_trigger_target_dag']) retrieved from /home/sheyla/Documents/Repositórios/apache-airflow-extracao-de-dados/venv/lib/python3.9/site-packages/airflow/example_dags/example_trigger_target_dag.py
[2024-03-18 20:00:43,790] {logging_mixin.py:115} INFO - [2024-03-18 20:00:43,789] {dag.py:2379} INFO - Sync 1 DAGs
[2024-03-18 20:00:43,802] {logging_mixin.py:115} INFO - [2024-03-18 20:00:43,801] {dag.py:2927} INFO - Setting next_dagrun for example_trigger_target_dag to None, run_after=None
[2024-03-18 20:00:43,814] {processor.py:161} INFO - Processing /home/sheyla/Documents/Repositórios/apache-airflow-extracao-de-dados/venv/lib/python3.9/site-packages/airflow/example_dags/example_trigger_target_dag.py took 0.063 seconds
[2024-03-18 20:01:15,496] {processor.py:153} INFO - Started process (PID=1992596) to work on /home/sheyla/Documents/Repositórios/apache-airflow-extracao-de-dados/venv/lib/python3.9/site-packages/airflow/example_dags/example_trigger_target_dag.py
[2024-03-18 20:01:15,502] {processor.py:641} INFO - Processing file /home/sheyla/Documents/Repositórios/apache-airflow-extracao-de-dados/venv/lib/python3.9/site-packages/airflow/example_dags/example_trigger_target_dag.py for tasks to queue
[2024-03-18 20:01:15,504] {logging_mixin.py:115} INFO - [2024-03-18 20:01:15,503] {dagbag.py:507} INFO - Filling up the DagBag from /home/sheyla/Documents/Repositórios/apache-airflow-extracao-de-dados/venv/lib/python3.9/site-packages/airflow/example_dags/example_trigger_target_dag.py
[2024-03-18 20:01:15,534] {processor.py:651} INFO - DAG(s) dict_keys(['example_trigger_target_dag']) retrieved from /home/sheyla/Documents/Repositórios/apache-airflow-extracao-de-dados/venv/lib/python3.9/site-packages/airflow/example_dags/example_trigger_target_dag.py
[2024-03-18 20:01:15,545] {logging_mixin.py:115} INFO - [2024-03-18 20:01:15,545] {dag.py:2379} INFO - Sync 1 DAGs
[2024-03-18 20:01:15,556] {logging_mixin.py:115} INFO - [2024-03-18 20:01:15,556] {dag.py:2927} INFO - Setting next_dagrun for example_trigger_target_dag to None, run_after=None
[2024-03-18 20:01:15,568] {processor.py:161} INFO - Processing /home/sheyla/Documents/Repositórios/apache-airflow-extracao-de-dados/venv/lib/python3.9/site-packages/airflow/example_dags/example_trigger_target_dag.py took 0.079 seconds
[2024-03-18 20:01:48,597] {processor.py:153} INFO - Started process (PID=1992957) to work on /home/sheyla/Documents/Repositórios/apache-airflow-extracao-de-dados/venv/lib/python3.9/site-packages/airflow/example_dags/example_trigger_target_dag.py
[2024-03-18 20:01:48,598] {processor.py:641} INFO - Processing file /home/sheyla/Documents/Repositórios/apache-airflow-extracao-de-dados/venv/lib/python3.9/site-packages/airflow/example_dags/example_trigger_target_dag.py for tasks to queue
[2024-03-18 20:01:48,600] {logging_mixin.py:115} INFO - [2024-03-18 20:01:48,599] {dagbag.py:507} INFO - Filling up the DagBag from /home/sheyla/Documents/Repositórios/apache-airflow-extracao-de-dados/venv/lib/python3.9/site-packages/airflow/example_dags/example_trigger_target_dag.py
[2024-03-18 20:01:48,631] {processor.py:651} INFO - DAG(s) dict_keys(['example_trigger_target_dag']) retrieved from /home/sheyla/Documents/Repositórios/apache-airflow-extracao-de-dados/venv/lib/python3.9/site-packages/airflow/example_dags/example_trigger_target_dag.py
[2024-03-18 20:01:48,642] {logging_mixin.py:115} INFO - [2024-03-18 20:01:48,642] {dag.py:2379} INFO - Sync 1 DAGs
[2024-03-18 20:01:48,653] {logging_mixin.py:115} INFO - [2024-03-18 20:01:48,653] {dag.py:2927} INFO - Setting next_dagrun for example_trigger_target_dag to None, run_after=None
[2024-03-18 20:01:48,664] {processor.py:161} INFO - Processing /home/sheyla/Documents/Repositórios/apache-airflow-extracao-de-dados/venv/lib/python3.9/site-packages/airflow/example_dags/example_trigger_target_dag.py took 0.074 seconds
[2024-03-18 20:02:23,220] {processor.py:153} INFO - Started process (PID=1993304) to work on /home/sheyla/Documents/Repositórios/apache-airflow-extracao-de-dados/venv/lib/python3.9/site-packages/airflow/example_dags/example_trigger_target_dag.py
[2024-03-18 20:02:23,222] {processor.py:641} INFO - Processing file /home/sheyla/Documents/Repositórios/apache-airflow-extracao-de-dados/venv/lib/python3.9/site-packages/airflow/example_dags/example_trigger_target_dag.py for tasks to queue
[2024-03-18 20:02:23,223] {logging_mixin.py:115} INFO - [2024-03-18 20:02:23,223] {dagbag.py:507} INFO - Filling up the DagBag from /home/sheyla/Documents/Repositórios/apache-airflow-extracao-de-dados/venv/lib/python3.9/site-packages/airflow/example_dags/example_trigger_target_dag.py
[2024-03-18 20:02:23,253] {processor.py:651} INFO - DAG(s) dict_keys(['example_trigger_target_dag']) retrieved from /home/sheyla/Documents/Repositórios/apache-airflow-extracao-de-dados/venv/lib/python3.9/site-packages/airflow/example_dags/example_trigger_target_dag.py
[2024-03-18 20:02:23,263] {logging_mixin.py:115} INFO - [2024-03-18 20:02:23,263] {dag.py:2379} INFO - Sync 1 DAGs
[2024-03-18 20:02:23,274] {logging_mixin.py:115} INFO - [2024-03-18 20:02:23,274] {dag.py:2927} INFO - Setting next_dagrun for example_trigger_target_dag to None, run_after=None
[2024-03-18 20:02:23,286] {processor.py:161} INFO - Processing /home/sheyla/Documents/Repositórios/apache-airflow-extracao-de-dados/venv/lib/python3.9/site-packages/airflow/example_dags/example_trigger_target_dag.py took 0.072 seconds
[2024-03-18 20:02:54,694] {processor.py:153} INFO - Started process (PID=1993619) to work on /home/sheyla/Documents/Repositórios/apache-airflow-extracao-de-dados/venv/lib/python3.9/site-packages/airflow/example_dags/example_trigger_target_dag.py
[2024-03-18 20:02:54,700] {processor.py:641} INFO - Processing file /home/sheyla/Documents/Repositórios/apache-airflow-extracao-de-dados/venv/lib/python3.9/site-packages/airflow/example_dags/example_trigger_target_dag.py for tasks to queue
[2024-03-18 20:02:54,701] {logging_mixin.py:115} INFO - [2024-03-18 20:02:54,701] {dagbag.py:507} INFO - Filling up the DagBag from /home/sheyla/Documents/Repositórios/apache-airflow-extracao-de-dados/venv/lib/python3.9/site-packages/airflow/example_dags/example_trigger_target_dag.py
[2024-03-18 20:02:54,733] {processor.py:651} INFO - DAG(s) dict_keys(['example_trigger_target_dag']) retrieved from /home/sheyla/Documents/Repositórios/apache-airflow-extracao-de-dados/venv/lib/python3.9/site-packages/airflow/example_dags/example_trigger_target_dag.py
[2024-03-18 20:02:54,744] {logging_mixin.py:115} INFO - [2024-03-18 20:02:54,744] {dag.py:2379} INFO - Sync 1 DAGs
[2024-03-18 20:02:54,755] {logging_mixin.py:115} INFO - [2024-03-18 20:02:54,755] {dag.py:2927} INFO - Setting next_dagrun for example_trigger_target_dag to None, run_after=None
[2024-03-18 20:02:54,767] {processor.py:161} INFO - Processing /home/sheyla/Documents/Repositórios/apache-airflow-extracao-de-dados/venv/lib/python3.9/site-packages/airflow/example_dags/example_trigger_target_dag.py took 0.081 seconds
[2024-03-18 20:03:28,440] {processor.py:153} INFO - Started process (PID=1993957) to work on /home/sheyla/Documents/Repositórios/apache-airflow-extracao-de-dados/venv/lib/python3.9/site-packages/airflow/example_dags/example_trigger_target_dag.py
[2024-03-18 20:03:28,445] {processor.py:641} INFO - Processing file /home/sheyla/Documents/Repositórios/apache-airflow-extracao-de-dados/venv/lib/python3.9/site-packages/airflow/example_dags/example_trigger_target_dag.py for tasks to queue
[2024-03-18 20:03:28,445] {logging_mixin.py:115} INFO - [2024-03-18 20:03:28,445] {dagbag.py:507} INFO - Filling up the DagBag from /home/sheyla/Documents/Repositórios/apache-airflow-extracao-de-dados/venv/lib/python3.9/site-packages/airflow/example_dags/example_trigger_target_dag.py
[2024-03-18 20:03:28,462] {processor.py:651} INFO - DAG(s) dict_keys(['example_trigger_target_dag']) retrieved from /home/sheyla/Documents/Repositórios/apache-airflow-extracao-de-dados/venv/lib/python3.9/site-packages/airflow/example_dags/example_trigger_target_dag.py
[2024-03-18 20:03:28,473] {logging_mixin.py:115} INFO - [2024-03-18 20:03:28,473] {dag.py:2379} INFO - Sync 1 DAGs
[2024-03-18 20:03:28,485] {logging_mixin.py:115} INFO - [2024-03-18 20:03:28,485] {dag.py:2927} INFO - Setting next_dagrun for example_trigger_target_dag to None, run_after=None
[2024-03-18 20:03:28,496] {processor.py:161} INFO - Processing /home/sheyla/Documents/Repositórios/apache-airflow-extracao-de-dados/venv/lib/python3.9/site-packages/airflow/example_dags/example_trigger_target_dag.py took 0.058 seconds
[2024-03-18 20:04:01,191] {processor.py:153} INFO - Started process (PID=1994283) to work on /home/sheyla/Documents/Repositórios/apache-airflow-extracao-de-dados/venv/lib/python3.9/site-packages/airflow/example_dags/example_trigger_target_dag.py
[2024-03-18 20:04:01,198] {processor.py:641} INFO - Processing file /home/sheyla/Documents/Repositórios/apache-airflow-extracao-de-dados/venv/lib/python3.9/site-packages/airflow/example_dags/example_trigger_target_dag.py for tasks to queue
[2024-03-18 20:04:01,199] {logging_mixin.py:115} INFO - [2024-03-18 20:04:01,199] {dagbag.py:507} INFO - Filling up the DagBag from /home/sheyla/Documents/Repositórios/apache-airflow-extracao-de-dados/venv/lib/python3.9/site-packages/airflow/example_dags/example_trigger_target_dag.py
[2024-03-18 20:04:01,232] {processor.py:651} INFO - DAG(s) dict_keys(['example_trigger_target_dag']) retrieved from /home/sheyla/Documents/Repositórios/apache-airflow-extracao-de-dados/venv/lib/python3.9/site-packages/airflow/example_dags/example_trigger_target_dag.py
[2024-03-18 20:04:01,243] {logging_mixin.py:115} INFO - [2024-03-18 20:04:01,243] {dag.py:2379} INFO - Sync 1 DAGs
[2024-03-18 20:04:01,254] {logging_mixin.py:115} INFO - [2024-03-18 20:04:01,254] {dag.py:2927} INFO - Setting next_dagrun for example_trigger_target_dag to None, run_after=None
[2024-03-18 20:04:01,266] {processor.py:161} INFO - Processing /home/sheyla/Documents/Repositórios/apache-airflow-extracao-de-dados/venv/lib/python3.9/site-packages/airflow/example_dags/example_trigger_target_dag.py took 0.081 seconds
[2024-03-18 20:04:33,768] {processor.py:153} INFO - Started process (PID=1994604) to work on /home/sheyla/Documents/Repositórios/apache-airflow-extracao-de-dados/venv/lib/python3.9/site-packages/airflow/example_dags/example_trigger_target_dag.py
[2024-03-18 20:04:33,771] {processor.py:641} INFO - Processing file /home/sheyla/Documents/Repositórios/apache-airflow-extracao-de-dados/venv/lib/python3.9/site-packages/airflow/example_dags/example_trigger_target_dag.py for tasks to queue
[2024-03-18 20:04:33,772] {logging_mixin.py:115} INFO - [2024-03-18 20:04:33,772] {dagbag.py:507} INFO - Filling up the DagBag from /home/sheyla/Documents/Repositórios/apache-airflow-extracao-de-dados/venv/lib/python3.9/site-packages/airflow/example_dags/example_trigger_target_dag.py
[2024-03-18 20:04:33,794] {processor.py:651} INFO - DAG(s) dict_keys(['example_trigger_target_dag']) retrieved from /home/sheyla/Documents/Repositórios/apache-airflow-extracao-de-dados/venv/lib/python3.9/site-packages/airflow/example_dags/example_trigger_target_dag.py
[2024-03-18 20:04:33,808] {logging_mixin.py:115} INFO - [2024-03-18 20:04:33,808] {dag.py:2379} INFO - Sync 1 DAGs
[2024-03-18 20:04:33,820] {logging_mixin.py:115} INFO - [2024-03-18 20:04:33,820] {dag.py:2927} INFO - Setting next_dagrun for example_trigger_target_dag to None, run_after=None
[2024-03-18 20:04:33,832] {processor.py:161} INFO - Processing /home/sheyla/Documents/Repositórios/apache-airflow-extracao-de-dados/venv/lib/python3.9/site-packages/airflow/example_dags/example_trigger_target_dag.py took 0.066 seconds
[2024-03-18 20:05:08,723] {processor.py:153} INFO - Started process (PID=1994960) to work on /home/sheyla/Documents/Repositórios/apache-airflow-extracao-de-dados/venv/lib/python3.9/site-packages/airflow/example_dags/example_trigger_target_dag.py
[2024-03-18 20:05:08,728] {processor.py:641} INFO - Processing file /home/sheyla/Documents/Repositórios/apache-airflow-extracao-de-dados/venv/lib/python3.9/site-packages/airflow/example_dags/example_trigger_target_dag.py for tasks to queue
[2024-03-18 20:05:08,729] {logging_mixin.py:115} INFO - [2024-03-18 20:05:08,729] {dagbag.py:507} INFO - Filling up the DagBag from /home/sheyla/Documents/Repositórios/apache-airflow-extracao-de-dados/venv/lib/python3.9/site-packages/airflow/example_dags/example_trigger_target_dag.py
[2024-03-18 20:05:08,747] {processor.py:651} INFO - DAG(s) dict_keys(['example_trigger_target_dag']) retrieved from /home/sheyla/Documents/Repositórios/apache-airflow-extracao-de-dados/venv/lib/python3.9/site-packages/airflow/example_dags/example_trigger_target_dag.py
[2024-03-18 20:05:08,761] {logging_mixin.py:115} INFO - [2024-03-18 20:05:08,760] {dag.py:2379} INFO - Sync 1 DAGs
[2024-03-18 20:05:08,772] {logging_mixin.py:115} INFO - [2024-03-18 20:05:08,772] {dag.py:2927} INFO - Setting next_dagrun for example_trigger_target_dag to None, run_after=None
[2024-03-18 20:05:08,784] {processor.py:161} INFO - Processing /home/sheyla/Documents/Repositórios/apache-airflow-extracao-de-dados/venv/lib/python3.9/site-packages/airflow/example_dags/example_trigger_target_dag.py took 0.064 seconds
[2024-03-18 20:05:42,541] {processor.py:153} INFO - Started process (PID=1995316) to work on /home/sheyla/Documents/Repositórios/apache-airflow-extracao-de-dados/venv/lib/python3.9/site-packages/airflow/example_dags/example_trigger_target_dag.py
[2024-03-18 20:05:42,541] {processor.py:641} INFO - Processing file /home/sheyla/Documents/Repositórios/apache-airflow-extracao-de-dados/venv/lib/python3.9/site-packages/airflow/example_dags/example_trigger_target_dag.py for tasks to queue
[2024-03-18 20:05:42,542] {logging_mixin.py:115} INFO - [2024-03-18 20:05:42,542] {dagbag.py:507} INFO - Filling up the DagBag from /home/sheyla/Documents/Repositórios/apache-airflow-extracao-de-dados/venv/lib/python3.9/site-packages/airflow/example_dags/example_trigger_target_dag.py
[2024-03-18 20:05:42,559] {processor.py:651} INFO - DAG(s) dict_keys(['example_trigger_target_dag']) retrieved from /home/sheyla/Documents/Repositórios/apache-airflow-extracao-de-dados/venv/lib/python3.9/site-packages/airflow/example_dags/example_trigger_target_dag.py
[2024-03-18 20:05:42,571] {logging_mixin.py:115} INFO - [2024-03-18 20:05:42,571] {dag.py:2379} INFO - Sync 1 DAGs
[2024-03-18 20:05:42,588] {logging_mixin.py:115} INFO - [2024-03-18 20:05:42,588] {dag.py:2927} INFO - Setting next_dagrun for example_trigger_target_dag to None, run_after=None
[2024-03-18 20:05:42,604] {processor.py:161} INFO - Processing /home/sheyla/Documents/Repositórios/apache-airflow-extracao-de-dados/venv/lib/python3.9/site-packages/airflow/example_dags/example_trigger_target_dag.py took 0.066 seconds
[2024-03-18 20:06:17,037] {processor.py:153} INFO - Started process (PID=1995750) to work on /home/sheyla/Documents/Repositórios/apache-airflow-extracao-de-dados/venv/lib/python3.9/site-packages/airflow/example_dags/example_trigger_target_dag.py
[2024-03-18 20:06:17,042] {processor.py:641} INFO - Processing file /home/sheyla/Documents/Repositórios/apache-airflow-extracao-de-dados/venv/lib/python3.9/site-packages/airflow/example_dags/example_trigger_target_dag.py for tasks to queue
[2024-03-18 20:06:17,044] {logging_mixin.py:115} INFO - [2024-03-18 20:06:17,043] {dagbag.py:507} INFO - Filling up the DagBag from /home/sheyla/Documents/Repositórios/apache-airflow-extracao-de-dados/venv/lib/python3.9/site-packages/airflow/example_dags/example_trigger_target_dag.py
[2024-03-18 20:06:17,081] {processor.py:651} INFO - DAG(s) dict_keys(['example_trigger_target_dag']) retrieved from /home/sheyla/Documents/Repositórios/apache-airflow-extracao-de-dados/venv/lib/python3.9/site-packages/airflow/example_dags/example_trigger_target_dag.py
[2024-03-18 20:06:17,093] {logging_mixin.py:115} INFO - [2024-03-18 20:06:17,093] {dag.py:2379} INFO - Sync 1 DAGs
[2024-03-18 20:06:17,104] {logging_mixin.py:115} INFO - [2024-03-18 20:06:17,104] {dag.py:2927} INFO - Setting next_dagrun for example_trigger_target_dag to None, run_after=None
[2024-03-18 20:06:17,117] {processor.py:161} INFO - Processing /home/sheyla/Documents/Repositórios/apache-airflow-extracao-de-dados/venv/lib/python3.9/site-packages/airflow/example_dags/example_trigger_target_dag.py took 0.082 seconds
[2024-03-18 20:06:53,235] {processor.py:153} INFO - Started process (PID=1996130) to work on /home/sheyla/Documents/Repositórios/apache-airflow-extracao-de-dados/venv/lib/python3.9/site-packages/airflow/example_dags/example_trigger_target_dag.py
[2024-03-18 20:06:53,236] {processor.py:641} INFO - Processing file /home/sheyla/Documents/Repositórios/apache-airflow-extracao-de-dados/venv/lib/python3.9/site-packages/airflow/example_dags/example_trigger_target_dag.py for tasks to queue
[2024-03-18 20:06:53,236] {logging_mixin.py:115} INFO - [2024-03-18 20:06:53,236] {dagbag.py:507} INFO - Filling up the DagBag from /home/sheyla/Documents/Repositórios/apache-airflow-extracao-de-dados/venv/lib/python3.9/site-packages/airflow/example_dags/example_trigger_target_dag.py
[2024-03-18 20:06:53,250] {processor.py:651} INFO - DAG(s) dict_keys(['example_trigger_target_dag']) retrieved from /home/sheyla/Documents/Repositórios/apache-airflow-extracao-de-dados/venv/lib/python3.9/site-packages/airflow/example_dags/example_trigger_target_dag.py
[2024-03-18 20:06:53,261] {logging_mixin.py:115} INFO - [2024-03-18 20:06:53,261] {dag.py:2379} INFO - Sync 1 DAGs
[2024-03-18 20:06:53,272] {logging_mixin.py:115} INFO - [2024-03-18 20:06:53,272] {dag.py:2927} INFO - Setting next_dagrun for example_trigger_target_dag to None, run_after=None
[2024-03-18 20:06:53,286] {processor.py:161} INFO - Processing /home/sheyla/Documents/Repositórios/apache-airflow-extracao-de-dados/venv/lib/python3.9/site-packages/airflow/example_dags/example_trigger_target_dag.py took 0.052 seconds
[2024-03-18 20:07:27,527] {processor.py:153} INFO - Started process (PID=1996540) to work on /home/sheyla/Documents/Repositórios/apache-airflow-extracao-de-dados/venv/lib/python3.9/site-packages/airflow/example_dags/example_trigger_target_dag.py
[2024-03-18 20:07:27,528] {processor.py:641} INFO - Processing file /home/sheyla/Documents/Repositórios/apache-airflow-extracao-de-dados/venv/lib/python3.9/site-packages/airflow/example_dags/example_trigger_target_dag.py for tasks to queue
[2024-03-18 20:07:27,528] {logging_mixin.py:115} INFO - [2024-03-18 20:07:27,528] {dagbag.py:507} INFO - Filling up the DagBag from /home/sheyla/Documents/Repositórios/apache-airflow-extracao-de-dados/venv/lib/python3.9/site-packages/airflow/example_dags/example_trigger_target_dag.py
[2024-03-18 20:07:27,538] {processor.py:651} INFO - DAG(s) dict_keys(['example_trigger_target_dag']) retrieved from /home/sheyla/Documents/Repositórios/apache-airflow-extracao-de-dados/venv/lib/python3.9/site-packages/airflow/example_dags/example_trigger_target_dag.py
[2024-03-18 20:07:27,546] {logging_mixin.py:115} INFO - [2024-03-18 20:07:27,546] {dag.py:2379} INFO - Sync 1 DAGs
[2024-03-18 20:07:27,557] {logging_mixin.py:115} INFO - [2024-03-18 20:07:27,557] {dag.py:2927} INFO - Setting next_dagrun for example_trigger_target_dag to None, run_after=None
[2024-03-18 20:07:27,567] {processor.py:161} INFO - Processing /home/sheyla/Documents/Repositórios/apache-airflow-extracao-de-dados/venv/lib/python3.9/site-packages/airflow/example_dags/example_trigger_target_dag.py took 0.042 seconds
[2024-03-18 20:08:01,735] {processor.py:153} INFO - Started process (PID=1997448) to work on /home/sheyla/Documents/Repositórios/apache-airflow-extracao-de-dados/venv/lib/python3.9/site-packages/airflow/example_dags/example_trigger_target_dag.py
[2024-03-18 20:08:01,741] {processor.py:641} INFO - Processing file /home/sheyla/Documents/Repositórios/apache-airflow-extracao-de-dados/venv/lib/python3.9/site-packages/airflow/example_dags/example_trigger_target_dag.py for tasks to queue
[2024-03-18 20:08:01,742] {logging_mixin.py:115} INFO - [2024-03-18 20:08:01,742] {dagbag.py:507} INFO - Filling up the DagBag from /home/sheyla/Documents/Repositórios/apache-airflow-extracao-de-dados/venv/lib/python3.9/site-packages/airflow/example_dags/example_trigger_target_dag.py
[2024-03-18 20:08:01,763] {processor.py:651} INFO - DAG(s) dict_keys(['example_trigger_target_dag']) retrieved from /home/sheyla/Documents/Repositórios/apache-airflow-extracao-de-dados/venv/lib/python3.9/site-packages/airflow/example_dags/example_trigger_target_dag.py
[2024-03-18 20:08:01,774] {logging_mixin.py:115} INFO - [2024-03-18 20:08:01,774] {dag.py:2379} INFO - Sync 1 DAGs
[2024-03-18 20:08:01,786] {logging_mixin.py:115} INFO - [2024-03-18 20:08:01,786] {dag.py:2927} INFO - Setting next_dagrun for example_trigger_target_dag to None, run_after=None
[2024-03-18 20:08:01,800] {processor.py:161} INFO - Processing /home/sheyla/Documents/Repositórios/apache-airflow-extracao-de-dados/venv/lib/python3.9/site-packages/airflow/example_dags/example_trigger_target_dag.py took 0.066 seconds
[2024-03-18 20:08:37,739] {processor.py:153} INFO - Started process (PID=1998210) to work on /home/sheyla/Documents/Repositórios/apache-airflow-extracao-de-dados/venv/lib/python3.9/site-packages/airflow/example_dags/example_trigger_target_dag.py
[2024-03-18 20:08:37,744] {processor.py:641} INFO - Processing file /home/sheyla/Documents/Repositórios/apache-airflow-extracao-de-dados/venv/lib/python3.9/site-packages/airflow/example_dags/example_trigger_target_dag.py for tasks to queue
[2024-03-18 20:08:37,745] {logging_mixin.py:115} INFO - [2024-03-18 20:08:37,745] {dagbag.py:507} INFO - Filling up the DagBag from /home/sheyla/Documents/Repositórios/apache-airflow-extracao-de-dados/venv/lib/python3.9/site-packages/airflow/example_dags/example_trigger_target_dag.py
[2024-03-18 20:08:37,767] {processor.py:651} INFO - DAG(s) dict_keys(['example_trigger_target_dag']) retrieved from /home/sheyla/Documents/Repositórios/apache-airflow-extracao-de-dados/venv/lib/python3.9/site-packages/airflow/example_dags/example_trigger_target_dag.py
[2024-03-18 20:08:37,777] {logging_mixin.py:115} INFO - [2024-03-18 20:08:37,777] {dag.py:2379} INFO - Sync 1 DAGs
[2024-03-18 20:08:37,788] {logging_mixin.py:115} INFO - [2024-03-18 20:08:37,788] {dag.py:2927} INFO - Setting next_dagrun for example_trigger_target_dag to None, run_after=None
[2024-03-18 20:08:37,801] {processor.py:161} INFO - Processing /home/sheyla/Documents/Repositórios/apache-airflow-extracao-de-dados/venv/lib/python3.9/site-packages/airflow/example_dags/example_trigger_target_dag.py took 0.065 seconds
[2024-03-18 20:09:09,767] {processor.py:153} INFO - Started process (PID=1998913) to work on /home/sheyla/Documents/Repositórios/apache-airflow-extracao-de-dados/venv/lib/python3.9/site-packages/airflow/example_dags/example_trigger_target_dag.py
[2024-03-18 20:09:09,770] {processor.py:641} INFO - Processing file /home/sheyla/Documents/Repositórios/apache-airflow-extracao-de-dados/venv/lib/python3.9/site-packages/airflow/example_dags/example_trigger_target_dag.py for tasks to queue
[2024-03-18 20:09:09,771] {logging_mixin.py:115} INFO - [2024-03-18 20:09:09,771] {dagbag.py:507} INFO - Filling up the DagBag from /home/sheyla/Documents/Repositórios/apache-airflow-extracao-de-dados/venv/lib/python3.9/site-packages/airflow/example_dags/example_trigger_target_dag.py
[2024-03-18 20:09:09,783] {processor.py:651} INFO - DAG(s) dict_keys(['example_trigger_target_dag']) retrieved from /home/sheyla/Documents/Repositórios/apache-airflow-extracao-de-dados/venv/lib/python3.9/site-packages/airflow/example_dags/example_trigger_target_dag.py
[2024-03-18 20:09:09,793] {logging_mixin.py:115} INFO - [2024-03-18 20:09:09,793] {dag.py:2379} INFO - Sync 1 DAGs
[2024-03-18 20:09:09,804] {logging_mixin.py:115} INFO - [2024-03-18 20:09:09,804] {dag.py:2927} INFO - Setting next_dagrun for example_trigger_target_dag to None, run_after=None
[2024-03-18 20:09:09,816] {processor.py:161} INFO - Processing /home/sheyla/Documents/Repositórios/apache-airflow-extracao-de-dados/venv/lib/python3.9/site-packages/airflow/example_dags/example_trigger_target_dag.py took 0.051 seconds
