[2024-03-18 19:56:53,848] {processor.py:153} INFO - Started process (PID=1989897) to work on /home/sheyla/Documents/Repositórios/apache-airflow-extracao-de-dados/venv/lib/python3.9/site-packages/airflow/example_dags/example_branch_python_dop_operator_3.py
[2024-03-18 19:56:53,848] {processor.py:641} INFO - Processing file /home/sheyla/Documents/Repositórios/apache-airflow-extracao-de-dados/venv/lib/python3.9/site-packages/airflow/example_dags/example_branch_python_dop_operator_3.py for tasks to queue
[2024-03-18 19:56:53,849] {logging_mixin.py:115} INFO - [2024-03-18 19:56:53,849] {dagbag.py:507} INFO - Filling up the DagBag from /home/sheyla/Documents/Repositórios/apache-airflow-extracao-de-dados/venv/lib/python3.9/site-packages/airflow/example_dags/example_branch_python_dop_operator_3.py
[2024-03-18 19:56:53,857] {processor.py:651} INFO - DAG(s) dict_keys(['example_branch_dop_operator_v3']) retrieved from /home/sheyla/Documents/Repositórios/apache-airflow-extracao-de-dados/venv/lib/python3.9/site-packages/airflow/example_dags/example_branch_python_dop_operator_3.py
[2024-03-18 19:56:53,989] {logging_mixin.py:115} INFO - [2024-03-18 19:56:53,988] {manager.py:508} INFO - Created Permission View: can delete on DAG:example_branch_dop_operator_v3
[2024-03-18 19:56:54,025] {logging_mixin.py:115} INFO - [2024-03-18 19:56:54,025] {manager.py:508} INFO - Created Permission View: can edit on DAG:example_branch_dop_operator_v3
[2024-03-18 19:56:54,069] {logging_mixin.py:115} INFO - [2024-03-18 19:56:54,069] {manager.py:508} INFO - Created Permission View: can read on DAG:example_branch_dop_operator_v3
[2024-03-18 19:56:54,070] {logging_mixin.py:115} INFO - [2024-03-18 19:56:54,070] {dag.py:2379} INFO - Sync 1 DAGs
[2024-03-18 19:56:54,091] {logging_mixin.py:115} INFO - [2024-03-18 19:56:54,091] {dag.py:2398} INFO - Creating ORM DAG for example_branch_dop_operator_v3
[2024-03-18 19:56:54,113] {logging_mixin.py:115} INFO - [2024-03-18 19:56:54,113] {dag.py:2927} INFO - Setting next_dagrun for example_branch_dop_operator_v3 to 2024-03-18T22:55:00+00:00, run_after=2024-03-18T22:56:00+00:00
[2024-03-18 19:56:54,178] {processor.py:161} INFO - Processing /home/sheyla/Documents/Repositórios/apache-airflow-extracao-de-dados/venv/lib/python3.9/site-packages/airflow/example_dags/example_branch_python_dop_operator_3.py took 0.333 seconds
[2024-03-18 19:57:35,158] {processor.py:153} INFO - Started process (PID=1990306) to work on /home/sheyla/Documents/Repositórios/apache-airflow-extracao-de-dados/venv/lib/python3.9/site-packages/airflow/example_dags/example_branch_python_dop_operator_3.py
[2024-03-18 19:57:35,159] {processor.py:641} INFO - Processing file /home/sheyla/Documents/Repositórios/apache-airflow-extracao-de-dados/venv/lib/python3.9/site-packages/airflow/example_dags/example_branch_python_dop_operator_3.py for tasks to queue
[2024-03-18 19:57:35,160] {logging_mixin.py:115} INFO - [2024-03-18 19:57:35,160] {dagbag.py:507} INFO - Filling up the DagBag from /home/sheyla/Documents/Repositórios/apache-airflow-extracao-de-dados/venv/lib/python3.9/site-packages/airflow/example_dags/example_branch_python_dop_operator_3.py
[2024-03-18 19:57:35,183] {processor.py:651} INFO - DAG(s) dict_keys(['example_branch_dop_operator_v3']) retrieved from /home/sheyla/Documents/Repositórios/apache-airflow-extracao-de-dados/venv/lib/python3.9/site-packages/airflow/example_dags/example_branch_python_dop_operator_3.py
[2024-03-18 19:57:35,201] {logging_mixin.py:115} INFO - [2024-03-18 19:57:35,201] {dag.py:2379} INFO - Sync 1 DAGs
[2024-03-18 19:57:35,216] {logging_mixin.py:115} INFO - [2024-03-18 19:57:35,216] {dag.py:2927} INFO - Setting next_dagrun for example_branch_dop_operator_v3 to 2024-03-18T22:56:00+00:00, run_after=2024-03-18T22:57:00+00:00
[2024-03-18 19:57:35,227] {processor.py:161} INFO - Processing /home/sheyla/Documents/Repositórios/apache-airflow-extracao-de-dados/venv/lib/python3.9/site-packages/airflow/example_dags/example_branch_python_dop_operator_3.py took 0.077 seconds
[2024-03-18 19:58:09,491] {processor.py:153} INFO - Started process (PID=1990648) to work on /home/sheyla/Documents/Repositórios/apache-airflow-extracao-de-dados/venv/lib/python3.9/site-packages/airflow/example_dags/example_branch_python_dop_operator_3.py
[2024-03-18 19:58:09,494] {processor.py:641} INFO - Processing file /home/sheyla/Documents/Repositórios/apache-airflow-extracao-de-dados/venv/lib/python3.9/site-packages/airflow/example_dags/example_branch_python_dop_operator_3.py for tasks to queue
[2024-03-18 19:58:09,495] {logging_mixin.py:115} INFO - [2024-03-18 19:58:09,495] {dagbag.py:507} INFO - Filling up the DagBag from /home/sheyla/Documents/Repositórios/apache-airflow-extracao-de-dados/venv/lib/python3.9/site-packages/airflow/example_dags/example_branch_python_dop_operator_3.py
[2024-03-18 19:58:09,505] {processor.py:651} INFO - DAG(s) dict_keys(['example_branch_dop_operator_v3']) retrieved from /home/sheyla/Documents/Repositórios/apache-airflow-extracao-de-dados/venv/lib/python3.9/site-packages/airflow/example_dags/example_branch_python_dop_operator_3.py
[2024-03-18 19:58:09,521] {logging_mixin.py:115} INFO - [2024-03-18 19:58:09,521] {dag.py:2379} INFO - Sync 1 DAGs
[2024-03-18 19:58:09,537] {logging_mixin.py:115} INFO - [2024-03-18 19:58:09,537] {dag.py:2927} INFO - Setting next_dagrun for example_branch_dop_operator_v3 to 2024-03-18T22:57:00+00:00, run_after=2024-03-18T22:58:00+00:00
[2024-03-18 19:58:09,548] {processor.py:161} INFO - Processing /home/sheyla/Documents/Repositórios/apache-airflow-extracao-de-dados/venv/lib/python3.9/site-packages/airflow/example_dags/example_branch_python_dop_operator_3.py took 0.059 seconds
[2024-03-18 19:58:43,342] {processor.py:153} INFO - Started process (PID=1990988) to work on /home/sheyla/Documents/Repositórios/apache-airflow-extracao-de-dados/venv/lib/python3.9/site-packages/airflow/example_dags/example_branch_python_dop_operator_3.py
[2024-03-18 19:58:43,348] {processor.py:641} INFO - Processing file /home/sheyla/Documents/Repositórios/apache-airflow-extracao-de-dados/venv/lib/python3.9/site-packages/airflow/example_dags/example_branch_python_dop_operator_3.py for tasks to queue
[2024-03-18 19:58:43,349] {logging_mixin.py:115} INFO - [2024-03-18 19:58:43,349] {dagbag.py:507} INFO - Filling up the DagBag from /home/sheyla/Documents/Repositórios/apache-airflow-extracao-de-dados/venv/lib/python3.9/site-packages/airflow/example_dags/example_branch_python_dop_operator_3.py
[2024-03-18 19:58:43,370] {processor.py:651} INFO - DAG(s) dict_keys(['example_branch_dop_operator_v3']) retrieved from /home/sheyla/Documents/Repositórios/apache-airflow-extracao-de-dados/venv/lib/python3.9/site-packages/airflow/example_dags/example_branch_python_dop_operator_3.py
[2024-03-18 19:58:43,386] {logging_mixin.py:115} INFO - [2024-03-18 19:58:43,386] {dag.py:2379} INFO - Sync 1 DAGs
[2024-03-18 19:58:43,401] {logging_mixin.py:115} INFO - [2024-03-18 19:58:43,401] {dag.py:2927} INFO - Setting next_dagrun for example_branch_dop_operator_v3 to 2024-03-18T22:57:00+00:00, run_after=2024-03-18T22:58:00+00:00
[2024-03-18 19:58:43,411] {processor.py:161} INFO - Processing /home/sheyla/Documents/Repositórios/apache-airflow-extracao-de-dados/venv/lib/python3.9/site-packages/airflow/example_dags/example_branch_python_dop_operator_3.py took 0.076 seconds
[2024-03-18 19:59:14,353] {processor.py:153} INFO - Started process (PID=1991296) to work on /home/sheyla/Documents/Repositórios/apache-airflow-extracao-de-dados/venv/lib/python3.9/site-packages/airflow/example_dags/example_branch_python_dop_operator_3.py
[2024-03-18 19:59:14,354] {processor.py:641} INFO - Processing file /home/sheyla/Documents/Repositórios/apache-airflow-extracao-de-dados/venv/lib/python3.9/site-packages/airflow/example_dags/example_branch_python_dop_operator_3.py for tasks to queue
[2024-03-18 19:59:14,355] {logging_mixin.py:115} INFO - [2024-03-18 19:59:14,355] {dagbag.py:507} INFO - Filling up the DagBag from /home/sheyla/Documents/Repositórios/apache-airflow-extracao-de-dados/venv/lib/python3.9/site-packages/airflow/example_dags/example_branch_python_dop_operator_3.py
[2024-03-18 19:59:14,375] {processor.py:651} INFO - DAG(s) dict_keys(['example_branch_dop_operator_v3']) retrieved from /home/sheyla/Documents/Repositórios/apache-airflow-extracao-de-dados/venv/lib/python3.9/site-packages/airflow/example_dags/example_branch_python_dop_operator_3.py
[2024-03-18 19:59:14,392] {logging_mixin.py:115} INFO - [2024-03-18 19:59:14,392] {dag.py:2379} INFO - Sync 1 DAGs
[2024-03-18 19:59:14,407] {logging_mixin.py:115} INFO - [2024-03-18 19:59:14,407] {dag.py:2927} INFO - Setting next_dagrun for example_branch_dop_operator_v3 to 2024-03-18T22:58:00+00:00, run_after=2024-03-18T22:59:00+00:00
[2024-03-18 19:59:14,418] {processor.py:161} INFO - Processing /home/sheyla/Documents/Repositórios/apache-airflow-extracao-de-dados/venv/lib/python3.9/site-packages/airflow/example_dags/example_branch_python_dop_operator_3.py took 0.072 seconds
[2024-03-18 19:59:49,010] {processor.py:153} INFO - Started process (PID=1991643) to work on /home/sheyla/Documents/Repositórios/apache-airflow-extracao-de-dados/venv/lib/python3.9/site-packages/airflow/example_dags/example_branch_python_dop_operator_3.py
[2024-03-18 19:59:49,016] {processor.py:641} INFO - Processing file /home/sheyla/Documents/Repositórios/apache-airflow-extracao-de-dados/venv/lib/python3.9/site-packages/airflow/example_dags/example_branch_python_dop_operator_3.py for tasks to queue
[2024-03-18 19:59:49,018] {logging_mixin.py:115} INFO - [2024-03-18 19:59:49,018] {dagbag.py:507} INFO - Filling up the DagBag from /home/sheyla/Documents/Repositórios/apache-airflow-extracao-de-dados/venv/lib/python3.9/site-packages/airflow/example_dags/example_branch_python_dop_operator_3.py
[2024-03-18 19:59:49,034] {processor.py:651} INFO - DAG(s) dict_keys(['example_branch_dop_operator_v3']) retrieved from /home/sheyla/Documents/Repositórios/apache-airflow-extracao-de-dados/venv/lib/python3.9/site-packages/airflow/example_dags/example_branch_python_dop_operator_3.py
[2024-03-18 19:59:49,051] {logging_mixin.py:115} INFO - [2024-03-18 19:59:49,051] {dag.py:2379} INFO - Sync 1 DAGs
[2024-03-18 19:59:49,069] {logging_mixin.py:115} INFO - [2024-03-18 19:59:49,069] {dag.py:2927} INFO - Setting next_dagrun for example_branch_dop_operator_v3 to 2024-03-18T22:58:00+00:00, run_after=2024-03-18T22:59:00+00:00
[2024-03-18 19:59:49,082] {processor.py:161} INFO - Processing /home/sheyla/Documents/Repositórios/apache-airflow-extracao-de-dados/venv/lib/python3.9/site-packages/airflow/example_dags/example_branch_python_dop_operator_3.py took 0.080 seconds
[2024-03-18 20:00:23,173] {processor.py:153} INFO - Started process (PID=1992077) to work on /home/sheyla/Documents/Repositórios/apache-airflow-extracao-de-dados/venv/lib/python3.9/site-packages/airflow/example_dags/example_branch_python_dop_operator_3.py
[2024-03-18 20:00:23,174] {processor.py:641} INFO - Processing file /home/sheyla/Documents/Repositórios/apache-airflow-extracao-de-dados/venv/lib/python3.9/site-packages/airflow/example_dags/example_branch_python_dop_operator_3.py for tasks to queue
[2024-03-18 20:00:23,175] {logging_mixin.py:115} INFO - [2024-03-18 20:00:23,175] {dagbag.py:507} INFO - Filling up the DagBag from /home/sheyla/Documents/Repositórios/apache-airflow-extracao-de-dados/venv/lib/python3.9/site-packages/airflow/example_dags/example_branch_python_dop_operator_3.py
[2024-03-18 20:00:23,185] {processor.py:651} INFO - DAG(s) dict_keys(['example_branch_dop_operator_v3']) retrieved from /home/sheyla/Documents/Repositórios/apache-airflow-extracao-de-dados/venv/lib/python3.9/site-packages/airflow/example_dags/example_branch_python_dop_operator_3.py
[2024-03-18 20:00:23,200] {logging_mixin.py:115} INFO - [2024-03-18 20:00:23,200] {dag.py:2379} INFO - Sync 1 DAGs
[2024-03-18 20:00:23,214] {logging_mixin.py:115} INFO - [2024-03-18 20:00:23,214] {dag.py:2927} INFO - Setting next_dagrun for example_branch_dop_operator_v3 to 2024-03-18T22:59:00+00:00, run_after=2024-03-18T23:00:00+00:00
[2024-03-18 20:00:23,227] {processor.py:161} INFO - Processing /home/sheyla/Documents/Repositórios/apache-airflow-extracao-de-dados/venv/lib/python3.9/site-packages/airflow/example_dags/example_branch_python_dop_operator_3.py took 0.058 seconds
[2024-03-18 20:00:56,447] {processor.py:153} INFO - Started process (PID=1992416) to work on /home/sheyla/Documents/Repositórios/apache-airflow-extracao-de-dados/venv/lib/python3.9/site-packages/airflow/example_dags/example_branch_python_dop_operator_3.py
[2024-03-18 20:00:56,448] {processor.py:641} INFO - Processing file /home/sheyla/Documents/Repositórios/apache-airflow-extracao-de-dados/venv/lib/python3.9/site-packages/airflow/example_dags/example_branch_python_dop_operator_3.py for tasks to queue
[2024-03-18 20:00:56,449] {logging_mixin.py:115} INFO - [2024-03-18 20:00:56,448] {dagbag.py:507} INFO - Filling up the DagBag from /home/sheyla/Documents/Repositórios/apache-airflow-extracao-de-dados/venv/lib/python3.9/site-packages/airflow/example_dags/example_branch_python_dop_operator_3.py
[2024-03-18 20:00:56,464] {processor.py:651} INFO - DAG(s) dict_keys(['example_branch_dop_operator_v3']) retrieved from /home/sheyla/Documents/Repositórios/apache-airflow-extracao-de-dados/venv/lib/python3.9/site-packages/airflow/example_dags/example_branch_python_dop_operator_3.py
[2024-03-18 20:00:56,482] {logging_mixin.py:115} INFO - [2024-03-18 20:00:56,482] {dag.py:2379} INFO - Sync 1 DAGs
[2024-03-18 20:00:56,497] {logging_mixin.py:115} INFO - [2024-03-18 20:00:56,497] {dag.py:2927} INFO - Setting next_dagrun for example_branch_dop_operator_v3 to 2024-03-18T22:59:00+00:00, run_after=2024-03-18T23:00:00+00:00
[2024-03-18 20:00:56,510] {processor.py:161} INFO - Processing /home/sheyla/Documents/Repositórios/apache-airflow-extracao-de-dados/venv/lib/python3.9/site-packages/airflow/example_dags/example_branch_python_dop_operator_3.py took 0.067 seconds
[2024-03-18 20:01:29,104] {processor.py:153} INFO - Started process (PID=1992731) to work on /home/sheyla/Documents/Repositórios/apache-airflow-extracao-de-dados/venv/lib/python3.9/site-packages/airflow/example_dags/example_branch_python_dop_operator_3.py
[2024-03-18 20:01:29,109] {processor.py:641} INFO - Processing file /home/sheyla/Documents/Repositórios/apache-airflow-extracao-de-dados/venv/lib/python3.9/site-packages/airflow/example_dags/example_branch_python_dop_operator_3.py for tasks to queue
[2024-03-18 20:01:29,110] {logging_mixin.py:115} INFO - [2024-03-18 20:01:29,110] {dagbag.py:507} INFO - Filling up the DagBag from /home/sheyla/Documents/Repositórios/apache-airflow-extracao-de-dados/venv/lib/python3.9/site-packages/airflow/example_dags/example_branch_python_dop_operator_3.py
[2024-03-18 20:01:29,117] {processor.py:651} INFO - DAG(s) dict_keys(['example_branch_dop_operator_v3']) retrieved from /home/sheyla/Documents/Repositórios/apache-airflow-extracao-de-dados/venv/lib/python3.9/site-packages/airflow/example_dags/example_branch_python_dop_operator_3.py
[2024-03-18 20:01:29,132] {logging_mixin.py:115} INFO - [2024-03-18 20:01:29,132] {dag.py:2379} INFO - Sync 1 DAGs
[2024-03-18 20:01:29,148] {logging_mixin.py:115} INFO - [2024-03-18 20:01:29,147] {dag.py:2927} INFO - Setting next_dagrun for example_branch_dop_operator_v3 to 2024-03-18T23:00:00+00:00, run_after=2024-03-18T23:01:00+00:00
[2024-03-18 20:01:29,160] {processor.py:161} INFO - Processing /home/sheyla/Documents/Repositórios/apache-airflow-extracao-de-dados/venv/lib/python3.9/site-packages/airflow/example_dags/example_branch_python_dop_operator_3.py took 0.059 seconds
[2024-03-18 20:02:00,840] {processor.py:153} INFO - Started process (PID=1993074) to work on /home/sheyla/Documents/Repositórios/apache-airflow-extracao-de-dados/venv/lib/python3.9/site-packages/airflow/example_dags/example_branch_python_dop_operator_3.py
[2024-03-18 20:02:00,843] {processor.py:641} INFO - Processing file /home/sheyla/Documents/Repositórios/apache-airflow-extracao-de-dados/venv/lib/python3.9/site-packages/airflow/example_dags/example_branch_python_dop_operator_3.py for tasks to queue
[2024-03-18 20:02:00,843] {logging_mixin.py:115} INFO - [2024-03-18 20:02:00,843] {dagbag.py:507} INFO - Filling up the DagBag from /home/sheyla/Documents/Repositórios/apache-airflow-extracao-de-dados/venv/lib/python3.9/site-packages/airflow/example_dags/example_branch_python_dop_operator_3.py
[2024-03-18 20:02:00,850] {processor.py:651} INFO - DAG(s) dict_keys(['example_branch_dop_operator_v3']) retrieved from /home/sheyla/Documents/Repositórios/apache-airflow-extracao-de-dados/venv/lib/python3.9/site-packages/airflow/example_dags/example_branch_python_dop_operator_3.py
[2024-03-18 20:02:00,863] {logging_mixin.py:115} INFO - [2024-03-18 20:02:00,863] {dag.py:2379} INFO - Sync 1 DAGs
[2024-03-18 20:02:00,878] {logging_mixin.py:115} INFO - [2024-03-18 20:02:00,878] {dag.py:2927} INFO - Setting next_dagrun for example_branch_dop_operator_v3 to 2024-03-18T23:01:00+00:00, run_after=2024-03-18T23:02:00+00:00
[2024-03-18 20:02:00,889] {processor.py:161} INFO - Processing /home/sheyla/Documents/Repositórios/apache-airflow-extracao-de-dados/venv/lib/python3.9/site-packages/airflow/example_dags/example_branch_python_dop_operator_3.py took 0.051 seconds
[2024-03-18 20:02:34,087] {processor.py:153} INFO - Started process (PID=1993412) to work on /home/sheyla/Documents/Repositórios/apache-airflow-extracao-de-dados/venv/lib/python3.9/site-packages/airflow/example_dags/example_branch_python_dop_operator_3.py
[2024-03-18 20:02:34,092] {processor.py:641} INFO - Processing file /home/sheyla/Documents/Repositórios/apache-airflow-extracao-de-dados/venv/lib/python3.9/site-packages/airflow/example_dags/example_branch_python_dop_operator_3.py for tasks to queue
[2024-03-18 20:02:34,093] {logging_mixin.py:115} INFO - [2024-03-18 20:02:34,092] {dagbag.py:507} INFO - Filling up the DagBag from /home/sheyla/Documents/Repositórios/apache-airflow-extracao-de-dados/venv/lib/python3.9/site-packages/airflow/example_dags/example_branch_python_dop_operator_3.py
[2024-03-18 20:02:34,106] {processor.py:651} INFO - DAG(s) dict_keys(['example_branch_dop_operator_v3']) retrieved from /home/sheyla/Documents/Repositórios/apache-airflow-extracao-de-dados/venv/lib/python3.9/site-packages/airflow/example_dags/example_branch_python_dop_operator_3.py
[2024-03-18 20:02:34,127] {logging_mixin.py:115} INFO - [2024-03-18 20:02:34,127] {dag.py:2379} INFO - Sync 1 DAGs
[2024-03-18 20:02:34,144] {logging_mixin.py:115} INFO - [2024-03-18 20:02:34,144] {dag.py:2927} INFO - Setting next_dagrun for example_branch_dop_operator_v3 to 2024-03-18T23:01:00+00:00, run_after=2024-03-18T23:02:00+00:00
[2024-03-18 20:02:34,156] {processor.py:161} INFO - Processing /home/sheyla/Documents/Repositórios/apache-airflow-extracao-de-dados/venv/lib/python3.9/site-packages/airflow/example_dags/example_branch_python_dop_operator_3.py took 0.071 seconds
[2024-03-18 20:03:06,108] {processor.py:153} INFO - Started process (PID=1993739) to work on /home/sheyla/Documents/Repositórios/apache-airflow-extracao-de-dados/venv/lib/python3.9/site-packages/airflow/example_dags/example_branch_python_dop_operator_3.py
[2024-03-18 20:03:06,113] {processor.py:641} INFO - Processing file /home/sheyla/Documents/Repositórios/apache-airflow-extracao-de-dados/venv/lib/python3.9/site-packages/airflow/example_dags/example_branch_python_dop_operator_3.py for tasks to queue
[2024-03-18 20:03:06,115] {logging_mixin.py:115} INFO - [2024-03-18 20:03:06,114] {dagbag.py:507} INFO - Filling up the DagBag from /home/sheyla/Documents/Repositórios/apache-airflow-extracao-de-dados/venv/lib/python3.9/site-packages/airflow/example_dags/example_branch_python_dop_operator_3.py
[2024-03-18 20:03:06,137] {processor.py:651} INFO - DAG(s) dict_keys(['example_branch_dop_operator_v3']) retrieved from /home/sheyla/Documents/Repositórios/apache-airflow-extracao-de-dados/venv/lib/python3.9/site-packages/airflow/example_dags/example_branch_python_dop_operator_3.py
[2024-03-18 20:03:06,153] {logging_mixin.py:115} INFO - [2024-03-18 20:03:06,153] {dag.py:2379} INFO - Sync 1 DAGs
[2024-03-18 20:03:06,168] {logging_mixin.py:115} INFO - [2024-03-18 20:03:06,168] {dag.py:2927} INFO - Setting next_dagrun for example_branch_dop_operator_v3 to 2024-03-18T23:02:00+00:00, run_after=2024-03-18T23:03:00+00:00
[2024-03-18 20:03:06,179] {processor.py:161} INFO - Processing /home/sheyla/Documents/Repositórios/apache-airflow-extracao-de-dados/venv/lib/python3.9/site-packages/airflow/example_dags/example_branch_python_dop_operator_3.py took 0.074 seconds
[2024-03-18 20:03:40,861] {processor.py:153} INFO - Started process (PID=1994076) to work on /home/sheyla/Documents/Repositórios/apache-airflow-extracao-de-dados/venv/lib/python3.9/site-packages/airflow/example_dags/example_branch_python_dop_operator_3.py
[2024-03-18 20:03:40,862] {processor.py:641} INFO - Processing file /home/sheyla/Documents/Repositórios/apache-airflow-extracao-de-dados/venv/lib/python3.9/site-packages/airflow/example_dags/example_branch_python_dop_operator_3.py for tasks to queue
[2024-03-18 20:03:40,863] {logging_mixin.py:115} INFO - [2024-03-18 20:03:40,863] {dagbag.py:507} INFO - Filling up the DagBag from /home/sheyla/Documents/Repositórios/apache-airflow-extracao-de-dados/venv/lib/python3.9/site-packages/airflow/example_dags/example_branch_python_dop_operator_3.py
[2024-03-18 20:03:40,883] {processor.py:651} INFO - DAG(s) dict_keys(['example_branch_dop_operator_v3']) retrieved from /home/sheyla/Documents/Repositórios/apache-airflow-extracao-de-dados/venv/lib/python3.9/site-packages/airflow/example_dags/example_branch_python_dop_operator_3.py
[2024-03-18 20:03:40,900] {logging_mixin.py:115} INFO - [2024-03-18 20:03:40,899] {dag.py:2379} INFO - Sync 1 DAGs
[2024-03-18 20:03:40,915] {logging_mixin.py:115} INFO - [2024-03-18 20:03:40,915] {dag.py:2927} INFO - Setting next_dagrun for example_branch_dop_operator_v3 to 2024-03-18T23:02:00+00:00, run_after=2024-03-18T23:03:00+00:00
[2024-03-18 20:03:40,925] {processor.py:161} INFO - Processing /home/sheyla/Documents/Repositórios/apache-airflow-extracao-de-dados/venv/lib/python3.9/site-packages/airflow/example_dags/example_branch_python_dop_operator_3.py took 0.072 seconds
[2024-03-18 20:04:11,907] {processor.py:153} INFO - Started process (PID=1994390) to work on /home/sheyla/Documents/Repositórios/apache-airflow-extracao-de-dados/venv/lib/python3.9/site-packages/airflow/example_dags/example_branch_python_dop_operator_3.py
[2024-03-18 20:04:11,913] {processor.py:641} INFO - Processing file /home/sheyla/Documents/Repositórios/apache-airflow-extracao-de-dados/venv/lib/python3.9/site-packages/airflow/example_dags/example_branch_python_dop_operator_3.py for tasks to queue
[2024-03-18 20:04:11,914] {logging_mixin.py:115} INFO - [2024-03-18 20:04:11,914] {dagbag.py:507} INFO - Filling up the DagBag from /home/sheyla/Documents/Repositórios/apache-airflow-extracao-de-dados/venv/lib/python3.9/site-packages/airflow/example_dags/example_branch_python_dop_operator_3.py
[2024-03-18 20:04:11,939] {processor.py:651} INFO - DAG(s) dict_keys(['example_branch_dop_operator_v3']) retrieved from /home/sheyla/Documents/Repositórios/apache-airflow-extracao-de-dados/venv/lib/python3.9/site-packages/airflow/example_dags/example_branch_python_dop_operator_3.py
[2024-03-18 20:04:11,959] {logging_mixin.py:115} INFO - [2024-03-18 20:04:11,959] {dag.py:2379} INFO - Sync 1 DAGs
[2024-03-18 20:04:11,974] {logging_mixin.py:115} INFO - [2024-03-18 20:04:11,974] {dag.py:2927} INFO - Setting next_dagrun for example_branch_dop_operator_v3 to 2024-03-18T23:03:00+00:00, run_after=2024-03-18T23:04:00+00:00
[2024-03-18 20:04:11,987] {processor.py:161} INFO - Processing /home/sheyla/Documents/Repositórios/apache-airflow-extracao-de-dados/venv/lib/python3.9/site-packages/airflow/example_dags/example_branch_python_dop_operator_3.py took 0.082 seconds
[2024-03-18 20:04:44,110] {processor.py:153} INFO - Started process (PID=1994709) to work on /home/sheyla/Documents/Repositórios/apache-airflow-extracao-de-dados/venv/lib/python3.9/site-packages/airflow/example_dags/example_branch_python_dop_operator_3.py
[2024-03-18 20:04:44,110] {processor.py:641} INFO - Processing file /home/sheyla/Documents/Repositórios/apache-airflow-extracao-de-dados/venv/lib/python3.9/site-packages/airflow/example_dags/example_branch_python_dop_operator_3.py for tasks to queue
[2024-03-18 20:04:44,111] {logging_mixin.py:115} INFO - [2024-03-18 20:04:44,111] {dagbag.py:507} INFO - Filling up the DagBag from /home/sheyla/Documents/Repositórios/apache-airflow-extracao-de-dados/venv/lib/python3.9/site-packages/airflow/example_dags/example_branch_python_dop_operator_3.py
[2024-03-18 20:04:44,120] {processor.py:651} INFO - DAG(s) dict_keys(['example_branch_dop_operator_v3']) retrieved from /home/sheyla/Documents/Repositórios/apache-airflow-extracao-de-dados/venv/lib/python3.9/site-packages/airflow/example_dags/example_branch_python_dop_operator_3.py
[2024-03-18 20:04:44,136] {logging_mixin.py:115} INFO - [2024-03-18 20:04:44,136] {dag.py:2379} INFO - Sync 1 DAGs
[2024-03-18 20:04:44,152] {logging_mixin.py:115} INFO - [2024-03-18 20:04:44,152] {dag.py:2927} INFO - Setting next_dagrun for example_branch_dop_operator_v3 to 2024-03-18T23:03:00+00:00, run_after=2024-03-18T23:04:00+00:00
[2024-03-18 20:04:44,170] {processor.py:161} INFO - Processing /home/sheyla/Documents/Repositórios/apache-airflow-extracao-de-dados/venv/lib/python3.9/site-packages/airflow/example_dags/example_branch_python_dop_operator_3.py took 0.063 seconds
[2024-03-18 20:05:17,422] {processor.py:153} INFO - Started process (PID=1995047) to work on /home/sheyla/Documents/Repositórios/apache-airflow-extracao-de-dados/venv/lib/python3.9/site-packages/airflow/example_dags/example_branch_python_dop_operator_3.py
[2024-03-18 20:05:17,428] {processor.py:641} INFO - Processing file /home/sheyla/Documents/Repositórios/apache-airflow-extracao-de-dados/venv/lib/python3.9/site-packages/airflow/example_dags/example_branch_python_dop_operator_3.py for tasks to queue
[2024-03-18 20:05:17,430] {logging_mixin.py:115} INFO - [2024-03-18 20:05:17,429] {dagbag.py:507} INFO - Filling up the DagBag from /home/sheyla/Documents/Repositórios/apache-airflow-extracao-de-dados/venv/lib/python3.9/site-packages/airflow/example_dags/example_branch_python_dop_operator_3.py
[2024-03-18 20:05:17,450] {processor.py:651} INFO - DAG(s) dict_keys(['example_branch_dop_operator_v3']) retrieved from /home/sheyla/Documents/Repositórios/apache-airflow-extracao-de-dados/venv/lib/python3.9/site-packages/airflow/example_dags/example_branch_python_dop_operator_3.py
[2024-03-18 20:05:17,467] {logging_mixin.py:115} INFO - [2024-03-18 20:05:17,467] {dag.py:2379} INFO - Sync 1 DAGs
[2024-03-18 20:05:17,483] {logging_mixin.py:115} INFO - [2024-03-18 20:05:17,483] {dag.py:2927} INFO - Setting next_dagrun for example_branch_dop_operator_v3 to 2024-03-18T23:04:00+00:00, run_after=2024-03-18T23:05:00+00:00
[2024-03-18 20:05:17,495] {processor.py:161} INFO - Processing /home/sheyla/Documents/Repositórios/apache-airflow-extracao-de-dados/venv/lib/python3.9/site-packages/airflow/example_dags/example_branch_python_dop_operator_3.py took 0.079 seconds
[2024-03-18 20:05:50,111] {processor.py:153} INFO - Started process (PID=1995471) to work on /home/sheyla/Documents/Repositórios/apache-airflow-extracao-de-dados/venv/lib/python3.9/site-packages/airflow/example_dags/example_branch_python_dop_operator_3.py
[2024-03-18 20:05:50,114] {processor.py:641} INFO - Processing file /home/sheyla/Documents/Repositórios/apache-airflow-extracao-de-dados/venv/lib/python3.9/site-packages/airflow/example_dags/example_branch_python_dop_operator_3.py for tasks to queue
[2024-03-18 20:05:50,115] {logging_mixin.py:115} INFO - [2024-03-18 20:05:50,115] {dagbag.py:507} INFO - Filling up the DagBag from /home/sheyla/Documents/Repositórios/apache-airflow-extracao-de-dados/venv/lib/python3.9/site-packages/airflow/example_dags/example_branch_python_dop_operator_3.py
[2024-03-18 20:05:50,125] {processor.py:651} INFO - DAG(s) dict_keys(['example_branch_dop_operator_v3']) retrieved from /home/sheyla/Documents/Repositórios/apache-airflow-extracao-de-dados/venv/lib/python3.9/site-packages/airflow/example_dags/example_branch_python_dop_operator_3.py
[2024-03-18 20:05:50,141] {logging_mixin.py:115} INFO - [2024-03-18 20:05:50,141] {dag.py:2379} INFO - Sync 1 DAGs
[2024-03-18 20:05:50,160] {logging_mixin.py:115} INFO - [2024-03-18 20:05:50,160] {dag.py:2927} INFO - Setting next_dagrun for example_branch_dop_operator_v3 to 2024-03-18T23:04:00+00:00, run_after=2024-03-18T23:05:00+00:00
[2024-03-18 20:05:50,171] {processor.py:161} INFO - Processing /home/sheyla/Documents/Repositórios/apache-airflow-extracao-de-dados/venv/lib/python3.9/site-packages/airflow/example_dags/example_branch_python_dop_operator_3.py took 0.062 seconds
[2024-03-18 20:06:21,042] {processor.py:153} INFO - Started process (PID=1995792) to work on /home/sheyla/Documents/Repositórios/apache-airflow-extracao-de-dados/venv/lib/python3.9/site-packages/airflow/example_dags/example_branch_python_dop_operator_3.py
[2024-03-18 20:06:21,047] {processor.py:641} INFO - Processing file /home/sheyla/Documents/Repositórios/apache-airflow-extracao-de-dados/venv/lib/python3.9/site-packages/airflow/example_dags/example_branch_python_dop_operator_3.py for tasks to queue
[2024-03-18 20:06:21,048] {logging_mixin.py:115} INFO - [2024-03-18 20:06:21,048] {dagbag.py:507} INFO - Filling up the DagBag from /home/sheyla/Documents/Repositórios/apache-airflow-extracao-de-dados/venv/lib/python3.9/site-packages/airflow/example_dags/example_branch_python_dop_operator_3.py
[2024-03-18 20:06:21,055] {processor.py:651} INFO - DAG(s) dict_keys(['example_branch_dop_operator_v3']) retrieved from /home/sheyla/Documents/Repositórios/apache-airflow-extracao-de-dados/venv/lib/python3.9/site-packages/airflow/example_dags/example_branch_python_dop_operator_3.py
[2024-03-18 20:06:21,067] {logging_mixin.py:115} INFO - [2024-03-18 20:06:21,067] {dag.py:2379} INFO - Sync 1 DAGs
[2024-03-18 20:06:21,081] {logging_mixin.py:115} INFO - [2024-03-18 20:06:21,081] {dag.py:2927} INFO - Setting next_dagrun for example_branch_dop_operator_v3 to 2024-03-18T23:05:00+00:00, run_after=2024-03-18T23:06:00+00:00
[2024-03-18 20:06:21,099] {processor.py:161} INFO - Processing /home/sheyla/Documents/Repositórios/apache-airflow-extracao-de-dados/venv/lib/python3.9/site-packages/airflow/example_dags/example_branch_python_dop_operator_3.py took 0.060 seconds
[2024-03-18 20:06:55,635] {processor.py:153} INFO - Started process (PID=1996148) to work on /home/sheyla/Documents/Repositórios/apache-airflow-extracao-de-dados/venv/lib/python3.9/site-packages/airflow/example_dags/example_branch_python_dop_operator_3.py
[2024-03-18 20:06:55,642] {processor.py:641} INFO - Processing file /home/sheyla/Documents/Repositórios/apache-airflow-extracao-de-dados/venv/lib/python3.9/site-packages/airflow/example_dags/example_branch_python_dop_operator_3.py for tasks to queue
[2024-03-18 20:06:55,643] {logging_mixin.py:115} INFO - [2024-03-18 20:06:55,643] {dagbag.py:507} INFO - Filling up the DagBag from /home/sheyla/Documents/Repositórios/apache-airflow-extracao-de-dados/venv/lib/python3.9/site-packages/airflow/example_dags/example_branch_python_dop_operator_3.py
[2024-03-18 20:06:55,663] {processor.py:651} INFO - DAG(s) dict_keys(['example_branch_dop_operator_v3']) retrieved from /home/sheyla/Documents/Repositórios/apache-airflow-extracao-de-dados/venv/lib/python3.9/site-packages/airflow/example_dags/example_branch_python_dop_operator_3.py
[2024-03-18 20:06:55,680] {logging_mixin.py:115} INFO - [2024-03-18 20:06:55,680] {dag.py:2379} INFO - Sync 1 DAGs
[2024-03-18 20:06:55,695] {logging_mixin.py:115} INFO - [2024-03-18 20:06:55,695] {dag.py:2927} INFO - Setting next_dagrun for example_branch_dop_operator_v3 to 2024-03-18T23:05:00+00:00, run_after=2024-03-18T23:06:00+00:00
[2024-03-18 20:06:55,708] {processor.py:161} INFO - Processing /home/sheyla/Documents/Repositórios/apache-airflow-extracao-de-dados/venv/lib/python3.9/site-packages/airflow/example_dags/example_branch_python_dop_operator_3.py took 0.080 seconds
[2024-03-18 20:07:26,402] {processor.py:153} INFO - Started process (PID=1996484) to work on /home/sheyla/Documents/Repositórios/apache-airflow-extracao-de-dados/venv/lib/python3.9/site-packages/airflow/example_dags/example_branch_python_dop_operator_3.py
[2024-03-18 20:07:26,403] {processor.py:641} INFO - Processing file /home/sheyla/Documents/Repositórios/apache-airflow-extracao-de-dados/venv/lib/python3.9/site-packages/airflow/example_dags/example_branch_python_dop_operator_3.py for tasks to queue
[2024-03-18 20:07:26,403] {logging_mixin.py:115} INFO - [2024-03-18 20:07:26,403] {dagbag.py:507} INFO - Filling up the DagBag from /home/sheyla/Documents/Repositórios/apache-airflow-extracao-de-dados/venv/lib/python3.9/site-packages/airflow/example_dags/example_branch_python_dop_operator_3.py
[2024-03-18 20:07:26,410] {processor.py:651} INFO - DAG(s) dict_keys(['example_branch_dop_operator_v3']) retrieved from /home/sheyla/Documents/Repositórios/apache-airflow-extracao-de-dados/venv/lib/python3.9/site-packages/airflow/example_dags/example_branch_python_dop_operator_3.py
[2024-03-18 20:07:26,424] {logging_mixin.py:115} INFO - [2024-03-18 20:07:26,424] {dag.py:2379} INFO - Sync 1 DAGs
[2024-03-18 20:07:26,443] {logging_mixin.py:115} INFO - [2024-03-18 20:07:26,443] {dag.py:2927} INFO - Setting next_dagrun for example_branch_dop_operator_v3 to 2024-03-18T23:06:00+00:00, run_after=2024-03-18T23:07:00+00:00
[2024-03-18 20:07:26,459] {processor.py:161} INFO - Processing /home/sheyla/Documents/Repositórios/apache-airflow-extracao-de-dados/venv/lib/python3.9/site-packages/airflow/example_dags/example_branch_python_dop_operator_3.py took 0.059 seconds
[2024-03-18 20:08:00,483] {processor.py:153} INFO - Started process (PID=1997407) to work on /home/sheyla/Documents/Repositórios/apache-airflow-extracao-de-dados/venv/lib/python3.9/site-packages/airflow/example_dags/example_branch_python_dop_operator_3.py
[2024-03-18 20:08:00,489] {processor.py:641} INFO - Processing file /home/sheyla/Documents/Repositórios/apache-airflow-extracao-de-dados/venv/lib/python3.9/site-packages/airflow/example_dags/example_branch_python_dop_operator_3.py for tasks to queue
[2024-03-18 20:08:00,490] {logging_mixin.py:115} INFO - [2024-03-18 20:08:00,490] {dagbag.py:507} INFO - Filling up the DagBag from /home/sheyla/Documents/Repositórios/apache-airflow-extracao-de-dados/venv/lib/python3.9/site-packages/airflow/example_dags/example_branch_python_dop_operator_3.py
[2024-03-18 20:08:00,510] {processor.py:651} INFO - DAG(s) dict_keys(['example_branch_dop_operator_v3']) retrieved from /home/sheyla/Documents/Repositórios/apache-airflow-extracao-de-dados/venv/lib/python3.9/site-packages/airflow/example_dags/example_branch_python_dop_operator_3.py
[2024-03-18 20:08:00,527] {logging_mixin.py:115} INFO - [2024-03-18 20:08:00,527] {dag.py:2379} INFO - Sync 1 DAGs
[2024-03-18 20:08:00,544] {logging_mixin.py:115} INFO - [2024-03-18 20:08:00,543] {dag.py:2927} INFO - Setting next_dagrun for example_branch_dop_operator_v3 to 2024-03-18T23:07:00+00:00, run_after=2024-03-18T23:08:00+00:00
[2024-03-18 20:08:00,598] {processor.py:161} INFO - Processing /home/sheyla/Documents/Repositórios/apache-airflow-extracao-de-dados/venv/lib/python3.9/site-packages/airflow/example_dags/example_branch_python_dop_operator_3.py took 0.117 seconds
[2024-03-18 20:08:35,455] {processor.py:153} INFO - Started process (PID=1998165) to work on /home/sheyla/Documents/Repositórios/apache-airflow-extracao-de-dados/venv/lib/python3.9/site-packages/airflow/example_dags/example_branch_python_dop_operator_3.py
[2024-03-18 20:08:35,461] {processor.py:641} INFO - Processing file /home/sheyla/Documents/Repositórios/apache-airflow-extracao-de-dados/venv/lib/python3.9/site-packages/airflow/example_dags/example_branch_python_dop_operator_3.py for tasks to queue
[2024-03-18 20:08:35,461] {logging_mixin.py:115} INFO - [2024-03-18 20:08:35,461] {dagbag.py:507} INFO - Filling up the DagBag from /home/sheyla/Documents/Repositórios/apache-airflow-extracao-de-dados/venv/lib/python3.9/site-packages/airflow/example_dags/example_branch_python_dop_operator_3.py
[2024-03-18 20:08:35,468] {processor.py:651} INFO - DAG(s) dict_keys(['example_branch_dop_operator_v3']) retrieved from /home/sheyla/Documents/Repositórios/apache-airflow-extracao-de-dados/venv/lib/python3.9/site-packages/airflow/example_dags/example_branch_python_dop_operator_3.py
[2024-03-18 20:08:35,480] {logging_mixin.py:115} INFO - [2024-03-18 20:08:35,480] {dag.py:2379} INFO - Sync 1 DAGs
[2024-03-18 20:08:35,495] {logging_mixin.py:115} INFO - [2024-03-18 20:08:35,495] {dag.py:2927} INFO - Setting next_dagrun for example_branch_dop_operator_v3 to 2024-03-18T23:07:00+00:00, run_after=2024-03-18T23:08:00+00:00
[2024-03-18 20:08:35,506] {processor.py:161} INFO - Processing /home/sheyla/Documents/Repositórios/apache-airflow-extracao-de-dados/venv/lib/python3.9/site-packages/airflow/example_dags/example_branch_python_dop_operator_3.py took 0.052 seconds
[2024-03-18 20:09:07,489] {processor.py:153} INFO - Started process (PID=1998876) to work on /home/sheyla/Documents/Repositórios/apache-airflow-extracao-de-dados/venv/lib/python3.9/site-packages/airflow/example_dags/example_branch_python_dop_operator_3.py
[2024-03-18 20:09:07,494] {processor.py:641} INFO - Processing file /home/sheyla/Documents/Repositórios/apache-airflow-extracao-de-dados/venv/lib/python3.9/site-packages/airflow/example_dags/example_branch_python_dop_operator_3.py for tasks to queue
[2024-03-18 20:09:07,495] {logging_mixin.py:115} INFO - [2024-03-18 20:09:07,495] {dagbag.py:507} INFO - Filling up the DagBag from /home/sheyla/Documents/Repositórios/apache-airflow-extracao-de-dados/venv/lib/python3.9/site-packages/airflow/example_dags/example_branch_python_dop_operator_3.py
[2024-03-18 20:09:07,502] {processor.py:651} INFO - DAG(s) dict_keys(['example_branch_dop_operator_v3']) retrieved from /home/sheyla/Documents/Repositórios/apache-airflow-extracao-de-dados/venv/lib/python3.9/site-packages/airflow/example_dags/example_branch_python_dop_operator_3.py
[2024-03-18 20:09:07,521] {logging_mixin.py:115} INFO - [2024-03-18 20:09:07,521] {dag.py:2379} INFO - Sync 1 DAGs
[2024-03-18 20:09:07,547] {logging_mixin.py:115} INFO - [2024-03-18 20:09:07,547] {dag.py:2927} INFO - Setting next_dagrun for example_branch_dop_operator_v3 to 2024-03-18T23:08:00+00:00, run_after=2024-03-18T23:09:00+00:00
[2024-03-18 20:09:07,569] {processor.py:161} INFO - Processing /home/sheyla/Documents/Repositórios/apache-airflow-extracao-de-dados/venv/lib/python3.9/site-packages/airflow/example_dags/example_branch_python_dop_operator_3.py took 0.083 seconds
