[2024-03-18 19:57:07,990] {processor.py:153} INFO - Started process (PID=1990034) to work on /home/sheyla/Documents/Repositórios/apache-airflow-extracao-de-dados/venv/lib/python3.9/site-packages/airflow/example_dags/example_short_circuit_operator.py
[2024-03-18 19:57:07,990] {processor.py:641} INFO - Processing file /home/sheyla/Documents/Repositórios/apache-airflow-extracao-de-dados/venv/lib/python3.9/site-packages/airflow/example_dags/example_short_circuit_operator.py for tasks to queue
[2024-03-18 19:57:07,991] {logging_mixin.py:115} INFO - [2024-03-18 19:57:07,991] {dagbag.py:507} INFO - Filling up the DagBag from /home/sheyla/Documents/Repositórios/apache-airflow-extracao-de-dados/venv/lib/python3.9/site-packages/airflow/example_dags/example_short_circuit_operator.py
[2024-03-18 19:57:07,998] {processor.py:651} INFO - DAG(s) dict_keys(['example_short_circuit_operator']) retrieved from /home/sheyla/Documents/Repositórios/apache-airflow-extracao-de-dados/venv/lib/python3.9/site-packages/airflow/example_dags/example_short_circuit_operator.py
[2024-03-18 19:57:08,147] {logging_mixin.py:115} INFO - [2024-03-18 19:57:08,147] {manager.py:508} INFO - Created Permission View: can delete on DAG:example_short_circuit_operator
[2024-03-18 19:57:08,197] {logging_mixin.py:115} INFO - [2024-03-18 19:57:08,197] {manager.py:508} INFO - Created Permission View: can edit on DAG:example_short_circuit_operator
[2024-03-18 19:57:08,248] {logging_mixin.py:115} INFO - [2024-03-18 19:57:08,247] {manager.py:508} INFO - Created Permission View: can read on DAG:example_short_circuit_operator
[2024-03-18 19:57:08,248] {logging_mixin.py:115} INFO - [2024-03-18 19:57:08,248] {dag.py:2379} INFO - Sync 1 DAGs
[2024-03-18 19:57:08,269] {logging_mixin.py:115} INFO - [2024-03-18 19:57:08,269] {dag.py:2398} INFO - Creating ORM DAG for example_short_circuit_operator
[2024-03-18 19:57:08,286] {logging_mixin.py:115} INFO - [2024-03-18 19:57:08,286] {dag.py:2927} INFO - Setting next_dagrun for example_short_circuit_operator to 2024-03-17T22:57:08.286320+00:00, run_after=2024-03-18T22:57:08.286320+00:00
[2024-03-18 19:57:08,337] {processor.py:161} INFO - Processing /home/sheyla/Documents/Repositórios/apache-airflow-extracao-de-dados/venv/lib/python3.9/site-packages/airflow/example_dags/example_short_circuit_operator.py took 0.349 seconds
[2024-03-18 19:57:45,445] {processor.py:153} INFO - Started process (PID=1990409) to work on /home/sheyla/Documents/Repositórios/apache-airflow-extracao-de-dados/venv/lib/python3.9/site-packages/airflow/example_dags/example_short_circuit_operator.py
[2024-03-18 19:57:45,451] {processor.py:641} INFO - Processing file /home/sheyla/Documents/Repositórios/apache-airflow-extracao-de-dados/venv/lib/python3.9/site-packages/airflow/example_dags/example_short_circuit_operator.py for tasks to queue
[2024-03-18 19:57:45,452] {logging_mixin.py:115} INFO - [2024-03-18 19:57:45,452] {dagbag.py:507} INFO - Filling up the DagBag from /home/sheyla/Documents/Repositórios/apache-airflow-extracao-de-dados/venv/lib/python3.9/site-packages/airflow/example_dags/example_short_circuit_operator.py
[2024-03-18 19:57:45,472] {processor.py:651} INFO - DAG(s) dict_keys(['example_short_circuit_operator']) retrieved from /home/sheyla/Documents/Repositórios/apache-airflow-extracao-de-dados/venv/lib/python3.9/site-packages/airflow/example_dags/example_short_circuit_operator.py
[2024-03-18 19:57:45,493] {logging_mixin.py:115} INFO - [2024-03-18 19:57:45,493] {dag.py:2379} INFO - Sync 1 DAGs
[2024-03-18 19:57:45,505] {logging_mixin.py:115} INFO - [2024-03-18 19:57:45,505] {dag.py:2927} INFO - Setting next_dagrun for example_short_circuit_operator to 2024-03-17T22:57:45.505596+00:00, run_after=2024-03-18T22:57:45.505596+00:00
[2024-03-18 19:57:45,518] {processor.py:161} INFO - Processing /home/sheyla/Documents/Repositórios/apache-airflow-extracao-de-dados/venv/lib/python3.9/site-packages/airflow/example_dags/example_short_circuit_operator.py took 0.078 seconds
[2024-03-18 19:58:19,914] {processor.py:153} INFO - Started process (PID=1990752) to work on /home/sheyla/Documents/Repositórios/apache-airflow-extracao-de-dados/venv/lib/python3.9/site-packages/airflow/example_dags/example_short_circuit_operator.py
[2024-03-18 19:58:19,917] {processor.py:641} INFO - Processing file /home/sheyla/Documents/Repositórios/apache-airflow-extracao-de-dados/venv/lib/python3.9/site-packages/airflow/example_dags/example_short_circuit_operator.py for tasks to queue
[2024-03-18 19:58:19,917] {logging_mixin.py:115} INFO - [2024-03-18 19:58:19,917] {dagbag.py:507} INFO - Filling up the DagBag from /home/sheyla/Documents/Repositórios/apache-airflow-extracao-de-dados/venv/lib/python3.9/site-packages/airflow/example_dags/example_short_circuit_operator.py
[2024-03-18 19:58:19,924] {processor.py:651} INFO - DAG(s) dict_keys(['example_short_circuit_operator']) retrieved from /home/sheyla/Documents/Repositórios/apache-airflow-extracao-de-dados/venv/lib/python3.9/site-packages/airflow/example_dags/example_short_circuit_operator.py
[2024-03-18 19:58:19,939] {logging_mixin.py:115} INFO - [2024-03-18 19:58:19,939] {dag.py:2379} INFO - Sync 1 DAGs
[2024-03-18 19:58:19,952] {logging_mixin.py:115} INFO - [2024-03-18 19:58:19,952] {dag.py:2927} INFO - Setting next_dagrun for example_short_circuit_operator to 2024-03-17T22:58:19.952093+00:00, run_after=2024-03-18T22:58:19.952093+00:00
[2024-03-18 19:58:19,963] {processor.py:161} INFO - Processing /home/sheyla/Documents/Repositórios/apache-airflow-extracao-de-dados/venv/lib/python3.9/site-packages/airflow/example_dags/example_short_circuit_operator.py took 0.051 seconds
[2024-03-18 19:58:53,610] {processor.py:153} INFO - Started process (PID=1991092) to work on /home/sheyla/Documents/Repositórios/apache-airflow-extracao-de-dados/venv/lib/python3.9/site-packages/airflow/example_dags/example_short_circuit_operator.py
[2024-03-18 19:58:53,612] {processor.py:641} INFO - Processing file /home/sheyla/Documents/Repositórios/apache-airflow-extracao-de-dados/venv/lib/python3.9/site-packages/airflow/example_dags/example_short_circuit_operator.py for tasks to queue
[2024-03-18 19:58:53,612] {logging_mixin.py:115} INFO - [2024-03-18 19:58:53,612] {dagbag.py:507} INFO - Filling up the DagBag from /home/sheyla/Documents/Repositórios/apache-airflow-extracao-de-dados/venv/lib/python3.9/site-packages/airflow/example_dags/example_short_circuit_operator.py
[2024-03-18 19:58:53,620] {processor.py:651} INFO - DAG(s) dict_keys(['example_short_circuit_operator']) retrieved from /home/sheyla/Documents/Repositórios/apache-airflow-extracao-de-dados/venv/lib/python3.9/site-packages/airflow/example_dags/example_short_circuit_operator.py
[2024-03-18 19:58:53,634] {logging_mixin.py:115} INFO - [2024-03-18 19:58:53,634] {dag.py:2379} INFO - Sync 1 DAGs
[2024-03-18 19:58:53,645] {logging_mixin.py:115} INFO - [2024-03-18 19:58:53,645] {dag.py:2927} INFO - Setting next_dagrun for example_short_circuit_operator to 2024-03-17T22:58:53.645074+00:00, run_after=2024-03-18T22:58:53.645074+00:00
[2024-03-18 19:58:53,656] {processor.py:161} INFO - Processing /home/sheyla/Documents/Repositórios/apache-airflow-extracao-de-dados/venv/lib/python3.9/site-packages/airflow/example_dags/example_short_circuit_operator.py took 0.049 seconds
[2024-03-18 19:59:25,411] {processor.py:153} INFO - Started process (PID=1991406) to work on /home/sheyla/Documents/Repositórios/apache-airflow-extracao-de-dados/venv/lib/python3.9/site-packages/airflow/example_dags/example_short_circuit_operator.py
[2024-03-18 19:59:25,417] {processor.py:641} INFO - Processing file /home/sheyla/Documents/Repositórios/apache-airflow-extracao-de-dados/venv/lib/python3.9/site-packages/airflow/example_dags/example_short_circuit_operator.py for tasks to queue
[2024-03-18 19:59:25,419] {logging_mixin.py:115} INFO - [2024-03-18 19:59:25,418] {dagbag.py:507} INFO - Filling up the DagBag from /home/sheyla/Documents/Repositórios/apache-airflow-extracao-de-dados/venv/lib/python3.9/site-packages/airflow/example_dags/example_short_circuit_operator.py
[2024-03-18 19:59:25,440] {processor.py:651} INFO - DAG(s) dict_keys(['example_short_circuit_operator']) retrieved from /home/sheyla/Documents/Repositórios/apache-airflow-extracao-de-dados/venv/lib/python3.9/site-packages/airflow/example_dags/example_short_circuit_operator.py
[2024-03-18 19:59:25,459] {logging_mixin.py:115} INFO - [2024-03-18 19:59:25,459] {dag.py:2379} INFO - Sync 1 DAGs
[2024-03-18 19:59:25,471] {logging_mixin.py:115} INFO - [2024-03-18 19:59:25,471] {dag.py:2927} INFO - Setting next_dagrun for example_short_circuit_operator to 2024-03-17T22:59:25.470905+00:00, run_after=2024-03-18T22:59:25.470905+00:00
[2024-03-18 19:59:25,490] {processor.py:161} INFO - Processing /home/sheyla/Documents/Repositórios/apache-airflow-extracao-de-dados/venv/lib/python3.9/site-packages/airflow/example_dags/example_short_circuit_operator.py took 0.086 seconds
[2024-03-18 19:59:59,749] {processor.py:153} INFO - Started process (PID=1991772) to work on /home/sheyla/Documents/Repositórios/apache-airflow-extracao-de-dados/venv/lib/python3.9/site-packages/airflow/example_dags/example_short_circuit_operator.py
[2024-03-18 19:59:59,754] {processor.py:641} INFO - Processing file /home/sheyla/Documents/Repositórios/apache-airflow-extracao-de-dados/venv/lib/python3.9/site-packages/airflow/example_dags/example_short_circuit_operator.py for tasks to queue
[2024-03-18 19:59:59,755] {logging_mixin.py:115} INFO - [2024-03-18 19:59:59,755] {dagbag.py:507} INFO - Filling up the DagBag from /home/sheyla/Documents/Repositórios/apache-airflow-extracao-de-dados/venv/lib/python3.9/site-packages/airflow/example_dags/example_short_circuit_operator.py
[2024-03-18 19:59:59,773] {processor.py:651} INFO - DAG(s) dict_keys(['example_short_circuit_operator']) retrieved from /home/sheyla/Documents/Repositórios/apache-airflow-extracao-de-dados/venv/lib/python3.9/site-packages/airflow/example_dags/example_short_circuit_operator.py
[2024-03-18 19:59:59,796] {logging_mixin.py:115} INFO - [2024-03-18 19:59:59,796] {dag.py:2379} INFO - Sync 1 DAGs
[2024-03-18 19:59:59,812] {logging_mixin.py:115} INFO - [2024-03-18 19:59:59,812] {dag.py:2927} INFO - Setting next_dagrun for example_short_circuit_operator to 2024-03-17T22:59:59.812697+00:00, run_after=2024-03-18T22:59:59.812697+00:00
[2024-03-18 19:59:59,826] {processor.py:161} INFO - Processing /home/sheyla/Documents/Repositórios/apache-airflow-extracao-de-dados/venv/lib/python3.9/site-packages/airflow/example_dags/example_short_circuit_operator.py took 0.081 seconds
[2024-03-18 20:00:34,616] {processor.py:153} INFO - Started process (PID=1992191) to work on /home/sheyla/Documents/Repositórios/apache-airflow-extracao-de-dados/venv/lib/python3.9/site-packages/airflow/example_dags/example_short_circuit_operator.py
[2024-03-18 20:00:34,623] {processor.py:641} INFO - Processing file /home/sheyla/Documents/Repositórios/apache-airflow-extracao-de-dados/venv/lib/python3.9/site-packages/airflow/example_dags/example_short_circuit_operator.py for tasks to queue
[2024-03-18 20:00:34,624] {logging_mixin.py:115} INFO - [2024-03-18 20:00:34,624] {dagbag.py:507} INFO - Filling up the DagBag from /home/sheyla/Documents/Repositórios/apache-airflow-extracao-de-dados/venv/lib/python3.9/site-packages/airflow/example_dags/example_short_circuit_operator.py
[2024-03-18 20:00:34,646] {processor.py:651} INFO - DAG(s) dict_keys(['example_short_circuit_operator']) retrieved from /home/sheyla/Documents/Repositórios/apache-airflow-extracao-de-dados/venv/lib/python3.9/site-packages/airflow/example_dags/example_short_circuit_operator.py
[2024-03-18 20:00:34,665] {logging_mixin.py:115} INFO - [2024-03-18 20:00:34,665] {dag.py:2379} INFO - Sync 1 DAGs
[2024-03-18 20:00:34,677] {logging_mixin.py:115} INFO - [2024-03-18 20:00:34,677] {dag.py:2927} INFO - Setting next_dagrun for example_short_circuit_operator to 2024-03-17T23:00:34.676977+00:00, run_after=2024-03-18T23:00:34.676977+00:00
[2024-03-18 20:00:34,690] {processor.py:161} INFO - Processing /home/sheyla/Documents/Repositórios/apache-airflow-extracao-de-dados/venv/lib/python3.9/site-packages/airflow/example_dags/example_short_circuit_operator.py took 0.081 seconds
[2024-03-18 20:01:06,570] {processor.py:153} INFO - Started process (PID=1992517) to work on /home/sheyla/Documents/Repositórios/apache-airflow-extracao-de-dados/venv/lib/python3.9/site-packages/airflow/example_dags/example_short_circuit_operator.py
[2024-03-18 20:01:06,576] {processor.py:641} INFO - Processing file /home/sheyla/Documents/Repositórios/apache-airflow-extracao-de-dados/venv/lib/python3.9/site-packages/airflow/example_dags/example_short_circuit_operator.py for tasks to queue
[2024-03-18 20:01:06,576] {logging_mixin.py:115} INFO - [2024-03-18 20:01:06,576] {dagbag.py:507} INFO - Filling up the DagBag from /home/sheyla/Documents/Repositórios/apache-airflow-extracao-de-dados/venv/lib/python3.9/site-packages/airflow/example_dags/example_short_circuit_operator.py
[2024-03-18 20:01:06,586] {processor.py:651} INFO - DAG(s) dict_keys(['example_short_circuit_operator']) retrieved from /home/sheyla/Documents/Repositórios/apache-airflow-extracao-de-dados/venv/lib/python3.9/site-packages/airflow/example_dags/example_short_circuit_operator.py
[2024-03-18 20:01:06,606] {logging_mixin.py:115} INFO - [2024-03-18 20:01:06,606] {dag.py:2379} INFO - Sync 1 DAGs
[2024-03-18 20:01:06,618] {logging_mixin.py:115} INFO - [2024-03-18 20:01:06,618] {dag.py:2927} INFO - Setting next_dagrun for example_short_circuit_operator to 2024-03-17T23:01:06.618565+00:00, run_after=2024-03-18T23:01:06.618565+00:00
[2024-03-18 20:01:06,638] {processor.py:161} INFO - Processing /home/sheyla/Documents/Repositórios/apache-airflow-extracao-de-dados/venv/lib/python3.9/site-packages/airflow/example_dags/example_short_circuit_operator.py took 0.070 seconds
[2024-03-18 20:01:38,305] {processor.py:153} INFO - Started process (PID=1992828) to work on /home/sheyla/Documents/Repositórios/apache-airflow-extracao-de-dados/venv/lib/python3.9/site-packages/airflow/example_dags/example_short_circuit_operator.py
[2024-03-18 20:01:38,310] {processor.py:641} INFO - Processing file /home/sheyla/Documents/Repositórios/apache-airflow-extracao-de-dados/venv/lib/python3.9/site-packages/airflow/example_dags/example_short_circuit_operator.py for tasks to queue
[2024-03-18 20:01:38,311] {logging_mixin.py:115} INFO - [2024-03-18 20:01:38,311] {dagbag.py:507} INFO - Filling up the DagBag from /home/sheyla/Documents/Repositórios/apache-airflow-extracao-de-dados/venv/lib/python3.9/site-packages/airflow/example_dags/example_short_circuit_operator.py
[2024-03-18 20:01:38,320] {processor.py:651} INFO - DAG(s) dict_keys(['example_short_circuit_operator']) retrieved from /home/sheyla/Documents/Repositórios/apache-airflow-extracao-de-dados/venv/lib/python3.9/site-packages/airflow/example_dags/example_short_circuit_operator.py
[2024-03-18 20:01:38,339] {logging_mixin.py:115} INFO - [2024-03-18 20:01:38,339] {dag.py:2379} INFO - Sync 1 DAGs
[2024-03-18 20:01:38,351] {logging_mixin.py:115} INFO - [2024-03-18 20:01:38,351] {dag.py:2927} INFO - Setting next_dagrun for example_short_circuit_operator to 2024-03-17T23:01:38.351314+00:00, run_after=2024-03-18T23:01:38.351314+00:00
[2024-03-18 20:01:38,363] {processor.py:161} INFO - Processing /home/sheyla/Documents/Repositórios/apache-airflow-extracao-de-dados/venv/lib/python3.9/site-packages/airflow/example_dags/example_short_circuit_operator.py took 0.061 seconds
[2024-03-18 20:02:13,391] {processor.py:153} INFO - Started process (PID=1993202) to work on /home/sheyla/Documents/Repositórios/apache-airflow-extracao-de-dados/venv/lib/python3.9/site-packages/airflow/example_dags/example_short_circuit_operator.py
[2024-03-18 20:02:13,393] {processor.py:641} INFO - Processing file /home/sheyla/Documents/Repositórios/apache-airflow-extracao-de-dados/venv/lib/python3.9/site-packages/airflow/example_dags/example_short_circuit_operator.py for tasks to queue
[2024-03-18 20:02:13,394] {logging_mixin.py:115} INFO - [2024-03-18 20:02:13,394] {dagbag.py:507} INFO - Filling up the DagBag from /home/sheyla/Documents/Repositórios/apache-airflow-extracao-de-dados/venv/lib/python3.9/site-packages/airflow/example_dags/example_short_circuit_operator.py
[2024-03-18 20:02:13,410] {processor.py:651} INFO - DAG(s) dict_keys(['example_short_circuit_operator']) retrieved from /home/sheyla/Documents/Repositórios/apache-airflow-extracao-de-dados/venv/lib/python3.9/site-packages/airflow/example_dags/example_short_circuit_operator.py
[2024-03-18 20:02:13,426] {logging_mixin.py:115} INFO - [2024-03-18 20:02:13,426] {dag.py:2379} INFO - Sync 1 DAGs
[2024-03-18 20:02:13,438] {logging_mixin.py:115} INFO - [2024-03-18 20:02:13,438] {dag.py:2927} INFO - Setting next_dagrun for example_short_circuit_operator to 2024-03-17T23:02:13.437980+00:00, run_after=2024-03-18T23:02:13.437980+00:00
[2024-03-18 20:02:13,456] {processor.py:161} INFO - Processing /home/sheyla/Documents/Repositórios/apache-airflow-extracao-de-dados/venv/lib/python3.9/site-packages/airflow/example_dags/example_short_circuit_operator.py took 0.073 seconds
[2024-03-18 20:02:45,536] {processor.py:153} INFO - Started process (PID=1993526) to work on /home/sheyla/Documents/Repositórios/apache-airflow-extracao-de-dados/venv/lib/python3.9/site-packages/airflow/example_dags/example_short_circuit_operator.py
[2024-03-18 20:02:45,542] {processor.py:641} INFO - Processing file /home/sheyla/Documents/Repositórios/apache-airflow-extracao-de-dados/venv/lib/python3.9/site-packages/airflow/example_dags/example_short_circuit_operator.py for tasks to queue
[2024-03-18 20:02:45,544] {logging_mixin.py:115} INFO - [2024-03-18 20:02:45,544] {dagbag.py:507} INFO - Filling up the DagBag from /home/sheyla/Documents/Repositórios/apache-airflow-extracao-de-dados/venv/lib/python3.9/site-packages/airflow/example_dags/example_short_circuit_operator.py
[2024-03-18 20:02:45,567] {processor.py:651} INFO - DAG(s) dict_keys(['example_short_circuit_operator']) retrieved from /home/sheyla/Documents/Repositórios/apache-airflow-extracao-de-dados/venv/lib/python3.9/site-packages/airflow/example_dags/example_short_circuit_operator.py
[2024-03-18 20:02:45,591] {logging_mixin.py:115} INFO - [2024-03-18 20:02:45,591] {dag.py:2379} INFO - Sync 1 DAGs
[2024-03-18 20:02:45,603] {logging_mixin.py:115} INFO - [2024-03-18 20:02:45,603] {dag.py:2927} INFO - Setting next_dagrun for example_short_circuit_operator to 2024-03-17T23:02:45.602986+00:00, run_after=2024-03-18T23:02:45.602986+00:00
[2024-03-18 20:02:45,621] {processor.py:161} INFO - Processing /home/sheyla/Documents/Repositórios/apache-airflow-extracao-de-dados/venv/lib/python3.9/site-packages/airflow/example_dags/example_short_circuit_operator.py took 0.092 seconds
[2024-03-18 20:03:18,322] {processor.py:153} INFO - Started process (PID=1993857) to work on /home/sheyla/Documents/Repositórios/apache-airflow-extracao-de-dados/venv/lib/python3.9/site-packages/airflow/example_dags/example_short_circuit_operator.py
[2024-03-18 20:03:18,328] {processor.py:641} INFO - Processing file /home/sheyla/Documents/Repositórios/apache-airflow-extracao-de-dados/venv/lib/python3.9/site-packages/airflow/example_dags/example_short_circuit_operator.py for tasks to queue
[2024-03-18 20:03:18,329] {logging_mixin.py:115} INFO - [2024-03-18 20:03:18,329] {dagbag.py:507} INFO - Filling up the DagBag from /home/sheyla/Documents/Repositórios/apache-airflow-extracao-de-dados/venv/lib/python3.9/site-packages/airflow/example_dags/example_short_circuit_operator.py
[2024-03-18 20:03:18,352] {processor.py:651} INFO - DAG(s) dict_keys(['example_short_circuit_operator']) retrieved from /home/sheyla/Documents/Repositórios/apache-airflow-extracao-de-dados/venv/lib/python3.9/site-packages/airflow/example_dags/example_short_circuit_operator.py
[2024-03-18 20:03:18,375] {logging_mixin.py:115} INFO - [2024-03-18 20:03:18,375] {dag.py:2379} INFO - Sync 1 DAGs
[2024-03-18 20:03:18,388] {logging_mixin.py:115} INFO - [2024-03-18 20:03:18,388] {dag.py:2927} INFO - Setting next_dagrun for example_short_circuit_operator to 2024-03-17T23:03:18.388047+00:00, run_after=2024-03-18T23:03:18.388047+00:00
[2024-03-18 20:03:18,400] {processor.py:161} INFO - Processing /home/sheyla/Documents/Repositórios/apache-airflow-extracao-de-dados/venv/lib/python3.9/site-packages/airflow/example_dags/example_short_circuit_operator.py took 0.085 seconds
[2024-03-18 20:03:51,335] {processor.py:153} INFO - Started process (PID=1994187) to work on /home/sheyla/Documents/Repositórios/apache-airflow-extracao-de-dados/venv/lib/python3.9/site-packages/airflow/example_dags/example_short_circuit_operator.py
[2024-03-18 20:03:51,339] {processor.py:641} INFO - Processing file /home/sheyla/Documents/Repositórios/apache-airflow-extracao-de-dados/venv/lib/python3.9/site-packages/airflow/example_dags/example_short_circuit_operator.py for tasks to queue
[2024-03-18 20:03:51,339] {logging_mixin.py:115} INFO - [2024-03-18 20:03:51,339] {dagbag.py:507} INFO - Filling up the DagBag from /home/sheyla/Documents/Repositórios/apache-airflow-extracao-de-dados/venv/lib/python3.9/site-packages/airflow/example_dags/example_short_circuit_operator.py
[2024-03-18 20:03:51,347] {processor.py:651} INFO - DAG(s) dict_keys(['example_short_circuit_operator']) retrieved from /home/sheyla/Documents/Repositórios/apache-airflow-extracao-de-dados/venv/lib/python3.9/site-packages/airflow/example_dags/example_short_circuit_operator.py
[2024-03-18 20:03:51,368] {logging_mixin.py:115} INFO - [2024-03-18 20:03:51,368] {dag.py:2379} INFO - Sync 1 DAGs
[2024-03-18 20:03:51,383] {logging_mixin.py:115} INFO - [2024-03-18 20:03:51,383] {dag.py:2927} INFO - Setting next_dagrun for example_short_circuit_operator to 2024-03-17T23:03:51.383219+00:00, run_after=2024-03-18T23:03:51.383219+00:00
[2024-03-18 20:03:51,394] {processor.py:161} INFO - Processing /home/sheyla/Documents/Repositórios/apache-airflow-extracao-de-dados/venv/lib/python3.9/site-packages/airflow/example_dags/example_short_circuit_operator.py took 0.061 seconds
[2024-03-18 20:04:24,483] {processor.py:153} INFO - Started process (PID=1994510) to work on /home/sheyla/Documents/Repositórios/apache-airflow-extracao-de-dados/venv/lib/python3.9/site-packages/airflow/example_dags/example_short_circuit_operator.py
[2024-03-18 20:04:24,486] {processor.py:641} INFO - Processing file /home/sheyla/Documents/Repositórios/apache-airflow-extracao-de-dados/venv/lib/python3.9/site-packages/airflow/example_dags/example_short_circuit_operator.py for tasks to queue
[2024-03-18 20:04:24,487] {logging_mixin.py:115} INFO - [2024-03-18 20:04:24,487] {dagbag.py:507} INFO - Filling up the DagBag from /home/sheyla/Documents/Repositórios/apache-airflow-extracao-de-dados/venv/lib/python3.9/site-packages/airflow/example_dags/example_short_circuit_operator.py
[2024-03-18 20:04:24,510] {processor.py:651} INFO - DAG(s) dict_keys(['example_short_circuit_operator']) retrieved from /home/sheyla/Documents/Repositórios/apache-airflow-extracao-de-dados/venv/lib/python3.9/site-packages/airflow/example_dags/example_short_circuit_operator.py
[2024-03-18 20:04:24,527] {logging_mixin.py:115} INFO - [2024-03-18 20:04:24,527] {dag.py:2379} INFO - Sync 1 DAGs
[2024-03-18 20:04:24,539] {logging_mixin.py:115} INFO - [2024-03-18 20:04:24,539] {dag.py:2927} INFO - Setting next_dagrun for example_short_circuit_operator to 2024-03-17T23:04:24.538858+00:00, run_after=2024-03-18T23:04:24.538858+00:00
[2024-03-18 20:04:24,549] {processor.py:161} INFO - Processing /home/sheyla/Documents/Repositórios/apache-airflow-extracao-de-dados/venv/lib/python3.9/site-packages/airflow/example_dags/example_short_circuit_operator.py took 0.072 seconds
[2024-03-18 20:04:57,830] {processor.py:153} INFO - Started process (PID=1994850) to work on /home/sheyla/Documents/Repositórios/apache-airflow-extracao-de-dados/venv/lib/python3.9/site-packages/airflow/example_dags/example_short_circuit_operator.py
[2024-03-18 20:04:57,836] {processor.py:641} INFO - Processing file /home/sheyla/Documents/Repositórios/apache-airflow-extracao-de-dados/venv/lib/python3.9/site-packages/airflow/example_dags/example_short_circuit_operator.py for tasks to queue
[2024-03-18 20:04:57,838] {logging_mixin.py:115} INFO - [2024-03-18 20:04:57,837] {dagbag.py:507} INFO - Filling up the DagBag from /home/sheyla/Documents/Repositórios/apache-airflow-extracao-de-dados/venv/lib/python3.9/site-packages/airflow/example_dags/example_short_circuit_operator.py
[2024-03-18 20:04:57,859] {processor.py:651} INFO - DAG(s) dict_keys(['example_short_circuit_operator']) retrieved from /home/sheyla/Documents/Repositórios/apache-airflow-extracao-de-dados/venv/lib/python3.9/site-packages/airflow/example_dags/example_short_circuit_operator.py
[2024-03-18 20:04:57,878] {logging_mixin.py:115} INFO - [2024-03-18 20:04:57,878] {dag.py:2379} INFO - Sync 1 DAGs
[2024-03-18 20:04:57,890] {logging_mixin.py:115} INFO - [2024-03-18 20:04:57,890] {dag.py:2927} INFO - Setting next_dagrun for example_short_circuit_operator to 2024-03-17T23:04:57.889978+00:00, run_after=2024-03-18T23:04:57.889978+00:00
[2024-03-18 20:04:57,901] {processor.py:161} INFO - Processing /home/sheyla/Documents/Repositórios/apache-airflow-extracao-de-dados/venv/lib/python3.9/site-packages/airflow/example_dags/example_short_circuit_operator.py took 0.077 seconds
[2024-03-18 20:05:31,235] {processor.py:153} INFO - Started process (PID=1995204) to work on /home/sheyla/Documents/Repositórios/apache-airflow-extracao-de-dados/venv/lib/python3.9/site-packages/airflow/example_dags/example_short_circuit_operator.py
[2024-03-18 20:05:31,240] {processor.py:641} INFO - Processing file /home/sheyla/Documents/Repositórios/apache-airflow-extracao-de-dados/venv/lib/python3.9/site-packages/airflow/example_dags/example_short_circuit_operator.py for tasks to queue
[2024-03-18 20:05:31,241] {logging_mixin.py:115} INFO - [2024-03-18 20:05:31,241] {dagbag.py:507} INFO - Filling up the DagBag from /home/sheyla/Documents/Repositórios/apache-airflow-extracao-de-dados/venv/lib/python3.9/site-packages/airflow/example_dags/example_short_circuit_operator.py
[2024-03-18 20:05:31,250] {processor.py:651} INFO - DAG(s) dict_keys(['example_short_circuit_operator']) retrieved from /home/sheyla/Documents/Repositórios/apache-airflow-extracao-de-dados/venv/lib/python3.9/site-packages/airflow/example_dags/example_short_circuit_operator.py
[2024-03-18 20:05:31,265] {logging_mixin.py:115} INFO - [2024-03-18 20:05:31,265] {dag.py:2379} INFO - Sync 1 DAGs
[2024-03-18 20:05:31,280] {logging_mixin.py:115} INFO - [2024-03-18 20:05:31,280] {dag.py:2927} INFO - Setting next_dagrun for example_short_circuit_operator to 2024-03-17T23:05:31.280629+00:00, run_after=2024-03-18T23:05:31.280629+00:00
[2024-03-18 20:05:31,300] {processor.py:161} INFO - Processing /home/sheyla/Documents/Repositórios/apache-airflow-extracao-de-dados/venv/lib/python3.9/site-packages/airflow/example_dags/example_short_circuit_operator.py took 0.068 seconds
[2024-03-18 20:06:04,319] {processor.py:153} INFO - Started process (PID=1995621) to work on /home/sheyla/Documents/Repositórios/apache-airflow-extracao-de-dados/venv/lib/python3.9/site-packages/airflow/example_dags/example_short_circuit_operator.py
[2024-03-18 20:06:04,324] {processor.py:641} INFO - Processing file /home/sheyla/Documents/Repositórios/apache-airflow-extracao-de-dados/venv/lib/python3.9/site-packages/airflow/example_dags/example_short_circuit_operator.py for tasks to queue
[2024-03-18 20:06:04,324] {logging_mixin.py:115} INFO - [2024-03-18 20:06:04,324] {dagbag.py:507} INFO - Filling up the DagBag from /home/sheyla/Documents/Repositórios/apache-airflow-extracao-de-dados/venv/lib/python3.9/site-packages/airflow/example_dags/example_short_circuit_operator.py
[2024-03-18 20:06:04,331] {processor.py:651} INFO - DAG(s) dict_keys(['example_short_circuit_operator']) retrieved from /home/sheyla/Documents/Repositórios/apache-airflow-extracao-de-dados/venv/lib/python3.9/site-packages/airflow/example_dags/example_short_circuit_operator.py
[2024-03-18 20:06:04,346] {logging_mixin.py:115} INFO - [2024-03-18 20:06:04,346] {dag.py:2379} INFO - Sync 1 DAGs
[2024-03-18 20:06:04,358] {logging_mixin.py:115} INFO - [2024-03-18 20:06:04,358] {dag.py:2927} INFO - Setting next_dagrun for example_short_circuit_operator to 2024-03-17T23:06:04.358160+00:00, run_after=2024-03-18T23:06:04.358160+00:00
[2024-03-18 20:06:04,369] {processor.py:161} INFO - Processing /home/sheyla/Documents/Repositórios/apache-airflow-extracao-de-dados/venv/lib/python3.9/site-packages/airflow/example_dags/example_short_circuit_operator.py took 0.053 seconds
[2024-03-18 20:06:37,768] {processor.py:153} INFO - Started process (PID=1995955) to work on /home/sheyla/Documents/Repositórios/apache-airflow-extracao-de-dados/venv/lib/python3.9/site-packages/airflow/example_dags/example_short_circuit_operator.py
[2024-03-18 20:06:37,774] {processor.py:641} INFO - Processing file /home/sheyla/Documents/Repositórios/apache-airflow-extracao-de-dados/venv/lib/python3.9/site-packages/airflow/example_dags/example_short_circuit_operator.py for tasks to queue
[2024-03-18 20:06:37,775] {logging_mixin.py:115} INFO - [2024-03-18 20:06:37,775] {dagbag.py:507} INFO - Filling up the DagBag from /home/sheyla/Documents/Repositórios/apache-airflow-extracao-de-dados/venv/lib/python3.9/site-packages/airflow/example_dags/example_short_circuit_operator.py
[2024-03-18 20:06:37,798] {processor.py:651} INFO - DAG(s) dict_keys(['example_short_circuit_operator']) retrieved from /home/sheyla/Documents/Repositórios/apache-airflow-extracao-de-dados/venv/lib/python3.9/site-packages/airflow/example_dags/example_short_circuit_operator.py
[2024-03-18 20:06:37,821] {logging_mixin.py:115} INFO - [2024-03-18 20:06:37,821] {dag.py:2379} INFO - Sync 1 DAGs
[2024-03-18 20:06:37,833] {logging_mixin.py:115} INFO - [2024-03-18 20:06:37,833] {dag.py:2927} INFO - Setting next_dagrun for example_short_circuit_operator to 2024-03-17T23:06:37.833268+00:00, run_after=2024-03-18T23:06:37.833268+00:00
[2024-03-18 20:06:37,846] {processor.py:161} INFO - Processing /home/sheyla/Documents/Repositórios/apache-airflow-extracao-de-dados/venv/lib/python3.9/site-packages/airflow/example_dags/example_short_circuit_operator.py took 0.080 seconds
[2024-03-18 20:07:12,544] {processor.py:153} INFO - Started process (PID=1996326) to work on /home/sheyla/Documents/Repositórios/apache-airflow-extracao-de-dados/venv/lib/python3.9/site-packages/airflow/example_dags/example_short_circuit_operator.py
[2024-03-18 20:07:12,544] {processor.py:641} INFO - Processing file /home/sheyla/Documents/Repositórios/apache-airflow-extracao-de-dados/venv/lib/python3.9/site-packages/airflow/example_dags/example_short_circuit_operator.py for tasks to queue
[2024-03-18 20:07:12,545] {logging_mixin.py:115} INFO - [2024-03-18 20:07:12,545] {dagbag.py:507} INFO - Filling up the DagBag from /home/sheyla/Documents/Repositórios/apache-airflow-extracao-de-dados/venv/lib/python3.9/site-packages/airflow/example_dags/example_short_circuit_operator.py
[2024-03-18 20:07:12,552] {processor.py:651} INFO - DAG(s) dict_keys(['example_short_circuit_operator']) retrieved from /home/sheyla/Documents/Repositórios/apache-airflow-extracao-de-dados/venv/lib/python3.9/site-packages/airflow/example_dags/example_short_circuit_operator.py
[2024-03-18 20:07:12,562] {logging_mixin.py:115} INFO - [2024-03-18 20:07:12,562] {dag.py:2379} INFO - Sync 1 DAGs
[2024-03-18 20:07:12,573] {logging_mixin.py:115} INFO - [2024-03-18 20:07:12,572] {dag.py:2927} INFO - Setting next_dagrun for example_short_circuit_operator to 2024-03-17T23:07:12.572800+00:00, run_after=2024-03-18T23:07:12.572800+00:00
[2024-03-18 20:07:12,593] {processor.py:161} INFO - Processing /home/sheyla/Documents/Repositórios/apache-airflow-extracao-de-dados/venv/lib/python3.9/site-packages/airflow/example_dags/example_short_circuit_operator.py took 0.051 seconds
[2024-03-18 20:07:47,298] {processor.py:153} INFO - Started process (PID=1997068) to work on /home/sheyla/Documents/Repositórios/apache-airflow-extracao-de-dados/venv/lib/python3.9/site-packages/airflow/example_dags/example_short_circuit_operator.py
[2024-03-18 20:07:47,304] {processor.py:641} INFO - Processing file /home/sheyla/Documents/Repositórios/apache-airflow-extracao-de-dados/venv/lib/python3.9/site-packages/airflow/example_dags/example_short_circuit_operator.py for tasks to queue
[2024-03-18 20:07:47,305] {logging_mixin.py:115} INFO - [2024-03-18 20:07:47,305] {dagbag.py:507} INFO - Filling up the DagBag from /home/sheyla/Documents/Repositórios/apache-airflow-extracao-de-dados/venv/lib/python3.9/site-packages/airflow/example_dags/example_short_circuit_operator.py
[2024-03-18 20:07:47,325] {processor.py:651} INFO - DAG(s) dict_keys(['example_short_circuit_operator']) retrieved from /home/sheyla/Documents/Repositórios/apache-airflow-extracao-de-dados/venv/lib/python3.9/site-packages/airflow/example_dags/example_short_circuit_operator.py
[2024-03-18 20:07:47,345] {logging_mixin.py:115} INFO - [2024-03-18 20:07:47,344] {dag.py:2379} INFO - Sync 1 DAGs
[2024-03-18 20:07:47,358] {logging_mixin.py:115} INFO - [2024-03-18 20:07:47,358] {dag.py:2927} INFO - Setting next_dagrun for example_short_circuit_operator to 2024-03-17T23:07:47.357982+00:00, run_after=2024-03-18T23:07:47.357982+00:00
[2024-03-18 20:07:47,370] {processor.py:161} INFO - Processing /home/sheyla/Documents/Repositórios/apache-airflow-extracao-de-dados/venv/lib/python3.9/site-packages/airflow/example_dags/example_short_circuit_operator.py took 0.073 seconds
[2024-03-18 20:08:19,988] {processor.py:153} INFO - Started process (PID=1997836) to work on /home/sheyla/Documents/Repositórios/apache-airflow-extracao-de-dados/venv/lib/python3.9/site-packages/airflow/example_dags/example_short_circuit_operator.py
[2024-03-18 20:08:19,994] {processor.py:641} INFO - Processing file /home/sheyla/Documents/Repositórios/apache-airflow-extracao-de-dados/venv/lib/python3.9/site-packages/airflow/example_dags/example_short_circuit_operator.py for tasks to queue
[2024-03-18 20:08:19,994] {logging_mixin.py:115} INFO - [2024-03-18 20:08:19,994] {dagbag.py:507} INFO - Filling up the DagBag from /home/sheyla/Documents/Repositórios/apache-airflow-extracao-de-dados/venv/lib/python3.9/site-packages/airflow/example_dags/example_short_circuit_operator.py
[2024-03-18 20:08:20,001] {processor.py:651} INFO - DAG(s) dict_keys(['example_short_circuit_operator']) retrieved from /home/sheyla/Documents/Repositórios/apache-airflow-extracao-de-dados/venv/lib/python3.9/site-packages/airflow/example_dags/example_short_circuit_operator.py
[2024-03-18 20:08:20,011] {logging_mixin.py:115} INFO - [2024-03-18 20:08:20,011] {dag.py:2379} INFO - Sync 1 DAGs
[2024-03-18 20:08:20,021] {logging_mixin.py:115} INFO - [2024-03-18 20:08:20,021] {dag.py:2927} INFO - Setting next_dagrun for example_short_circuit_operator to 2024-03-17T23:08:20.021409+00:00, run_after=2024-03-18T23:08:20.021409+00:00
[2024-03-18 20:08:20,034] {processor.py:161} INFO - Processing /home/sheyla/Documents/Repositórios/apache-airflow-extracao-de-dados/venv/lib/python3.9/site-packages/airflow/example_dags/example_short_circuit_operator.py took 0.047 seconds
[2024-03-18 20:08:53,631] {processor.py:153} INFO - Started process (PID=1998543) to work on /home/sheyla/Documents/Repositórios/apache-airflow-extracao-de-dados/venv/lib/python3.9/site-packages/airflow/example_dags/example_short_circuit_operator.py
[2024-03-18 20:08:53,635] {processor.py:641} INFO - Processing file /home/sheyla/Documents/Repositórios/apache-airflow-extracao-de-dados/venv/lib/python3.9/site-packages/airflow/example_dags/example_short_circuit_operator.py for tasks to queue
[2024-03-18 20:08:53,635] {logging_mixin.py:115} INFO - [2024-03-18 20:08:53,635] {dagbag.py:507} INFO - Filling up the DagBag from /home/sheyla/Documents/Repositórios/apache-airflow-extracao-de-dados/venv/lib/python3.9/site-packages/airflow/example_dags/example_short_circuit_operator.py
[2024-03-18 20:08:53,642] {processor.py:651} INFO - DAG(s) dict_keys(['example_short_circuit_operator']) retrieved from /home/sheyla/Documents/Repositórios/apache-airflow-extracao-de-dados/venv/lib/python3.9/site-packages/airflow/example_dags/example_short_circuit_operator.py
[2024-03-18 20:08:53,652] {logging_mixin.py:115} INFO - [2024-03-18 20:08:53,652] {dag.py:2379} INFO - Sync 1 DAGs
[2024-03-18 20:08:53,663] {logging_mixin.py:115} INFO - [2024-03-18 20:08:53,663] {dag.py:2927} INFO - Setting next_dagrun for example_short_circuit_operator to 2024-03-17T23:08:53.663129+00:00, run_after=2024-03-18T23:08:53.663129+00:00
[2024-03-18 20:08:53,673] {processor.py:161} INFO - Processing /home/sheyla/Documents/Repositórios/apache-airflow-extracao-de-dados/venv/lib/python3.9/site-packages/airflow/example_dags/example_short_circuit_operator.py took 0.043 seconds
