[2024-03-18 19:57:10,952] {processor.py:153} INFO - Started process (PID=1990060) to work on /home/sheyla/Documents/Repositórios/apache-airflow-extracao-de-dados/venv/lib/python3.9/site-packages/airflow/example_dags/example_sla_dag.py
[2024-03-18 19:57:10,953] {processor.py:641} INFO - Processing file /home/sheyla/Documents/Repositórios/apache-airflow-extracao-de-dados/venv/lib/python3.9/site-packages/airflow/example_dags/example_sla_dag.py for tasks to queue
[2024-03-18 19:57:10,954] {logging_mixin.py:115} INFO - [2024-03-18 19:57:10,954] {dagbag.py:507} INFO - Filling up the DagBag from /home/sheyla/Documents/Repositórios/apache-airflow-extracao-de-dados/venv/lib/python3.9/site-packages/airflow/example_dags/example_sla_dag.py
[2024-03-18 19:57:10,985] {processor.py:651} INFO - DAG(s) dict_keys(['example_sla_dag']) retrieved from /home/sheyla/Documents/Repositórios/apache-airflow-extracao-de-dados/venv/lib/python3.9/site-packages/airflow/example_dags/example_sla_dag.py
[2024-03-18 19:57:11,094] {logging_mixin.py:115} INFO - [2024-03-18 19:57:11,094] {manager.py:508} INFO - Created Permission View: can delete on DAG:example_sla_dag
[2024-03-18 19:57:11,151] {logging_mixin.py:115} INFO - [2024-03-18 19:57:11,150] {manager.py:508} INFO - Created Permission View: can edit on DAG:example_sla_dag
[2024-03-18 19:57:11,202] {logging_mixin.py:115} INFO - [2024-03-18 19:57:11,202] {manager.py:508} INFO - Created Permission View: can read on DAG:example_sla_dag
[2024-03-18 19:57:11,203] {logging_mixin.py:115} INFO - [2024-03-18 19:57:11,203] {dag.py:2379} INFO - Sync 1 DAGs
[2024-03-18 19:57:11,228] {logging_mixin.py:115} INFO - [2024-03-18 19:57:11,227] {dag.py:2398} INFO - Creating ORM DAG for example_sla_dag
[2024-03-18 19:57:11,247] {logging_mixin.py:115} INFO - [2024-03-18 19:57:11,247] {dag.py:2927} INFO - Setting next_dagrun for example_sla_dag to 2024-03-18T22:54:00+00:00, run_after=2024-03-18T22:56:00+00:00
[2024-03-18 19:57:11,295] {processor.py:161} INFO - Processing /home/sheyla/Documents/Repositórios/apache-airflow-extracao-de-dados/venv/lib/python3.9/site-packages/airflow/example_dags/example_sla_dag.py took 0.350 seconds
[2024-03-18 19:57:47,745] {processor.py:153} INFO - Started process (PID=1990436) to work on /home/sheyla/Documents/Repositórios/apache-airflow-extracao-de-dados/venv/lib/python3.9/site-packages/airflow/example_dags/example_sla_dag.py
[2024-03-18 19:57:47,750] {processor.py:641} INFO - Processing file /home/sheyla/Documents/Repositórios/apache-airflow-extracao-de-dados/venv/lib/python3.9/site-packages/airflow/example_dags/example_sla_dag.py for tasks to queue
[2024-03-18 19:57:47,751] {logging_mixin.py:115} INFO - [2024-03-18 19:57:47,751] {dagbag.py:507} INFO - Filling up the DagBag from /home/sheyla/Documents/Repositórios/apache-airflow-extracao-de-dados/venv/lib/python3.9/site-packages/airflow/example_dags/example_sla_dag.py
[2024-03-18 19:57:47,775] {processor.py:651} INFO - DAG(s) dict_keys(['example_sla_dag']) retrieved from /home/sheyla/Documents/Repositórios/apache-airflow-extracao-de-dados/venv/lib/python3.9/site-packages/airflow/example_dags/example_sla_dag.py
[2024-03-18 19:57:47,788] {logging_mixin.py:115} INFO - [2024-03-18 19:57:47,788] {dag.py:2379} INFO - Sync 1 DAGs
[2024-03-18 19:57:47,802] {logging_mixin.py:115} INFO - [2024-03-18 19:57:47,802] {dag.py:2927} INFO - Setting next_dagrun for example_sla_dag to 2024-03-18T22:54:00+00:00, run_after=2024-03-18T22:56:00+00:00
[2024-03-18 19:57:47,814] {processor.py:161} INFO - Processing /home/sheyla/Documents/Repositórios/apache-airflow-extracao-de-dados/venv/lib/python3.9/site-packages/airflow/example_dags/example_sla_dag.py took 0.071 seconds
[2024-03-18 19:58:21,638] {processor.py:153} INFO - Started process (PID=1990775) to work on /home/sheyla/Documents/Repositórios/apache-airflow-extracao-de-dados/venv/lib/python3.9/site-packages/airflow/example_dags/example_sla_dag.py
[2024-03-18 19:58:21,643] {processor.py:641} INFO - Processing file /home/sheyla/Documents/Repositórios/apache-airflow-extracao-de-dados/venv/lib/python3.9/site-packages/airflow/example_dags/example_sla_dag.py for tasks to queue
[2024-03-18 19:58:21,644] {logging_mixin.py:115} INFO - [2024-03-18 19:58:21,644] {dagbag.py:507} INFO - Filling up the DagBag from /home/sheyla/Documents/Repositórios/apache-airflow-extracao-de-dados/venv/lib/python3.9/site-packages/airflow/example_dags/example_sla_dag.py
[2024-03-18 19:58:21,661] {processor.py:651} INFO - DAG(s) dict_keys(['example_sla_dag']) retrieved from /home/sheyla/Documents/Repositórios/apache-airflow-extracao-de-dados/venv/lib/python3.9/site-packages/airflow/example_dags/example_sla_dag.py
[2024-03-18 19:58:21,670] {logging_mixin.py:115} INFO - [2024-03-18 19:58:21,670] {dag.py:2379} INFO - Sync 1 DAGs
[2024-03-18 19:58:21,683] {logging_mixin.py:115} INFO - [2024-03-18 19:58:21,682] {dag.py:2927} INFO - Setting next_dagrun for example_sla_dag to 2024-03-18T22:56:00+00:00, run_after=2024-03-18T22:58:00+00:00
[2024-03-18 19:58:21,694] {processor.py:161} INFO - Processing /home/sheyla/Documents/Repositórios/apache-airflow-extracao-de-dados/venv/lib/python3.9/site-packages/airflow/example_dags/example_sla_dag.py took 0.060 seconds
[2024-03-18 19:58:54,999] {processor.py:153} INFO - Started process (PID=1991103) to work on /home/sheyla/Documents/Repositórios/apache-airflow-extracao-de-dados/venv/lib/python3.9/site-packages/airflow/example_dags/example_sla_dag.py
[2024-03-18 19:58:55,006] {processor.py:641} INFO - Processing file /home/sheyla/Documents/Repositórios/apache-airflow-extracao-de-dados/venv/lib/python3.9/site-packages/airflow/example_dags/example_sla_dag.py for tasks to queue
[2024-03-18 19:58:55,007] {logging_mixin.py:115} INFO - [2024-03-18 19:58:55,007] {dagbag.py:507} INFO - Filling up the DagBag from /home/sheyla/Documents/Repositórios/apache-airflow-extracao-de-dados/venv/lib/python3.9/site-packages/airflow/example_dags/example_sla_dag.py
[2024-03-18 19:58:55,040] {processor.py:651} INFO - DAG(s) dict_keys(['example_sla_dag']) retrieved from /home/sheyla/Documents/Repositórios/apache-airflow-extracao-de-dados/venv/lib/python3.9/site-packages/airflow/example_dags/example_sla_dag.py
[2024-03-18 19:58:55,050] {logging_mixin.py:115} INFO - [2024-03-18 19:58:55,050] {dag.py:2379} INFO - Sync 1 DAGs
[2024-03-18 19:58:55,063] {logging_mixin.py:115} INFO - [2024-03-18 19:58:55,063] {dag.py:2927} INFO - Setting next_dagrun for example_sla_dag to 2024-03-18T22:56:00+00:00, run_after=2024-03-18T22:58:00+00:00
[2024-03-18 19:58:55,081] {processor.py:161} INFO - Processing /home/sheyla/Documents/Repositórios/apache-airflow-extracao-de-dados/venv/lib/python3.9/site-packages/airflow/example_dags/example_sla_dag.py took 0.089 seconds
[2024-03-18 19:59:27,672] {processor.py:153} INFO - Started process (PID=1991433) to work on /home/sheyla/Documents/Repositórios/apache-airflow-extracao-de-dados/venv/lib/python3.9/site-packages/airflow/example_dags/example_sla_dag.py
[2024-03-18 19:59:27,674] {processor.py:641} INFO - Processing file /home/sheyla/Documents/Repositórios/apache-airflow-extracao-de-dados/venv/lib/python3.9/site-packages/airflow/example_dags/example_sla_dag.py for tasks to queue
[2024-03-18 19:59:27,675] {logging_mixin.py:115} INFO - [2024-03-18 19:59:27,675] {dagbag.py:507} INFO - Filling up the DagBag from /home/sheyla/Documents/Repositórios/apache-airflow-extracao-de-dados/venv/lib/python3.9/site-packages/airflow/example_dags/example_sla_dag.py
[2024-03-18 19:59:27,713] {processor.py:651} INFO - DAG(s) dict_keys(['example_sla_dag']) retrieved from /home/sheyla/Documents/Repositórios/apache-airflow-extracao-de-dados/venv/lib/python3.9/site-packages/airflow/example_dags/example_sla_dag.py
[2024-03-18 19:59:27,724] {logging_mixin.py:115} INFO - [2024-03-18 19:59:27,724] {dag.py:2379} INFO - Sync 1 DAGs
[2024-03-18 19:59:27,737] {logging_mixin.py:115} INFO - [2024-03-18 19:59:27,737] {dag.py:2927} INFO - Setting next_dagrun for example_sla_dag to 2024-03-18T22:56:00+00:00, run_after=2024-03-18T22:58:00+00:00
[2024-03-18 19:59:27,748] {processor.py:161} INFO - Processing /home/sheyla/Documents/Repositórios/apache-airflow-extracao-de-dados/venv/lib/python3.9/site-packages/airflow/example_dags/example_sla_dag.py took 0.081 seconds
[2024-03-18 20:00:02,018] {processor.py:153} INFO - Started process (PID=1991799) to work on /home/sheyla/Documents/Repositórios/apache-airflow-extracao-de-dados/venv/lib/python3.9/site-packages/airflow/example_dags/example_sla_dag.py
[2024-03-18 20:00:02,023] {processor.py:641} INFO - Processing file /home/sheyla/Documents/Repositórios/apache-airflow-extracao-de-dados/venv/lib/python3.9/site-packages/airflow/example_dags/example_sla_dag.py for tasks to queue
[2024-03-18 20:00:02,024] {logging_mixin.py:115} INFO - [2024-03-18 20:00:02,024] {dagbag.py:507} INFO - Filling up the DagBag from /home/sheyla/Documents/Repositórios/apache-airflow-extracao-de-dados/venv/lib/python3.9/site-packages/airflow/example_dags/example_sla_dag.py
[2024-03-18 20:00:02,054] {processor.py:651} INFO - DAG(s) dict_keys(['example_sla_dag']) retrieved from /home/sheyla/Documents/Repositórios/apache-airflow-extracao-de-dados/venv/lib/python3.9/site-packages/airflow/example_dags/example_sla_dag.py
[2024-03-18 20:00:02,066] {logging_mixin.py:115} INFO - [2024-03-18 20:00:02,066] {dag.py:2379} INFO - Sync 1 DAGs
[2024-03-18 20:00:02,079] {logging_mixin.py:115} INFO - [2024-03-18 20:00:02,079] {dag.py:2927} INFO - Setting next_dagrun for example_sla_dag to 2024-03-18T22:58:00+00:00, run_after=2024-03-18T23:00:00+00:00
[2024-03-18 20:00:02,097] {processor.py:161} INFO - Processing /home/sheyla/Documents/Repositórios/apache-airflow-extracao-de-dados/venv/lib/python3.9/site-packages/airflow/example_dags/example_sla_dag.py took 0.083 seconds
[2024-03-18 20:00:36,179] {processor.py:153} INFO - Started process (PID=1992214) to work on /home/sheyla/Documents/Repositórios/apache-airflow-extracao-de-dados/venv/lib/python3.9/site-packages/airflow/example_dags/example_sla_dag.py
[2024-03-18 20:00:36,185] {processor.py:641} INFO - Processing file /home/sheyla/Documents/Repositórios/apache-airflow-extracao-de-dados/venv/lib/python3.9/site-packages/airflow/example_dags/example_sla_dag.py for tasks to queue
[2024-03-18 20:00:36,185] {logging_mixin.py:115} INFO - [2024-03-18 20:00:36,185] {dagbag.py:507} INFO - Filling up the DagBag from /home/sheyla/Documents/Repositórios/apache-airflow-extracao-de-dados/venv/lib/python3.9/site-packages/airflow/example_dags/example_sla_dag.py
[2024-03-18 20:00:36,204] {processor.py:651} INFO - DAG(s) dict_keys(['example_sla_dag']) retrieved from /home/sheyla/Documents/Repositórios/apache-airflow-extracao-de-dados/venv/lib/python3.9/site-packages/airflow/example_dags/example_sla_dag.py
[2024-03-18 20:00:36,214] {logging_mixin.py:115} INFO - [2024-03-18 20:00:36,214] {dag.py:2379} INFO - Sync 1 DAGs
[2024-03-18 20:00:36,227] {logging_mixin.py:115} INFO - [2024-03-18 20:00:36,227] {dag.py:2927} INFO - Setting next_dagrun for example_sla_dag to 2024-03-18T22:58:00+00:00, run_after=2024-03-18T23:00:00+00:00
[2024-03-18 20:00:36,245] {processor.py:161} INFO - Processing /home/sheyla/Documents/Repositórios/apache-airflow-extracao-de-dados/venv/lib/python3.9/site-packages/airflow/example_dags/example_sla_dag.py took 0.072 seconds
[2024-03-18 20:01:08,837] {processor.py:153} INFO - Started process (PID=1992535) to work on /home/sheyla/Documents/Repositórios/apache-airflow-extracao-de-dados/venv/lib/python3.9/site-packages/airflow/example_dags/example_sla_dag.py
[2024-03-18 20:01:08,840] {processor.py:641} INFO - Processing file /home/sheyla/Documents/Repositórios/apache-airflow-extracao-de-dados/venv/lib/python3.9/site-packages/airflow/example_dags/example_sla_dag.py for tasks to queue
[2024-03-18 20:01:08,840] {logging_mixin.py:115} INFO - [2024-03-18 20:01:08,840] {dagbag.py:507} INFO - Filling up the DagBag from /home/sheyla/Documents/Repositórios/apache-airflow-extracao-de-dados/venv/lib/python3.9/site-packages/airflow/example_dags/example_sla_dag.py
[2024-03-18 20:01:08,860] {processor.py:651} INFO - DAG(s) dict_keys(['example_sla_dag']) retrieved from /home/sheyla/Documents/Repositórios/apache-airflow-extracao-de-dados/venv/lib/python3.9/site-packages/airflow/example_dags/example_sla_dag.py
[2024-03-18 20:01:08,871] {logging_mixin.py:115} INFO - [2024-03-18 20:01:08,871] {dag.py:2379} INFO - Sync 1 DAGs
[2024-03-18 20:01:08,884] {logging_mixin.py:115} INFO - [2024-03-18 20:01:08,884] {dag.py:2927} INFO - Setting next_dagrun for example_sla_dag to 2024-03-18T22:58:00+00:00, run_after=2024-03-18T23:00:00+00:00
[2024-03-18 20:01:08,901] {processor.py:161} INFO - Processing /home/sheyla/Documents/Repositórios/apache-airflow-extracao-de-dados/venv/lib/python3.9/site-packages/airflow/example_dags/example_sla_dag.py took 0.066 seconds
[2024-03-18 20:01:41,737] {processor.py:153} INFO - Started process (PID=1992864) to work on /home/sheyla/Documents/Repositórios/apache-airflow-extracao-de-dados/venv/lib/python3.9/site-packages/airflow/example_dags/example_sla_dag.py
[2024-03-18 20:01:41,743] {processor.py:641} INFO - Processing file /home/sheyla/Documents/Repositórios/apache-airflow-extracao-de-dados/venv/lib/python3.9/site-packages/airflow/example_dags/example_sla_dag.py for tasks to queue
[2024-03-18 20:01:41,743] {logging_mixin.py:115} INFO - [2024-03-18 20:01:41,743] {dagbag.py:507} INFO - Filling up the DagBag from /home/sheyla/Documents/Repositórios/apache-airflow-extracao-de-dados/venv/lib/python3.9/site-packages/airflow/example_dags/example_sla_dag.py
[2024-03-18 20:01:41,764] {processor.py:651} INFO - DAG(s) dict_keys(['example_sla_dag']) retrieved from /home/sheyla/Documents/Repositórios/apache-airflow-extracao-de-dados/venv/lib/python3.9/site-packages/airflow/example_dags/example_sla_dag.py
[2024-03-18 20:01:41,775] {logging_mixin.py:115} INFO - [2024-03-18 20:01:41,775] {dag.py:2379} INFO - Sync 1 DAGs
[2024-03-18 20:01:41,788] {logging_mixin.py:115} INFO - [2024-03-18 20:01:41,788] {dag.py:2927} INFO - Setting next_dagrun for example_sla_dag to 2024-03-18T22:58:00+00:00, run_after=2024-03-18T23:00:00+00:00
[2024-03-18 20:01:41,807] {processor.py:161} INFO - Processing /home/sheyla/Documents/Repositórios/apache-airflow-extracao-de-dados/venv/lib/python3.9/site-packages/airflow/example_dags/example_sla_dag.py took 0.072 seconds
[2024-03-18 20:02:15,676] {processor.py:153} INFO - Started process (PID=1993223) to work on /home/sheyla/Documents/Repositórios/apache-airflow-extracao-de-dados/venv/lib/python3.9/site-packages/airflow/example_dags/example_sla_dag.py
[2024-03-18 20:02:15,677] {processor.py:641} INFO - Processing file /home/sheyla/Documents/Repositórios/apache-airflow-extracao-de-dados/venv/lib/python3.9/site-packages/airflow/example_dags/example_sla_dag.py for tasks to queue
[2024-03-18 20:02:15,678] {logging_mixin.py:115} INFO - [2024-03-18 20:02:15,678] {dagbag.py:507} INFO - Filling up the DagBag from /home/sheyla/Documents/Repositórios/apache-airflow-extracao-de-dados/venv/lib/python3.9/site-packages/airflow/example_dags/example_sla_dag.py
[2024-03-18 20:02:15,709] {processor.py:651} INFO - DAG(s) dict_keys(['example_sla_dag']) retrieved from /home/sheyla/Documents/Repositórios/apache-airflow-extracao-de-dados/venv/lib/python3.9/site-packages/airflow/example_dags/example_sla_dag.py
[2024-03-18 20:02:15,719] {logging_mixin.py:115} INFO - [2024-03-18 20:02:15,719] {dag.py:2379} INFO - Sync 1 DAGs
[2024-03-18 20:02:15,732] {logging_mixin.py:115} INFO - [2024-03-18 20:02:15,732] {dag.py:2927} INFO - Setting next_dagrun for example_sla_dag to 2024-03-18T23:00:00+00:00, run_after=2024-03-18T23:02:00+00:00
[2024-03-18 20:02:15,742] {processor.py:161} INFO - Processing /home/sheyla/Documents/Repositórios/apache-airflow-extracao-de-dados/venv/lib/python3.9/site-packages/airflow/example_dags/example_sla_dag.py took 0.073 seconds
[2024-03-18 20:02:47,401] {processor.py:153} INFO - Started process (PID=1993549) to work on /home/sheyla/Documents/Repositórios/apache-airflow-extracao-de-dados/venv/lib/python3.9/site-packages/airflow/example_dags/example_sla_dag.py
[2024-03-18 20:02:47,408] {processor.py:641} INFO - Processing file /home/sheyla/Documents/Repositórios/apache-airflow-extracao-de-dados/venv/lib/python3.9/site-packages/airflow/example_dags/example_sla_dag.py for tasks to queue
[2024-03-18 20:02:47,409] {logging_mixin.py:115} INFO - [2024-03-18 20:02:47,409] {dagbag.py:507} INFO - Filling up the DagBag from /home/sheyla/Documents/Repositórios/apache-airflow-extracao-de-dados/venv/lib/python3.9/site-packages/airflow/example_dags/example_sla_dag.py
[2024-03-18 20:02:47,439] {processor.py:651} INFO - DAG(s) dict_keys(['example_sla_dag']) retrieved from /home/sheyla/Documents/Repositórios/apache-airflow-extracao-de-dados/venv/lib/python3.9/site-packages/airflow/example_dags/example_sla_dag.py
[2024-03-18 20:02:47,449] {logging_mixin.py:115} INFO - [2024-03-18 20:02:47,449] {dag.py:2379} INFO - Sync 1 DAGs
[2024-03-18 20:02:47,464] {logging_mixin.py:115} INFO - [2024-03-18 20:02:47,463] {dag.py:2927} INFO - Setting next_dagrun for example_sla_dag to 2024-03-18T23:00:00+00:00, run_after=2024-03-18T23:02:00+00:00
[2024-03-18 20:02:47,475] {processor.py:161} INFO - Processing /home/sheyla/Documents/Repositórios/apache-airflow-extracao-de-dados/venv/lib/python3.9/site-packages/airflow/example_dags/example_sla_dag.py took 0.080 seconds
[2024-03-18 20:03:20,450] {processor.py:153} INFO - Started process (PID=1993874) to work on /home/sheyla/Documents/Repositórios/apache-airflow-extracao-de-dados/venv/lib/python3.9/site-packages/airflow/example_dags/example_sla_dag.py
[2024-03-18 20:03:20,451] {processor.py:641} INFO - Processing file /home/sheyla/Documents/Repositórios/apache-airflow-extracao-de-dados/venv/lib/python3.9/site-packages/airflow/example_dags/example_sla_dag.py for tasks to queue
[2024-03-18 20:03:20,453] {logging_mixin.py:115} INFO - [2024-03-18 20:03:20,452] {dagbag.py:507} INFO - Filling up the DagBag from /home/sheyla/Documents/Repositórios/apache-airflow-extracao-de-dados/venv/lib/python3.9/site-packages/airflow/example_dags/example_sla_dag.py
[2024-03-18 20:03:20,477] {processor.py:651} INFO - DAG(s) dict_keys(['example_sla_dag']) retrieved from /home/sheyla/Documents/Repositórios/apache-airflow-extracao-de-dados/venv/lib/python3.9/site-packages/airflow/example_dags/example_sla_dag.py
[2024-03-18 20:03:20,487] {logging_mixin.py:115} INFO - [2024-03-18 20:03:20,487] {dag.py:2379} INFO - Sync 1 DAGs
[2024-03-18 20:03:20,501] {logging_mixin.py:115} INFO - [2024-03-18 20:03:20,501] {dag.py:2927} INFO - Setting next_dagrun for example_sla_dag to 2024-03-18T23:00:00+00:00, run_after=2024-03-18T23:02:00+00:00
[2024-03-18 20:03:20,519] {processor.py:161} INFO - Processing /home/sheyla/Documents/Repositórios/apache-airflow-extracao-de-dados/venv/lib/python3.9/site-packages/airflow/example_dags/example_sla_dag.py took 0.075 seconds
[2024-03-18 20:03:53,611] {processor.py:153} INFO - Started process (PID=1994205) to work on /home/sheyla/Documents/Repositórios/apache-airflow-extracao-de-dados/venv/lib/python3.9/site-packages/airflow/example_dags/example_sla_dag.py
[2024-03-18 20:03:53,616] {processor.py:641} INFO - Processing file /home/sheyla/Documents/Repositórios/apache-airflow-extracao-de-dados/venv/lib/python3.9/site-packages/airflow/example_dags/example_sla_dag.py for tasks to queue
[2024-03-18 20:03:53,617] {logging_mixin.py:115} INFO - [2024-03-18 20:03:53,617] {dagbag.py:507} INFO - Filling up the DagBag from /home/sheyla/Documents/Repositórios/apache-airflow-extracao-de-dados/venv/lib/python3.9/site-packages/airflow/example_dags/example_sla_dag.py
[2024-03-18 20:03:53,640] {processor.py:651} INFO - DAG(s) dict_keys(['example_sla_dag']) retrieved from /home/sheyla/Documents/Repositórios/apache-airflow-extracao-de-dados/venv/lib/python3.9/site-packages/airflow/example_dags/example_sla_dag.py
[2024-03-18 20:03:53,653] {logging_mixin.py:115} INFO - [2024-03-18 20:03:53,653] {dag.py:2379} INFO - Sync 1 DAGs
[2024-03-18 20:03:53,667] {logging_mixin.py:115} INFO - [2024-03-18 20:03:53,667] {dag.py:2927} INFO - Setting next_dagrun for example_sla_dag to 2024-03-18T23:00:00+00:00, run_after=2024-03-18T23:02:00+00:00
[2024-03-18 20:03:53,677] {processor.py:161} INFO - Processing /home/sheyla/Documents/Repositórios/apache-airflow-extracao-de-dados/venv/lib/python3.9/site-packages/airflow/example_dags/example_sla_dag.py took 0.069 seconds
[2024-03-18 20:04:27,358] {processor.py:153} INFO - Started process (PID=1994543) to work on /home/sheyla/Documents/Repositórios/apache-airflow-extracao-de-dados/venv/lib/python3.9/site-packages/airflow/example_dags/example_sla_dag.py
[2024-03-18 20:04:27,364] {processor.py:641} INFO - Processing file /home/sheyla/Documents/Repositórios/apache-airflow-extracao-de-dados/venv/lib/python3.9/site-packages/airflow/example_dags/example_sla_dag.py for tasks to queue
[2024-03-18 20:04:27,365] {logging_mixin.py:115} INFO - [2024-03-18 20:04:27,365] {dagbag.py:507} INFO - Filling up the DagBag from /home/sheyla/Documents/Repositórios/apache-airflow-extracao-de-dados/venv/lib/python3.9/site-packages/airflow/example_dags/example_sla_dag.py
[2024-03-18 20:04:27,406] {processor.py:651} INFO - DAG(s) dict_keys(['example_sla_dag']) retrieved from /home/sheyla/Documents/Repositórios/apache-airflow-extracao-de-dados/venv/lib/python3.9/site-packages/airflow/example_dags/example_sla_dag.py
[2024-03-18 20:04:27,417] {logging_mixin.py:115} INFO - [2024-03-18 20:04:27,417] {dag.py:2379} INFO - Sync 1 DAGs
[2024-03-18 20:04:27,430] {logging_mixin.py:115} INFO - [2024-03-18 20:04:27,430] {dag.py:2927} INFO - Setting next_dagrun for example_sla_dag to 2024-03-18T23:02:00+00:00, run_after=2024-03-18T23:04:00+00:00
[2024-03-18 20:04:27,448] {processor.py:161} INFO - Processing /home/sheyla/Documents/Repositórios/apache-airflow-extracao-de-dados/venv/lib/python3.9/site-packages/airflow/example_dags/example_sla_dag.py took 0.097 seconds
[2024-03-18 20:04:59,721] {processor.py:153} INFO - Started process (PID=1994865) to work on /home/sheyla/Documents/Repositórios/apache-airflow-extracao-de-dados/venv/lib/python3.9/site-packages/airflow/example_dags/example_sla_dag.py
[2024-03-18 20:04:59,722] {processor.py:641} INFO - Processing file /home/sheyla/Documents/Repositórios/apache-airflow-extracao-de-dados/venv/lib/python3.9/site-packages/airflow/example_dags/example_sla_dag.py for tasks to queue
[2024-03-18 20:04:59,722] {logging_mixin.py:115} INFO - [2024-03-18 20:04:59,722] {dagbag.py:507} INFO - Filling up the DagBag from /home/sheyla/Documents/Repositórios/apache-airflow-extracao-de-dados/venv/lib/python3.9/site-packages/airflow/example_dags/example_sla_dag.py
[2024-03-18 20:04:59,743] {processor.py:651} INFO - DAG(s) dict_keys(['example_sla_dag']) retrieved from /home/sheyla/Documents/Repositórios/apache-airflow-extracao-de-dados/venv/lib/python3.9/site-packages/airflow/example_dags/example_sla_dag.py
[2024-03-18 20:04:59,756] {logging_mixin.py:115} INFO - [2024-03-18 20:04:59,756] {dag.py:2379} INFO - Sync 1 DAGs
[2024-03-18 20:04:59,770] {logging_mixin.py:115} INFO - [2024-03-18 20:04:59,770] {dag.py:2927} INFO - Setting next_dagrun for example_sla_dag to 2024-03-18T23:02:00+00:00, run_after=2024-03-18T23:04:00+00:00
[2024-03-18 20:04:59,781] {processor.py:161} INFO - Processing /home/sheyla/Documents/Repositórios/apache-airflow-extracao-de-dados/venv/lib/python3.9/site-packages/airflow/example_dags/example_sla_dag.py took 0.063 seconds
[2024-03-18 20:05:32,752] {processor.py:153} INFO - Started process (PID=1995215) to work on /home/sheyla/Documents/Repositórios/apache-airflow-extracao-de-dados/venv/lib/python3.9/site-packages/airflow/example_dags/example_sla_dag.py
[2024-03-18 20:05:32,752] {processor.py:641} INFO - Processing file /home/sheyla/Documents/Repositórios/apache-airflow-extracao-de-dados/venv/lib/python3.9/site-packages/airflow/example_dags/example_sla_dag.py for tasks to queue
[2024-03-18 20:05:32,753] {logging_mixin.py:115} INFO - [2024-03-18 20:05:32,753] {dagbag.py:507} INFO - Filling up the DagBag from /home/sheyla/Documents/Repositórios/apache-airflow-extracao-de-dados/venv/lib/python3.9/site-packages/airflow/example_dags/example_sla_dag.py
[2024-03-18 20:05:32,767] {processor.py:651} INFO - DAG(s) dict_keys(['example_sla_dag']) retrieved from /home/sheyla/Documents/Repositórios/apache-airflow-extracao-de-dados/venv/lib/python3.9/site-packages/airflow/example_dags/example_sla_dag.py
[2024-03-18 20:05:32,776] {logging_mixin.py:115} INFO - [2024-03-18 20:05:32,776] {dag.py:2379} INFO - Sync 1 DAGs
[2024-03-18 20:05:32,787] {logging_mixin.py:115} INFO - [2024-03-18 20:05:32,787] {dag.py:2927} INFO - Setting next_dagrun for example_sla_dag to 2024-03-18T23:02:00+00:00, run_after=2024-03-18T23:04:00+00:00
[2024-03-18 20:05:32,816] {processor.py:161} INFO - Processing /home/sheyla/Documents/Repositórios/apache-airflow-extracao-de-dados/venv/lib/python3.9/site-packages/airflow/example_dags/example_sla_dag.py took 0.066 seconds
[2024-03-18 20:06:07,862] {processor.py:153} INFO - Started process (PID=1995656) to work on /home/sheyla/Documents/Repositórios/apache-airflow-extracao-de-dados/venv/lib/python3.9/site-packages/airflow/example_dags/example_sla_dag.py
[2024-03-18 20:06:07,868] {processor.py:641} INFO - Processing file /home/sheyla/Documents/Repositórios/apache-airflow-extracao-de-dados/venv/lib/python3.9/site-packages/airflow/example_dags/example_sla_dag.py for tasks to queue
[2024-03-18 20:06:07,868] {logging_mixin.py:115} INFO - [2024-03-18 20:06:07,868] {dagbag.py:507} INFO - Filling up the DagBag from /home/sheyla/Documents/Repositórios/apache-airflow-extracao-de-dados/venv/lib/python3.9/site-packages/airflow/example_dags/example_sla_dag.py
[2024-03-18 20:06:07,897] {processor.py:651} INFO - DAG(s) dict_keys(['example_sla_dag']) retrieved from /home/sheyla/Documents/Repositórios/apache-airflow-extracao-de-dados/venv/lib/python3.9/site-packages/airflow/example_dags/example_sla_dag.py
[2024-03-18 20:06:07,910] {logging_mixin.py:115} INFO - [2024-03-18 20:06:07,910] {dag.py:2379} INFO - Sync 1 DAGs
[2024-03-18 20:06:07,924] {logging_mixin.py:115} INFO - [2024-03-18 20:06:07,923] {dag.py:2927} INFO - Setting next_dagrun for example_sla_dag to 2024-03-18T23:04:00+00:00, run_after=2024-03-18T23:06:00+00:00
[2024-03-18 20:06:07,942] {processor.py:161} INFO - Processing /home/sheyla/Documents/Repositórios/apache-airflow-extracao-de-dados/venv/lib/python3.9/site-packages/airflow/example_dags/example_sla_dag.py took 0.082 seconds
[2024-03-18 20:06:40,875] {processor.py:153} INFO - Started process (PID=1995982) to work on /home/sheyla/Documents/Repositórios/apache-airflow-extracao-de-dados/venv/lib/python3.9/site-packages/airflow/example_dags/example_sla_dag.py
[2024-03-18 20:06:40,880] {processor.py:641} INFO - Processing file /home/sheyla/Documents/Repositórios/apache-airflow-extracao-de-dados/venv/lib/python3.9/site-packages/airflow/example_dags/example_sla_dag.py for tasks to queue
[2024-03-18 20:06:40,881] {logging_mixin.py:115} INFO - [2024-03-18 20:06:40,881] {dagbag.py:507} INFO - Filling up the DagBag from /home/sheyla/Documents/Repositórios/apache-airflow-extracao-de-dados/venv/lib/python3.9/site-packages/airflow/example_dags/example_sla_dag.py
[2024-03-18 20:06:40,895] {processor.py:651} INFO - DAG(s) dict_keys(['example_sla_dag']) retrieved from /home/sheyla/Documents/Repositórios/apache-airflow-extracao-de-dados/venv/lib/python3.9/site-packages/airflow/example_dags/example_sla_dag.py
[2024-03-18 20:06:40,904] {logging_mixin.py:115} INFO - [2024-03-18 20:06:40,904] {dag.py:2379} INFO - Sync 1 DAGs
[2024-03-18 20:06:40,917] {logging_mixin.py:115} INFO - [2024-03-18 20:06:40,917] {dag.py:2927} INFO - Setting next_dagrun for example_sla_dag to 2024-03-18T23:04:00+00:00, run_after=2024-03-18T23:06:00+00:00
[2024-03-18 20:06:40,929] {processor.py:161} INFO - Processing /home/sheyla/Documents/Repositórios/apache-airflow-extracao-de-dados/venv/lib/python3.9/site-packages/airflow/example_dags/example_sla_dag.py took 0.056 seconds
[2024-03-18 20:07:15,985] {processor.py:153} INFO - Started process (PID=1996353) to work on /home/sheyla/Documents/Repositórios/apache-airflow-extracao-de-dados/venv/lib/python3.9/site-packages/airflow/example_dags/example_sla_dag.py
[2024-03-18 20:07:15,990] {processor.py:641} INFO - Processing file /home/sheyla/Documents/Repositórios/apache-airflow-extracao-de-dados/venv/lib/python3.9/site-packages/airflow/example_dags/example_sla_dag.py for tasks to queue
[2024-03-18 20:07:15,991] {logging_mixin.py:115} INFO - [2024-03-18 20:07:15,990] {dagbag.py:507} INFO - Filling up the DagBag from /home/sheyla/Documents/Repositórios/apache-airflow-extracao-de-dados/venv/lib/python3.9/site-packages/airflow/example_dags/example_sla_dag.py
[2024-03-18 20:07:16,010] {processor.py:651} INFO - DAG(s) dict_keys(['example_sla_dag']) retrieved from /home/sheyla/Documents/Repositórios/apache-airflow-extracao-de-dados/venv/lib/python3.9/site-packages/airflow/example_dags/example_sla_dag.py
[2024-03-18 20:07:16,023] {logging_mixin.py:115} INFO - [2024-03-18 20:07:16,023] {dag.py:2379} INFO - Sync 1 DAGs
[2024-03-18 20:07:16,037] {logging_mixin.py:115} INFO - [2024-03-18 20:07:16,037] {dag.py:2927} INFO - Setting next_dagrun for example_sla_dag to 2024-03-18T23:04:00+00:00, run_after=2024-03-18T23:06:00+00:00
[2024-03-18 20:07:16,050] {processor.py:161} INFO - Processing /home/sheyla/Documents/Repositórios/apache-airflow-extracao-de-dados/venv/lib/python3.9/site-packages/airflow/example_dags/example_sla_dag.py took 0.067 seconds
[2024-03-18 20:07:51,340] {processor.py:153} INFO - Started process (PID=1997185) to work on /home/sheyla/Documents/Repositórios/apache-airflow-extracao-de-dados/venv/lib/python3.9/site-packages/airflow/example_dags/example_sla_dag.py
[2024-03-18 20:07:51,346] {processor.py:641} INFO - Processing file /home/sheyla/Documents/Repositórios/apache-airflow-extracao-de-dados/venv/lib/python3.9/site-packages/airflow/example_dags/example_sla_dag.py for tasks to queue
[2024-03-18 20:07:51,348] {logging_mixin.py:115} INFO - [2024-03-18 20:07:51,348] {dagbag.py:507} INFO - Filling up the DagBag from /home/sheyla/Documents/Repositórios/apache-airflow-extracao-de-dados/venv/lib/python3.9/site-packages/airflow/example_dags/example_sla_dag.py
[2024-03-18 20:07:51,374] {processor.py:651} INFO - DAG(s) dict_keys(['example_sla_dag']) retrieved from /home/sheyla/Documents/Repositórios/apache-airflow-extracao-de-dados/venv/lib/python3.9/site-packages/airflow/example_dags/example_sla_dag.py
[2024-03-18 20:07:51,384] {logging_mixin.py:115} INFO - [2024-03-18 20:07:51,384] {dag.py:2379} INFO - Sync 1 DAGs
[2024-03-18 20:07:51,399] {logging_mixin.py:115} INFO - [2024-03-18 20:07:51,399] {dag.py:2927} INFO - Setting next_dagrun for example_sla_dag to 2024-03-18T23:04:00+00:00, run_after=2024-03-18T23:06:00+00:00
[2024-03-18 20:07:51,410] {processor.py:161} INFO - Processing /home/sheyla/Documents/Repositórios/apache-airflow-extracao-de-dados/venv/lib/python3.9/site-packages/airflow/example_dags/example_sla_dag.py took 0.078 seconds
[2024-03-18 20:08:26,304] {processor.py:153} INFO - Started process (PID=1997966) to work on /home/sheyla/Documents/Repositórios/apache-airflow-extracao-de-dados/venv/lib/python3.9/site-packages/airflow/example_dags/example_sla_dag.py
[2024-03-18 20:08:26,309] {processor.py:641} INFO - Processing file /home/sheyla/Documents/Repositórios/apache-airflow-extracao-de-dados/venv/lib/python3.9/site-packages/airflow/example_dags/example_sla_dag.py for tasks to queue
[2024-03-18 20:08:26,309] {logging_mixin.py:115} INFO - [2024-03-18 20:08:26,309] {dagbag.py:507} INFO - Filling up the DagBag from /home/sheyla/Documents/Repositórios/apache-airflow-extracao-de-dados/venv/lib/python3.9/site-packages/airflow/example_dags/example_sla_dag.py
[2024-03-18 20:08:26,322] {processor.py:651} INFO - DAG(s) dict_keys(['example_sla_dag']) retrieved from /home/sheyla/Documents/Repositórios/apache-airflow-extracao-de-dados/venv/lib/python3.9/site-packages/airflow/example_dags/example_sla_dag.py
[2024-03-18 20:08:26,333] {logging_mixin.py:115} INFO - [2024-03-18 20:08:26,333] {dag.py:2379} INFO - Sync 1 DAGs
[2024-03-18 20:08:26,349] {logging_mixin.py:115} INFO - [2024-03-18 20:08:26,349] {dag.py:2927} INFO - Setting next_dagrun for example_sla_dag to 2024-03-18T23:06:00+00:00, run_after=2024-03-18T23:08:00+00:00
[2024-03-18 20:08:26,363] {processor.py:161} INFO - Processing /home/sheyla/Documents/Repositórios/apache-airflow-extracao-de-dados/venv/lib/python3.9/site-packages/airflow/example_dags/example_sla_dag.py took 0.060 seconds
[2024-03-18 20:08:59,466] {processor.py:153} INFO - Started process (PID=1998659) to work on /home/sheyla/Documents/Repositórios/apache-airflow-extracao-de-dados/venv/lib/python3.9/site-packages/airflow/example_dags/example_sla_dag.py
[2024-03-18 20:08:59,470] {processor.py:641} INFO - Processing file /home/sheyla/Documents/Repositórios/apache-airflow-extracao-de-dados/venv/lib/python3.9/site-packages/airflow/example_dags/example_sla_dag.py for tasks to queue
[2024-03-18 20:08:59,470] {logging_mixin.py:115} INFO - [2024-03-18 20:08:59,470] {dagbag.py:507} INFO - Filling up the DagBag from /home/sheyla/Documents/Repositórios/apache-airflow-extracao-de-dados/venv/lib/python3.9/site-packages/airflow/example_dags/example_sla_dag.py
[2024-03-18 20:08:59,483] {processor.py:651} INFO - DAG(s) dict_keys(['example_sla_dag']) retrieved from /home/sheyla/Documents/Repositórios/apache-airflow-extracao-de-dados/venv/lib/python3.9/site-packages/airflow/example_dags/example_sla_dag.py
[2024-03-18 20:08:59,491] {logging_mixin.py:115} INFO - [2024-03-18 20:08:59,491] {dag.py:2379} INFO - Sync 1 DAGs
[2024-03-18 20:08:59,504] {logging_mixin.py:115} INFO - [2024-03-18 20:08:59,503] {dag.py:2927} INFO - Setting next_dagrun for example_sla_dag to 2024-03-18T23:06:00+00:00, run_after=2024-03-18T23:08:00+00:00
[2024-03-18 20:08:59,515] {processor.py:161} INFO - Processing /home/sheyla/Documents/Repositórios/apache-airflow-extracao-de-dados/venv/lib/python3.9/site-packages/airflow/example_dags/example_sla_dag.py took 0.050 seconds
