[2024-03-18 19:57:00,108] {processor.py:153} INFO - Started process (PID=1989955) to work on /home/sheyla/Documents/Repositórios/apache-airflow-extracao-de-dados/venv/lib/python3.9/site-packages/airflow/example_dags/example_latest_only.py
[2024-03-18 19:57:00,108] {processor.py:641} INFO - Processing file /home/sheyla/Documents/Repositórios/apache-airflow-extracao-de-dados/venv/lib/python3.9/site-packages/airflow/example_dags/example_latest_only.py for tasks to queue
[2024-03-18 19:57:00,109] {logging_mixin.py:115} INFO - [2024-03-18 19:57:00,109] {dagbag.py:507} INFO - Filling up the DagBag from /home/sheyla/Documents/Repositórios/apache-airflow-extracao-de-dados/venv/lib/python3.9/site-packages/airflow/example_dags/example_latest_only.py
[2024-03-18 19:57:00,113] {processor.py:651} INFO - DAG(s) dict_keys(['latest_only']) retrieved from /home/sheyla/Documents/Repositórios/apache-airflow-extracao-de-dados/venv/lib/python3.9/site-packages/airflow/example_dags/example_latest_only.py
[2024-03-18 19:57:00,213] {logging_mixin.py:115} INFO - [2024-03-18 19:57:00,213] {manager.py:508} INFO - Created Permission View: can delete on DAG:latest_only
[2024-03-18 19:57:00,241] {logging_mixin.py:115} INFO - [2024-03-18 19:57:00,241] {manager.py:508} INFO - Created Permission View: can edit on DAG:latest_only
[2024-03-18 19:57:00,285] {logging_mixin.py:115} INFO - [2024-03-18 19:57:00,285] {manager.py:508} INFO - Created Permission View: can read on DAG:latest_only
[2024-03-18 19:57:00,286] {logging_mixin.py:115} INFO - [2024-03-18 19:57:00,285] {dag.py:2379} INFO - Sync 1 DAGs
[2024-03-18 19:57:00,307] {logging_mixin.py:115} INFO - [2024-03-18 19:57:00,307] {dag.py:2398} INFO - Creating ORM DAG for latest_only
[2024-03-18 19:57:00,324] {logging_mixin.py:115} INFO - [2024-03-18 19:57:00,324] {dag.py:2927} INFO - Setting next_dagrun for latest_only to 2024-03-18T18:57:00.323933+00:00, run_after=2024-03-18T22:57:00.323933+00:00
[2024-03-18 19:57:00,351] {processor.py:161} INFO - Processing /home/sheyla/Documents/Repositórios/apache-airflow-extracao-de-dados/venv/lib/python3.9/site-packages/airflow/example_dags/example_latest_only.py took 0.246 seconds
[2024-03-18 19:57:40,299] {processor.py:153} INFO - Started process (PID=1990357) to work on /home/sheyla/Documents/Repositórios/apache-airflow-extracao-de-dados/venv/lib/python3.9/site-packages/airflow/example_dags/example_latest_only.py
[2024-03-18 19:57:40,305] {processor.py:641} INFO - Processing file /home/sheyla/Documents/Repositórios/apache-airflow-extracao-de-dados/venv/lib/python3.9/site-packages/airflow/example_dags/example_latest_only.py for tasks to queue
[2024-03-18 19:57:40,306] {logging_mixin.py:115} INFO - [2024-03-18 19:57:40,306] {dagbag.py:507} INFO - Filling up the DagBag from /home/sheyla/Documents/Repositórios/apache-airflow-extracao-de-dados/venv/lib/python3.9/site-packages/airflow/example_dags/example_latest_only.py
[2024-03-18 19:57:40,319] {processor.py:651} INFO - DAG(s) dict_keys(['latest_only']) retrieved from /home/sheyla/Documents/Repositórios/apache-airflow-extracao-de-dados/venv/lib/python3.9/site-packages/airflow/example_dags/example_latest_only.py
[2024-03-18 19:57:40,345] {logging_mixin.py:115} INFO - [2024-03-18 19:57:40,345] {dag.py:2379} INFO - Sync 1 DAGs
[2024-03-18 19:57:40,361] {logging_mixin.py:115} INFO - [2024-03-18 19:57:40,361] {dag.py:2927} INFO - Setting next_dagrun for latest_only to 2024-03-18T18:57:40.361275+00:00, run_after=2024-03-18T22:57:40.361275+00:00
[2024-03-18 19:57:40,374] {processor.py:161} INFO - Processing /home/sheyla/Documents/Repositórios/apache-airflow-extracao-de-dados/venv/lib/python3.9/site-packages/airflow/example_dags/example_latest_only.py took 0.078 seconds
[2024-03-18 19:58:13,800] {processor.py:153} INFO - Started process (PID=1990688) to work on /home/sheyla/Documents/Repositórios/apache-airflow-extracao-de-dados/venv/lib/python3.9/site-packages/airflow/example_dags/example_latest_only.py
[2024-03-18 19:58:13,801] {processor.py:641} INFO - Processing file /home/sheyla/Documents/Repositórios/apache-airflow-extracao-de-dados/venv/lib/python3.9/site-packages/airflow/example_dags/example_latest_only.py for tasks to queue
[2024-03-18 19:58:13,802] {logging_mixin.py:115} INFO - [2024-03-18 19:58:13,802] {dagbag.py:507} INFO - Filling up the DagBag from /home/sheyla/Documents/Repositórios/apache-airflow-extracao-de-dados/venv/lib/python3.9/site-packages/airflow/example_dags/example_latest_only.py
[2024-03-18 19:58:13,815] {processor.py:651} INFO - DAG(s) dict_keys(['latest_only']) retrieved from /home/sheyla/Documents/Repositórios/apache-airflow-extracao-de-dados/venv/lib/python3.9/site-packages/airflow/example_dags/example_latest_only.py
[2024-03-18 19:58:13,833] {logging_mixin.py:115} INFO - [2024-03-18 19:58:13,833] {dag.py:2379} INFO - Sync 1 DAGs
[2024-03-18 19:58:13,848] {logging_mixin.py:115} INFO - [2024-03-18 19:58:13,848] {dag.py:2927} INFO - Setting next_dagrun for latest_only to 2024-03-18T18:58:13.848333+00:00, run_after=2024-03-18T22:58:13.848333+00:00
[2024-03-18 19:58:13,859] {processor.py:161} INFO - Processing /home/sheyla/Documents/Repositórios/apache-airflow-extracao-de-dados/venv/lib/python3.9/site-packages/airflow/example_dags/example_latest_only.py took 0.066 seconds
[2024-03-18 19:58:47,333] {processor.py:153} INFO - Started process (PID=1991029) to work on /home/sheyla/Documents/Repositórios/apache-airflow-extracao-de-dados/venv/lib/python3.9/site-packages/airflow/example_dags/example_latest_only.py
[2024-03-18 19:58:47,339] {processor.py:641} INFO - Processing file /home/sheyla/Documents/Repositórios/apache-airflow-extracao-de-dados/venv/lib/python3.9/site-packages/airflow/example_dags/example_latest_only.py for tasks to queue
[2024-03-18 19:58:47,340] {logging_mixin.py:115} INFO - [2024-03-18 19:58:47,340] {dagbag.py:507} INFO - Filling up the DagBag from /home/sheyla/Documents/Repositórios/apache-airflow-extracao-de-dados/venv/lib/python3.9/site-packages/airflow/example_dags/example_latest_only.py
[2024-03-18 19:58:47,353] {processor.py:651} INFO - DAG(s) dict_keys(['latest_only']) retrieved from /home/sheyla/Documents/Repositórios/apache-airflow-extracao-de-dados/venv/lib/python3.9/site-packages/airflow/example_dags/example_latest_only.py
[2024-03-18 19:58:47,374] {logging_mixin.py:115} INFO - [2024-03-18 19:58:47,374] {dag.py:2379} INFO - Sync 1 DAGs
[2024-03-18 19:58:47,389] {logging_mixin.py:115} INFO - [2024-03-18 19:58:47,389] {dag.py:2927} INFO - Setting next_dagrun for latest_only to 2024-03-18T18:58:47.389485+00:00, run_after=2024-03-18T22:58:47.389485+00:00
[2024-03-18 19:58:47,401] {processor.py:161} INFO - Processing /home/sheyla/Documents/Repositórios/apache-airflow-extracao-de-dados/venv/lib/python3.9/site-packages/airflow/example_dags/example_latest_only.py took 0.076 seconds
[2024-03-18 19:59:19,238] {processor.py:153} INFO - Started process (PID=1991347) to work on /home/sheyla/Documents/Repositórios/apache-airflow-extracao-de-dados/venv/lib/python3.9/site-packages/airflow/example_dags/example_latest_only.py
[2024-03-18 19:59:19,238] {processor.py:641} INFO - Processing file /home/sheyla/Documents/Repositórios/apache-airflow-extracao-de-dados/venv/lib/python3.9/site-packages/airflow/example_dags/example_latest_only.py for tasks to queue
[2024-03-18 19:59:19,239] {logging_mixin.py:115} INFO - [2024-03-18 19:59:19,239] {dagbag.py:507} INFO - Filling up the DagBag from /home/sheyla/Documents/Repositórios/apache-airflow-extracao-de-dados/venv/lib/python3.9/site-packages/airflow/example_dags/example_latest_only.py
[2024-03-18 19:59:19,241] {processor.py:651} INFO - DAG(s) dict_keys(['latest_only']) retrieved from /home/sheyla/Documents/Repositórios/apache-airflow-extracao-de-dados/venv/lib/python3.9/site-packages/airflow/example_dags/example_latest_only.py
[2024-03-18 19:59:19,252] {logging_mixin.py:115} INFO - [2024-03-18 19:59:19,252] {dag.py:2379} INFO - Sync 1 DAGs
[2024-03-18 19:59:19,265] {logging_mixin.py:115} INFO - [2024-03-18 19:59:19,265] {dag.py:2927} INFO - Setting next_dagrun for latest_only to 2024-03-18T18:59:19.265573+00:00, run_after=2024-03-18T22:59:19.265573+00:00
[2024-03-18 19:59:19,277] {processor.py:161} INFO - Processing /home/sheyla/Documents/Repositórios/apache-airflow-extracao-de-dados/venv/lib/python3.9/site-packages/airflow/example_dags/example_latest_only.py took 0.041 seconds
[2024-03-18 19:59:54,136] {processor.py:153} INFO - Started process (PID=1991718) to work on /home/sheyla/Documents/Repositórios/apache-airflow-extracao-de-dados/venv/lib/python3.9/site-packages/airflow/example_dags/example_latest_only.py
[2024-03-18 19:59:54,142] {processor.py:641} INFO - Processing file /home/sheyla/Documents/Repositórios/apache-airflow-extracao-de-dados/venv/lib/python3.9/site-packages/airflow/example_dags/example_latest_only.py for tasks to queue
[2024-03-18 19:59:54,142] {logging_mixin.py:115} INFO - [2024-03-18 19:59:54,142] {dagbag.py:507} INFO - Filling up the DagBag from /home/sheyla/Documents/Repositórios/apache-airflow-extracao-de-dados/venv/lib/python3.9/site-packages/airflow/example_dags/example_latest_only.py
[2024-03-18 19:59:54,146] {processor.py:651} INFO - DAG(s) dict_keys(['latest_only']) retrieved from /home/sheyla/Documents/Repositórios/apache-airflow-extracao-de-dados/venv/lib/python3.9/site-packages/airflow/example_dags/example_latest_only.py
[2024-03-18 19:59:54,156] {logging_mixin.py:115} INFO - [2024-03-18 19:59:54,156] {dag.py:2379} INFO - Sync 1 DAGs
[2024-03-18 19:59:54,168] {logging_mixin.py:115} INFO - [2024-03-18 19:59:54,168] {dag.py:2927} INFO - Setting next_dagrun for latest_only to 2024-03-18T18:59:54.168113+00:00, run_after=2024-03-18T22:59:54.168113+00:00
[2024-03-18 19:59:54,181] {processor.py:161} INFO - Processing /home/sheyla/Documents/Repositórios/apache-airflow-extracao-de-dados/venv/lib/python3.9/site-packages/airflow/example_dags/example_latest_only.py took 0.045 seconds
[2024-03-18 20:00:28,320] {processor.py:153} INFO - Started process (PID=1992127) to work on /home/sheyla/Documents/Repositórios/apache-airflow-extracao-de-dados/venv/lib/python3.9/site-packages/airflow/example_dags/example_latest_only.py
[2024-03-18 20:00:28,326] {processor.py:641} INFO - Processing file /home/sheyla/Documents/Repositórios/apache-airflow-extracao-de-dados/venv/lib/python3.9/site-packages/airflow/example_dags/example_latest_only.py for tasks to queue
[2024-03-18 20:00:28,327] {logging_mixin.py:115} INFO - [2024-03-18 20:00:28,327] {dagbag.py:507} INFO - Filling up the DagBag from /home/sheyla/Documents/Repositórios/apache-airflow-extracao-de-dados/venv/lib/python3.9/site-packages/airflow/example_dags/example_latest_only.py
[2024-03-18 20:00:28,338] {processor.py:651} INFO - DAG(s) dict_keys(['latest_only']) retrieved from /home/sheyla/Documents/Repositórios/apache-airflow-extracao-de-dados/venv/lib/python3.9/site-packages/airflow/example_dags/example_latest_only.py
[2024-03-18 20:00:28,358] {logging_mixin.py:115} INFO - [2024-03-18 20:00:28,358] {dag.py:2379} INFO - Sync 1 DAGs
[2024-03-18 20:00:28,379] {logging_mixin.py:115} INFO - [2024-03-18 20:00:28,378] {dag.py:2927} INFO - Setting next_dagrun for latest_only to 2024-03-18T19:00:28.378533+00:00, run_after=2024-03-18T23:00:28.378533+00:00
[2024-03-18 20:00:28,397] {processor.py:161} INFO - Processing /home/sheyla/Documents/Repositórios/apache-airflow-extracao-de-dados/venv/lib/python3.9/site-packages/airflow/example_dags/example_latest_only.py took 0.083 seconds
[2024-03-18 20:01:01,087] {processor.py:153} INFO - Started process (PID=1992462) to work on /home/sheyla/Documents/Repositórios/apache-airflow-extracao-de-dados/venv/lib/python3.9/site-packages/airflow/example_dags/example_latest_only.py
[2024-03-18 20:01:01,089] {processor.py:641} INFO - Processing file /home/sheyla/Documents/Repositórios/apache-airflow-extracao-de-dados/venv/lib/python3.9/site-packages/airflow/example_dags/example_latest_only.py for tasks to queue
[2024-03-18 20:01:01,090] {logging_mixin.py:115} INFO - [2024-03-18 20:01:01,090] {dagbag.py:507} INFO - Filling up the DagBag from /home/sheyla/Documents/Repositórios/apache-airflow-extracao-de-dados/venv/lib/python3.9/site-packages/airflow/example_dags/example_latest_only.py
[2024-03-18 20:01:01,103] {processor.py:651} INFO - DAG(s) dict_keys(['latest_only']) retrieved from /home/sheyla/Documents/Repositórios/apache-airflow-extracao-de-dados/venv/lib/python3.9/site-packages/airflow/example_dags/example_latest_only.py
[2024-03-18 20:01:01,125] {logging_mixin.py:115} INFO - [2024-03-18 20:01:01,125] {dag.py:2379} INFO - Sync 1 DAGs
[2024-03-18 20:01:01,140] {logging_mixin.py:115} INFO - [2024-03-18 20:01:01,140] {dag.py:2927} INFO - Setting next_dagrun for latest_only to 2024-03-18T19:01:01.139888+00:00, run_after=2024-03-18T23:01:01.139888+00:00
[2024-03-18 20:01:01,159] {processor.py:161} INFO - Processing /home/sheyla/Documents/Repositórios/apache-airflow-extracao-de-dados/venv/lib/python3.9/site-packages/airflow/example_dags/example_latest_only.py took 0.078 seconds
[2024-03-18 20:01:33,141] {processor.py:153} INFO - Started process (PID=1992776) to work on /home/sheyla/Documents/Repositórios/apache-airflow-extracao-de-dados/venv/lib/python3.9/site-packages/airflow/example_dags/example_latest_only.py
[2024-03-18 20:01:33,141] {processor.py:641} INFO - Processing file /home/sheyla/Documents/Repositórios/apache-airflow-extracao-de-dados/venv/lib/python3.9/site-packages/airflow/example_dags/example_latest_only.py for tasks to queue
[2024-03-18 20:01:33,141] {logging_mixin.py:115} INFO - [2024-03-18 20:01:33,141] {dagbag.py:507} INFO - Filling up the DagBag from /home/sheyla/Documents/Repositórios/apache-airflow-extracao-de-dados/venv/lib/python3.9/site-packages/airflow/example_dags/example_latest_only.py
[2024-03-18 20:01:33,145] {processor.py:651} INFO - DAG(s) dict_keys(['latest_only']) retrieved from /home/sheyla/Documents/Repositórios/apache-airflow-extracao-de-dados/venv/lib/python3.9/site-packages/airflow/example_dags/example_latest_only.py
[2024-03-18 20:01:33,156] {logging_mixin.py:115} INFO - [2024-03-18 20:01:33,156] {dag.py:2379} INFO - Sync 1 DAGs
[2024-03-18 20:01:33,169] {logging_mixin.py:115} INFO - [2024-03-18 20:01:33,169] {dag.py:2927} INFO - Setting next_dagrun for latest_only to 2024-03-18T19:01:33.168904+00:00, run_after=2024-03-18T23:01:33.168904+00:00
[2024-03-18 20:01:33,180] {processor.py:161} INFO - Processing /home/sheyla/Documents/Repositórios/apache-airflow-extracao-de-dados/venv/lib/python3.9/site-packages/airflow/example_dags/example_latest_only.py took 0.041 seconds
[2024-03-18 20:02:06,484] {processor.py:153} INFO - Started process (PID=1993136) to work on /home/sheyla/Documents/Repositórios/apache-airflow-extracao-de-dados/venv/lib/python3.9/site-packages/airflow/example_dags/example_latest_only.py
[2024-03-18 20:02:06,490] {processor.py:641} INFO - Processing file /home/sheyla/Documents/Repositórios/apache-airflow-extracao-de-dados/venv/lib/python3.9/site-packages/airflow/example_dags/example_latest_only.py for tasks to queue
[2024-03-18 20:02:06,491] {logging_mixin.py:115} INFO - [2024-03-18 20:02:06,491] {dagbag.py:507} INFO - Filling up the DagBag from /home/sheyla/Documents/Repositórios/apache-airflow-extracao-de-dados/venv/lib/python3.9/site-packages/airflow/example_dags/example_latest_only.py
[2024-03-18 20:02:06,503] {processor.py:651} INFO - DAG(s) dict_keys(['latest_only']) retrieved from /home/sheyla/Documents/Repositórios/apache-airflow-extracao-de-dados/venv/lib/python3.9/site-packages/airflow/example_dags/example_latest_only.py
[2024-03-18 20:02:06,523] {logging_mixin.py:115} INFO - [2024-03-18 20:02:06,523] {dag.py:2379} INFO - Sync 1 DAGs
[2024-03-18 20:02:06,535] {logging_mixin.py:115} INFO - [2024-03-18 20:02:06,535] {dag.py:2927} INFO - Setting next_dagrun for latest_only to 2024-03-18T19:02:06.535707+00:00, run_after=2024-03-18T23:02:06.535707+00:00
[2024-03-18 20:02:06,554] {processor.py:161} INFO - Processing /home/sheyla/Documents/Repositórios/apache-airflow-extracao-de-dados/venv/lib/python3.9/site-packages/airflow/example_dags/example_latest_only.py took 0.079 seconds
[2024-03-18 20:02:38,906] {processor.py:153} INFO - Started process (PID=1993462) to work on /home/sheyla/Documents/Repositórios/apache-airflow-extracao-de-dados/venv/lib/python3.9/site-packages/airflow/example_dags/example_latest_only.py
[2024-03-18 20:02:38,911] {processor.py:641} INFO - Processing file /home/sheyla/Documents/Repositórios/apache-airflow-extracao-de-dados/venv/lib/python3.9/site-packages/airflow/example_dags/example_latest_only.py for tasks to queue
[2024-03-18 20:02:38,912] {logging_mixin.py:115} INFO - [2024-03-18 20:02:38,912] {dagbag.py:507} INFO - Filling up the DagBag from /home/sheyla/Documents/Repositórios/apache-airflow-extracao-de-dados/venv/lib/python3.9/site-packages/airflow/example_dags/example_latest_only.py
[2024-03-18 20:02:38,919] {processor.py:651} INFO - DAG(s) dict_keys(['latest_only']) retrieved from /home/sheyla/Documents/Repositórios/apache-airflow-extracao-de-dados/venv/lib/python3.9/site-packages/airflow/example_dags/example_latest_only.py
[2024-03-18 20:02:38,943] {logging_mixin.py:115} INFO - [2024-03-18 20:02:38,943] {dag.py:2379} INFO - Sync 1 DAGs
[2024-03-18 20:02:38,958] {logging_mixin.py:115} INFO - [2024-03-18 20:02:38,957] {dag.py:2927} INFO - Setting next_dagrun for latest_only to 2024-03-18T19:02:38.957789+00:00, run_after=2024-03-18T23:02:38.957789+00:00
[2024-03-18 20:02:38,971] {processor.py:161} INFO - Processing /home/sheyla/Documents/Repositórios/apache-airflow-extracao-de-dados/venv/lib/python3.9/site-packages/airflow/example_dags/example_latest_only.py took 0.068 seconds
[2024-03-18 20:03:11,301] {processor.py:153} INFO - Started process (PID=1993789) to work on /home/sheyla/Documents/Repositórios/apache-airflow-extracao-de-dados/venv/lib/python3.9/site-packages/airflow/example_dags/example_latest_only.py
[2024-03-18 20:03:11,302] {processor.py:641} INFO - Processing file /home/sheyla/Documents/Repositórios/apache-airflow-extracao-de-dados/venv/lib/python3.9/site-packages/airflow/example_dags/example_latest_only.py for tasks to queue
[2024-03-18 20:03:11,303] {logging_mixin.py:115} INFO - [2024-03-18 20:03:11,303] {dagbag.py:507} INFO - Filling up the DagBag from /home/sheyla/Documents/Repositórios/apache-airflow-extracao-de-dados/venv/lib/python3.9/site-packages/airflow/example_dags/example_latest_only.py
[2024-03-18 20:03:11,316] {processor.py:651} INFO - DAG(s) dict_keys(['latest_only']) retrieved from /home/sheyla/Documents/Repositórios/apache-airflow-extracao-de-dados/venv/lib/python3.9/site-packages/airflow/example_dags/example_latest_only.py
[2024-03-18 20:03:11,338] {logging_mixin.py:115} INFO - [2024-03-18 20:03:11,338] {dag.py:2379} INFO - Sync 1 DAGs
[2024-03-18 20:03:11,351] {logging_mixin.py:115} INFO - [2024-03-18 20:03:11,351] {dag.py:2927} INFO - Setting next_dagrun for latest_only to 2024-03-18T19:03:11.351447+00:00, run_after=2024-03-18T23:03:11.351447+00:00
[2024-03-18 20:03:11,415] {processor.py:161} INFO - Processing /home/sheyla/Documents/Repositórios/apache-airflow-extracao-de-dados/venv/lib/python3.9/site-packages/airflow/example_dags/example_latest_only.py took 0.120 seconds
[2024-03-18 20:03:45,612] {processor.py:153} INFO - Started process (PID=1994121) to work on /home/sheyla/Documents/Repositórios/apache-airflow-extracao-de-dados/venv/lib/python3.9/site-packages/airflow/example_dags/example_latest_only.py
[2024-03-18 20:03:45,613] {processor.py:641} INFO - Processing file /home/sheyla/Documents/Repositórios/apache-airflow-extracao-de-dados/venv/lib/python3.9/site-packages/airflow/example_dags/example_latest_only.py for tasks to queue
[2024-03-18 20:03:45,614] {logging_mixin.py:115} INFO - [2024-03-18 20:03:45,614] {dagbag.py:507} INFO - Filling up the DagBag from /home/sheyla/Documents/Repositórios/apache-airflow-extracao-de-dados/venv/lib/python3.9/site-packages/airflow/example_dags/example_latest_only.py
[2024-03-18 20:03:45,626] {processor.py:651} INFO - DAG(s) dict_keys(['latest_only']) retrieved from /home/sheyla/Documents/Repositórios/apache-airflow-extracao-de-dados/venv/lib/python3.9/site-packages/airflow/example_dags/example_latest_only.py
[2024-03-18 20:03:45,647] {logging_mixin.py:115} INFO - [2024-03-18 20:03:45,647] {dag.py:2379} INFO - Sync 1 DAGs
[2024-03-18 20:03:45,660] {logging_mixin.py:115} INFO - [2024-03-18 20:03:45,660] {dag.py:2927} INFO - Setting next_dagrun for latest_only to 2024-03-18T19:03:45.659890+00:00, run_after=2024-03-18T23:03:45.659890+00:00
[2024-03-18 20:03:45,671] {processor.py:161} INFO - Processing /home/sheyla/Documents/Repositórios/apache-airflow-extracao-de-dados/venv/lib/python3.9/site-packages/airflow/example_dags/example_latest_only.py took 0.066 seconds
[2024-03-18 20:04:17,030] {processor.py:153} INFO - Started process (PID=1994438) to work on /home/sheyla/Documents/Repositórios/apache-airflow-extracao-de-dados/venv/lib/python3.9/site-packages/airflow/example_dags/example_latest_only.py
[2024-03-18 20:04:17,036] {processor.py:641} INFO - Processing file /home/sheyla/Documents/Repositórios/apache-airflow-extracao-de-dados/venv/lib/python3.9/site-packages/airflow/example_dags/example_latest_only.py for tasks to queue
[2024-03-18 20:04:17,037] {logging_mixin.py:115} INFO - [2024-03-18 20:04:17,037] {dagbag.py:507} INFO - Filling up the DagBag from /home/sheyla/Documents/Repositórios/apache-airflow-extracao-de-dados/venv/lib/python3.9/site-packages/airflow/example_dags/example_latest_only.py
[2024-03-18 20:04:17,043] {processor.py:651} INFO - DAG(s) dict_keys(['latest_only']) retrieved from /home/sheyla/Documents/Repositórios/apache-airflow-extracao-de-dados/venv/lib/python3.9/site-packages/airflow/example_dags/example_latest_only.py
[2024-03-18 20:04:17,057] {logging_mixin.py:115} INFO - [2024-03-18 20:04:17,057] {dag.py:2379} INFO - Sync 1 DAGs
[2024-03-18 20:04:17,069] {logging_mixin.py:115} INFO - [2024-03-18 20:04:17,068] {dag.py:2927} INFO - Setting next_dagrun for latest_only to 2024-03-18T19:04:17.068787+00:00, run_after=2024-03-18T23:04:17.068787+00:00
[2024-03-18 20:04:17,080] {processor.py:161} INFO - Processing /home/sheyla/Documents/Repositórios/apache-airflow-extracao-de-dados/venv/lib/python3.9/site-packages/airflow/example_dags/example_latest_only.py took 0.052 seconds
[2024-03-18 20:04:50,727] {processor.py:153} INFO - Started process (PID=1994772) to work on /home/sheyla/Documents/Repositórios/apache-airflow-extracao-de-dados/venv/lib/python3.9/site-packages/airflow/example_dags/example_latest_only.py
[2024-03-18 20:04:50,732] {processor.py:641} INFO - Processing file /home/sheyla/Documents/Repositórios/apache-airflow-extracao-de-dados/venv/lib/python3.9/site-packages/airflow/example_dags/example_latest_only.py for tasks to queue
[2024-03-18 20:04:50,733] {logging_mixin.py:115} INFO - [2024-03-18 20:04:50,733] {dagbag.py:507} INFO - Filling up the DagBag from /home/sheyla/Documents/Repositórios/apache-airflow-extracao-de-dados/venv/lib/python3.9/site-packages/airflow/example_dags/example_latest_only.py
[2024-03-18 20:04:50,739] {processor.py:651} INFO - DAG(s) dict_keys(['latest_only']) retrieved from /home/sheyla/Documents/Repositórios/apache-airflow-extracao-de-dados/venv/lib/python3.9/site-packages/airflow/example_dags/example_latest_only.py
[2024-03-18 20:04:50,759] {logging_mixin.py:115} INFO - [2024-03-18 20:04:50,759] {dag.py:2379} INFO - Sync 1 DAGs
[2024-03-18 20:04:50,775] {logging_mixin.py:115} INFO - [2024-03-18 20:04:50,775] {dag.py:2927} INFO - Setting next_dagrun for latest_only to 2024-03-18T19:04:50.775017+00:00, run_after=2024-03-18T23:04:50.775017+00:00
[2024-03-18 20:04:50,787] {processor.py:161} INFO - Processing /home/sheyla/Documents/Repositórios/apache-airflow-extracao-de-dados/venv/lib/python3.9/site-packages/airflow/example_dags/example_latest_only.py took 0.062 seconds
[2024-03-18 20:05:23,396] {processor.py:153} INFO - Started process (PID=1995107) to work on /home/sheyla/Documents/Repositórios/apache-airflow-extracao-de-dados/venv/lib/python3.9/site-packages/airflow/example_dags/example_latest_only.py
[2024-03-18 20:05:23,402] {processor.py:641} INFO - Processing file /home/sheyla/Documents/Repositórios/apache-airflow-extracao-de-dados/venv/lib/python3.9/site-packages/airflow/example_dags/example_latest_only.py for tasks to queue
[2024-03-18 20:05:23,403] {logging_mixin.py:115} INFO - [2024-03-18 20:05:23,403] {dagbag.py:507} INFO - Filling up the DagBag from /home/sheyla/Documents/Repositórios/apache-airflow-extracao-de-dados/venv/lib/python3.9/site-packages/airflow/example_dags/example_latest_only.py
[2024-03-18 20:05:23,416] {processor.py:651} INFO - DAG(s) dict_keys(['latest_only']) retrieved from /home/sheyla/Documents/Repositórios/apache-airflow-extracao-de-dados/venv/lib/python3.9/site-packages/airflow/example_dags/example_latest_only.py
[2024-03-18 20:05:23,439] {logging_mixin.py:115} INFO - [2024-03-18 20:05:23,439] {dag.py:2379} INFO - Sync 1 DAGs
[2024-03-18 20:05:23,452] {logging_mixin.py:115} INFO - [2024-03-18 20:05:23,452] {dag.py:2927} INFO - Setting next_dagrun for latest_only to 2024-03-18T19:05:23.452134+00:00, run_after=2024-03-18T23:05:23.452134+00:00
[2024-03-18 20:05:23,464] {processor.py:161} INFO - Processing /home/sheyla/Documents/Repositórios/apache-airflow-extracao-de-dados/venv/lib/python3.9/site-packages/airflow/example_dags/example_latest_only.py took 0.075 seconds
[2024-03-18 20:05:57,546] {processor.py:153} INFO - Started process (PID=1995550) to work on /home/sheyla/Documents/Repositórios/apache-airflow-extracao-de-dados/venv/lib/python3.9/site-packages/airflow/example_dags/example_latest_only.py
[2024-03-18 20:05:57,552] {processor.py:641} INFO - Processing file /home/sheyla/Documents/Repositórios/apache-airflow-extracao-de-dados/venv/lib/python3.9/site-packages/airflow/example_dags/example_latest_only.py for tasks to queue
[2024-03-18 20:05:57,552] {logging_mixin.py:115} INFO - [2024-03-18 20:05:57,552] {dagbag.py:507} INFO - Filling up the DagBag from /home/sheyla/Documents/Repositórios/apache-airflow-extracao-de-dados/venv/lib/python3.9/site-packages/airflow/example_dags/example_latest_only.py
[2024-03-18 20:05:57,556] {processor.py:651} INFO - DAG(s) dict_keys(['latest_only']) retrieved from /home/sheyla/Documents/Repositórios/apache-airflow-extracao-de-dados/venv/lib/python3.9/site-packages/airflow/example_dags/example_latest_only.py
[2024-03-18 20:05:57,570] {logging_mixin.py:115} INFO - [2024-03-18 20:05:57,569] {dag.py:2379} INFO - Sync 1 DAGs
[2024-03-18 20:05:57,582] {logging_mixin.py:115} INFO - [2024-03-18 20:05:57,582] {dag.py:2927} INFO - Setting next_dagrun for latest_only to 2024-03-18T19:05:57.582619+00:00, run_after=2024-03-18T23:05:57.582619+00:00
[2024-03-18 20:05:57,602] {processor.py:161} INFO - Processing /home/sheyla/Documents/Repositórios/apache-airflow-extracao-de-dados/venv/lib/python3.9/site-packages/airflow/example_dags/example_latest_only.py took 0.058 seconds
[2024-03-18 20:06:30,728] {processor.py:153} INFO - Started process (PID=1995881) to work on /home/sheyla/Documents/Repositórios/apache-airflow-extracao-de-dados/venv/lib/python3.9/site-packages/airflow/example_dags/example_latest_only.py
[2024-03-18 20:06:30,733] {processor.py:641} INFO - Processing file /home/sheyla/Documents/Repositórios/apache-airflow-extracao-de-dados/venv/lib/python3.9/site-packages/airflow/example_dags/example_latest_only.py for tasks to queue
[2024-03-18 20:06:30,733] {logging_mixin.py:115} INFO - [2024-03-18 20:06:30,733] {dagbag.py:507} INFO - Filling up the DagBag from /home/sheyla/Documents/Repositórios/apache-airflow-extracao-de-dados/venv/lib/python3.9/site-packages/airflow/example_dags/example_latest_only.py
[2024-03-18 20:06:30,737] {processor.py:651} INFO - DAG(s) dict_keys(['latest_only']) retrieved from /home/sheyla/Documents/Repositórios/apache-airflow-extracao-de-dados/venv/lib/python3.9/site-packages/airflow/example_dags/example_latest_only.py
[2024-03-18 20:06:30,752] {logging_mixin.py:115} INFO - [2024-03-18 20:06:30,752] {dag.py:2379} INFO - Sync 1 DAGs
[2024-03-18 20:06:30,765] {logging_mixin.py:115} INFO - [2024-03-18 20:06:30,764] {dag.py:2927} INFO - Setting next_dagrun for latest_only to 2024-03-18T19:06:30.764822+00:00, run_after=2024-03-18T23:06:30.764822+00:00
[2024-03-18 20:06:30,777] {processor.py:161} INFO - Processing /home/sheyla/Documents/Repositórios/apache-airflow-extracao-de-dados/venv/lib/python3.9/site-packages/airflow/example_dags/example_latest_only.py took 0.052 seconds
[2024-03-18 20:07:06,288] {processor.py:153} INFO - Started process (PID=1996266) to work on /home/sheyla/Documents/Repositórios/apache-airflow-extracao-de-dados/venv/lib/python3.9/site-packages/airflow/example_dags/example_latest_only.py
[2024-03-18 20:07:06,294] {processor.py:641} INFO - Processing file /home/sheyla/Documents/Repositórios/apache-airflow-extracao-de-dados/venv/lib/python3.9/site-packages/airflow/example_dags/example_latest_only.py for tasks to queue
[2024-03-18 20:07:06,296] {logging_mixin.py:115} INFO - [2024-03-18 20:07:06,295] {dagbag.py:507} INFO - Filling up the DagBag from /home/sheyla/Documents/Repositórios/apache-airflow-extracao-de-dados/venv/lib/python3.9/site-packages/airflow/example_dags/example_latest_only.py
[2024-03-18 20:07:06,308] {processor.py:651} INFO - DAG(s) dict_keys(['latest_only']) retrieved from /home/sheyla/Documents/Repositórios/apache-airflow-extracao-de-dados/venv/lib/python3.9/site-packages/airflow/example_dags/example_latest_only.py
[2024-03-18 20:07:06,332] {logging_mixin.py:115} INFO - [2024-03-18 20:07:06,332] {dag.py:2379} INFO - Sync 1 DAGs
[2024-03-18 20:07:06,345] {logging_mixin.py:115} INFO - [2024-03-18 20:07:06,345] {dag.py:2927} INFO - Setting next_dagrun for latest_only to 2024-03-18T19:07:06.345333+00:00, run_after=2024-03-18T23:07:06.345333+00:00
[2024-03-18 20:07:06,357] {processor.py:161} INFO - Processing /home/sheyla/Documents/Repositórios/apache-airflow-extracao-de-dados/venv/lib/python3.9/site-packages/airflow/example_dags/example_latest_only.py took 0.076 seconds
[2024-03-18 20:07:39,901] {processor.py:153} INFO - Started process (PID=1996816) to work on /home/sheyla/Documents/Repositórios/apache-airflow-extracao-de-dados/venv/lib/python3.9/site-packages/airflow/example_dags/example_latest_only.py
[2024-03-18 20:07:39,901] {processor.py:641} INFO - Processing file /home/sheyla/Documents/Repositórios/apache-airflow-extracao-de-dados/venv/lib/python3.9/site-packages/airflow/example_dags/example_latest_only.py for tasks to queue
[2024-03-18 20:07:39,902] {logging_mixin.py:115} INFO - [2024-03-18 20:07:39,902] {dagbag.py:507} INFO - Filling up the DagBag from /home/sheyla/Documents/Repositórios/apache-airflow-extracao-de-dados/venv/lib/python3.9/site-packages/airflow/example_dags/example_latest_only.py
[2024-03-18 20:07:39,906] {processor.py:651} INFO - DAG(s) dict_keys(['latest_only']) retrieved from /home/sheyla/Documents/Repositórios/apache-airflow-extracao-de-dados/venv/lib/python3.9/site-packages/airflow/example_dags/example_latest_only.py
[2024-03-18 20:07:39,921] {logging_mixin.py:115} INFO - [2024-03-18 20:07:39,921] {dag.py:2379} INFO - Sync 1 DAGs
[2024-03-18 20:07:39,935] {logging_mixin.py:115} INFO - [2024-03-18 20:07:39,934] {dag.py:2927} INFO - Setting next_dagrun for latest_only to 2024-03-18T19:07:39.934763+00:00, run_after=2024-03-18T23:07:39.934763+00:00
[2024-03-18 20:07:39,948] {processor.py:161} INFO - Processing /home/sheyla/Documents/Repositórios/apache-airflow-extracao-de-dados/venv/lib/python3.9/site-packages/airflow/example_dags/example_latest_only.py took 0.050 seconds
[2024-03-18 20:08:10,836] {processor.py:153} INFO - Started process (PID=1997665) to work on /home/sheyla/Documents/Repositórios/apache-airflow-extracao-de-dados/venv/lib/python3.9/site-packages/airflow/example_dags/example_latest_only.py
[2024-03-18 20:08:10,842] {processor.py:641} INFO - Processing file /home/sheyla/Documents/Repositórios/apache-airflow-extracao-de-dados/venv/lib/python3.9/site-packages/airflow/example_dags/example_latest_only.py for tasks to queue
[2024-03-18 20:08:10,842] {logging_mixin.py:115} INFO - [2024-03-18 20:08:10,842] {dagbag.py:507} INFO - Filling up the DagBag from /home/sheyla/Documents/Repositórios/apache-airflow-extracao-de-dados/venv/lib/python3.9/site-packages/airflow/example_dags/example_latest_only.py
[2024-03-18 20:08:10,850] {processor.py:651} INFO - DAG(s) dict_keys(['latest_only']) retrieved from /home/sheyla/Documents/Repositórios/apache-airflow-extracao-de-dados/venv/lib/python3.9/site-packages/airflow/example_dags/example_latest_only.py
[2024-03-18 20:08:10,865] {logging_mixin.py:115} INFO - [2024-03-18 20:08:10,865] {dag.py:2379} INFO - Sync 1 DAGs
[2024-03-18 20:08:10,878] {logging_mixin.py:115} INFO - [2024-03-18 20:08:10,878] {dag.py:2927} INFO - Setting next_dagrun for latest_only to 2024-03-18T19:08:10.878352+00:00, run_after=2024-03-18T23:08:10.878352+00:00
[2024-03-18 20:08:10,894] {processor.py:161} INFO - Processing /home/sheyla/Documents/Repositórios/apache-airflow-extracao-de-dados/venv/lib/python3.9/site-packages/airflow/example_dags/example_latest_only.py took 0.066 seconds
[2024-03-18 20:08:46,905] {processor.py:153} INFO - Started process (PID=1998421) to work on /home/sheyla/Documents/Repositórios/apache-airflow-extracao-de-dados/venv/lib/python3.9/site-packages/airflow/example_dags/example_latest_only.py
[2024-03-18 20:08:46,910] {processor.py:641} INFO - Processing file /home/sheyla/Documents/Repositórios/apache-airflow-extracao-de-dados/venv/lib/python3.9/site-packages/airflow/example_dags/example_latest_only.py for tasks to queue
[2024-03-18 20:08:46,911] {logging_mixin.py:115} INFO - [2024-03-18 20:08:46,910] {dagbag.py:507} INFO - Filling up the DagBag from /home/sheyla/Documents/Repositórios/apache-airflow-extracao-de-dados/venv/lib/python3.9/site-packages/airflow/example_dags/example_latest_only.py
[2024-03-18 20:08:46,914] {processor.py:651} INFO - DAG(s) dict_keys(['latest_only']) retrieved from /home/sheyla/Documents/Repositórios/apache-airflow-extracao-de-dados/venv/lib/python3.9/site-packages/airflow/example_dags/example_latest_only.py
[2024-03-18 20:08:46,926] {logging_mixin.py:115} INFO - [2024-03-18 20:08:46,926] {dag.py:2379} INFO - Sync 1 DAGs
[2024-03-18 20:08:46,941] {logging_mixin.py:115} INFO - [2024-03-18 20:08:46,940] {dag.py:2927} INFO - Setting next_dagrun for latest_only to 2024-03-18T19:08:46.940773+00:00, run_after=2024-03-18T23:08:46.940773+00:00
[2024-03-18 20:08:46,954] {processor.py:161} INFO - Processing /home/sheyla/Documents/Repositórios/apache-airflow-extracao-de-dados/venv/lib/python3.9/site-packages/airflow/example_dags/example_latest_only.py took 0.051 seconds
