[2024-03-18 19:57:01,443] {processor.py:153} INFO - Started process (PID=1989976) to work on /home/sheyla/Documents/Repositórios/apache-airflow-extracao-de-dados/venv/lib/python3.9/site-packages/airflow/example_dags/example_latest_only_with_trigger.py
[2024-03-18 19:57:01,443] {processor.py:641} INFO - Processing file /home/sheyla/Documents/Repositórios/apache-airflow-extracao-de-dados/venv/lib/python3.9/site-packages/airflow/example_dags/example_latest_only_with_trigger.py for tasks to queue
[2024-03-18 19:57:01,444] {logging_mixin.py:115} INFO - [2024-03-18 19:57:01,444] {dagbag.py:507} INFO - Filling up the DagBag from /home/sheyla/Documents/Repositórios/apache-airflow-extracao-de-dados/venv/lib/python3.9/site-packages/airflow/example_dags/example_latest_only_with_trigger.py
[2024-03-18 19:57:01,451] {processor.py:651} INFO - DAG(s) dict_keys(['latest_only_with_trigger']) retrieved from /home/sheyla/Documents/Repositórios/apache-airflow-extracao-de-dados/venv/lib/python3.9/site-packages/airflow/example_dags/example_latest_only_with_trigger.py
[2024-03-18 19:57:01,548] {logging_mixin.py:115} INFO - [2024-03-18 19:57:01,548] {manager.py:508} INFO - Created Permission View: can delete on DAG:latest_only_with_trigger
[2024-03-18 19:57:01,593] {logging_mixin.py:115} INFO - [2024-03-18 19:57:01,593] {manager.py:508} INFO - Created Permission View: can edit on DAG:latest_only_with_trigger
[2024-03-18 19:57:01,627] {logging_mixin.py:115} INFO - [2024-03-18 19:57:01,627] {manager.py:508} INFO - Created Permission View: can read on DAG:latest_only_with_trigger
[2024-03-18 19:57:01,628] {logging_mixin.py:115} INFO - [2024-03-18 19:57:01,628] {dag.py:2379} INFO - Sync 1 DAGs
[2024-03-18 19:57:01,647] {logging_mixin.py:115} INFO - [2024-03-18 19:57:01,647] {dag.py:2398} INFO - Creating ORM DAG for latest_only_with_trigger
[2024-03-18 19:57:01,658] {logging_mixin.py:115} INFO - [2024-03-18 19:57:01,658] {dag.py:2927} INFO - Setting next_dagrun for latest_only_with_trigger to 2024-03-18T18:57:01.658483+00:00, run_after=2024-03-18T22:57:01.658483+00:00
[2024-03-18 19:57:01,690] {processor.py:161} INFO - Processing /home/sheyla/Documents/Repositórios/apache-airflow-extracao-de-dados/venv/lib/python3.9/site-packages/airflow/example_dags/example_latest_only_with_trigger.py took 0.251 seconds
[2024-03-18 19:57:41,442] {processor.py:153} INFO - Started process (PID=1990375) to work on /home/sheyla/Documents/Repositórios/apache-airflow-extracao-de-dados/venv/lib/python3.9/site-packages/airflow/example_dags/example_latest_only_with_trigger.py
[2024-03-18 19:57:41,448] {processor.py:641} INFO - Processing file /home/sheyla/Documents/Repositórios/apache-airflow-extracao-de-dados/venv/lib/python3.9/site-packages/airflow/example_dags/example_latest_only_with_trigger.py for tasks to queue
[2024-03-18 19:57:41,450] {logging_mixin.py:115} INFO - [2024-03-18 19:57:41,449] {dagbag.py:507} INFO - Filling up the DagBag from /home/sheyla/Documents/Repositórios/apache-airflow-extracao-de-dados/venv/lib/python3.9/site-packages/airflow/example_dags/example_latest_only_with_trigger.py
[2024-03-18 19:57:41,464] {processor.py:651} INFO - DAG(s) dict_keys(['latest_only_with_trigger']) retrieved from /home/sheyla/Documents/Repositórios/apache-airflow-extracao-de-dados/venv/lib/python3.9/site-packages/airflow/example_dags/example_latest_only_with_trigger.py
[2024-03-18 19:57:41,491] {logging_mixin.py:115} INFO - [2024-03-18 19:57:41,491] {dag.py:2379} INFO - Sync 1 DAGs
[2024-03-18 19:57:41,507] {logging_mixin.py:115} INFO - [2024-03-18 19:57:41,507] {dag.py:2927} INFO - Setting next_dagrun for latest_only_with_trigger to 2024-03-18T18:57:41.506967+00:00, run_after=2024-03-18T22:57:41.506967+00:00
[2024-03-18 19:57:41,519] {processor.py:161} INFO - Processing /home/sheyla/Documents/Repositórios/apache-airflow-extracao-de-dados/venv/lib/python3.9/site-packages/airflow/example_dags/example_latest_only_with_trigger.py took 0.079 seconds
[2024-03-18 19:58:14,330] {processor.py:153} INFO - Started process (PID=1990693) to work on /home/sheyla/Documents/Repositórios/apache-airflow-extracao-de-dados/venv/lib/python3.9/site-packages/airflow/example_dags/example_latest_only_with_trigger.py
[2024-03-18 19:58:14,331] {processor.py:641} INFO - Processing file /home/sheyla/Documents/Repositórios/apache-airflow-extracao-de-dados/venv/lib/python3.9/site-packages/airflow/example_dags/example_latest_only_with_trigger.py for tasks to queue
[2024-03-18 19:58:14,332] {logging_mixin.py:115} INFO - [2024-03-18 19:58:14,332] {dagbag.py:507} INFO - Filling up the DagBag from /home/sheyla/Documents/Repositórios/apache-airflow-extracao-de-dados/venv/lib/python3.9/site-packages/airflow/example_dags/example_latest_only_with_trigger.py
[2024-03-18 19:58:14,347] {processor.py:651} INFO - DAG(s) dict_keys(['latest_only_with_trigger']) retrieved from /home/sheyla/Documents/Repositórios/apache-airflow-extracao-de-dados/venv/lib/python3.9/site-packages/airflow/example_dags/example_latest_only_with_trigger.py
[2024-03-18 19:58:14,365] {logging_mixin.py:115} INFO - [2024-03-18 19:58:14,365] {dag.py:2379} INFO - Sync 1 DAGs
[2024-03-18 19:58:14,380] {logging_mixin.py:115} INFO - [2024-03-18 19:58:14,380] {dag.py:2927} INFO - Setting next_dagrun for latest_only_with_trigger to 2024-03-18T18:58:14.379879+00:00, run_after=2024-03-18T22:58:14.379879+00:00
[2024-03-18 19:58:14,391] {processor.py:161} INFO - Processing /home/sheyla/Documents/Repositórios/apache-airflow-extracao-de-dados/venv/lib/python3.9/site-packages/airflow/example_dags/example_latest_only_with_trigger.py took 0.067 seconds
[2024-03-18 19:58:48,461] {processor.py:153} INFO - Started process (PID=1991038) to work on /home/sheyla/Documents/Repositórios/apache-airflow-extracao-de-dados/venv/lib/python3.9/site-packages/airflow/example_dags/example_latest_only_with_trigger.py
[2024-03-18 19:58:48,466] {processor.py:641} INFO - Processing file /home/sheyla/Documents/Repositórios/apache-airflow-extracao-de-dados/venv/lib/python3.9/site-packages/airflow/example_dags/example_latest_only_with_trigger.py for tasks to queue
[2024-03-18 19:58:48,466] {logging_mixin.py:115} INFO - [2024-03-18 19:58:48,466] {dagbag.py:507} INFO - Filling up the DagBag from /home/sheyla/Documents/Repositórios/apache-airflow-extracao-de-dados/venv/lib/python3.9/site-packages/airflow/example_dags/example_latest_only_with_trigger.py
[2024-03-18 19:58:48,470] {processor.py:651} INFO - DAG(s) dict_keys(['latest_only_with_trigger']) retrieved from /home/sheyla/Documents/Repositórios/apache-airflow-extracao-de-dados/venv/lib/python3.9/site-packages/airflow/example_dags/example_latest_only_with_trigger.py
[2024-03-18 19:58:48,482] {logging_mixin.py:115} INFO - [2024-03-18 19:58:48,482] {dag.py:2379} INFO - Sync 1 DAGs
[2024-03-18 19:58:48,497] {logging_mixin.py:115} INFO - [2024-03-18 19:58:48,497] {dag.py:2927} INFO - Setting next_dagrun for latest_only_with_trigger to 2024-03-18T18:58:48.497339+00:00, run_after=2024-03-18T22:58:48.497339+00:00
[2024-03-18 19:58:48,509] {processor.py:161} INFO - Processing /home/sheyla/Documents/Repositórios/apache-airflow-extracao-de-dados/venv/lib/python3.9/site-packages/airflow/example_dags/example_latest_only_with_trigger.py took 0.051 seconds
[2024-03-18 19:59:20,380] {processor.py:153} INFO - Started process (PID=1991356) to work on /home/sheyla/Documents/Repositórios/apache-airflow-extracao-de-dados/venv/lib/python3.9/site-packages/airflow/example_dags/example_latest_only_with_trigger.py
[2024-03-18 19:59:20,381] {processor.py:641} INFO - Processing file /home/sheyla/Documents/Repositórios/apache-airflow-extracao-de-dados/venv/lib/python3.9/site-packages/airflow/example_dags/example_latest_only_with_trigger.py for tasks to queue
[2024-03-18 19:59:20,382] {logging_mixin.py:115} INFO - [2024-03-18 19:59:20,382] {dagbag.py:507} INFO - Filling up the DagBag from /home/sheyla/Documents/Repositórios/apache-airflow-extracao-de-dados/venv/lib/python3.9/site-packages/airflow/example_dags/example_latest_only_with_trigger.py
[2024-03-18 19:59:20,396] {processor.py:651} INFO - DAG(s) dict_keys(['latest_only_with_trigger']) retrieved from /home/sheyla/Documents/Repositórios/apache-airflow-extracao-de-dados/venv/lib/python3.9/site-packages/airflow/example_dags/example_latest_only_with_trigger.py
[2024-03-18 19:59:20,414] {logging_mixin.py:115} INFO - [2024-03-18 19:59:20,414] {dag.py:2379} INFO - Sync 1 DAGs
[2024-03-18 19:59:20,433] {logging_mixin.py:115} INFO - [2024-03-18 19:59:20,433] {dag.py:2927} INFO - Setting next_dagrun for latest_only_with_trigger to 2024-03-18T18:59:20.433178+00:00, run_after=2024-03-18T22:59:20.433178+00:00
[2024-03-18 19:59:20,446] {processor.py:161} INFO - Processing /home/sheyla/Documents/Repositórios/apache-airflow-extracao-de-dados/venv/lib/python3.9/site-packages/airflow/example_dags/example_latest_only_with_trigger.py took 0.072 seconds
[2024-03-18 19:59:55,332] {processor.py:153} INFO - Started process (PID=1991727) to work on /home/sheyla/Documents/Repositórios/apache-airflow-extracao-de-dados/venv/lib/python3.9/site-packages/airflow/example_dags/example_latest_only_with_trigger.py
[2024-03-18 19:59:55,338] {processor.py:641} INFO - Processing file /home/sheyla/Documents/Repositórios/apache-airflow-extracao-de-dados/venv/lib/python3.9/site-packages/airflow/example_dags/example_latest_only_with_trigger.py for tasks to queue
[2024-03-18 19:59:55,340] {logging_mixin.py:115} INFO - [2024-03-18 19:59:55,339] {dagbag.py:507} INFO - Filling up the DagBag from /home/sheyla/Documents/Repositórios/apache-airflow-extracao-de-dados/venv/lib/python3.9/site-packages/airflow/example_dags/example_latest_only_with_trigger.py
[2024-03-18 19:59:55,354] {processor.py:651} INFO - DAG(s) dict_keys(['latest_only_with_trigger']) retrieved from /home/sheyla/Documents/Repositórios/apache-airflow-extracao-de-dados/venv/lib/python3.9/site-packages/airflow/example_dags/example_latest_only_with_trigger.py
[2024-03-18 19:59:55,372] {logging_mixin.py:115} INFO - [2024-03-18 19:59:55,372] {dag.py:2379} INFO - Sync 1 DAGs
[2024-03-18 19:59:55,386] {logging_mixin.py:115} INFO - [2024-03-18 19:59:55,386] {dag.py:2927} INFO - Setting next_dagrun for latest_only_with_trigger to 2024-03-18T18:59:55.386666+00:00, run_after=2024-03-18T22:59:55.386666+00:00
[2024-03-18 19:59:55,406] {processor.py:161} INFO - Processing /home/sheyla/Documents/Repositórios/apache-airflow-extracao-de-dados/venv/lib/python3.9/site-packages/airflow/example_dags/example_latest_only_with_trigger.py took 0.080 seconds
[2024-03-18 20:00:29,475] {processor.py:153} INFO - Started process (PID=1992141) to work on /home/sheyla/Documents/Repositórios/apache-airflow-extracao-de-dados/venv/lib/python3.9/site-packages/airflow/example_dags/example_latest_only_with_trigger.py
[2024-03-18 20:00:29,478] {processor.py:641} INFO - Processing file /home/sheyla/Documents/Repositórios/apache-airflow-extracao-de-dados/venv/lib/python3.9/site-packages/airflow/example_dags/example_latest_only_with_trigger.py for tasks to queue
[2024-03-18 20:00:29,479] {logging_mixin.py:115} INFO - [2024-03-18 20:00:29,479] {dagbag.py:507} INFO - Filling up the DagBag from /home/sheyla/Documents/Repositórios/apache-airflow-extracao-de-dados/venv/lib/python3.9/site-packages/airflow/example_dags/example_latest_only_with_trigger.py
[2024-03-18 20:00:29,492] {processor.py:651} INFO - DAG(s) dict_keys(['latest_only_with_trigger']) retrieved from /home/sheyla/Documents/Repositórios/apache-airflow-extracao-de-dados/venv/lib/python3.9/site-packages/airflow/example_dags/example_latest_only_with_trigger.py
[2024-03-18 20:00:29,508] {logging_mixin.py:115} INFO - [2024-03-18 20:00:29,508] {dag.py:2379} INFO - Sync 1 DAGs
[2024-03-18 20:00:29,522] {logging_mixin.py:115} INFO - [2024-03-18 20:00:29,522] {dag.py:2927} INFO - Setting next_dagrun for latest_only_with_trigger to 2024-03-18T19:00:29.521898+00:00, run_after=2024-03-18T23:00:29.521898+00:00
[2024-03-18 20:00:29,534] {processor.py:161} INFO - Processing /home/sheyla/Documents/Repositórios/apache-airflow-extracao-de-dados/venv/lib/python3.9/site-packages/airflow/example_dags/example_latest_only_with_trigger.py took 0.067 seconds
[2024-03-18 20:01:02,222] {processor.py:153} INFO - Started process (PID=1992471) to work on /home/sheyla/Documents/Repositórios/apache-airflow-extracao-de-dados/venv/lib/python3.9/site-packages/airflow/example_dags/example_latest_only_with_trigger.py
[2024-03-18 20:01:02,222] {processor.py:641} INFO - Processing file /home/sheyla/Documents/Repositórios/apache-airflow-extracao-de-dados/venv/lib/python3.9/site-packages/airflow/example_dags/example_latest_only_with_trigger.py for tasks to queue
[2024-03-18 20:01:02,223] {logging_mixin.py:115} INFO - [2024-03-18 20:01:02,223] {dagbag.py:507} INFO - Filling up the DagBag from /home/sheyla/Documents/Repositórios/apache-airflow-extracao-de-dados/venv/lib/python3.9/site-packages/airflow/example_dags/example_latest_only_with_trigger.py
[2024-03-18 20:01:02,230] {processor.py:651} INFO - DAG(s) dict_keys(['latest_only_with_trigger']) retrieved from /home/sheyla/Documents/Repositórios/apache-airflow-extracao-de-dados/venv/lib/python3.9/site-packages/airflow/example_dags/example_latest_only_with_trigger.py
[2024-03-18 20:01:02,244] {logging_mixin.py:115} INFO - [2024-03-18 20:01:02,244] {dag.py:2379} INFO - Sync 1 DAGs
[2024-03-18 20:01:02,256] {logging_mixin.py:115} INFO - [2024-03-18 20:01:02,256] {dag.py:2927} INFO - Setting next_dagrun for latest_only_with_trigger to 2024-03-18T19:01:02.256339+00:00, run_after=2024-03-18T23:01:02.256339+00:00
[2024-03-18 20:01:02,274] {processor.py:161} INFO - Processing /home/sheyla/Documents/Repositórios/apache-airflow-extracao-de-dados/venv/lib/python3.9/site-packages/airflow/example_dags/example_latest_only_with_trigger.py took 0.055 seconds
[2024-03-18 20:01:34,295] {processor.py:153} INFO - Started process (PID=1992786) to work on /home/sheyla/Documents/Repositórios/apache-airflow-extracao-de-dados/venv/lib/python3.9/site-packages/airflow/example_dags/example_latest_only_with_trigger.py
[2024-03-18 20:01:34,298] {processor.py:641} INFO - Processing file /home/sheyla/Documents/Repositórios/apache-airflow-extracao-de-dados/venv/lib/python3.9/site-packages/airflow/example_dags/example_latest_only_with_trigger.py for tasks to queue
[2024-03-18 20:01:34,298] {logging_mixin.py:115} INFO - [2024-03-18 20:01:34,298] {dagbag.py:507} INFO - Filling up the DagBag from /home/sheyla/Documents/Repositórios/apache-airflow-extracao-de-dados/venv/lib/python3.9/site-packages/airflow/example_dags/example_latest_only_with_trigger.py
[2024-03-18 20:01:34,302] {processor.py:651} INFO - DAG(s) dict_keys(['latest_only_with_trigger']) retrieved from /home/sheyla/Documents/Repositórios/apache-airflow-extracao-de-dados/venv/lib/python3.9/site-packages/airflow/example_dags/example_latest_only_with_trigger.py
[2024-03-18 20:01:34,312] {logging_mixin.py:115} INFO - [2024-03-18 20:01:34,312] {dag.py:2379} INFO - Sync 1 DAGs
[2024-03-18 20:01:34,325] {logging_mixin.py:115} INFO - [2024-03-18 20:01:34,324] {dag.py:2927} INFO - Setting next_dagrun for latest_only_with_trigger to 2024-03-18T19:01:34.324790+00:00, run_after=2024-03-18T23:01:34.324790+00:00
[2024-03-18 20:01:34,335] {processor.py:161} INFO - Processing /home/sheyla/Documents/Repositórios/apache-airflow-extracao-de-dados/venv/lib/python3.9/site-packages/airflow/example_dags/example_latest_only_with_trigger.py took 0.042 seconds
[2024-03-18 20:02:07,335] {processor.py:153} INFO - Started process (PID=1993144) to work on /home/sheyla/Documents/Repositórios/apache-airflow-extracao-de-dados/venv/lib/python3.9/site-packages/airflow/example_dags/example_latest_only_with_trigger.py
[2024-03-18 20:02:07,336] {processor.py:641} INFO - Processing file /home/sheyla/Documents/Repositórios/apache-airflow-extracao-de-dados/venv/lib/python3.9/site-packages/airflow/example_dags/example_latest_only_with_trigger.py for tasks to queue
[2024-03-18 20:02:07,336] {logging_mixin.py:115} INFO - [2024-03-18 20:02:07,336] {dagbag.py:507} INFO - Filling up the DagBag from /home/sheyla/Documents/Repositórios/apache-airflow-extracao-de-dados/venv/lib/python3.9/site-packages/airflow/example_dags/example_latest_only_with_trigger.py
[2024-03-18 20:02:07,341] {processor.py:651} INFO - DAG(s) dict_keys(['latest_only_with_trigger']) retrieved from /home/sheyla/Documents/Repositórios/apache-airflow-extracao-de-dados/venv/lib/python3.9/site-packages/airflow/example_dags/example_latest_only_with_trigger.py
[2024-03-18 20:02:07,357] {logging_mixin.py:115} INFO - [2024-03-18 20:02:07,356] {dag.py:2379} INFO - Sync 1 DAGs
[2024-03-18 20:02:07,371] {logging_mixin.py:115} INFO - [2024-03-18 20:02:07,371] {dag.py:2927} INFO - Setting next_dagrun for latest_only_with_trigger to 2024-03-18T19:02:07.371529+00:00, run_after=2024-03-18T23:02:07.371529+00:00
[2024-03-18 20:02:07,390] {processor.py:161} INFO - Processing /home/sheyla/Documents/Repositórios/apache-airflow-extracao-de-dados/venv/lib/python3.9/site-packages/airflow/example_dags/example_latest_only_with_trigger.py took 0.057 seconds
[2024-03-18 20:02:39,235] {processor.py:153} INFO - Started process (PID=1993466) to work on /home/sheyla/Documents/Repositórios/apache-airflow-extracao-de-dados/venv/lib/python3.9/site-packages/airflow/example_dags/example_latest_only_with_trigger.py
[2024-03-18 20:02:39,240] {processor.py:641} INFO - Processing file /home/sheyla/Documents/Repositórios/apache-airflow-extracao-de-dados/venv/lib/python3.9/site-packages/airflow/example_dags/example_latest_only_with_trigger.py for tasks to queue
[2024-03-18 20:02:39,241] {logging_mixin.py:115} INFO - [2024-03-18 20:02:39,241] {dagbag.py:507} INFO - Filling up the DagBag from /home/sheyla/Documents/Repositórios/apache-airflow-extracao-de-dados/venv/lib/python3.9/site-packages/airflow/example_dags/example_latest_only_with_trigger.py
[2024-03-18 20:02:39,248] {processor.py:651} INFO - DAG(s) dict_keys(['latest_only_with_trigger']) retrieved from /home/sheyla/Documents/Repositórios/apache-airflow-extracao-de-dados/venv/lib/python3.9/site-packages/airflow/example_dags/example_latest_only_with_trigger.py
[2024-03-18 20:02:39,263] {logging_mixin.py:115} INFO - [2024-03-18 20:02:39,263] {dag.py:2379} INFO - Sync 1 DAGs
[2024-03-18 20:02:39,275] {logging_mixin.py:115} INFO - [2024-03-18 20:02:39,274] {dag.py:2927} INFO - Setting next_dagrun for latest_only_with_trigger to 2024-03-18T19:02:39.274800+00:00, run_after=2024-03-18T23:02:39.274800+00:00
[2024-03-18 20:02:39,292] {processor.py:161} INFO - Processing /home/sheyla/Documents/Repositórios/apache-airflow-extracao-de-dados/venv/lib/python3.9/site-packages/airflow/example_dags/example_latest_only_with_trigger.py took 0.061 seconds
[2024-03-18 20:03:12,547] {processor.py:153} INFO - Started process (PID=1993802) to work on /home/sheyla/Documents/Repositórios/apache-airflow-extracao-de-dados/venv/lib/python3.9/site-packages/airflow/example_dags/example_latest_only_with_trigger.py
[2024-03-18 20:03:12,552] {processor.py:641} INFO - Processing file /home/sheyla/Documents/Repositórios/apache-airflow-extracao-de-dados/venv/lib/python3.9/site-packages/airflow/example_dags/example_latest_only_with_trigger.py for tasks to queue
[2024-03-18 20:03:12,552] {logging_mixin.py:115} INFO - [2024-03-18 20:03:12,552] {dagbag.py:507} INFO - Filling up the DagBag from /home/sheyla/Documents/Repositórios/apache-airflow-extracao-de-dados/venv/lib/python3.9/site-packages/airflow/example_dags/example_latest_only_with_trigger.py
[2024-03-18 20:03:12,557] {processor.py:651} INFO - DAG(s) dict_keys(['latest_only_with_trigger']) retrieved from /home/sheyla/Documents/Repositórios/apache-airflow-extracao-de-dados/venv/lib/python3.9/site-packages/airflow/example_dags/example_latest_only_with_trigger.py
[2024-03-18 20:03:12,572] {logging_mixin.py:115} INFO - [2024-03-18 20:03:12,572] {dag.py:2379} INFO - Sync 1 DAGs
[2024-03-18 20:03:12,585] {logging_mixin.py:115} INFO - [2024-03-18 20:03:12,585] {dag.py:2927} INFO - Setting next_dagrun for latest_only_with_trigger to 2024-03-18T19:03:12.584885+00:00, run_after=2024-03-18T23:03:12.584885+00:00
[2024-03-18 20:03:12,596] {processor.py:161} INFO - Processing /home/sheyla/Documents/Repositórios/apache-airflow-extracao-de-dados/venv/lib/python3.9/site-packages/airflow/example_dags/example_latest_only_with_trigger.py took 0.051 seconds
[2024-03-18 20:03:46,192] {processor.py:153} INFO - Started process (PID=1994135) to work on /home/sheyla/Documents/Repositórios/apache-airflow-extracao-de-dados/venv/lib/python3.9/site-packages/airflow/example_dags/example_latest_only_with_trigger.py
[2024-03-18 20:03:46,195] {processor.py:641} INFO - Processing file /home/sheyla/Documents/Repositórios/apache-airflow-extracao-de-dados/venv/lib/python3.9/site-packages/airflow/example_dags/example_latest_only_with_trigger.py for tasks to queue
[2024-03-18 20:03:46,195] {logging_mixin.py:115} INFO - [2024-03-18 20:03:46,195] {dagbag.py:507} INFO - Filling up the DagBag from /home/sheyla/Documents/Repositórios/apache-airflow-extracao-de-dados/venv/lib/python3.9/site-packages/airflow/example_dags/example_latest_only_with_trigger.py
[2024-03-18 20:03:46,200] {processor.py:651} INFO - DAG(s) dict_keys(['latest_only_with_trigger']) retrieved from /home/sheyla/Documents/Repositórios/apache-airflow-extracao-de-dados/venv/lib/python3.9/site-packages/airflow/example_dags/example_latest_only_with_trigger.py
[2024-03-18 20:03:46,216] {logging_mixin.py:115} INFO - [2024-03-18 20:03:46,216] {dag.py:2379} INFO - Sync 1 DAGs
[2024-03-18 20:03:46,229] {logging_mixin.py:115} INFO - [2024-03-18 20:03:46,229] {dag.py:2927} INFO - Setting next_dagrun for latest_only_with_trigger to 2024-03-18T19:03:46.229563+00:00, run_after=2024-03-18T23:03:46.229563+00:00
[2024-03-18 20:03:46,240] {processor.py:161} INFO - Processing /home/sheyla/Documents/Repositórios/apache-airflow-extracao-de-dados/venv/lib/python3.9/site-packages/airflow/example_dags/example_latest_only_with_trigger.py took 0.050 seconds
[2024-03-18 20:04:18,212] {processor.py:153} INFO - Started process (PID=1994450) to work on /home/sheyla/Documents/Repositórios/apache-airflow-extracao-de-dados/venv/lib/python3.9/site-packages/airflow/example_dags/example_latest_only_with_trigger.py
[2024-03-18 20:04:18,213] {processor.py:641} INFO - Processing file /home/sheyla/Documents/Repositórios/apache-airflow-extracao-de-dados/venv/lib/python3.9/site-packages/airflow/example_dags/example_latest_only_with_trigger.py for tasks to queue
[2024-03-18 20:04:18,213] {logging_mixin.py:115} INFO - [2024-03-18 20:04:18,213] {dagbag.py:507} INFO - Filling up the DagBag from /home/sheyla/Documents/Repositórios/apache-airflow-extracao-de-dados/venv/lib/python3.9/site-packages/airflow/example_dags/example_latest_only_with_trigger.py
[2024-03-18 20:04:18,218] {processor.py:651} INFO - DAG(s) dict_keys(['latest_only_with_trigger']) retrieved from /home/sheyla/Documents/Repositórios/apache-airflow-extracao-de-dados/venv/lib/python3.9/site-packages/airflow/example_dags/example_latest_only_with_trigger.py
[2024-03-18 20:04:18,232] {logging_mixin.py:115} INFO - [2024-03-18 20:04:18,232] {dag.py:2379} INFO - Sync 1 DAGs
[2024-03-18 20:04:18,244] {logging_mixin.py:115} INFO - [2024-03-18 20:04:18,244] {dag.py:2927} INFO - Setting next_dagrun for latest_only_with_trigger to 2024-03-18T19:04:18.244485+00:00, run_after=2024-03-18T23:04:18.244485+00:00
[2024-03-18 20:04:18,257] {processor.py:161} INFO - Processing /home/sheyla/Documents/Repositórios/apache-airflow-extracao-de-dados/venv/lib/python3.9/site-packages/airflow/example_dags/example_latest_only_with_trigger.py took 0.048 seconds
[2024-03-18 20:04:52,992] {processor.py:153} INFO - Started process (PID=1994800) to work on /home/sheyla/Documents/Repositórios/apache-airflow-extracao-de-dados/venv/lib/python3.9/site-packages/airflow/example_dags/example_latest_only_with_trigger.py
[2024-03-18 20:04:52,998] {processor.py:641} INFO - Processing file /home/sheyla/Documents/Repositórios/apache-airflow-extracao-de-dados/venv/lib/python3.9/site-packages/airflow/example_dags/example_latest_only_with_trigger.py for tasks to queue
[2024-03-18 20:04:52,999] {logging_mixin.py:115} INFO - [2024-03-18 20:04:52,999] {dagbag.py:507} INFO - Filling up the DagBag from /home/sheyla/Documents/Repositórios/apache-airflow-extracao-de-dados/venv/lib/python3.9/site-packages/airflow/example_dags/example_latest_only_with_trigger.py
[2024-03-18 20:04:53,005] {processor.py:651} INFO - DAG(s) dict_keys(['latest_only_with_trigger']) retrieved from /home/sheyla/Documents/Repositórios/apache-airflow-extracao-de-dados/venv/lib/python3.9/site-packages/airflow/example_dags/example_latest_only_with_trigger.py
[2024-03-18 20:04:53,022] {logging_mixin.py:115} INFO - [2024-03-18 20:04:53,022] {dag.py:2379} INFO - Sync 1 DAGs
[2024-03-18 20:04:53,035] {logging_mixin.py:115} INFO - [2024-03-18 20:04:53,035] {dag.py:2927} INFO - Setting next_dagrun for latest_only_with_trigger to 2024-03-18T19:04:53.035367+00:00, run_after=2024-03-18T23:04:53.035367+00:00
[2024-03-18 20:04:53,047] {processor.py:161} INFO - Processing /home/sheyla/Documents/Repositórios/apache-airflow-extracao-de-dados/venv/lib/python3.9/site-packages/airflow/example_dags/example_latest_only_with_trigger.py took 0.058 seconds
[2024-03-18 20:05:25,330] {processor.py:153} INFO - Started process (PID=1995122) to work on /home/sheyla/Documents/Repositórios/apache-airflow-extracao-de-dados/venv/lib/python3.9/site-packages/airflow/example_dags/example_latest_only_with_trigger.py
[2024-03-18 20:05:25,336] {processor.py:641} INFO - Processing file /home/sheyla/Documents/Repositórios/apache-airflow-extracao-de-dados/venv/lib/python3.9/site-packages/airflow/example_dags/example_latest_only_with_trigger.py for tasks to queue
[2024-03-18 20:05:25,337] {logging_mixin.py:115} INFO - [2024-03-18 20:05:25,337] {dagbag.py:507} INFO - Filling up the DagBag from /home/sheyla/Documents/Repositórios/apache-airflow-extracao-de-dados/venv/lib/python3.9/site-packages/airflow/example_dags/example_latest_only_with_trigger.py
[2024-03-18 20:05:25,352] {processor.py:651} INFO - DAG(s) dict_keys(['latest_only_with_trigger']) retrieved from /home/sheyla/Documents/Repositórios/apache-airflow-extracao-de-dados/venv/lib/python3.9/site-packages/airflow/example_dags/example_latest_only_with_trigger.py
[2024-03-18 20:05:25,375] {logging_mixin.py:115} INFO - [2024-03-18 20:05:25,375] {dag.py:2379} INFO - Sync 1 DAGs
[2024-03-18 20:05:25,388] {logging_mixin.py:115} INFO - [2024-03-18 20:05:25,388] {dag.py:2927} INFO - Setting next_dagrun for latest_only_with_trigger to 2024-03-18T19:05:25.388149+00:00, run_after=2024-03-18T23:05:25.388149+00:00
[2024-03-18 20:05:25,401] {processor.py:161} INFO - Processing /home/sheyla/Documents/Repositórios/apache-airflow-extracao-de-dados/venv/lib/python3.9/site-packages/airflow/example_dags/example_latest_only_with_trigger.py took 0.078 seconds
[2024-03-18 20:05:58,691] {processor.py:153} INFO - Started process (PID=1995559) to work on /home/sheyla/Documents/Repositórios/apache-airflow-extracao-de-dados/venv/lib/python3.9/site-packages/airflow/example_dags/example_latest_only_with_trigger.py
[2024-03-18 20:05:58,697] {processor.py:641} INFO - Processing file /home/sheyla/Documents/Repositórios/apache-airflow-extracao-de-dados/venv/lib/python3.9/site-packages/airflow/example_dags/example_latest_only_with_trigger.py for tasks to queue
[2024-03-18 20:05:58,697] {logging_mixin.py:115} INFO - [2024-03-18 20:05:58,697] {dagbag.py:507} INFO - Filling up the DagBag from /home/sheyla/Documents/Repositórios/apache-airflow-extracao-de-dados/venv/lib/python3.9/site-packages/airflow/example_dags/example_latest_only_with_trigger.py
[2024-03-18 20:05:58,702] {processor.py:651} INFO - DAG(s) dict_keys(['latest_only_with_trigger']) retrieved from /home/sheyla/Documents/Repositórios/apache-airflow-extracao-de-dados/venv/lib/python3.9/site-packages/airflow/example_dags/example_latest_only_with_trigger.py
[2024-03-18 20:05:58,718] {logging_mixin.py:115} INFO - [2024-03-18 20:05:58,718] {dag.py:2379} INFO - Sync 1 DAGs
[2024-03-18 20:05:58,731] {logging_mixin.py:115} INFO - [2024-03-18 20:05:58,731] {dag.py:2927} INFO - Setting next_dagrun for latest_only_with_trigger to 2024-03-18T19:05:58.731735+00:00, run_after=2024-03-18T23:05:58.731735+00:00
[2024-03-18 20:05:58,744] {processor.py:161} INFO - Processing /home/sheyla/Documents/Repositórios/apache-airflow-extracao-de-dados/venv/lib/python3.9/site-packages/airflow/example_dags/example_latest_only_with_trigger.py took 0.056 seconds
[2024-03-18 20:06:31,341] {processor.py:153} INFO - Started process (PID=1995895) to work on /home/sheyla/Documents/Repositórios/apache-airflow-extracao-de-dados/venv/lib/python3.9/site-packages/airflow/example_dags/example_latest_only_with_trigger.py
[2024-03-18 20:06:31,346] {processor.py:641} INFO - Processing file /home/sheyla/Documents/Repositórios/apache-airflow-extracao-de-dados/venv/lib/python3.9/site-packages/airflow/example_dags/example_latest_only_with_trigger.py for tasks to queue
[2024-03-18 20:06:31,346] {logging_mixin.py:115} INFO - [2024-03-18 20:06:31,346] {dagbag.py:507} INFO - Filling up the DagBag from /home/sheyla/Documents/Repositórios/apache-airflow-extracao-de-dados/venv/lib/python3.9/site-packages/airflow/example_dags/example_latest_only_with_trigger.py
[2024-03-18 20:06:31,352] {processor.py:651} INFO - DAG(s) dict_keys(['latest_only_with_trigger']) retrieved from /home/sheyla/Documents/Repositórios/apache-airflow-extracao-de-dados/venv/lib/python3.9/site-packages/airflow/example_dags/example_latest_only_with_trigger.py
[2024-03-18 20:06:31,367] {logging_mixin.py:115} INFO - [2024-03-18 20:06:31,367] {dag.py:2379} INFO - Sync 1 DAGs
[2024-03-18 20:06:31,382] {logging_mixin.py:115} INFO - [2024-03-18 20:06:31,382] {dag.py:2927} INFO - Setting next_dagrun for latest_only_with_trigger to 2024-03-18T19:06:31.381844+00:00, run_after=2024-03-18T23:06:31.381844+00:00
[2024-03-18 20:06:31,399] {processor.py:161} INFO - Processing /home/sheyla/Documents/Repositórios/apache-airflow-extracao-de-dados/venv/lib/python3.9/site-packages/airflow/example_dags/example_latest_only_with_trigger.py took 0.061 seconds
[2024-03-18 20:07:07,420] {processor.py:153} INFO - Started process (PID=1996275) to work on /home/sheyla/Documents/Repositórios/apache-airflow-extracao-de-dados/venv/lib/python3.9/site-packages/airflow/example_dags/example_latest_only_with_trigger.py
[2024-03-18 20:07:07,431] {processor.py:641} INFO - Processing file /home/sheyla/Documents/Repositórios/apache-airflow-extracao-de-dados/venv/lib/python3.9/site-packages/airflow/example_dags/example_latest_only_with_trigger.py for tasks to queue
[2024-03-18 20:07:07,432] {logging_mixin.py:115} INFO - [2024-03-18 20:07:07,432] {dagbag.py:507} INFO - Filling up the DagBag from /home/sheyla/Documents/Repositórios/apache-airflow-extracao-de-dados/venv/lib/python3.9/site-packages/airflow/example_dags/example_latest_only_with_trigger.py
[2024-03-18 20:07:07,447] {processor.py:651} INFO - DAG(s) dict_keys(['latest_only_with_trigger']) retrieved from /home/sheyla/Documents/Repositórios/apache-airflow-extracao-de-dados/venv/lib/python3.9/site-packages/airflow/example_dags/example_latest_only_with_trigger.py
[2024-03-18 20:07:07,473] {logging_mixin.py:115} INFO - [2024-03-18 20:07:07,473] {dag.py:2379} INFO - Sync 1 DAGs
[2024-03-18 20:07:07,486] {logging_mixin.py:115} INFO - [2024-03-18 20:07:07,486] {dag.py:2927} INFO - Setting next_dagrun for latest_only_with_trigger to 2024-03-18T19:07:07.486510+00:00, run_after=2024-03-18T23:07:07.486510+00:00
[2024-03-18 20:07:07,499] {processor.py:161} INFO - Processing /home/sheyla/Documents/Repositórios/apache-airflow-extracao-de-dados/venv/lib/python3.9/site-packages/airflow/example_dags/example_latest_only_with_trigger.py took 0.086 seconds
[2024-03-18 20:07:41,048] {processor.py:153} INFO - Started process (PID=1996872) to work on /home/sheyla/Documents/Repositórios/apache-airflow-extracao-de-dados/venv/lib/python3.9/site-packages/airflow/example_dags/example_latest_only_with_trigger.py
[2024-03-18 20:07:41,054] {processor.py:641} INFO - Processing file /home/sheyla/Documents/Repositórios/apache-airflow-extracao-de-dados/venv/lib/python3.9/site-packages/airflow/example_dags/example_latest_only_with_trigger.py for tasks to queue
[2024-03-18 20:07:41,055] {logging_mixin.py:115} INFO - [2024-03-18 20:07:41,055] {dagbag.py:507} INFO - Filling up the DagBag from /home/sheyla/Documents/Repositórios/apache-airflow-extracao-de-dados/venv/lib/python3.9/site-packages/airflow/example_dags/example_latest_only_with_trigger.py
[2024-03-18 20:07:41,067] {processor.py:651} INFO - DAG(s) dict_keys(['latest_only_with_trigger']) retrieved from /home/sheyla/Documents/Repositórios/apache-airflow-extracao-de-dados/venv/lib/python3.9/site-packages/airflow/example_dags/example_latest_only_with_trigger.py
[2024-03-18 20:07:41,085] {logging_mixin.py:115} INFO - [2024-03-18 20:07:41,085] {dag.py:2379} INFO - Sync 1 DAGs
[2024-03-18 20:07:41,099] {logging_mixin.py:115} INFO - [2024-03-18 20:07:41,099] {dag.py:2927} INFO - Setting next_dagrun for latest_only_with_trigger to 2024-03-18T19:07:41.099312+00:00, run_after=2024-03-18T23:07:41.099312+00:00
[2024-03-18 20:07:41,113] {processor.py:161} INFO - Processing /home/sheyla/Documents/Repositórios/apache-airflow-extracao-de-dados/venv/lib/python3.9/site-packages/airflow/example_dags/example_latest_only_with_trigger.py took 0.073 seconds
[2024-03-18 20:08:14,833] {processor.py:153} INFO - Started process (PID=1997748) to work on /home/sheyla/Documents/Repositórios/apache-airflow-extracao-de-dados/venv/lib/python3.9/site-packages/airflow/example_dags/example_latest_only_with_trigger.py
[2024-03-18 20:08:14,840] {processor.py:641} INFO - Processing file /home/sheyla/Documents/Repositórios/apache-airflow-extracao-de-dados/venv/lib/python3.9/site-packages/airflow/example_dags/example_latest_only_with_trigger.py for tasks to queue
[2024-03-18 20:08:14,841] {logging_mixin.py:115} INFO - [2024-03-18 20:08:14,841] {dagbag.py:507} INFO - Filling up the DagBag from /home/sheyla/Documents/Repositórios/apache-airflow-extracao-de-dados/venv/lib/python3.9/site-packages/airflow/example_dags/example_latest_only_with_trigger.py
[2024-03-18 20:08:14,851] {processor.py:651} INFO - DAG(s) dict_keys(['latest_only_with_trigger']) retrieved from /home/sheyla/Documents/Repositórios/apache-airflow-extracao-de-dados/venv/lib/python3.9/site-packages/airflow/example_dags/example_latest_only_with_trigger.py
[2024-03-18 20:08:14,869] {logging_mixin.py:115} INFO - [2024-03-18 20:08:14,869] {dag.py:2379} INFO - Sync 1 DAGs
[2024-03-18 20:08:14,882] {logging_mixin.py:115} INFO - [2024-03-18 20:08:14,881] {dag.py:2927} INFO - Setting next_dagrun for latest_only_with_trigger to 2024-03-18T19:08:14.881770+00:00, run_after=2024-03-18T23:08:14.881770+00:00
[2024-03-18 20:08:14,894] {processor.py:161} INFO - Processing /home/sheyla/Documents/Repositórios/apache-airflow-extracao-de-dados/venv/lib/python3.9/site-packages/airflow/example_dags/example_latest_only_with_trigger.py took 0.069 seconds
[2024-03-18 20:08:48,030] {processor.py:153} INFO - Started process (PID=1998430) to work on /home/sheyla/Documents/Repositórios/apache-airflow-extracao-de-dados/venv/lib/python3.9/site-packages/airflow/example_dags/example_latest_only_with_trigger.py
[2024-03-18 20:08:48,030] {processor.py:641} INFO - Processing file /home/sheyla/Documents/Repositórios/apache-airflow-extracao-de-dados/venv/lib/python3.9/site-packages/airflow/example_dags/example_latest_only_with_trigger.py for tasks to queue
[2024-03-18 20:08:48,030] {logging_mixin.py:115} INFO - [2024-03-18 20:08:48,030] {dagbag.py:507} INFO - Filling up the DagBag from /home/sheyla/Documents/Repositórios/apache-airflow-extracao-de-dados/venv/lib/python3.9/site-packages/airflow/example_dags/example_latest_only_with_trigger.py
[2024-03-18 20:08:48,033] {processor.py:651} INFO - DAG(s) dict_keys(['latest_only_with_trigger']) retrieved from /home/sheyla/Documents/Repositórios/apache-airflow-extracao-de-dados/venv/lib/python3.9/site-packages/airflow/example_dags/example_latest_only_with_trigger.py
[2024-03-18 20:08:48,045] {logging_mixin.py:115} INFO - [2024-03-18 20:08:48,045] {dag.py:2379} INFO - Sync 1 DAGs
[2024-03-18 20:08:48,056] {logging_mixin.py:115} INFO - [2024-03-18 20:08:48,056] {dag.py:2927} INFO - Setting next_dagrun for latest_only_with_trigger to 2024-03-18T19:08:48.056127+00:00, run_after=2024-03-18T23:08:48.056127+00:00
[2024-03-18 20:08:48,078] {processor.py:161} INFO - Processing /home/sheyla/Documents/Repositórios/apache-airflow-extracao-de-dados/venv/lib/python3.9/site-packages/airflow/example_dags/example_latest_only_with_trigger.py took 0.049 seconds
