[2024-03-18 19:56:51,423] {processor.py:153} INFO - Started process (PID=1989879) to work on /home/sheyla/Documents/Repositórios/apache-airflow-extracao-de-dados/venv/lib/python3.9/site-packages/airflow/example_dags/example_branch_operator.py
[2024-03-18 19:56:51,424] {processor.py:641} INFO - Processing file /home/sheyla/Documents/Repositórios/apache-airflow-extracao-de-dados/venv/lib/python3.9/site-packages/airflow/example_dags/example_branch_operator.py for tasks to queue
[2024-03-18 19:56:51,425] {logging_mixin.py:115} INFO - [2024-03-18 19:56:51,425] {dagbag.py:507} INFO - Filling up the DagBag from /home/sheyla/Documents/Repositórios/apache-airflow-extracao-de-dados/venv/lib/python3.9/site-packages/airflow/example_dags/example_branch_operator.py
[2024-03-18 19:56:51,447] {processor.py:651} INFO - DAG(s) dict_keys(['example_branch_operator']) retrieved from /home/sheyla/Documents/Repositórios/apache-airflow-extracao-de-dados/venv/lib/python3.9/site-packages/airflow/example_dags/example_branch_operator.py
[2024-03-18 19:56:51,581] {logging_mixin.py:115} INFO - [2024-03-18 19:56:51,581] {manager.py:508} INFO - Created Permission View: can delete on DAG:example_branch_operator
[2024-03-18 19:56:51,639] {logging_mixin.py:115} INFO - [2024-03-18 19:56:51,639] {manager.py:508} INFO - Created Permission View: can edit on DAG:example_branch_operator
[2024-03-18 19:56:51,690] {logging_mixin.py:115} INFO - [2024-03-18 19:56:51,689] {manager.py:508} INFO - Created Permission View: can read on DAG:example_branch_operator
[2024-03-18 19:56:51,690] {logging_mixin.py:115} INFO - [2024-03-18 19:56:51,690] {dag.py:2379} INFO - Sync 1 DAGs
[2024-03-18 19:56:51,711] {logging_mixin.py:115} INFO - [2024-03-18 19:56:51,711] {dag.py:2398} INFO - Creating ORM DAG for example_branch_operator
[2024-03-18 19:56:51,726] {logging_mixin.py:115} INFO - [2024-03-18 19:56:51,726] {dag.py:2927} INFO - Setting next_dagrun for example_branch_operator to 2024-03-17T00:00:00+00:00, run_after=2024-03-18T00:00:00+00:00
[2024-03-18 19:56:51,772] {processor.py:161} INFO - Processing /home/sheyla/Documents/Repositórios/apache-airflow-extracao-de-dados/venv/lib/python3.9/site-packages/airflow/example_dags/example_branch_operator.py took 0.356 seconds
[2024-03-18 19:57:33,745] {processor.py:153} INFO - Started process (PID=1990292) to work on /home/sheyla/Documents/Repositórios/apache-airflow-extracao-de-dados/venv/lib/python3.9/site-packages/airflow/example_dags/example_branch_operator.py
[2024-03-18 19:57:33,750] {processor.py:641} INFO - Processing file /home/sheyla/Documents/Repositórios/apache-airflow-extracao-de-dados/venv/lib/python3.9/site-packages/airflow/example_dags/example_branch_operator.py for tasks to queue
[2024-03-18 19:57:33,751] {logging_mixin.py:115} INFO - [2024-03-18 19:57:33,751] {dagbag.py:507} INFO - Filling up the DagBag from /home/sheyla/Documents/Repositórios/apache-airflow-extracao-de-dados/venv/lib/python3.9/site-packages/airflow/example_dags/example_branch_operator.py
[2024-03-18 19:57:33,762] {processor.py:651} INFO - DAG(s) dict_keys(['example_branch_operator']) retrieved from /home/sheyla/Documents/Repositórios/apache-airflow-extracao-de-dados/venv/lib/python3.9/site-packages/airflow/example_dags/example_branch_operator.py
[2024-03-18 19:57:33,781] {logging_mixin.py:115} INFO - [2024-03-18 19:57:33,781] {dag.py:2379} INFO - Sync 1 DAGs
[2024-03-18 19:57:33,795] {logging_mixin.py:115} INFO - [2024-03-18 19:57:33,795] {dag.py:2927} INFO - Setting next_dagrun for example_branch_operator to 2024-03-17T00:00:00+00:00, run_after=2024-03-18T00:00:00+00:00
[2024-03-18 19:57:33,808] {processor.py:161} INFO - Processing /home/sheyla/Documents/Repositórios/apache-airflow-extracao-de-dados/venv/lib/python3.9/site-packages/airflow/example_dags/example_branch_operator.py took 0.066 seconds
[2024-03-18 19:58:07,219] {processor.py:153} INFO - Started process (PID=1990630) to work on /home/sheyla/Documents/Repositórios/apache-airflow-extracao-de-dados/venv/lib/python3.9/site-packages/airflow/example_dags/example_branch_operator.py
[2024-03-18 19:58:07,222] {processor.py:641} INFO - Processing file /home/sheyla/Documents/Repositórios/apache-airflow-extracao-de-dados/venv/lib/python3.9/site-packages/airflow/example_dags/example_branch_operator.py for tasks to queue
[2024-03-18 19:58:07,223] {logging_mixin.py:115} INFO - [2024-03-18 19:58:07,223] {dagbag.py:507} INFO - Filling up the DagBag from /home/sheyla/Documents/Repositórios/apache-airflow-extracao-de-dados/venv/lib/python3.9/site-packages/airflow/example_dags/example_branch_operator.py
[2024-03-18 19:58:07,236] {processor.py:651} INFO - DAG(s) dict_keys(['example_branch_operator']) retrieved from /home/sheyla/Documents/Repositórios/apache-airflow-extracao-de-dados/venv/lib/python3.9/site-packages/airflow/example_dags/example_branch_operator.py
[2024-03-18 19:58:07,256] {logging_mixin.py:115} INFO - [2024-03-18 19:58:07,256] {dag.py:2379} INFO - Sync 1 DAGs
[2024-03-18 19:58:07,270] {logging_mixin.py:115} INFO - [2024-03-18 19:58:07,270] {dag.py:2927} INFO - Setting next_dagrun for example_branch_operator to 2024-03-17T00:00:00+00:00, run_after=2024-03-18T00:00:00+00:00
[2024-03-18 19:58:07,280] {processor.py:161} INFO - Processing /home/sheyla/Documents/Repositórios/apache-airflow-extracao-de-dados/venv/lib/python3.9/site-packages/airflow/example_dags/example_branch_operator.py took 0.064 seconds
[2024-03-18 19:58:41,606] {processor.py:153} INFO - Started process (PID=1990974) to work on /home/sheyla/Documents/Repositórios/apache-airflow-extracao-de-dados/venv/lib/python3.9/site-packages/airflow/example_dags/example_branch_operator.py
[2024-03-18 19:58:41,612] {processor.py:641} INFO - Processing file /home/sheyla/Documents/Repositórios/apache-airflow-extracao-de-dados/venv/lib/python3.9/site-packages/airflow/example_dags/example_branch_operator.py for tasks to queue
[2024-03-18 19:58:41,614] {logging_mixin.py:115} INFO - [2024-03-18 19:58:41,613] {dagbag.py:507} INFO - Filling up the DagBag from /home/sheyla/Documents/Repositórios/apache-airflow-extracao-de-dados/venv/lib/python3.9/site-packages/airflow/example_dags/example_branch_operator.py
[2024-03-18 19:58:41,639] {processor.py:651} INFO - DAG(s) dict_keys(['example_branch_operator']) retrieved from /home/sheyla/Documents/Repositórios/apache-airflow-extracao-de-dados/venv/lib/python3.9/site-packages/airflow/example_dags/example_branch_operator.py
[2024-03-18 19:58:41,659] {logging_mixin.py:115} INFO - [2024-03-18 19:58:41,659] {dag.py:2379} INFO - Sync 1 DAGs
[2024-03-18 19:58:41,672] {logging_mixin.py:115} INFO - [2024-03-18 19:58:41,672] {dag.py:2927} INFO - Setting next_dagrun for example_branch_operator to 2024-03-17T00:00:00+00:00, run_after=2024-03-18T00:00:00+00:00
[2024-03-18 19:58:41,683] {processor.py:161} INFO - Processing /home/sheyla/Documents/Repositórios/apache-airflow-extracao-de-dados/venv/lib/python3.9/site-packages/airflow/example_dags/example_branch_operator.py took 0.080 seconds
[2024-03-18 19:59:12,949] {processor.py:153} INFO - Started process (PID=1991286) to work on /home/sheyla/Documents/Repositórios/apache-airflow-extracao-de-dados/venv/lib/python3.9/site-packages/airflow/example_dags/example_branch_operator.py
[2024-03-18 19:59:12,955] {processor.py:641} INFO - Processing file /home/sheyla/Documents/Repositórios/apache-airflow-extracao-de-dados/venv/lib/python3.9/site-packages/airflow/example_dags/example_branch_operator.py for tasks to queue
[2024-03-18 19:59:12,956] {logging_mixin.py:115} INFO - [2024-03-18 19:59:12,956] {dagbag.py:507} INFO - Filling up the DagBag from /home/sheyla/Documents/Repositórios/apache-airflow-extracao-de-dados/venv/lib/python3.9/site-packages/airflow/example_dags/example_branch_operator.py
[2024-03-18 19:59:12,978] {processor.py:651} INFO - DAG(s) dict_keys(['example_branch_operator']) retrieved from /home/sheyla/Documents/Repositórios/apache-airflow-extracao-de-dados/venv/lib/python3.9/site-packages/airflow/example_dags/example_branch_operator.py
[2024-03-18 19:59:12,995] {logging_mixin.py:115} INFO - [2024-03-18 19:59:12,995] {dag.py:2379} INFO - Sync 1 DAGs
[2024-03-18 19:59:13,009] {logging_mixin.py:115} INFO - [2024-03-18 19:59:13,009] {dag.py:2927} INFO - Setting next_dagrun for example_branch_operator to 2024-03-17T00:00:00+00:00, run_after=2024-03-18T00:00:00+00:00
[2024-03-18 19:59:13,028] {processor.py:161} INFO - Processing /home/sheyla/Documents/Repositórios/apache-airflow-extracao-de-dados/venv/lib/python3.9/site-packages/airflow/example_dags/example_branch_operator.py took 0.086 seconds
[2024-03-18 19:59:46,845] {processor.py:153} INFO - Started process (PID=1991625) to work on /home/sheyla/Documents/Repositórios/apache-airflow-extracao-de-dados/venv/lib/python3.9/site-packages/airflow/example_dags/example_branch_operator.py
[2024-03-18 19:59:46,846] {processor.py:641} INFO - Processing file /home/sheyla/Documents/Repositórios/apache-airflow-extracao-de-dados/venv/lib/python3.9/site-packages/airflow/example_dags/example_branch_operator.py for tasks to queue
[2024-03-18 19:59:46,848] {logging_mixin.py:115} INFO - [2024-03-18 19:59:46,847] {dagbag.py:507} INFO - Filling up the DagBag from /home/sheyla/Documents/Repositórios/apache-airflow-extracao-de-dados/venv/lib/python3.9/site-packages/airflow/example_dags/example_branch_operator.py
[2024-03-18 19:59:46,865] {processor.py:651} INFO - DAG(s) dict_keys(['example_branch_operator']) retrieved from /home/sheyla/Documents/Repositórios/apache-airflow-extracao-de-dados/venv/lib/python3.9/site-packages/airflow/example_dags/example_branch_operator.py
[2024-03-18 19:59:46,880] {logging_mixin.py:115} INFO - [2024-03-18 19:59:46,880] {dag.py:2379} INFO - Sync 1 DAGs
[2024-03-18 19:59:46,893] {logging_mixin.py:115} INFO - [2024-03-18 19:59:46,893] {dag.py:2927} INFO - Setting next_dagrun for example_branch_operator to 2024-03-17T00:00:00+00:00, run_after=2024-03-18T00:00:00+00:00
[2024-03-18 19:59:46,904] {processor.py:161} INFO - Processing /home/sheyla/Documents/Repositórios/apache-airflow-extracao-de-dados/venv/lib/python3.9/site-packages/airflow/example_dags/example_branch_operator.py took 0.066 seconds
[2024-03-18 20:00:20,909] {processor.py:153} INFO - Started process (PID=1992045) to work on /home/sheyla/Documents/Repositórios/apache-airflow-extracao-de-dados/venv/lib/python3.9/site-packages/airflow/example_dags/example_branch_operator.py
[2024-03-18 20:00:20,913] {processor.py:641} INFO - Processing file /home/sheyla/Documents/Repositórios/apache-airflow-extracao-de-dados/venv/lib/python3.9/site-packages/airflow/example_dags/example_branch_operator.py for tasks to queue
[2024-03-18 20:00:20,914] {logging_mixin.py:115} INFO - [2024-03-18 20:00:20,914] {dagbag.py:507} INFO - Filling up the DagBag from /home/sheyla/Documents/Repositórios/apache-airflow-extracao-de-dados/venv/lib/python3.9/site-packages/airflow/example_dags/example_branch_operator.py
[2024-03-18 20:00:20,933] {processor.py:651} INFO - DAG(s) dict_keys(['example_branch_operator']) retrieved from /home/sheyla/Documents/Repositórios/apache-airflow-extracao-de-dados/venv/lib/python3.9/site-packages/airflow/example_dags/example_branch_operator.py
[2024-03-18 20:00:20,950] {logging_mixin.py:115} INFO - [2024-03-18 20:00:20,950] {dag.py:2379} INFO - Sync 1 DAGs
[2024-03-18 20:00:20,963] {logging_mixin.py:115} INFO - [2024-03-18 20:00:20,963] {dag.py:2927} INFO - Setting next_dagrun for example_branch_operator to 2024-03-17T00:00:00+00:00, run_after=2024-03-18T00:00:00+00:00
[2024-03-18 20:00:20,982] {processor.py:161} INFO - Processing /home/sheyla/Documents/Repositórios/apache-airflow-extracao-de-dados/venv/lib/python3.9/site-packages/airflow/example_dags/example_branch_operator.py took 0.080 seconds
[2024-03-18 20:00:55,336] {processor.py:153} INFO - Started process (PID=1992398) to work on /home/sheyla/Documents/Repositórios/apache-airflow-extracao-de-dados/venv/lib/python3.9/site-packages/airflow/example_dags/example_branch_operator.py
[2024-03-18 20:00:55,337] {processor.py:641} INFO - Processing file /home/sheyla/Documents/Repositórios/apache-airflow-extracao-de-dados/venv/lib/python3.9/site-packages/airflow/example_dags/example_branch_operator.py for tasks to queue
[2024-03-18 20:00:55,338] {logging_mixin.py:115} INFO - [2024-03-18 20:00:55,338] {dagbag.py:507} INFO - Filling up the DagBag from /home/sheyla/Documents/Repositórios/apache-airflow-extracao-de-dados/venv/lib/python3.9/site-packages/airflow/example_dags/example_branch_operator.py
[2024-03-18 20:00:55,360] {processor.py:651} INFO - DAG(s) dict_keys(['example_branch_operator']) retrieved from /home/sheyla/Documents/Repositórios/apache-airflow-extracao-de-dados/venv/lib/python3.9/site-packages/airflow/example_dags/example_branch_operator.py
[2024-03-18 20:00:55,378] {logging_mixin.py:115} INFO - [2024-03-18 20:00:55,378] {dag.py:2379} INFO - Sync 1 DAGs
[2024-03-18 20:00:55,391] {logging_mixin.py:115} INFO - [2024-03-18 20:00:55,391] {dag.py:2927} INFO - Setting next_dagrun for example_branch_operator to 2024-03-17T00:00:00+00:00, run_after=2024-03-18T00:00:00+00:00
[2024-03-18 20:00:55,402] {processor.py:161} INFO - Processing /home/sheyla/Documents/Repositórios/apache-airflow-extracao-de-dados/venv/lib/python3.9/site-packages/airflow/example_dags/example_branch_operator.py took 0.073 seconds
[2024-03-18 20:01:26,839] {processor.py:153} INFO - Started process (PID=1992713) to work on /home/sheyla/Documents/Repositórios/apache-airflow-extracao-de-dados/venv/lib/python3.9/site-packages/airflow/example_dags/example_branch_operator.py
[2024-03-18 20:01:26,845] {processor.py:641} INFO - Processing file /home/sheyla/Documents/Repositórios/apache-airflow-extracao-de-dados/venv/lib/python3.9/site-packages/airflow/example_dags/example_branch_operator.py for tasks to queue
[2024-03-18 20:01:26,846] {logging_mixin.py:115} INFO - [2024-03-18 20:01:26,846] {dagbag.py:507} INFO - Filling up the DagBag from /home/sheyla/Documents/Repositórios/apache-airflow-extracao-de-dados/venv/lib/python3.9/site-packages/airflow/example_dags/example_branch_operator.py
[2024-03-18 20:01:26,873] {processor.py:651} INFO - DAG(s) dict_keys(['example_branch_operator']) retrieved from /home/sheyla/Documents/Repositórios/apache-airflow-extracao-de-dados/venv/lib/python3.9/site-packages/airflow/example_dags/example_branch_operator.py
[2024-03-18 20:01:26,893] {logging_mixin.py:115} INFO - [2024-03-18 20:01:26,892] {dag.py:2379} INFO - Sync 1 DAGs
[2024-03-18 20:01:26,905] {logging_mixin.py:115} INFO - [2024-03-18 20:01:26,905] {dag.py:2927} INFO - Setting next_dagrun for example_branch_operator to 2024-03-17T00:00:00+00:00, run_after=2024-03-18T00:00:00+00:00
[2024-03-18 20:01:26,918] {processor.py:161} INFO - Processing /home/sheyla/Documents/Repositórios/apache-airflow-extracao-de-dados/venv/lib/python3.9/site-packages/airflow/example_dags/example_branch_operator.py took 0.081 seconds
[2024-03-18 20:01:58,949] {processor.py:153} INFO - Started process (PID=1993057) to work on /home/sheyla/Documents/Repositórios/apache-airflow-extracao-de-dados/venv/lib/python3.9/site-packages/airflow/example_dags/example_branch_operator.py
[2024-03-18 20:01:58,955] {processor.py:641} INFO - Processing file /home/sheyla/Documents/Repositórios/apache-airflow-extracao-de-dados/venv/lib/python3.9/site-packages/airflow/example_dags/example_branch_operator.py for tasks to queue
[2024-03-18 20:01:58,956] {logging_mixin.py:115} INFO - [2024-03-18 20:01:58,956] {dagbag.py:507} INFO - Filling up the DagBag from /home/sheyla/Documents/Repositórios/apache-airflow-extracao-de-dados/venv/lib/python3.9/site-packages/airflow/example_dags/example_branch_operator.py
[2024-03-18 20:01:58,981] {processor.py:651} INFO - DAG(s) dict_keys(['example_branch_operator']) retrieved from /home/sheyla/Documents/Repositórios/apache-airflow-extracao-de-dados/venv/lib/python3.9/site-packages/airflow/example_dags/example_branch_operator.py
[2024-03-18 20:01:59,001] {logging_mixin.py:115} INFO - [2024-03-18 20:01:59,001] {dag.py:2379} INFO - Sync 1 DAGs
[2024-03-18 20:01:59,017] {logging_mixin.py:115} INFO - [2024-03-18 20:01:59,017] {dag.py:2927} INFO - Setting next_dagrun for example_branch_operator to 2024-03-17T00:00:00+00:00, run_after=2024-03-18T00:00:00+00:00
[2024-03-18 20:01:59,030] {processor.py:161} INFO - Processing /home/sheyla/Documents/Repositórios/apache-airflow-extracao-de-dados/venv/lib/python3.9/site-packages/airflow/example_dags/example_branch_operator.py took 0.084 seconds
[2024-03-18 20:02:32,237] {processor.py:153} INFO - Started process (PID=1993398) to work on /home/sheyla/Documents/Repositórios/apache-airflow-extracao-de-dados/venv/lib/python3.9/site-packages/airflow/example_dags/example_branch_operator.py
[2024-03-18 20:02:32,242] {processor.py:641} INFO - Processing file /home/sheyla/Documents/Repositórios/apache-airflow-extracao-de-dados/venv/lib/python3.9/site-packages/airflow/example_dags/example_branch_operator.py for tasks to queue
[2024-03-18 20:02:32,242] {logging_mixin.py:115} INFO - [2024-03-18 20:02:32,242] {dagbag.py:507} INFO - Filling up the DagBag from /home/sheyla/Documents/Repositórios/apache-airflow-extracao-de-dados/venv/lib/python3.9/site-packages/airflow/example_dags/example_branch_operator.py
[2024-03-18 20:02:32,252] {processor.py:651} INFO - DAG(s) dict_keys(['example_branch_operator']) retrieved from /home/sheyla/Documents/Repositórios/apache-airflow-extracao-de-dados/venv/lib/python3.9/site-packages/airflow/example_dags/example_branch_operator.py
[2024-03-18 20:02:32,269] {logging_mixin.py:115} INFO - [2024-03-18 20:02:32,269] {dag.py:2379} INFO - Sync 1 DAGs
[2024-03-18 20:02:32,283] {logging_mixin.py:115} INFO - [2024-03-18 20:02:32,283] {dag.py:2927} INFO - Setting next_dagrun for example_branch_operator to 2024-03-17T00:00:00+00:00, run_after=2024-03-18T00:00:00+00:00
[2024-03-18 20:02:32,295] {processor.py:161} INFO - Processing /home/sheyla/Documents/Repositórios/apache-airflow-extracao-de-dados/venv/lib/python3.9/site-packages/airflow/example_dags/example_branch_operator.py took 0.060 seconds
[2024-03-18 20:03:02,534] {processor.py:153} INFO - Started process (PID=1993701) to work on /home/sheyla/Documents/Repositórios/apache-airflow-extracao-de-dados/venv/lib/python3.9/site-packages/airflow/example_dags/example_branch_operator.py
[2024-03-18 20:03:02,536] {processor.py:641} INFO - Processing file /home/sheyla/Documents/Repositórios/apache-airflow-extracao-de-dados/venv/lib/python3.9/site-packages/airflow/example_dags/example_branch_operator.py for tasks to queue
[2024-03-18 20:03:02,537] {logging_mixin.py:115} INFO - [2024-03-18 20:03:02,536] {dagbag.py:507} INFO - Filling up the DagBag from /home/sheyla/Documents/Repositórios/apache-airflow-extracao-de-dados/venv/lib/python3.9/site-packages/airflow/example_dags/example_branch_operator.py
[2024-03-18 20:03:02,559] {processor.py:651} INFO - DAG(s) dict_keys(['example_branch_operator']) retrieved from /home/sheyla/Documents/Repositórios/apache-airflow-extracao-de-dados/venv/lib/python3.9/site-packages/airflow/example_dags/example_branch_operator.py
[2024-03-18 20:03:02,576] {logging_mixin.py:115} INFO - [2024-03-18 20:03:02,576] {dag.py:2379} INFO - Sync 1 DAGs
[2024-03-18 20:03:02,588] {logging_mixin.py:115} INFO - [2024-03-18 20:03:02,588] {dag.py:2927} INFO - Setting next_dagrun for example_branch_operator to 2024-03-17T00:00:00+00:00, run_after=2024-03-18T00:00:00+00:00
[2024-03-18 20:03:02,599] {processor.py:161} INFO - Processing /home/sheyla/Documents/Repositórios/apache-airflow-extracao-de-dados/venv/lib/python3.9/site-packages/airflow/example_dags/example_branch_operator.py took 0.071 seconds
[2024-03-18 20:03:34,983] {processor.py:153} INFO - Started process (PID=1994016) to work on /home/sheyla/Documents/Repositórios/apache-airflow-extracao-de-dados/venv/lib/python3.9/site-packages/airflow/example_dags/example_branch_operator.py
[2024-03-18 20:03:34,988] {processor.py:641} INFO - Processing file /home/sheyla/Documents/Repositórios/apache-airflow-extracao-de-dados/venv/lib/python3.9/site-packages/airflow/example_dags/example_branch_operator.py for tasks to queue
[2024-03-18 20:03:34,989] {logging_mixin.py:115} INFO - [2024-03-18 20:03:34,989] {dagbag.py:507} INFO - Filling up the DagBag from /home/sheyla/Documents/Repositórios/apache-airflow-extracao-de-dados/venv/lib/python3.9/site-packages/airflow/example_dags/example_branch_operator.py
[2024-03-18 20:03:35,001] {processor.py:651} INFO - DAG(s) dict_keys(['example_branch_operator']) retrieved from /home/sheyla/Documents/Repositórios/apache-airflow-extracao-de-dados/venv/lib/python3.9/site-packages/airflow/example_dags/example_branch_operator.py
[2024-03-18 20:03:35,021] {logging_mixin.py:115} INFO - [2024-03-18 20:03:35,021] {dag.py:2379} INFO - Sync 1 DAGs
[2024-03-18 20:03:35,036] {logging_mixin.py:115} INFO - [2024-03-18 20:03:35,036] {dag.py:2927} INFO - Setting next_dagrun for example_branch_operator to 2024-03-17T00:00:00+00:00, run_after=2024-03-18T00:00:00+00:00
[2024-03-18 20:03:35,049] {processor.py:161} INFO - Processing /home/sheyla/Documents/Repositórios/apache-airflow-extracao-de-dados/venv/lib/python3.9/site-packages/airflow/example_dags/example_branch_operator.py took 0.068 seconds
[2024-03-18 20:04:06,444] {processor.py:153} INFO - Started process (PID=1994337) to work on /home/sheyla/Documents/Repositórios/apache-airflow-extracao-de-dados/venv/lib/python3.9/site-packages/airflow/example_dags/example_branch_operator.py
[2024-03-18 20:04:06,447] {processor.py:641} INFO - Processing file /home/sheyla/Documents/Repositórios/apache-airflow-extracao-de-dados/venv/lib/python3.9/site-packages/airflow/example_dags/example_branch_operator.py for tasks to queue
[2024-03-18 20:04:06,447] {logging_mixin.py:115} INFO - [2024-03-18 20:04:06,447] {dagbag.py:507} INFO - Filling up the DagBag from /home/sheyla/Documents/Repositórios/apache-airflow-extracao-de-dados/venv/lib/python3.9/site-packages/airflow/example_dags/example_branch_operator.py
[2024-03-18 20:04:06,458] {processor.py:651} INFO - DAG(s) dict_keys(['example_branch_operator']) retrieved from /home/sheyla/Documents/Repositórios/apache-airflow-extracao-de-dados/venv/lib/python3.9/site-packages/airflow/example_dags/example_branch_operator.py
[2024-03-18 20:04:06,475] {logging_mixin.py:115} INFO - [2024-03-18 20:04:06,475] {dag.py:2379} INFO - Sync 1 DAGs
[2024-03-18 20:04:06,488] {logging_mixin.py:115} INFO - [2024-03-18 20:04:06,488] {dag.py:2927} INFO - Setting next_dagrun for example_branch_operator to 2024-03-17T00:00:00+00:00, run_after=2024-03-18T00:00:00+00:00
[2024-03-18 20:04:06,505] {processor.py:161} INFO - Processing /home/sheyla/Documents/Repositórios/apache-airflow-extracao-de-dados/venv/lib/python3.9/site-packages/airflow/example_dags/example_branch_operator.py took 0.064 seconds
[2024-03-18 20:04:39,468] {processor.py:153} INFO - Started process (PID=1994663) to work on /home/sheyla/Documents/Repositórios/apache-airflow-extracao-de-dados/venv/lib/python3.9/site-packages/airflow/example_dags/example_branch_operator.py
[2024-03-18 20:04:39,474] {processor.py:641} INFO - Processing file /home/sheyla/Documents/Repositórios/apache-airflow-extracao-de-dados/venv/lib/python3.9/site-packages/airflow/example_dags/example_branch_operator.py for tasks to queue
[2024-03-18 20:04:39,476] {logging_mixin.py:115} INFO - [2024-03-18 20:04:39,476] {dagbag.py:507} INFO - Filling up the DagBag from /home/sheyla/Documents/Repositórios/apache-airflow-extracao-de-dados/venv/lib/python3.9/site-packages/airflow/example_dags/example_branch_operator.py
[2024-03-18 20:04:39,499] {processor.py:651} INFO - DAG(s) dict_keys(['example_branch_operator']) retrieved from /home/sheyla/Documents/Repositórios/apache-airflow-extracao-de-dados/venv/lib/python3.9/site-packages/airflow/example_dags/example_branch_operator.py
[2024-03-18 20:04:39,517] {logging_mixin.py:115} INFO - [2024-03-18 20:04:39,517] {dag.py:2379} INFO - Sync 1 DAGs
[2024-03-18 20:04:39,530] {logging_mixin.py:115} INFO - [2024-03-18 20:04:39,529] {dag.py:2927} INFO - Setting next_dagrun for example_branch_operator to 2024-03-17T00:00:00+00:00, run_after=2024-03-18T00:00:00+00:00
[2024-03-18 20:04:39,543] {processor.py:161} INFO - Processing /home/sheyla/Documents/Repositórios/apache-airflow-extracao-de-dados/venv/lib/python3.9/site-packages/airflow/example_dags/example_branch_operator.py took 0.082 seconds
[2024-03-18 20:05:12,118] {processor.py:153} INFO - Started process (PID=1994997) to work on /home/sheyla/Documents/Repositórios/apache-airflow-extracao-de-dados/venv/lib/python3.9/site-packages/airflow/example_dags/example_branch_operator.py
[2024-03-18 20:05:12,123] {processor.py:641} INFO - Processing file /home/sheyla/Documents/Repositórios/apache-airflow-extracao-de-dados/venv/lib/python3.9/site-packages/airflow/example_dags/example_branch_operator.py for tasks to queue
[2024-03-18 20:05:12,124] {logging_mixin.py:115} INFO - [2024-03-18 20:05:12,124] {dagbag.py:507} INFO - Filling up the DagBag from /home/sheyla/Documents/Repositórios/apache-airflow-extracao-de-dados/venv/lib/python3.9/site-packages/airflow/example_dags/example_branch_operator.py
[2024-03-18 20:05:12,138] {processor.py:651} INFO - DAG(s) dict_keys(['example_branch_operator']) retrieved from /home/sheyla/Documents/Repositórios/apache-airflow-extracao-de-dados/venv/lib/python3.9/site-packages/airflow/example_dags/example_branch_operator.py
[2024-03-18 20:05:12,159] {logging_mixin.py:115} INFO - [2024-03-18 20:05:12,159] {dag.py:2379} INFO - Sync 1 DAGs
[2024-03-18 20:05:12,172] {logging_mixin.py:115} INFO - [2024-03-18 20:05:12,172] {dag.py:2927} INFO - Setting next_dagrun for example_branch_operator to 2024-03-17T00:00:00+00:00, run_after=2024-03-18T00:00:00+00:00
[2024-03-18 20:05:12,187] {processor.py:161} INFO - Processing /home/sheyla/Documents/Repositórios/apache-airflow-extracao-de-dados/venv/lib/python3.9/site-packages/airflow/example_dags/example_branch_operator.py took 0.071 seconds
[2024-03-18 20:05:44,870] {processor.py:153} INFO - Started process (PID=1995401) to work on /home/sheyla/Documents/Repositórios/apache-airflow-extracao-de-dados/venv/lib/python3.9/site-packages/airflow/example_dags/example_branch_operator.py
[2024-03-18 20:05:44,871] {processor.py:641} INFO - Processing file /home/sheyla/Documents/Repositórios/apache-airflow-extracao-de-dados/venv/lib/python3.9/site-packages/airflow/example_dags/example_branch_operator.py for tasks to queue
[2024-03-18 20:05:44,871] {logging_mixin.py:115} INFO - [2024-03-18 20:05:44,871] {dagbag.py:507} INFO - Filling up the DagBag from /home/sheyla/Documents/Repositórios/apache-airflow-extracao-de-dados/venv/lib/python3.9/site-packages/airflow/example_dags/example_branch_operator.py
[2024-03-18 20:05:44,880] {processor.py:651} INFO - DAG(s) dict_keys(['example_branch_operator']) retrieved from /home/sheyla/Documents/Repositórios/apache-airflow-extracao-de-dados/venv/lib/python3.9/site-packages/airflow/example_dags/example_branch_operator.py
[2024-03-18 20:05:44,894] {logging_mixin.py:115} INFO - [2024-03-18 20:05:44,894] {dag.py:2379} INFO - Sync 1 DAGs
[2024-03-18 20:05:44,908] {logging_mixin.py:115} INFO - [2024-03-18 20:05:44,908] {dag.py:2927} INFO - Setting next_dagrun for example_branch_operator to 2024-03-17T00:00:00+00:00, run_after=2024-03-18T00:00:00+00:00
[2024-03-18 20:05:45,036] {processor.py:161} INFO - Processing /home/sheyla/Documents/Repositórios/apache-airflow-extracao-de-dados/venv/lib/python3.9/site-packages/airflow/example_dags/example_branch_operator.py took 0.167 seconds
[2024-03-18 20:06:18,180] {processor.py:153} INFO - Started process (PID=1995759) to work on /home/sheyla/Documents/Repositórios/apache-airflow-extracao-de-dados/venv/lib/python3.9/site-packages/airflow/example_dags/example_branch_operator.py
[2024-03-18 20:06:18,181] {processor.py:641} INFO - Processing file /home/sheyla/Documents/Repositórios/apache-airflow-extracao-de-dados/venv/lib/python3.9/site-packages/airflow/example_dags/example_branch_operator.py for tasks to queue
[2024-03-18 20:06:18,182] {logging_mixin.py:115} INFO - [2024-03-18 20:06:18,182] {dagbag.py:507} INFO - Filling up the DagBag from /home/sheyla/Documents/Repositórios/apache-airflow-extracao-de-dados/venv/lib/python3.9/site-packages/airflow/example_dags/example_branch_operator.py
[2024-03-18 20:06:18,208] {processor.py:651} INFO - DAG(s) dict_keys(['example_branch_operator']) retrieved from /home/sheyla/Documents/Repositórios/apache-airflow-extracao-de-dados/venv/lib/python3.9/site-packages/airflow/example_dags/example_branch_operator.py
[2024-03-18 20:06:18,227] {logging_mixin.py:115} INFO - [2024-03-18 20:06:18,227] {dag.py:2379} INFO - Sync 1 DAGs
[2024-03-18 20:06:18,240] {logging_mixin.py:115} INFO - [2024-03-18 20:06:18,240] {dag.py:2927} INFO - Setting next_dagrun for example_branch_operator to 2024-03-17T00:00:00+00:00, run_after=2024-03-18T00:00:00+00:00
[2024-03-18 20:06:18,252] {processor.py:161} INFO - Processing /home/sheyla/Documents/Repositórios/apache-airflow-extracao-de-dados/venv/lib/python3.9/site-packages/airflow/example_dags/example_branch_operator.py took 0.079 seconds
[2024-03-18 20:06:50,986] {processor.py:153} INFO - Started process (PID=1996103) to work on /home/sheyla/Documents/Repositórios/apache-airflow-extracao-de-dados/venv/lib/python3.9/site-packages/airflow/example_dags/example_branch_operator.py
[2024-03-18 20:06:50,989] {processor.py:641} INFO - Processing file /home/sheyla/Documents/Repositórios/apache-airflow-extracao-de-dados/venv/lib/python3.9/site-packages/airflow/example_dags/example_branch_operator.py for tasks to queue
[2024-03-18 20:06:50,989] {logging_mixin.py:115} INFO - [2024-03-18 20:06:50,989] {dagbag.py:507} INFO - Filling up the DagBag from /home/sheyla/Documents/Repositórios/apache-airflow-extracao-de-dados/venv/lib/python3.9/site-packages/airflow/example_dags/example_branch_operator.py
[2024-03-18 20:06:50,999] {processor.py:651} INFO - DAG(s) dict_keys(['example_branch_operator']) retrieved from /home/sheyla/Documents/Repositórios/apache-airflow-extracao-de-dados/venv/lib/python3.9/site-packages/airflow/example_dags/example_branch_operator.py
[2024-03-18 20:06:51,010] {logging_mixin.py:115} INFO - [2024-03-18 20:06:51,010] {dag.py:2379} INFO - Sync 1 DAGs
[2024-03-18 20:06:51,023] {logging_mixin.py:115} INFO - [2024-03-18 20:06:51,023] {dag.py:2927} INFO - Setting next_dagrun for example_branch_operator to 2024-03-17T00:00:00+00:00, run_after=2024-03-18T00:00:00+00:00
[2024-03-18 20:06:51,042] {processor.py:161} INFO - Processing /home/sheyla/Documents/Repositórios/apache-airflow-extracao-de-dados/venv/lib/python3.9/site-packages/airflow/example_dags/example_branch_operator.py took 0.058 seconds
[2024-03-18 20:07:24,032] {processor.py:153} INFO - Started process (PID=1996438) to work on /home/sheyla/Documents/Repositórios/apache-airflow-extracao-de-dados/venv/lib/python3.9/site-packages/airflow/example_dags/example_branch_operator.py
[2024-03-18 20:07:24,038] {processor.py:641} INFO - Processing file /home/sheyla/Documents/Repositórios/apache-airflow-extracao-de-dados/venv/lib/python3.9/site-packages/airflow/example_dags/example_branch_operator.py for tasks to queue
[2024-03-18 20:07:24,040] {logging_mixin.py:115} INFO - [2024-03-18 20:07:24,039] {dagbag.py:507} INFO - Filling up the DagBag from /home/sheyla/Documents/Repositórios/apache-airflow-extracao-de-dados/venv/lib/python3.9/site-packages/airflow/example_dags/example_branch_operator.py
[2024-03-18 20:07:24,063] {processor.py:651} INFO - DAG(s) dict_keys(['example_branch_operator']) retrieved from /home/sheyla/Documents/Repositórios/apache-airflow-extracao-de-dados/venv/lib/python3.9/site-packages/airflow/example_dags/example_branch_operator.py
[2024-03-18 20:07:24,077] {logging_mixin.py:115} INFO - [2024-03-18 20:07:24,077] {dag.py:2379} INFO - Sync 1 DAGs
[2024-03-18 20:07:24,090] {logging_mixin.py:115} INFO - [2024-03-18 20:07:24,090] {dag.py:2927} INFO - Setting next_dagrun for example_branch_operator to 2024-03-17T00:00:00+00:00, run_after=2024-03-18T00:00:00+00:00
[2024-03-18 20:07:24,160] {processor.py:161} INFO - Processing /home/sheyla/Documents/Repositórios/apache-airflow-extracao-de-dados/venv/lib/python3.9/site-packages/airflow/example_dags/example_branch_operator.py took 0.135 seconds
[2024-03-18 20:07:58,721] {processor.py:153} INFO - Started process (PID=1997374) to work on /home/sheyla/Documents/Repositórios/apache-airflow-extracao-de-dados/venv/lib/python3.9/site-packages/airflow/example_dags/example_branch_operator.py
[2024-03-18 20:07:58,726] {processor.py:641} INFO - Processing file /home/sheyla/Documents/Repositórios/apache-airflow-extracao-de-dados/venv/lib/python3.9/site-packages/airflow/example_dags/example_branch_operator.py for tasks to queue
[2024-03-18 20:07:58,727] {logging_mixin.py:115} INFO - [2024-03-18 20:07:58,727] {dagbag.py:507} INFO - Filling up the DagBag from /home/sheyla/Documents/Repositórios/apache-airflow-extracao-de-dados/venv/lib/python3.9/site-packages/airflow/example_dags/example_branch_operator.py
[2024-03-18 20:07:58,735] {processor.py:651} INFO - DAG(s) dict_keys(['example_branch_operator']) retrieved from /home/sheyla/Documents/Repositórios/apache-airflow-extracao-de-dados/venv/lib/python3.9/site-packages/airflow/example_dags/example_branch_operator.py
[2024-03-18 20:07:58,744] {logging_mixin.py:115} INFO - [2024-03-18 20:07:58,744] {dag.py:2379} INFO - Sync 1 DAGs
[2024-03-18 20:07:58,757] {logging_mixin.py:115} INFO - [2024-03-18 20:07:58,757] {dag.py:2927} INFO - Setting next_dagrun for example_branch_operator to 2024-03-17T00:00:00+00:00, run_after=2024-03-18T00:00:00+00:00
[2024-03-18 20:07:58,769] {processor.py:161} INFO - Processing /home/sheyla/Documents/Repositórios/apache-airflow-extracao-de-dados/venv/lib/python3.9/site-packages/airflow/example_dags/example_branch_operator.py took 0.049 seconds
[2024-03-18 20:08:29,744] {processor.py:153} INFO - Started process (PID=1998030) to work on /home/sheyla/Documents/Repositórios/apache-airflow-extracao-de-dados/venv/lib/python3.9/site-packages/airflow/example_dags/example_branch_operator.py
[2024-03-18 20:08:29,745] {processor.py:641} INFO - Processing file /home/sheyla/Documents/Repositórios/apache-airflow-extracao-de-dados/venv/lib/python3.9/site-packages/airflow/example_dags/example_branch_operator.py for tasks to queue
[2024-03-18 20:08:29,746] {logging_mixin.py:115} INFO - [2024-03-18 20:08:29,746] {dagbag.py:507} INFO - Filling up the DagBag from /home/sheyla/Documents/Repositórios/apache-airflow-extracao-de-dados/venv/lib/python3.9/site-packages/airflow/example_dags/example_branch_operator.py
[2024-03-18 20:08:29,769] {processor.py:651} INFO - DAG(s) dict_keys(['example_branch_operator']) retrieved from /home/sheyla/Documents/Repositórios/apache-airflow-extracao-de-dados/venv/lib/python3.9/site-packages/airflow/example_dags/example_branch_operator.py
[2024-03-18 20:08:29,782] {logging_mixin.py:115} INFO - [2024-03-18 20:08:29,782] {dag.py:2379} INFO - Sync 1 DAGs
[2024-03-18 20:08:29,797] {logging_mixin.py:115} INFO - [2024-03-18 20:08:29,797] {dag.py:2927} INFO - Setting next_dagrun for example_branch_operator to 2024-03-17T00:00:00+00:00, run_after=2024-03-18T00:00:00+00:00
[2024-03-18 20:08:29,809] {processor.py:161} INFO - Processing /home/sheyla/Documents/Repositórios/apache-airflow-extracao-de-dados/venv/lib/python3.9/site-packages/airflow/example_dags/example_branch_operator.py took 0.071 seconds
[2024-03-18 20:09:01,215] {processor.py:153} INFO - Started process (PID=1998717) to work on /home/sheyla/Documents/Repositórios/apache-airflow-extracao-de-dados/venv/lib/python3.9/site-packages/airflow/example_dags/example_branch_operator.py
[2024-03-18 20:09:01,221] {processor.py:641} INFO - Processing file /home/sheyla/Documents/Repositórios/apache-airflow-extracao-de-dados/venv/lib/python3.9/site-packages/airflow/example_dags/example_branch_operator.py for tasks to queue
[2024-03-18 20:09:01,222] {logging_mixin.py:115} INFO - [2024-03-18 20:09:01,222] {dagbag.py:507} INFO - Filling up the DagBag from /home/sheyla/Documents/Repositórios/apache-airflow-extracao-de-dados/venv/lib/python3.9/site-packages/airflow/example_dags/example_branch_operator.py
[2024-03-18 20:09:01,240] {processor.py:651} INFO - DAG(s) dict_keys(['example_branch_operator']) retrieved from /home/sheyla/Documents/Repositórios/apache-airflow-extracao-de-dados/venv/lib/python3.9/site-packages/airflow/example_dags/example_branch_operator.py
[2024-03-18 20:09:01,262] {logging_mixin.py:115} INFO - [2024-03-18 20:09:01,262] {dag.py:2379} INFO - Sync 1 DAGs
[2024-03-18 20:09:01,280] {logging_mixin.py:115} INFO - [2024-03-18 20:09:01,280] {dag.py:2927} INFO - Setting next_dagrun for example_branch_operator to 2024-03-17T00:00:00+00:00, run_after=2024-03-18T00:00:00+00:00
[2024-03-18 20:09:01,293] {processor.py:161} INFO - Processing /home/sheyla/Documents/Repositórios/apache-airflow-extracao-de-dados/venv/lib/python3.9/site-packages/airflow/example_dags/example_branch_operator.py took 0.082 seconds
