[2024-03-18 19:57:24,486] {processor.py:153} INFO - Started process (PID=1990196) to work on /home/sheyla/Documents/Repositórios/apache-airflow-extracao-de-dados/venv/lib/python3.9/site-packages/airflow/example_dags/example_branch_datetime_operator.py
[2024-03-18 19:57:24,487] {processor.py:641} INFO - Processing file /home/sheyla/Documents/Repositórios/apache-airflow-extracao-de-dados/venv/lib/python3.9/site-packages/airflow/example_dags/example_branch_datetime_operator.py for tasks to queue
[2024-03-18 19:57:24,488] {logging_mixin.py:115} INFO - [2024-03-18 19:57:24,488] {dagbag.py:507} INFO - Filling up the DagBag from /home/sheyla/Documents/Repositórios/apache-airflow-extracao-de-dados/venv/lib/python3.9/site-packages/airflow/example_dags/example_branch_datetime_operator.py
[2024-03-18 19:57:24,506] {processor.py:651} INFO - DAG(s) dict_keys(['example_branch_datetime_operator_2']) retrieved from /home/sheyla/Documents/Repositórios/apache-airflow-extracao-de-dados/venv/lib/python3.9/site-packages/airflow/example_dags/example_branch_datetime_operator.py
[2024-03-18 19:57:24,631] {logging_mixin.py:115} INFO - [2024-03-18 19:57:24,630] {manager.py:508} INFO - Created Permission View: can delete on DAG:example_branch_datetime_operator_2
[2024-03-18 19:57:24,684] {logging_mixin.py:115} INFO - [2024-03-18 19:57:24,684] {manager.py:508} INFO - Created Permission View: can edit on DAG:example_branch_datetime_operator_2
[2024-03-18 19:57:24,731] {logging_mixin.py:115} INFO - [2024-03-18 19:57:24,731] {manager.py:508} INFO - Created Permission View: can read on DAG:example_branch_datetime_operator_2
[2024-03-18 19:57:24,732] {logging_mixin.py:115} INFO - [2024-03-18 19:57:24,732] {dag.py:2379} INFO - Sync 1 DAGs
[2024-03-18 19:57:24,753] {logging_mixin.py:115} INFO - [2024-03-18 19:57:24,753] {dag.py:2398} INFO - Creating ORM DAG for example_branch_datetime_operator_2
[2024-03-18 19:57:24,768] {logging_mixin.py:115} INFO - [2024-03-18 19:57:24,768] {dag.py:2927} INFO - Setting next_dagrun for example_branch_datetime_operator_2 to 2024-03-17T00:00:00+00:00, run_after=2024-03-18T00:00:00+00:00
[2024-03-18 19:57:24,811] {processor.py:161} INFO - Processing /home/sheyla/Documents/Repositórios/apache-airflow-extracao-de-dados/venv/lib/python3.9/site-packages/airflow/example_dags/example_branch_datetime_operator.py took 0.332 seconds
[2024-03-18 19:58:00,922] {processor.py:153} INFO - Started process (PID=1990564) to work on /home/sheyla/Documents/Repositórios/apache-airflow-extracao-de-dados/venv/lib/python3.9/site-packages/airflow/example_dags/example_branch_datetime_operator.py
[2024-03-18 19:58:00,928] {processor.py:641} INFO - Processing file /home/sheyla/Documents/Repositórios/apache-airflow-extracao-de-dados/venv/lib/python3.9/site-packages/airflow/example_dags/example_branch_datetime_operator.py for tasks to queue
[2024-03-18 19:58:00,928] {logging_mixin.py:115} INFO - [2024-03-18 19:58:00,928] {dagbag.py:507} INFO - Filling up the DagBag from /home/sheyla/Documents/Repositórios/apache-airflow-extracao-de-dados/venv/lib/python3.9/site-packages/airflow/example_dags/example_branch_datetime_operator.py
[2024-03-18 19:58:00,936] {processor.py:651} INFO - DAG(s) dict_keys(['example_branch_datetime_operator_2']) retrieved from /home/sheyla/Documents/Repositórios/apache-airflow-extracao-de-dados/venv/lib/python3.9/site-packages/airflow/example_dags/example_branch_datetime_operator.py
[2024-03-18 19:58:00,953] {logging_mixin.py:115} INFO - [2024-03-18 19:58:00,952] {dag.py:2379} INFO - Sync 1 DAGs
[2024-03-18 19:58:00,966] {logging_mixin.py:115} INFO - [2024-03-18 19:58:00,966] {dag.py:2927} INFO - Setting next_dagrun for example_branch_datetime_operator_2 to 2024-03-17T00:00:00+00:00, run_after=2024-03-18T00:00:00+00:00
[2024-03-18 19:58:00,980] {processor.py:161} INFO - Processing /home/sheyla/Documents/Repositórios/apache-airflow-extracao-de-dados/venv/lib/python3.9/site-packages/airflow/example_dags/example_branch_datetime_operator.py took 0.060 seconds
[2024-03-18 19:58:34,583] {processor.py:153} INFO - Started process (PID=1990899) to work on /home/sheyla/Documents/Repositórios/apache-airflow-extracao-de-dados/venv/lib/python3.9/site-packages/airflow/example_dags/example_branch_datetime_operator.py
[2024-03-18 19:58:34,587] {processor.py:641} INFO - Processing file /home/sheyla/Documents/Repositórios/apache-airflow-extracao-de-dados/venv/lib/python3.9/site-packages/airflow/example_dags/example_branch_datetime_operator.py for tasks to queue
[2024-03-18 19:58:34,587] {logging_mixin.py:115} INFO - [2024-03-18 19:58:34,587] {dagbag.py:507} INFO - Filling up the DagBag from /home/sheyla/Documents/Repositórios/apache-airflow-extracao-de-dados/venv/lib/python3.9/site-packages/airflow/example_dags/example_branch_datetime_operator.py
[2024-03-18 19:58:34,597] {processor.py:651} INFO - DAG(s) dict_keys(['example_branch_datetime_operator_2']) retrieved from /home/sheyla/Documents/Repositórios/apache-airflow-extracao-de-dados/venv/lib/python3.9/site-packages/airflow/example_dags/example_branch_datetime_operator.py
[2024-03-18 19:58:34,616] {logging_mixin.py:115} INFO - [2024-03-18 19:58:34,616] {dag.py:2379} INFO - Sync 1 DAGs
[2024-03-18 19:58:34,631] {logging_mixin.py:115} INFO - [2024-03-18 19:58:34,631] {dag.py:2927} INFO - Setting next_dagrun for example_branch_datetime_operator_2 to 2024-03-17T00:00:00+00:00, run_after=2024-03-18T00:00:00+00:00
[2024-03-18 19:58:34,698] {processor.py:161} INFO - Processing /home/sheyla/Documents/Repositórios/apache-airflow-extracao-de-dados/venv/lib/python3.9/site-packages/airflow/example_dags/example_branch_datetime_operator.py took 0.117 seconds
[2024-03-18 19:59:07,409] {processor.py:153} INFO - Started process (PID=1991229) to work on /home/sheyla/Documents/Repositórios/apache-airflow-extracao-de-dados/venv/lib/python3.9/site-packages/airflow/example_dags/example_branch_datetime_operator.py
[2024-03-18 19:59:07,416] {processor.py:641} INFO - Processing file /home/sheyla/Documents/Repositórios/apache-airflow-extracao-de-dados/venv/lib/python3.9/site-packages/airflow/example_dags/example_branch_datetime_operator.py for tasks to queue
[2024-03-18 19:59:07,417] {logging_mixin.py:115} INFO - [2024-03-18 19:59:07,417] {dagbag.py:507} INFO - Filling up the DagBag from /home/sheyla/Documents/Repositórios/apache-airflow-extracao-de-dados/venv/lib/python3.9/site-packages/airflow/example_dags/example_branch_datetime_operator.py
[2024-03-18 19:59:07,436] {processor.py:651} INFO - DAG(s) dict_keys(['example_branch_datetime_operator_2']) retrieved from /home/sheyla/Documents/Repositórios/apache-airflow-extracao-de-dados/venv/lib/python3.9/site-packages/airflow/example_dags/example_branch_datetime_operator.py
[2024-03-18 19:59:07,454] {logging_mixin.py:115} INFO - [2024-03-18 19:59:07,454] {dag.py:2379} INFO - Sync 1 DAGs
[2024-03-18 19:59:07,467] {logging_mixin.py:115} INFO - [2024-03-18 19:59:07,467] {dag.py:2927} INFO - Setting next_dagrun for example_branch_datetime_operator_2 to 2024-03-17T00:00:00+00:00, run_after=2024-03-18T00:00:00+00:00
[2024-03-18 19:59:07,479] {processor.py:161} INFO - Processing /home/sheyla/Documents/Repositórios/apache-airflow-extracao-de-dados/venv/lib/python3.9/site-packages/airflow/example_dags/example_branch_datetime_operator.py took 0.077 seconds
[2024-03-18 19:59:43,224] {processor.py:153} INFO - Started process (PID=1991589) to work on /home/sheyla/Documents/Repositórios/apache-airflow-extracao-de-dados/venv/lib/python3.9/site-packages/airflow/example_dags/example_branch_datetime_operator.py
[2024-03-18 19:59:43,225] {processor.py:641} INFO - Processing file /home/sheyla/Documents/Repositórios/apache-airflow-extracao-de-dados/venv/lib/python3.9/site-packages/airflow/example_dags/example_branch_datetime_operator.py for tasks to queue
[2024-03-18 19:59:43,225] {logging_mixin.py:115} INFO - [2024-03-18 19:59:43,225] {dagbag.py:507} INFO - Filling up the DagBag from /home/sheyla/Documents/Repositórios/apache-airflow-extracao-de-dados/venv/lib/python3.9/site-packages/airflow/example_dags/example_branch_datetime_operator.py
[2024-03-18 19:59:43,232] {processor.py:651} INFO - DAG(s) dict_keys(['example_branch_datetime_operator_2']) retrieved from /home/sheyla/Documents/Repositórios/apache-airflow-extracao-de-dados/venv/lib/python3.9/site-packages/airflow/example_dags/example_branch_datetime_operator.py
[2024-03-18 19:59:43,246] {logging_mixin.py:115} INFO - [2024-03-18 19:59:43,246] {dag.py:2379} INFO - Sync 1 DAGs
[2024-03-18 19:59:43,259] {logging_mixin.py:115} INFO - [2024-03-18 19:59:43,259] {dag.py:2927} INFO - Setting next_dagrun for example_branch_datetime_operator_2 to 2024-03-17T00:00:00+00:00, run_after=2024-03-18T00:00:00+00:00
[2024-03-18 19:59:43,281] {processor.py:161} INFO - Processing /home/sheyla/Documents/Repositórios/apache-airflow-extracao-de-dados/venv/lib/python3.9/site-packages/airflow/example_dags/example_branch_datetime_operator.py took 0.059 seconds
[2024-03-18 20:00:18,301] {processor.py:153} INFO - Started process (PID=1992018) to work on /home/sheyla/Documents/Repositórios/apache-airflow-extracao-de-dados/venv/lib/python3.9/site-packages/airflow/example_dags/example_branch_datetime_operator.py
[2024-03-18 20:00:18,307] {processor.py:641} INFO - Processing file /home/sheyla/Documents/Repositórios/apache-airflow-extracao-de-dados/venv/lib/python3.9/site-packages/airflow/example_dags/example_branch_datetime_operator.py for tasks to queue
[2024-03-18 20:00:18,308] {logging_mixin.py:115} INFO - [2024-03-18 20:00:18,308] {dagbag.py:507} INFO - Filling up the DagBag from /home/sheyla/Documents/Repositórios/apache-airflow-extracao-de-dados/venv/lib/python3.9/site-packages/airflow/example_dags/example_branch_datetime_operator.py
[2024-03-18 20:00:18,324] {processor.py:651} INFO - DAG(s) dict_keys(['example_branch_datetime_operator_2']) retrieved from /home/sheyla/Documents/Repositórios/apache-airflow-extracao-de-dados/venv/lib/python3.9/site-packages/airflow/example_dags/example_branch_datetime_operator.py
[2024-03-18 20:00:18,347] {logging_mixin.py:115} INFO - [2024-03-18 20:00:18,347] {dag.py:2379} INFO - Sync 1 DAGs
[2024-03-18 20:00:18,362] {logging_mixin.py:115} INFO - [2024-03-18 20:00:18,362] {dag.py:2927} INFO - Setting next_dagrun for example_branch_datetime_operator_2 to 2024-03-17T00:00:00+00:00, run_after=2024-03-18T00:00:00+00:00
[2024-03-18 20:00:18,377] {processor.py:161} INFO - Processing /home/sheyla/Documents/Repositórios/apache-airflow-extracao-de-dados/venv/lib/python3.9/site-packages/airflow/example_dags/example_branch_datetime_operator.py took 0.084 seconds
[2024-03-18 20:00:51,930] {processor.py:153} INFO - Started process (PID=1992370) to work on /home/sheyla/Documents/Repositórios/apache-airflow-extracao-de-dados/venv/lib/python3.9/site-packages/airflow/example_dags/example_branch_datetime_operator.py
[2024-03-18 20:00:51,935] {processor.py:641} INFO - Processing file /home/sheyla/Documents/Repositórios/apache-airflow-extracao-de-dados/venv/lib/python3.9/site-packages/airflow/example_dags/example_branch_datetime_operator.py for tasks to queue
[2024-03-18 20:00:51,936] {logging_mixin.py:115} INFO - [2024-03-18 20:00:51,936] {dagbag.py:507} INFO - Filling up the DagBag from /home/sheyla/Documents/Repositórios/apache-airflow-extracao-de-dados/venv/lib/python3.9/site-packages/airflow/example_dags/example_branch_datetime_operator.py
[2024-03-18 20:00:51,947] {processor.py:651} INFO - DAG(s) dict_keys(['example_branch_datetime_operator_2']) retrieved from /home/sheyla/Documents/Repositórios/apache-airflow-extracao-de-dados/venv/lib/python3.9/site-packages/airflow/example_dags/example_branch_datetime_operator.py
[2024-03-18 20:00:51,969] {logging_mixin.py:115} INFO - [2024-03-18 20:00:51,969] {dag.py:2379} INFO - Sync 1 DAGs
[2024-03-18 20:00:51,984] {logging_mixin.py:115} INFO - [2024-03-18 20:00:51,984] {dag.py:2927} INFO - Setting next_dagrun for example_branch_datetime_operator_2 to 2024-03-17T00:00:00+00:00, run_after=2024-03-18T00:00:00+00:00
[2024-03-18 20:00:51,997] {processor.py:161} INFO - Processing /home/sheyla/Documents/Repositórios/apache-airflow-extracao-de-dados/venv/lib/python3.9/site-packages/airflow/example_dags/example_branch_datetime_operator.py took 0.070 seconds
[2024-03-18 20:01:23,976] {processor.py:153} INFO - Started process (PID=1992681) to work on /home/sheyla/Documents/Repositórios/apache-airflow-extracao-de-dados/venv/lib/python3.9/site-packages/airflow/example_dags/example_branch_datetime_operator.py
[2024-03-18 20:01:23,979] {processor.py:641} INFO - Processing file /home/sheyla/Documents/Repositórios/apache-airflow-extracao-de-dados/venv/lib/python3.9/site-packages/airflow/example_dags/example_branch_datetime_operator.py for tasks to queue
[2024-03-18 20:01:23,980] {logging_mixin.py:115} INFO - [2024-03-18 20:01:23,980] {dagbag.py:507} INFO - Filling up the DagBag from /home/sheyla/Documents/Repositórios/apache-airflow-extracao-de-dados/venv/lib/python3.9/site-packages/airflow/example_dags/example_branch_datetime_operator.py
[2024-03-18 20:01:23,987] {processor.py:651} INFO - DAG(s) dict_keys(['example_branch_datetime_operator_2']) retrieved from /home/sheyla/Documents/Repositórios/apache-airflow-extracao-de-dados/venv/lib/python3.9/site-packages/airflow/example_dags/example_branch_datetime_operator.py
[2024-03-18 20:01:24,006] {logging_mixin.py:115} INFO - [2024-03-18 20:01:24,006] {dag.py:2379} INFO - Sync 1 DAGs
[2024-03-18 20:01:24,020] {logging_mixin.py:115} INFO - [2024-03-18 20:01:24,020] {dag.py:2927} INFO - Setting next_dagrun for example_branch_datetime_operator_2 to 2024-03-17T00:00:00+00:00, run_after=2024-03-18T00:00:00+00:00
[2024-03-18 20:01:24,031] {processor.py:161} INFO - Processing /home/sheyla/Documents/Repositórios/apache-airflow-extracao-de-dados/venv/lib/python3.9/site-packages/airflow/example_dags/example_branch_datetime_operator.py took 0.057 seconds
[2024-03-18 20:01:56,039] {processor.py:153} INFO - Started process (PID=1993034) to work on /home/sheyla/Documents/Repositórios/apache-airflow-extracao-de-dados/venv/lib/python3.9/site-packages/airflow/example_dags/example_branch_datetime_operator.py
[2024-03-18 20:01:56,040] {processor.py:641} INFO - Processing file /home/sheyla/Documents/Repositórios/apache-airflow-extracao-de-dados/venv/lib/python3.9/site-packages/airflow/example_dags/example_branch_datetime_operator.py for tasks to queue
[2024-03-18 20:01:56,041] {logging_mixin.py:115} INFO - [2024-03-18 20:01:56,040] {dagbag.py:507} INFO - Filling up the DagBag from /home/sheyla/Documents/Repositórios/apache-airflow-extracao-de-dados/venv/lib/python3.9/site-packages/airflow/example_dags/example_branch_datetime_operator.py
[2024-03-18 20:01:56,048] {processor.py:651} INFO - DAG(s) dict_keys(['example_branch_datetime_operator_2']) retrieved from /home/sheyla/Documents/Repositórios/apache-airflow-extracao-de-dados/venv/lib/python3.9/site-packages/airflow/example_dags/example_branch_datetime_operator.py
[2024-03-18 20:01:56,063] {logging_mixin.py:115} INFO - [2024-03-18 20:01:56,063] {dag.py:2379} INFO - Sync 1 DAGs
[2024-03-18 20:01:56,077] {logging_mixin.py:115} INFO - [2024-03-18 20:01:56,076] {dag.py:2927} INFO - Setting next_dagrun for example_branch_datetime_operator_2 to 2024-03-17T00:00:00+00:00, run_after=2024-03-18T00:00:00+00:00
[2024-03-18 20:01:56,088] {processor.py:161} INFO - Processing /home/sheyla/Documents/Repositórios/apache-airflow-extracao-de-dados/venv/lib/python3.9/site-packages/airflow/example_dags/example_branch_datetime_operator.py took 0.051 seconds
[2024-03-18 20:02:31,118] {processor.py:153} INFO - Started process (PID=1993389) to work on /home/sheyla/Documents/Repositórios/apache-airflow-extracao-de-dados/venv/lib/python3.9/site-packages/airflow/example_dags/example_branch_datetime_operator.py
[2024-03-18 20:02:31,124] {processor.py:641} INFO - Processing file /home/sheyla/Documents/Repositórios/apache-airflow-extracao-de-dados/venv/lib/python3.9/site-packages/airflow/example_dags/example_branch_datetime_operator.py for tasks to queue
[2024-03-18 20:02:31,126] {logging_mixin.py:115} INFO - [2024-03-18 20:02:31,125] {dagbag.py:507} INFO - Filling up the DagBag from /home/sheyla/Documents/Repositórios/apache-airflow-extracao-de-dados/venv/lib/python3.9/site-packages/airflow/example_dags/example_branch_datetime_operator.py
[2024-03-18 20:02:31,145] {processor.py:651} INFO - DAG(s) dict_keys(['example_branch_datetime_operator_2']) retrieved from /home/sheyla/Documents/Repositórios/apache-airflow-extracao-de-dados/venv/lib/python3.9/site-packages/airflow/example_dags/example_branch_datetime_operator.py
[2024-03-18 20:02:31,163] {logging_mixin.py:115} INFO - [2024-03-18 20:02:31,163] {dag.py:2379} INFO - Sync 1 DAGs
[2024-03-18 20:02:31,175] {logging_mixin.py:115} INFO - [2024-03-18 20:02:31,175] {dag.py:2927} INFO - Setting next_dagrun for example_branch_datetime_operator_2 to 2024-03-17T00:00:00+00:00, run_after=2024-03-18T00:00:00+00:00
[2024-03-18 20:02:31,188] {processor.py:161} INFO - Processing /home/sheyla/Documents/Repositórios/apache-airflow-extracao-de-dados/venv/lib/python3.9/site-packages/airflow/example_dags/example_branch_datetime_operator.py took 0.077 seconds
[2024-03-18 20:03:04,795] {processor.py:153} INFO - Started process (PID=1993720) to work on /home/sheyla/Documents/Repositórios/apache-airflow-extracao-de-dados/venv/lib/python3.9/site-packages/airflow/example_dags/example_branch_datetime_operator.py
[2024-03-18 20:03:04,800] {processor.py:641} INFO - Processing file /home/sheyla/Documents/Repositórios/apache-airflow-extracao-de-dados/venv/lib/python3.9/site-packages/airflow/example_dags/example_branch_datetime_operator.py for tasks to queue
[2024-03-18 20:03:04,801] {logging_mixin.py:115} INFO - [2024-03-18 20:03:04,800] {dagbag.py:507} INFO - Filling up the DagBag from /home/sheyla/Documents/Repositórios/apache-airflow-extracao-de-dados/venv/lib/python3.9/site-packages/airflow/example_dags/example_branch_datetime_operator.py
[2024-03-18 20:03:04,810] {processor.py:651} INFO - DAG(s) dict_keys(['example_branch_datetime_operator_2']) retrieved from /home/sheyla/Documents/Repositórios/apache-airflow-extracao-de-dados/venv/lib/python3.9/site-packages/airflow/example_dags/example_branch_datetime_operator.py
[2024-03-18 20:03:04,830] {logging_mixin.py:115} INFO - [2024-03-18 20:03:04,830] {dag.py:2379} INFO - Sync 1 DAGs
[2024-03-18 20:03:04,844] {logging_mixin.py:115} INFO - [2024-03-18 20:03:04,844] {dag.py:2927} INFO - Setting next_dagrun for example_branch_datetime_operator_2 to 2024-03-17T00:00:00+00:00, run_after=2024-03-18T00:00:00+00:00
[2024-03-18 20:03:04,856] {processor.py:161} INFO - Processing /home/sheyla/Documents/Repositórios/apache-airflow-extracao-de-dados/venv/lib/python3.9/site-packages/airflow/example_dags/example_branch_datetime_operator.py took 0.064 seconds
[2024-03-18 20:03:38,577] {processor.py:153} INFO - Started process (PID=1994057) to work on /home/sheyla/Documents/Repositórios/apache-airflow-extracao-de-dados/venv/lib/python3.9/site-packages/airflow/example_dags/example_branch_datetime_operator.py
[2024-03-18 20:03:38,577] {processor.py:641} INFO - Processing file /home/sheyla/Documents/Repositórios/apache-airflow-extracao-de-dados/venv/lib/python3.9/site-packages/airflow/example_dags/example_branch_datetime_operator.py for tasks to queue
[2024-03-18 20:03:38,578] {logging_mixin.py:115} INFO - [2024-03-18 20:03:38,578] {dagbag.py:507} INFO - Filling up the DagBag from /home/sheyla/Documents/Repositórios/apache-airflow-extracao-de-dados/venv/lib/python3.9/site-packages/airflow/example_dags/example_branch_datetime_operator.py
[2024-03-18 20:03:38,588] {processor.py:651} INFO - DAG(s) dict_keys(['example_branch_datetime_operator_2']) retrieved from /home/sheyla/Documents/Repositórios/apache-airflow-extracao-de-dados/venv/lib/python3.9/site-packages/airflow/example_dags/example_branch_datetime_operator.py
[2024-03-18 20:03:38,609] {logging_mixin.py:115} INFO - [2024-03-18 20:03:38,609] {dag.py:2379} INFO - Sync 1 DAGs
[2024-03-18 20:03:38,623] {logging_mixin.py:115} INFO - [2024-03-18 20:03:38,623] {dag.py:2927} INFO - Setting next_dagrun for example_branch_datetime_operator_2 to 2024-03-17T00:00:00+00:00, run_after=2024-03-18T00:00:00+00:00
[2024-03-18 20:03:38,635] {processor.py:161} INFO - Processing /home/sheyla/Documents/Repositórios/apache-airflow-extracao-de-dados/venv/lib/python3.9/site-packages/airflow/example_dags/example_branch_datetime_operator.py took 0.061 seconds
[2024-03-18 20:04:10,199] {processor.py:153} INFO - Started process (PID=1994366) to work on /home/sheyla/Documents/Repositórios/apache-airflow-extracao-de-dados/venv/lib/python3.9/site-packages/airflow/example_dags/example_branch_datetime_operator.py
[2024-03-18 20:04:10,205] {processor.py:641} INFO - Processing file /home/sheyla/Documents/Repositórios/apache-airflow-extracao-de-dados/venv/lib/python3.9/site-packages/airflow/example_dags/example_branch_datetime_operator.py for tasks to queue
[2024-03-18 20:04:10,206] {logging_mixin.py:115} INFO - [2024-03-18 20:04:10,206] {dagbag.py:507} INFO - Filling up the DagBag from /home/sheyla/Documents/Repositórios/apache-airflow-extracao-de-dados/venv/lib/python3.9/site-packages/airflow/example_dags/example_branch_datetime_operator.py
[2024-03-18 20:04:10,225] {processor.py:651} INFO - DAG(s) dict_keys(['example_branch_datetime_operator_2']) retrieved from /home/sheyla/Documents/Repositórios/apache-airflow-extracao-de-dados/venv/lib/python3.9/site-packages/airflow/example_dags/example_branch_datetime_operator.py
[2024-03-18 20:04:10,244] {logging_mixin.py:115} INFO - [2024-03-18 20:04:10,243] {dag.py:2379} INFO - Sync 1 DAGs
[2024-03-18 20:04:10,256] {logging_mixin.py:115} INFO - [2024-03-18 20:04:10,256] {dag.py:2927} INFO - Setting next_dagrun for example_branch_datetime_operator_2 to 2024-03-17T00:00:00+00:00, run_after=2024-03-18T00:00:00+00:00
[2024-03-18 20:04:10,270] {processor.py:161} INFO - Processing /home/sheyla/Documents/Repositórios/apache-airflow-extracao-de-dados/venv/lib/python3.9/site-packages/airflow/example_dags/example_branch_datetime_operator.py took 0.078 seconds
[2024-03-18 20:04:46,381] {processor.py:153} INFO - Started process (PID=1994739) to work on /home/sheyla/Documents/Repositórios/apache-airflow-extracao-de-dados/venv/lib/python3.9/site-packages/airflow/example_dags/example_branch_datetime_operator.py
[2024-03-18 20:04:46,386] {processor.py:641} INFO - Processing file /home/sheyla/Documents/Repositórios/apache-airflow-extracao-de-dados/venv/lib/python3.9/site-packages/airflow/example_dags/example_branch_datetime_operator.py for tasks to queue
[2024-03-18 20:04:46,386] {logging_mixin.py:115} INFO - [2024-03-18 20:04:46,386] {dagbag.py:507} INFO - Filling up the DagBag from /home/sheyla/Documents/Repositórios/apache-airflow-extracao-de-dados/venv/lib/python3.9/site-packages/airflow/example_dags/example_branch_datetime_operator.py
[2024-03-18 20:04:46,395] {processor.py:651} INFO - DAG(s) dict_keys(['example_branch_datetime_operator_2']) retrieved from /home/sheyla/Documents/Repositórios/apache-airflow-extracao-de-dados/venv/lib/python3.9/site-packages/airflow/example_dags/example_branch_datetime_operator.py
[2024-03-18 20:04:46,412] {logging_mixin.py:115} INFO - [2024-03-18 20:04:46,412] {dag.py:2379} INFO - Sync 1 DAGs
[2024-03-18 20:04:46,426] {logging_mixin.py:115} INFO - [2024-03-18 20:04:46,426] {dag.py:2927} INFO - Setting next_dagrun for example_branch_datetime_operator_2 to 2024-03-17T00:00:00+00:00, run_after=2024-03-18T00:00:00+00:00
[2024-03-18 20:04:46,442] {processor.py:161} INFO - Processing /home/sheyla/Documents/Repositórios/apache-airflow-extracao-de-dados/venv/lib/python3.9/site-packages/airflow/example_dags/example_branch_datetime_operator.py took 0.064 seconds
[2024-03-18 20:05:18,754] {processor.py:153} INFO - Started process (PID=1995057) to work on /home/sheyla/Documents/Repositórios/apache-airflow-extracao-de-dados/venv/lib/python3.9/site-packages/airflow/example_dags/example_branch_datetime_operator.py
[2024-03-18 20:05:18,759] {processor.py:641} INFO - Processing file /home/sheyla/Documents/Repositórios/apache-airflow-extracao-de-dados/venv/lib/python3.9/site-packages/airflow/example_dags/example_branch_datetime_operator.py for tasks to queue
[2024-03-18 20:05:18,760] {logging_mixin.py:115} INFO - [2024-03-18 20:05:18,760] {dagbag.py:507} INFO - Filling up the DagBag from /home/sheyla/Documents/Repositórios/apache-airflow-extracao-de-dados/venv/lib/python3.9/site-packages/airflow/example_dags/example_branch_datetime_operator.py
[2024-03-18 20:05:18,768] {processor.py:651} INFO - DAG(s) dict_keys(['example_branch_datetime_operator_2']) retrieved from /home/sheyla/Documents/Repositórios/apache-airflow-extracao-de-dados/venv/lib/python3.9/site-packages/airflow/example_dags/example_branch_datetime_operator.py
[2024-03-18 20:05:18,789] {logging_mixin.py:115} INFO - [2024-03-18 20:05:18,789] {dag.py:2379} INFO - Sync 1 DAGs
[2024-03-18 20:05:18,806] {logging_mixin.py:115} INFO - [2024-03-18 20:05:18,806] {dag.py:2927} INFO - Setting next_dagrun for example_branch_datetime_operator_2 to 2024-03-17T00:00:00+00:00, run_after=2024-03-18T00:00:00+00:00
[2024-03-18 20:05:18,819] {processor.py:161} INFO - Processing /home/sheyla/Documents/Repositórios/apache-airflow-extracao-de-dados/venv/lib/python3.9/site-packages/airflow/example_dags/example_branch_datetime_operator.py took 0.068 seconds
[2024-03-18 20:05:53,818] {processor.py:153} INFO - Started process (PID=1995509) to work on /home/sheyla/Documents/Repositórios/apache-airflow-extracao-de-dados/venv/lib/python3.9/site-packages/airflow/example_dags/example_branch_datetime_operator.py
[2024-03-18 20:05:53,824] {processor.py:641} INFO - Processing file /home/sheyla/Documents/Repositórios/apache-airflow-extracao-de-dados/venv/lib/python3.9/site-packages/airflow/example_dags/example_branch_datetime_operator.py for tasks to queue
[2024-03-18 20:05:53,825] {logging_mixin.py:115} INFO - [2024-03-18 20:05:53,825] {dagbag.py:507} INFO - Filling up the DagBag from /home/sheyla/Documents/Repositórios/apache-airflow-extracao-de-dados/venv/lib/python3.9/site-packages/airflow/example_dags/example_branch_datetime_operator.py
[2024-03-18 20:05:53,844] {processor.py:651} INFO - DAG(s) dict_keys(['example_branch_datetime_operator_2']) retrieved from /home/sheyla/Documents/Repositórios/apache-airflow-extracao-de-dados/venv/lib/python3.9/site-packages/airflow/example_dags/example_branch_datetime_operator.py
[2024-03-18 20:05:53,861] {logging_mixin.py:115} INFO - [2024-03-18 20:05:53,861] {dag.py:2379} INFO - Sync 1 DAGs
[2024-03-18 20:05:53,874] {logging_mixin.py:115} INFO - [2024-03-18 20:05:53,874] {dag.py:2927} INFO - Setting next_dagrun for example_branch_datetime_operator_2 to 2024-03-17T00:00:00+00:00, run_after=2024-03-18T00:00:00+00:00
[2024-03-18 20:05:53,886] {processor.py:161} INFO - Processing /home/sheyla/Documents/Repositórios/apache-airflow-extracao-de-dados/venv/lib/python3.9/site-packages/airflow/example_dags/example_branch_datetime_operator.py took 0.076 seconds
[2024-03-18 20:06:26,197] {processor.py:153} INFO - Started process (PID=1995844) to work on /home/sheyla/Documents/Repositórios/apache-airflow-extracao-de-dados/venv/lib/python3.9/site-packages/airflow/example_dags/example_branch_datetime_operator.py
[2024-03-18 20:06:26,202] {processor.py:641} INFO - Processing file /home/sheyla/Documents/Repositórios/apache-airflow-extracao-de-dados/venv/lib/python3.9/site-packages/airflow/example_dags/example_branch_datetime_operator.py for tasks to queue
[2024-03-18 20:06:26,203] {logging_mixin.py:115} INFO - [2024-03-18 20:06:26,203] {dagbag.py:507} INFO - Filling up the DagBag from /home/sheyla/Documents/Repositórios/apache-airflow-extracao-de-dados/venv/lib/python3.9/site-packages/airflow/example_dags/example_branch_datetime_operator.py
[2024-03-18 20:06:26,210] {processor.py:651} INFO - DAG(s) dict_keys(['example_branch_datetime_operator_2']) retrieved from /home/sheyla/Documents/Repositórios/apache-airflow-extracao-de-dados/venv/lib/python3.9/site-packages/airflow/example_dags/example_branch_datetime_operator.py
[2024-03-18 20:06:26,225] {logging_mixin.py:115} INFO - [2024-03-18 20:06:26,225] {dag.py:2379} INFO - Sync 1 DAGs
[2024-03-18 20:06:26,238] {logging_mixin.py:115} INFO - [2024-03-18 20:06:26,238] {dag.py:2927} INFO - Setting next_dagrun for example_branch_datetime_operator_2 to 2024-03-17T00:00:00+00:00, run_after=2024-03-18T00:00:00+00:00
[2024-03-18 20:06:26,250] {processor.py:161} INFO - Processing /home/sheyla/Documents/Repositórios/apache-airflow-extracao-de-dados/venv/lib/python3.9/site-packages/airflow/example_dags/example_branch_datetime_operator.py took 0.057 seconds
[2024-03-18 20:07:03,866] {processor.py:153} INFO - Started process (PID=1996235) to work on /home/sheyla/Documents/Repositórios/apache-airflow-extracao-de-dados/venv/lib/python3.9/site-packages/airflow/example_dags/example_branch_datetime_operator.py
[2024-03-18 20:07:03,872] {processor.py:641} INFO - Processing file /home/sheyla/Documents/Repositórios/apache-airflow-extracao-de-dados/venv/lib/python3.9/site-packages/airflow/example_dags/example_branch_datetime_operator.py for tasks to queue
[2024-03-18 20:07:03,872] {logging_mixin.py:115} INFO - [2024-03-18 20:07:03,872] {dagbag.py:507} INFO - Filling up the DagBag from /home/sheyla/Documents/Repositórios/apache-airflow-extracao-de-dados/venv/lib/python3.9/site-packages/airflow/example_dags/example_branch_datetime_operator.py
[2024-03-18 20:07:03,880] {processor.py:651} INFO - DAG(s) dict_keys(['example_branch_datetime_operator_2']) retrieved from /home/sheyla/Documents/Repositórios/apache-airflow-extracao-de-dados/venv/lib/python3.9/site-packages/airflow/example_dags/example_branch_datetime_operator.py
[2024-03-18 20:07:03,897] {logging_mixin.py:115} INFO - [2024-03-18 20:07:03,897] {dag.py:2379} INFO - Sync 1 DAGs
[2024-03-18 20:07:03,912] {logging_mixin.py:115} INFO - [2024-03-18 20:07:03,912] {dag.py:2927} INFO - Setting next_dagrun for example_branch_datetime_operator_2 to 2024-03-17T00:00:00+00:00, run_after=2024-03-18T00:00:00+00:00
[2024-03-18 20:07:03,931] {processor.py:161} INFO - Processing /home/sheyla/Documents/Repositórios/apache-airflow-extracao-de-dados/venv/lib/python3.9/site-packages/airflow/example_dags/example_branch_datetime_operator.py took 0.067 seconds
[2024-03-18 20:07:38,672] {processor.py:153} INFO - Started process (PID=1996788) to work on /home/sheyla/Documents/Repositórios/apache-airflow-extracao-de-dados/venv/lib/python3.9/site-packages/airflow/example_dags/example_branch_datetime_operator.py
[2024-03-18 20:07:38,678] {processor.py:641} INFO - Processing file /home/sheyla/Documents/Repositórios/apache-airflow-extracao-de-dados/venv/lib/python3.9/site-packages/airflow/example_dags/example_branch_datetime_operator.py for tasks to queue
[2024-03-18 20:07:38,680] {logging_mixin.py:115} INFO - [2024-03-18 20:07:38,679] {dagbag.py:507} INFO - Filling up the DagBag from /home/sheyla/Documents/Repositórios/apache-airflow-extracao-de-dados/venv/lib/python3.9/site-packages/airflow/example_dags/example_branch_datetime_operator.py
[2024-03-18 20:07:38,710] {processor.py:651} INFO - DAG(s) dict_keys(['example_branch_datetime_operator_2']) retrieved from /home/sheyla/Documents/Repositórios/apache-airflow-extracao-de-dados/venv/lib/python3.9/site-packages/airflow/example_dags/example_branch_datetime_operator.py
[2024-03-18 20:07:38,749] {logging_mixin.py:115} INFO - [2024-03-18 20:07:38,749] {dag.py:2379} INFO - Sync 1 DAGs
[2024-03-18 20:07:38,771] {logging_mixin.py:115} INFO - [2024-03-18 20:07:38,771] {dag.py:2927} INFO - Setting next_dagrun for example_branch_datetime_operator_2 to 2024-03-17T00:00:00+00:00, run_after=2024-03-18T00:00:00+00:00
[2024-03-18 20:07:38,785] {processor.py:161} INFO - Processing /home/sheyla/Documents/Repositórios/apache-airflow-extracao-de-dados/venv/lib/python3.9/site-packages/airflow/example_dags/example_branch_datetime_operator.py took 0.121 seconds
[2024-03-18 20:08:13,076] {processor.py:153} INFO - Started process (PID=1997715) to work on /home/sheyla/Documents/Repositórios/apache-airflow-extracao-de-dados/venv/lib/python3.9/site-packages/airflow/example_dags/example_branch_datetime_operator.py
[2024-03-18 20:08:13,081] {processor.py:641} INFO - Processing file /home/sheyla/Documents/Repositórios/apache-airflow-extracao-de-dados/venv/lib/python3.9/site-packages/airflow/example_dags/example_branch_datetime_operator.py for tasks to queue
[2024-03-18 20:08:13,081] {logging_mixin.py:115} INFO - [2024-03-18 20:08:13,081] {dagbag.py:507} INFO - Filling up the DagBag from /home/sheyla/Documents/Repositórios/apache-airflow-extracao-de-dados/venv/lib/python3.9/site-packages/airflow/example_dags/example_branch_datetime_operator.py
[2024-03-18 20:08:13,086] {processor.py:651} INFO - DAG(s) dict_keys(['example_branch_datetime_operator_2']) retrieved from /home/sheyla/Documents/Repositórios/apache-airflow-extracao-de-dados/venv/lib/python3.9/site-packages/airflow/example_dags/example_branch_datetime_operator.py
[2024-03-18 20:08:13,099] {logging_mixin.py:115} INFO - [2024-03-18 20:08:13,098] {dag.py:2379} INFO - Sync 1 DAGs
[2024-03-18 20:08:13,110] {logging_mixin.py:115} INFO - [2024-03-18 20:08:13,110] {dag.py:2927} INFO - Setting next_dagrun for example_branch_datetime_operator_2 to 2024-03-17T00:00:00+00:00, run_after=2024-03-18T00:00:00+00:00
[2024-03-18 20:08:13,122] {processor.py:161} INFO - Processing /home/sheyla/Documents/Repositórios/apache-airflow-extracao-de-dados/venv/lib/python3.9/site-packages/airflow/example_dags/example_branch_datetime_operator.py took 0.048 seconds
[2024-03-18 20:08:49,591] {processor.py:153} INFO - Started process (PID=1998463) to work on /home/sheyla/Documents/Repositórios/apache-airflow-extracao-de-dados/venv/lib/python3.9/site-packages/airflow/example_dags/example_branch_datetime_operator.py
[2024-03-18 20:08:49,596] {processor.py:641} INFO - Processing file /home/sheyla/Documents/Repositórios/apache-airflow-extracao-de-dados/venv/lib/python3.9/site-packages/airflow/example_dags/example_branch_datetime_operator.py for tasks to queue
[2024-03-18 20:08:49,596] {logging_mixin.py:115} INFO - [2024-03-18 20:08:49,596] {dagbag.py:507} INFO - Filling up the DagBag from /home/sheyla/Documents/Repositórios/apache-airflow-extracao-de-dados/venv/lib/python3.9/site-packages/airflow/example_dags/example_branch_datetime_operator.py
[2024-03-18 20:08:49,600] {processor.py:651} INFO - DAG(s) dict_keys(['example_branch_datetime_operator_2']) retrieved from /home/sheyla/Documents/Repositórios/apache-airflow-extracao-de-dados/venv/lib/python3.9/site-packages/airflow/example_dags/example_branch_datetime_operator.py
[2024-03-18 20:08:49,611] {logging_mixin.py:115} INFO - [2024-03-18 20:08:49,611] {dag.py:2379} INFO - Sync 1 DAGs
[2024-03-18 20:08:49,623] {logging_mixin.py:115} INFO - [2024-03-18 20:08:49,623] {dag.py:2927} INFO - Setting next_dagrun for example_branch_datetime_operator_2 to 2024-03-17T00:00:00+00:00, run_after=2024-03-18T00:00:00+00:00
[2024-03-18 20:08:49,637] {processor.py:161} INFO - Processing /home/sheyla/Documents/Repositórios/apache-airflow-extracao-de-dados/venv/lib/python3.9/site-packages/airflow/example_dags/example_branch_datetime_operator.py took 0.049 seconds
