[2024-03-18 19:57:12,418] {processor.py:153} INFO - Started process (PID=1990077) to work on /home/sheyla/Documents/Repositórios/apache-airflow-extracao-de-dados/venv/lib/python3.9/site-packages/airflow/example_dags/example_subdag_operator.py
[2024-03-18 19:57:12,419] {processor.py:641} INFO - Processing file /home/sheyla/Documents/Repositórios/apache-airflow-extracao-de-dados/venv/lib/python3.9/site-packages/airflow/example_dags/example_subdag_operator.py for tasks to queue
[2024-03-18 19:57:12,421] {logging_mixin.py:115} INFO - [2024-03-18 19:57:12,420] {dagbag.py:507} INFO - Filling up the DagBag from /home/sheyla/Documents/Repositórios/apache-airflow-extracao-de-dados/venv/lib/python3.9/site-packages/airflow/example_dags/example_subdag_operator.py
[2024-03-18 19:57:12,448] {processor.py:651} INFO - DAG(s) dict_keys(['example_subdag_operator.section-1', 'example_subdag_operator.section-2', 'example_subdag_operator']) retrieved from /home/sheyla/Documents/Repositórios/apache-airflow-extracao-de-dados/venv/lib/python3.9/site-packages/airflow/example_dags/example_subdag_operator.py
[2024-03-18 19:57:12,556] {logging_mixin.py:115} INFO - [2024-03-18 19:57:12,556] {manager.py:508} INFO - Created Permission View: can delete on DAG:example_subdag_operator
[2024-03-18 19:57:12,595] {logging_mixin.py:115} INFO - [2024-03-18 19:57:12,595] {manager.py:508} INFO - Created Permission View: can edit on DAG:example_subdag_operator
[2024-03-18 19:57:12,653] {logging_mixin.py:115} INFO - [2024-03-18 19:57:12,653] {manager.py:508} INFO - Created Permission View: can read on DAG:example_subdag_operator
[2024-03-18 19:57:12,654] {logging_mixin.py:115} INFO - [2024-03-18 19:57:12,654] {dag.py:2379} INFO - Sync 3 DAGs
[2024-03-18 19:57:12,675] {logging_mixin.py:115} INFO - [2024-03-18 19:57:12,675] {dag.py:2398} INFO - Creating ORM DAG for example_subdag_operator.section-1
[2024-03-18 19:57:12,676] {logging_mixin.py:115} INFO - [2024-03-18 19:57:12,675] {dag.py:2398} INFO - Creating ORM DAG for example_subdag_operator
[2024-03-18 19:57:12,676] {logging_mixin.py:115} INFO - [2024-03-18 19:57:12,676] {dag.py:2398} INFO - Creating ORM DAG for example_subdag_operator.section-2
[2024-03-18 19:57:12,688] {logging_mixin.py:115} INFO - [2024-03-18 19:57:12,688] {dag.py:2927} INFO - Setting next_dagrun for example_subdag_operator to 2022-01-01T00:00:00+00:00, run_after=2022-01-01T00:00:00+00:00
[2024-03-18 19:57:12,689] {logging_mixin.py:115} INFO - [2024-03-18 19:57:12,689] {dag.py:2927} INFO - Setting next_dagrun for example_subdag_operator.section-1 to None, run_after=None
[2024-03-18 19:57:12,689] {logging_mixin.py:115} INFO - [2024-03-18 19:57:12,689] {dag.py:2927} INFO - Setting next_dagrun for example_subdag_operator.section-2 to None, run_after=None
[2024-03-18 19:57:12,695] {logging_mixin.py:115} INFO - [2024-03-18 19:57:12,695] {dag.py:2379} INFO - Sync 2 DAGs
[2024-03-18 19:57:12,698] {logging_mixin.py:115} INFO - [2024-03-18 19:57:12,698] {dag.py:2927} INFO - Setting next_dagrun for example_subdag_operator.section-1 to None, run_after=None
[2024-03-18 19:57:12,698] {logging_mixin.py:115} INFO - [2024-03-18 19:57:12,698] {dag.py:2927} INFO - Setting next_dagrun for example_subdag_operator.section-2 to None, run_after=None
[2024-03-18 19:57:12,735] {processor.py:161} INFO - Processing /home/sheyla/Documents/Repositórios/apache-airflow-extracao-de-dados/venv/lib/python3.9/site-packages/airflow/example_dags/example_subdag_operator.py took 0.325 seconds
[2024-03-18 19:57:48,884] {processor.py:153} INFO - Started process (PID=1990445) to work on /home/sheyla/Documents/Repositórios/apache-airflow-extracao-de-dados/venv/lib/python3.9/site-packages/airflow/example_dags/example_subdag_operator.py
[2024-03-18 19:57:48,889] {processor.py:641} INFO - Processing file /home/sheyla/Documents/Repositórios/apache-airflow-extracao-de-dados/venv/lib/python3.9/site-packages/airflow/example_dags/example_subdag_operator.py for tasks to queue
[2024-03-18 19:57:48,890] {logging_mixin.py:115} INFO - [2024-03-18 19:57:48,890] {dagbag.py:507} INFO - Filling up the DagBag from /home/sheyla/Documents/Repositórios/apache-airflow-extracao-de-dados/venv/lib/python3.9/site-packages/airflow/example_dags/example_subdag_operator.py
[2024-03-18 19:57:48,914] {processor.py:651} INFO - DAG(s) dict_keys(['example_subdag_operator.section-1', 'example_subdag_operator.section-2', 'example_subdag_operator']) retrieved from /home/sheyla/Documents/Repositórios/apache-airflow-extracao-de-dados/venv/lib/python3.9/site-packages/airflow/example_dags/example_subdag_operator.py
[2024-03-18 19:57:48,929] {logging_mixin.py:115} INFO - [2024-03-18 19:57:48,929] {dag.py:2379} INFO - Sync 3 DAGs
[2024-03-18 19:57:48,941] {logging_mixin.py:115} INFO - [2024-03-18 19:57:48,941] {dag.py:2927} INFO - Setting next_dagrun for example_subdag_operator to 2022-01-01T00:00:00+00:00, run_after=2022-01-01T00:00:00+00:00
[2024-03-18 19:57:48,941] {logging_mixin.py:115} INFO - [2024-03-18 19:57:48,941] {dag.py:2927} INFO - Setting next_dagrun for example_subdag_operator.section-1 to None, run_after=None
[2024-03-18 19:57:48,941] {logging_mixin.py:115} INFO - [2024-03-18 19:57:48,941] {dag.py:2927} INFO - Setting next_dagrun for example_subdag_operator.section-2 to None, run_after=None
[2024-03-18 19:57:48,944] {logging_mixin.py:115} INFO - [2024-03-18 19:57:48,944] {dag.py:2379} INFO - Sync 2 DAGs
[2024-03-18 19:57:48,946] {logging_mixin.py:115} INFO - [2024-03-18 19:57:48,946] {dag.py:2927} INFO - Setting next_dagrun for example_subdag_operator.section-1 to None, run_after=None
[2024-03-18 19:57:48,946] {logging_mixin.py:115} INFO - [2024-03-18 19:57:48,946] {dag.py:2927} INFO - Setting next_dagrun for example_subdag_operator.section-2 to None, run_after=None
[2024-03-18 19:57:48,961] {processor.py:161} INFO - Processing /home/sheyla/Documents/Repositórios/apache-airflow-extracao-de-dados/venv/lib/python3.9/site-packages/airflow/example_dags/example_subdag_operator.py took 0.080 seconds
[2024-03-18 19:58:22,783] {processor.py:153} INFO - Started process (PID=1990784) to work on /home/sheyla/Documents/Repositórios/apache-airflow-extracao-de-dados/venv/lib/python3.9/site-packages/airflow/example_dags/example_subdag_operator.py
[2024-03-18 19:58:22,789] {processor.py:641} INFO - Processing file /home/sheyla/Documents/Repositórios/apache-airflow-extracao-de-dados/venv/lib/python3.9/site-packages/airflow/example_dags/example_subdag_operator.py for tasks to queue
[2024-03-18 19:58:22,790] {logging_mixin.py:115} INFO - [2024-03-18 19:58:22,790] {dagbag.py:507} INFO - Filling up the DagBag from /home/sheyla/Documents/Repositórios/apache-airflow-extracao-de-dados/venv/lib/python3.9/site-packages/airflow/example_dags/example_subdag_operator.py
[2024-03-18 19:58:22,825] {processor.py:651} INFO - DAG(s) dict_keys(['example_subdag_operator.section-1', 'example_subdag_operator.section-2', 'example_subdag_operator']) retrieved from /home/sheyla/Documents/Repositórios/apache-airflow-extracao-de-dados/venv/lib/python3.9/site-packages/airflow/example_dags/example_subdag_operator.py
[2024-03-18 19:58:22,840] {logging_mixin.py:115} INFO - [2024-03-18 19:58:22,840] {dag.py:2379} INFO - Sync 3 DAGs
[2024-03-18 19:58:22,851] {logging_mixin.py:115} INFO - [2024-03-18 19:58:22,850] {dag.py:2927} INFO - Setting next_dagrun for example_subdag_operator to 2022-01-01T00:00:00+00:00, run_after=2022-01-01T00:00:00+00:00
[2024-03-18 19:58:22,851] {logging_mixin.py:115} INFO - [2024-03-18 19:58:22,851] {dag.py:2927} INFO - Setting next_dagrun for example_subdag_operator.section-1 to None, run_after=None
[2024-03-18 19:58:22,851] {logging_mixin.py:115} INFO - [2024-03-18 19:58:22,851] {dag.py:2927} INFO - Setting next_dagrun for example_subdag_operator.section-2 to None, run_after=None
[2024-03-18 19:58:22,854] {logging_mixin.py:115} INFO - [2024-03-18 19:58:22,854] {dag.py:2379} INFO - Sync 2 DAGs
[2024-03-18 19:58:22,856] {logging_mixin.py:115} INFO - [2024-03-18 19:58:22,856] {dag.py:2927} INFO - Setting next_dagrun for example_subdag_operator.section-1 to None, run_after=None
[2024-03-18 19:58:22,856] {logging_mixin.py:115} INFO - [2024-03-18 19:58:22,856] {dag.py:2927} INFO - Setting next_dagrun for example_subdag_operator.section-2 to None, run_after=None
[2024-03-18 19:58:22,866] {processor.py:161} INFO - Processing /home/sheyla/Documents/Repositórios/apache-airflow-extracao-de-dados/venv/lib/python3.9/site-packages/airflow/example_dags/example_subdag_operator.py took 0.085 seconds
[2024-03-18 19:58:56,137] {processor.py:153} INFO - Started process (PID=1991121) to work on /home/sheyla/Documents/Repositórios/apache-airflow-extracao-de-dados/venv/lib/python3.9/site-packages/airflow/example_dags/example_subdag_operator.py
[2024-03-18 19:58:56,143] {processor.py:641} INFO - Processing file /home/sheyla/Documents/Repositórios/apache-airflow-extracao-de-dados/venv/lib/python3.9/site-packages/airflow/example_dags/example_subdag_operator.py for tasks to queue
[2024-03-18 19:58:56,144] {logging_mixin.py:115} INFO - [2024-03-18 19:58:56,144] {dagbag.py:507} INFO - Filling up the DagBag from /home/sheyla/Documents/Repositórios/apache-airflow-extracao-de-dados/venv/lib/python3.9/site-packages/airflow/example_dags/example_subdag_operator.py
[2024-03-18 19:58:56,176] {processor.py:651} INFO - DAG(s) dict_keys(['example_subdag_operator.section-1', 'example_subdag_operator.section-2', 'example_subdag_operator']) retrieved from /home/sheyla/Documents/Repositórios/apache-airflow-extracao-de-dados/venv/lib/python3.9/site-packages/airflow/example_dags/example_subdag_operator.py
[2024-03-18 19:58:56,190] {logging_mixin.py:115} INFO - [2024-03-18 19:58:56,190] {dag.py:2379} INFO - Sync 3 DAGs
[2024-03-18 19:58:56,200] {logging_mixin.py:115} INFO - [2024-03-18 19:58:56,200] {dag.py:2927} INFO - Setting next_dagrun for example_subdag_operator to 2022-01-01T00:00:00+00:00, run_after=2022-01-01T00:00:00+00:00
[2024-03-18 19:58:56,201] {logging_mixin.py:115} INFO - [2024-03-18 19:58:56,201] {dag.py:2927} INFO - Setting next_dagrun for example_subdag_operator.section-1 to None, run_after=None
[2024-03-18 19:58:56,201] {logging_mixin.py:115} INFO - [2024-03-18 19:58:56,201] {dag.py:2927} INFO - Setting next_dagrun for example_subdag_operator.section-2 to None, run_after=None
[2024-03-18 19:58:56,203] {logging_mixin.py:115} INFO - [2024-03-18 19:58:56,203] {dag.py:2379} INFO - Sync 2 DAGs
[2024-03-18 19:58:56,206] {logging_mixin.py:115} INFO - [2024-03-18 19:58:56,206] {dag.py:2927} INFO - Setting next_dagrun for example_subdag_operator.section-1 to None, run_after=None
[2024-03-18 19:58:56,206] {logging_mixin.py:115} INFO - [2024-03-18 19:58:56,206] {dag.py:2927} INFO - Setting next_dagrun for example_subdag_operator.section-2 to None, run_after=None
[2024-03-18 19:58:56,215] {processor.py:161} INFO - Processing /home/sheyla/Documents/Repositórios/apache-airflow-extracao-de-dados/venv/lib/python3.9/site-packages/airflow/example_dags/example_subdag_operator.py took 0.085 seconds
[2024-03-18 19:59:28,392] {processor.py:153} INFO - Started process (PID=1991438) to work on /home/sheyla/Documents/Repositórios/apache-airflow-extracao-de-dados/venv/lib/python3.9/site-packages/airflow/example_dags/example_subdag_operator.py
[2024-03-18 19:59:28,395] {processor.py:641} INFO - Processing file /home/sheyla/Documents/Repositórios/apache-airflow-extracao-de-dados/venv/lib/python3.9/site-packages/airflow/example_dags/example_subdag_operator.py for tasks to queue
[2024-03-18 19:59:28,395] {logging_mixin.py:115} INFO - [2024-03-18 19:59:28,395] {dagbag.py:507} INFO - Filling up the DagBag from /home/sheyla/Documents/Repositórios/apache-airflow-extracao-de-dados/venv/lib/python3.9/site-packages/airflow/example_dags/example_subdag_operator.py
[2024-03-18 19:59:28,415] {processor.py:651} INFO - DAG(s) dict_keys(['example_subdag_operator.section-1', 'example_subdag_operator.section-2', 'example_subdag_operator']) retrieved from /home/sheyla/Documents/Repositórios/apache-airflow-extracao-de-dados/venv/lib/python3.9/site-packages/airflow/example_dags/example_subdag_operator.py
[2024-03-18 19:59:28,432] {logging_mixin.py:115} INFO - [2024-03-18 19:59:28,432] {dag.py:2379} INFO - Sync 3 DAGs
[2024-03-18 19:59:28,443] {logging_mixin.py:115} INFO - [2024-03-18 19:59:28,443] {dag.py:2927} INFO - Setting next_dagrun for example_subdag_operator to 2022-01-01T00:00:00+00:00, run_after=2022-01-01T00:00:00+00:00
[2024-03-18 19:59:28,443] {logging_mixin.py:115} INFO - [2024-03-18 19:59:28,443] {dag.py:2927} INFO - Setting next_dagrun for example_subdag_operator.section-1 to None, run_after=None
[2024-03-18 19:59:28,444] {logging_mixin.py:115} INFO - [2024-03-18 19:59:28,444] {dag.py:2927} INFO - Setting next_dagrun for example_subdag_operator.section-2 to None, run_after=None
[2024-03-18 19:59:28,447] {logging_mixin.py:115} INFO - [2024-03-18 19:59:28,447] {dag.py:2379} INFO - Sync 2 DAGs
[2024-03-18 19:59:28,449] {logging_mixin.py:115} INFO - [2024-03-18 19:59:28,449] {dag.py:2927} INFO - Setting next_dagrun for example_subdag_operator.section-1 to None, run_after=None
[2024-03-18 19:59:28,449] {logging_mixin.py:115} INFO - [2024-03-18 19:59:28,449] {dag.py:2927} INFO - Setting next_dagrun for example_subdag_operator.section-2 to None, run_after=None
[2024-03-18 19:59:28,459] {processor.py:161} INFO - Processing /home/sheyla/Documents/Repositórios/apache-airflow-extracao-de-dados/venv/lib/python3.9/site-packages/airflow/example_dags/example_subdag_operator.py took 0.069 seconds
[2024-03-18 20:00:03,141] {processor.py:153} INFO - Started process (PID=1991808) to work on /home/sheyla/Documents/Repositórios/apache-airflow-extracao-de-dados/venv/lib/python3.9/site-packages/airflow/example_dags/example_subdag_operator.py
[2024-03-18 20:00:03,142] {processor.py:641} INFO - Processing file /home/sheyla/Documents/Repositórios/apache-airflow-extracao-de-dados/venv/lib/python3.9/site-packages/airflow/example_dags/example_subdag_operator.py for tasks to queue
[2024-03-18 20:00:03,142] {logging_mixin.py:115} INFO - [2024-03-18 20:00:03,142] {dagbag.py:507} INFO - Filling up the DagBag from /home/sheyla/Documents/Repositórios/apache-airflow-extracao-de-dados/venv/lib/python3.9/site-packages/airflow/example_dags/example_subdag_operator.py
[2024-03-18 20:00:03,157] {processor.py:651} INFO - DAG(s) dict_keys(['example_subdag_operator.section-1', 'example_subdag_operator.section-2', 'example_subdag_operator']) retrieved from /home/sheyla/Documents/Repositórios/apache-airflow-extracao-de-dados/venv/lib/python3.9/site-packages/airflow/example_dags/example_subdag_operator.py
[2024-03-18 20:00:03,170] {logging_mixin.py:115} INFO - [2024-03-18 20:00:03,170] {dag.py:2379} INFO - Sync 3 DAGs
[2024-03-18 20:00:03,180] {logging_mixin.py:115} INFO - [2024-03-18 20:00:03,180] {dag.py:2927} INFO - Setting next_dagrun for example_subdag_operator to 2022-01-01T00:00:00+00:00, run_after=2022-01-01T00:00:00+00:00
[2024-03-18 20:00:03,180] {logging_mixin.py:115} INFO - [2024-03-18 20:00:03,180] {dag.py:2927} INFO - Setting next_dagrun for example_subdag_operator.section-1 to None, run_after=None
[2024-03-18 20:00:03,180] {logging_mixin.py:115} INFO - [2024-03-18 20:00:03,180] {dag.py:2927} INFO - Setting next_dagrun for example_subdag_operator.section-2 to None, run_after=None
[2024-03-18 20:00:03,183] {logging_mixin.py:115} INFO - [2024-03-18 20:00:03,183] {dag.py:2379} INFO - Sync 2 DAGs
[2024-03-18 20:00:03,185] {logging_mixin.py:115} INFO - [2024-03-18 20:00:03,185] {dag.py:2927} INFO - Setting next_dagrun for example_subdag_operator.section-1 to None, run_after=None
[2024-03-18 20:00:03,185] {logging_mixin.py:115} INFO - [2024-03-18 20:00:03,185] {dag.py:2927} INFO - Setting next_dagrun for example_subdag_operator.section-2 to None, run_after=None
[2024-03-18 20:00:03,195] {processor.py:161} INFO - Processing /home/sheyla/Documents/Repositórios/apache-airflow-extracao-de-dados/venv/lib/python3.9/site-packages/airflow/example_dags/example_subdag_operator.py took 0.056 seconds
[2024-03-18 20:00:37,317] {processor.py:153} INFO - Started process (PID=1992223) to work on /home/sheyla/Documents/Repositórios/apache-airflow-extracao-de-dados/venv/lib/python3.9/site-packages/airflow/example_dags/example_subdag_operator.py
[2024-03-18 20:00:37,323] {processor.py:641} INFO - Processing file /home/sheyla/Documents/Repositórios/apache-airflow-extracao-de-dados/venv/lib/python3.9/site-packages/airflow/example_dags/example_subdag_operator.py for tasks to queue
[2024-03-18 20:00:37,324] {logging_mixin.py:115} INFO - [2024-03-18 20:00:37,324] {dagbag.py:507} INFO - Filling up the DagBag from /home/sheyla/Documents/Repositórios/apache-airflow-extracao-de-dados/venv/lib/python3.9/site-packages/airflow/example_dags/example_subdag_operator.py
[2024-03-18 20:00:37,360] {processor.py:651} INFO - DAG(s) dict_keys(['example_subdag_operator.section-1', 'example_subdag_operator.section-2', 'example_subdag_operator']) retrieved from /home/sheyla/Documents/Repositórios/apache-airflow-extracao-de-dados/venv/lib/python3.9/site-packages/airflow/example_dags/example_subdag_operator.py
[2024-03-18 20:00:37,374] {logging_mixin.py:115} INFO - [2024-03-18 20:00:37,374] {dag.py:2379} INFO - Sync 3 DAGs
[2024-03-18 20:00:37,385] {logging_mixin.py:115} INFO - [2024-03-18 20:00:37,385] {dag.py:2927} INFO - Setting next_dagrun for example_subdag_operator to 2022-01-01T00:00:00+00:00, run_after=2022-01-01T00:00:00+00:00
[2024-03-18 20:00:37,385] {logging_mixin.py:115} INFO - [2024-03-18 20:00:37,385] {dag.py:2927} INFO - Setting next_dagrun for example_subdag_operator.section-1 to None, run_after=None
[2024-03-18 20:00:37,385] {logging_mixin.py:115} INFO - [2024-03-18 20:00:37,385] {dag.py:2927} INFO - Setting next_dagrun for example_subdag_operator.section-2 to None, run_after=None
[2024-03-18 20:00:37,388] {logging_mixin.py:115} INFO - [2024-03-18 20:00:37,388] {dag.py:2379} INFO - Sync 2 DAGs
[2024-03-18 20:00:37,390] {logging_mixin.py:115} INFO - [2024-03-18 20:00:37,390] {dag.py:2927} INFO - Setting next_dagrun for example_subdag_operator.section-1 to None, run_after=None
[2024-03-18 20:00:37,390] {logging_mixin.py:115} INFO - [2024-03-18 20:00:37,390] {dag.py:2927} INFO - Setting next_dagrun for example_subdag_operator.section-2 to None, run_after=None
[2024-03-18 20:00:37,400] {processor.py:161} INFO - Processing /home/sheyla/Documents/Repositórios/apache-airflow-extracao-de-dados/venv/lib/python3.9/site-packages/airflow/example_dags/example_subdag_operator.py took 0.090 seconds
[2024-03-18 20:01:11,135] {processor.py:153} INFO - Started process (PID=1992562) to work on /home/sheyla/Documents/Repositórios/apache-airflow-extracao-de-dados/venv/lib/python3.9/site-packages/airflow/example_dags/example_subdag_operator.py
[2024-03-18 20:01:11,136] {processor.py:641} INFO - Processing file /home/sheyla/Documents/Repositórios/apache-airflow-extracao-de-dados/venv/lib/python3.9/site-packages/airflow/example_dags/example_subdag_operator.py for tasks to queue
[2024-03-18 20:01:11,138] {logging_mixin.py:115} INFO - [2024-03-18 20:01:11,137] {dagbag.py:507} INFO - Filling up the DagBag from /home/sheyla/Documents/Repositórios/apache-airflow-extracao-de-dados/venv/lib/python3.9/site-packages/airflow/example_dags/example_subdag_operator.py
[2024-03-18 20:01:11,171] {processor.py:651} INFO - DAG(s) dict_keys(['example_subdag_operator.section-1', 'example_subdag_operator.section-2', 'example_subdag_operator']) retrieved from /home/sheyla/Documents/Repositórios/apache-airflow-extracao-de-dados/venv/lib/python3.9/site-packages/airflow/example_dags/example_subdag_operator.py
[2024-03-18 20:01:11,185] {logging_mixin.py:115} INFO - [2024-03-18 20:01:11,185] {dag.py:2379} INFO - Sync 3 DAGs
[2024-03-18 20:01:11,195] {logging_mixin.py:115} INFO - [2024-03-18 20:01:11,195] {dag.py:2927} INFO - Setting next_dagrun for example_subdag_operator to 2022-01-01T00:00:00+00:00, run_after=2022-01-01T00:00:00+00:00
[2024-03-18 20:01:11,195] {logging_mixin.py:115} INFO - [2024-03-18 20:01:11,195] {dag.py:2927} INFO - Setting next_dagrun for example_subdag_operator.section-1 to None, run_after=None
[2024-03-18 20:01:11,195] {logging_mixin.py:115} INFO - [2024-03-18 20:01:11,195] {dag.py:2927} INFO - Setting next_dagrun for example_subdag_operator.section-2 to None, run_after=None
[2024-03-18 20:01:11,198] {logging_mixin.py:115} INFO - [2024-03-18 20:01:11,198] {dag.py:2379} INFO - Sync 2 DAGs
[2024-03-18 20:01:11,201] {logging_mixin.py:115} INFO - [2024-03-18 20:01:11,201] {dag.py:2927} INFO - Setting next_dagrun for example_subdag_operator.section-1 to None, run_after=None
[2024-03-18 20:01:11,201] {logging_mixin.py:115} INFO - [2024-03-18 20:01:11,201] {dag.py:2927} INFO - Setting next_dagrun for example_subdag_operator.section-2 to None, run_after=None
[2024-03-18 20:01:11,209] {processor.py:161} INFO - Processing /home/sheyla/Documents/Repositórios/apache-airflow-extracao-de-dados/venv/lib/python3.9/site-packages/airflow/example_dags/example_subdag_operator.py took 0.081 seconds
[2024-03-18 20:01:42,293] {processor.py:153} INFO - Started process (PID=1992869) to work on /home/sheyla/Documents/Repositórios/apache-airflow-extracao-de-dados/venv/lib/python3.9/site-packages/airflow/example_dags/example_subdag_operator.py
[2024-03-18 20:01:42,299] {processor.py:641} INFO - Processing file /home/sheyla/Documents/Repositórios/apache-airflow-extracao-de-dados/venv/lib/python3.9/site-packages/airflow/example_dags/example_subdag_operator.py for tasks to queue
[2024-03-18 20:01:42,300] {logging_mixin.py:115} INFO - [2024-03-18 20:01:42,300] {dagbag.py:507} INFO - Filling up the DagBag from /home/sheyla/Documents/Repositórios/apache-airflow-extracao-de-dados/venv/lib/python3.9/site-packages/airflow/example_dags/example_subdag_operator.py
[2024-03-18 20:01:42,339] {processor.py:651} INFO - DAG(s) dict_keys(['example_subdag_operator.section-1', 'example_subdag_operator.section-2', 'example_subdag_operator']) retrieved from /home/sheyla/Documents/Repositórios/apache-airflow-extracao-de-dados/venv/lib/python3.9/site-packages/airflow/example_dags/example_subdag_operator.py
[2024-03-18 20:01:42,355] {logging_mixin.py:115} INFO - [2024-03-18 20:01:42,354] {dag.py:2379} INFO - Sync 3 DAGs
[2024-03-18 20:01:42,365] {logging_mixin.py:115} INFO - [2024-03-18 20:01:42,364] {dag.py:2927} INFO - Setting next_dagrun for example_subdag_operator to 2022-01-01T00:00:00+00:00, run_after=2022-01-01T00:00:00+00:00
[2024-03-18 20:01:42,365] {logging_mixin.py:115} INFO - [2024-03-18 20:01:42,365] {dag.py:2927} INFO - Setting next_dagrun for example_subdag_operator.section-1 to None, run_after=None
[2024-03-18 20:01:42,365] {logging_mixin.py:115} INFO - [2024-03-18 20:01:42,365] {dag.py:2927} INFO - Setting next_dagrun for example_subdag_operator.section-2 to None, run_after=None
[2024-03-18 20:01:42,368] {logging_mixin.py:115} INFO - [2024-03-18 20:01:42,368] {dag.py:2379} INFO - Sync 2 DAGs
[2024-03-18 20:01:42,371] {logging_mixin.py:115} INFO - [2024-03-18 20:01:42,371] {dag.py:2927} INFO - Setting next_dagrun for example_subdag_operator.section-1 to None, run_after=None
[2024-03-18 20:01:42,371] {logging_mixin.py:115} INFO - [2024-03-18 20:01:42,371] {dag.py:2927} INFO - Setting next_dagrun for example_subdag_operator.section-2 to None, run_after=None
[2024-03-18 20:01:42,382] {processor.py:161} INFO - Processing /home/sheyla/Documents/Repositórios/apache-airflow-extracao-de-dados/venv/lib/python3.9/site-packages/airflow/example_dags/example_subdag_operator.py took 0.091 seconds
[2024-03-18 20:02:15,988] {processor.py:153} INFO - Started process (PID=1993224) to work on /home/sheyla/Documents/Repositórios/apache-airflow-extracao-de-dados/venv/lib/python3.9/site-packages/airflow/example_dags/example_subdag_operator.py
[2024-03-18 20:02:15,993] {processor.py:641} INFO - Processing file /home/sheyla/Documents/Repositórios/apache-airflow-extracao-de-dados/venv/lib/python3.9/site-packages/airflow/example_dags/example_subdag_operator.py for tasks to queue
[2024-03-18 20:02:15,994] {logging_mixin.py:115} INFO - [2024-03-18 20:02:15,994] {dagbag.py:507} INFO - Filling up the DagBag from /home/sheyla/Documents/Repositórios/apache-airflow-extracao-de-dados/venv/lib/python3.9/site-packages/airflow/example_dags/example_subdag_operator.py
[2024-03-18 20:02:16,013] {processor.py:651} INFO - DAG(s) dict_keys(['example_subdag_operator.section-1', 'example_subdag_operator.section-2', 'example_subdag_operator']) retrieved from /home/sheyla/Documents/Repositórios/apache-airflow-extracao-de-dados/venv/lib/python3.9/site-packages/airflow/example_dags/example_subdag_operator.py
[2024-03-18 20:02:16,032] {logging_mixin.py:115} INFO - [2024-03-18 20:02:16,032] {dag.py:2379} INFO - Sync 3 DAGs
[2024-03-18 20:02:16,047] {logging_mixin.py:115} INFO - [2024-03-18 20:02:16,047] {dag.py:2927} INFO - Setting next_dagrun for example_subdag_operator to 2022-01-01T00:00:00+00:00, run_after=2022-01-01T00:00:00+00:00
[2024-03-18 20:02:16,047] {logging_mixin.py:115} INFO - [2024-03-18 20:02:16,047] {dag.py:2927} INFO - Setting next_dagrun for example_subdag_operator.section-1 to None, run_after=None
[2024-03-18 20:02:16,048] {logging_mixin.py:115} INFO - [2024-03-18 20:02:16,047] {dag.py:2927} INFO - Setting next_dagrun for example_subdag_operator.section-2 to None, run_after=None
[2024-03-18 20:02:16,051] {logging_mixin.py:115} INFO - [2024-03-18 20:02:16,051] {dag.py:2379} INFO - Sync 2 DAGs
[2024-03-18 20:02:16,054] {logging_mixin.py:115} INFO - [2024-03-18 20:02:16,054] {dag.py:2927} INFO - Setting next_dagrun for example_subdag_operator.section-1 to None, run_after=None
[2024-03-18 20:02:16,055] {logging_mixin.py:115} INFO - [2024-03-18 20:02:16,054] {dag.py:2927} INFO - Setting next_dagrun for example_subdag_operator.section-2 to None, run_after=None
[2024-03-18 20:02:16,065] {processor.py:161} INFO - Processing /home/sheyla/Documents/Repositórios/apache-airflow-extracao-de-dados/venv/lib/python3.9/site-packages/airflow/example_dags/example_subdag_operator.py took 0.086 seconds
[2024-03-18 20:02:47,902] {processor.py:153} INFO - Started process (PID=1993555) to work on /home/sheyla/Documents/Repositórios/apache-airflow-extracao-de-dados/venv/lib/python3.9/site-packages/airflow/example_dags/example_subdag_operator.py
[2024-03-18 20:02:47,908] {processor.py:641} INFO - Processing file /home/sheyla/Documents/Repositórios/apache-airflow-extracao-de-dados/venv/lib/python3.9/site-packages/airflow/example_dags/example_subdag_operator.py for tasks to queue
[2024-03-18 20:02:47,908] {logging_mixin.py:115} INFO - [2024-03-18 20:02:47,908] {dagbag.py:507} INFO - Filling up the DagBag from /home/sheyla/Documents/Repositórios/apache-airflow-extracao-de-dados/venv/lib/python3.9/site-packages/airflow/example_dags/example_subdag_operator.py
[2024-03-18 20:02:47,934] {processor.py:651} INFO - DAG(s) dict_keys(['example_subdag_operator.section-1', 'example_subdag_operator.section-2', 'example_subdag_operator']) retrieved from /home/sheyla/Documents/Repositórios/apache-airflow-extracao-de-dados/venv/lib/python3.9/site-packages/airflow/example_dags/example_subdag_operator.py
[2024-03-18 20:02:47,951] {logging_mixin.py:115} INFO - [2024-03-18 20:02:47,951] {dag.py:2379} INFO - Sync 3 DAGs
[2024-03-18 20:02:47,962] {logging_mixin.py:115} INFO - [2024-03-18 20:02:47,962] {dag.py:2927} INFO - Setting next_dagrun for example_subdag_operator to 2022-01-01T00:00:00+00:00, run_after=2022-01-01T00:00:00+00:00
[2024-03-18 20:02:47,962] {logging_mixin.py:115} INFO - [2024-03-18 20:02:47,962] {dag.py:2927} INFO - Setting next_dagrun for example_subdag_operator.section-1 to None, run_after=None
[2024-03-18 20:02:47,962] {logging_mixin.py:115} INFO - [2024-03-18 20:02:47,962] {dag.py:2927} INFO - Setting next_dagrun for example_subdag_operator.section-2 to None, run_after=None
[2024-03-18 20:02:47,965] {logging_mixin.py:115} INFO - [2024-03-18 20:02:47,965] {dag.py:2379} INFO - Sync 2 DAGs
[2024-03-18 20:02:47,967] {logging_mixin.py:115} INFO - [2024-03-18 20:02:47,967] {dag.py:2927} INFO - Setting next_dagrun for example_subdag_operator.section-1 to None, run_after=None
[2024-03-18 20:02:47,967] {logging_mixin.py:115} INFO - [2024-03-18 20:02:47,967] {dag.py:2927} INFO - Setting next_dagrun for example_subdag_operator.section-2 to None, run_after=None
[2024-03-18 20:02:47,975] {processor.py:161} INFO - Processing /home/sheyla/Documents/Repositórios/apache-airflow-extracao-de-dados/venv/lib/python3.9/site-packages/airflow/example_dags/example_subdag_operator.py took 0.075 seconds
[2024-03-18 20:03:21,592] {processor.py:153} INFO - Started process (PID=1993893) to work on /home/sheyla/Documents/Repositórios/apache-airflow-extracao-de-dados/venv/lib/python3.9/site-packages/airflow/example_dags/example_subdag_operator.py
[2024-03-18 20:03:21,594] {processor.py:641} INFO - Processing file /home/sheyla/Documents/Repositórios/apache-airflow-extracao-de-dados/venv/lib/python3.9/site-packages/airflow/example_dags/example_subdag_operator.py for tasks to queue
[2024-03-18 20:03:21,595] {logging_mixin.py:115} INFO - [2024-03-18 20:03:21,594] {dagbag.py:507} INFO - Filling up the DagBag from /home/sheyla/Documents/Repositórios/apache-airflow-extracao-de-dados/venv/lib/python3.9/site-packages/airflow/example_dags/example_subdag_operator.py
[2024-03-18 20:03:21,612] {processor.py:651} INFO - DAG(s) dict_keys(['example_subdag_operator.section-1', 'example_subdag_operator.section-2', 'example_subdag_operator']) retrieved from /home/sheyla/Documents/Repositórios/apache-airflow-extracao-de-dados/venv/lib/python3.9/site-packages/airflow/example_dags/example_subdag_operator.py
[2024-03-18 20:03:21,626] {logging_mixin.py:115} INFO - [2024-03-18 20:03:21,626] {dag.py:2379} INFO - Sync 3 DAGs
[2024-03-18 20:03:21,636] {logging_mixin.py:115} INFO - [2024-03-18 20:03:21,636] {dag.py:2927} INFO - Setting next_dagrun for example_subdag_operator to 2022-01-01T00:00:00+00:00, run_after=2022-01-01T00:00:00+00:00
[2024-03-18 20:03:21,636] {logging_mixin.py:115} INFO - [2024-03-18 20:03:21,636] {dag.py:2927} INFO - Setting next_dagrun for example_subdag_operator.section-1 to None, run_after=None
[2024-03-18 20:03:21,636] {logging_mixin.py:115} INFO - [2024-03-18 20:03:21,636] {dag.py:2927} INFO - Setting next_dagrun for example_subdag_operator.section-2 to None, run_after=None
[2024-03-18 20:03:21,639] {logging_mixin.py:115} INFO - [2024-03-18 20:03:21,639] {dag.py:2379} INFO - Sync 2 DAGs
[2024-03-18 20:03:21,641] {logging_mixin.py:115} INFO - [2024-03-18 20:03:21,641] {dag.py:2927} INFO - Setting next_dagrun for example_subdag_operator.section-1 to None, run_after=None
[2024-03-18 20:03:21,642] {logging_mixin.py:115} INFO - [2024-03-18 20:03:21,642] {dag.py:2927} INFO - Setting next_dagrun for example_subdag_operator.section-2 to None, run_after=None
[2024-03-18 20:03:21,649] {processor.py:161} INFO - Processing /home/sheyla/Documents/Repositórios/apache-airflow-extracao-de-dados/venv/lib/python3.9/site-packages/airflow/example_dags/example_subdag_operator.py took 0.060 seconds
[2024-03-18 20:03:56,482] {processor.py:153} INFO - Started process (PID=1994237) to work on /home/sheyla/Documents/Repositórios/apache-airflow-extracao-de-dados/venv/lib/python3.9/site-packages/airflow/example_dags/example_subdag_operator.py
[2024-03-18 20:03:56,488] {processor.py:641} INFO - Processing file /home/sheyla/Documents/Repositórios/apache-airflow-extracao-de-dados/venv/lib/python3.9/site-packages/airflow/example_dags/example_subdag_operator.py for tasks to queue
[2024-03-18 20:03:56,489] {logging_mixin.py:115} INFO - [2024-03-18 20:03:56,489] {dagbag.py:507} INFO - Filling up the DagBag from /home/sheyla/Documents/Repositórios/apache-airflow-extracao-de-dados/venv/lib/python3.9/site-packages/airflow/example_dags/example_subdag_operator.py
[2024-03-18 20:03:56,527] {processor.py:651} INFO - DAG(s) dict_keys(['example_subdag_operator.section-1', 'example_subdag_operator.section-2', 'example_subdag_operator']) retrieved from /home/sheyla/Documents/Repositórios/apache-airflow-extracao-de-dados/venv/lib/python3.9/site-packages/airflow/example_dags/example_subdag_operator.py
[2024-03-18 20:03:56,543] {logging_mixin.py:115} INFO - [2024-03-18 20:03:56,543] {dag.py:2379} INFO - Sync 3 DAGs
[2024-03-18 20:03:56,553] {logging_mixin.py:115} INFO - [2024-03-18 20:03:56,553] {dag.py:2927} INFO - Setting next_dagrun for example_subdag_operator to 2022-01-01T00:00:00+00:00, run_after=2022-01-01T00:00:00+00:00
[2024-03-18 20:03:56,553] {logging_mixin.py:115} INFO - [2024-03-18 20:03:56,553] {dag.py:2927} INFO - Setting next_dagrun for example_subdag_operator.section-1 to None, run_after=None
[2024-03-18 20:03:56,553] {logging_mixin.py:115} INFO - [2024-03-18 20:03:56,553] {dag.py:2927} INFO - Setting next_dagrun for example_subdag_operator.section-2 to None, run_after=None
[2024-03-18 20:03:56,556] {logging_mixin.py:115} INFO - [2024-03-18 20:03:56,556] {dag.py:2379} INFO - Sync 2 DAGs
[2024-03-18 20:03:56,559] {logging_mixin.py:115} INFO - [2024-03-18 20:03:56,559] {dag.py:2927} INFO - Setting next_dagrun for example_subdag_operator.section-1 to None, run_after=None
[2024-03-18 20:03:56,559] {logging_mixin.py:115} INFO - [2024-03-18 20:03:56,559] {dag.py:2927} INFO - Setting next_dagrun for example_subdag_operator.section-2 to None, run_after=None
[2024-03-18 20:03:56,569] {processor.py:161} INFO - Processing /home/sheyla/Documents/Repositórios/apache-airflow-extracao-de-dados/venv/lib/python3.9/site-packages/airflow/example_dags/example_subdag_operator.py took 0.089 seconds
[2024-03-18 20:04:29,325] {processor.py:153} INFO - Started process (PID=1994557) to work on /home/sheyla/Documents/Repositórios/apache-airflow-extracao-de-dados/venv/lib/python3.9/site-packages/airflow/example_dags/example_subdag_operator.py
[2024-03-18 20:04:29,328] {processor.py:641} INFO - Processing file /home/sheyla/Documents/Repositórios/apache-airflow-extracao-de-dados/venv/lib/python3.9/site-packages/airflow/example_dags/example_subdag_operator.py for tasks to queue
[2024-03-18 20:04:29,329] {logging_mixin.py:115} INFO - [2024-03-18 20:04:29,329] {dagbag.py:507} INFO - Filling up the DagBag from /home/sheyla/Documents/Repositórios/apache-airflow-extracao-de-dados/venv/lib/python3.9/site-packages/airflow/example_dags/example_subdag_operator.py
[2024-03-18 20:04:29,350] {processor.py:651} INFO - DAG(s) dict_keys(['example_subdag_operator.section-1', 'example_subdag_operator.section-2', 'example_subdag_operator']) retrieved from /home/sheyla/Documents/Repositórios/apache-airflow-extracao-de-dados/venv/lib/python3.9/site-packages/airflow/example_dags/example_subdag_operator.py
[2024-03-18 20:04:29,367] {logging_mixin.py:115} INFO - [2024-03-18 20:04:29,367] {dag.py:2379} INFO - Sync 3 DAGs
[2024-03-18 20:04:29,379] {logging_mixin.py:115} INFO - [2024-03-18 20:04:29,379] {dag.py:2927} INFO - Setting next_dagrun for example_subdag_operator to 2022-01-01T00:00:00+00:00, run_after=2022-01-01T00:00:00+00:00
[2024-03-18 20:04:29,379] {logging_mixin.py:115} INFO - [2024-03-18 20:04:29,379] {dag.py:2927} INFO - Setting next_dagrun for example_subdag_operator.section-1 to None, run_after=None
[2024-03-18 20:04:29,379] {logging_mixin.py:115} INFO - [2024-03-18 20:04:29,379] {dag.py:2927} INFO - Setting next_dagrun for example_subdag_operator.section-2 to None, run_after=None
[2024-03-18 20:04:29,382] {logging_mixin.py:115} INFO - [2024-03-18 20:04:29,382] {dag.py:2379} INFO - Sync 2 DAGs
[2024-03-18 20:04:29,385] {logging_mixin.py:115} INFO - [2024-03-18 20:04:29,385] {dag.py:2927} INFO - Setting next_dagrun for example_subdag_operator.section-1 to None, run_after=None
[2024-03-18 20:04:29,385] {logging_mixin.py:115} INFO - [2024-03-18 20:04:29,385] {dag.py:2927} INFO - Setting next_dagrun for example_subdag_operator.section-2 to None, run_after=None
[2024-03-18 20:04:29,394] {processor.py:161} INFO - Processing /home/sheyla/Documents/Repositórios/apache-airflow-extracao-de-dados/venv/lib/python3.9/site-packages/airflow/example_dags/example_subdag_operator.py took 0.071 seconds
[2024-03-18 20:05:01,990] {processor.py:153} INFO - Started process (PID=1994892) to work on /home/sheyla/Documents/Repositórios/apache-airflow-extracao-de-dados/venv/lib/python3.9/site-packages/airflow/example_dags/example_subdag_operator.py
[2024-03-18 20:05:01,995] {processor.py:641} INFO - Processing file /home/sheyla/Documents/Repositórios/apache-airflow-extracao-de-dados/venv/lib/python3.9/site-packages/airflow/example_dags/example_subdag_operator.py for tasks to queue
[2024-03-18 20:05:01,996] {logging_mixin.py:115} INFO - [2024-03-18 20:05:01,996] {dagbag.py:507} INFO - Filling up the DagBag from /home/sheyla/Documents/Repositórios/apache-airflow-extracao-de-dados/venv/lib/python3.9/site-packages/airflow/example_dags/example_subdag_operator.py
[2024-03-18 20:05:02,025] {processor.py:651} INFO - DAG(s) dict_keys(['example_subdag_operator.section-1', 'example_subdag_operator.section-2', 'example_subdag_operator']) retrieved from /home/sheyla/Documents/Repositórios/apache-airflow-extracao-de-dados/venv/lib/python3.9/site-packages/airflow/example_dags/example_subdag_operator.py
[2024-03-18 20:05:02,042] {logging_mixin.py:115} INFO - [2024-03-18 20:05:02,042] {dag.py:2379} INFO - Sync 3 DAGs
[2024-03-18 20:05:02,054] {logging_mixin.py:115} INFO - [2024-03-18 20:05:02,054] {dag.py:2927} INFO - Setting next_dagrun for example_subdag_operator to 2022-01-01T00:00:00+00:00, run_after=2022-01-01T00:00:00+00:00
[2024-03-18 20:05:02,055] {logging_mixin.py:115} INFO - [2024-03-18 20:05:02,054] {dag.py:2927} INFO - Setting next_dagrun for example_subdag_operator.section-1 to None, run_after=None
[2024-03-18 20:05:02,055] {logging_mixin.py:115} INFO - [2024-03-18 20:05:02,055] {dag.py:2927} INFO - Setting next_dagrun for example_subdag_operator.section-2 to None, run_after=None
[2024-03-18 20:05:02,058] {logging_mixin.py:115} INFO - [2024-03-18 20:05:02,058] {dag.py:2379} INFO - Sync 2 DAGs
[2024-03-18 20:05:02,060] {logging_mixin.py:115} INFO - [2024-03-18 20:05:02,060] {dag.py:2927} INFO - Setting next_dagrun for example_subdag_operator.section-1 to None, run_after=None
[2024-03-18 20:05:02,061] {logging_mixin.py:115} INFO - [2024-03-18 20:05:02,061] {dag.py:2927} INFO - Setting next_dagrun for example_subdag_operator.section-2 to None, run_after=None
[2024-03-18 20:05:02,070] {processor.py:161} INFO - Processing /home/sheyla/Documents/Repositórios/apache-airflow-extracao-de-dados/venv/lib/python3.9/site-packages/airflow/example_dags/example_subdag_operator.py took 0.083 seconds
[2024-03-18 20:05:34,465] {processor.py:153} INFO - Started process (PID=1995229) to work on /home/sheyla/Documents/Repositórios/apache-airflow-extracao-de-dados/venv/lib/python3.9/site-packages/airflow/example_dags/example_subdag_operator.py
[2024-03-18 20:05:34,472] {processor.py:641} INFO - Processing file /home/sheyla/Documents/Repositórios/apache-airflow-extracao-de-dados/venv/lib/python3.9/site-packages/airflow/example_dags/example_subdag_operator.py for tasks to queue
[2024-03-18 20:05:34,473] {logging_mixin.py:115} INFO - [2024-03-18 20:05:34,473] {dagbag.py:507} INFO - Filling up the DagBag from /home/sheyla/Documents/Repositórios/apache-airflow-extracao-de-dados/venv/lib/python3.9/site-packages/airflow/example_dags/example_subdag_operator.py
[2024-03-18 20:05:34,506] {processor.py:651} INFO - DAG(s) dict_keys(['example_subdag_operator.section-1', 'example_subdag_operator.section-2', 'example_subdag_operator']) retrieved from /home/sheyla/Documents/Repositórios/apache-airflow-extracao-de-dados/venv/lib/python3.9/site-packages/airflow/example_dags/example_subdag_operator.py
[2024-03-18 20:05:34,547] {logging_mixin.py:115} INFO - [2024-03-18 20:05:34,547] {dag.py:2379} INFO - Sync 3 DAGs
[2024-03-18 20:05:34,557] {logging_mixin.py:115} INFO - [2024-03-18 20:05:34,557] {dag.py:2927} INFO - Setting next_dagrun for example_subdag_operator to 2022-01-01T00:00:00+00:00, run_after=2022-01-01T00:00:00+00:00
[2024-03-18 20:05:34,557] {logging_mixin.py:115} INFO - [2024-03-18 20:05:34,557] {dag.py:2927} INFO - Setting next_dagrun for example_subdag_operator.section-1 to None, run_after=None
[2024-03-18 20:05:34,557] {logging_mixin.py:115} INFO - [2024-03-18 20:05:34,557] {dag.py:2927} INFO - Setting next_dagrun for example_subdag_operator.section-2 to None, run_after=None
[2024-03-18 20:05:34,560] {logging_mixin.py:115} INFO - [2024-03-18 20:05:34,560] {dag.py:2379} INFO - Sync 2 DAGs
[2024-03-18 20:05:34,562] {logging_mixin.py:115} INFO - [2024-03-18 20:05:34,562] {dag.py:2927} INFO - Setting next_dagrun for example_subdag_operator.section-1 to None, run_after=None
[2024-03-18 20:05:34,563] {logging_mixin.py:115} INFO - [2024-03-18 20:05:34,563] {dag.py:2927} INFO - Setting next_dagrun for example_subdag_operator.section-2 to None, run_after=None
[2024-03-18 20:05:34,572] {processor.py:161} INFO - Processing /home/sheyla/Documents/Repositórios/apache-airflow-extracao-de-dados/venv/lib/python3.9/site-packages/airflow/example_dags/example_subdag_operator.py took 0.113 seconds
[2024-03-18 20:06:09,010] {processor.py:153} INFO - Started process (PID=1995665) to work on /home/sheyla/Documents/Repositórios/apache-airflow-extracao-de-dados/venv/lib/python3.9/site-packages/airflow/example_dags/example_subdag_operator.py
[2024-03-18 20:06:09,016] {processor.py:641} INFO - Processing file /home/sheyla/Documents/Repositórios/apache-airflow-extracao-de-dados/venv/lib/python3.9/site-packages/airflow/example_dags/example_subdag_operator.py for tasks to queue
[2024-03-18 20:06:09,017] {logging_mixin.py:115} INFO - [2024-03-18 20:06:09,017] {dagbag.py:507} INFO - Filling up the DagBag from /home/sheyla/Documents/Repositórios/apache-airflow-extracao-de-dados/venv/lib/python3.9/site-packages/airflow/example_dags/example_subdag_operator.py
[2024-03-18 20:06:09,050] {processor.py:651} INFO - DAG(s) dict_keys(['example_subdag_operator.section-1', 'example_subdag_operator.section-2', 'example_subdag_operator']) retrieved from /home/sheyla/Documents/Repositórios/apache-airflow-extracao-de-dados/venv/lib/python3.9/site-packages/airflow/example_dags/example_subdag_operator.py
[2024-03-18 20:06:09,065] {logging_mixin.py:115} INFO - [2024-03-18 20:06:09,065] {dag.py:2379} INFO - Sync 3 DAGs
[2024-03-18 20:06:09,075] {logging_mixin.py:115} INFO - [2024-03-18 20:06:09,075] {dag.py:2927} INFO - Setting next_dagrun for example_subdag_operator to 2022-01-01T00:00:00+00:00, run_after=2022-01-01T00:00:00+00:00
[2024-03-18 20:06:09,076] {logging_mixin.py:115} INFO - [2024-03-18 20:06:09,075] {dag.py:2927} INFO - Setting next_dagrun for example_subdag_operator.section-1 to None, run_after=None
[2024-03-18 20:06:09,076] {logging_mixin.py:115} INFO - [2024-03-18 20:06:09,076] {dag.py:2927} INFO - Setting next_dagrun for example_subdag_operator.section-2 to None, run_after=None
[2024-03-18 20:06:09,079] {logging_mixin.py:115} INFO - [2024-03-18 20:06:09,079] {dag.py:2379} INFO - Sync 2 DAGs
[2024-03-18 20:06:09,081] {logging_mixin.py:115} INFO - [2024-03-18 20:06:09,081] {dag.py:2927} INFO - Setting next_dagrun for example_subdag_operator.section-1 to None, run_after=None
[2024-03-18 20:06:09,081] {logging_mixin.py:115} INFO - [2024-03-18 20:06:09,081] {dag.py:2927} INFO - Setting next_dagrun for example_subdag_operator.section-2 to None, run_after=None
[2024-03-18 20:06:09,093] {processor.py:161} INFO - Processing /home/sheyla/Documents/Repositórios/apache-airflow-extracao-de-dados/venv/lib/python3.9/site-packages/airflow/example_dags/example_subdag_operator.py took 0.091 seconds
[2024-03-18 20:06:42,480] {processor.py:153} INFO - Started process (PID=1996000) to work on /home/sheyla/Documents/Repositórios/apache-airflow-extracao-de-dados/venv/lib/python3.9/site-packages/airflow/example_dags/example_subdag_operator.py
[2024-03-18 20:06:42,485] {processor.py:641} INFO - Processing file /home/sheyla/Documents/Repositórios/apache-airflow-extracao-de-dados/venv/lib/python3.9/site-packages/airflow/example_dags/example_subdag_operator.py for tasks to queue
[2024-03-18 20:06:42,485] {logging_mixin.py:115} INFO - [2024-03-18 20:06:42,485] {dagbag.py:507} INFO - Filling up the DagBag from /home/sheyla/Documents/Repositórios/apache-airflow-extracao-de-dados/venv/lib/python3.9/site-packages/airflow/example_dags/example_subdag_operator.py
[2024-03-18 20:06:42,498] {processor.py:651} INFO - DAG(s) dict_keys(['example_subdag_operator.section-1', 'example_subdag_operator.section-2', 'example_subdag_operator']) retrieved from /home/sheyla/Documents/Repositórios/apache-airflow-extracao-de-dados/venv/lib/python3.9/site-packages/airflow/example_dags/example_subdag_operator.py
[2024-03-18 20:06:42,509] {logging_mixin.py:115} INFO - [2024-03-18 20:06:42,509] {dag.py:2379} INFO - Sync 3 DAGs
[2024-03-18 20:06:42,519] {logging_mixin.py:115} INFO - [2024-03-18 20:06:42,519] {dag.py:2927} INFO - Setting next_dagrun for example_subdag_operator to 2022-01-01T00:00:00+00:00, run_after=2022-01-01T00:00:00+00:00
[2024-03-18 20:06:42,519] {logging_mixin.py:115} INFO - [2024-03-18 20:06:42,519] {dag.py:2927} INFO - Setting next_dagrun for example_subdag_operator.section-1 to None, run_after=None
[2024-03-18 20:06:42,519] {logging_mixin.py:115} INFO - [2024-03-18 20:06:42,519] {dag.py:2927} INFO - Setting next_dagrun for example_subdag_operator.section-2 to None, run_after=None
[2024-03-18 20:06:42,522] {logging_mixin.py:115} INFO - [2024-03-18 20:06:42,522] {dag.py:2379} INFO - Sync 2 DAGs
[2024-03-18 20:06:42,524] {logging_mixin.py:115} INFO - [2024-03-18 20:06:42,524] {dag.py:2927} INFO - Setting next_dagrun for example_subdag_operator.section-1 to None, run_after=None
[2024-03-18 20:06:42,524] {logging_mixin.py:115} INFO - [2024-03-18 20:06:42,524] {dag.py:2927} INFO - Setting next_dagrun for example_subdag_operator.section-2 to None, run_after=None
[2024-03-18 20:06:42,534] {processor.py:161} INFO - Processing /home/sheyla/Documents/Repositórios/apache-airflow-extracao-de-dados/venv/lib/python3.9/site-packages/airflow/example_dags/example_subdag_operator.py took 0.056 seconds
[2024-03-18 20:07:17,129] {processor.py:153} INFO - Started process (PID=1996371) to work on /home/sheyla/Documents/Repositórios/apache-airflow-extracao-de-dados/venv/lib/python3.9/site-packages/airflow/example_dags/example_subdag_operator.py
[2024-03-18 20:07:17,130] {processor.py:641} INFO - Processing file /home/sheyla/Documents/Repositórios/apache-airflow-extracao-de-dados/venv/lib/python3.9/site-packages/airflow/example_dags/example_subdag_operator.py for tasks to queue
[2024-03-18 20:07:17,131] {logging_mixin.py:115} INFO - [2024-03-18 20:07:17,131] {dagbag.py:507} INFO - Filling up the DagBag from /home/sheyla/Documents/Repositórios/apache-airflow-extracao-de-dados/venv/lib/python3.9/site-packages/airflow/example_dags/example_subdag_operator.py
[2024-03-18 20:07:17,165] {processor.py:651} INFO - DAG(s) dict_keys(['example_subdag_operator.section-1', 'example_subdag_operator.section-2', 'example_subdag_operator']) retrieved from /home/sheyla/Documents/Repositórios/apache-airflow-extracao-de-dados/venv/lib/python3.9/site-packages/airflow/example_dags/example_subdag_operator.py
[2024-03-18 20:07:17,177] {logging_mixin.py:115} INFO - [2024-03-18 20:07:17,177] {dag.py:2379} INFO - Sync 3 DAGs
[2024-03-18 20:07:17,188] {logging_mixin.py:115} INFO - [2024-03-18 20:07:17,187] {dag.py:2927} INFO - Setting next_dagrun for example_subdag_operator to 2022-01-01T00:00:00+00:00, run_after=2022-01-01T00:00:00+00:00
[2024-03-18 20:07:17,188] {logging_mixin.py:115} INFO - [2024-03-18 20:07:17,188] {dag.py:2927} INFO - Setting next_dagrun for example_subdag_operator.section-1 to None, run_after=None
[2024-03-18 20:07:17,188] {logging_mixin.py:115} INFO - [2024-03-18 20:07:17,188] {dag.py:2927} INFO - Setting next_dagrun for example_subdag_operator.section-2 to None, run_after=None
[2024-03-18 20:07:17,191] {logging_mixin.py:115} INFO - [2024-03-18 20:07:17,191] {dag.py:2379} INFO - Sync 2 DAGs
[2024-03-18 20:07:17,193] {logging_mixin.py:115} INFO - [2024-03-18 20:07:17,193] {dag.py:2927} INFO - Setting next_dagrun for example_subdag_operator.section-1 to None, run_after=None
[2024-03-18 20:07:17,193] {logging_mixin.py:115} INFO - [2024-03-18 20:07:17,193] {dag.py:2927} INFO - Setting next_dagrun for example_subdag_operator.section-2 to None, run_after=None
[2024-03-18 20:07:17,210] {processor.py:161} INFO - Processing /home/sheyla/Documents/Repositórios/apache-airflow-extracao-de-dados/venv/lib/python3.9/site-packages/airflow/example_dags/example_subdag_operator.py took 0.088 seconds
[2024-03-18 20:07:51,781] {processor.py:153} INFO - Started process (PID=1997190) to work on /home/sheyla/Documents/Repositórios/apache-airflow-extracao-de-dados/venv/lib/python3.9/site-packages/airflow/example_dags/example_subdag_operator.py
[2024-03-18 20:07:51,786] {processor.py:641} INFO - Processing file /home/sheyla/Documents/Repositórios/apache-airflow-extracao-de-dados/venv/lib/python3.9/site-packages/airflow/example_dags/example_subdag_operator.py for tasks to queue
[2024-03-18 20:07:51,787] {logging_mixin.py:115} INFO - [2024-03-18 20:07:51,787] {dagbag.py:507} INFO - Filling up the DagBag from /home/sheyla/Documents/Repositórios/apache-airflow-extracao-de-dados/venv/lib/python3.9/site-packages/airflow/example_dags/example_subdag_operator.py
[2024-03-18 20:07:51,810] {processor.py:651} INFO - DAG(s) dict_keys(['example_subdag_operator.section-1', 'example_subdag_operator.section-2', 'example_subdag_operator']) retrieved from /home/sheyla/Documents/Repositórios/apache-airflow-extracao-de-dados/venv/lib/python3.9/site-packages/airflow/example_dags/example_subdag_operator.py
[2024-03-18 20:07:51,825] {logging_mixin.py:115} INFO - [2024-03-18 20:07:51,825] {dag.py:2379} INFO - Sync 3 DAGs
[2024-03-18 20:07:51,837] {logging_mixin.py:115} INFO - [2024-03-18 20:07:51,837] {dag.py:2927} INFO - Setting next_dagrun for example_subdag_operator to 2022-01-01T00:00:00+00:00, run_after=2022-01-01T00:00:00+00:00
[2024-03-18 20:07:51,838] {logging_mixin.py:115} INFO - [2024-03-18 20:07:51,837] {dag.py:2927} INFO - Setting next_dagrun for example_subdag_operator.section-1 to None, run_after=None
[2024-03-18 20:07:51,838] {logging_mixin.py:115} INFO - [2024-03-18 20:07:51,838] {dag.py:2927} INFO - Setting next_dagrun for example_subdag_operator.section-2 to None, run_after=None
[2024-03-18 20:07:51,841] {logging_mixin.py:115} INFO - [2024-03-18 20:07:51,841] {dag.py:2379} INFO - Sync 2 DAGs
[2024-03-18 20:07:51,844] {logging_mixin.py:115} INFO - [2024-03-18 20:07:51,844] {dag.py:2927} INFO - Setting next_dagrun for example_subdag_operator.section-1 to None, run_after=None
[2024-03-18 20:07:51,844] {logging_mixin.py:115} INFO - [2024-03-18 20:07:51,844] {dag.py:2927} INFO - Setting next_dagrun for example_subdag_operator.section-2 to None, run_after=None
[2024-03-18 20:07:51,852] {processor.py:161} INFO - Processing /home/sheyla/Documents/Repositórios/apache-airflow-extracao-de-dados/venv/lib/python3.9/site-packages/airflow/example_dags/example_subdag_operator.py took 0.075 seconds
[2024-03-18 20:08:27,440] {processor.py:153} INFO - Started process (PID=1997993) to work on /home/sheyla/Documents/Repositórios/apache-airflow-extracao-de-dados/venv/lib/python3.9/site-packages/airflow/example_dags/example_subdag_operator.py
[2024-03-18 20:08:27,445] {processor.py:641} INFO - Processing file /home/sheyla/Documents/Repositórios/apache-airflow-extracao-de-dados/venv/lib/python3.9/site-packages/airflow/example_dags/example_subdag_operator.py for tasks to queue
[2024-03-18 20:08:27,446] {logging_mixin.py:115} INFO - [2024-03-18 20:08:27,446] {dagbag.py:507} INFO - Filling up the DagBag from /home/sheyla/Documents/Repositórios/apache-airflow-extracao-de-dados/venv/lib/python3.9/site-packages/airflow/example_dags/example_subdag_operator.py
[2024-03-18 20:08:27,460] {processor.py:651} INFO - DAG(s) dict_keys(['example_subdag_operator.section-1', 'example_subdag_operator.section-2', 'example_subdag_operator']) retrieved from /home/sheyla/Documents/Repositórios/apache-airflow-extracao-de-dados/venv/lib/python3.9/site-packages/airflow/example_dags/example_subdag_operator.py
[2024-03-18 20:08:27,471] {logging_mixin.py:115} INFO - [2024-03-18 20:08:27,471] {dag.py:2379} INFO - Sync 3 DAGs
[2024-03-18 20:08:27,482] {logging_mixin.py:115} INFO - [2024-03-18 20:08:27,482] {dag.py:2927} INFO - Setting next_dagrun for example_subdag_operator to 2022-01-01T00:00:00+00:00, run_after=2022-01-01T00:00:00+00:00
[2024-03-18 20:08:27,482] {logging_mixin.py:115} INFO - [2024-03-18 20:08:27,482] {dag.py:2927} INFO - Setting next_dagrun for example_subdag_operator.section-1 to None, run_after=None
[2024-03-18 20:08:27,482] {logging_mixin.py:115} INFO - [2024-03-18 20:08:27,482] {dag.py:2927} INFO - Setting next_dagrun for example_subdag_operator.section-2 to None, run_after=None
[2024-03-18 20:08:27,485] {logging_mixin.py:115} INFO - [2024-03-18 20:08:27,485] {dag.py:2379} INFO - Sync 2 DAGs
[2024-03-18 20:08:27,487] {logging_mixin.py:115} INFO - [2024-03-18 20:08:27,487] {dag.py:2927} INFO - Setting next_dagrun for example_subdag_operator.section-1 to None, run_after=None
[2024-03-18 20:08:27,487] {logging_mixin.py:115} INFO - [2024-03-18 20:08:27,487] {dag.py:2927} INFO - Setting next_dagrun for example_subdag_operator.section-2 to None, run_after=None
[2024-03-18 20:08:27,496] {processor.py:161} INFO - Processing /home/sheyla/Documents/Repositórios/apache-airflow-extracao-de-dados/venv/lib/python3.9/site-packages/airflow/example_dags/example_subdag_operator.py took 0.057 seconds
[2024-03-18 20:09:00,640] {processor.py:153} INFO - Started process (PID=1998706) to work on /home/sheyla/Documents/Repositórios/apache-airflow-extracao-de-dados/venv/lib/python3.9/site-packages/airflow/example_dags/example_subdag_operator.py
[2024-03-18 20:09:00,641] {processor.py:641} INFO - Processing file /home/sheyla/Documents/Repositórios/apache-airflow-extracao-de-dados/venv/lib/python3.9/site-packages/airflow/example_dags/example_subdag_operator.py for tasks to queue
[2024-03-18 20:09:00,642] {logging_mixin.py:115} INFO - [2024-03-18 20:09:00,642] {dagbag.py:507} INFO - Filling up the DagBag from /home/sheyla/Documents/Repositórios/apache-airflow-extracao-de-dados/venv/lib/python3.9/site-packages/airflow/example_dags/example_subdag_operator.py
[2024-03-18 20:09:00,666] {processor.py:651} INFO - DAG(s) dict_keys(['example_subdag_operator.section-1', 'example_subdag_operator.section-2', 'example_subdag_operator']) retrieved from /home/sheyla/Documents/Repositórios/apache-airflow-extracao-de-dados/venv/lib/python3.9/site-packages/airflow/example_dags/example_subdag_operator.py
[2024-03-18 20:09:00,679] {logging_mixin.py:115} INFO - [2024-03-18 20:09:00,679] {dag.py:2379} INFO - Sync 3 DAGs
[2024-03-18 20:09:00,690] {logging_mixin.py:115} INFO - [2024-03-18 20:09:00,690] {dag.py:2927} INFO - Setting next_dagrun for example_subdag_operator to 2022-01-01T00:00:00+00:00, run_after=2022-01-01T00:00:00+00:00
[2024-03-18 20:09:00,691] {logging_mixin.py:115} INFO - [2024-03-18 20:09:00,691] {dag.py:2927} INFO - Setting next_dagrun for example_subdag_operator.section-1 to None, run_after=None
[2024-03-18 20:09:00,691] {logging_mixin.py:115} INFO - [2024-03-18 20:09:00,691] {dag.py:2927} INFO - Setting next_dagrun for example_subdag_operator.section-2 to None, run_after=None
[2024-03-18 20:09:00,694] {logging_mixin.py:115} INFO - [2024-03-18 20:09:00,694] {dag.py:2379} INFO - Sync 2 DAGs
[2024-03-18 20:09:00,697] {logging_mixin.py:115} INFO - [2024-03-18 20:09:00,697] {dag.py:2927} INFO - Setting next_dagrun for example_subdag_operator.section-1 to None, run_after=None
[2024-03-18 20:09:00,697] {logging_mixin.py:115} INFO - [2024-03-18 20:09:00,697] {dag.py:2927} INFO - Setting next_dagrun for example_subdag_operator.section-2 to None, run_after=None
[2024-03-18 20:09:00,705] {processor.py:161} INFO - Processing /home/sheyla/Documents/Repositórios/apache-airflow-extracao-de-dados/venv/lib/python3.9/site-packages/airflow/example_dags/example_subdag_operator.py took 0.071 seconds
