[2024-03-18 19:57:16,455] {processor.py:153} INFO - Started process (PID=1990123) to work on /home/sheyla/Documents/Repositórios/apache-airflow-extracao-de-dados/venv/lib/python3.9/site-packages/airflow/example_dags/example_trigger_controller_dag.py
[2024-03-18 19:57:16,456] {processor.py:641} INFO - Processing file /home/sheyla/Documents/Repositórios/apache-airflow-extracao-de-dados/venv/lib/python3.9/site-packages/airflow/example_dags/example_trigger_controller_dag.py for tasks to queue
[2024-03-18 19:57:16,456] {logging_mixin.py:115} INFO - [2024-03-18 19:57:16,456] {dagbag.py:507} INFO - Filling up the DagBag from /home/sheyla/Documents/Repositórios/apache-airflow-extracao-de-dados/venv/lib/python3.9/site-packages/airflow/example_dags/example_trigger_controller_dag.py
[2024-03-18 19:57:16,459] {processor.py:651} INFO - DAG(s) dict_keys(['example_trigger_controller_dag']) retrieved from /home/sheyla/Documents/Repositórios/apache-airflow-extracao-de-dados/venv/lib/python3.9/site-packages/airflow/example_dags/example_trigger_controller_dag.py
[2024-03-18 19:57:16,561] {logging_mixin.py:115} INFO - [2024-03-18 19:57:16,561] {manager.py:508} INFO - Created Permission View: can delete on DAG:example_trigger_controller_dag
[2024-03-18 19:57:16,595] {logging_mixin.py:115} INFO - [2024-03-18 19:57:16,595] {manager.py:508} INFO - Created Permission View: can edit on DAG:example_trigger_controller_dag
[2024-03-18 19:57:16,629] {logging_mixin.py:115} INFO - [2024-03-18 19:57:16,629] {manager.py:508} INFO - Created Permission View: can read on DAG:example_trigger_controller_dag
[2024-03-18 19:57:16,629] {logging_mixin.py:115} INFO - [2024-03-18 19:57:16,629] {dag.py:2379} INFO - Sync 1 DAGs
[2024-03-18 19:57:16,633] {logging_mixin.py:115} INFO - [2024-03-18 19:57:16,633] {dag.py:2398} INFO - Creating ORM DAG for example_trigger_controller_dag
[2024-03-18 19:57:16,638] {logging_mixin.py:115} INFO - [2024-03-18 19:57:16,638] {dag.py:2927} INFO - Setting next_dagrun for example_trigger_controller_dag to 2021-01-01T00:00:00+00:00, run_after=2021-01-01T00:00:00+00:00
[2024-03-18 19:57:16,676] {processor.py:161} INFO - Processing /home/sheyla/Documents/Repositórios/apache-airflow-extracao-de-dados/venv/lib/python3.9/site-packages/airflow/example_dags/example_trigger_controller_dag.py took 0.224 seconds
[2024-03-18 19:57:52,896] {processor.py:153} INFO - Started process (PID=1990490) to work on /home/sheyla/Documents/Repositórios/apache-airflow-extracao-de-dados/venv/lib/python3.9/site-packages/airflow/example_dags/example_trigger_controller_dag.py
[2024-03-18 19:57:52,902] {processor.py:641} INFO - Processing file /home/sheyla/Documents/Repositórios/apache-airflow-extracao-de-dados/venv/lib/python3.9/site-packages/airflow/example_dags/example_trigger_controller_dag.py for tasks to queue
[2024-03-18 19:57:52,902] {logging_mixin.py:115} INFO - [2024-03-18 19:57:52,902] {dagbag.py:507} INFO - Filling up the DagBag from /home/sheyla/Documents/Repositórios/apache-airflow-extracao-de-dados/venv/lib/python3.9/site-packages/airflow/example_dags/example_trigger_controller_dag.py
[2024-03-18 19:57:52,906] {processor.py:651} INFO - DAG(s) dict_keys(['example_trigger_controller_dag']) retrieved from /home/sheyla/Documents/Repositórios/apache-airflow-extracao-de-dados/venv/lib/python3.9/site-packages/airflow/example_dags/example_trigger_controller_dag.py
[2024-03-18 19:57:52,923] {logging_mixin.py:115} INFO - [2024-03-18 19:57:52,923] {dag.py:2379} INFO - Sync 1 DAGs
[2024-03-18 19:57:52,938] {logging_mixin.py:115} INFO - [2024-03-18 19:57:52,938] {dag.py:2927} INFO - Setting next_dagrun for example_trigger_controller_dag to 2021-01-01T00:00:00+00:00, run_after=2021-01-01T00:00:00+00:00
[2024-03-18 19:57:52,952] {processor.py:161} INFO - Processing /home/sheyla/Documents/Repositórios/apache-airflow-extracao-de-dados/venv/lib/python3.9/site-packages/airflow/example_dags/example_trigger_controller_dag.py took 0.059 seconds
[2024-03-18 19:58:26,729] {processor.py:153} INFO - Started process (PID=1990825) to work on /home/sheyla/Documents/Repositórios/apache-airflow-extracao-de-dados/venv/lib/python3.9/site-packages/airflow/example_dags/example_trigger_controller_dag.py
[2024-03-18 19:58:26,736] {processor.py:641} INFO - Processing file /home/sheyla/Documents/Repositórios/apache-airflow-extracao-de-dados/venv/lib/python3.9/site-packages/airflow/example_dags/example_trigger_controller_dag.py for tasks to queue
[2024-03-18 19:58:26,737] {logging_mixin.py:115} INFO - [2024-03-18 19:58:26,737] {dagbag.py:507} INFO - Filling up the DagBag from /home/sheyla/Documents/Repositórios/apache-airflow-extracao-de-dados/venv/lib/python3.9/site-packages/airflow/example_dags/example_trigger_controller_dag.py
[2024-03-18 19:58:26,744] {processor.py:651} INFO - DAG(s) dict_keys(['example_trigger_controller_dag']) retrieved from /home/sheyla/Documents/Repositórios/apache-airflow-extracao-de-dados/venv/lib/python3.9/site-packages/airflow/example_dags/example_trigger_controller_dag.py
[2024-03-18 19:58:26,775] {logging_mixin.py:115} INFO - [2024-03-18 19:58:26,775] {dag.py:2379} INFO - Sync 1 DAGs
[2024-03-18 19:58:26,791] {logging_mixin.py:115} INFO - [2024-03-18 19:58:26,791] {dag.py:2927} INFO - Setting next_dagrun for example_trigger_controller_dag to 2021-01-01T00:00:00+00:00, run_after=2021-01-01T00:00:00+00:00
[2024-03-18 19:58:26,804] {processor.py:161} INFO - Processing /home/sheyla/Documents/Repositórios/apache-airflow-extracao-de-dados/venv/lib/python3.9/site-packages/airflow/example_dags/example_trigger_controller_dag.py took 0.081 seconds
[2024-03-18 19:58:59,216] {processor.py:153} INFO - Started process (PID=1991145) to work on /home/sheyla/Documents/Repositórios/apache-airflow-extracao-de-dados/venv/lib/python3.9/site-packages/airflow/example_dags/example_trigger_controller_dag.py
[2024-03-18 19:58:59,222] {processor.py:641} INFO - Processing file /home/sheyla/Documents/Repositórios/apache-airflow-extracao-de-dados/venv/lib/python3.9/site-packages/airflow/example_dags/example_trigger_controller_dag.py for tasks to queue
[2024-03-18 19:58:59,224] {logging_mixin.py:115} INFO - [2024-03-18 19:58:59,223] {dagbag.py:507} INFO - Filling up the DagBag from /home/sheyla/Documents/Repositórios/apache-airflow-extracao-de-dados/venv/lib/python3.9/site-packages/airflow/example_dags/example_trigger_controller_dag.py
[2024-03-18 19:58:59,231] {processor.py:651} INFO - DAG(s) dict_keys(['example_trigger_controller_dag']) retrieved from /home/sheyla/Documents/Repositórios/apache-airflow-extracao-de-dados/venv/lib/python3.9/site-packages/airflow/example_dags/example_trigger_controller_dag.py
[2024-03-18 19:58:59,260] {logging_mixin.py:115} INFO - [2024-03-18 19:58:59,260] {dag.py:2379} INFO - Sync 1 DAGs
[2024-03-18 19:58:59,276] {logging_mixin.py:115} INFO - [2024-03-18 19:58:59,276] {dag.py:2927} INFO - Setting next_dagrun for example_trigger_controller_dag to 2021-01-01T00:00:00+00:00, run_after=2021-01-01T00:00:00+00:00
[2024-03-18 19:58:59,289] {processor.py:161} INFO - Processing /home/sheyla/Documents/Repositórios/apache-airflow-extracao-de-dados/venv/lib/python3.9/site-packages/airflow/example_dags/example_trigger_controller_dag.py took 0.080 seconds
[2024-03-18 19:59:32,887] {processor.py:153} INFO - Started process (PID=1991483) to work on /home/sheyla/Documents/Repositórios/apache-airflow-extracao-de-dados/venv/lib/python3.9/site-packages/airflow/example_dags/example_trigger_controller_dag.py
[2024-03-18 19:59:32,891] {processor.py:641} INFO - Processing file /home/sheyla/Documents/Repositórios/apache-airflow-extracao-de-dados/venv/lib/python3.9/site-packages/airflow/example_dags/example_trigger_controller_dag.py for tasks to queue
[2024-03-18 19:59:32,891] {logging_mixin.py:115} INFO - [2024-03-18 19:59:32,891] {dagbag.py:507} INFO - Filling up the DagBag from /home/sheyla/Documents/Repositórios/apache-airflow-extracao-de-dados/venv/lib/python3.9/site-packages/airflow/example_dags/example_trigger_controller_dag.py
[2024-03-18 19:59:32,895] {processor.py:651} INFO - DAG(s) dict_keys(['example_trigger_controller_dag']) retrieved from /home/sheyla/Documents/Repositórios/apache-airflow-extracao-de-dados/venv/lib/python3.9/site-packages/airflow/example_dags/example_trigger_controller_dag.py
[2024-03-18 19:59:32,917] {logging_mixin.py:115} INFO - [2024-03-18 19:59:32,917] {dag.py:2379} INFO - Sync 1 DAGs
[2024-03-18 19:59:32,935] {logging_mixin.py:115} INFO - [2024-03-18 19:59:32,935] {dag.py:2927} INFO - Setting next_dagrun for example_trigger_controller_dag to 2021-01-01T00:00:00+00:00, run_after=2021-01-01T00:00:00+00:00
[2024-03-18 19:59:32,946] {processor.py:161} INFO - Processing /home/sheyla/Documents/Repositórios/apache-airflow-extracao-de-dados/venv/lib/python3.9/site-packages/airflow/example_dags/example_trigger_controller_dag.py took 0.061 seconds
[2024-03-18 20:00:07,104] {processor.py:153} INFO - Started process (PID=1991850) to work on /home/sheyla/Documents/Repositórios/apache-airflow-extracao-de-dados/venv/lib/python3.9/site-packages/airflow/example_dags/example_trigger_controller_dag.py
[2024-03-18 20:00:07,126] {processor.py:641} INFO - Processing file /home/sheyla/Documents/Repositórios/apache-airflow-extracao-de-dados/venv/lib/python3.9/site-packages/airflow/example_dags/example_trigger_controller_dag.py for tasks to queue
[2024-03-18 20:00:07,127] {logging_mixin.py:115} INFO - [2024-03-18 20:00:07,127] {dagbag.py:507} INFO - Filling up the DagBag from /home/sheyla/Documents/Repositórios/apache-airflow-extracao-de-dados/venv/lib/python3.9/site-packages/airflow/example_dags/example_trigger_controller_dag.py
[2024-03-18 20:00:07,129] {processor.py:651} INFO - DAG(s) dict_keys(['example_trigger_controller_dag']) retrieved from /home/sheyla/Documents/Repositórios/apache-airflow-extracao-de-dados/venv/lib/python3.9/site-packages/airflow/example_dags/example_trigger_controller_dag.py
[2024-03-18 20:00:07,140] {logging_mixin.py:115} INFO - [2024-03-18 20:00:07,140] {dag.py:2379} INFO - Sync 1 DAGs
[2024-03-18 20:00:07,153] {logging_mixin.py:115} INFO - [2024-03-18 20:00:07,153] {dag.py:2927} INFO - Setting next_dagrun for example_trigger_controller_dag to 2021-01-01T00:00:00+00:00, run_after=2021-01-01T00:00:00+00:00
[2024-03-18 20:00:07,166] {processor.py:161} INFO - Processing /home/sheyla/Documents/Repositórios/apache-airflow-extracao-de-dados/venv/lib/python3.9/site-packages/airflow/example_dags/example_trigger_controller_dag.py took 0.063 seconds
[2024-03-18 20:00:42,639] {processor.py:153} INFO - Started process (PID=1992275) to work on /home/sheyla/Documents/Repositórios/apache-airflow-extracao-de-dados/venv/lib/python3.9/site-packages/airflow/example_dags/example_trigger_controller_dag.py
[2024-03-18 20:00:42,646] {processor.py:641} INFO - Processing file /home/sheyla/Documents/Repositórios/apache-airflow-extracao-de-dados/venv/lib/python3.9/site-packages/airflow/example_dags/example_trigger_controller_dag.py for tasks to queue
[2024-03-18 20:00:42,647] {logging_mixin.py:115} INFO - [2024-03-18 20:00:42,647] {dagbag.py:507} INFO - Filling up the DagBag from /home/sheyla/Documents/Repositórios/apache-airflow-extracao-de-dados/venv/lib/python3.9/site-packages/airflow/example_dags/example_trigger_controller_dag.py
[2024-03-18 20:00:42,654] {processor.py:651} INFO - DAG(s) dict_keys(['example_trigger_controller_dag']) retrieved from /home/sheyla/Documents/Repositórios/apache-airflow-extracao-de-dados/venv/lib/python3.9/site-packages/airflow/example_dags/example_trigger_controller_dag.py
[2024-03-18 20:00:42,682] {logging_mixin.py:115} INFO - [2024-03-18 20:00:42,682] {dag.py:2379} INFO - Sync 1 DAGs
[2024-03-18 20:00:42,698] {logging_mixin.py:115} INFO - [2024-03-18 20:00:42,698] {dag.py:2927} INFO - Setting next_dagrun for example_trigger_controller_dag to 2021-01-01T00:00:00+00:00, run_after=2021-01-01T00:00:00+00:00
[2024-03-18 20:00:42,711] {processor.py:161} INFO - Processing /home/sheyla/Documents/Repositórios/apache-airflow-extracao-de-dados/venv/lib/python3.9/site-packages/airflow/example_dags/example_trigger_controller_dag.py took 0.079 seconds
[2024-03-18 20:01:14,789] {processor.py:153} INFO - Started process (PID=1992591) to work on /home/sheyla/Documents/Repositórios/apache-airflow-extracao-de-dados/venv/lib/python3.9/site-packages/airflow/example_dags/example_trigger_controller_dag.py
[2024-03-18 20:01:14,795] {processor.py:641} INFO - Processing file /home/sheyla/Documents/Repositórios/apache-airflow-extracao-de-dados/venv/lib/python3.9/site-packages/airflow/example_dags/example_trigger_controller_dag.py for tasks to queue
[2024-03-18 20:01:14,795] {logging_mixin.py:115} INFO - [2024-03-18 20:01:14,795] {dagbag.py:507} INFO - Filling up the DagBag from /home/sheyla/Documents/Repositórios/apache-airflow-extracao-de-dados/venv/lib/python3.9/site-packages/airflow/example_dags/example_trigger_controller_dag.py
[2024-03-18 20:01:14,799] {processor.py:651} INFO - DAG(s) dict_keys(['example_trigger_controller_dag']) retrieved from /home/sheyla/Documents/Repositórios/apache-airflow-extracao-de-dados/venv/lib/python3.9/site-packages/airflow/example_dags/example_trigger_controller_dag.py
[2024-03-18 20:01:14,821] {logging_mixin.py:115} INFO - [2024-03-18 20:01:14,821] {dag.py:2379} INFO - Sync 1 DAGs
[2024-03-18 20:01:14,840] {logging_mixin.py:115} INFO - [2024-03-18 20:01:14,839] {dag.py:2927} INFO - Setting next_dagrun for example_trigger_controller_dag to 2021-01-01T00:00:00+00:00, run_after=2021-01-01T00:00:00+00:00
[2024-03-18 20:01:14,852] {processor.py:161} INFO - Processing /home/sheyla/Documents/Repositórios/apache-airflow-extracao-de-dados/venv/lib/python3.9/site-packages/airflow/example_dags/example_trigger_controller_dag.py took 0.065 seconds
[2024-03-18 20:01:47,445] {processor.py:153} INFO - Started process (PID=1992946) to work on /home/sheyla/Documents/Repositórios/apache-airflow-extracao-de-dados/venv/lib/python3.9/site-packages/airflow/example_dags/example_trigger_controller_dag.py
[2024-03-18 20:01:47,447] {processor.py:641} INFO - Processing file /home/sheyla/Documents/Repositórios/apache-airflow-extracao-de-dados/venv/lib/python3.9/site-packages/airflow/example_dags/example_trigger_controller_dag.py for tasks to queue
[2024-03-18 20:01:47,448] {logging_mixin.py:115} INFO - [2024-03-18 20:01:47,447] {dagbag.py:507} INFO - Filling up the DagBag from /home/sheyla/Documents/Repositórios/apache-airflow-extracao-de-dados/venv/lib/python3.9/site-packages/airflow/example_dags/example_trigger_controller_dag.py
[2024-03-18 20:01:47,455] {processor.py:651} INFO - DAG(s) dict_keys(['example_trigger_controller_dag']) retrieved from /home/sheyla/Documents/Repositórios/apache-airflow-extracao-de-dados/venv/lib/python3.9/site-packages/airflow/example_dags/example_trigger_controller_dag.py
[2024-03-18 20:01:47,480] {logging_mixin.py:115} INFO - [2024-03-18 20:01:47,479] {dag.py:2379} INFO - Sync 1 DAGs
[2024-03-18 20:01:47,495] {logging_mixin.py:115} INFO - [2024-03-18 20:01:47,494] {dag.py:2927} INFO - Setting next_dagrun for example_trigger_controller_dag to 2021-01-01T00:00:00+00:00, run_after=2021-01-01T00:00:00+00:00
[2024-03-18 20:01:47,505] {processor.py:161} INFO - Processing /home/sheyla/Documents/Repositórios/apache-airflow-extracao-de-dados/venv/lib/python3.9/site-packages/airflow/example_dags/example_trigger_controller_dag.py took 0.066 seconds
[2024-03-18 20:02:22,081] {processor.py:153} INFO - Started process (PID=1993295) to work on /home/sheyla/Documents/Repositórios/apache-airflow-extracao-de-dados/venv/lib/python3.9/site-packages/airflow/example_dags/example_trigger_controller_dag.py
[2024-03-18 20:02:22,087] {processor.py:641} INFO - Processing file /home/sheyla/Documents/Repositórios/apache-airflow-extracao-de-dados/venv/lib/python3.9/site-packages/airflow/example_dags/example_trigger_controller_dag.py for tasks to queue
[2024-03-18 20:02:22,088] {logging_mixin.py:115} INFO - [2024-03-18 20:02:22,088] {dagbag.py:507} INFO - Filling up the DagBag from /home/sheyla/Documents/Repositórios/apache-airflow-extracao-de-dados/venv/lib/python3.9/site-packages/airflow/example_dags/example_trigger_controller_dag.py
[2024-03-18 20:02:22,095] {processor.py:651} INFO - DAG(s) dict_keys(['example_trigger_controller_dag']) retrieved from /home/sheyla/Documents/Repositórios/apache-airflow-extracao-de-dados/venv/lib/python3.9/site-packages/airflow/example_dags/example_trigger_controller_dag.py
[2024-03-18 20:02:22,122] {logging_mixin.py:115} INFO - [2024-03-18 20:02:22,122] {dag.py:2379} INFO - Sync 1 DAGs
[2024-03-18 20:02:22,137] {logging_mixin.py:115} INFO - [2024-03-18 20:02:22,137] {dag.py:2927} INFO - Setting next_dagrun for example_trigger_controller_dag to 2021-01-01T00:00:00+00:00, run_after=2021-01-01T00:00:00+00:00
[2024-03-18 20:02:22,150] {processor.py:161} INFO - Processing /home/sheyla/Documents/Repositórios/apache-airflow-extracao-de-dados/venv/lib/python3.9/site-packages/airflow/example_dags/example_trigger_controller_dag.py took 0.071 seconds
[2024-03-18 20:02:54,213] {processor.py:153} INFO - Started process (PID=1993614) to work on /home/sheyla/Documents/Repositórios/apache-airflow-extracao-de-dados/venv/lib/python3.9/site-packages/airflow/example_dags/example_trigger_controller_dag.py
[2024-03-18 20:02:54,219] {processor.py:641} INFO - Processing file /home/sheyla/Documents/Repositórios/apache-airflow-extracao-de-dados/venv/lib/python3.9/site-packages/airflow/example_dags/example_trigger_controller_dag.py for tasks to queue
[2024-03-18 20:02:54,221] {logging_mixin.py:115} INFO - [2024-03-18 20:02:54,220] {dagbag.py:507} INFO - Filling up the DagBag from /home/sheyla/Documents/Repositórios/apache-airflow-extracao-de-dados/venv/lib/python3.9/site-packages/airflow/example_dags/example_trigger_controller_dag.py
[2024-03-18 20:02:54,228] {processor.py:651} INFO - DAG(s) dict_keys(['example_trigger_controller_dag']) retrieved from /home/sheyla/Documents/Repositórios/apache-airflow-extracao-de-dados/venv/lib/python3.9/site-packages/airflow/example_dags/example_trigger_controller_dag.py
[2024-03-18 20:02:54,257] {logging_mixin.py:115} INFO - [2024-03-18 20:02:54,257] {dag.py:2379} INFO - Sync 1 DAGs
[2024-03-18 20:02:54,273] {logging_mixin.py:115} INFO - [2024-03-18 20:02:54,273] {dag.py:2927} INFO - Setting next_dagrun for example_trigger_controller_dag to 2021-01-01T00:00:00+00:00, run_after=2021-01-01T00:00:00+00:00
[2024-03-18 20:02:54,284] {processor.py:161} INFO - Processing /home/sheyla/Documents/Repositórios/apache-airflow-extracao-de-dados/venv/lib/python3.9/site-packages/airflow/example_dags/example_trigger_controller_dag.py took 0.075 seconds
[2024-03-18 20:03:27,888] {processor.py:153} INFO - Started process (PID=1993951) to work on /home/sheyla/Documents/Repositórios/apache-airflow-extracao-de-dados/venv/lib/python3.9/site-packages/airflow/example_dags/example_trigger_controller_dag.py
[2024-03-18 20:03:27,889] {processor.py:641} INFO - Processing file /home/sheyla/Documents/Repositórios/apache-airflow-extracao-de-dados/venv/lib/python3.9/site-packages/airflow/example_dags/example_trigger_controller_dag.py for tasks to queue
[2024-03-18 20:03:27,890] {logging_mixin.py:115} INFO - [2024-03-18 20:03:27,890] {dagbag.py:507} INFO - Filling up the DagBag from /home/sheyla/Documents/Repositórios/apache-airflow-extracao-de-dados/venv/lib/python3.9/site-packages/airflow/example_dags/example_trigger_controller_dag.py
[2024-03-18 20:03:27,897] {processor.py:651} INFO - DAG(s) dict_keys(['example_trigger_controller_dag']) retrieved from /home/sheyla/Documents/Repositórios/apache-airflow-extracao-de-dados/venv/lib/python3.9/site-packages/airflow/example_dags/example_trigger_controller_dag.py
[2024-03-18 20:03:27,921] {logging_mixin.py:115} INFO - [2024-03-18 20:03:27,921] {dag.py:2379} INFO - Sync 1 DAGs
[2024-03-18 20:03:27,936] {logging_mixin.py:115} INFO - [2024-03-18 20:03:27,936] {dag.py:2927} INFO - Setting next_dagrun for example_trigger_controller_dag to 2021-01-01T00:00:00+00:00, run_after=2021-01-01T00:00:00+00:00
[2024-03-18 20:03:27,946] {processor.py:161} INFO - Processing /home/sheyla/Documents/Repositórios/apache-airflow-extracao-de-dados/venv/lib/python3.9/site-packages/airflow/example_dags/example_trigger_controller_dag.py took 0.065 seconds
[2024-03-18 20:04:00,058] {processor.py:153} INFO - Started process (PID=1994265) to work on /home/sheyla/Documents/Repositórios/apache-airflow-extracao-de-dados/venv/lib/python3.9/site-packages/airflow/example_dags/example_trigger_controller_dag.py
[2024-03-18 20:04:00,064] {processor.py:641} INFO - Processing file /home/sheyla/Documents/Repositórios/apache-airflow-extracao-de-dados/venv/lib/python3.9/site-packages/airflow/example_dags/example_trigger_controller_dag.py for tasks to queue
[2024-03-18 20:04:00,065] {logging_mixin.py:115} INFO - [2024-03-18 20:04:00,065] {dagbag.py:507} INFO - Filling up the DagBag from /home/sheyla/Documents/Repositórios/apache-airflow-extracao-de-dados/venv/lib/python3.9/site-packages/airflow/example_dags/example_trigger_controller_dag.py
[2024-03-18 20:04:00,072] {processor.py:651} INFO - DAG(s) dict_keys(['example_trigger_controller_dag']) retrieved from /home/sheyla/Documents/Repositórios/apache-airflow-extracao-de-dados/venv/lib/python3.9/site-packages/airflow/example_dags/example_trigger_controller_dag.py
[2024-03-18 20:04:00,097] {logging_mixin.py:115} INFO - [2024-03-18 20:04:00,097] {dag.py:2379} INFO - Sync 1 DAGs
[2024-03-18 20:04:00,112] {logging_mixin.py:115} INFO - [2024-03-18 20:04:00,112] {dag.py:2927} INFO - Setting next_dagrun for example_trigger_controller_dag to 2021-01-01T00:00:00+00:00, run_after=2021-01-01T00:00:00+00:00
[2024-03-18 20:04:00,129] {processor.py:161} INFO - Processing /home/sheyla/Documents/Repositórios/apache-airflow-extracao-de-dados/venv/lib/python3.9/site-packages/airflow/example_dags/example_trigger_controller_dag.py took 0.077 seconds
[2024-03-18 20:04:32,622] {processor.py:153} INFO - Started process (PID=1994595) to work on /home/sheyla/Documents/Repositórios/apache-airflow-extracao-de-dados/venv/lib/python3.9/site-packages/airflow/example_dags/example_trigger_controller_dag.py
[2024-03-18 20:04:32,625] {processor.py:641} INFO - Processing file /home/sheyla/Documents/Repositórios/apache-airflow-extracao-de-dados/venv/lib/python3.9/site-packages/airflow/example_dags/example_trigger_controller_dag.py for tasks to queue
[2024-03-18 20:04:32,626] {logging_mixin.py:115} INFO - [2024-03-18 20:04:32,626] {dagbag.py:507} INFO - Filling up the DagBag from /home/sheyla/Documents/Repositórios/apache-airflow-extracao-de-dados/venv/lib/python3.9/site-packages/airflow/example_dags/example_trigger_controller_dag.py
[2024-03-18 20:04:32,630] {processor.py:651} INFO - DAG(s) dict_keys(['example_trigger_controller_dag']) retrieved from /home/sheyla/Documents/Repositórios/apache-airflow-extracao-de-dados/venv/lib/python3.9/site-packages/airflow/example_dags/example_trigger_controller_dag.py
[2024-03-18 20:04:32,649] {logging_mixin.py:115} INFO - [2024-03-18 20:04:32,649] {dag.py:2379} INFO - Sync 1 DAGs
[2024-03-18 20:04:32,667] {logging_mixin.py:115} INFO - [2024-03-18 20:04:32,667] {dag.py:2927} INFO - Setting next_dagrun for example_trigger_controller_dag to 2021-01-01T00:00:00+00:00, run_after=2021-01-01T00:00:00+00:00
[2024-03-18 20:04:32,677] {processor.py:161} INFO - Processing /home/sheyla/Documents/Repositórios/apache-airflow-extracao-de-dados/venv/lib/python3.9/site-packages/airflow/example_dags/example_trigger_controller_dag.py took 0.057 seconds
[2024-03-18 20:05:05,875] {processor.py:153} INFO - Started process (PID=1994927) to work on /home/sheyla/Documents/Repositórios/apache-airflow-extracao-de-dados/venv/lib/python3.9/site-packages/airflow/example_dags/example_trigger_controller_dag.py
[2024-03-18 20:05:05,875] {processor.py:641} INFO - Processing file /home/sheyla/Documents/Repositórios/apache-airflow-extracao-de-dados/venv/lib/python3.9/site-packages/airflow/example_dags/example_trigger_controller_dag.py for tasks to queue
[2024-03-18 20:05:05,876] {logging_mixin.py:115} INFO - [2024-03-18 20:05:05,876] {dagbag.py:507} INFO - Filling up the DagBag from /home/sheyla/Documents/Repositórios/apache-airflow-extracao-de-dados/venv/lib/python3.9/site-packages/airflow/example_dags/example_trigger_controller_dag.py
[2024-03-18 20:05:05,878] {processor.py:651} INFO - DAG(s) dict_keys(['example_trigger_controller_dag']) retrieved from /home/sheyla/Documents/Repositórios/apache-airflow-extracao-de-dados/venv/lib/python3.9/site-packages/airflow/example_dags/example_trigger_controller_dag.py
[2024-03-18 20:05:05,889] {logging_mixin.py:115} INFO - [2024-03-18 20:05:05,889] {dag.py:2379} INFO - Sync 1 DAGs
[2024-03-18 20:05:05,903] {logging_mixin.py:115} INFO - [2024-03-18 20:05:05,903] {dag.py:2927} INFO - Setting next_dagrun for example_trigger_controller_dag to 2021-01-01T00:00:00+00:00, run_after=2021-01-01T00:00:00+00:00
[2024-03-18 20:05:05,916] {processor.py:161} INFO - Processing /home/sheyla/Documents/Repositórios/apache-airflow-extracao-de-dados/venv/lib/python3.9/site-packages/airflow/example_dags/example_trigger_controller_dag.py took 0.043 seconds
[2024-03-18 20:05:39,727] {processor.py:153} INFO - Started process (PID=1995283) to work on /home/sheyla/Documents/Repositórios/apache-airflow-extracao-de-dados/venv/lib/python3.9/site-packages/airflow/example_dags/example_trigger_controller_dag.py
[2024-03-18 20:05:39,733] {processor.py:641} INFO - Processing file /home/sheyla/Documents/Repositórios/apache-airflow-extracao-de-dados/venv/lib/python3.9/site-packages/airflow/example_dags/example_trigger_controller_dag.py for tasks to queue
[2024-03-18 20:05:39,734] {logging_mixin.py:115} INFO - [2024-03-18 20:05:39,734] {dagbag.py:507} INFO - Filling up the DagBag from /home/sheyla/Documents/Repositórios/apache-airflow-extracao-de-dados/venv/lib/python3.9/site-packages/airflow/example_dags/example_trigger_controller_dag.py
[2024-03-18 20:05:39,740] {processor.py:651} INFO - DAG(s) dict_keys(['example_trigger_controller_dag']) retrieved from /home/sheyla/Documents/Repositórios/apache-airflow-extracao-de-dados/venv/lib/python3.9/site-packages/airflow/example_dags/example_trigger_controller_dag.py
[2024-03-18 20:05:39,767] {logging_mixin.py:115} INFO - [2024-03-18 20:05:39,767] {dag.py:2379} INFO - Sync 1 DAGs
[2024-03-18 20:05:39,783] {logging_mixin.py:115} INFO - [2024-03-18 20:05:39,783] {dag.py:2927} INFO - Setting next_dagrun for example_trigger_controller_dag to 2021-01-01T00:00:00+00:00, run_after=2021-01-01T00:00:00+00:00
[2024-03-18 20:05:39,804] {processor.py:161} INFO - Processing /home/sheyla/Documents/Repositórios/apache-airflow-extracao-de-dados/venv/lib/python3.9/site-packages/airflow/example_dags/example_trigger_controller_dag.py took 0.078 seconds
[2024-03-18 20:06:12,996] {processor.py:153} INFO - Started process (PID=1995708) to work on /home/sheyla/Documents/Repositórios/apache-airflow-extracao-de-dados/venv/lib/python3.9/site-packages/airflow/example_dags/example_trigger_controller_dag.py
[2024-03-18 20:06:13,002] {processor.py:641} INFO - Processing file /home/sheyla/Documents/Repositórios/apache-airflow-extracao-de-dados/venv/lib/python3.9/site-packages/airflow/example_dags/example_trigger_controller_dag.py for tasks to queue
[2024-03-18 20:06:13,003] {logging_mixin.py:115} INFO - [2024-03-18 20:06:13,003] {dagbag.py:507} INFO - Filling up the DagBag from /home/sheyla/Documents/Repositórios/apache-airflow-extracao-de-dados/venv/lib/python3.9/site-packages/airflow/example_dags/example_trigger_controller_dag.py
[2024-03-18 20:06:13,009] {processor.py:651} INFO - DAG(s) dict_keys(['example_trigger_controller_dag']) retrieved from /home/sheyla/Documents/Repositórios/apache-airflow-extracao-de-dados/venv/lib/python3.9/site-packages/airflow/example_dags/example_trigger_controller_dag.py
[2024-03-18 20:06:13,039] {logging_mixin.py:115} INFO - [2024-03-18 20:06:13,039] {dag.py:2379} INFO - Sync 1 DAGs
[2024-03-18 20:06:13,056] {logging_mixin.py:115} INFO - [2024-03-18 20:06:13,056] {dag.py:2927} INFO - Setting next_dagrun for example_trigger_controller_dag to 2021-01-01T00:00:00+00:00, run_after=2021-01-01T00:00:00+00:00
[2024-03-18 20:06:13,069] {processor.py:161} INFO - Processing /home/sheyla/Documents/Repositórios/apache-airflow-extracao-de-dados/venv/lib/python3.9/site-packages/airflow/example_dags/example_trigger_controller_dag.py took 0.076 seconds
[2024-03-18 20:06:48,599] {processor.py:153} INFO - Started process (PID=1996081) to work on /home/sheyla/Documents/Repositórios/apache-airflow-extracao-de-dados/venv/lib/python3.9/site-packages/airflow/example_dags/example_trigger_controller_dag.py
[2024-03-18 20:06:48,618] {processor.py:641} INFO - Processing file /home/sheyla/Documents/Repositórios/apache-airflow-extracao-de-dados/venv/lib/python3.9/site-packages/airflow/example_dags/example_trigger_controller_dag.py for tasks to queue
[2024-03-18 20:06:48,620] {logging_mixin.py:115} INFO - [2024-03-18 20:06:48,619] {dagbag.py:507} INFO - Filling up the DagBag from /home/sheyla/Documents/Repositórios/apache-airflow-extracao-de-dados/venv/lib/python3.9/site-packages/airflow/example_dags/example_trigger_controller_dag.py
[2024-03-18 20:06:48,627] {processor.py:651} INFO - DAG(s) dict_keys(['example_trigger_controller_dag']) retrieved from /home/sheyla/Documents/Repositórios/apache-airflow-extracao-de-dados/venv/lib/python3.9/site-packages/airflow/example_dags/example_trigger_controller_dag.py
[2024-03-18 20:06:48,661] {logging_mixin.py:115} INFO - [2024-03-18 20:06:48,661] {dag.py:2379} INFO - Sync 1 DAGs
[2024-03-18 20:06:48,675] {logging_mixin.py:115} INFO - [2024-03-18 20:06:48,675] {dag.py:2927} INFO - Setting next_dagrun for example_trigger_controller_dag to 2021-01-01T00:00:00+00:00, run_after=2021-01-01T00:00:00+00:00
[2024-03-18 20:06:48,686] {processor.py:161} INFO - Processing /home/sheyla/Documents/Repositórios/apache-airflow-extracao-de-dados/venv/lib/python3.9/site-packages/airflow/example_dags/example_trigger_controller_dag.py took 0.095 seconds
[2024-03-18 20:07:22,528] {processor.py:153} INFO - Started process (PID=1996425) to work on /home/sheyla/Documents/Repositórios/apache-airflow-extracao-de-dados/venv/lib/python3.9/site-packages/airflow/example_dags/example_trigger_controller_dag.py
[2024-03-18 20:07:22,533] {processor.py:641} INFO - Processing file /home/sheyla/Documents/Repositórios/apache-airflow-extracao-de-dados/venv/lib/python3.9/site-packages/airflow/example_dags/example_trigger_controller_dag.py for tasks to queue
[2024-03-18 20:07:22,534] {logging_mixin.py:115} INFO - [2024-03-18 20:07:22,534] {dagbag.py:507} INFO - Filling up the DagBag from /home/sheyla/Documents/Repositórios/apache-airflow-extracao-de-dados/venv/lib/python3.9/site-packages/airflow/example_dags/example_trigger_controller_dag.py
[2024-03-18 20:07:22,537] {processor.py:651} INFO - DAG(s) dict_keys(['example_trigger_controller_dag']) retrieved from /home/sheyla/Documents/Repositórios/apache-airflow-extracao-de-dados/venv/lib/python3.9/site-packages/airflow/example_dags/example_trigger_controller_dag.py
[2024-03-18 20:07:22,551] {logging_mixin.py:115} INFO - [2024-03-18 20:07:22,551] {dag.py:2379} INFO - Sync 1 DAGs
[2024-03-18 20:07:22,562] {logging_mixin.py:115} INFO - [2024-03-18 20:07:22,562] {dag.py:2927} INFO - Setting next_dagrun for example_trigger_controller_dag to 2021-01-01T00:00:00+00:00, run_after=2021-01-01T00:00:00+00:00
[2024-03-18 20:07:22,575] {processor.py:161} INFO - Processing /home/sheyla/Documents/Repositórios/apache-airflow-extracao-de-dados/venv/lib/python3.9/site-packages/airflow/example_dags/example_trigger_controller_dag.py took 0.050 seconds
[2024-03-18 20:07:57,597] {processor.py:153} INFO - Started process (PID=1997347) to work on /home/sheyla/Documents/Repositórios/apache-airflow-extracao-de-dados/venv/lib/python3.9/site-packages/airflow/example_dags/example_trigger_controller_dag.py
[2024-03-18 20:07:57,598] {processor.py:641} INFO - Processing file /home/sheyla/Documents/Repositórios/apache-airflow-extracao-de-dados/venv/lib/python3.9/site-packages/airflow/example_dags/example_trigger_controller_dag.py for tasks to queue
[2024-03-18 20:07:57,598] {logging_mixin.py:115} INFO - [2024-03-18 20:07:57,598] {dagbag.py:507} INFO - Filling up the DagBag from /home/sheyla/Documents/Repositórios/apache-airflow-extracao-de-dados/venv/lib/python3.9/site-packages/airflow/example_dags/example_trigger_controller_dag.py
[2024-03-18 20:07:57,601] {processor.py:651} INFO - DAG(s) dict_keys(['example_trigger_controller_dag']) retrieved from /home/sheyla/Documents/Repositórios/apache-airflow-extracao-de-dados/venv/lib/python3.9/site-packages/airflow/example_dags/example_trigger_controller_dag.py
[2024-03-18 20:07:57,614] {logging_mixin.py:115} INFO - [2024-03-18 20:07:57,614] {dag.py:2379} INFO - Sync 1 DAGs
[2024-03-18 20:07:57,628] {logging_mixin.py:115} INFO - [2024-03-18 20:07:57,628] {dag.py:2927} INFO - Setting next_dagrun for example_trigger_controller_dag to 2021-01-01T00:00:00+00:00, run_after=2021-01-01T00:00:00+00:00
[2024-03-18 20:07:57,640] {processor.py:161} INFO - Processing /home/sheyla/Documents/Repositórios/apache-airflow-extracao-de-dados/venv/lib/python3.9/site-packages/airflow/example_dags/example_trigger_controller_dag.py took 0.045 seconds
[2024-03-18 20:08:33,365] {processor.py:153} INFO - Started process (PID=1998128) to work on /home/sheyla/Documents/Repositórios/apache-airflow-extracao-de-dados/venv/lib/python3.9/site-packages/airflow/example_dags/example_trigger_controller_dag.py
[2024-03-18 20:08:33,369] {processor.py:641} INFO - Processing file /home/sheyla/Documents/Repositórios/apache-airflow-extracao-de-dados/venv/lib/python3.9/site-packages/airflow/example_dags/example_trigger_controller_dag.py for tasks to queue
[2024-03-18 20:08:33,369] {logging_mixin.py:115} INFO - [2024-03-18 20:08:33,369] {dagbag.py:507} INFO - Filling up the DagBag from /home/sheyla/Documents/Repositórios/apache-airflow-extracao-de-dados/venv/lib/python3.9/site-packages/airflow/example_dags/example_trigger_controller_dag.py
[2024-03-18 20:08:33,371] {processor.py:651} INFO - DAG(s) dict_keys(['example_trigger_controller_dag']) retrieved from /home/sheyla/Documents/Repositórios/apache-airflow-extracao-de-dados/venv/lib/python3.9/site-packages/airflow/example_dags/example_trigger_controller_dag.py
[2024-03-18 20:08:33,381] {logging_mixin.py:115} INFO - [2024-03-18 20:08:33,381] {dag.py:2379} INFO - Sync 1 DAGs
[2024-03-18 20:08:33,391] {logging_mixin.py:115} INFO - [2024-03-18 20:08:33,391] {dag.py:2927} INFO - Setting next_dagrun for example_trigger_controller_dag to 2021-01-01T00:00:00+00:00, run_after=2021-01-01T00:00:00+00:00
[2024-03-18 20:08:33,403] {processor.py:161} INFO - Processing /home/sheyla/Documents/Repositórios/apache-airflow-extracao-de-dados/venv/lib/python3.9/site-packages/airflow/example_dags/example_trigger_controller_dag.py took 0.039 seconds
[2024-03-18 20:09:05,864] {processor.py:153} INFO - Started process (PID=1998834) to work on /home/sheyla/Documents/Repositórios/apache-airflow-extracao-de-dados/venv/lib/python3.9/site-packages/airflow/example_dags/example_trigger_controller_dag.py
[2024-03-18 20:09:05,891] {processor.py:641} INFO - Processing file /home/sheyla/Documents/Repositórios/apache-airflow-extracao-de-dados/venv/lib/python3.9/site-packages/airflow/example_dags/example_trigger_controller_dag.py for tasks to queue
[2024-03-18 20:09:05,891] {logging_mixin.py:115} INFO - [2024-03-18 20:09:05,891] {dagbag.py:507} INFO - Filling up the DagBag from /home/sheyla/Documents/Repositórios/apache-airflow-extracao-de-dados/venv/lib/python3.9/site-packages/airflow/example_dags/example_trigger_controller_dag.py
[2024-03-18 20:09:05,894] {processor.py:651} INFO - DAG(s) dict_keys(['example_trigger_controller_dag']) retrieved from /home/sheyla/Documents/Repositórios/apache-airflow-extracao-de-dados/venv/lib/python3.9/site-packages/airflow/example_dags/example_trigger_controller_dag.py
[2024-03-18 20:09:05,909] {logging_mixin.py:115} INFO - [2024-03-18 20:09:05,909] {dag.py:2379} INFO - Sync 1 DAGs
[2024-03-18 20:09:05,921] {logging_mixin.py:115} INFO - [2024-03-18 20:09:05,921] {dag.py:2927} INFO - Setting next_dagrun for example_trigger_controller_dag to 2021-01-01T00:00:00+00:00, run_after=2021-01-01T00:00:00+00:00
[2024-03-18 20:09:05,937] {processor.py:161} INFO - Processing /home/sheyla/Documents/Repositórios/apache-airflow-extracao-de-dados/venv/lib/python3.9/site-packages/airflow/example_dags/example_trigger_controller_dag.py took 0.075 seconds
