[2024-03-18 19:57:22,020] {processor.py:153} INFO - Started process (PID=1990172) to work on /home/sheyla/Documents/Repositórios/apache-airflow-extracao-de-dados/venv/lib/python3.9/site-packages/airflow/example_dags/tutorial.py
[2024-03-18 19:57:22,020] {processor.py:641} INFO - Processing file /home/sheyla/Documents/Repositórios/apache-airflow-extracao-de-dados/venv/lib/python3.9/site-packages/airflow/example_dags/tutorial.py for tasks to queue
[2024-03-18 19:57:22,020] {logging_mixin.py:115} INFO - [2024-03-18 19:57:22,020] {dagbag.py:507} INFO - Filling up the DagBag from /home/sheyla/Documents/Repositórios/apache-airflow-extracao-de-dados/venv/lib/python3.9/site-packages/airflow/example_dags/tutorial.py
[2024-03-18 19:57:22,025] {processor.py:651} INFO - DAG(s) dict_keys(['tutorial']) retrieved from /home/sheyla/Documents/Repositórios/apache-airflow-extracao-de-dados/venv/lib/python3.9/site-packages/airflow/example_dags/tutorial.py
[2024-03-18 19:57:22,135] {logging_mixin.py:115} INFO - [2024-03-18 19:57:22,135] {manager.py:508} INFO - Created Permission View: can delete on DAG:tutorial
[2024-03-18 19:57:22,175] {logging_mixin.py:115} INFO - [2024-03-18 19:57:22,175] {manager.py:508} INFO - Created Permission View: can edit on DAG:tutorial
[2024-03-18 19:57:22,226] {logging_mixin.py:115} INFO - [2024-03-18 19:57:22,225] {manager.py:508} INFO - Created Permission View: can read on DAG:tutorial
[2024-03-18 19:57:22,226] {logging_mixin.py:115} INFO - [2024-03-18 19:57:22,226] {dag.py:2379} INFO - Sync 1 DAGs
[2024-03-18 19:57:22,247] {logging_mixin.py:115} INFO - [2024-03-18 19:57:22,247] {dag.py:2398} INFO - Creating ORM DAG for tutorial
[2024-03-18 19:57:22,260] {logging_mixin.py:115} INFO - [2024-03-18 19:57:22,260] {dag.py:2927} INFO - Setting next_dagrun for tutorial to 2024-03-17T22:57:22.260506+00:00, run_after=2024-03-18T22:57:22.260506+00:00
[2024-03-18 19:57:22,304] {processor.py:161} INFO - Processing /home/sheyla/Documents/Repositórios/apache-airflow-extracao-de-dados/venv/lib/python3.9/site-packages/airflow/example_dags/tutorial.py took 0.287 seconds
[2024-03-18 19:57:56,977] {processor.py:153} INFO - Started process (PID=1990531) to work on /home/sheyla/Documents/Repositórios/apache-airflow-extracao-de-dados/venv/lib/python3.9/site-packages/airflow/example_dags/tutorial.py
[2024-03-18 19:57:56,984] {processor.py:641} INFO - Processing file /home/sheyla/Documents/Repositórios/apache-airflow-extracao-de-dados/venv/lib/python3.9/site-packages/airflow/example_dags/tutorial.py for tasks to queue
[2024-03-18 19:57:56,985] {logging_mixin.py:115} INFO - [2024-03-18 19:57:56,985] {dagbag.py:507} INFO - Filling up the DagBag from /home/sheyla/Documents/Repositórios/apache-airflow-extracao-de-dados/venv/lib/python3.9/site-packages/airflow/example_dags/tutorial.py
[2024-03-18 19:57:57,000] {processor.py:651} INFO - DAG(s) dict_keys(['tutorial']) retrieved from /home/sheyla/Documents/Repositórios/apache-airflow-extracao-de-dados/venv/lib/python3.9/site-packages/airflow/example_dags/tutorial.py
[2024-03-18 19:57:57,021] {logging_mixin.py:115} INFO - [2024-03-18 19:57:57,021] {dag.py:2379} INFO - Sync 1 DAGs
[2024-03-18 19:57:57,035] {logging_mixin.py:115} INFO - [2024-03-18 19:57:57,035] {dag.py:2927} INFO - Setting next_dagrun for tutorial to 2024-03-17T22:57:57.035542+00:00, run_after=2024-03-18T22:57:57.035542+00:00
[2024-03-18 19:57:57,055] {processor.py:161} INFO - Processing /home/sheyla/Documents/Repositórios/apache-airflow-extracao-de-dados/venv/lib/python3.9/site-packages/airflow/example_dags/tutorial.py took 0.086 seconds
[2024-03-18 19:58:33,033] {processor.py:153} INFO - Started process (PID=1990885) to work on /home/sheyla/Documents/Repositórios/apache-airflow-extracao-de-dados/venv/lib/python3.9/site-packages/airflow/example_dags/tutorial.py
[2024-03-18 19:58:33,039] {processor.py:641} INFO - Processing file /home/sheyla/Documents/Repositórios/apache-airflow-extracao-de-dados/venv/lib/python3.9/site-packages/airflow/example_dags/tutorial.py for tasks to queue
[2024-03-18 19:58:33,041] {logging_mixin.py:115} INFO - [2024-03-18 19:58:33,041] {dagbag.py:507} INFO - Filling up the DagBag from /home/sheyla/Documents/Repositórios/apache-airflow-extracao-de-dados/venv/lib/python3.9/site-packages/airflow/example_dags/tutorial.py
[2024-03-18 19:58:33,055] {processor.py:651} INFO - DAG(s) dict_keys(['tutorial']) retrieved from /home/sheyla/Documents/Repositórios/apache-airflow-extracao-de-dados/venv/lib/python3.9/site-packages/airflow/example_dags/tutorial.py
[2024-03-18 19:58:33,080] {logging_mixin.py:115} INFO - [2024-03-18 19:58:33,080] {dag.py:2379} INFO - Sync 1 DAGs
[2024-03-18 19:58:33,095] {logging_mixin.py:115} INFO - [2024-03-18 19:58:33,095] {dag.py:2927} INFO - Setting next_dagrun for tutorial to 2024-03-17T22:58:33.095187+00:00, run_after=2024-03-18T22:58:33.095187+00:00
[2024-03-18 19:58:33,115] {processor.py:161} INFO - Processing /home/sheyla/Documents/Repositórios/apache-airflow-extracao-de-dados/venv/lib/python3.9/site-packages/airflow/example_dags/tutorial.py took 0.089 seconds
[2024-03-18 19:59:05,125] {processor.py:153} INFO - Started process (PID=1991203) to work on /home/sheyla/Documents/Repositórios/apache-airflow-extracao-de-dados/venv/lib/python3.9/site-packages/airflow/example_dags/tutorial.py
[2024-03-18 19:59:05,130] {processor.py:641} INFO - Processing file /home/sheyla/Documents/Repositórios/apache-airflow-extracao-de-dados/venv/lib/python3.9/site-packages/airflow/example_dags/tutorial.py for tasks to queue
[2024-03-18 19:59:05,130] {logging_mixin.py:115} INFO - [2024-03-18 19:59:05,130] {dagbag.py:507} INFO - Filling up the DagBag from /home/sheyla/Documents/Repositórios/apache-airflow-extracao-de-dados/venv/lib/python3.9/site-packages/airflow/example_dags/tutorial.py
[2024-03-18 19:59:05,138] {processor.py:651} INFO - DAG(s) dict_keys(['tutorial']) retrieved from /home/sheyla/Documents/Repositórios/apache-airflow-extracao-de-dados/venv/lib/python3.9/site-packages/airflow/example_dags/tutorial.py
[2024-03-18 19:59:05,160] {logging_mixin.py:115} INFO - [2024-03-18 19:59:05,160] {dag.py:2379} INFO - Sync 1 DAGs
[2024-03-18 19:59:05,177] {logging_mixin.py:115} INFO - [2024-03-18 19:59:05,177] {dag.py:2927} INFO - Setting next_dagrun for tutorial to 2024-03-17T22:59:05.177123+00:00, run_after=2024-03-18T22:59:05.177123+00:00
[2024-03-18 19:59:05,195] {processor.py:161} INFO - Processing /home/sheyla/Documents/Repositórios/apache-airflow-extracao-de-dados/venv/lib/python3.9/site-packages/airflow/example_dags/tutorial.py took 0.073 seconds
[2024-03-18 19:59:38,678] {processor.py:153} INFO - Started process (PID=1991538) to work on /home/sheyla/Documents/Repositórios/apache-airflow-extracao-de-dados/venv/lib/python3.9/site-packages/airflow/example_dags/tutorial.py
[2024-03-18 19:59:38,683] {processor.py:641} INFO - Processing file /home/sheyla/Documents/Repositórios/apache-airflow-extracao-de-dados/venv/lib/python3.9/site-packages/airflow/example_dags/tutorial.py for tasks to queue
[2024-03-18 19:59:38,683] {logging_mixin.py:115} INFO - [2024-03-18 19:59:38,683] {dagbag.py:507} INFO - Filling up the DagBag from /home/sheyla/Documents/Repositórios/apache-airflow-extracao-de-dados/venv/lib/python3.9/site-packages/airflow/example_dags/tutorial.py
[2024-03-18 19:59:38,690] {processor.py:651} INFO - DAG(s) dict_keys(['tutorial']) retrieved from /home/sheyla/Documents/Repositórios/apache-airflow-extracao-de-dados/venv/lib/python3.9/site-packages/airflow/example_dags/tutorial.py
[2024-03-18 19:59:38,709] {logging_mixin.py:115} INFO - [2024-03-18 19:59:38,709] {dag.py:2379} INFO - Sync 1 DAGs
[2024-03-18 19:59:38,726] {logging_mixin.py:115} INFO - [2024-03-18 19:59:38,726] {dag.py:2927} INFO - Setting next_dagrun for tutorial to 2024-03-17T22:59:38.726602+00:00, run_after=2024-03-18T22:59:38.726602+00:00
[2024-03-18 19:59:38,740] {processor.py:161} INFO - Processing /home/sheyla/Documents/Repositórios/apache-airflow-extracao-de-dados/venv/lib/python3.9/site-packages/airflow/example_dags/tutorial.py took 0.065 seconds
[2024-03-18 20:00:13,964] {processor.py:153} INFO - Started process (PID=1991948) to work on /home/sheyla/Documents/Repositórios/apache-airflow-extracao-de-dados/venv/lib/python3.9/site-packages/airflow/example_dags/tutorial.py
[2024-03-18 20:00:13,964] {processor.py:641} INFO - Processing file /home/sheyla/Documents/Repositórios/apache-airflow-extracao-de-dados/venv/lib/python3.9/site-packages/airflow/example_dags/tutorial.py for tasks to queue
[2024-03-18 20:00:13,964] {logging_mixin.py:115} INFO - [2024-03-18 20:00:13,964] {dagbag.py:507} INFO - Filling up the DagBag from /home/sheyla/Documents/Repositórios/apache-airflow-extracao-de-dados/venv/lib/python3.9/site-packages/airflow/example_dags/tutorial.py
[2024-03-18 20:00:13,969] {processor.py:651} INFO - DAG(s) dict_keys(['tutorial']) retrieved from /home/sheyla/Documents/Repositórios/apache-airflow-extracao-de-dados/venv/lib/python3.9/site-packages/airflow/example_dags/tutorial.py
[2024-03-18 20:00:13,982] {logging_mixin.py:115} INFO - [2024-03-18 20:00:13,982] {dag.py:2379} INFO - Sync 1 DAGs
[2024-03-18 20:00:13,997] {logging_mixin.py:115} INFO - [2024-03-18 20:00:13,997] {dag.py:2927} INFO - Setting next_dagrun for tutorial to 2024-03-17T23:00:13.997092+00:00, run_after=2024-03-18T23:00:13.997092+00:00
[2024-03-18 20:00:14,007] {processor.py:161} INFO - Processing /home/sheyla/Documents/Repositórios/apache-airflow-extracao-de-dados/venv/lib/python3.9/site-packages/airflow/example_dags/tutorial.py took 0.046 seconds
[2024-03-18 20:00:47,449] {processor.py:153} INFO - Started process (PID=1992326) to work on /home/sheyla/Documents/Repositórios/apache-airflow-extracao-de-dados/venv/lib/python3.9/site-packages/airflow/example_dags/tutorial.py
[2024-03-18 20:00:47,455] {processor.py:641} INFO - Processing file /home/sheyla/Documents/Repositórios/apache-airflow-extracao-de-dados/venv/lib/python3.9/site-packages/airflow/example_dags/tutorial.py for tasks to queue
[2024-03-18 20:00:47,457] {logging_mixin.py:115} INFO - [2024-03-18 20:00:47,456] {dagbag.py:507} INFO - Filling up the DagBag from /home/sheyla/Documents/Repositórios/apache-airflow-extracao-de-dados/venv/lib/python3.9/site-packages/airflow/example_dags/tutorial.py
[2024-03-18 20:00:47,471] {processor.py:651} INFO - DAG(s) dict_keys(['tutorial']) retrieved from /home/sheyla/Documents/Repositórios/apache-airflow-extracao-de-dados/venv/lib/python3.9/site-packages/airflow/example_dags/tutorial.py
[2024-03-18 20:00:47,492] {logging_mixin.py:115} INFO - [2024-03-18 20:00:47,491] {dag.py:2379} INFO - Sync 1 DAGs
[2024-03-18 20:00:47,506] {logging_mixin.py:115} INFO - [2024-03-18 20:00:47,506] {dag.py:2927} INFO - Setting next_dagrun for tutorial to 2024-03-17T23:00:47.506307+00:00, run_after=2024-03-18T23:00:47.506307+00:00
[2024-03-18 20:00:47,519] {processor.py:161} INFO - Processing /home/sheyla/Documents/Repositórios/apache-airflow-extracao-de-dados/venv/lib/python3.9/site-packages/airflow/example_dags/tutorial.py took 0.076 seconds
[2024-03-18 20:01:21,689] {processor.py:153} INFO - Started process (PID=1992662) to work on /home/sheyla/Documents/Repositórios/apache-airflow-extracao-de-dados/venv/lib/python3.9/site-packages/airflow/example_dags/tutorial.py
[2024-03-18 20:01:21,694] {processor.py:641} INFO - Processing file /home/sheyla/Documents/Repositórios/apache-airflow-extracao-de-dados/venv/lib/python3.9/site-packages/airflow/example_dags/tutorial.py for tasks to queue
[2024-03-18 20:01:21,695] {logging_mixin.py:115} INFO - [2024-03-18 20:01:21,695] {dagbag.py:507} INFO - Filling up the DagBag from /home/sheyla/Documents/Repositórios/apache-airflow-extracao-de-dados/venv/lib/python3.9/site-packages/airflow/example_dags/tutorial.py
[2024-03-18 20:01:21,700] {processor.py:651} INFO - DAG(s) dict_keys(['tutorial']) retrieved from /home/sheyla/Documents/Repositórios/apache-airflow-extracao-de-dados/venv/lib/python3.9/site-packages/airflow/example_dags/tutorial.py
[2024-03-18 20:01:21,718] {logging_mixin.py:115} INFO - [2024-03-18 20:01:21,718] {dag.py:2379} INFO - Sync 1 DAGs
[2024-03-18 20:01:21,736] {logging_mixin.py:115} INFO - [2024-03-18 20:01:21,735] {dag.py:2927} INFO - Setting next_dagrun for tutorial to 2024-03-17T23:01:21.735771+00:00, run_after=2024-03-18T23:01:21.735771+00:00
[2024-03-18 20:01:21,748] {processor.py:161} INFO - Processing /home/sheyla/Documents/Repositórios/apache-airflow-extracao-de-dados/venv/lib/python3.9/site-packages/airflow/example_dags/tutorial.py took 0.061 seconds
[2024-03-18 20:01:53,788] {processor.py:153} INFO - Started process (PID=1993007) to work on /home/sheyla/Documents/Repositórios/apache-airflow-extracao-de-dados/venv/lib/python3.9/site-packages/airflow/example_dags/tutorial.py
[2024-03-18 20:01:53,794] {processor.py:641} INFO - Processing file /home/sheyla/Documents/Repositórios/apache-airflow-extracao-de-dados/venv/lib/python3.9/site-packages/airflow/example_dags/tutorial.py for tasks to queue
[2024-03-18 20:01:53,795] {logging_mixin.py:115} INFO - [2024-03-18 20:01:53,795] {dagbag.py:507} INFO - Filling up the DagBag from /home/sheyla/Documents/Repositórios/apache-airflow-extracao-de-dados/venv/lib/python3.9/site-packages/airflow/example_dags/tutorial.py
[2024-03-18 20:01:53,809] {processor.py:651} INFO - DAG(s) dict_keys(['tutorial']) retrieved from /home/sheyla/Documents/Repositórios/apache-airflow-extracao-de-dados/venv/lib/python3.9/site-packages/airflow/example_dags/tutorial.py
[2024-03-18 20:01:53,838] {logging_mixin.py:115} INFO - [2024-03-18 20:01:53,838] {dag.py:2379} INFO - Sync 1 DAGs
[2024-03-18 20:01:53,852] {logging_mixin.py:115} INFO - [2024-03-18 20:01:53,852] {dag.py:2927} INFO - Setting next_dagrun for tutorial to 2024-03-17T23:01:53.852008+00:00, run_after=2024-03-18T23:01:53.852008+00:00
[2024-03-18 20:01:53,863] {processor.py:161} INFO - Processing /home/sheyla/Documents/Repositórios/apache-airflow-extracao-de-dados/venv/lib/python3.9/site-packages/airflow/example_dags/tutorial.py took 0.083 seconds
[2024-03-18 20:02:27,633] {processor.py:153} INFO - Started process (PID=1993351) to work on /home/sheyla/Documents/Repositórios/apache-airflow-extracao-de-dados/venv/lib/python3.9/site-packages/airflow/example_dags/tutorial.py
[2024-03-18 20:02:27,638] {processor.py:641} INFO - Processing file /home/sheyla/Documents/Repositórios/apache-airflow-extracao-de-dados/venv/lib/python3.9/site-packages/airflow/example_dags/tutorial.py for tasks to queue
[2024-03-18 20:02:27,639] {logging_mixin.py:115} INFO - [2024-03-18 20:02:27,639] {dagbag.py:507} INFO - Filling up the DagBag from /home/sheyla/Documents/Repositórios/apache-airflow-extracao-de-dados/venv/lib/python3.9/site-packages/airflow/example_dags/tutorial.py
[2024-03-18 20:02:27,645] {processor.py:651} INFO - DAG(s) dict_keys(['tutorial']) retrieved from /home/sheyla/Documents/Repositórios/apache-airflow-extracao-de-dados/venv/lib/python3.9/site-packages/airflow/example_dags/tutorial.py
[2024-03-18 20:02:27,666] {logging_mixin.py:115} INFO - [2024-03-18 20:02:27,666] {dag.py:2379} INFO - Sync 1 DAGs
[2024-03-18 20:02:27,681] {logging_mixin.py:115} INFO - [2024-03-18 20:02:27,681] {dag.py:2927} INFO - Setting next_dagrun for tutorial to 2024-03-17T23:02:27.681266+00:00, run_after=2024-03-18T23:02:27.681266+00:00
[2024-03-18 20:02:27,700] {processor.py:161} INFO - Processing /home/sheyla/Documents/Repositórios/apache-airflow-extracao-de-dados/venv/lib/python3.9/site-packages/airflow/example_dags/tutorial.py took 0.069 seconds
[2024-03-18 20:03:01,402] {processor.py:153} INFO - Started process (PID=1993692) to work on /home/sheyla/Documents/Repositórios/apache-airflow-extracao-de-dados/venv/lib/python3.9/site-packages/airflow/example_dags/tutorial.py
[2024-03-18 20:03:01,408] {processor.py:641} INFO - Processing file /home/sheyla/Documents/Repositórios/apache-airflow-extracao-de-dados/venv/lib/python3.9/site-packages/airflow/example_dags/tutorial.py for tasks to queue
[2024-03-18 20:03:01,409] {logging_mixin.py:115} INFO - [2024-03-18 20:03:01,409] {dagbag.py:507} INFO - Filling up the DagBag from /home/sheyla/Documents/Repositórios/apache-airflow-extracao-de-dados/venv/lib/python3.9/site-packages/airflow/example_dags/tutorial.py
[2024-03-18 20:03:01,422] {processor.py:651} INFO - DAG(s) dict_keys(['tutorial']) retrieved from /home/sheyla/Documents/Repositórios/apache-airflow-extracao-de-dados/venv/lib/python3.9/site-packages/airflow/example_dags/tutorial.py
[2024-03-18 20:03:01,444] {logging_mixin.py:115} INFO - [2024-03-18 20:03:01,444] {dag.py:2379} INFO - Sync 1 DAGs
[2024-03-18 20:03:01,458] {logging_mixin.py:115} INFO - [2024-03-18 20:03:01,457] {dag.py:2927} INFO - Setting next_dagrun for tutorial to 2024-03-17T23:03:01.457757+00:00, run_after=2024-03-18T23:03:01.457757+00:00
[2024-03-18 20:03:01,471] {processor.py:161} INFO - Processing /home/sheyla/Documents/Repositórios/apache-airflow-extracao-de-dados/venv/lib/python3.9/site-packages/airflow/example_dags/tutorial.py took 0.077 seconds
[2024-03-18 20:03:37,043] {processor.py:153} INFO - Started process (PID=1994043) to work on /home/sheyla/Documents/Repositórios/apache-airflow-extracao-de-dados/venv/lib/python3.9/site-packages/airflow/example_dags/tutorial.py
[2024-03-18 20:03:37,049] {processor.py:641} INFO - Processing file /home/sheyla/Documents/Repositórios/apache-airflow-extracao-de-dados/venv/lib/python3.9/site-packages/airflow/example_dags/tutorial.py for tasks to queue
[2024-03-18 20:03:37,050] {logging_mixin.py:115} INFO - [2024-03-18 20:03:37,050] {dagbag.py:507} INFO - Filling up the DagBag from /home/sheyla/Documents/Repositórios/apache-airflow-extracao-de-dados/venv/lib/python3.9/site-packages/airflow/example_dags/tutorial.py
[2024-03-18 20:03:37,064] {processor.py:651} INFO - DAG(s) dict_keys(['tutorial']) retrieved from /home/sheyla/Documents/Repositórios/apache-airflow-extracao-de-dados/venv/lib/python3.9/site-packages/airflow/example_dags/tutorial.py
[2024-03-18 20:03:37,089] {logging_mixin.py:115} INFO - [2024-03-18 20:03:37,089] {dag.py:2379} INFO - Sync 1 DAGs
[2024-03-18 20:03:37,102] {logging_mixin.py:115} INFO - [2024-03-18 20:03:37,102] {dag.py:2927} INFO - Setting next_dagrun for tutorial to 2024-03-17T23:03:37.102150+00:00, run_after=2024-03-18T23:03:37.102150+00:00
[2024-03-18 20:03:37,116] {processor.py:161} INFO - Processing /home/sheyla/Documents/Repositórios/apache-airflow-extracao-de-dados/venv/lib/python3.9/site-packages/airflow/example_dags/tutorial.py took 0.075 seconds
[2024-03-18 20:04:07,912] {processor.py:153} INFO - Started process (PID=1994348) to work on /home/sheyla/Documents/Repositórios/apache-airflow-extracao-de-dados/venv/lib/python3.9/site-packages/airflow/example_dags/tutorial.py
[2024-03-18 20:04:07,915] {processor.py:641} INFO - Processing file /home/sheyla/Documents/Repositórios/apache-airflow-extracao-de-dados/venv/lib/python3.9/site-packages/airflow/example_dags/tutorial.py for tasks to queue
[2024-03-18 20:04:07,916] {logging_mixin.py:115} INFO - [2024-03-18 20:04:07,916] {dagbag.py:507} INFO - Filling up the DagBag from /home/sheyla/Documents/Repositórios/apache-airflow-extracao-de-dados/venv/lib/python3.9/site-packages/airflow/example_dags/tutorial.py
[2024-03-18 20:04:07,922] {processor.py:651} INFO - DAG(s) dict_keys(['tutorial']) retrieved from /home/sheyla/Documents/Repositórios/apache-airflow-extracao-de-dados/venv/lib/python3.9/site-packages/airflow/example_dags/tutorial.py
[2024-03-18 20:04:07,943] {logging_mixin.py:115} INFO - [2024-03-18 20:04:07,943] {dag.py:2379} INFO - Sync 1 DAGs
[2024-03-18 20:04:07,958] {logging_mixin.py:115} INFO - [2024-03-18 20:04:07,958] {dag.py:2927} INFO - Setting next_dagrun for tutorial to 2024-03-17T23:04:07.958064+00:00, run_after=2024-03-18T23:04:07.958064+00:00
[2024-03-18 20:04:07,971] {processor.py:161} INFO - Processing /home/sheyla/Documents/Repositórios/apache-airflow-extracao-de-dados/venv/lib/python3.9/site-packages/airflow/example_dags/tutorial.py took 0.061 seconds
[2024-03-18 20:04:41,825] {processor.py:153} INFO - Started process (PID=1994690) to work on /home/sheyla/Documents/Repositórios/apache-airflow-extracao-de-dados/venv/lib/python3.9/site-packages/airflow/example_dags/tutorial.py
[2024-03-18 20:04:41,830] {processor.py:641} INFO - Processing file /home/sheyla/Documents/Repositórios/apache-airflow-extracao-de-dados/venv/lib/python3.9/site-packages/airflow/example_dags/tutorial.py for tasks to queue
[2024-03-18 20:04:41,831] {logging_mixin.py:115} INFO - [2024-03-18 20:04:41,831] {dagbag.py:507} INFO - Filling up the DagBag from /home/sheyla/Documents/Repositórios/apache-airflow-extracao-de-dados/venv/lib/python3.9/site-packages/airflow/example_dags/tutorial.py
[2024-03-18 20:04:41,835] {processor.py:651} INFO - DAG(s) dict_keys(['tutorial']) retrieved from /home/sheyla/Documents/Repositórios/apache-airflow-extracao-de-dados/venv/lib/python3.9/site-packages/airflow/example_dags/tutorial.py
[2024-03-18 20:04:41,848] {logging_mixin.py:115} INFO - [2024-03-18 20:04:41,848] {dag.py:2379} INFO - Sync 1 DAGs
[2024-03-18 20:04:41,861] {logging_mixin.py:115} INFO - [2024-03-18 20:04:41,861] {dag.py:2927} INFO - Setting next_dagrun for tutorial to 2024-03-17T23:04:41.861127+00:00, run_after=2024-03-18T23:04:41.861127+00:00
[2024-03-18 20:04:41,879] {processor.py:161} INFO - Processing /home/sheyla/Documents/Repositórios/apache-airflow-extracao-de-dados/venv/lib/python3.9/site-packages/airflow/example_dags/tutorial.py took 0.056 seconds
[2024-03-18 20:05:16,288] {processor.py:153} INFO - Started process (PID=1995038) to work on /home/sheyla/Documents/Repositórios/apache-airflow-extracao-de-dados/venv/lib/python3.9/site-packages/airflow/example_dags/tutorial.py
[2024-03-18 20:05:16,294] {processor.py:641} INFO - Processing file /home/sheyla/Documents/Repositórios/apache-airflow-extracao-de-dados/venv/lib/python3.9/site-packages/airflow/example_dags/tutorial.py for tasks to queue
[2024-03-18 20:05:16,295] {logging_mixin.py:115} INFO - [2024-03-18 20:05:16,295] {dagbag.py:507} INFO - Filling up the DagBag from /home/sheyla/Documents/Repositórios/apache-airflow-extracao-de-dados/venv/lib/python3.9/site-packages/airflow/example_dags/tutorial.py
[2024-03-18 20:05:16,309] {processor.py:651} INFO - DAG(s) dict_keys(['tutorial']) retrieved from /home/sheyla/Documents/Repositórios/apache-airflow-extracao-de-dados/venv/lib/python3.9/site-packages/airflow/example_dags/tutorial.py
[2024-03-18 20:05:16,331] {logging_mixin.py:115} INFO - [2024-03-18 20:05:16,330] {dag.py:2379} INFO - Sync 1 DAGs
[2024-03-18 20:05:16,343] {logging_mixin.py:115} INFO - [2024-03-18 20:05:16,343] {dag.py:2927} INFO - Setting next_dagrun for tutorial to 2024-03-17T23:05:16.343268+00:00, run_after=2024-03-18T23:05:16.343268+00:00
[2024-03-18 20:05:16,355] {processor.py:161} INFO - Processing /home/sheyla/Documents/Repositórios/apache-airflow-extracao-de-dados/venv/lib/python3.9/site-packages/airflow/example_dags/tutorial.py took 0.075 seconds
[2024-03-18 20:05:49,199] {processor.py:153} INFO - Started process (PID=1995462) to work on /home/sheyla/Documents/Repositórios/apache-airflow-extracao-de-dados/venv/lib/python3.9/site-packages/airflow/example_dags/tutorial.py
[2024-03-18 20:05:49,200] {processor.py:641} INFO - Processing file /home/sheyla/Documents/Repositórios/apache-airflow-extracao-de-dados/venv/lib/python3.9/site-packages/airflow/example_dags/tutorial.py for tasks to queue
[2024-03-18 20:05:49,201] {logging_mixin.py:115} INFO - [2024-03-18 20:05:49,201] {dagbag.py:507} INFO - Filling up the DagBag from /home/sheyla/Documents/Repositórios/apache-airflow-extracao-de-dados/venv/lib/python3.9/site-packages/airflow/example_dags/tutorial.py
[2024-03-18 20:05:49,214] {processor.py:651} INFO - DAG(s) dict_keys(['tutorial']) retrieved from /home/sheyla/Documents/Repositórios/apache-airflow-extracao-de-dados/venv/lib/python3.9/site-packages/airflow/example_dags/tutorial.py
[2024-03-18 20:05:49,233] {logging_mixin.py:115} INFO - [2024-03-18 20:05:49,233] {dag.py:2379} INFO - Sync 1 DAGs
[2024-03-18 20:05:49,246] {logging_mixin.py:115} INFO - [2024-03-18 20:05:49,246] {dag.py:2927} INFO - Setting next_dagrun for tutorial to 2024-03-17T23:05:49.246008+00:00, run_after=2024-03-18T23:05:49.246008+00:00
[2024-03-18 20:05:49,258] {processor.py:161} INFO - Processing /home/sheyla/Documents/Repositórios/apache-airflow-extracao-de-dados/venv/lib/python3.9/site-packages/airflow/example_dags/tutorial.py took 0.066 seconds
[2024-03-18 20:06:23,331] {processor.py:153} INFO - Started process (PID=1995810) to work on /home/sheyla/Documents/Repositórios/apache-airflow-extracao-de-dados/venv/lib/python3.9/site-packages/airflow/example_dags/tutorial.py
[2024-03-18 20:06:23,336] {processor.py:641} INFO - Processing file /home/sheyla/Documents/Repositórios/apache-airflow-extracao-de-dados/venv/lib/python3.9/site-packages/airflow/example_dags/tutorial.py for tasks to queue
[2024-03-18 20:06:23,338] {logging_mixin.py:115} INFO - [2024-03-18 20:06:23,337] {dagbag.py:507} INFO - Filling up the DagBag from /home/sheyla/Documents/Repositórios/apache-airflow-extracao-de-dados/venv/lib/python3.9/site-packages/airflow/example_dags/tutorial.py
[2024-03-18 20:06:23,351] {processor.py:651} INFO - DAG(s) dict_keys(['tutorial']) retrieved from /home/sheyla/Documents/Repositórios/apache-airflow-extracao-de-dados/venv/lib/python3.9/site-packages/airflow/example_dags/tutorial.py
[2024-03-18 20:06:23,379] {logging_mixin.py:115} INFO - [2024-03-18 20:06:23,379] {dag.py:2379} INFO - Sync 1 DAGs
[2024-03-18 20:06:23,393] {logging_mixin.py:115} INFO - [2024-03-18 20:06:23,393] {dag.py:2927} INFO - Setting next_dagrun for tutorial to 2024-03-17T23:06:23.393335+00:00, run_after=2024-03-18T23:06:23.393335+00:00
[2024-03-18 20:06:23,405] {processor.py:161} INFO - Processing /home/sheyla/Documents/Repositórios/apache-airflow-extracao-de-dados/venv/lib/python3.9/site-packages/airflow/example_dags/tutorial.py took 0.077 seconds
[2024-03-18 20:06:59,502] {processor.py:153} INFO - Started process (PID=1996193) to work on /home/sheyla/Documents/Repositórios/apache-airflow-extracao-de-dados/venv/lib/python3.9/site-packages/airflow/example_dags/tutorial.py
[2024-03-18 20:06:59,508] {processor.py:641} INFO - Processing file /home/sheyla/Documents/Repositórios/apache-airflow-extracao-de-dados/venv/lib/python3.9/site-packages/airflow/example_dags/tutorial.py for tasks to queue
[2024-03-18 20:06:59,509] {logging_mixin.py:115} INFO - [2024-03-18 20:06:59,509] {dagbag.py:507} INFO - Filling up the DagBag from /home/sheyla/Documents/Repositórios/apache-airflow-extracao-de-dados/venv/lib/python3.9/site-packages/airflow/example_dags/tutorial.py
[2024-03-18 20:06:59,523] {processor.py:651} INFO - DAG(s) dict_keys(['tutorial']) retrieved from /home/sheyla/Documents/Repositórios/apache-airflow-extracao-de-dados/venv/lib/python3.9/site-packages/airflow/example_dags/tutorial.py
[2024-03-18 20:06:59,550] {logging_mixin.py:115} INFO - [2024-03-18 20:06:59,550] {dag.py:2379} INFO - Sync 1 DAGs
[2024-03-18 20:06:59,563] {logging_mixin.py:115} INFO - [2024-03-18 20:06:59,563] {dag.py:2927} INFO - Setting next_dagrun for tutorial to 2024-03-17T23:06:59.563712+00:00, run_after=2024-03-18T23:06:59.563712+00:00
[2024-03-18 20:06:59,575] {processor.py:161} INFO - Processing /home/sheyla/Documents/Repositórios/apache-airflow-extracao-de-dados/venv/lib/python3.9/site-packages/airflow/example_dags/tutorial.py took 0.075 seconds
[2024-03-18 20:07:35,163] {processor.py:153} INFO - Started process (PID=1996712) to work on /home/sheyla/Documents/Repositórios/apache-airflow-extracao-de-dados/venv/lib/python3.9/site-packages/airflow/example_dags/tutorial.py
[2024-03-18 20:07:35,163] {processor.py:641} INFO - Processing file /home/sheyla/Documents/Repositórios/apache-airflow-extracao-de-dados/venv/lib/python3.9/site-packages/airflow/example_dags/tutorial.py for tasks to queue
[2024-03-18 20:07:35,164] {logging_mixin.py:115} INFO - [2024-03-18 20:07:35,164] {dagbag.py:507} INFO - Filling up the DagBag from /home/sheyla/Documents/Repositórios/apache-airflow-extracao-de-dados/venv/lib/python3.9/site-packages/airflow/example_dags/tutorial.py
[2024-03-18 20:07:35,173] {processor.py:651} INFO - DAG(s) dict_keys(['tutorial']) retrieved from /home/sheyla/Documents/Repositórios/apache-airflow-extracao-de-dados/venv/lib/python3.9/site-packages/airflow/example_dags/tutorial.py
[2024-03-18 20:07:35,192] {logging_mixin.py:115} INFO - [2024-03-18 20:07:35,192] {dag.py:2379} INFO - Sync 1 DAGs
[2024-03-18 20:07:35,216] {logging_mixin.py:115} INFO - [2024-03-18 20:07:35,216] {dag.py:2927} INFO - Setting next_dagrun for tutorial to 2024-03-17T23:07:35.215768+00:00, run_after=2024-03-18T23:07:35.215768+00:00
[2024-03-18 20:07:35,233] {processor.py:161} INFO - Processing /home/sheyla/Documents/Repositórios/apache-airflow-extracao-de-dados/venv/lib/python3.9/site-packages/airflow/example_dags/tutorial.py took 0.073 seconds
[2024-03-18 20:08:09,655] {processor.py:153} INFO - Started process (PID=1997637) to work on /home/sheyla/Documents/Repositórios/apache-airflow-extracao-de-dados/venv/lib/python3.9/site-packages/airflow/example_dags/tutorial.py
[2024-03-18 20:08:09,660] {processor.py:641} INFO - Processing file /home/sheyla/Documents/Repositórios/apache-airflow-extracao-de-dados/venv/lib/python3.9/site-packages/airflow/example_dags/tutorial.py for tasks to queue
[2024-03-18 20:08:09,661] {logging_mixin.py:115} INFO - [2024-03-18 20:08:09,661] {dagbag.py:507} INFO - Filling up the DagBag from /home/sheyla/Documents/Repositórios/apache-airflow-extracao-de-dados/venv/lib/python3.9/site-packages/airflow/example_dags/tutorial.py
[2024-03-18 20:08:09,665] {processor.py:651} INFO - DAG(s) dict_keys(['tutorial']) retrieved from /home/sheyla/Documents/Repositórios/apache-airflow-extracao-de-dados/venv/lib/python3.9/site-packages/airflow/example_dags/tutorial.py
[2024-03-18 20:08:09,676] {logging_mixin.py:115} INFO - [2024-03-18 20:08:09,676] {dag.py:2379} INFO - Sync 1 DAGs
[2024-03-18 20:08:09,689] {logging_mixin.py:115} INFO - [2024-03-18 20:08:09,688] {dag.py:2927} INFO - Setting next_dagrun for tutorial to 2024-03-17T23:08:09.688775+00:00, run_after=2024-03-18T23:08:09.688775+00:00
[2024-03-18 20:08:09,701] {processor.py:161} INFO - Processing /home/sheyla/Documents/Repositórios/apache-airflow-extracao-de-dados/venv/lib/python3.9/site-packages/airflow/example_dags/tutorial.py took 0.049 seconds
[2024-03-18 20:08:44,631] {processor.py:153} INFO - Started process (PID=1998357) to work on /home/sheyla/Documents/Repositórios/apache-airflow-extracao-de-dados/venv/lib/python3.9/site-packages/airflow/example_dags/tutorial.py
[2024-03-18 20:08:44,636] {processor.py:641} INFO - Processing file /home/sheyla/Documents/Repositórios/apache-airflow-extracao-de-dados/venv/lib/python3.9/site-packages/airflow/example_dags/tutorial.py for tasks to queue
[2024-03-18 20:08:44,637] {logging_mixin.py:115} INFO - [2024-03-18 20:08:44,637] {dagbag.py:507} INFO - Filling up the DagBag from /home/sheyla/Documents/Repositórios/apache-airflow-extracao-de-dados/venv/lib/python3.9/site-packages/airflow/example_dags/tutorial.py
[2024-03-18 20:08:44,640] {processor.py:651} INFO - DAG(s) dict_keys(['tutorial']) retrieved from /home/sheyla/Documents/Repositórios/apache-airflow-extracao-de-dados/venv/lib/python3.9/site-packages/airflow/example_dags/tutorial.py
[2024-03-18 20:08:44,652] {logging_mixin.py:115} INFO - [2024-03-18 20:08:44,652] {dag.py:2379} INFO - Sync 1 DAGs
[2024-03-18 20:08:44,665] {logging_mixin.py:115} INFO - [2024-03-18 20:08:44,665] {dag.py:2927} INFO - Setting next_dagrun for tutorial to 2024-03-17T23:08:44.665129+00:00, run_after=2024-03-18T23:08:44.665129+00:00
[2024-03-18 20:08:44,680] {processor.py:161} INFO - Processing /home/sheyla/Documents/Repositórios/apache-airflow-extracao-de-dados/venv/lib/python3.9/site-packages/airflow/example_dags/tutorial.py took 0.050 seconds
