[2024-03-18 19:56:45,378] {processor.py:153} INFO - Started process (PID=1989813) to work on /home/sheyla/Documents/Repositórios/apache-airflow-extracao-de-dados/venv/lib/python3.9/site-packages/airflow/example_dags/tutorial_taskflow_api_etl_virtualenv.py
[2024-03-18 19:56:45,378] {processor.py:641} INFO - Processing file /home/sheyla/Documents/Repositórios/apache-airflow-extracao-de-dados/venv/lib/python3.9/site-packages/airflow/example_dags/tutorial_taskflow_api_etl_virtualenv.py for tasks to queue
[2024-03-18 19:56:45,379] {logging_mixin.py:115} INFO - [2024-03-18 19:56:45,379] {dagbag.py:507} INFO - Filling up the DagBag from /home/sheyla/Documents/Repositórios/apache-airflow-extracao-de-dados/venv/lib/python3.9/site-packages/airflow/example_dags/tutorial_taskflow_api_etl_virtualenv.py
[2024-03-18 19:56:45,392] {logging_mixin.py:115} INFO - [2024-03-18 19:56:45,392] {tutorial_taskflow_api_etl_virtualenv.py:29} WARNING - The tutorial_taskflow_api_etl_virtualenv example DAG requires virtualenv, please install it.
[2024-03-18 19:56:45,392] {processor.py:653} WARNING - No viable dags retrieved from /home/sheyla/Documents/Repositórios/apache-airflow-extracao-de-dados/venv/lib/python3.9/site-packages/airflow/example_dags/tutorial_taskflow_api_etl_virtualenv.py
[2024-03-18 19:56:45,405] {processor.py:161} INFO - Processing /home/sheyla/Documents/Repositórios/apache-airflow-extracao-de-dados/venv/lib/python3.9/site-packages/airflow/example_dags/tutorial_taskflow_api_etl_virtualenv.py took 0.030 seconds
[2024-03-18 19:57:28,391] {processor.py:153} INFO - Started process (PID=1990237) to work on /home/sheyla/Documents/Repositórios/apache-airflow-extracao-de-dados/venv/lib/python3.9/site-packages/airflow/example_dags/tutorial_taskflow_api_etl_virtualenv.py
[2024-03-18 19:57:28,393] {processor.py:641} INFO - Processing file /home/sheyla/Documents/Repositórios/apache-airflow-extracao-de-dados/venv/lib/python3.9/site-packages/airflow/example_dags/tutorial_taskflow_api_etl_virtualenv.py for tasks to queue
[2024-03-18 19:57:28,394] {logging_mixin.py:115} INFO - [2024-03-18 19:57:28,393] {dagbag.py:507} INFO - Filling up the DagBag from /home/sheyla/Documents/Repositórios/apache-airflow-extracao-de-dados/venv/lib/python3.9/site-packages/airflow/example_dags/tutorial_taskflow_api_etl_virtualenv.py
[2024-03-18 19:57:28,417] {logging_mixin.py:115} INFO - [2024-03-18 19:57:28,417] {tutorial_taskflow_api_etl_virtualenv.py:29} WARNING - The tutorial_taskflow_api_etl_virtualenv example DAG requires virtualenv, please install it.
[2024-03-18 19:57:28,417] {processor.py:653} WARNING - No viable dags retrieved from /home/sheyla/Documents/Repositórios/apache-airflow-extracao-de-dados/venv/lib/python3.9/site-packages/airflow/example_dags/tutorial_taskflow_api_etl_virtualenv.py
[2024-03-18 19:57:28,427] {processor.py:161} INFO - Processing /home/sheyla/Documents/Repositórios/apache-airflow-extracao-de-dados/venv/lib/python3.9/site-packages/airflow/example_dags/tutorial_taskflow_api_etl_virtualenv.py took 0.043 seconds
[2024-03-18 19:58:02,080] {processor.py:153} INFO - Started process (PID=1990581) to work on /home/sheyla/Documents/Repositórios/apache-airflow-extracao-de-dados/venv/lib/python3.9/site-packages/airflow/example_dags/tutorial_taskflow_api_etl_virtualenv.py
[2024-03-18 19:58:02,087] {processor.py:641} INFO - Processing file /home/sheyla/Documents/Repositórios/apache-airflow-extracao-de-dados/venv/lib/python3.9/site-packages/airflow/example_dags/tutorial_taskflow_api_etl_virtualenv.py for tasks to queue
[2024-03-18 19:58:02,088] {logging_mixin.py:115} INFO - [2024-03-18 19:58:02,088] {dagbag.py:507} INFO - Filling up the DagBag from /home/sheyla/Documents/Repositórios/apache-airflow-extracao-de-dados/venv/lib/python3.9/site-packages/airflow/example_dags/tutorial_taskflow_api_etl_virtualenv.py
[2024-03-18 19:58:02,115] {logging_mixin.py:115} INFO - [2024-03-18 19:58:02,115] {tutorial_taskflow_api_etl_virtualenv.py:29} WARNING - The tutorial_taskflow_api_etl_virtualenv example DAG requires virtualenv, please install it.
[2024-03-18 19:58:02,115] {processor.py:653} WARNING - No viable dags retrieved from /home/sheyla/Documents/Repositórios/apache-airflow-extracao-de-dados/venv/lib/python3.9/site-packages/airflow/example_dags/tutorial_taskflow_api_etl_virtualenv.py
[2024-03-18 19:58:02,126] {processor.py:161} INFO - Processing /home/sheyla/Documents/Repositórios/apache-airflow-extracao-de-dados/venv/lib/python3.9/site-packages/airflow/example_dags/tutorial_taskflow_api_etl_virtualenv.py took 0.053 seconds
[2024-03-18 19:58:35,860] {processor.py:153} INFO - Started process (PID=1990908) to work on /home/sheyla/Documents/Repositórios/apache-airflow-extracao-de-dados/venv/lib/python3.9/site-packages/airflow/example_dags/tutorial_taskflow_api_etl_virtualenv.py
[2024-03-18 19:58:35,861] {processor.py:641} INFO - Processing file /home/sheyla/Documents/Repositórios/apache-airflow-extracao-de-dados/venv/lib/python3.9/site-packages/airflow/example_dags/tutorial_taskflow_api_etl_virtualenv.py for tasks to queue
[2024-03-18 19:58:35,862] {logging_mixin.py:115} INFO - [2024-03-18 19:58:35,862] {dagbag.py:507} INFO - Filling up the DagBag from /home/sheyla/Documents/Repositórios/apache-airflow-extracao-de-dados/venv/lib/python3.9/site-packages/airflow/example_dags/tutorial_taskflow_api_etl_virtualenv.py
[2024-03-18 19:58:35,886] {logging_mixin.py:115} INFO - [2024-03-18 19:58:35,886] {tutorial_taskflow_api_etl_virtualenv.py:29} WARNING - The tutorial_taskflow_api_etl_virtualenv example DAG requires virtualenv, please install it.
[2024-03-18 19:58:35,886] {processor.py:653} WARNING - No viable dags retrieved from /home/sheyla/Documents/Repositórios/apache-airflow-extracao-de-dados/venv/lib/python3.9/site-packages/airflow/example_dags/tutorial_taskflow_api_etl_virtualenv.py
[2024-03-18 19:58:35,896] {processor.py:161} INFO - Processing /home/sheyla/Documents/Repositórios/apache-airflow-extracao-de-dados/venv/lib/python3.9/site-packages/airflow/example_dags/tutorial_taskflow_api_etl_virtualenv.py took 0.042 seconds
[2024-03-18 19:59:07,802] {processor.py:153} INFO - Started process (PID=1991234) to work on /home/sheyla/Documents/Repositórios/apache-airflow-extracao-de-dados/venv/lib/python3.9/site-packages/airflow/example_dags/tutorial_taskflow_api_etl_virtualenv.py
[2024-03-18 19:59:07,809] {processor.py:641} INFO - Processing file /home/sheyla/Documents/Repositórios/apache-airflow-extracao-de-dados/venv/lib/python3.9/site-packages/airflow/example_dags/tutorial_taskflow_api_etl_virtualenv.py for tasks to queue
[2024-03-18 19:59:07,810] {logging_mixin.py:115} INFO - [2024-03-18 19:59:07,810] {dagbag.py:507} INFO - Filling up the DagBag from /home/sheyla/Documents/Repositórios/apache-airflow-extracao-de-dados/venv/lib/python3.9/site-packages/airflow/example_dags/tutorial_taskflow_api_etl_virtualenv.py
[2024-03-18 19:59:07,838] {logging_mixin.py:115} INFO - [2024-03-18 19:59:07,838] {tutorial_taskflow_api_etl_virtualenv.py:29} WARNING - The tutorial_taskflow_api_etl_virtualenv example DAG requires virtualenv, please install it.
[2024-03-18 19:59:07,838] {processor.py:653} WARNING - No viable dags retrieved from /home/sheyla/Documents/Repositórios/apache-airflow-extracao-de-dados/venv/lib/python3.9/site-packages/airflow/example_dags/tutorial_taskflow_api_etl_virtualenv.py
[2024-03-18 19:59:07,849] {processor.py:161} INFO - Processing /home/sheyla/Documents/Repositórios/apache-airflow-extracao-de-dados/venv/lib/python3.9/site-packages/airflow/example_dags/tutorial_taskflow_api_etl_virtualenv.py took 0.054 seconds
[2024-03-18 19:59:39,821] {processor.py:153} INFO - Started process (PID=1991547) to work on /home/sheyla/Documents/Repositórios/apache-airflow-extracao-de-dados/venv/lib/python3.9/site-packages/airflow/example_dags/tutorial_taskflow_api_etl_virtualenv.py
[2024-03-18 19:59:39,824] {processor.py:641} INFO - Processing file /home/sheyla/Documents/Repositórios/apache-airflow-extracao-de-dados/venv/lib/python3.9/site-packages/airflow/example_dags/tutorial_taskflow_api_etl_virtualenv.py for tasks to queue
[2024-03-18 19:59:39,824] {logging_mixin.py:115} INFO - [2024-03-18 19:59:39,824] {dagbag.py:507} INFO - Filling up the DagBag from /home/sheyla/Documents/Repositórios/apache-airflow-extracao-de-dados/venv/lib/python3.9/site-packages/airflow/example_dags/tutorial_taskflow_api_etl_virtualenv.py
[2024-03-18 19:59:39,840] {logging_mixin.py:115} INFO - [2024-03-18 19:59:39,840] {tutorial_taskflow_api_etl_virtualenv.py:29} WARNING - The tutorial_taskflow_api_etl_virtualenv example DAG requires virtualenv, please install it.
[2024-03-18 19:59:39,840] {processor.py:653} WARNING - No viable dags retrieved from /home/sheyla/Documents/Repositórios/apache-airflow-extracao-de-dados/venv/lib/python3.9/site-packages/airflow/example_dags/tutorial_taskflow_api_etl_virtualenv.py
[2024-03-18 19:59:39,854] {processor.py:161} INFO - Processing /home/sheyla/Documents/Repositórios/apache-airflow-extracao-de-dados/venv/lib/python3.9/site-packages/airflow/example_dags/tutorial_taskflow_api_etl_virtualenv.py took 0.036 seconds
[2024-03-18 20:00:14,573] {processor.py:153} INFO - Started process (PID=1991953) to work on /home/sheyla/Documents/Repositórios/apache-airflow-extracao-de-dados/venv/lib/python3.9/site-packages/airflow/example_dags/tutorial_taskflow_api_etl_virtualenv.py
[2024-03-18 20:00:14,579] {processor.py:641} INFO - Processing file /home/sheyla/Documents/Repositórios/apache-airflow-extracao-de-dados/venv/lib/python3.9/site-packages/airflow/example_dags/tutorial_taskflow_api_etl_virtualenv.py for tasks to queue
[2024-03-18 20:00:14,580] {logging_mixin.py:115} INFO - [2024-03-18 20:00:14,580] {dagbag.py:507} INFO - Filling up the DagBag from /home/sheyla/Documents/Repositórios/apache-airflow-extracao-de-dados/venv/lib/python3.9/site-packages/airflow/example_dags/tutorial_taskflow_api_etl_virtualenv.py
[2024-03-18 20:00:14,610] {logging_mixin.py:115} INFO - [2024-03-18 20:00:14,609] {tutorial_taskflow_api_etl_virtualenv.py:29} WARNING - The tutorial_taskflow_api_etl_virtualenv example DAG requires virtualenv, please install it.
[2024-03-18 20:00:14,610] {processor.py:653} WARNING - No viable dags retrieved from /home/sheyla/Documents/Repositórios/apache-airflow-extracao-de-dados/venv/lib/python3.9/site-packages/airflow/example_dags/tutorial_taskflow_api_etl_virtualenv.py
[2024-03-18 20:00:14,621] {processor.py:161} INFO - Processing /home/sheyla/Documents/Repositórios/apache-airflow-extracao-de-dados/venv/lib/python3.9/site-packages/airflow/example_dags/tutorial_taskflow_api_etl_virtualenv.py took 0.054 seconds
[2024-03-18 20:00:45,189] {processor.py:153} INFO - Started process (PID=1992298) to work on /home/sheyla/Documents/Repositórios/apache-airflow-extracao-de-dados/venv/lib/python3.9/site-packages/airflow/example_dags/tutorial_taskflow_api_etl_virtualenv.py
[2024-03-18 20:00:45,195] {processor.py:641} INFO - Processing file /home/sheyla/Documents/Repositórios/apache-airflow-extracao-de-dados/venv/lib/python3.9/site-packages/airflow/example_dags/tutorial_taskflow_api_etl_virtualenv.py for tasks to queue
[2024-03-18 20:00:45,195] {logging_mixin.py:115} INFO - [2024-03-18 20:00:45,195] {dagbag.py:507} INFO - Filling up the DagBag from /home/sheyla/Documents/Repositórios/apache-airflow-extracao-de-dados/venv/lib/python3.9/site-packages/airflow/example_dags/tutorial_taskflow_api_etl_virtualenv.py
[2024-03-18 20:00:45,203] {logging_mixin.py:115} INFO - [2024-03-18 20:00:45,203] {tutorial_taskflow_api_etl_virtualenv.py:29} WARNING - The tutorial_taskflow_api_etl_virtualenv example DAG requires virtualenv, please install it.
[2024-03-18 20:00:45,203] {processor.py:653} WARNING - No viable dags retrieved from /home/sheyla/Documents/Repositórios/apache-airflow-extracao-de-dados/venv/lib/python3.9/site-packages/airflow/example_dags/tutorial_taskflow_api_etl_virtualenv.py
[2024-03-18 20:00:45,212] {processor.py:161} INFO - Processing /home/sheyla/Documents/Repositórios/apache-airflow-extracao-de-dados/venv/lib/python3.9/site-packages/airflow/example_dags/tutorial_taskflow_api_etl_virtualenv.py took 0.024 seconds
[2024-03-18 20:01:16,717] {processor.py:153} INFO - Started process (PID=1992618) to work on /home/sheyla/Documents/Repositórios/apache-airflow-extracao-de-dados/venv/lib/python3.9/site-packages/airflow/example_dags/tutorial_taskflow_api_etl_virtualenv.py
[2024-03-18 20:01:16,718] {processor.py:641} INFO - Processing file /home/sheyla/Documents/Repositórios/apache-airflow-extracao-de-dados/venv/lib/python3.9/site-packages/airflow/example_dags/tutorial_taskflow_api_etl_virtualenv.py for tasks to queue
[2024-03-18 20:01:16,720] {logging_mixin.py:115} INFO - [2024-03-18 20:01:16,719] {dagbag.py:507} INFO - Filling up the DagBag from /home/sheyla/Documents/Repositórios/apache-airflow-extracao-de-dados/venv/lib/python3.9/site-packages/airflow/example_dags/tutorial_taskflow_api_etl_virtualenv.py
[2024-03-18 20:01:16,738] {logging_mixin.py:115} INFO - [2024-03-18 20:01:16,738] {tutorial_taskflow_api_etl_virtualenv.py:29} WARNING - The tutorial_taskflow_api_etl_virtualenv example DAG requires virtualenv, please install it.
[2024-03-18 20:01:16,738] {processor.py:653} WARNING - No viable dags retrieved from /home/sheyla/Documents/Repositórios/apache-airflow-extracao-de-dados/venv/lib/python3.9/site-packages/airflow/example_dags/tutorial_taskflow_api_etl_virtualenv.py
[2024-03-18 20:01:16,748] {processor.py:161} INFO - Processing /home/sheyla/Documents/Repositórios/apache-airflow-extracao-de-dados/venv/lib/python3.9/site-packages/airflow/example_dags/tutorial_taskflow_api_etl_virtualenv.py took 0.037 seconds
[2024-03-18 20:01:47,107] {processor.py:153} INFO - Started process (PID=1992941) to work on /home/sheyla/Documents/Repositórios/apache-airflow-extracao-de-dados/venv/lib/python3.9/site-packages/airflow/example_dags/tutorial_taskflow_api_etl_virtualenv.py
[2024-03-18 20:01:47,113] {processor.py:641} INFO - Processing file /home/sheyla/Documents/Repositórios/apache-airflow-extracao-de-dados/venv/lib/python3.9/site-packages/airflow/example_dags/tutorial_taskflow_api_etl_virtualenv.py for tasks to queue
[2024-03-18 20:01:47,113] {logging_mixin.py:115} INFO - [2024-03-18 20:01:47,113] {dagbag.py:507} INFO - Filling up the DagBag from /home/sheyla/Documents/Repositórios/apache-airflow-extracao-de-dados/venv/lib/python3.9/site-packages/airflow/example_dags/tutorial_taskflow_api_etl_virtualenv.py
[2024-03-18 20:01:47,137] {logging_mixin.py:115} INFO - [2024-03-18 20:01:47,137] {tutorial_taskflow_api_etl_virtualenv.py:29} WARNING - The tutorial_taskflow_api_etl_virtualenv example DAG requires virtualenv, please install it.
[2024-03-18 20:01:47,137] {processor.py:653} WARNING - No viable dags retrieved from /home/sheyla/Documents/Repositórios/apache-airflow-extracao-de-dados/venv/lib/python3.9/site-packages/airflow/example_dags/tutorial_taskflow_api_etl_virtualenv.py
[2024-03-18 20:01:47,147] {processor.py:161} INFO - Processing /home/sheyla/Documents/Repositórios/apache-airflow-extracao-de-dados/venv/lib/python3.9/site-packages/airflow/example_dags/tutorial_taskflow_api_etl_virtualenv.py took 0.042 seconds
[2024-03-18 20:02:20,940] {processor.py:153} INFO - Started process (PID=1993277) to work on /home/sheyla/Documents/Repositórios/apache-airflow-extracao-de-dados/venv/lib/python3.9/site-packages/airflow/example_dags/tutorial_taskflow_api_etl_virtualenv.py
[2024-03-18 20:02:20,954] {processor.py:641} INFO - Processing file /home/sheyla/Documents/Repositórios/apache-airflow-extracao-de-dados/venv/lib/python3.9/site-packages/airflow/example_dags/tutorial_taskflow_api_etl_virtualenv.py for tasks to queue
[2024-03-18 20:02:20,954] {logging_mixin.py:115} INFO - [2024-03-18 20:02:20,954] {dagbag.py:507} INFO - Filling up the DagBag from /home/sheyla/Documents/Repositórios/apache-airflow-extracao-de-dados/venv/lib/python3.9/site-packages/airflow/example_dags/tutorial_taskflow_api_etl_virtualenv.py
[2024-03-18 20:02:20,991] {logging_mixin.py:115} INFO - [2024-03-18 20:02:20,991] {tutorial_taskflow_api_etl_virtualenv.py:29} WARNING - The tutorial_taskflow_api_etl_virtualenv example DAG requires virtualenv, please install it.
[2024-03-18 20:02:20,991] {processor.py:653} WARNING - No viable dags retrieved from /home/sheyla/Documents/Repositórios/apache-airflow-extracao-de-dados/venv/lib/python3.9/site-packages/airflow/example_dags/tutorial_taskflow_api_etl_virtualenv.py
[2024-03-18 20:02:21,001] {processor.py:161} INFO - Processing /home/sheyla/Documents/Repositórios/apache-airflow-extracao-de-dados/venv/lib/python3.9/site-packages/airflow/example_dags/tutorial_taskflow_api_etl_virtualenv.py took 0.063 seconds
[2024-03-18 20:02:51,922] {processor.py:153} INFO - Started process (PID=1993596) to work on /home/sheyla/Documents/Repositórios/apache-airflow-extracao-de-dados/venv/lib/python3.9/site-packages/airflow/example_dags/tutorial_taskflow_api_etl_virtualenv.py
[2024-03-18 20:02:51,927] {processor.py:641} INFO - Processing file /home/sheyla/Documents/Repositórios/apache-airflow-extracao-de-dados/venv/lib/python3.9/site-packages/airflow/example_dags/tutorial_taskflow_api_etl_virtualenv.py for tasks to queue
[2024-03-18 20:02:51,927] {logging_mixin.py:115} INFO - [2024-03-18 20:02:51,927] {dagbag.py:507} INFO - Filling up the DagBag from /home/sheyla/Documents/Repositórios/apache-airflow-extracao-de-dados/venv/lib/python3.9/site-packages/airflow/example_dags/tutorial_taskflow_api_etl_virtualenv.py
[2024-03-18 20:02:51,942] {logging_mixin.py:115} INFO - [2024-03-18 20:02:51,942] {tutorial_taskflow_api_etl_virtualenv.py:29} WARNING - The tutorial_taskflow_api_etl_virtualenv example DAG requires virtualenv, please install it.
[2024-03-18 20:02:51,942] {processor.py:653} WARNING - No viable dags retrieved from /home/sheyla/Documents/Repositórios/apache-airflow-extracao-de-dados/venv/lib/python3.9/site-packages/airflow/example_dags/tutorial_taskflow_api_etl_virtualenv.py
[2024-03-18 20:02:51,949] {processor.py:161} INFO - Processing /home/sheyla/Documents/Repositórios/apache-airflow-extracao-de-dados/venv/lib/python3.9/site-packages/airflow/example_dags/tutorial_taskflow_api_etl_virtualenv.py took 0.030 seconds
[2024-03-18 20:03:23,857] {processor.py:153} INFO - Started process (PID=1993911) to work on /home/sheyla/Documents/Repositórios/apache-airflow-extracao-de-dados/venv/lib/python3.9/site-packages/airflow/example_dags/tutorial_taskflow_api_etl_virtualenv.py
[2024-03-18 20:03:23,863] {processor.py:641} INFO - Processing file /home/sheyla/Documents/Repositórios/apache-airflow-extracao-de-dados/venv/lib/python3.9/site-packages/airflow/example_dags/tutorial_taskflow_api_etl_virtualenv.py for tasks to queue
[2024-03-18 20:03:23,863] {logging_mixin.py:115} INFO - [2024-03-18 20:03:23,863] {dagbag.py:507} INFO - Filling up the DagBag from /home/sheyla/Documents/Repositórios/apache-airflow-extracao-de-dados/venv/lib/python3.9/site-packages/airflow/example_dags/tutorial_taskflow_api_etl_virtualenv.py
[2024-03-18 20:03:23,876] {logging_mixin.py:115} INFO - [2024-03-18 20:03:23,876] {tutorial_taskflow_api_etl_virtualenv.py:29} WARNING - The tutorial_taskflow_api_etl_virtualenv example DAG requires virtualenv, please install it.
[2024-03-18 20:03:23,876] {processor.py:653} WARNING - No viable dags retrieved from /home/sheyla/Documents/Repositórios/apache-airflow-extracao-de-dados/venv/lib/python3.9/site-packages/airflow/example_dags/tutorial_taskflow_api_etl_virtualenv.py
[2024-03-18 20:03:23,883] {processor.py:161} INFO - Processing /home/sheyla/Documents/Repositórios/apache-airflow-extracao-de-dados/venv/lib/python3.9/site-packages/airflow/example_dags/tutorial_taskflow_api_etl_virtualenv.py took 0.027 seconds
[2024-03-18 20:03:55,879] {processor.py:153} INFO - Started process (PID=1994224) to work on /home/sheyla/Documents/Repositórios/apache-airflow-extracao-de-dados/venv/lib/python3.9/site-packages/airflow/example_dags/tutorial_taskflow_api_etl_virtualenv.py
[2024-03-18 20:03:55,880] {processor.py:641} INFO - Processing file /home/sheyla/Documents/Repositórios/apache-airflow-extracao-de-dados/venv/lib/python3.9/site-packages/airflow/example_dags/tutorial_taskflow_api_etl_virtualenv.py for tasks to queue
[2024-03-18 20:03:55,881] {logging_mixin.py:115} INFO - [2024-03-18 20:03:55,881] {dagbag.py:507} INFO - Filling up the DagBag from /home/sheyla/Documents/Repositórios/apache-airflow-extracao-de-dados/venv/lib/python3.9/site-packages/airflow/example_dags/tutorial_taskflow_api_etl_virtualenv.py
[2024-03-18 20:03:55,908] {logging_mixin.py:115} INFO - [2024-03-18 20:03:55,908] {tutorial_taskflow_api_etl_virtualenv.py:29} WARNING - The tutorial_taskflow_api_etl_virtualenv example DAG requires virtualenv, please install it.
[2024-03-18 20:03:55,908] {processor.py:653} WARNING - No viable dags retrieved from /home/sheyla/Documents/Repositórios/apache-airflow-extracao-de-dados/venv/lib/python3.9/site-packages/airflow/example_dags/tutorial_taskflow_api_etl_virtualenv.py
[2024-03-18 20:03:55,915] {processor.py:161} INFO - Processing /home/sheyla/Documents/Repositórios/apache-airflow-extracao-de-dados/venv/lib/python3.9/site-packages/airflow/example_dags/tutorial_taskflow_api_etl_virtualenv.py took 0.043 seconds
[2024-03-18 20:04:28,627] {processor.py:153} INFO - Started process (PID=1994552) to work on /home/sheyla/Documents/Repositórios/apache-airflow-extracao-de-dados/venv/lib/python3.9/site-packages/airflow/example_dags/tutorial_taskflow_api_etl_virtualenv.py
[2024-03-18 20:04:28,632] {processor.py:641} INFO - Processing file /home/sheyla/Documents/Repositórios/apache-airflow-extracao-de-dados/venv/lib/python3.9/site-packages/airflow/example_dags/tutorial_taskflow_api_etl_virtualenv.py for tasks to queue
[2024-03-18 20:04:28,633] {logging_mixin.py:115} INFO - [2024-03-18 20:04:28,633] {dagbag.py:507} INFO - Filling up the DagBag from /home/sheyla/Documents/Repositórios/apache-airflow-extracao-de-dados/venv/lib/python3.9/site-packages/airflow/example_dags/tutorial_taskflow_api_etl_virtualenv.py
[2024-03-18 20:04:28,652] {logging_mixin.py:115} INFO - [2024-03-18 20:04:28,652] {tutorial_taskflow_api_etl_virtualenv.py:29} WARNING - The tutorial_taskflow_api_etl_virtualenv example DAG requires virtualenv, please install it.
[2024-03-18 20:04:28,652] {processor.py:653} WARNING - No viable dags retrieved from /home/sheyla/Documents/Repositórios/apache-airflow-extracao-de-dados/venv/lib/python3.9/site-packages/airflow/example_dags/tutorial_taskflow_api_etl_virtualenv.py
[2024-03-18 20:04:28,661] {processor.py:161} INFO - Processing /home/sheyla/Documents/Repositórios/apache-airflow-extracao-de-dados/venv/lib/python3.9/site-packages/airflow/example_dags/tutorial_taskflow_api_etl_virtualenv.py took 0.037 seconds
[2024-03-18 20:05:00,868] {processor.py:153} INFO - Started process (PID=1994874) to work on /home/sheyla/Documents/Repositórios/apache-airflow-extracao-de-dados/venv/lib/python3.9/site-packages/airflow/example_dags/tutorial_taskflow_api_etl_virtualenv.py
[2024-03-18 20:05:00,874] {processor.py:641} INFO - Processing file /home/sheyla/Documents/Repositórios/apache-airflow-extracao-de-dados/venv/lib/python3.9/site-packages/airflow/example_dags/tutorial_taskflow_api_etl_virtualenv.py for tasks to queue
[2024-03-18 20:05:00,875] {logging_mixin.py:115} INFO - [2024-03-18 20:05:00,875] {dagbag.py:507} INFO - Filling up the DagBag from /home/sheyla/Documents/Repositórios/apache-airflow-extracao-de-dados/venv/lib/python3.9/site-packages/airflow/example_dags/tutorial_taskflow_api_etl_virtualenv.py
[2024-03-18 20:05:00,906] {logging_mixin.py:115} INFO - [2024-03-18 20:05:00,906] {tutorial_taskflow_api_etl_virtualenv.py:29} WARNING - The tutorial_taskflow_api_etl_virtualenv example DAG requires virtualenv, please install it.
[2024-03-18 20:05:00,906] {processor.py:653} WARNING - No viable dags retrieved from /home/sheyla/Documents/Repositórios/apache-airflow-extracao-de-dados/venv/lib/python3.9/site-packages/airflow/example_dags/tutorial_taskflow_api_etl_virtualenv.py
[2024-03-18 20:05:00,914] {processor.py:161} INFO - Processing /home/sheyla/Documents/Repositórios/apache-airflow-extracao-de-dados/venv/lib/python3.9/site-packages/airflow/example_dags/tutorial_taskflow_api_etl_virtualenv.py took 0.053 seconds
[2024-03-18 20:05:33,894] {processor.py:153} INFO - Started process (PID=1995224) to work on /home/sheyla/Documents/Repositórios/apache-airflow-extracao-de-dados/venv/lib/python3.9/site-packages/airflow/example_dags/tutorial_taskflow_api_etl_virtualenv.py
[2024-03-18 20:05:33,901] {processor.py:641} INFO - Processing file /home/sheyla/Documents/Repositórios/apache-airflow-extracao-de-dados/venv/lib/python3.9/site-packages/airflow/example_dags/tutorial_taskflow_api_etl_virtualenv.py for tasks to queue
[2024-03-18 20:05:33,902] {logging_mixin.py:115} INFO - [2024-03-18 20:05:33,902] {dagbag.py:507} INFO - Filling up the DagBag from /home/sheyla/Documents/Repositórios/apache-airflow-extracao-de-dados/venv/lib/python3.9/site-packages/airflow/example_dags/tutorial_taskflow_api_etl_virtualenv.py
[2024-03-18 20:05:33,927] {logging_mixin.py:115} INFO - [2024-03-18 20:05:33,927] {tutorial_taskflow_api_etl_virtualenv.py:29} WARNING - The tutorial_taskflow_api_etl_virtualenv example DAG requires virtualenv, please install it.
[2024-03-18 20:05:33,927] {processor.py:653} WARNING - No viable dags retrieved from /home/sheyla/Documents/Repositórios/apache-airflow-extracao-de-dados/venv/lib/python3.9/site-packages/airflow/example_dags/tutorial_taskflow_api_etl_virtualenv.py
[2024-03-18 20:05:33,934] {processor.py:161} INFO - Processing /home/sheyla/Documents/Repositórios/apache-airflow-extracao-de-dados/venv/lib/python3.9/site-packages/airflow/example_dags/tutorial_taskflow_api_etl_virtualenv.py took 0.048 seconds
[2024-03-18 20:06:05,477] {processor.py:153} INFO - Started process (PID=1995632) to work on /home/sheyla/Documents/Repositórios/apache-airflow-extracao-de-dados/venv/lib/python3.9/site-packages/airflow/example_dags/tutorial_taskflow_api_etl_virtualenv.py
[2024-03-18 20:06:05,482] {processor.py:641} INFO - Processing file /home/sheyla/Documents/Repositórios/apache-airflow-extracao-de-dados/venv/lib/python3.9/site-packages/airflow/example_dags/tutorial_taskflow_api_etl_virtualenv.py for tasks to queue
[2024-03-18 20:06:05,483] {logging_mixin.py:115} INFO - [2024-03-18 20:06:05,483] {dagbag.py:507} INFO - Filling up the DagBag from /home/sheyla/Documents/Repositórios/apache-airflow-extracao-de-dados/venv/lib/python3.9/site-packages/airflow/example_dags/tutorial_taskflow_api_etl_virtualenv.py
[2024-03-18 20:06:05,502] {logging_mixin.py:115} INFO - [2024-03-18 20:06:05,502] {tutorial_taskflow_api_etl_virtualenv.py:29} WARNING - The tutorial_taskflow_api_etl_virtualenv example DAG requires virtualenv, please install it.
[2024-03-18 20:06:05,503] {processor.py:653} WARNING - No viable dags retrieved from /home/sheyla/Documents/Repositórios/apache-airflow-extracao-de-dados/venv/lib/python3.9/site-packages/airflow/example_dags/tutorial_taskflow_api_etl_virtualenv.py
[2024-03-18 20:06:05,510] {processor.py:161} INFO - Processing /home/sheyla/Documents/Repositórios/apache-airflow-extracao-de-dados/venv/lib/python3.9/site-packages/airflow/example_dags/tutorial_taskflow_api_etl_virtualenv.py took 0.037 seconds
[2024-03-18 20:06:38,914] {processor.py:153} INFO - Started process (PID=1995964) to work on /home/sheyla/Documents/Repositórios/apache-airflow-extracao-de-dados/venv/lib/python3.9/site-packages/airflow/example_dags/tutorial_taskflow_api_etl_virtualenv.py
[2024-03-18 20:06:38,921] {processor.py:641} INFO - Processing file /home/sheyla/Documents/Repositórios/apache-airflow-extracao-de-dados/venv/lib/python3.9/site-packages/airflow/example_dags/tutorial_taskflow_api_etl_virtualenv.py for tasks to queue
[2024-03-18 20:06:38,922] {logging_mixin.py:115} INFO - [2024-03-18 20:06:38,922] {dagbag.py:507} INFO - Filling up the DagBag from /home/sheyla/Documents/Repositórios/apache-airflow-extracao-de-dados/venv/lib/python3.9/site-packages/airflow/example_dags/tutorial_taskflow_api_etl_virtualenv.py
[2024-03-18 20:06:38,950] {logging_mixin.py:115} INFO - [2024-03-18 20:06:38,950] {tutorial_taskflow_api_etl_virtualenv.py:29} WARNING - The tutorial_taskflow_api_etl_virtualenv example DAG requires virtualenv, please install it.
[2024-03-18 20:06:38,951] {processor.py:653} WARNING - No viable dags retrieved from /home/sheyla/Documents/Repositórios/apache-airflow-extracao-de-dados/venv/lib/python3.9/site-packages/airflow/example_dags/tutorial_taskflow_api_etl_virtualenv.py
[2024-03-18 20:06:38,958] {processor.py:161} INFO - Processing /home/sheyla/Documents/Repositórios/apache-airflow-extracao-de-dados/venv/lib/python3.9/site-packages/airflow/example_dags/tutorial_taskflow_api_etl_virtualenv.py took 0.051 seconds
[2024-03-18 20:07:10,833] {processor.py:153} INFO - Started process (PID=1996303) to work on /home/sheyla/Documents/Repositórios/apache-airflow-extracao-de-dados/venv/lib/python3.9/site-packages/airflow/example_dags/tutorial_taskflow_api_etl_virtualenv.py
[2024-03-18 20:07:10,837] {processor.py:641} INFO - Processing file /home/sheyla/Documents/Repositórios/apache-airflow-extracao-de-dados/venv/lib/python3.9/site-packages/airflow/example_dags/tutorial_taskflow_api_etl_virtualenv.py for tasks to queue
[2024-03-18 20:07:10,837] {logging_mixin.py:115} INFO - [2024-03-18 20:07:10,837] {dagbag.py:507} INFO - Filling up the DagBag from /home/sheyla/Documents/Repositórios/apache-airflow-extracao-de-dados/venv/lib/python3.9/site-packages/airflow/example_dags/tutorial_taskflow_api_etl_virtualenv.py
[2024-03-18 20:07:10,849] {logging_mixin.py:115} INFO - [2024-03-18 20:07:10,849] {tutorial_taskflow_api_etl_virtualenv.py:29} WARNING - The tutorial_taskflow_api_etl_virtualenv example DAG requires virtualenv, please install it.
[2024-03-18 20:07:10,850] {processor.py:653} WARNING - No viable dags retrieved from /home/sheyla/Documents/Repositórios/apache-airflow-extracao-de-dados/venv/lib/python3.9/site-packages/airflow/example_dags/tutorial_taskflow_api_etl_virtualenv.py
[2024-03-18 20:07:10,856] {processor.py:161} INFO - Processing /home/sheyla/Documents/Repositórios/apache-airflow-extracao-de-dados/venv/lib/python3.9/site-packages/airflow/example_dags/tutorial_taskflow_api_etl_virtualenv.py took 0.025 seconds
[2024-03-18 20:07:43,898] {processor.py:153} INFO - Started process (PID=1996956) to work on /home/sheyla/Documents/Repositórios/apache-airflow-extracao-de-dados/venv/lib/python3.9/site-packages/airflow/example_dags/tutorial_taskflow_api_etl_virtualenv.py
[2024-03-18 20:07:43,903] {processor.py:641} INFO - Processing file /home/sheyla/Documents/Repositórios/apache-airflow-extracao-de-dados/venv/lib/python3.9/site-packages/airflow/example_dags/tutorial_taskflow_api_etl_virtualenv.py for tasks to queue
[2024-03-18 20:07:43,904] {logging_mixin.py:115} INFO - [2024-03-18 20:07:43,904] {dagbag.py:507} INFO - Filling up the DagBag from /home/sheyla/Documents/Repositórios/apache-airflow-extracao-de-dados/venv/lib/python3.9/site-packages/airflow/example_dags/tutorial_taskflow_api_etl_virtualenv.py
[2024-03-18 20:07:43,914] {logging_mixin.py:115} INFO - [2024-03-18 20:07:43,914] {tutorial_taskflow_api_etl_virtualenv.py:29} WARNING - The tutorial_taskflow_api_etl_virtualenv example DAG requires virtualenv, please install it.
[2024-03-18 20:07:43,914] {processor.py:653} WARNING - No viable dags retrieved from /home/sheyla/Documents/Repositórios/apache-airflow-extracao-de-dados/venv/lib/python3.9/site-packages/airflow/example_dags/tutorial_taskflow_api_etl_virtualenv.py
[2024-03-18 20:07:43,920] {processor.py:161} INFO - Processing /home/sheyla/Documents/Repositórios/apache-airflow-extracao-de-dados/venv/lib/python3.9/site-packages/airflow/example_dags/tutorial_taskflow_api_etl_virtualenv.py took 0.023 seconds
[2024-03-18 20:08:14,206] {processor.py:153} INFO - Started process (PID=1997724) to work on /home/sheyla/Documents/Repositórios/apache-airflow-extracao-de-dados/venv/lib/python3.9/site-packages/airflow/example_dags/tutorial_taskflow_api_etl_virtualenv.py
[2024-03-18 20:08:14,207] {processor.py:641} INFO - Processing file /home/sheyla/Documents/Repositórios/apache-airflow-extracao-de-dados/venv/lib/python3.9/site-packages/airflow/example_dags/tutorial_taskflow_api_etl_virtualenv.py for tasks to queue
[2024-03-18 20:08:14,207] {logging_mixin.py:115} INFO - [2024-03-18 20:08:14,207] {dagbag.py:507} INFO - Filling up the DagBag from /home/sheyla/Documents/Repositórios/apache-airflow-extracao-de-dados/venv/lib/python3.9/site-packages/airflow/example_dags/tutorial_taskflow_api_etl_virtualenv.py
[2024-03-18 20:08:14,219] {logging_mixin.py:115} INFO - [2024-03-18 20:08:14,219] {tutorial_taskflow_api_etl_virtualenv.py:29} WARNING - The tutorial_taskflow_api_etl_virtualenv example DAG requires virtualenv, please install it.
[2024-03-18 20:08:14,219] {processor.py:653} WARNING - No viable dags retrieved from /home/sheyla/Documents/Repositórios/apache-airflow-extracao-de-dados/venv/lib/python3.9/site-packages/airflow/example_dags/tutorial_taskflow_api_etl_virtualenv.py
[2024-03-18 20:08:14,224] {processor.py:161} INFO - Processing /home/sheyla/Documents/Repositórios/apache-airflow-extracao-de-dados/venv/lib/python3.9/site-packages/airflow/example_dags/tutorial_taskflow_api_etl_virtualenv.py took 0.020 seconds
[2024-03-18 20:08:45,774] {processor.py:153} INFO - Started process (PID=1998385) to work on /home/sheyla/Documents/Repositórios/apache-airflow-extracao-de-dados/venv/lib/python3.9/site-packages/airflow/example_dags/tutorial_taskflow_api_etl_virtualenv.py
[2024-03-18 20:08:45,776] {processor.py:641} INFO - Processing file /home/sheyla/Documents/Repositórios/apache-airflow-extracao-de-dados/venv/lib/python3.9/site-packages/airflow/example_dags/tutorial_taskflow_api_etl_virtualenv.py for tasks to queue
[2024-03-18 20:08:45,777] {logging_mixin.py:115} INFO - [2024-03-18 20:08:45,777] {dagbag.py:507} INFO - Filling up the DagBag from /home/sheyla/Documents/Repositórios/apache-airflow-extracao-de-dados/venv/lib/python3.9/site-packages/airflow/example_dags/tutorial_taskflow_api_etl_virtualenv.py
[2024-03-18 20:08:45,800] {logging_mixin.py:115} INFO - [2024-03-18 20:08:45,800] {tutorial_taskflow_api_etl_virtualenv.py:29} WARNING - The tutorial_taskflow_api_etl_virtualenv example DAG requires virtualenv, please install it.
[2024-03-18 20:08:45,800] {processor.py:653} WARNING - No viable dags retrieved from /home/sheyla/Documents/Repositórios/apache-airflow-extracao-de-dados/venv/lib/python3.9/site-packages/airflow/example_dags/tutorial_taskflow_api_etl_virtualenv.py
[2024-03-18 20:08:45,807] {processor.py:161} INFO - Processing /home/sheyla/Documents/Repositórios/apache-airflow-extracao-de-dados/venv/lib/python3.9/site-packages/airflow/example_dags/tutorial_taskflow_api_etl_virtualenv.py took 0.039 seconds
