[2024-03-18 19:56:42,272] {processor.py:153} INFO - Started process (PID=1989781) to work on /home/sheyla/Documents/Repositórios/apache-airflow-extracao-de-dados/venv/lib/python3.9/site-packages/airflow/example_dags/tutorial_etl_dag.py
[2024-03-18 19:56:42,272] {processor.py:641} INFO - Processing file /home/sheyla/Documents/Repositórios/apache-airflow-extracao-de-dados/venv/lib/python3.9/site-packages/airflow/example_dags/tutorial_etl_dag.py for tasks to queue
[2024-03-18 19:56:42,273] {logging_mixin.py:115} INFO - [2024-03-18 19:56:42,273] {dagbag.py:507} INFO - Filling up the DagBag from /home/sheyla/Documents/Repositórios/apache-airflow-extracao-de-dados/venv/lib/python3.9/site-packages/airflow/example_dags/tutorial_etl_dag.py
[2024-03-18 19:56:42,285] {processor.py:651} INFO - DAG(s) dict_keys(['tutorial_etl_dag']) retrieved from /home/sheyla/Documents/Repositórios/apache-airflow-extracao-de-dados/venv/lib/python3.9/site-packages/airflow/example_dags/tutorial_etl_dag.py
[2024-03-18 19:56:42,541] {logging_mixin.py:115} INFO - [2024-03-18 19:56:42,541] {manager.py:508} INFO - Created Permission View: can delete on DAG:tutorial_etl_dag
[2024-03-18 19:56:42,621] {logging_mixin.py:115} INFO - [2024-03-18 19:56:42,621] {manager.py:508} INFO - Created Permission View: can edit on DAG:tutorial_etl_dag
[2024-03-18 19:56:42,660] {logging_mixin.py:115} INFO - [2024-03-18 19:56:42,660] {manager.py:508} INFO - Created Permission View: can read on DAG:tutorial_etl_dag
[2024-03-18 19:56:42,660] {logging_mixin.py:115} INFO - [2024-03-18 19:56:42,660] {dag.py:2379} INFO - Sync 1 DAGs
[2024-03-18 19:56:42,667] {logging_mixin.py:115} INFO - [2024-03-18 19:56:42,667] {dag.py:2398} INFO - Creating ORM DAG for tutorial_etl_dag
[2024-03-18 19:56:42,675] {logging_mixin.py:115} INFO - [2024-03-18 19:56:42,675] {dag.py:2927} INFO - Setting next_dagrun for tutorial_etl_dag to None, run_after=None
[2024-03-18 19:56:42,716] {processor.py:161} INFO - Processing /home/sheyla/Documents/Repositórios/apache-airflow-extracao-de-dados/venv/lib/python3.9/site-packages/airflow/example_dags/tutorial_etl_dag.py took 0.447 seconds
[2024-03-18 19:57:25,983] {processor.py:153} INFO - Started process (PID=1990205) to work on /home/sheyla/Documents/Repositórios/apache-airflow-extracao-de-dados/venv/lib/python3.9/site-packages/airflow/example_dags/tutorial_etl_dag.py
[2024-03-18 19:57:25,988] {processor.py:641} INFO - Processing file /home/sheyla/Documents/Repositórios/apache-airflow-extracao-de-dados/venv/lib/python3.9/site-packages/airflow/example_dags/tutorial_etl_dag.py for tasks to queue
[2024-03-18 19:57:25,989] {logging_mixin.py:115} INFO - [2024-03-18 19:57:25,989] {dagbag.py:507} INFO - Filling up the DagBag from /home/sheyla/Documents/Repositórios/apache-airflow-extracao-de-dados/venv/lib/python3.9/site-packages/airflow/example_dags/tutorial_etl_dag.py
[2024-03-18 19:57:25,997] {processor.py:651} INFO - DAG(s) dict_keys(['tutorial_etl_dag']) retrieved from /home/sheyla/Documents/Repositórios/apache-airflow-extracao-de-dados/venv/lib/python3.9/site-packages/airflow/example_dags/tutorial_etl_dag.py
[2024-03-18 19:57:26,020] {logging_mixin.py:115} INFO - [2024-03-18 19:57:26,020] {dag.py:2379} INFO - Sync 1 DAGs
[2024-03-18 19:57:26,038] {logging_mixin.py:115} INFO - [2024-03-18 19:57:26,038] {dag.py:2927} INFO - Setting next_dagrun for tutorial_etl_dag to None, run_after=None
[2024-03-18 19:57:26,078] {processor.py:161} INFO - Processing /home/sheyla/Documents/Repositórios/apache-airflow-extracao-de-dados/venv/lib/python3.9/site-packages/airflow/example_dags/tutorial_etl_dag.py took 0.098 seconds
[2024-03-18 19:57:58,124] {processor.py:153} INFO - Started process (PID=1990540) to work on /home/sheyla/Documents/Repositórios/apache-airflow-extracao-de-dados/venv/lib/python3.9/site-packages/airflow/example_dags/tutorial_etl_dag.py
[2024-03-18 19:57:58,126] {processor.py:641} INFO - Processing file /home/sheyla/Documents/Repositórios/apache-airflow-extracao-de-dados/venv/lib/python3.9/site-packages/airflow/example_dags/tutorial_etl_dag.py for tasks to queue
[2024-03-18 19:57:58,128] {logging_mixin.py:115} INFO - [2024-03-18 19:57:58,127] {dagbag.py:507} INFO - Filling up the DagBag from /home/sheyla/Documents/Repositórios/apache-airflow-extracao-de-dados/venv/lib/python3.9/site-packages/airflow/example_dags/tutorial_etl_dag.py
[2024-03-18 19:57:58,144] {processor.py:651} INFO - DAG(s) dict_keys(['tutorial_etl_dag']) retrieved from /home/sheyla/Documents/Repositórios/apache-airflow-extracao-de-dados/venv/lib/python3.9/site-packages/airflow/example_dags/tutorial_etl_dag.py
[2024-03-18 19:57:58,162] {logging_mixin.py:115} INFO - [2024-03-18 19:57:58,162] {dag.py:2379} INFO - Sync 1 DAGs
[2024-03-18 19:57:58,174] {logging_mixin.py:115} INFO - [2024-03-18 19:57:58,174] {dag.py:2927} INFO - Setting next_dagrun for tutorial_etl_dag to None, run_after=None
[2024-03-18 19:57:58,186] {processor.py:161} INFO - Processing /home/sheyla/Documents/Repositórios/apache-airflow-extracao-de-dados/venv/lib/python3.9/site-packages/airflow/example_dags/tutorial_etl_dag.py took 0.069 seconds
[2024-03-18 19:58:31,198] {processor.py:153} INFO - Started process (PID=1990870) to work on /home/sheyla/Documents/Repositórios/apache-airflow-extracao-de-dados/venv/lib/python3.9/site-packages/airflow/example_dags/tutorial_etl_dag.py
[2024-03-18 19:58:31,204] {processor.py:641} INFO - Processing file /home/sheyla/Documents/Repositórios/apache-airflow-extracao-de-dados/venv/lib/python3.9/site-packages/airflow/example_dags/tutorial_etl_dag.py for tasks to queue
[2024-03-18 19:58:31,206] {logging_mixin.py:115} INFO - [2024-03-18 19:58:31,205] {dagbag.py:507} INFO - Filling up the DagBag from /home/sheyla/Documents/Repositórios/apache-airflow-extracao-de-dados/venv/lib/python3.9/site-packages/airflow/example_dags/tutorial_etl_dag.py
[2024-03-18 19:58:31,223] {processor.py:651} INFO - DAG(s) dict_keys(['tutorial_etl_dag']) retrieved from /home/sheyla/Documents/Repositórios/apache-airflow-extracao-de-dados/venv/lib/python3.9/site-packages/airflow/example_dags/tutorial_etl_dag.py
[2024-03-18 19:58:31,244] {logging_mixin.py:115} INFO - [2024-03-18 19:58:31,243] {dag.py:2379} INFO - Sync 1 DAGs
[2024-03-18 19:58:31,256] {logging_mixin.py:115} INFO - [2024-03-18 19:58:31,256] {dag.py:2927} INFO - Setting next_dagrun for tutorial_etl_dag to None, run_after=None
[2024-03-18 19:58:31,268] {processor.py:161} INFO - Processing /home/sheyla/Documents/Repositórios/apache-airflow-extracao-de-dados/venv/lib/python3.9/site-packages/airflow/example_dags/tutorial_etl_dag.py took 0.076 seconds
[2024-03-18 19:59:02,633] {processor.py:153} INFO - Started process (PID=1991184) to work on /home/sheyla/Documents/Repositórios/apache-airflow-extracao-de-dados/venv/lib/python3.9/site-packages/airflow/example_dags/tutorial_etl_dag.py
[2024-03-18 19:59:02,636] {processor.py:641} INFO - Processing file /home/sheyla/Documents/Repositórios/apache-airflow-extracao-de-dados/venv/lib/python3.9/site-packages/airflow/example_dags/tutorial_etl_dag.py for tasks to queue
[2024-03-18 19:59:02,637] {logging_mixin.py:115} INFO - [2024-03-18 19:59:02,636] {dagbag.py:507} INFO - Filling up the DagBag from /home/sheyla/Documents/Repositórios/apache-airflow-extracao-de-dados/venv/lib/python3.9/site-packages/airflow/example_dags/tutorial_etl_dag.py
[2024-03-18 19:59:02,644] {processor.py:651} INFO - DAG(s) dict_keys(['tutorial_etl_dag']) retrieved from /home/sheyla/Documents/Repositórios/apache-airflow-extracao-de-dados/venv/lib/python3.9/site-packages/airflow/example_dags/tutorial_etl_dag.py
[2024-03-18 19:59:02,658] {logging_mixin.py:115} INFO - [2024-03-18 19:59:02,658] {dag.py:2379} INFO - Sync 1 DAGs
[2024-03-18 19:59:02,669] {logging_mixin.py:115} INFO - [2024-03-18 19:59:02,669] {dag.py:2927} INFO - Setting next_dagrun for tutorial_etl_dag to None, run_after=None
[2024-03-18 19:59:02,680] {processor.py:161} INFO - Processing /home/sheyla/Documents/Repositórios/apache-airflow-extracao-de-dados/venv/lib/python3.9/site-packages/airflow/example_dags/tutorial_etl_dag.py took 0.050 seconds
[2024-03-18 19:59:35,534] {processor.py:153} INFO - Started process (PID=1991506) to work on /home/sheyla/Documents/Repositórios/apache-airflow-extracao-de-dados/venv/lib/python3.9/site-packages/airflow/example_dags/tutorial_etl_dag.py
[2024-03-18 19:59:35,540] {processor.py:641} INFO - Processing file /home/sheyla/Documents/Repositórios/apache-airflow-extracao-de-dados/venv/lib/python3.9/site-packages/airflow/example_dags/tutorial_etl_dag.py for tasks to queue
[2024-03-18 19:59:35,541] {logging_mixin.py:115} INFO - [2024-03-18 19:59:35,541] {dagbag.py:507} INFO - Filling up the DagBag from /home/sheyla/Documents/Repositórios/apache-airflow-extracao-de-dados/venv/lib/python3.9/site-packages/airflow/example_dags/tutorial_etl_dag.py
[2024-03-18 19:59:35,559] {processor.py:651} INFO - DAG(s) dict_keys(['tutorial_etl_dag']) retrieved from /home/sheyla/Documents/Repositórios/apache-airflow-extracao-de-dados/venv/lib/python3.9/site-packages/airflow/example_dags/tutorial_etl_dag.py
[2024-03-18 19:59:35,586] {logging_mixin.py:115} INFO - [2024-03-18 19:59:35,586] {dag.py:2379} INFO - Sync 1 DAGs
[2024-03-18 19:59:35,599] {logging_mixin.py:115} INFO - [2024-03-18 19:59:35,599] {dag.py:2927} INFO - Setting next_dagrun for tutorial_etl_dag to None, run_after=None
[2024-03-18 19:59:35,616] {processor.py:161} INFO - Processing /home/sheyla/Documents/Repositórios/apache-airflow-extracao-de-dados/venv/lib/python3.9/site-packages/airflow/example_dags/tutorial_etl_dag.py took 0.085 seconds
[2024-03-18 20:00:09,394] {processor.py:153} INFO - Started process (PID=1991868) to work on /home/sheyla/Documents/Repositórios/apache-airflow-extracao-de-dados/venv/lib/python3.9/site-packages/airflow/example_dags/tutorial_etl_dag.py
[2024-03-18 20:00:09,399] {processor.py:641} INFO - Processing file /home/sheyla/Documents/Repositórios/apache-airflow-extracao-de-dados/venv/lib/python3.9/site-packages/airflow/example_dags/tutorial_etl_dag.py for tasks to queue
[2024-03-18 20:00:09,400] {logging_mixin.py:115} INFO - [2024-03-18 20:00:09,400] {dagbag.py:507} INFO - Filling up the DagBag from /home/sheyla/Documents/Repositórios/apache-airflow-extracao-de-dados/venv/lib/python3.9/site-packages/airflow/example_dags/tutorial_etl_dag.py
[2024-03-18 20:00:09,406] {processor.py:651} INFO - DAG(s) dict_keys(['tutorial_etl_dag']) retrieved from /home/sheyla/Documents/Repositórios/apache-airflow-extracao-de-dados/venv/lib/python3.9/site-packages/airflow/example_dags/tutorial_etl_dag.py
[2024-03-18 20:00:09,420] {logging_mixin.py:115} INFO - [2024-03-18 20:00:09,420] {dag.py:2379} INFO - Sync 1 DAGs
[2024-03-18 20:00:09,431] {logging_mixin.py:115} INFO - [2024-03-18 20:00:09,431] {dag.py:2927} INFO - Setting next_dagrun for tutorial_etl_dag to None, run_after=None
[2024-03-18 20:00:09,442] {processor.py:161} INFO - Processing /home/sheyla/Documents/Repositórios/apache-airflow-extracao-de-dados/venv/lib/python3.9/site-packages/airflow/example_dags/tutorial_etl_dag.py took 0.050 seconds
[2024-03-18 20:00:39,584] {processor.py:153} INFO - Started process (PID=1992245) to work on /home/sheyla/Documents/Repositórios/apache-airflow-extracao-de-dados/venv/lib/python3.9/site-packages/airflow/example_dags/tutorial_etl_dag.py
[2024-03-18 20:00:39,590] {processor.py:641} INFO - Processing file /home/sheyla/Documents/Repositórios/apache-airflow-extracao-de-dados/venv/lib/python3.9/site-packages/airflow/example_dags/tutorial_etl_dag.py for tasks to queue
[2024-03-18 20:00:39,592] {logging_mixin.py:115} INFO - [2024-03-18 20:00:39,591] {dagbag.py:507} INFO - Filling up the DagBag from /home/sheyla/Documents/Repositórios/apache-airflow-extracao-de-dados/venv/lib/python3.9/site-packages/airflow/example_dags/tutorial_etl_dag.py
[2024-03-18 20:00:39,608] {processor.py:651} INFO - DAG(s) dict_keys(['tutorial_etl_dag']) retrieved from /home/sheyla/Documents/Repositórios/apache-airflow-extracao-de-dados/venv/lib/python3.9/site-packages/airflow/example_dags/tutorial_etl_dag.py
[2024-03-18 20:00:39,628] {logging_mixin.py:115} INFO - [2024-03-18 20:00:39,627] {dag.py:2379} INFO - Sync 1 DAGs
[2024-03-18 20:00:39,639] {logging_mixin.py:115} INFO - [2024-03-18 20:00:39,639] {dag.py:2927} INFO - Setting next_dagrun for tutorial_etl_dag to None, run_after=None
[2024-03-18 20:00:39,658] {processor.py:161} INFO - Processing /home/sheyla/Documents/Repositórios/apache-airflow-extracao-de-dados/venv/lib/python3.9/site-packages/airflow/example_dags/tutorial_etl_dag.py took 0.081 seconds
[2024-03-18 20:01:09,999] {processor.py:153} INFO - Started process (PID=1992544) to work on /home/sheyla/Documents/Repositórios/apache-airflow-extracao-de-dados/venv/lib/python3.9/site-packages/airflow/example_dags/tutorial_etl_dag.py
[2024-03-18 20:01:10,000] {processor.py:641} INFO - Processing file /home/sheyla/Documents/Repositórios/apache-airflow-extracao-de-dados/venv/lib/python3.9/site-packages/airflow/example_dags/tutorial_etl_dag.py for tasks to queue
[2024-03-18 20:01:10,002] {logging_mixin.py:115} INFO - [2024-03-18 20:01:10,001] {dagbag.py:507} INFO - Filling up the DagBag from /home/sheyla/Documents/Repositórios/apache-airflow-extracao-de-dados/venv/lib/python3.9/site-packages/airflow/example_dags/tutorial_etl_dag.py
[2024-03-18 20:01:10,017] {processor.py:651} INFO - DAG(s) dict_keys(['tutorial_etl_dag']) retrieved from /home/sheyla/Documents/Repositórios/apache-airflow-extracao-de-dados/venv/lib/python3.9/site-packages/airflow/example_dags/tutorial_etl_dag.py
[2024-03-18 20:01:10,034] {logging_mixin.py:115} INFO - [2024-03-18 20:01:10,034] {dag.py:2379} INFO - Sync 1 DAGs
[2024-03-18 20:01:10,047] {logging_mixin.py:115} INFO - [2024-03-18 20:01:10,047] {dag.py:2927} INFO - Setting next_dagrun for tutorial_etl_dag to None, run_after=None
[2024-03-18 20:01:10,064] {processor.py:161} INFO - Processing /home/sheyla/Documents/Repositórios/apache-airflow-extracao-de-dados/venv/lib/python3.9/site-packages/airflow/example_dags/tutorial_etl_dag.py took 0.072 seconds
[2024-03-18 20:01:40,604] {processor.py:153} INFO - Started process (PID=1992846) to work on /home/sheyla/Documents/Repositórios/apache-airflow-extracao-de-dados/venv/lib/python3.9/site-packages/airflow/example_dags/tutorial_etl_dag.py
[2024-03-18 20:01:40,610] {processor.py:641} INFO - Processing file /home/sheyla/Documents/Repositórios/apache-airflow-extracao-de-dados/venv/lib/python3.9/site-packages/airflow/example_dags/tutorial_etl_dag.py for tasks to queue
[2024-03-18 20:01:40,612] {logging_mixin.py:115} INFO - [2024-03-18 20:01:40,611] {dagbag.py:507} INFO - Filling up the DagBag from /home/sheyla/Documents/Repositórios/apache-airflow-extracao-de-dados/venv/lib/python3.9/site-packages/airflow/example_dags/tutorial_etl_dag.py
[2024-03-18 20:01:40,630] {processor.py:651} INFO - DAG(s) dict_keys(['tutorial_etl_dag']) retrieved from /home/sheyla/Documents/Repositórios/apache-airflow-extracao-de-dados/venv/lib/python3.9/site-packages/airflow/example_dags/tutorial_etl_dag.py
[2024-03-18 20:01:40,652] {logging_mixin.py:115} INFO - [2024-03-18 20:01:40,652] {dag.py:2379} INFO - Sync 1 DAGs
[2024-03-18 20:01:40,665] {logging_mixin.py:115} INFO - [2024-03-18 20:01:40,665] {dag.py:2927} INFO - Setting next_dagrun for tutorial_etl_dag to None, run_after=None
[2024-03-18 20:01:40,675] {processor.py:161} INFO - Processing /home/sheyla/Documents/Repositórios/apache-airflow-extracao-de-dados/venv/lib/python3.9/site-packages/airflow/example_dags/tutorial_etl_dag.py took 0.073 seconds
[2024-03-18 20:02:12,796] {processor.py:153} INFO - Started process (PID=1993197) to work on /home/sheyla/Documents/Repositórios/apache-airflow-extracao-de-dados/venv/lib/python3.9/site-packages/airflow/example_dags/tutorial_etl_dag.py
[2024-03-18 20:02:12,799] {processor.py:641} INFO - Processing file /home/sheyla/Documents/Repositórios/apache-airflow-extracao-de-dados/venv/lib/python3.9/site-packages/airflow/example_dags/tutorial_etl_dag.py for tasks to queue
[2024-03-18 20:02:12,800] {logging_mixin.py:115} INFO - [2024-03-18 20:02:12,800] {dagbag.py:507} INFO - Filling up the DagBag from /home/sheyla/Documents/Repositórios/apache-airflow-extracao-de-dados/venv/lib/python3.9/site-packages/airflow/example_dags/tutorial_etl_dag.py
[2024-03-18 20:02:12,807] {processor.py:651} INFO - DAG(s) dict_keys(['tutorial_etl_dag']) retrieved from /home/sheyla/Documents/Repositórios/apache-airflow-extracao-de-dados/venv/lib/python3.9/site-packages/airflow/example_dags/tutorial_etl_dag.py
[2024-03-18 20:02:12,827] {logging_mixin.py:115} INFO - [2024-03-18 20:02:12,826] {dag.py:2379} INFO - Sync 1 DAGs
[2024-03-18 20:02:12,841] {logging_mixin.py:115} INFO - [2024-03-18 20:02:12,841] {dag.py:2927} INFO - Setting next_dagrun for tutorial_etl_dag to None, run_after=None
[2024-03-18 20:02:12,851] {processor.py:161} INFO - Processing /home/sheyla/Documents/Repositórios/apache-airflow-extracao-de-dados/venv/lib/python3.9/site-packages/airflow/example_dags/tutorial_etl_dag.py took 0.057 seconds
[2024-03-18 20:02:43,828] {processor.py:153} INFO - Started process (PID=1993512) to work on /home/sheyla/Documents/Repositórios/apache-airflow-extracao-de-dados/venv/lib/python3.9/site-packages/airflow/example_dags/tutorial_etl_dag.py
[2024-03-18 20:02:43,835] {processor.py:641} INFO - Processing file /home/sheyla/Documents/Repositórios/apache-airflow-extracao-de-dados/venv/lib/python3.9/site-packages/airflow/example_dags/tutorial_etl_dag.py for tasks to queue
[2024-03-18 20:02:43,836] {logging_mixin.py:115} INFO - [2024-03-18 20:02:43,836] {dagbag.py:507} INFO - Filling up the DagBag from /home/sheyla/Documents/Repositórios/apache-airflow-extracao-de-dados/venv/lib/python3.9/site-packages/airflow/example_dags/tutorial_etl_dag.py
[2024-03-18 20:02:43,854] {processor.py:651} INFO - DAG(s) dict_keys(['tutorial_etl_dag']) retrieved from /home/sheyla/Documents/Repositórios/apache-airflow-extracao-de-dados/venv/lib/python3.9/site-packages/airflow/example_dags/tutorial_etl_dag.py
[2024-03-18 20:02:43,877] {logging_mixin.py:115} INFO - [2024-03-18 20:02:43,877] {dag.py:2379} INFO - Sync 1 DAGs
[2024-03-18 20:02:43,889] {logging_mixin.py:115} INFO - [2024-03-18 20:02:43,889] {dag.py:2927} INFO - Setting next_dagrun for tutorial_etl_dag to None, run_after=None
[2024-03-18 20:02:43,908] {processor.py:161} INFO - Processing /home/sheyla/Documents/Repositórios/apache-airflow-extracao-de-dados/venv/lib/python3.9/site-packages/airflow/example_dags/tutorial_etl_dag.py took 0.086 seconds
[2024-03-18 20:03:15,290] {processor.py:153} INFO - Started process (PID=1993822) to work on /home/sheyla/Documents/Repositórios/apache-airflow-extracao-de-dados/venv/lib/python3.9/site-packages/airflow/example_dags/tutorial_etl_dag.py
[2024-03-18 20:03:15,293] {processor.py:641} INFO - Processing file /home/sheyla/Documents/Repositórios/apache-airflow-extracao-de-dados/venv/lib/python3.9/site-packages/airflow/example_dags/tutorial_etl_dag.py for tasks to queue
[2024-03-18 20:03:15,294] {logging_mixin.py:115} INFO - [2024-03-18 20:03:15,294] {dagbag.py:507} INFO - Filling up the DagBag from /home/sheyla/Documents/Repositórios/apache-airflow-extracao-de-dados/venv/lib/python3.9/site-packages/airflow/example_dags/tutorial_etl_dag.py
[2024-03-18 20:03:15,301] {processor.py:651} INFO - DAG(s) dict_keys(['tutorial_etl_dag']) retrieved from /home/sheyla/Documents/Repositórios/apache-airflow-extracao-de-dados/venv/lib/python3.9/site-packages/airflow/example_dags/tutorial_etl_dag.py
[2024-03-18 20:03:15,318] {logging_mixin.py:115} INFO - [2024-03-18 20:03:15,318] {dag.py:2379} INFO - Sync 1 DAGs
[2024-03-18 20:03:15,333] {logging_mixin.py:115} INFO - [2024-03-18 20:03:15,333] {dag.py:2927} INFO - Setting next_dagrun for tutorial_etl_dag to None, run_after=None
[2024-03-18 20:03:15,344] {processor.py:161} INFO - Processing /home/sheyla/Documents/Repositórios/apache-airflow-extracao-de-dados/venv/lib/python3.9/site-packages/airflow/example_dags/tutorial_etl_dag.py took 0.056 seconds
[2024-03-18 20:03:47,891] {processor.py:153} INFO - Started process (PID=1994153) to work on /home/sheyla/Documents/Repositórios/apache-airflow-extracao-de-dados/venv/lib/python3.9/site-packages/airflow/example_dags/tutorial_etl_dag.py
[2024-03-18 20:03:47,897] {processor.py:641} INFO - Processing file /home/sheyla/Documents/Repositórios/apache-airflow-extracao-de-dados/venv/lib/python3.9/site-packages/airflow/example_dags/tutorial_etl_dag.py for tasks to queue
[2024-03-18 20:03:47,897] {logging_mixin.py:115} INFO - [2024-03-18 20:03:47,897] {dagbag.py:507} INFO - Filling up the DagBag from /home/sheyla/Documents/Repositórios/apache-airflow-extracao-de-dados/venv/lib/python3.9/site-packages/airflow/example_dags/tutorial_etl_dag.py
[2024-03-18 20:03:47,902] {processor.py:651} INFO - DAG(s) dict_keys(['tutorial_etl_dag']) retrieved from /home/sheyla/Documents/Repositórios/apache-airflow-extracao-de-dados/venv/lib/python3.9/site-packages/airflow/example_dags/tutorial_etl_dag.py
[2024-03-18 20:03:47,915] {logging_mixin.py:115} INFO - [2024-03-18 20:03:47,915] {dag.py:2379} INFO - Sync 1 DAGs
[2024-03-18 20:03:47,929] {logging_mixin.py:115} INFO - [2024-03-18 20:03:47,928] {dag.py:2927} INFO - Setting next_dagrun for tutorial_etl_dag to None, run_after=None
[2024-03-18 20:03:47,940] {processor.py:161} INFO - Processing /home/sheyla/Documents/Repositórios/apache-airflow-extracao-de-dados/venv/lib/python3.9/site-packages/airflow/example_dags/tutorial_etl_dag.py took 0.050 seconds
[2024-03-18 20:04:19,191] {processor.py:153} INFO - Started process (PID=1994456) to work on /home/sheyla/Documents/Repositórios/apache-airflow-extracao-de-dados/venv/lib/python3.9/site-packages/airflow/example_dags/tutorial_etl_dag.py
[2024-03-18 20:04:19,194] {processor.py:641} INFO - Processing file /home/sheyla/Documents/Repositórios/apache-airflow-extracao-de-dados/venv/lib/python3.9/site-packages/airflow/example_dags/tutorial_etl_dag.py for tasks to queue
[2024-03-18 20:04:19,195] {logging_mixin.py:115} INFO - [2024-03-18 20:04:19,195] {dagbag.py:507} INFO - Filling up the DagBag from /home/sheyla/Documents/Repositórios/apache-airflow-extracao-de-dados/venv/lib/python3.9/site-packages/airflow/example_dags/tutorial_etl_dag.py
[2024-03-18 20:04:19,201] {processor.py:651} INFO - DAG(s) dict_keys(['tutorial_etl_dag']) retrieved from /home/sheyla/Documents/Repositórios/apache-airflow-extracao-de-dados/venv/lib/python3.9/site-packages/airflow/example_dags/tutorial_etl_dag.py
[2024-03-18 20:04:19,218] {logging_mixin.py:115} INFO - [2024-03-18 20:04:19,218] {dag.py:2379} INFO - Sync 1 DAGs
[2024-03-18 20:04:19,231] {logging_mixin.py:115} INFO - [2024-03-18 20:04:19,231] {dag.py:2927} INFO - Setting next_dagrun for tutorial_etl_dag to None, run_after=None
[2024-03-18 20:04:19,245] {processor.py:161} INFO - Processing /home/sheyla/Documents/Repositórios/apache-airflow-extracao-de-dados/venv/lib/python3.9/site-packages/airflow/example_dags/tutorial_etl_dag.py took 0.056 seconds
[2024-03-18 20:04:51,861] {processor.py:153} INFO - Started process (PID=1994791) to work on /home/sheyla/Documents/Repositórios/apache-airflow-extracao-de-dados/venv/lib/python3.9/site-packages/airflow/example_dags/tutorial_etl_dag.py
[2024-03-18 20:04:51,866] {processor.py:641} INFO - Processing file /home/sheyla/Documents/Repositórios/apache-airflow-extracao-de-dados/venv/lib/python3.9/site-packages/airflow/example_dags/tutorial_etl_dag.py for tasks to queue
[2024-03-18 20:04:51,867] {logging_mixin.py:115} INFO - [2024-03-18 20:04:51,867] {dagbag.py:507} INFO - Filling up the DagBag from /home/sheyla/Documents/Repositórios/apache-airflow-extracao-de-dados/venv/lib/python3.9/site-packages/airflow/example_dags/tutorial_etl_dag.py
[2024-03-18 20:04:51,875] {processor.py:651} INFO - DAG(s) dict_keys(['tutorial_etl_dag']) retrieved from /home/sheyla/Documents/Repositórios/apache-airflow-extracao-de-dados/venv/lib/python3.9/site-packages/airflow/example_dags/tutorial_etl_dag.py
[2024-03-18 20:04:51,895] {logging_mixin.py:115} INFO - [2024-03-18 20:04:51,895] {dag.py:2379} INFO - Sync 1 DAGs
[2024-03-18 20:04:51,909] {logging_mixin.py:115} INFO - [2024-03-18 20:04:51,909] {dag.py:2927} INFO - Setting next_dagrun for tutorial_etl_dag to None, run_after=None
[2024-03-18 20:04:51,921] {processor.py:161} INFO - Processing /home/sheyla/Documents/Repositórios/apache-airflow-extracao-de-dados/venv/lib/python3.9/site-packages/airflow/example_dags/tutorial_etl_dag.py took 0.062 seconds
[2024-03-18 20:05:24,157] {processor.py:153} INFO - Started process (PID=1995113) to work on /home/sheyla/Documents/Repositórios/apache-airflow-extracao-de-dados/venv/lib/python3.9/site-packages/airflow/example_dags/tutorial_etl_dag.py
[2024-03-18 20:05:24,162] {processor.py:641} INFO - Processing file /home/sheyla/Documents/Repositórios/apache-airflow-extracao-de-dados/venv/lib/python3.9/site-packages/airflow/example_dags/tutorial_etl_dag.py for tasks to queue
[2024-03-18 20:05:24,163] {logging_mixin.py:115} INFO - [2024-03-18 20:05:24,163] {dagbag.py:507} INFO - Filling up the DagBag from /home/sheyla/Documents/Repositórios/apache-airflow-extracao-de-dados/venv/lib/python3.9/site-packages/airflow/example_dags/tutorial_etl_dag.py
[2024-03-18 20:05:24,168] {processor.py:651} INFO - DAG(s) dict_keys(['tutorial_etl_dag']) retrieved from /home/sheyla/Documents/Repositórios/apache-airflow-extracao-de-dados/venv/lib/python3.9/site-packages/airflow/example_dags/tutorial_etl_dag.py
[2024-03-18 20:05:24,182] {logging_mixin.py:115} INFO - [2024-03-18 20:05:24,182] {dag.py:2379} INFO - Sync 1 DAGs
[2024-03-18 20:05:24,195] {logging_mixin.py:115} INFO - [2024-03-18 20:05:24,195] {dag.py:2927} INFO - Setting next_dagrun for tutorial_etl_dag to None, run_after=None
[2024-03-18 20:05:24,207] {processor.py:161} INFO - Processing /home/sheyla/Documents/Repositórios/apache-airflow-extracao-de-dados/venv/lib/python3.9/site-packages/airflow/example_dags/tutorial_etl_dag.py took 0.052 seconds
[2024-03-18 20:05:54,953] {processor.py:153} INFO - Started process (PID=1995519) to work on /home/sheyla/Documents/Repositórios/apache-airflow-extracao-de-dados/venv/lib/python3.9/site-packages/airflow/example_dags/tutorial_etl_dag.py
[2024-03-18 20:05:54,959] {processor.py:641} INFO - Processing file /home/sheyla/Documents/Repositórios/apache-airflow-extracao-de-dados/venv/lib/python3.9/site-packages/airflow/example_dags/tutorial_etl_dag.py for tasks to queue
[2024-03-18 20:05:54,961] {logging_mixin.py:115} INFO - [2024-03-18 20:05:54,960] {dagbag.py:507} INFO - Filling up the DagBag from /home/sheyla/Documents/Repositórios/apache-airflow-extracao-de-dados/venv/lib/python3.9/site-packages/airflow/example_dags/tutorial_etl_dag.py
[2024-03-18 20:05:54,983] {processor.py:651} INFO - DAG(s) dict_keys(['tutorial_etl_dag']) retrieved from /home/sheyla/Documents/Repositórios/apache-airflow-extracao-de-dados/venv/lib/python3.9/site-packages/airflow/example_dags/tutorial_etl_dag.py
[2024-03-18 20:05:55,001] {logging_mixin.py:115} INFO - [2024-03-18 20:05:55,001] {dag.py:2379} INFO - Sync 1 DAGs
[2024-03-18 20:05:55,013] {logging_mixin.py:115} INFO - [2024-03-18 20:05:55,013] {dag.py:2927} INFO - Setting next_dagrun for tutorial_etl_dag to None, run_after=None
[2024-03-18 20:05:55,027] {processor.py:161} INFO - Processing /home/sheyla/Documents/Repositórios/apache-airflow-extracao-de-dados/venv/lib/python3.9/site-packages/airflow/example_dags/tutorial_etl_dag.py took 0.081 seconds
[2024-03-18 20:06:27,344] {processor.py:153} INFO - Started process (PID=1995853) to work on /home/sheyla/Documents/Repositórios/apache-airflow-extracao-de-dados/venv/lib/python3.9/site-packages/airflow/example_dags/tutorial_etl_dag.py
[2024-03-18 20:06:27,349] {processor.py:641} INFO - Processing file /home/sheyla/Documents/Repositórios/apache-airflow-extracao-de-dados/venv/lib/python3.9/site-packages/airflow/example_dags/tutorial_etl_dag.py for tasks to queue
[2024-03-18 20:06:27,350] {logging_mixin.py:115} INFO - [2024-03-18 20:06:27,350] {dagbag.py:507} INFO - Filling up the DagBag from /home/sheyla/Documents/Repositórios/apache-airflow-extracao-de-dados/venv/lib/python3.9/site-packages/airflow/example_dags/tutorial_etl_dag.py
[2024-03-18 20:06:27,358] {processor.py:651} INFO - DAG(s) dict_keys(['tutorial_etl_dag']) retrieved from /home/sheyla/Documents/Repositórios/apache-airflow-extracao-de-dados/venv/lib/python3.9/site-packages/airflow/example_dags/tutorial_etl_dag.py
[2024-03-18 20:06:27,375] {logging_mixin.py:115} INFO - [2024-03-18 20:06:27,375] {dag.py:2379} INFO - Sync 1 DAGs
[2024-03-18 20:06:27,387] {logging_mixin.py:115} INFO - [2024-03-18 20:06:27,387] {dag.py:2927} INFO - Setting next_dagrun for tutorial_etl_dag to None, run_after=None
[2024-03-18 20:06:27,398] {processor.py:161} INFO - Processing /home/sheyla/Documents/Repositórios/apache-airflow-extracao-de-dados/venv/lib/python3.9/site-packages/airflow/example_dags/tutorial_etl_dag.py took 0.057 seconds
[2024-03-18 20:07:00,633] {processor.py:153} INFO - Started process (PID=1996202) to work on /home/sheyla/Documents/Repositórios/apache-airflow-extracao-de-dados/venv/lib/python3.9/site-packages/airflow/example_dags/tutorial_etl_dag.py
[2024-03-18 20:07:00,633] {processor.py:641} INFO - Processing file /home/sheyla/Documents/Repositórios/apache-airflow-extracao-de-dados/venv/lib/python3.9/site-packages/airflow/example_dags/tutorial_etl_dag.py for tasks to queue
[2024-03-18 20:07:00,634] {logging_mixin.py:115} INFO - [2024-03-18 20:07:00,633] {dagbag.py:507} INFO - Filling up the DagBag from /home/sheyla/Documents/Repositórios/apache-airflow-extracao-de-dados/venv/lib/python3.9/site-packages/airflow/example_dags/tutorial_etl_dag.py
[2024-03-18 20:07:00,641] {processor.py:651} INFO - DAG(s) dict_keys(['tutorial_etl_dag']) retrieved from /home/sheyla/Documents/Repositórios/apache-airflow-extracao-de-dados/venv/lib/python3.9/site-packages/airflow/example_dags/tutorial_etl_dag.py
[2024-03-18 20:07:00,658] {logging_mixin.py:115} INFO - [2024-03-18 20:07:00,658] {dag.py:2379} INFO - Sync 1 DAGs
[2024-03-18 20:07:00,670] {logging_mixin.py:115} INFO - [2024-03-18 20:07:00,670] {dag.py:2927} INFO - Setting next_dagrun for tutorial_etl_dag to None, run_after=None
[2024-03-18 20:07:00,684] {processor.py:161} INFO - Processing /home/sheyla/Documents/Repositórios/apache-airflow-extracao-de-dados/venv/lib/python3.9/site-packages/airflow/example_dags/tutorial_etl_dag.py took 0.054 seconds
[2024-03-18 20:07:32,643] {processor.py:153} INFO - Started process (PID=1996627) to work on /home/sheyla/Documents/Repositórios/apache-airflow-extracao-de-dados/venv/lib/python3.9/site-packages/airflow/example_dags/tutorial_etl_dag.py
[2024-03-18 20:07:32,643] {processor.py:641} INFO - Processing file /home/sheyla/Documents/Repositórios/apache-airflow-extracao-de-dados/venv/lib/python3.9/site-packages/airflow/example_dags/tutorial_etl_dag.py for tasks to queue
[2024-03-18 20:07:32,644] {logging_mixin.py:115} INFO - [2024-03-18 20:07:32,643] {dagbag.py:507} INFO - Filling up the DagBag from /home/sheyla/Documents/Repositórios/apache-airflow-extracao-de-dados/venv/lib/python3.9/site-packages/airflow/example_dags/tutorial_etl_dag.py
[2024-03-18 20:07:32,654] {processor.py:651} INFO - DAG(s) dict_keys(['tutorial_etl_dag']) retrieved from /home/sheyla/Documents/Repositórios/apache-airflow-extracao-de-dados/venv/lib/python3.9/site-packages/airflow/example_dags/tutorial_etl_dag.py
[2024-03-18 20:07:32,672] {logging_mixin.py:115} INFO - [2024-03-18 20:07:32,672] {dag.py:2379} INFO - Sync 1 DAGs
[2024-03-18 20:07:32,692] {logging_mixin.py:115} INFO - [2024-03-18 20:07:32,692] {dag.py:2927} INFO - Setting next_dagrun for tutorial_etl_dag to None, run_after=None
[2024-03-18 20:07:32,709] {processor.py:161} INFO - Processing /home/sheyla/Documents/Repositórios/apache-airflow-extracao-de-dados/venv/lib/python3.9/site-packages/airflow/example_dags/tutorial_etl_dag.py took 0.068 seconds
[2024-03-18 20:08:03,035] {processor.py:153} INFO - Started process (PID=1997497) to work on /home/sheyla/Documents/Repositórios/apache-airflow-extracao-de-dados/venv/lib/python3.9/site-packages/airflow/example_dags/tutorial_etl_dag.py
[2024-03-18 20:08:03,040] {processor.py:641} INFO - Processing file /home/sheyla/Documents/Repositórios/apache-airflow-extracao-de-dados/venv/lib/python3.9/site-packages/airflow/example_dags/tutorial_etl_dag.py for tasks to queue
[2024-03-18 20:08:03,041] {logging_mixin.py:115} INFO - [2024-03-18 20:08:03,041] {dagbag.py:507} INFO - Filling up the DagBag from /home/sheyla/Documents/Repositórios/apache-airflow-extracao-de-dados/venv/lib/python3.9/site-packages/airflow/example_dags/tutorial_etl_dag.py
[2024-03-18 20:08:03,045] {processor.py:651} INFO - DAG(s) dict_keys(['tutorial_etl_dag']) retrieved from /home/sheyla/Documents/Repositórios/apache-airflow-extracao-de-dados/venv/lib/python3.9/site-packages/airflow/example_dags/tutorial_etl_dag.py
[2024-03-18 20:08:03,057] {logging_mixin.py:115} INFO - [2024-03-18 20:08:03,057] {dag.py:2379} INFO - Sync 1 DAGs
[2024-03-18 20:08:03,069] {logging_mixin.py:115} INFO - [2024-03-18 20:08:03,068] {dag.py:2927} INFO - Setting next_dagrun for tutorial_etl_dag to None, run_after=None
[2024-03-18 20:08:03,080] {processor.py:161} INFO - Processing /home/sheyla/Documents/Repositórios/apache-airflow-extracao-de-dados/venv/lib/python3.9/site-packages/airflow/example_dags/tutorial_etl_dag.py took 0.047 seconds
[2024-03-18 20:08:34,437] {processor.py:153} INFO - Started process (PID=1998137) to work on /home/sheyla/Documents/Repositórios/apache-airflow-extracao-de-dados/venv/lib/python3.9/site-packages/airflow/example_dags/tutorial_etl_dag.py
[2024-03-18 20:08:34,438] {processor.py:641} INFO - Processing file /home/sheyla/Documents/Repositórios/apache-airflow-extracao-de-dados/venv/lib/python3.9/site-packages/airflow/example_dags/tutorial_etl_dag.py for tasks to queue
[2024-03-18 20:08:34,438] {logging_mixin.py:115} INFO - [2024-03-18 20:08:34,438] {dagbag.py:507} INFO - Filling up the DagBag from /home/sheyla/Documents/Repositórios/apache-airflow-extracao-de-dados/venv/lib/python3.9/site-packages/airflow/example_dags/tutorial_etl_dag.py
[2024-03-18 20:08:34,441] {processor.py:651} INFO - DAG(s) dict_keys(['tutorial_etl_dag']) retrieved from /home/sheyla/Documents/Repositórios/apache-airflow-extracao-de-dados/venv/lib/python3.9/site-packages/airflow/example_dags/tutorial_etl_dag.py
[2024-03-18 20:08:34,454] {logging_mixin.py:115} INFO - [2024-03-18 20:08:34,454] {dag.py:2379} INFO - Sync 1 DAGs
[2024-03-18 20:08:34,467] {logging_mixin.py:115} INFO - [2024-03-18 20:08:34,467] {dag.py:2927} INFO - Setting next_dagrun for tutorial_etl_dag to None, run_after=None
[2024-03-18 20:08:34,480] {processor.py:161} INFO - Processing /home/sheyla/Documents/Repositórios/apache-airflow-extracao-de-dados/venv/lib/python3.9/site-packages/airflow/example_dags/tutorial_etl_dag.py took 0.044 seconds
[2024-03-18 20:09:06,345] {processor.py:153} INFO - Started process (PID=1998849) to work on /home/sheyla/Documents/Repositórios/apache-airflow-extracao-de-dados/venv/lib/python3.9/site-packages/airflow/example_dags/tutorial_etl_dag.py
[2024-03-18 20:09:06,346] {processor.py:641} INFO - Processing file /home/sheyla/Documents/Repositórios/apache-airflow-extracao-de-dados/venv/lib/python3.9/site-packages/airflow/example_dags/tutorial_etl_dag.py for tasks to queue
[2024-03-18 20:09:06,346] {logging_mixin.py:115} INFO - [2024-03-18 20:09:06,346] {dagbag.py:507} INFO - Filling up the DagBag from /home/sheyla/Documents/Repositórios/apache-airflow-extracao-de-dados/venv/lib/python3.9/site-packages/airflow/example_dags/tutorial_etl_dag.py
[2024-03-18 20:09:06,350] {processor.py:651} INFO - DAG(s) dict_keys(['tutorial_etl_dag']) retrieved from /home/sheyla/Documents/Repositórios/apache-airflow-extracao-de-dados/venv/lib/python3.9/site-packages/airflow/example_dags/tutorial_etl_dag.py
[2024-03-18 20:09:06,363] {logging_mixin.py:115} INFO - [2024-03-18 20:09:06,363] {dag.py:2379} INFO - Sync 1 DAGs
[2024-03-18 20:09:06,375] {logging_mixin.py:115} INFO - [2024-03-18 20:09:06,375] {dag.py:2927} INFO - Setting next_dagrun for tutorial_etl_dag to None, run_after=None
[2024-03-18 20:09:06,387] {processor.py:161} INFO - Processing /home/sheyla/Documents/Repositórios/apache-airflow-extracao-de-dados/venv/lib/python3.9/site-packages/airflow/example_dags/tutorial_etl_dag.py took 0.044 seconds
