[2024-03-18 19:56:46,518] {processor.py:153} INFO - Started process (PID=1989831) to work on /home/sheyla/Documents/Repositórios/apache-airflow-extracao-de-dados/venv/lib/python3.9/site-packages/airflow/example_dags/plugins/workday.py
[2024-03-18 19:56:46,519] {processor.py:641} INFO - Processing file /home/sheyla/Documents/Repositórios/apache-airflow-extracao-de-dados/venv/lib/python3.9/site-packages/airflow/example_dags/plugins/workday.py for tasks to queue
[2024-03-18 19:56:46,519] {logging_mixin.py:115} INFO - [2024-03-18 19:56:46,519] {dagbag.py:507} INFO - Filling up the DagBag from /home/sheyla/Documents/Repositórios/apache-airflow-extracao-de-dados/venv/lib/python3.9/site-packages/airflow/example_dags/plugins/workday.py
[2024-03-18 19:56:46,521] {processor.py:653} WARNING - No viable dags retrieved from /home/sheyla/Documents/Repositórios/apache-airflow-extracao-de-dados/venv/lib/python3.9/site-packages/airflow/example_dags/plugins/workday.py
[2024-03-18 19:56:46,529] {processor.py:161} INFO - Processing /home/sheyla/Documents/Repositórios/apache-airflow-extracao-de-dados/venv/lib/python3.9/site-packages/airflow/example_dags/plugins/workday.py took 0.013 seconds
[2024-03-18 19:57:29,528] {processor.py:153} INFO - Started process (PID=1990246) to work on /home/sheyla/Documents/Repositórios/apache-airflow-extracao-de-dados/venv/lib/python3.9/site-packages/airflow/example_dags/plugins/workday.py
[2024-03-18 19:57:29,528] {processor.py:641} INFO - Processing file /home/sheyla/Documents/Repositórios/apache-airflow-extracao-de-dados/venv/lib/python3.9/site-packages/airflow/example_dags/plugins/workday.py for tasks to queue
[2024-03-18 19:57:29,529] {logging_mixin.py:115} INFO - [2024-03-18 19:57:29,529] {dagbag.py:507} INFO - Filling up the DagBag from /home/sheyla/Documents/Repositórios/apache-airflow-extracao-de-dados/venv/lib/python3.9/site-packages/airflow/example_dags/plugins/workday.py
[2024-03-18 19:57:29,530] {processor.py:653} WARNING - No viable dags retrieved from /home/sheyla/Documents/Repositórios/apache-airflow-extracao-de-dados/venv/lib/python3.9/site-packages/airflow/example_dags/plugins/workday.py
[2024-03-18 19:57:29,539] {processor.py:161} INFO - Processing /home/sheyla/Documents/Repositórios/apache-airflow-extracao-de-dados/venv/lib/python3.9/site-packages/airflow/example_dags/plugins/workday.py took 0.013 seconds
[2024-03-18 19:58:03,241] {processor.py:153} INFO - Started process (PID=1990590) to work on /home/sheyla/Documents/Repositórios/apache-airflow-extracao-de-dados/venv/lib/python3.9/site-packages/airflow/example_dags/plugins/workday.py
[2024-03-18 19:58:03,242] {processor.py:641} INFO - Processing file /home/sheyla/Documents/Repositórios/apache-airflow-extracao-de-dados/venv/lib/python3.9/site-packages/airflow/example_dags/plugins/workday.py for tasks to queue
[2024-03-18 19:58:03,244] {logging_mixin.py:115} INFO - [2024-03-18 19:58:03,243] {dagbag.py:507} INFO - Filling up the DagBag from /home/sheyla/Documents/Repositórios/apache-airflow-extracao-de-dados/venv/lib/python3.9/site-packages/airflow/example_dags/plugins/workday.py
[2024-03-18 19:58:03,248] {processor.py:653} WARNING - No viable dags retrieved from /home/sheyla/Documents/Repositórios/apache-airflow-extracao-de-dados/venv/lib/python3.9/site-packages/airflow/example_dags/plugins/workday.py
[2024-03-18 19:58:03,266] {processor.py:161} INFO - Processing /home/sheyla/Documents/Repositórios/apache-airflow-extracao-de-dados/venv/lib/python3.9/site-packages/airflow/example_dags/plugins/workday.py took 0.032 seconds
[2024-03-18 19:58:36,994] {processor.py:153} INFO - Started process (PID=1990925) to work on /home/sheyla/Documents/Repositórios/apache-airflow-extracao-de-dados/venv/lib/python3.9/site-packages/airflow/example_dags/plugins/workday.py
[2024-03-18 19:58:36,999] {processor.py:641} INFO - Processing file /home/sheyla/Documents/Repositórios/apache-airflow-extracao-de-dados/venv/lib/python3.9/site-packages/airflow/example_dags/plugins/workday.py for tasks to queue
[2024-03-18 19:58:37,000] {logging_mixin.py:115} INFO - [2024-03-18 19:58:37,000] {dagbag.py:507} INFO - Filling up the DagBag from /home/sheyla/Documents/Repositórios/apache-airflow-extracao-de-dados/venv/lib/python3.9/site-packages/airflow/example_dags/plugins/workday.py
[2024-03-18 19:58:37,003] {processor.py:653} WARNING - No viable dags retrieved from /home/sheyla/Documents/Repositórios/apache-airflow-extracao-de-dados/venv/lib/python3.9/site-packages/airflow/example_dags/plugins/workday.py
[2024-03-18 19:58:37,016] {processor.py:161} INFO - Processing /home/sheyla/Documents/Repositórios/apache-airflow-extracao-de-dados/venv/lib/python3.9/site-packages/airflow/example_dags/plugins/workday.py took 0.024 seconds
[2024-03-18 19:59:08,935] {processor.py:153} INFO - Started process (PID=1991245) to work on /home/sheyla/Documents/Repositórios/apache-airflow-extracao-de-dados/venv/lib/python3.9/site-packages/airflow/example_dags/plugins/workday.py
[2024-03-18 19:59:08,935] {processor.py:641} INFO - Processing file /home/sheyla/Documents/Repositórios/apache-airflow-extracao-de-dados/venv/lib/python3.9/site-packages/airflow/example_dags/plugins/workday.py for tasks to queue
[2024-03-18 19:59:08,936] {logging_mixin.py:115} INFO - [2024-03-18 19:59:08,936] {dagbag.py:507} INFO - Filling up the DagBag from /home/sheyla/Documents/Repositórios/apache-airflow-extracao-de-dados/venv/lib/python3.9/site-packages/airflow/example_dags/plugins/workday.py
[2024-03-18 19:59:08,938] {processor.py:653} WARNING - No viable dags retrieved from /home/sheyla/Documents/Repositórios/apache-airflow-extracao-de-dados/venv/lib/python3.9/site-packages/airflow/example_dags/plugins/workday.py
[2024-03-18 19:59:08,949] {processor.py:161} INFO - Processing /home/sheyla/Documents/Repositórios/apache-airflow-extracao-de-dados/venv/lib/python3.9/site-packages/airflow/example_dags/plugins/workday.py took 0.017 seconds
[2024-03-18 19:59:40,962] {processor.py:153} INFO - Started process (PID=1991559) to work on /home/sheyla/Documents/Repositórios/apache-airflow-extracao-de-dados/venv/lib/python3.9/site-packages/airflow/example_dags/plugins/workday.py
[2024-03-18 19:59:40,967] {processor.py:641} INFO - Processing file /home/sheyla/Documents/Repositórios/apache-airflow-extracao-de-dados/venv/lib/python3.9/site-packages/airflow/example_dags/plugins/workday.py for tasks to queue
[2024-03-18 19:59:40,968] {logging_mixin.py:115} INFO - [2024-03-18 19:59:40,968] {dagbag.py:507} INFO - Filling up the DagBag from /home/sheyla/Documents/Repositórios/apache-airflow-extracao-de-dados/venv/lib/python3.9/site-packages/airflow/example_dags/plugins/workday.py
[2024-03-18 19:59:40,970] {processor.py:653} WARNING - No viable dags retrieved from /home/sheyla/Documents/Repositórios/apache-airflow-extracao-de-dados/venv/lib/python3.9/site-packages/airflow/example_dags/plugins/workday.py
[2024-03-18 19:59:40,982] {processor.py:161} INFO - Processing /home/sheyla/Documents/Repositórios/apache-airflow-extracao-de-dados/venv/lib/python3.9/site-packages/airflow/example_dags/plugins/workday.py took 0.024 seconds
[2024-03-18 20:00:14,872] {processor.py:153} INFO - Started process (PID=1991963) to work on /home/sheyla/Documents/Repositórios/apache-airflow-extracao-de-dados/venv/lib/python3.9/site-packages/airflow/example_dags/plugins/workday.py
[2024-03-18 20:00:14,872] {processor.py:641} INFO - Processing file /home/sheyla/Documents/Repositórios/apache-airflow-extracao-de-dados/venv/lib/python3.9/site-packages/airflow/example_dags/plugins/workday.py for tasks to queue
[2024-03-18 20:00:14,873] {logging_mixin.py:115} INFO - [2024-03-18 20:00:14,873] {dagbag.py:507} INFO - Filling up the DagBag from /home/sheyla/Documents/Repositórios/apache-airflow-extracao-de-dados/venv/lib/python3.9/site-packages/airflow/example_dags/plugins/workday.py
[2024-03-18 20:00:14,874] {processor.py:653} WARNING - No viable dags retrieved from /home/sheyla/Documents/Repositórios/apache-airflow-extracao-de-dados/venv/lib/python3.9/site-packages/airflow/example_dags/plugins/workday.py
[2024-03-18 20:00:14,882] {processor.py:161} INFO - Processing /home/sheyla/Documents/Repositórios/apache-airflow-extracao-de-dados/venv/lib/python3.9/site-packages/airflow/example_dags/plugins/workday.py took 0.012 seconds
[2024-03-18 20:00:48,580] {processor.py:153} INFO - Started process (PID=1992335) to work on /home/sheyla/Documents/Repositórios/apache-airflow-extracao-de-dados/venv/lib/python3.9/site-packages/airflow/example_dags/plugins/workday.py
[2024-03-18 20:00:48,586] {processor.py:641} INFO - Processing file /home/sheyla/Documents/Repositórios/apache-airflow-extracao-de-dados/venv/lib/python3.9/site-packages/airflow/example_dags/plugins/workday.py for tasks to queue
[2024-03-18 20:00:48,587] {logging_mixin.py:115} INFO - [2024-03-18 20:00:48,587] {dagbag.py:507} INFO - Filling up the DagBag from /home/sheyla/Documents/Repositórios/apache-airflow-extracao-de-dados/venv/lib/python3.9/site-packages/airflow/example_dags/plugins/workday.py
[2024-03-18 20:00:48,591] {processor.py:653} WARNING - No viable dags retrieved from /home/sheyla/Documents/Repositórios/apache-airflow-extracao-de-dados/venv/lib/python3.9/site-packages/airflow/example_dags/plugins/workday.py
[2024-03-18 20:00:48,611] {processor.py:161} INFO - Processing /home/sheyla/Documents/Repositórios/apache-airflow-extracao-de-dados/venv/lib/python3.9/site-packages/airflow/example_dags/plugins/workday.py took 0.037 seconds
[2024-03-18 20:01:20,126] {processor.py:153} INFO - Started process (PID=1992642) to work on /home/sheyla/Documents/Repositórios/apache-airflow-extracao-de-dados/venv/lib/python3.9/site-packages/airflow/example_dags/plugins/workday.py
[2024-03-18 20:01:20,127] {processor.py:641} INFO - Processing file /home/sheyla/Documents/Repositórios/apache-airflow-extracao-de-dados/venv/lib/python3.9/site-packages/airflow/example_dags/plugins/workday.py for tasks to queue
[2024-03-18 20:01:20,127] {logging_mixin.py:115} INFO - [2024-03-18 20:01:20,127] {dagbag.py:507} INFO - Filling up the DagBag from /home/sheyla/Documents/Repositórios/apache-airflow-extracao-de-dados/venv/lib/python3.9/site-packages/airflow/example_dags/plugins/workday.py
[2024-03-18 20:01:20,129] {processor.py:653} WARNING - No viable dags retrieved from /home/sheyla/Documents/Repositórios/apache-airflow-extracao-de-dados/venv/lib/python3.9/site-packages/airflow/example_dags/plugins/workday.py
[2024-03-18 20:01:20,139] {processor.py:161} INFO - Processing /home/sheyla/Documents/Repositórios/apache-airflow-extracao-de-dados/venv/lib/python3.9/site-packages/airflow/example_dags/plugins/workday.py took 0.015 seconds
[2024-03-18 20:01:52,083] {processor.py:153} INFO - Started process (PID=1992993) to work on /home/sheyla/Documents/Repositórios/apache-airflow-extracao-de-dados/venv/lib/python3.9/site-packages/airflow/example_dags/plugins/workday.py
[2024-03-18 20:01:52,086] {processor.py:641} INFO - Processing file /home/sheyla/Documents/Repositórios/apache-airflow-extracao-de-dados/venv/lib/python3.9/site-packages/airflow/example_dags/plugins/workday.py for tasks to queue
[2024-03-18 20:01:52,086] {logging_mixin.py:115} INFO - [2024-03-18 20:01:52,086] {dagbag.py:507} INFO - Filling up the DagBag from /home/sheyla/Documents/Repositórios/apache-airflow-extracao-de-dados/venv/lib/python3.9/site-packages/airflow/example_dags/plugins/workday.py
[2024-03-18 20:01:52,088] {processor.py:653} WARNING - No viable dags retrieved from /home/sheyla/Documents/Repositórios/apache-airflow-extracao-de-dados/venv/lib/python3.9/site-packages/airflow/example_dags/plugins/workday.py
[2024-03-18 20:01:52,097] {processor.py:161} INFO - Processing /home/sheyla/Documents/Repositórios/apache-airflow-extracao-de-dados/venv/lib/python3.9/site-packages/airflow/example_dags/plugins/workday.py took 0.016 seconds
[2024-03-18 20:02:24,947] {processor.py:153} INFO - Started process (PID=1993318) to work on /home/sheyla/Documents/Repositórios/apache-airflow-extracao-de-dados/venv/lib/python3.9/site-packages/airflow/example_dags/plugins/workday.py
[2024-03-18 20:02:24,953] {processor.py:641} INFO - Processing file /home/sheyla/Documents/Repositórios/apache-airflow-extracao-de-dados/venv/lib/python3.9/site-packages/airflow/example_dags/plugins/workday.py for tasks to queue
[2024-03-18 20:02:24,953] {logging_mixin.py:115} INFO - [2024-03-18 20:02:24,953] {dagbag.py:507} INFO - Filling up the DagBag from /home/sheyla/Documents/Repositórios/apache-airflow-extracao-de-dados/venv/lib/python3.9/site-packages/airflow/example_dags/plugins/workday.py
[2024-03-18 20:02:24,954] {processor.py:653} WARNING - No viable dags retrieved from /home/sheyla/Documents/Repositórios/apache-airflow-extracao-de-dados/venv/lib/python3.9/site-packages/airflow/example_dags/plugins/workday.py
[2024-03-18 20:02:24,962] {processor.py:161} INFO - Processing /home/sheyla/Documents/Repositórios/apache-airflow-extracao-de-dados/venv/lib/python3.9/site-packages/airflow/example_dags/plugins/workday.py took 0.017 seconds
[2024-03-18 20:02:56,952] {processor.py:153} INFO - Started process (PID=1993646) to work on /home/sheyla/Documents/Repositórios/apache-airflow-extracao-de-dados/venv/lib/python3.9/site-packages/airflow/example_dags/plugins/workday.py
[2024-03-18 20:02:56,957] {processor.py:641} INFO - Processing file /home/sheyla/Documents/Repositórios/apache-airflow-extracao-de-dados/venv/lib/python3.9/site-packages/airflow/example_dags/plugins/workday.py for tasks to queue
[2024-03-18 20:02:56,958] {logging_mixin.py:115} INFO - [2024-03-18 20:02:56,958] {dagbag.py:507} INFO - Filling up the DagBag from /home/sheyla/Documents/Repositórios/apache-airflow-extracao-de-dados/venv/lib/python3.9/site-packages/airflow/example_dags/plugins/workday.py
[2024-03-18 20:02:56,959] {processor.py:653} WARNING - No viable dags retrieved from /home/sheyla/Documents/Repositórios/apache-airflow-extracao-de-dados/venv/lib/python3.9/site-packages/airflow/example_dags/plugins/workday.py
[2024-03-18 20:02:56,966] {processor.py:161} INFO - Processing /home/sheyla/Documents/Repositórios/apache-airflow-extracao-de-dados/venv/lib/python3.9/site-packages/airflow/example_dags/plugins/workday.py took 0.017 seconds
[2024-03-18 20:03:30,706] {processor.py:153} INFO - Started process (PID=1993975) to work on /home/sheyla/Documents/Repositórios/apache-airflow-extracao-de-dados/venv/lib/python3.9/site-packages/airflow/example_dags/plugins/workday.py
[2024-03-18 20:03:30,712] {processor.py:641} INFO - Processing file /home/sheyla/Documents/Repositórios/apache-airflow-extracao-de-dados/venv/lib/python3.9/site-packages/airflow/example_dags/plugins/workday.py for tasks to queue
[2024-03-18 20:03:30,713] {logging_mixin.py:115} INFO - [2024-03-18 20:03:30,713] {dagbag.py:507} INFO - Filling up the DagBag from /home/sheyla/Documents/Repositórios/apache-airflow-extracao-de-dados/venv/lib/python3.9/site-packages/airflow/example_dags/plugins/workday.py
[2024-03-18 20:03:30,718] {processor.py:653} WARNING - No viable dags retrieved from /home/sheyla/Documents/Repositórios/apache-airflow-extracao-de-dados/venv/lib/python3.9/site-packages/airflow/example_dags/plugins/workday.py
[2024-03-18 20:03:30,740] {processor.py:161} INFO - Processing /home/sheyla/Documents/Repositórios/apache-airflow-extracao-de-dados/venv/lib/python3.9/site-packages/airflow/example_dags/plugins/workday.py took 0.037 seconds
[2024-03-18 20:04:01,897] {processor.py:153} INFO - Started process (PID=1994289) to work on /home/sheyla/Documents/Repositórios/apache-airflow-extracao-de-dados/venv/lib/python3.9/site-packages/airflow/example_dags/plugins/workday.py
[2024-03-18 20:04:01,900] {processor.py:641} INFO - Processing file /home/sheyla/Documents/Repositórios/apache-airflow-extracao-de-dados/venv/lib/python3.9/site-packages/airflow/example_dags/plugins/workday.py for tasks to queue
[2024-03-18 20:04:01,901] {logging_mixin.py:115} INFO - [2024-03-18 20:04:01,901] {dagbag.py:507} INFO - Filling up the DagBag from /home/sheyla/Documents/Repositórios/apache-airflow-extracao-de-dados/venv/lib/python3.9/site-packages/airflow/example_dags/plugins/workday.py
[2024-03-18 20:04:01,903] {processor.py:653} WARNING - No viable dags retrieved from /home/sheyla/Documents/Repositórios/apache-airflow-extracao-de-dados/venv/lib/python3.9/site-packages/airflow/example_dags/plugins/workday.py
[2024-03-18 20:04:01,915] {processor.py:161} INFO - Processing /home/sheyla/Documents/Repositórios/apache-airflow-extracao-de-dados/venv/lib/python3.9/site-packages/airflow/example_dags/plugins/workday.py took 0.020 seconds
[2024-03-18 20:04:34,909] {processor.py:153} INFO - Started process (PID=1994613) to work on /home/sheyla/Documents/Repositórios/apache-airflow-extracao-de-dados/venv/lib/python3.9/site-packages/airflow/example_dags/plugins/workday.py
[2024-03-18 20:04:34,914] {processor.py:641} INFO - Processing file /home/sheyla/Documents/Repositórios/apache-airflow-extracao-de-dados/venv/lib/python3.9/site-packages/airflow/example_dags/plugins/workday.py for tasks to queue
[2024-03-18 20:04:34,915] {logging_mixin.py:115} INFO - [2024-03-18 20:04:34,915] {dagbag.py:507} INFO - Filling up the DagBag from /home/sheyla/Documents/Repositórios/apache-airflow-extracao-de-dados/venv/lib/python3.9/site-packages/airflow/example_dags/plugins/workday.py
[2024-03-18 20:04:34,917] {processor.py:653} WARNING - No viable dags retrieved from /home/sheyla/Documents/Repositórios/apache-airflow-extracao-de-dados/venv/lib/python3.9/site-packages/airflow/example_dags/plugins/workday.py
[2024-03-18 20:04:34,927] {processor.py:161} INFO - Processing /home/sheyla/Documents/Repositórios/apache-airflow-extracao-de-dados/venv/lib/python3.9/site-packages/airflow/example_dags/plugins/workday.py took 0.021 seconds
[2024-03-18 20:05:07,008] {processor.py:153} INFO - Started process (PID=1994945) to work on /home/sheyla/Documents/Repositórios/apache-airflow-extracao-de-dados/venv/lib/python3.9/site-packages/airflow/example_dags/plugins/workday.py
[2024-03-18 20:05:07,013] {processor.py:641} INFO - Processing file /home/sheyla/Documents/Repositórios/apache-airflow-extracao-de-dados/venv/lib/python3.9/site-packages/airflow/example_dags/plugins/workday.py for tasks to queue
[2024-03-18 20:05:07,013] {logging_mixin.py:115} INFO - [2024-03-18 20:05:07,013] {dagbag.py:507} INFO - Filling up the DagBag from /home/sheyla/Documents/Repositórios/apache-airflow-extracao-de-dados/venv/lib/python3.9/site-packages/airflow/example_dags/plugins/workday.py
[2024-03-18 20:05:07,015] {processor.py:653} WARNING - No viable dags retrieved from /home/sheyla/Documents/Repositórios/apache-airflow-extracao-de-dados/venv/lib/python3.9/site-packages/airflow/example_dags/plugins/workday.py
[2024-03-18 20:05:07,023] {processor.py:161} INFO - Processing /home/sheyla/Documents/Repositórios/apache-airflow-extracao-de-dados/venv/lib/python3.9/site-packages/airflow/example_dags/plugins/workday.py took 0.017 seconds
[2024-03-18 20:05:37,988] {processor.py:153} INFO - Started process (PID=1995268) to work on /home/sheyla/Documents/Repositórios/apache-airflow-extracao-de-dados/venv/lib/python3.9/site-packages/airflow/example_dags/plugins/workday.py
[2024-03-18 20:05:37,991] {processor.py:641} INFO - Processing file /home/sheyla/Documents/Repositórios/apache-airflow-extracao-de-dados/venv/lib/python3.9/site-packages/airflow/example_dags/plugins/workday.py for tasks to queue
[2024-03-18 20:05:37,991] {logging_mixin.py:115} INFO - [2024-03-18 20:05:37,991] {dagbag.py:507} INFO - Filling up the DagBag from /home/sheyla/Documents/Repositórios/apache-airflow-extracao-de-dados/venv/lib/python3.9/site-packages/airflow/example_dags/plugins/workday.py
[2024-03-18 20:05:37,994] {processor.py:653} WARNING - No viable dags retrieved from /home/sheyla/Documents/Repositórios/apache-airflow-extracao-de-dados/venv/lib/python3.9/site-packages/airflow/example_dags/plugins/workday.py
[2024-03-18 20:05:38,003] {processor.py:161} INFO - Processing /home/sheyla/Documents/Repositórios/apache-airflow-extracao-de-dados/venv/lib/python3.9/site-packages/airflow/example_dags/plugins/workday.py took 0.017 seconds
[2024-03-18 20:06:10,146] {processor.py:153} INFO - Started process (PID=1995674) to work on /home/sheyla/Documents/Repositórios/apache-airflow-extracao-de-dados/venv/lib/python3.9/site-packages/airflow/example_dags/plugins/workday.py
[2024-03-18 20:06:10,153] {processor.py:641} INFO - Processing file /home/sheyla/Documents/Repositórios/apache-airflow-extracao-de-dados/venv/lib/python3.9/site-packages/airflow/example_dags/plugins/workday.py for tasks to queue
[2024-03-18 20:06:10,154] {logging_mixin.py:115} INFO - [2024-03-18 20:06:10,154] {dagbag.py:507} INFO - Filling up the DagBag from /home/sheyla/Documents/Repositórios/apache-airflow-extracao-de-dados/venv/lib/python3.9/site-packages/airflow/example_dags/plugins/workday.py
[2024-03-18 20:06:10,159] {processor.py:653} WARNING - No viable dags retrieved from /home/sheyla/Documents/Repositórios/apache-airflow-extracao-de-dados/venv/lib/python3.9/site-packages/airflow/example_dags/plugins/workday.py
[2024-03-18 20:06:10,179] {processor.py:161} INFO - Processing /home/sheyla/Documents/Repositórios/apache-airflow-extracao-de-dados/venv/lib/python3.9/site-packages/airflow/example_dags/plugins/workday.py took 0.042 seconds
[2024-03-18 20:06:41,775] {processor.py:153} INFO - Started process (PID=1995995) to work on /home/sheyla/Documents/Repositórios/apache-airflow-extracao-de-dados/venv/lib/python3.9/site-packages/airflow/example_dags/plugins/workday.py
[2024-03-18 20:06:41,781] {processor.py:641} INFO - Processing file /home/sheyla/Documents/Repositórios/apache-airflow-extracao-de-dados/venv/lib/python3.9/site-packages/airflow/example_dags/plugins/workday.py for tasks to queue
[2024-03-18 20:06:41,781] {logging_mixin.py:115} INFO - [2024-03-18 20:06:41,781] {dagbag.py:507} INFO - Filling up the DagBag from /home/sheyla/Documents/Repositórios/apache-airflow-extracao-de-dados/venv/lib/python3.9/site-packages/airflow/example_dags/plugins/workday.py
[2024-03-18 20:06:41,783] {processor.py:653} WARNING - No viable dags retrieved from /home/sheyla/Documents/Repositórios/apache-airflow-extracao-de-dados/venv/lib/python3.9/site-packages/airflow/example_dags/plugins/workday.py
[2024-03-18 20:06:41,791] {processor.py:161} INFO - Processing /home/sheyla/Documents/Repositórios/apache-airflow-extracao-de-dados/venv/lib/python3.9/site-packages/airflow/example_dags/plugins/workday.py took 0.018 seconds
[2024-03-18 20:07:14,867] {processor.py:153} INFO - Started process (PID=1996344) to work on /home/sheyla/Documents/Repositórios/apache-airflow-extracao-de-dados/venv/lib/python3.9/site-packages/airflow/example_dags/plugins/workday.py
[2024-03-18 20:07:14,873] {processor.py:641} INFO - Processing file /home/sheyla/Documents/Repositórios/apache-airflow-extracao-de-dados/venv/lib/python3.9/site-packages/airflow/example_dags/plugins/workday.py for tasks to queue
[2024-03-18 20:07:14,874] {logging_mixin.py:115} INFO - [2024-03-18 20:07:14,874] {dagbag.py:507} INFO - Filling up the DagBag from /home/sheyla/Documents/Repositórios/apache-airflow-extracao-de-dados/venv/lib/python3.9/site-packages/airflow/example_dags/plugins/workday.py
[2024-03-18 20:07:14,879] {processor.py:653} WARNING - No viable dags retrieved from /home/sheyla/Documents/Repositórios/apache-airflow-extracao-de-dados/venv/lib/python3.9/site-packages/airflow/example_dags/plugins/workday.py
[2024-03-18 20:07:14,897] {processor.py:161} INFO - Processing /home/sheyla/Documents/Repositórios/apache-airflow-extracao-de-dados/venv/lib/python3.9/site-packages/airflow/example_dags/plugins/workday.py took 0.038 seconds
[2024-03-18 20:07:49,047] {processor.py:153} INFO - Started process (PID=1997120) to work on /home/sheyla/Documents/Repositórios/apache-airflow-extracao-de-dados/venv/lib/python3.9/site-packages/airflow/example_dags/plugins/workday.py
[2024-03-18 20:07:49,052] {processor.py:641} INFO - Processing file /home/sheyla/Documents/Repositórios/apache-airflow-extracao-de-dados/venv/lib/python3.9/site-packages/airflow/example_dags/plugins/workday.py for tasks to queue
[2024-03-18 20:07:49,053] {logging_mixin.py:115} INFO - [2024-03-18 20:07:49,053] {dagbag.py:507} INFO - Filling up the DagBag from /home/sheyla/Documents/Repositórios/apache-airflow-extracao-de-dados/venv/lib/python3.9/site-packages/airflow/example_dags/plugins/workday.py
[2024-03-18 20:07:49,055] {processor.py:653} WARNING - No viable dags retrieved from /home/sheyla/Documents/Repositórios/apache-airflow-extracao-de-dados/venv/lib/python3.9/site-packages/airflow/example_dags/plugins/workday.py
[2024-03-18 20:07:49,064] {processor.py:161} INFO - Processing /home/sheyla/Documents/Repositórios/apache-airflow-extracao-de-dados/venv/lib/python3.9/site-packages/airflow/example_dags/plugins/workday.py took 0.019 seconds
[2024-03-18 20:08:21,125] {processor.py:153} INFO - Started process (PID=1997873) to work on /home/sheyla/Documents/Repositórios/apache-airflow-extracao-de-dados/venv/lib/python3.9/site-packages/airflow/example_dags/plugins/workday.py
[2024-03-18 20:08:21,130] {processor.py:641} INFO - Processing file /home/sheyla/Documents/Repositórios/apache-airflow-extracao-de-dados/venv/lib/python3.9/site-packages/airflow/example_dags/plugins/workday.py for tasks to queue
[2024-03-18 20:08:21,130] {logging_mixin.py:115} INFO - [2024-03-18 20:08:21,130] {dagbag.py:507} INFO - Filling up the DagBag from /home/sheyla/Documents/Repositórios/apache-airflow-extracao-de-dados/venv/lib/python3.9/site-packages/airflow/example_dags/plugins/workday.py
[2024-03-18 20:08:21,132] {processor.py:653} WARNING - No viable dags retrieved from /home/sheyla/Documents/Repositórios/apache-airflow-extracao-de-dados/venv/lib/python3.9/site-packages/airflow/example_dags/plugins/workday.py
[2024-03-18 20:08:21,137] {processor.py:161} INFO - Processing /home/sheyla/Documents/Repositórios/apache-airflow-extracao-de-dados/venv/lib/python3.9/site-packages/airflow/example_dags/plugins/workday.py took 0.014 seconds
[2024-03-18 20:08:54,756] {processor.py:153} INFO - Started process (PID=1998552) to work on /home/sheyla/Documents/Repositórios/apache-airflow-extracao-de-dados/venv/lib/python3.9/site-packages/airflow/example_dags/plugins/workday.py
[2024-03-18 20:08:54,760] {processor.py:641} INFO - Processing file /home/sheyla/Documents/Repositórios/apache-airflow-extracao-de-dados/venv/lib/python3.9/site-packages/airflow/example_dags/plugins/workday.py for tasks to queue
[2024-03-18 20:08:54,760] {logging_mixin.py:115} INFO - [2024-03-18 20:08:54,760] {dagbag.py:507} INFO - Filling up the DagBag from /home/sheyla/Documents/Repositórios/apache-airflow-extracao-de-dados/venv/lib/python3.9/site-packages/airflow/example_dags/plugins/workday.py
[2024-03-18 20:08:54,761] {processor.py:653} WARNING - No viable dags retrieved from /home/sheyla/Documents/Repositórios/apache-airflow-extracao-de-dados/venv/lib/python3.9/site-packages/airflow/example_dags/plugins/workday.py
[2024-03-18 20:08:54,767] {processor.py:161} INFO - Processing /home/sheyla/Documents/Repositórios/apache-airflow-extracao-de-dados/venv/lib/python3.9/site-packages/airflow/example_dags/plugins/workday.py took 0.013 seconds
