[2024-03-18 19:56:47,248] {processor.py:153} INFO - Started process (PID=1989839) to work on /home/sheyla/Documents/Repositórios/apache-airflow-extracao-de-dados/venv/lib/python3.9/site-packages/airflow/example_dags/subdags/subdag.py
[2024-03-18 19:56:47,248] {processor.py:641} INFO - Processing file /home/sheyla/Documents/Repositórios/apache-airflow-extracao-de-dados/venv/lib/python3.9/site-packages/airflow/example_dags/subdags/subdag.py for tasks to queue
[2024-03-18 19:56:47,248] {logging_mixin.py:115} INFO - [2024-03-18 19:56:47,248] {dagbag.py:507} INFO - Filling up the DagBag from /home/sheyla/Documents/Repositórios/apache-airflow-extracao-de-dados/venv/lib/python3.9/site-packages/airflow/example_dags/subdags/subdag.py
[2024-03-18 19:56:47,249] {processor.py:653} WARNING - No viable dags retrieved from /home/sheyla/Documents/Repositórios/apache-airflow-extracao-de-dados/venv/lib/python3.9/site-packages/airflow/example_dags/subdags/subdag.py
[2024-03-18 19:56:47,257] {processor.py:161} INFO - Processing /home/sheyla/Documents/Repositórios/apache-airflow-extracao-de-dados/venv/lib/python3.9/site-packages/airflow/example_dags/subdags/subdag.py took 0.012 seconds
[2024-03-18 19:57:29,974] {processor.py:153} INFO - Started process (PID=1990254) to work on /home/sheyla/Documents/Repositórios/apache-airflow-extracao-de-dados/venv/lib/python3.9/site-packages/airflow/example_dags/subdags/subdag.py
[2024-03-18 19:57:29,974] {processor.py:641} INFO - Processing file /home/sheyla/Documents/Repositórios/apache-airflow-extracao-de-dados/venv/lib/python3.9/site-packages/airflow/example_dags/subdags/subdag.py for tasks to queue
[2024-03-18 19:57:29,975] {logging_mixin.py:115} INFO - [2024-03-18 19:57:29,975] {dagbag.py:507} INFO - Filling up the DagBag from /home/sheyla/Documents/Repositórios/apache-airflow-extracao-de-dados/venv/lib/python3.9/site-packages/airflow/example_dags/subdags/subdag.py
[2024-03-18 19:57:29,975] {processor.py:653} WARNING - No viable dags retrieved from /home/sheyla/Documents/Repositórios/apache-airflow-extracao-de-dados/venv/lib/python3.9/site-packages/airflow/example_dags/subdags/subdag.py
[2024-03-18 19:57:29,981] {processor.py:161} INFO - Processing /home/sheyla/Documents/Repositórios/apache-airflow-extracao-de-dados/venv/lib/python3.9/site-packages/airflow/example_dags/subdags/subdag.py took 0.008 seconds
[2024-03-18 19:58:04,156] {processor.py:153} INFO - Started process (PID=1990596) to work on /home/sheyla/Documents/Repositórios/apache-airflow-extracao-de-dados/venv/lib/python3.9/site-packages/airflow/example_dags/subdags/subdag.py
[2024-03-18 19:58:04,157] {processor.py:641} INFO - Processing file /home/sheyla/Documents/Repositórios/apache-airflow-extracao-de-dados/venv/lib/python3.9/site-packages/airflow/example_dags/subdags/subdag.py for tasks to queue
[2024-03-18 19:58:04,157] {logging_mixin.py:115} INFO - [2024-03-18 19:58:04,157] {dagbag.py:507} INFO - Filling up the DagBag from /home/sheyla/Documents/Repositórios/apache-airflow-extracao-de-dados/venv/lib/python3.9/site-packages/airflow/example_dags/subdags/subdag.py
[2024-03-18 19:58:04,158] {processor.py:653} WARNING - No viable dags retrieved from /home/sheyla/Documents/Repositórios/apache-airflow-extracao-de-dados/venv/lib/python3.9/site-packages/airflow/example_dags/subdags/subdag.py
[2024-03-18 19:58:04,163] {processor.py:161} INFO - Processing /home/sheyla/Documents/Repositórios/apache-airflow-extracao-de-dados/venv/lib/python3.9/site-packages/airflow/example_dags/subdags/subdag.py took 0.010 seconds
[2024-03-18 19:58:38,183] {processor.py:153} INFO - Started process (PID=1990938) to work on /home/sheyla/Documents/Repositórios/apache-airflow-extracao-de-dados/venv/lib/python3.9/site-packages/airflow/example_dags/subdags/subdag.py
[2024-03-18 19:58:38,184] {processor.py:641} INFO - Processing file /home/sheyla/Documents/Repositórios/apache-airflow-extracao-de-dados/venv/lib/python3.9/site-packages/airflow/example_dags/subdags/subdag.py for tasks to queue
[2024-03-18 19:58:38,184] {logging_mixin.py:115} INFO - [2024-03-18 19:58:38,184] {dagbag.py:507} INFO - Filling up the DagBag from /home/sheyla/Documents/Repositórios/apache-airflow-extracao-de-dados/venv/lib/python3.9/site-packages/airflow/example_dags/subdags/subdag.py
[2024-03-18 19:58:38,187] {processor.py:653} WARNING - No viable dags retrieved from /home/sheyla/Documents/Repositórios/apache-airflow-extracao-de-dados/venv/lib/python3.9/site-packages/airflow/example_dags/subdags/subdag.py
[2024-03-18 19:58:38,203] {processor.py:161} INFO - Processing /home/sheyla/Documents/Repositórios/apache-airflow-extracao-de-dados/venv/lib/python3.9/site-packages/airflow/example_dags/subdags/subdag.py took 0.025 seconds
[2024-03-18 19:59:10,083] {processor.py:153} INFO - Started process (PID=1991254) to work on /home/sheyla/Documents/Repositórios/apache-airflow-extracao-de-dados/venv/lib/python3.9/site-packages/airflow/example_dags/subdags/subdag.py
[2024-03-18 19:59:10,083] {processor.py:641} INFO - Processing file /home/sheyla/Documents/Repositórios/apache-airflow-extracao-de-dados/venv/lib/python3.9/site-packages/airflow/example_dags/subdags/subdag.py for tasks to queue
[2024-03-18 19:59:10,084] {logging_mixin.py:115} INFO - [2024-03-18 19:59:10,084] {dagbag.py:507} INFO - Filling up the DagBag from /home/sheyla/Documents/Repositórios/apache-airflow-extracao-de-dados/venv/lib/python3.9/site-packages/airflow/example_dags/subdags/subdag.py
[2024-03-18 19:59:10,086] {processor.py:653} WARNING - No viable dags retrieved from /home/sheyla/Documents/Repositórios/apache-airflow-extracao-de-dados/venv/lib/python3.9/site-packages/airflow/example_dags/subdags/subdag.py
[2024-03-18 19:59:10,097] {processor.py:161} INFO - Processing /home/sheyla/Documents/Repositórios/apache-airflow-extracao-de-dados/venv/lib/python3.9/site-packages/airflow/example_dags/subdags/subdag.py took 0.020 seconds
[2024-03-18 19:59:43,819] {processor.py:153} INFO - Started process (PID=1991595) to work on /home/sheyla/Documents/Repositórios/apache-airflow-extracao-de-dados/venv/lib/python3.9/site-packages/airflow/example_dags/subdags/subdag.py
[2024-03-18 19:59:43,824] {processor.py:641} INFO - Processing file /home/sheyla/Documents/Repositórios/apache-airflow-extracao-de-dados/venv/lib/python3.9/site-packages/airflow/example_dags/subdags/subdag.py for tasks to queue
[2024-03-18 19:59:43,825] {logging_mixin.py:115} INFO - [2024-03-18 19:59:43,825] {dagbag.py:507} INFO - Filling up the DagBag from /home/sheyla/Documents/Repositórios/apache-airflow-extracao-de-dados/venv/lib/python3.9/site-packages/airflow/example_dags/subdags/subdag.py
[2024-03-18 19:59:43,826] {processor.py:653} WARNING - No viable dags retrieved from /home/sheyla/Documents/Repositórios/apache-airflow-extracao-de-dados/venv/lib/python3.9/site-packages/airflow/example_dags/subdags/subdag.py
[2024-03-18 19:59:43,835] {processor.py:161} INFO - Processing /home/sheyla/Documents/Repositórios/apache-airflow-extracao-de-dados/venv/lib/python3.9/site-packages/airflow/example_dags/subdags/subdag.py took 0.018 seconds
[2024-03-18 20:00:16,027] {processor.py:153} INFO - Started process (PID=1991990) to work on /home/sheyla/Documents/Repositórios/apache-airflow-extracao-de-dados/venv/lib/python3.9/site-packages/airflow/example_dags/subdags/subdag.py
[2024-03-18 20:00:16,032] {processor.py:641} INFO - Processing file /home/sheyla/Documents/Repositórios/apache-airflow-extracao-de-dados/venv/lib/python3.9/site-packages/airflow/example_dags/subdags/subdag.py for tasks to queue
[2024-03-18 20:00:16,033] {logging_mixin.py:115} INFO - [2024-03-18 20:00:16,033] {dagbag.py:507} INFO - Filling up the DagBag from /home/sheyla/Documents/Repositórios/apache-airflow-extracao-de-dados/venv/lib/python3.9/site-packages/airflow/example_dags/subdags/subdag.py
[2024-03-18 20:00:16,034] {processor.py:653} WARNING - No viable dags retrieved from /home/sheyla/Documents/Repositórios/apache-airflow-extracao-de-dados/venv/lib/python3.9/site-packages/airflow/example_dags/subdags/subdag.py
[2024-03-18 20:00:16,043] {processor.py:161} INFO - Processing /home/sheyla/Documents/Repositórios/apache-airflow-extracao-de-dados/venv/lib/python3.9/site-packages/airflow/example_dags/subdags/subdag.py took 0.020 seconds
[2024-03-18 20:00:49,729] {processor.py:153} INFO - Started process (PID=1992344) to work on /home/sheyla/Documents/Repositórios/apache-airflow-extracao-de-dados/venv/lib/python3.9/site-packages/airflow/example_dags/subdags/subdag.py
[2024-03-18 20:00:49,735] {processor.py:641} INFO - Processing file /home/sheyla/Documents/Repositórios/apache-airflow-extracao-de-dados/venv/lib/python3.9/site-packages/airflow/example_dags/subdags/subdag.py for tasks to queue
[2024-03-18 20:00:49,735] {logging_mixin.py:115} INFO - [2024-03-18 20:00:49,735] {dagbag.py:507} INFO - Filling up the DagBag from /home/sheyla/Documents/Repositórios/apache-airflow-extracao-de-dados/venv/lib/python3.9/site-packages/airflow/example_dags/subdags/subdag.py
[2024-03-18 20:00:49,737] {processor.py:653} WARNING - No viable dags retrieved from /home/sheyla/Documents/Repositórios/apache-airflow-extracao-de-dados/venv/lib/python3.9/site-packages/airflow/example_dags/subdags/subdag.py
[2024-03-18 20:00:49,748] {processor.py:161} INFO - Processing /home/sheyla/Documents/Repositórios/apache-airflow-extracao-de-dados/venv/lib/python3.9/site-packages/airflow/example_dags/subdags/subdag.py took 0.021 seconds
[2024-03-18 20:01:21,277] {processor.py:153} INFO - Started process (PID=1992658) to work on /home/sheyla/Documents/Repositórios/apache-airflow-extracao-de-dados/venv/lib/python3.9/site-packages/airflow/example_dags/subdags/subdag.py
[2024-03-18 20:01:21,278] {processor.py:641} INFO - Processing file /home/sheyla/Documents/Repositórios/apache-airflow-extracao-de-dados/venv/lib/python3.9/site-packages/airflow/example_dags/subdags/subdag.py for tasks to queue
[2024-03-18 20:01:21,279] {logging_mixin.py:115} INFO - [2024-03-18 20:01:21,279] {dagbag.py:507} INFO - Filling up the DagBag from /home/sheyla/Documents/Repositórios/apache-airflow-extracao-de-dados/venv/lib/python3.9/site-packages/airflow/example_dags/subdags/subdag.py
[2024-03-18 20:01:21,283] {processor.py:653} WARNING - No viable dags retrieved from /home/sheyla/Documents/Repositórios/apache-airflow-extracao-de-dados/venv/lib/python3.9/site-packages/airflow/example_dags/subdags/subdag.py
[2024-03-18 20:01:21,300] {processor.py:161} INFO - Processing /home/sheyla/Documents/Repositórios/apache-airflow-extracao-de-dados/venv/lib/python3.9/site-packages/airflow/example_dags/subdags/subdag.py took 0.031 seconds
[2024-03-18 20:01:52,596] {processor.py:153} INFO - Started process (PID=1992998) to work on /home/sheyla/Documents/Repositórios/apache-airflow-extracao-de-dados/venv/lib/python3.9/site-packages/airflow/example_dags/subdags/subdag.py
[2024-03-18 20:01:52,603] {processor.py:641} INFO - Processing file /home/sheyla/Documents/Repositórios/apache-airflow-extracao-de-dados/venv/lib/python3.9/site-packages/airflow/example_dags/subdags/subdag.py for tasks to queue
[2024-03-18 20:01:52,604] {logging_mixin.py:115} INFO - [2024-03-18 20:01:52,603] {dagbag.py:507} INFO - Filling up the DagBag from /home/sheyla/Documents/Repositórios/apache-airflow-extracao-de-dados/venv/lib/python3.9/site-packages/airflow/example_dags/subdags/subdag.py
[2024-03-18 20:01:52,607] {processor.py:653} WARNING - No viable dags retrieved from /home/sheyla/Documents/Repositórios/apache-airflow-extracao-de-dados/venv/lib/python3.9/site-packages/airflow/example_dags/subdags/subdag.py
[2024-03-18 20:01:52,628] {processor.py:161} INFO - Processing /home/sheyla/Documents/Repositórios/apache-airflow-extracao-de-dados/venv/lib/python3.9/site-packages/airflow/example_dags/subdags/subdag.py took 0.039 seconds
[2024-03-18 20:02:26,115] {processor.py:153} INFO - Started process (PID=1993337) to work on /home/sheyla/Documents/Repositórios/apache-airflow-extracao-de-dados/venv/lib/python3.9/site-packages/airflow/example_dags/subdags/subdag.py
[2024-03-18 20:02:26,121] {processor.py:641} INFO - Processing file /home/sheyla/Documents/Repositórios/apache-airflow-extracao-de-dados/venv/lib/python3.9/site-packages/airflow/example_dags/subdags/subdag.py for tasks to queue
[2024-03-18 20:02:26,122] {logging_mixin.py:115} INFO - [2024-03-18 20:02:26,122] {dagbag.py:507} INFO - Filling up the DagBag from /home/sheyla/Documents/Repositórios/apache-airflow-extracao-de-dados/venv/lib/python3.9/site-packages/airflow/example_dags/subdags/subdag.py
[2024-03-18 20:02:26,126] {processor.py:653} WARNING - No viable dags retrieved from /home/sheyla/Documents/Repositórios/apache-airflow-extracao-de-dados/venv/lib/python3.9/site-packages/airflow/example_dags/subdags/subdag.py
[2024-03-18 20:02:26,143] {processor.py:161} INFO - Processing /home/sheyla/Documents/Repositórios/apache-airflow-extracao-de-dados/venv/lib/python3.9/site-packages/airflow/example_dags/subdags/subdag.py took 0.035 seconds
[2024-03-18 20:02:58,046] {processor.py:153} INFO - Started process (PID=1993655) to work on /home/sheyla/Documents/Repositórios/apache-airflow-extracao-de-dados/venv/lib/python3.9/site-packages/airflow/example_dags/subdags/subdag.py
[2024-03-18 20:02:58,047] {processor.py:641} INFO - Processing file /home/sheyla/Documents/Repositórios/apache-airflow-extracao-de-dados/venv/lib/python3.9/site-packages/airflow/example_dags/subdags/subdag.py for tasks to queue
[2024-03-18 20:02:58,049] {logging_mixin.py:115} INFO - [2024-03-18 20:02:58,048] {dagbag.py:507} INFO - Filling up the DagBag from /home/sheyla/Documents/Repositórios/apache-airflow-extracao-de-dados/venv/lib/python3.9/site-packages/airflow/example_dags/subdags/subdag.py
[2024-03-18 20:02:58,052] {processor.py:653} WARNING - No viable dags retrieved from /home/sheyla/Documents/Repositórios/apache-airflow-extracao-de-dados/venv/lib/python3.9/site-packages/airflow/example_dags/subdags/subdag.py
[2024-03-18 20:02:58,072] {processor.py:161} INFO - Processing /home/sheyla/Documents/Repositórios/apache-airflow-extracao-de-dados/venv/lib/python3.9/site-packages/airflow/example_dags/subdags/subdag.py took 0.033 seconds
[2024-03-18 20:03:31,589] {processor.py:153} INFO - Started process (PID=1993989) to work on /home/sheyla/Documents/Repositórios/apache-airflow-extracao-de-dados/venv/lib/python3.9/site-packages/airflow/example_dags/subdags/subdag.py
[2024-03-18 20:03:31,590] {processor.py:641} INFO - Processing file /home/sheyla/Documents/Repositórios/apache-airflow-extracao-de-dados/venv/lib/python3.9/site-packages/airflow/example_dags/subdags/subdag.py for tasks to queue
[2024-03-18 20:03:31,591] {logging_mixin.py:115} INFO - [2024-03-18 20:03:31,591] {dagbag.py:507} INFO - Filling up the DagBag from /home/sheyla/Documents/Repositórios/apache-airflow-extracao-de-dados/venv/lib/python3.9/site-packages/airflow/example_dags/subdags/subdag.py
[2024-03-18 20:03:31,594] {processor.py:653} WARNING - No viable dags retrieved from /home/sheyla/Documents/Repositórios/apache-airflow-extracao-de-dados/venv/lib/python3.9/site-packages/airflow/example_dags/subdags/subdag.py
[2024-03-18 20:03:31,614] {processor.py:161} INFO - Processing /home/sheyla/Documents/Repositórios/apache-airflow-extracao-de-dados/venv/lib/python3.9/site-packages/airflow/example_dags/subdags/subdag.py took 0.032 seconds
[2024-03-18 20:04:03,039] {processor.py:153} INFO - Started process (PID=1994298) to work on /home/sheyla/Documents/Repositórios/apache-airflow-extracao-de-dados/venv/lib/python3.9/site-packages/airflow/example_dags/subdags/subdag.py
[2024-03-18 20:04:03,045] {processor.py:641} INFO - Processing file /home/sheyla/Documents/Repositórios/apache-airflow-extracao-de-dados/venv/lib/python3.9/site-packages/airflow/example_dags/subdags/subdag.py for tasks to queue
[2024-03-18 20:04:03,047] {logging_mixin.py:115} INFO - [2024-03-18 20:04:03,046] {dagbag.py:507} INFO - Filling up the DagBag from /home/sheyla/Documents/Repositórios/apache-airflow-extracao-de-dados/venv/lib/python3.9/site-packages/airflow/example_dags/subdags/subdag.py
[2024-03-18 20:04:03,050] {processor.py:653} WARNING - No viable dags retrieved from /home/sheyla/Documents/Repositórios/apache-airflow-extracao-de-dados/venv/lib/python3.9/site-packages/airflow/example_dags/subdags/subdag.py
[2024-03-18 20:04:03,074] {processor.py:161} INFO - Processing /home/sheyla/Documents/Repositórios/apache-airflow-extracao-de-dados/venv/lib/python3.9/site-packages/airflow/example_dags/subdags/subdag.py took 0.037 seconds
[2024-03-18 20:04:36,038] {processor.py:153} INFO - Started process (PID=1994631) to work on /home/sheyla/Documents/Repositórios/apache-airflow-extracao-de-dados/venv/lib/python3.9/site-packages/airflow/example_dags/subdags/subdag.py
[2024-03-18 20:04:36,043] {processor.py:641} INFO - Processing file /home/sheyla/Documents/Repositórios/apache-airflow-extracao-de-dados/venv/lib/python3.9/site-packages/airflow/example_dags/subdags/subdag.py for tasks to queue
[2024-03-18 20:04:36,044] {logging_mixin.py:115} INFO - [2024-03-18 20:04:36,044] {dagbag.py:507} INFO - Filling up the DagBag from /home/sheyla/Documents/Repositórios/apache-airflow-extracao-de-dados/venv/lib/python3.9/site-packages/airflow/example_dags/subdags/subdag.py
[2024-03-18 20:04:36,045] {processor.py:653} WARNING - No viable dags retrieved from /home/sheyla/Documents/Repositórios/apache-airflow-extracao-de-dados/venv/lib/python3.9/site-packages/airflow/example_dags/subdags/subdag.py
[2024-03-18 20:04:36,053] {processor.py:161} INFO - Processing /home/sheyla/Documents/Repositórios/apache-airflow-extracao-de-dados/venv/lib/python3.9/site-packages/airflow/example_dags/subdags/subdag.py took 0.018 seconds
[2024-03-18 20:05:08,163] {processor.py:153} INFO - Started process (PID=1994955) to work on /home/sheyla/Documents/Repositórios/apache-airflow-extracao-de-dados/venv/lib/python3.9/site-packages/airflow/example_dags/subdags/subdag.py
[2024-03-18 20:05:08,163] {processor.py:641} INFO - Processing file /home/sheyla/Documents/Repositórios/apache-airflow-extracao-de-dados/venv/lib/python3.9/site-packages/airflow/example_dags/subdags/subdag.py for tasks to queue
[2024-03-18 20:05:08,164] {logging_mixin.py:115} INFO - [2024-03-18 20:05:08,164] {dagbag.py:507} INFO - Filling up the DagBag from /home/sheyla/Documents/Repositórios/apache-airflow-extracao-de-dados/venv/lib/python3.9/site-packages/airflow/example_dags/subdags/subdag.py
[2024-03-18 20:05:08,164] {processor.py:653} WARNING - No viable dags retrieved from /home/sheyla/Documents/Repositórios/apache-airflow-extracao-de-dados/venv/lib/python3.9/site-packages/airflow/example_dags/subdags/subdag.py
[2024-03-18 20:05:08,172] {processor.py:161} INFO - Processing /home/sheyla/Documents/Repositórios/apache-airflow-extracao-de-dados/venv/lib/python3.9/site-packages/airflow/example_dags/subdags/subdag.py took 0.011 seconds
[2024-03-18 20:05:40,248] {processor.py:153} INFO - Started process (PID=1995287) to work on /home/sheyla/Documents/Repositórios/apache-airflow-extracao-de-dados/venv/lib/python3.9/site-packages/airflow/example_dags/subdags/subdag.py
[2024-03-18 20:05:40,249] {processor.py:641} INFO - Processing file /home/sheyla/Documents/Repositórios/apache-airflow-extracao-de-dados/venv/lib/python3.9/site-packages/airflow/example_dags/subdags/subdag.py for tasks to queue
[2024-03-18 20:05:40,249] {logging_mixin.py:115} INFO - [2024-03-18 20:05:40,249] {dagbag.py:507} INFO - Filling up the DagBag from /home/sheyla/Documents/Repositórios/apache-airflow-extracao-de-dados/venv/lib/python3.9/site-packages/airflow/example_dags/subdags/subdag.py
[2024-03-18 20:05:40,251] {processor.py:653} WARNING - No viable dags retrieved from /home/sheyla/Documents/Repositórios/apache-airflow-extracao-de-dados/venv/lib/python3.9/site-packages/airflow/example_dags/subdags/subdag.py
[2024-03-18 20:05:40,261] {processor.py:161} INFO - Processing /home/sheyla/Documents/Repositórios/apache-airflow-extracao-de-dados/venv/lib/python3.9/site-packages/airflow/example_dags/subdags/subdag.py took 0.017 seconds
[2024-03-18 20:06:14,140] {processor.py:153} INFO - Started process (PID=1995721) to work on /home/sheyla/Documents/Repositórios/apache-airflow-extracao-de-dados/venv/lib/python3.9/site-packages/airflow/example_dags/subdags/subdag.py
[2024-03-18 20:06:14,141] {processor.py:641} INFO - Processing file /home/sheyla/Documents/Repositórios/apache-airflow-extracao-de-dados/venv/lib/python3.9/site-packages/airflow/example_dags/subdags/subdag.py for tasks to queue
[2024-03-18 20:06:14,142] {logging_mixin.py:115} INFO - [2024-03-18 20:06:14,142] {dagbag.py:507} INFO - Filling up the DagBag from /home/sheyla/Documents/Repositórios/apache-airflow-extracao-de-dados/venv/lib/python3.9/site-packages/airflow/example_dags/subdags/subdag.py
[2024-03-18 20:06:14,146] {processor.py:653} WARNING - No viable dags retrieved from /home/sheyla/Documents/Repositórios/apache-airflow-extracao-de-dados/venv/lib/python3.9/site-packages/airflow/example_dags/subdags/subdag.py
[2024-03-18 20:06:14,166] {processor.py:161} INFO - Processing /home/sheyla/Documents/Repositórios/apache-airflow-extracao-de-dados/venv/lib/python3.9/site-packages/airflow/example_dags/subdags/subdag.py took 0.033 seconds
[2024-03-18 20:06:45,872] {processor.py:153} INFO - Started process (PID=1996053) to work on /home/sheyla/Documents/Repositórios/apache-airflow-extracao-de-dados/venv/lib/python3.9/site-packages/airflow/example_dags/subdags/subdag.py
[2024-03-18 20:06:45,878] {processor.py:641} INFO - Processing file /home/sheyla/Documents/Repositórios/apache-airflow-extracao-de-dados/venv/lib/python3.9/site-packages/airflow/example_dags/subdags/subdag.py for tasks to queue
[2024-03-18 20:06:45,878] {logging_mixin.py:115} INFO - [2024-03-18 20:06:45,878] {dagbag.py:507} INFO - Filling up the DagBag from /home/sheyla/Documents/Repositórios/apache-airflow-extracao-de-dados/venv/lib/python3.9/site-packages/airflow/example_dags/subdags/subdag.py
[2024-03-18 20:06:45,880] {processor.py:653} WARNING - No viable dags retrieved from /home/sheyla/Documents/Repositórios/apache-airflow-extracao-de-dados/venv/lib/python3.9/site-packages/airflow/example_dags/subdags/subdag.py
[2024-03-18 20:06:45,891] {processor.py:161} INFO - Processing /home/sheyla/Documents/Repositórios/apache-airflow-extracao-de-dados/venv/lib/python3.9/site-packages/airflow/example_dags/subdags/subdag.py took 0.021 seconds
[2024-03-18 20:07:18,877] {processor.py:153} INFO - Started process (PID=1996385) to work on /home/sheyla/Documents/Repositórios/apache-airflow-extracao-de-dados/venv/lib/python3.9/site-packages/airflow/example_dags/subdags/subdag.py
[2024-03-18 20:07:18,878] {processor.py:641} INFO - Processing file /home/sheyla/Documents/Repositórios/apache-airflow-extracao-de-dados/venv/lib/python3.9/site-packages/airflow/example_dags/subdags/subdag.py for tasks to queue
[2024-03-18 20:07:18,880] {logging_mixin.py:115} INFO - [2024-03-18 20:07:18,879] {dagbag.py:507} INFO - Filling up the DagBag from /home/sheyla/Documents/Repositórios/apache-airflow-extracao-de-dados/venv/lib/python3.9/site-packages/airflow/example_dags/subdags/subdag.py
[2024-03-18 20:07:18,883] {processor.py:653} WARNING - No viable dags retrieved from /home/sheyla/Documents/Repositórios/apache-airflow-extracao-de-dados/venv/lib/python3.9/site-packages/airflow/example_dags/subdags/subdag.py
[2024-03-18 20:07:18,901] {processor.py:161} INFO - Processing /home/sheyla/Documents/Repositórios/apache-airflow-extracao-de-dados/venv/lib/python3.9/site-packages/airflow/example_dags/subdags/subdag.py took 0.031 seconds
[2024-03-18 20:07:50,197] {processor.py:153} INFO - Started process (PID=1997148) to work on /home/sheyla/Documents/Repositórios/apache-airflow-extracao-de-dados/venv/lib/python3.9/site-packages/airflow/example_dags/subdags/subdag.py
[2024-03-18 20:07:50,202] {processor.py:641} INFO - Processing file /home/sheyla/Documents/Repositórios/apache-airflow-extracao-de-dados/venv/lib/python3.9/site-packages/airflow/example_dags/subdags/subdag.py for tasks to queue
[2024-03-18 20:07:50,202] {logging_mixin.py:115} INFO - [2024-03-18 20:07:50,202] {dagbag.py:507} INFO - Filling up the DagBag from /home/sheyla/Documents/Repositórios/apache-airflow-extracao-de-dados/venv/lib/python3.9/site-packages/airflow/example_dags/subdags/subdag.py
[2024-03-18 20:07:50,203] {processor.py:653} WARNING - No viable dags retrieved from /home/sheyla/Documents/Repositórios/apache-airflow-extracao-de-dados/venv/lib/python3.9/site-packages/airflow/example_dags/subdags/subdag.py
[2024-03-18 20:07:50,210] {processor.py:161} INFO - Processing /home/sheyla/Documents/Repositórios/apache-airflow-extracao-de-dados/venv/lib/python3.9/site-packages/airflow/example_dags/subdags/subdag.py took 0.015 seconds
[2024-03-18 20:08:22,076] {processor.py:153} INFO - Started process (PID=1997883) to work on /home/sheyla/Documents/Repositórios/apache-airflow-extracao-de-dados/venv/lib/python3.9/site-packages/airflow/example_dags/subdags/subdag.py
[2024-03-18 20:08:22,077] {processor.py:641} INFO - Processing file /home/sheyla/Documents/Repositórios/apache-airflow-extracao-de-dados/venv/lib/python3.9/site-packages/airflow/example_dags/subdags/subdag.py for tasks to queue
[2024-03-18 20:08:22,077] {logging_mixin.py:115} INFO - [2024-03-18 20:08:22,077] {dagbag.py:507} INFO - Filling up the DagBag from /home/sheyla/Documents/Repositórios/apache-airflow-extracao-de-dados/venv/lib/python3.9/site-packages/airflow/example_dags/subdags/subdag.py
[2024-03-18 20:08:22,078] {processor.py:653} WARNING - No viable dags retrieved from /home/sheyla/Documents/Repositórios/apache-airflow-extracao-de-dados/venv/lib/python3.9/site-packages/airflow/example_dags/subdags/subdag.py
[2024-03-18 20:08:22,085] {processor.py:161} INFO - Processing /home/sheyla/Documents/Repositórios/apache-airflow-extracao-de-dados/venv/lib/python3.9/site-packages/airflow/example_dags/subdags/subdag.py took 0.010 seconds
[2024-03-18 20:08:55,884] {processor.py:153} INFO - Started process (PID=1998580) to work on /home/sheyla/Documents/Repositórios/apache-airflow-extracao-de-dados/venv/lib/python3.9/site-packages/airflow/example_dags/subdags/subdag.py
[2024-03-18 20:08:55,890] {processor.py:641} INFO - Processing file /home/sheyla/Documents/Repositórios/apache-airflow-extracao-de-dados/venv/lib/python3.9/site-packages/airflow/example_dags/subdags/subdag.py for tasks to queue
[2024-03-18 20:08:55,890] {logging_mixin.py:115} INFO - [2024-03-18 20:08:55,890] {dagbag.py:507} INFO - Filling up the DagBag from /home/sheyla/Documents/Repositórios/apache-airflow-extracao-de-dados/venv/lib/python3.9/site-packages/airflow/example_dags/subdags/subdag.py
[2024-03-18 20:08:55,891] {processor.py:653} WARNING - No viable dags retrieved from /home/sheyla/Documents/Repositórios/apache-airflow-extracao-de-dados/venv/lib/python3.9/site-packages/airflow/example_dags/subdags/subdag.py
[2024-03-18 20:08:55,898] {processor.py:161} INFO - Processing /home/sheyla/Documents/Repositórios/apache-airflow-extracao-de-dados/venv/lib/python3.9/site-packages/airflow/example_dags/subdags/subdag.py took 0.015 seconds
